E683  78        SEI  A:00 X:00 Y:00 P:24 SP:FD
E684  4C 12 EB  JMP  A:00 X:00 Y:00 P:24 SP:FD
EB12  8D 24 02  STA  A:00 X:00 Y:00 P:24 SP:FD
EB15  A9 00     LDA  A:00 X:00 Y:00 P:24 SP:FD
EB17  8D 00 20  STA  A:00 X:00 Y:00 P:26 SP:FD
EB1A  8D 01 20  STA  A:00 X:00 Y:00 P:26 SP:FD
EB1D  4C 87 E6  JMP  A:00 X:00 Y:00 P:26 SP:FD
E687  78        SEI  A:00 X:00 Y:00 P:26 SP:FD
E688  D8        CLD  A:00 X:00 Y:00 P:26 SP:FD
E689  A2 FF     LDX  A:00 X:00 Y:00 P:26 SP:FD
E68B  9A        TXS  A:00 X:FF Y:00 P:A4 SP:FD
E68C  E8        INX  A:00 X:FF Y:00 P:A4 SP:FF
E68D  8E 00 20  STX  A:00 X:00 Y:00 P:26 SP:FF
E690  20 A2 E6  JSR  A:00 X:00 Y:00 P:26 SP:FF
E6A2  20 71 E7  JSR  A:00 X:00 Y:00 P:26 SP:FD
E771  A9 00     LDA  A:00 X:00 Y:00 P:26 SP:FB
E773  A0 20     LDY  A:00 X:00 Y:00 P:26 SP:FB
E775  A2 01     LDX  A:00 X:00 Y:20 P:24 SP:FB
E777  84 0E     STY  A:00 X:01 Y:20 P:24 SP:FB
E779  86 0F     STX  A:00 X:01 Y:20 P:24 SP:FB
E77B  A0 E0     LDY  A:00 X:01 Y:20 P:24 SP:FB
E77D  A2 FF     LDX  A:00 X:01 Y:E0 P:A4 SP:FB
E77F  91 0E     STA  A:00 X:FF Y:E0 P:A4 SP:FB
E781  C8        INY  A:00 X:FF Y:E0 P:A4 SP:FB
E782  D0 FB     BNE  A:00 X:FF Y:E1 P:A4 SP:FB
E77F  91 0E     STA  A:00 X:FF Y:E1 P:A4 SP:FB
E781  C8        INY  A:00 X:FF Y:E1 P:A4 SP:FB
E782  D0 FB     BNE  A:00 X:FF Y:E2 P:A4 SP:FB
E77F  91 0E     STA  A:00 X:FF Y:E2 P:A4 SP:FB
E781  C8        INY  A:00 X:FF Y:E2 P:A4 SP:FB
E782  D0 FB     BNE  A:00 X:FF Y:E3 P:A4 SP:FB
E77F  91 0E     STA  A:00 X:FF Y:E3 P:A4 SP:FB
E781  C8        INY  A:00 X:FF Y:E3 P:A4 SP:FB
E782  D0 FB     BNE  A:00 X:FF Y:E4 P:A4 SP:FB
E77F  91 0E     STA  A:00 X:FF Y:E4 P:A4 SP:FB
E781  C8        INY  A:00 X:FF Y:E4 P:A4 SP:FB
E782  D0 FB     BNE  A:00 X:FF Y:E5 P:A4 SP:FB
E77F  91 0E     STA  A:00 X:FF Y:E5 P:A4 SP:FB
E781  C8        INY  A:00 X:FF Y:E5 P:A4 SP:FB
E782  D0 FB     BNE  A:00 X:FF Y:E6 P:A4 SP:FB
E77F  91 0E     STA  A:00 X:FF Y:E6 P:A4 SP:FB
E781  C8        INY  A:00 X:FF Y:E6 P:A4 SP:FB
E782  D0 FB     BNE  A:00 X:FF Y:E7 P:A4 SP:FB
E77F  91 0E     STA  A:00 X:FF Y:E7 P:A4 SP:FB
E781  C8        INY  A:00 X:FF Y:E7 P:A4 SP:FB
E782  D0 FB     BNE  A:00 X:FF Y:E8 P:A4 SP:FB
E77F  91 0E     STA  A:00 X:FF Y:E8 P:A4 SP:FB
E781  C8        INY  A:00 X:FF Y:E8 P:A4 SP:FB
E782  D0 FB     BNE  A:00 X:FF Y:E9 P:A4 SP:FB
E77F  91 0E     STA  A:00 X:FF Y:E9 P:A4 SP:FB
E781  C8        INY  A:00 X:FF Y:E9 P:A4 SP:FB
E782  D0 FB     BNE  A:00 X:FF Y:EA P:A4 SP:FB
E77F  91 0E     STA  A:00 X:FF Y:EA P:A4 SP:FB
E781  C8        INY  A:00 X:FF Y:EA P:A4 SP:FB
E782  D0 FB     BNE  A:00 X:FF Y:EB P:A4 SP:FB
E77F  91 0E     STA  A:00 X:FF Y:EB P:A4 SP:FB
E781  C8        INY  A:00 X:FF Y:EB P:A4 SP:FB
E782  D0 FB     BNE  A:00 X:FF Y:EC P:A4 SP:FB
E77F  91 0E     STA  A:00 X:FF Y:EC P:A4 SP:FB
E781  C8        INY  A:00 X:FF Y:EC P:A4 SP:FB
E782  D0 FB     BNE  A:00 X:FF Y:ED P:A4 SP:FB
E77F  91 0E     STA  A:00 X:FF Y:ED P:A4 SP:FB
E781  C8        INY  A:00 X:FF Y:ED P:A4 SP:FB
E782  D0 FB     BNE  A:00 X:FF Y:EE P:A4 SP:FB
E77F  91 0E     STA  A:00 X:FF Y:EE P:A4 SP:FB
E781  C8        INY  A:00 X:FF Y:EE P:A4 SP:FB
E782  D0 FB     BNE  A:00 X:FF Y:EF P:A4 SP:FB
E77F  91 0E     STA  A:00 X:FF Y:EF P:A4 SP:FB
E781  C8        INY  A:00 X:FF Y:EF P:A4 SP:FB
E782  D0 FB     BNE  A:00 X:FF Y:F0 P:A4 SP:FB
E77F  91 0E     STA  A:00 X:FF Y:F0 P:A4 SP:FB
E781  C8        INY  A:00 X:FF Y:F0 P:A4 SP:FB
E782  D0 FB     BNE  A:00 X:FF Y:F1 P:A4 SP:FB
E77F  91 0E     STA  A:00 X:FF Y:F1 P:A4 SP:FB
E781  C8        INY  A:00 X:FF Y:F1 P:A4 SP:FB
E782  D0 FB     BNE  A:00 X:FF Y:F2 P:A4 SP:FB
E77F  91 0E     STA  A:00 X:FF Y:F2 P:A4 SP:FB
E781  C8        INY  A:00 X:FF Y:F2 P:A4 SP:FB
E782  D0 FB     BNE  A:00 X:FF Y:F3 P:A4 SP:FB
E77F  91 0E     STA  A:00 X:FF Y:F3 P:A4 SP:FB
E781  C8        INY  A:00 X:FF Y:F3 P:A4 SP:FB
E782  D0 FB     BNE  A:00 X:FF Y:F4 P:A4 SP:FB
E77F  91 0E     STA  A:00 X:FF Y:F4 P:A4 SP:FB
E781  C8        INY  A:00 X:FF Y:F4 P:A4 SP:FB
E782  D0 FB     BNE  A:00 X:FF Y:F5 P:A4 SP:FB
E77F  91 0E     STA  A:00 X:FF Y:F5 P:A4 SP:FB
E781  C8        INY  A:00 X:FF Y:F5 P:A4 SP:FB
E782  D0 FB     BNE  A:00 X:FF Y:F6 P:A4 SP:FB
E77F  91 0E     STA  A:00 X:FF Y:F6 P:A4 SP:FB
E781  C8        INY  A:00 X:FF Y:F6 P:A4 SP:FB
E782  D0 FB     BNE  A:00 X:FF Y:F7 P:A4 SP:FB
E77F  91 0E     STA  A:00 X:FF Y:F7 P:A4 SP:FB
E781  C8        INY  A:00 X:FF Y:F7 P:A4 SP:FB
E782  D0 FB     BNE  A:00 X:FF Y:F8 P:A4 SP:FB
E77F  91 0E     STA  A:00 X:FF Y:F8 P:A4 SP:FB
E781  C8        INY  A:00 X:FF Y:F8 P:A4 SP:FB
E782  D0 FB     BNE  A:00 X:FF Y:F9 P:A4 SP:FB
E77F  91 0E     STA  A:00 X:FF Y:F9 P:A4 SP:FB
E781  C8        INY  A:00 X:FF Y:F9 P:A4 SP:FB
E782  D0 FB     BNE  A:00 X:FF Y:FA P:A4 SP:FB
E77F  91 0E     STA  A:00 X:FF Y:FA P:A4 SP:FB
E781  C8        INY  A:00 X:FF Y:FA P:A4 SP:FB
E782  D0 FB     BNE  A:00 X:FF Y:FB P:A4 SP:FB
E77F  91 0E     STA  A:00 X:FF Y:FB P:A4 SP:FB
E781  C8        INY  A:00 X:FF Y:FB P:A4 SP:FB
E782  D0 FB     BNE  A:00 X:FF Y:FC P:A4 SP:FB
E77F  91 0E     STA  A:00 X:FF Y:FC P:A4 SP:FB
E781  C8        INY  A:00 X:FF Y:FC P:A4 SP:FB
E782  D0 FB     BNE  A:00 X:FF Y:FD P:A4 SP:FB
E77F  91 0E     STA  A:00 X:FF Y:FD P:A4 SP:FB
E781  C8        INY  A:00 X:FF Y:FD P:A4 SP:FB
E782  D0 FB     BNE  A:00 X:FF Y:FE P:A4 SP:FB
E77F  91 0E     STA  A:00 X:FF Y:FE P:A4 SP:FB
E781  C8        INY  A:00 X:FF Y:FE P:A4 SP:FB
E782  D0 FB     BNE  A:00 X:FF Y:FF P:A4 SP:FB
E77F  91 0E     STA  A:00 X:FF Y:FF P:A4 SP:FB
E781  C8        INY  A:00 X:FF Y:FF P:A4 SP:FB
E782  D0 FB     BNE  A:00 X:FF Y:00 P:26 SP:FB
E784  E6 0F     INC  A:00 X:FF Y:00 P:26 SP:FB
E786  E8        INX  A:00 X:FF Y:00 P:24 SP:FB
E787  D0 F6     BNE  A:00 X:00 Y:00 P:26 SP:FB
E789  A0 00     LDY  A:00 X:00 Y:00 P:26 SP:FB
E78B  A2 02     LDX  A:00 X:00 Y:00 P:26 SP:FB
E78D  84 0E     STY  A:00 X:02 Y:00 P:24 SP:FB
E78F  86 0F     STX  A:00 X:02 Y:00 P:24 SP:FB
E791  A0 25     LDY  A:00 X:02 Y:00 P:24 SP:FB
E793  A2 FA     LDX  A:00 X:02 Y:25 P:24 SP:FB
E795  91 0E     STA  A:00 X:FA Y:25 P:A4 SP:FB
E797  C8        INY  A:00 X:FA Y:25 P:A4 SP:FB
E798  D0 FB     BNE  A:00 X:FA Y:26 P:24 SP:FB
E795  91 0E     STA  A:00 X:FA Y:26 P:24 SP:FB
E797  C8        INY  A:00 X:FA Y:26 P:24 SP:FB
E798  D0 FB     BNE  A:00 X:FA Y:27 P:24 SP:FB
E795  91 0E     STA  A:00 X:FA Y:27 P:24 SP:FB
E797  C8        INY  A:00 X:FA Y:27 P:24 SP:FB
E798  D0 FB     BNE  A:00 X:FA Y:28 P:24 SP:FB
E795  91 0E     STA  A:00 X:FA Y:28 P:24 SP:FB
E797  C8        INY  A:00 X:FA Y:28 P:24 SP:FB
E798  D0 FB     BNE  A:00 X:FA Y:29 P:24 SP:FB
E795  91 0E     STA  A:00 X:FA Y:29 P:24 SP:FB
E797  C8        INY  A:00 X:FA Y:29 P:24 SP:FB
E798  D0 FB     BNE  A:00 X:FA Y:2A P:24 SP:FB
E795  91 0E     STA  A:00 X:FA Y:2A P:24 SP:FB
E797  C8        INY  A:00 X:FA Y:2A P:24 SP:FB
E798  D0 FB     BNE  A:00 X:FA Y:2B P:24 SP:FB
E795  91 0E     STA  A:00 X:FA Y:2B P:24 SP:FB
E797  C8        INY  A:00 X:FA Y:2B P:24 SP:FB
E798  D0 FB     BNE  A:00 X:FA Y:2C P:24 SP:FB
E795  91 0E     STA  A:00 X:FA Y:2C P:24 SP:FB
E797  C8        INY  A:00 X:FA Y:2C P:24 SP:FB
E798  D0 FB     BNE  A:00 X:FA Y:2D P:24 SP:FB
E795  91 0E     STA  A:00 X:FA Y:2D P:24 SP:FB
E797  C8        INY  A:00 X:FA Y:2D P:24 SP:FB
E798  D0 FB     BNE  A:00 X:FA Y:2E P:24 SP:FB
E795  91 0E     STA  A:00 X:FA Y:2E P:24 SP:FB
E797  C8        INY  A:00 X:FA Y:2E P:24 SP:FB
E798  D0 FB     BNE  A:00 X:FA Y:2F P:24 SP:FB
E795  91 0E     STA  A:00 X:FA Y:2F P:24 SP:FB
E797  C8        INY  A:00 X:FA Y:2F P:24 SP:FB
E798  D0 FB     BNE  A:00 X:FA Y:30 P:24 SP:FB
E795  91 0E     STA  A:00 X:FA Y:30 P:24 SP:FB
E797  C8        INY  A:00 X:FA Y:30 P:24 SP:FB
E798  D0 FB     BNE  A:00 X:FA Y:31 P:24 SP:FB
E795  91 0E     STA  A:00 X:FA Y:31 P:24 SP:FB
E797  C8        INY  A:00 X:FA Y:31 P:24 SP:FB
E798  D0 FB     BNE  A:00 X:FA Y:32 P:24 SP:FB
E795  91 0E     STA  A:00 X:FA Y:32 P:24 SP:FB
E797  C8        INY  A:00 X:FA Y:32 P:24 SP:FB
E798  D0 FB     BNE  A:00 X:FA Y:33 P:24 SP:FB
E795  91 0E     STA  A:00 X:FA Y:33 P:24 SP:FB
E797  C8        INY  A:00 X:FA Y:33 P:24 SP:FB
E798  D0 FB     BNE  A:00 X:FA Y:34 P:24 SP:FB
E795  91 0E     STA  A:00 X:FA Y:34 P:24 SP:FB
E797  C8        INY  A:00 X:FA Y:34 P:24 SP:FB
E798  D0 FB     BNE  A:00 X:FA Y:35 P:24 SP:FB
E795  91 0E     STA  A:00 X:FA Y:35 P:24 SP:FB
E797  C8        INY  A:00 X:FA Y:35 P:24 SP:FB
E798  D0 FB     BNE  A:00 X:FA Y:36 P:24 SP:FB
E795  91 0E     STA  A:00 X:FA Y:36 P:24 SP:FB
E797  C8        INY  A:00 X:FA Y:36 P:24 SP:FB
E798  D0 FB     BNE  A:00 X:FA Y:37 P:24 SP:FB
E795  91 0E     STA  A:00 X:FA Y:37 P:24 SP:FB
E797  C8        INY  A:00 X:FA Y:37 P:24 SP:FB
E798  D0 FB     BNE  A:00 X:FA Y:38 P:24 SP:FB
E795  91 0E     STA  A:00 X:FA Y:38 P:24 SP:FB
E797  C8        INY  A:00 X:FA Y:38 P:24 SP:FB
E798  D0 FB     BNE  A:00 X:FA Y:39 P:24 SP:FB
E795  91 0E     STA  A:00 X:FA Y:39 P:24 SP:FB
E797  C8        INY  A:00 X:FA Y:39 P:24 SP:FB
E798  D0 FB     BNE  A:00 X:FA Y:3A P:24 SP:FB
E795  91 0E     STA  A:00 X:FA Y:3A P:24 SP:FB
E797  C8        INY  A:00 X:FA Y:3A P:24 SP:FB
E798  D0 FB     BNE  A:00 X:FA Y:3B P:24 SP:FB
E795  91 0E     STA  A:00 X:FA Y:3B P:24 SP:FB
E797  C8        INY  A:00 X:FA Y:3B P:24 SP:FB
E798  D0 FB     BNE  A:00 X:FA Y:3C P:24 SP:FB
E795  91 0E     STA  A:00 X:FA Y:3C P:24 SP:FB
E797  C8        INY  A:00 X:FA Y:3C P:24 SP:FB
E798  D0 FB     BNE  A:00 X:FA Y:3D P:24 SP:FB
E795  91 0E     STA  A:00 X:FA Y:3D P:24 SP:FB
E797  C8        INY  A:00 X:FA Y:3D P:24 SP:FB
E798  D0 FB     BNE  A:00 X:FA Y:3E P:24 SP:FB
E795  91 0E     STA  A:00 X:FA Y:3E P:24 SP:FB
E797  C8        INY  A:00 X:FA Y:3E P:24 SP:FB
E798  D0 FB     BNE  A:00 X:FA Y:3F P:24 SP:FB
E795  91 0E     STA  A:00 X:FA Y:3F P:24 SP:FB
E797  C8        INY  A:00 X:FA Y:3F P:24 SP:FB
E798  D0 FB     BNE  A:00 X:FA Y:40 P:24 SP:FB
E795  91 0E     STA  A:00 X:FA Y:40 P:24 SP:FB
E797  C8        INY  A:00 X:FA Y:40 P:24 SP:FB
E798  D0 FB     BNE  A:00 X:FA Y:41 P:24 SP:FB
E795  91 0E     STA  A:00 X:FA Y:41 P:24 SP:FB
E797  C8        INY  A:00 X:FA Y:41 P:24 SP:FB
E798  D0 FB     BNE  A:00 X:FA Y:42 P:24 SP:FB
E795  91 0E     STA  A:00 X:FA Y:42 P:24 SP:FB
E797  C8        INY  A:00 X:FA Y:42 P:24 SP:FB
E798  D0 FB     BNE  A:00 X:FA Y:43 P:24 SP:FB
E795  91 0E     STA  A:00 X:FA Y:43 P:24 SP:FB
E797  C8        INY  A:00 X:FA Y:43 P:24 SP:FB
E798  D0 FB     BNE  A:00 X:FA Y:44 P:24 SP:FB
E795  91 0E     STA  A:00 X:FA Y:44 P:24 SP:FB
E797  C8        INY  A:00 X:FA Y:44 P:24 SP:FB
E798  D0 FB     BNE  A:00 X:FA Y:45 P:24 SP:FB
E795  91 0E     STA  A:00 X:FA Y:45 P:24 SP:FB
E797  C8        INY  A:00 X:FA Y:45 P:24 SP:FB
E798  D0 FB     BNE  A:00 X:FA Y:46 P:24 SP:FB
E795  91 0E     STA  A:00 X:FA Y:46 P:24 SP:FB
E797  C8        INY  A:00 X:FA Y:46 P:24 SP:FB
E798  D0 FB     BNE  A:00 X:FA Y:47 P:24 SP:FB
E795  91 0E     STA  A:00 X:FA Y:47 P:24 SP:FB
E797  C8        INY  A:00 X:FA Y:47 P:24 SP:FB
E798  D0 FB     BNE  A:00 X:FA Y:48 P:24 SP:FB
E795  91 0E     STA  A:00 X:FA Y:48 P:24 SP:FB
E797  C8        INY  A:00 X:FA Y:48 P:24 SP:FB
E798  D0 FB     BNE  A:00 X:FA Y:49 P:24 SP:FB
E795  91 0E     STA  A:00 X:FA Y:49 P:24 SP:FB
E797  C8        INY  A:00 X:FA Y:49 P:24 SP:FB
E798  D0 FB     BNE  A:00 X:FA Y:4A P:24 SP:FB
E795  91 0E     STA  A:00 X:FA Y:4A P:24 SP:FB
E797  C8        INY  A:00 X:FA Y:4A P:24 SP:FB
E798  D0 FB     BNE  A:00 X:FA Y:4B P:24 SP:FB
E795  91 0E     STA  A:00 X:FA Y:4B P:24 SP:FB
E797  C8        INY  A:00 X:FA Y:4B P:24 SP:FB
E798  D0 FB     BNE  A:00 X:FA Y:4C P:24 SP:FB
E795  91 0E     STA  A:00 X:FA Y:4C P:24 SP:FB
E797  C8        INY  A:00 X:FA Y:4C P:24 SP:FB
E798  D0 FB     BNE  A:00 X:FA Y:4D P:24 SP:FB
E795  91 0E     STA  A:00 X:FA Y:4D P:24 SP:FB
E797  C8        INY  A:00 X:FA Y:4D P:24 SP:FB
E798  D0 FB     BNE  A:00 X:FA Y:4E P:24 SP:FB
E795  91 0E     STA  A:00 X:FA Y:4E P:24 SP:FB
E797  C8        INY  A:00 X:FA Y:4E P:24 SP:FB
E798  D0 FB     BNE  A:00 X:FA Y:4F P:24 SP:FB
E795  91 0E     STA  A:00 X:FA Y:4F P:24 SP:FB
E797  C8        INY  A:00 X:FA Y:4F P:24 SP:FB
E798  D0 FB     BNE  A:00 X:FA Y:50 P:24 SP:FB
E795  91 0E     STA  A:00 X:FA Y:50 P:24 SP:FB
E797  C8        INY  A:00 X:FA Y:50 P:24 SP:FB
E798  D0 FB     BNE  A:00 X:FA Y:51 P:24 SP:FB
E795  91 0E     STA  A:00 X:FA Y:51 P:24 SP:FB
E797  C8        INY  A:00 X:FA Y:51 P:24 SP:FB
E798  D0 FB     BNE  A:00 X:FA Y:52 P:24 SP:FB
E795  91 0E     STA  A:00 X:FA Y:52 P:24 SP:FB
E797  C8        INY  A:00 X:FA Y:52 P:24 SP:FB
E798  D0 FB     BNE  A:00 X:FA Y:53 P:24 SP:FB
E795  91 0E     STA  A:00 X:FA Y:53 P:24 SP:FB
E797  C8        INY  A:00 X:FA Y:53 P:24 SP:FB
E798  D0 FB     BNE  A:00 X:FA Y:54 P:24 SP:FB
E795  91 0E     STA  A:00 X:FA Y:54 P:24 SP:FB
E797  C8        INY  A:00 X:FA Y:54 P:24 SP:FB
E798  D0 FB     BNE  A:00 X:FA Y:55 P:24 SP:FB
E795  91 0E     STA  A:00 X:FA Y:55 P:24 SP:FB
E797  C8        INY  A:00 X:FA Y:55 P:24 SP:FB
E798  D0 FB     BNE  A:00 X:FA Y:56 P:24 SP:FB
E795  91 0E     STA  A:00 X:FA Y:56 P:24 SP:FB
E797  C8        INY  A:00 X:FA Y:56 P:24 SP:FB
E798  D0 FB     BNE  A:00 X:FA Y:57 P:24 SP:FB
E795  91 0E     STA  A:00 X:FA Y:57 P:24 SP:FB
E797  C8        INY  A:00 X:FA Y:57 P:24 SP:FB
E798  D0 FB     BNE  A:00 X:FA Y:58 P:24 SP:FB
E795  91 0E     STA  A:00 X:FA Y:58 P:24 SP:FB
E797  C8        INY  A:00 X:FA Y:58 P:24 SP:FB
E798  D0 FB     BNE  A:00 X:FA Y:59 P:24 SP:FB
E795  91 0E     STA  A:00 X:FA Y:59 P:24 SP:FB
E797  C8        INY  A:00 X:FA Y:59 P:24 SP:FB
E798  D0 FB     BNE  A:00 X:FA Y:5A P:24 SP:FB
E795  91 0E     STA  A:00 X:FA Y:5A P:24 SP:FB
E797  C8        INY  A:00 X:FA Y:5A P:24 SP:FB
E798  D0 FB     BNE  A:00 X:FA Y:5B P:24 SP:FB
E795  91 0E     STA  A:00 X:FA Y:5B P:24 SP:FB
E797  C8        INY  A:00 X:FA Y:5B P:24 SP:FB
E798  D0 FB     BNE  A:00 X:FA Y:5C P:24 SP:FB
E795  91 0E     STA  A:00 X:FA Y:5C P:24 SP:FB
E797  C8        INY  A:00 X:FA Y:5C P:24 SP:FB
E798  D0 FB     BNE  A:00 X:FA Y:5D P:24 SP:FB
E795  91 0E     STA  A:00 X:FA Y:5D P:24 SP:FB
E797  C8        INY  A:00 X:FA Y:5D P:24 SP:FB
E798  D0 FB     BNE  A:00 X:FA Y:5E P:24 SP:FB
E795  91 0E     STA  A:00 X:FA Y:5E P:24 SP:FB
E797  C8        INY  A:00 X:FA Y:5E P:24 SP:FB
E798  D0 FB     BNE  A:00 X:FA Y:5F P:24 SP:FB
E795  91 0E     STA  A:00 X:FA Y:5F P:24 SP:FB
E797  C8        INY  A:00 X:FA Y:5F P:24 SP:FB
E798  D0 FB     BNE  A:00 X:FA Y:60 P:24 SP:FB
E795  91 0E     STA  A:00 X:FA Y:60 P:24 SP:FB
E797  C8        INY  A:00 X:FA Y:60 P:24 SP:FB
E798  D0 FB     BNE  A:00 X:FA Y:61 P:24 SP:FB
E795  91 0E     STA  A:00 X:FA Y:61 P:24 SP:FB
E797  C8        INY  A:00 X:FA Y:61 P:24 SP:FB
E798  D0 FB     BNE  A:00 X:FA Y:62 P:24 SP:FB
E795  91 0E     STA  A:00 X:FA Y:62 P:24 SP:FB
E797  C8        INY  A:00 X:FA Y:62 P:24 SP:FB
E798  D0 FB     BNE  A:00 X:FA Y:63 P:24 SP:FB
E795  91 0E     STA  A:00 X:FA Y:63 P:24 SP:FB
E797  C8        INY  A:00 X:FA Y:63 P:24 SP:FB
E798  D0 FB     BNE  A:00 X:FA Y:64 P:24 SP:FB
E795  91 0E     STA  A:00 X:FA Y:64 P:24 SP:FB
E797  C8        INY  A:00 X:FA Y:64 P:24 SP:FB
E798  D0 FB     BNE  A:00 X:FA Y:65 P:24 SP:FB
E795  91 0E     STA  A:00 X:FA Y:65 P:24 SP:FB
E797  C8        INY  A:00 X:FA Y:65 P:24 SP:FB
E798  D0 FB     BNE  A:00 X:FA Y:66 P:24 SP:FB
E795  91 0E     STA  A:00 X:FA Y:66 P:24 SP:FB
E797  C8        INY  A:00 X:FA Y:66 P:24 SP:FB
E798  D0 FB     BNE  A:00 X:FA Y:67 P:24 SP:FB
E795  91 0E     STA  A:00 X:FA Y:67 P:24 SP:FB
E797  C8        INY  A:00 X:FA Y:67 P:24 SP:FB
E798  D0 FB     BNE  A:00 X:FA Y:68 P:24 SP:FB
E795  91 0E     STA  A:00 X:FA Y:68 P:24 SP:FB
E797  C8        INY  A:00 X:FA Y:68 P:24 SP:FB
E798  D0 FB     BNE  A:00 X:FA Y:69 P:24 SP:FB
E795  91 0E     STA  A:00 X:FA Y:69 P:24 SP:FB
E797  C8        INY  A:00 X:FA Y:69 P:24 SP:FB
E798  D0 FB     BNE  A:00 X:FA Y:6A P:24 SP:FB
E795  91 0E     STA  A:00 X:FA Y:6A P:24 SP:FB
E797  C8        INY  A:00 X:FA Y:6A P:24 SP:FB
E798  D0 FB     BNE  A:00 X:FA Y:6B P:24 SP:FB
E795  91 0E     STA  A:00 X:FA Y:6B P:24 SP:FB
E797  C8        INY  A:00 X:FA Y:6B P:24 SP:FB
E798  D0 FB     BNE  A:00 X:FA Y:6C P:24 SP:FB
E795  91 0E     STA  A:00 X:FA Y:6C P:24 SP:FB
E797  C8        INY  A:00 X:FA Y:6C P:24 SP:FB
E798  D0 FB     BNE  A:00 X:FA Y:6D P:24 SP:FB
E795  91 0E     STA  A:00 X:FA Y:6D P:24 SP:FB
E797  C8        INY  A:00 X:FA Y:6D P:24 SP:FB
E798  D0 FB     BNE  A:00 X:FA Y:6E P:24 SP:FB
E795  91 0E     STA  A:00 X:FA Y:6E P:24 SP:FB
E797  C8        INY  A:00 X:FA Y:6E P:24 SP:FB
E798  D0 FB     BNE  A:00 X:FA Y:6F P:24 SP:FB
E795  91 0E     STA  A:00 X:FA Y:6F P:24 SP:FB
E797  C8        INY  A:00 X:FA Y:6F P:24 SP:FB
E798  D0 FB     BNE  A:00 X:FA Y:70 P:24 SP:FB
E795  91 0E     STA  A:00 X:FA Y:70 P:24 SP:FB
E797  C8        INY  A:00 X:FA Y:70 P:24 SP:FB
E798  D0 FB     BNE  A:00 X:FA Y:71 P:24 SP:FB
E795  91 0E     STA  A:00 X:FA Y:71 P:24 SP:FB
E797  C8        INY  A:00 X:FA Y:71 P:24 SP:FB
E798  D0 FB     BNE  A:00 X:FA Y:72 P:24 SP:FB
E795  91 0E     STA  A:00 X:FA Y:72 P:24 SP:FB
E797  C8        INY  A:00 X:FA Y:72 P:24 SP:FB
E798  D0 FB     BNE  A:00 X:FA Y:73 P:24 SP:FB
E795  91 0E     STA  A:00 X:FA Y:73 P:24 SP:FB
E797  C8        INY  A:00 X:FA Y:73 P:24 SP:FB
E798  D0 FB     BNE  A:00 X:FA Y:74 P:24 SP:FB
E795  91 0E     STA  A:00 X:FA Y:74 P:24 SP:FB
E797  C8        INY  A:00 X:FA Y:74 P:24 SP:FB
E798  D0 FB     BNE  A:00 X:FA Y:75 P:24 SP:FB
E795  91 0E     STA  A:00 X:FA Y:75 P:24 SP:FB
E797  C8        INY  A:00 X:FA Y:75 P:24 SP:FB
E798  D0 FB     BNE  A:00 X:FA Y:76 P:24 SP:FB
E795  91 0E     STA  A:00 X:FA Y:76 P:24 SP:FB
E797  C8        INY  A:00 X:FA Y:76 P:24 SP:FB
E798  D0 FB     BNE  A:00 X:FA Y:77 P:24 SP:FB
E795  91 0E     STA  A:00 X:FA Y:77 P:24 SP:FB
E797  C8        INY  A:00 X:FA Y:77 P:24 SP:FB
E798  D0 FB     BNE  A:00 X:FA Y:78 P:24 SP:FB
E795  91 0E     STA  A:00 X:FA Y:78 P:24 SP:FB
E797  C8        INY  A:00 X:FA Y:78 P:24 SP:FB
E798  D0 FB     BNE  A:00 X:FA Y:79 P:24 SP:FB
E795  91 0E     STA  A:00 X:FA Y:79 P:24 SP:FB
E797  C8        INY  A:00 X:FA Y:79 P:24 SP:FB
E798  D0 FB     BNE  A:00 X:FA Y:7A P:24 SP:FB
E795  91 0E     STA  A:00 X:FA Y:7A P:24 SP:FB
E797  C8        INY  A:00 X:FA Y:7A P:24 SP:FB
E798  D0 FB     BNE  A:00 X:FA Y:7B P:24 SP:FB
E795  91 0E     STA  A:00 X:FA Y:7B P:24 SP:FB
E797  C8        INY  A:00 X:FA Y:7B P:24 SP:FB
E798  D0 FB     BNE  A:00 X:FA Y:7C P:24 SP:FB
E795  91 0E     STA  A:00 X:FA Y:7C P:24 SP:FB
E797  C8        INY  A:00 X:FA Y:7C P:24 SP:FB
E798  D0 FB     BNE  A:00 X:FA Y:7D P:24 SP:FB
E795  91 0E     STA  A:00 X:FA Y:7D P:24 SP:FB
E797  C8        INY  A:00 X:FA Y:7D P:24 SP:FB
E798  D0 FB     BNE  A:00 X:FA Y:7E P:24 SP:FB
E795  91 0E     STA  A:00 X:FA Y:7E P:24 SP:FB
E797  C8        INY  A:00 X:FA Y:7E P:24 SP:FB
E798  D0 FB     BNE  A:00 X:FA Y:7F P:24 SP:FB
E795  91 0E     STA  A:00 X:FA Y:7F P:24 SP:FB
E797  C8        INY  A:00 X:FA Y:7F P:24 SP:FB
E798  D0 FB     BNE  A:00 X:FA Y:80 P:A4 SP:FB
E795  91 0E     STA  A:00 X:FA Y:80 P:A4 SP:FB
E797  C8        INY  A:00 X:FA Y:80 P:A4 SP:FB
E798  D0 FB     BNE  A:00 X:FA Y:81 P:A4 SP:FB
E795  91 0E     STA  A:00 X:FA Y:81 P:A4 SP:FB
E797  C8        INY  A:00 X:FA Y:81 P:A4 SP:FB
E798  D0 FB     BNE  A:00 X:FA Y:82 P:A4 SP:FB
E795  91 0E     STA  A:00 X:FA Y:82 P:A4 SP:FB
E797  C8        INY  A:00 X:FA Y:82 P:A4 SP:FB
E798  D0 FB     BNE  A:00 X:FA Y:83 P:A4 SP:FB
E795  91 0E     STA  A:00 X:FA Y:83 P:A4 SP:FB
E797  C8        INY  A:00 X:FA Y:83 P:A4 SP:FB
E798  D0 FB     BNE  A:00 X:FA Y:84 P:A4 SP:FB
E795  91 0E     STA  A:00 X:FA Y:84 P:A4 SP:FB
E797  C8        INY  A:00 X:FA Y:84 P:A4 SP:FB
E798  D0 FB     BNE  A:00 X:FA Y:85 P:A4 SP:FB
E795  91 0E     STA  A:00 X:FA Y:85 P:A4 SP:FB
E797  C8        INY  A:00 X:FA Y:85 P:A4 SP:FB
E798  D0 FB     BNE  A:00 X:FA Y:86 P:A4 SP:FB
E795  91 0E     STA  A:00 X:FA Y:86 P:A4 SP:FB
E797  C8        INY  A:00 X:FA Y:86 P:A4 SP:FB
E798  D0 FB     BNE  A:00 X:FA Y:87 P:A4 SP:FB
E795  91 0E     STA  A:00 X:FA Y:87 P:A4 SP:FB
E797  C8        INY  A:00 X:FA Y:87 P:A4 SP:FB
E798  D0 FB     BNE  A:00 X:FA Y:88 P:A4 SP:FB
E795  91 0E     STA  A:00 X:FA Y:88 P:A4 SP:FB
E797  C8        INY  A:00 X:FA Y:88 P:A4 SP:FB
E798  D0 FB     BNE  A:00 X:FA Y:89 P:A4 SP:FB
E795  91 0E     STA  A:00 X:FA Y:89 P:A4 SP:FB
E797  C8        INY  A:00 X:FA Y:89 P:A4 SP:FB
E798  D0 FB     BNE  A:00 X:FA Y:8A P:A4 SP:FB
E795  91 0E     STA  A:00 X:FA Y:8A P:A4 SP:FB
E797  C8        INY  A:00 X:FA Y:8A P:A4 SP:FB
E798  D0 FB     BNE  A:00 X:FA Y:8B P:A4 SP:FB
E795  91 0E     STA  A:00 X:FA Y:8B P:A4 SP:FB
E797  C8        INY  A:00 X:FA Y:8B P:A4 SP:FB
E798  D0 FB     BNE  A:00 X:FA Y:8C P:A4 SP:FB
E795  91 0E     STA  A:00 X:FA Y:8C P:A4 SP:FB
E797  C8        INY  A:00 X:FA Y:8C P:A4 SP:FB
E798  D0 FB     BNE  A:00 X:FA Y:8D P:A4 SP:FB
E795  91 0E     STA  A:00 X:FA Y:8D P:A4 SP:FB
E797  C8        INY  A:00 X:FA Y:8D P:A4 SP:FB
E798  D0 FB     BNE  A:00 X:FA Y:8E P:A4 SP:FB
E795  91 0E     STA  A:00 X:FA Y:8E P:A4 SP:FB
E797  C8        INY  A:00 X:FA Y:8E P:A4 SP:FB
E798  D0 FB     BNE  A:00 X:FA Y:8F P:A4 SP:FB
E795  91 0E     STA  A:00 X:FA Y:8F P:A4 SP:FB
E797  C8        INY  A:00 X:FA Y:8F P:A4 SP:FB
E798  D0 FB     BNE  A:00 X:FA Y:90 P:A4 SP:FB
E795  91 0E     STA  A:00 X:FA Y:90 P:A4 SP:FB
E797  C8        INY  A:00 X:FA Y:90 P:A4 SP:FB
E798  D0 FB     BNE  A:00 X:FA Y:91 P:A4 SP:FB
E795  91 0E     STA  A:00 X:FA Y:91 P:A4 SP:FB
E797  C8        INY  A:00 X:FA Y:91 P:A4 SP:FB
E798  D0 FB     BNE  A:00 X:FA Y:92 P:A4 SP:FB
E795  91 0E     STA  A:00 X:FA Y:92 P:A4 SP:FB
E797  C8        INY  A:00 X:FA Y:92 P:A4 SP:FB
E798  D0 FB     BNE  A:00 X:FA Y:93 P:A4 SP:FB
E795  91 0E     STA  A:00 X:FA Y:93 P:A4 SP:FB
E797  C8        INY  A:00 X:FA Y:93 P:A4 SP:FB
E798  D0 FB     BNE  A:00 X:FA Y:94 P:A4 SP:FB
E795  91 0E     STA  A:00 X:FA Y:94 P:A4 SP:FB
E797  C8        INY  A:00 X:FA Y:94 P:A4 SP:FB
E798  D0 FB     BNE  A:00 X:FA Y:95 P:A4 SP:FB
E795  91 0E     STA  A:00 X:FA Y:95 P:A4 SP:FB
E797  C8        INY  A:00 X:FA Y:95 P:A4 SP:FB
E798  D0 FB     BNE  A:00 X:FA Y:96 P:A4 SP:FB
E795  91 0E     STA  A:00 X:FA Y:96 P:A4 SP:FB
E797  C8        INY  A:00 X:FA Y:96 P:A4 SP:FB
E798  D0 FB     BNE  A:00 X:FA Y:97 P:A4 SP:FB
E795  91 0E     STA  A:00 X:FA Y:97 P:A4 SP:FB
E797  C8        INY  A:00 X:FA Y:97 P:A4 SP:FB
E798  D0 FB     BNE  A:00 X:FA Y:98 P:A4 SP:FB
E795  91 0E     STA  A:00 X:FA Y:98 P:A4 SP:FB
E797  C8        INY  A:00 X:FA Y:98 P:A4 SP:FB
E798  D0 FB     BNE  A:00 X:FA Y:99 P:A4 SP:FB
E795  91 0E     STA  A:00 X:FA Y:99 P:A4 SP:FB
E797  C8        INY  A:00 X:FA Y:99 P:A4 SP:FB
E798  D0 FB     BNE  A:00 X:FA Y:9A P:A4 SP:FB
E795  91 0E     STA  A:00 X:FA Y:9A P:A4 SP:FB
E797  C8        INY  A:00 X:FA Y:9A P:A4 SP:FB
E798  D0 FB     BNE  A:00 X:FA Y:9B P:A4 SP:FB
E795  91 0E     STA  A:00 X:FA Y:9B P:A4 SP:FB
E797  C8        INY  A:00 X:FA Y:9B P:A4 SP:FB
E798  D0 FB     BNE  A:00 X:FA Y:9C P:A4 SP:FB
E795  91 0E     STA  A:00 X:FA Y:9C P:A4 SP:FB
E797  C8        INY  A:00 X:FA Y:9C P:A4 SP:FB
E798  D0 FB     BNE  A:00 X:FA Y:9D P:A4 SP:FB
E795  91 0E     STA  A:00 X:FA Y:9D P:A4 SP:FB
E797  C8        INY  A:00 X:FA Y:9D P:A4 SP:FB
E798  D0 FB     BNE  A:00 X:FA Y:9E P:A4 SP:FB
E795  91 0E     STA  A:00 X:FA Y:9E P:A4 SP:FB
E797  C8        INY  A:00 X:FA Y:9E P:A4 SP:FB
E798  D0 FB     BNE  A:00 X:FA Y:9F P:A4 SP:FB
E795  91 0E     STA  A:00 X:FA Y:9F P:A4 SP:FB
E797  C8        INY  A:00 X:FA Y:9F P:A4 SP:FB
E798  D0 FB     BNE  A:00 X:FA Y:A0 P:A4 SP:FB
E795  91 0E     STA  A:00 X:FA Y:A0 P:A4 SP:FB
E797  C8        INY  A:00 X:FA Y:A0 P:A4 SP:FB
E798  D0 FB     BNE  A:00 X:FA Y:A1 P:A4 SP:FB
E795  91 0E     STA  A:00 X:FA Y:A1 P:A4 SP:FB
E797  C8        INY  A:00 X:FA Y:A1 P:A4 SP:FB
E798  D0 FB     BNE  A:00 X:FA Y:A2 P:A4 SP:FB
E795  91 0E     STA  A:00 X:FA Y:A2 P:A4 SP:FB
E797  C8        INY  A:00 X:FA Y:A2 P:A4 SP:FB
E798  D0 FB     BNE  A:00 X:FA Y:A3 P:A4 SP:FB
E795  91 0E     STA  A:00 X:FA Y:A3 P:A4 SP:FB
E797  C8        INY  A:00 X:FA Y:A3 P:A4 SP:FB
E798  D0 FB     BNE  A:00 X:FA Y:A4 P:A4 SP:FB
E795  91 0E     STA  A:00 X:FA Y:A4 P:A4 SP:FB
E797  C8        INY  A:00 X:FA Y:A4 P:A4 SP:FB
E798  D0 FB     BNE  A:00 X:FA Y:A5 P:A4 SP:FB
E795  91 0E     STA  A:00 X:FA Y:A5 P:A4 SP:FB
E797  C8        INY  A:00 X:FA Y:A5 P:A4 SP:FB
E798  D0 FB     BNE  A:00 X:FA Y:A6 P:A4 SP:FB
E795  91 0E     STA  A:00 X:FA Y:A6 P:A4 SP:FB
E797  C8        INY  A:00 X:FA Y:A6 P:A4 SP:FB
E798  D0 FB     BNE  A:00 X:FA Y:A7 P:A4 SP:FB
E795  91 0E     STA  A:00 X:FA Y:A7 P:A4 SP:FB
E797  C8        INY  A:00 X:FA Y:A7 P:A4 SP:FB
E798  D0 FB     BNE  A:00 X:FA Y:A8 P:A4 SP:FB
E795  91 0E     STA  A:00 X:FA Y:A8 P:A4 SP:FB
E797  C8        INY  A:00 X:FA Y:A8 P:A4 SP:FB
E798  D0 FB     BNE  A:00 X:FA Y:A9 P:A4 SP:FB
E795  91 0E     STA  A:00 X:FA Y:A9 P:A4 SP:FB
E797  C8        INY  A:00 X:FA Y:A9 P:A4 SP:FB
E798  D0 FB     BNE  A:00 X:FA Y:AA P:A4 SP:FB
E795  91 0E     STA  A:00 X:FA Y:AA P:A4 SP:FB
E797  C8        INY  A:00 X:FA Y:AA P:A4 SP:FB
E798  D0 FB     BNE  A:00 X:FA Y:AB P:A4 SP:FB
E795  91 0E     STA  A:00 X:FA Y:AB P:A4 SP:FB
E797  C8        INY  A:00 X:FA Y:AB P:A4 SP:FB
E798  D0 FB     BNE  A:00 X:FA Y:AC P:A4 SP:FB
E795  91 0E     STA  A:00 X:FA Y:AC P:A4 SP:FB
E797  C8        INY  A:00 X:FA Y:AC P:A4 SP:FB
E798  D0 FB     BNE  A:00 X:FA Y:AD P:A4 SP:FB
E795  91 0E     STA  A:00 X:FA Y:AD P:A4 SP:FB
E797  C8        INY  A:00 X:FA Y:AD P:A4 SP:FB
E798  D0 FB     BNE  A:00 X:FA Y:AE P:A4 SP:FB
E795  91 0E     STA  A:00 X:FA Y:AE P:A4 SP:FB
E797  C8        INY  A:00 X:FA Y:AE P:A4 SP:FB
E798  D0 FB     BNE  A:00 X:FA Y:AF P:A4 SP:FB
E795  91 0E     STA  A:00 X:FA Y:AF P:A4 SP:FB
E797  C8        INY  A:00 X:FA Y:AF P:A4 SP:FB
E798  D0 FB     BNE  A:00 X:FA Y:B0 P:A4 SP:FB
E795  91 0E     STA  A:00 X:FA Y:B0 P:A4 SP:FB
E797  C8        INY  A:00 X:FA Y:B0 P:A4 SP:FB
E798  D0 FB     BNE  A:00 X:FA Y:B1 P:A4 SP:FB
E795  91 0E     STA  A:00 X:FA Y:B1 P:A4 SP:FB
E797  C8        INY  A:00 X:FA Y:B1 P:A4 SP:FB
E798  D0 FB     BNE  A:00 X:FA Y:B2 P:A4 SP:FB
E795  91 0E     STA  A:00 X:FA Y:B2 P:A4 SP:FB
E797  C8        INY  A:00 X:FA Y:B2 P:A4 SP:FB
E798  D0 FB     BNE  A:00 X:FA Y:B3 P:A4 SP:FB
E795  91 0E     STA  A:00 X:FA Y:B3 P:A4 SP:FB
E797  C8        INY  A:00 X:FA Y:B3 P:A4 SP:FB
E798  D0 FB     BNE  A:00 X:FA Y:B4 P:A4 SP:FB
E795  91 0E     STA  A:00 X:FA Y:B4 P:A4 SP:FB
E797  C8        INY  A:00 X:FA Y:B4 P:A4 SP:FB
E798  D0 FB     BNE  A:00 X:FA Y:B5 P:A4 SP:FB
E795  91 0E     STA  A:00 X:FA Y:B5 P:A4 SP:FB
E797  C8        INY  A:00 X:FA Y:B5 P:A4 SP:FB
E798  D0 FB     BNE  A:00 X:FA Y:B6 P:A4 SP:FB
E795  91 0E     STA  A:00 X:FA Y:B6 P:A4 SP:FB
E797  C8        INY  A:00 X:FA Y:B6 P:A4 SP:FB
E798  D0 FB     BNE  A:00 X:FA Y:B7 P:A4 SP:FB
E795  91 0E     STA  A:00 X:FA Y:B7 P:A4 SP:FB
E797  C8        INY  A:00 X:FA Y:B7 P:A4 SP:FB
E798  D0 FB     BNE  A:00 X:FA Y:B8 P:A4 SP:FB
E795  91 0E     STA  A:00 X:FA Y:B8 P:A4 SP:FB
E797  C8        INY  A:00 X:FA Y:B8 P:A4 SP:FB
E798  D0 FB     BNE  A:00 X:FA Y:B9 P:A4 SP:FB
E795  91 0E     STA  A:00 X:FA Y:B9 P:A4 SP:FB
E797  C8        INY  A:00 X:FA Y:B9 P:A4 SP:FB
E798  D0 FB     BNE  A:00 X:FA Y:BA P:A4 SP:FB
E795  91 0E     STA  A:00 X:FA Y:BA P:A4 SP:FB
E797  C8        INY  A:00 X:FA Y:BA P:A4 SP:FB
E798  D0 FB     BNE  A:00 X:FA Y:BB P:A4 SP:FB
E795  91 0E     STA  A:00 X:FA Y:BB P:A4 SP:FB
E797  C8        INY  A:00 X:FA Y:BB P:A4 SP:FB
E798  D0 FB     BNE  A:00 X:FA Y:BC P:A4 SP:FB
E795  91 0E     STA  A:00 X:FA Y:BC P:A4 SP:FB
E797  C8        INY  A:00 X:FA Y:BC P:A4 SP:FB
E798  D0 FB     BNE  A:00 X:FA Y:BD P:A4 SP:FB
E795  91 0E     STA  A:00 X:FA Y:BD P:A4 SP:FB
E797  C8        INY  A:00 X:FA Y:BD P:A4 SP:FB
E798  D0 FB     BNE  A:00 X:FA Y:BE P:A4 SP:FB
E795  91 0E     STA  A:00 X:FA Y:BE P:A4 SP:FB
E797  C8        INY  A:00 X:FA Y:BE P:A4 SP:FB
E798  D0 FB     BNE  A:00 X:FA Y:BF P:A4 SP:FB
E795  91 0E     STA  A:00 X:FA Y:BF P:A4 SP:FB
E797  C8        INY  A:00 X:FA Y:BF P:A4 SP:FB
E798  D0 FB     BNE  A:00 X:FA Y:C0 P:A4 SP:FB
E795  91 0E     STA  A:00 X:FA Y:C0 P:A4 SP:FB
E797  C8        INY  A:00 X:FA Y:C0 P:A4 SP:FB
E798  D0 FB     BNE  A:00 X:FA Y:C1 P:A4 SP:FB
E795  91 0E     STA  A:00 X:FA Y:C1 P:A4 SP:FB
E797  C8        INY  A:00 X:FA Y:C1 P:A4 SP:FB
E798  D0 FB     BNE  A:00 X:FA Y:C2 P:A4 SP:FB
E795  91 0E     STA  A:00 X:FA Y:C2 P:A4 SP:FB
E797  C8        INY  A:00 X:FA Y:C2 P:A4 SP:FB
E798  D0 FB     BNE  A:00 X:FA Y:C3 P:A4 SP:FB
E795  91 0E     STA  A:00 X:FA Y:C3 P:A4 SP:FB
E797  C8        INY  A:00 X:FA Y:C3 P:A4 SP:FB
E798  D0 FB     BNE  A:00 X:FA Y:C4 P:A4 SP:FB
E795  91 0E     STA  A:00 X:FA Y:C4 P:A4 SP:FB
E797  C8        INY  A:00 X:FA Y:C4 P:A4 SP:FB
E798  D0 FB     BNE  A:00 X:FA Y:C5 P:A4 SP:FB
E795  91 0E     STA  A:00 X:FA Y:C5 P:A4 SP:FB
E797  C8        INY  A:00 X:FA Y:C5 P:A4 SP:FB
E798  D0 FB     BNE  A:00 X:FA Y:C6 P:A4 SP:FB
E795  91 0E     STA  A:00 X:FA Y:C6 P:A4 SP:FB
E797  C8        INY  A:00 X:FA Y:C6 P:A4 SP:FB
E798  D0 FB     BNE  A:00 X:FA Y:C7 P:A4 SP:FB
E795  91 0E     STA  A:00 X:FA Y:C7 P:A4 SP:FB
E797  C8        INY  A:00 X:FA Y:C7 P:A4 SP:FB
E798  D0 FB     BNE  A:00 X:FA Y:C8 P:A4 SP:FB
E795  91 0E     STA  A:00 X:FA Y:C8 P:A4 SP:FB
E797  C8        INY  A:00 X:FA Y:C8 P:A4 SP:FB
E798  D0 FB     BNE  A:00 X:FA Y:C9 P:A4 SP:FB
E795  91 0E     STA  A:00 X:FA Y:C9 P:A4 SP:FB
E797  C8        INY  A:00 X:FA Y:C9 P:A4 SP:FB
E798  D0 FB     BNE  A:00 X:FA Y:CA P:A4 SP:FB
E795  91 0E     STA  A:00 X:FA Y:CA P:A4 SP:FB
E797  C8        INY  A:00 X:FA Y:CA P:A4 SP:FB
E798  D0 FB     BNE  A:00 X:FA Y:CB P:A4 SP:FB
E795  91 0E     STA  A:00 X:FA Y:CB P:A4 SP:FB
E797  C8        INY  A:00 X:FA Y:CB P:A4 SP:FB
E798  D0 FB     BNE  A:00 X:FA Y:CC P:A4 SP:FB
E795  91 0E     STA  A:00 X:FA Y:CC P:A4 SP:FB
E797  C8        INY  A:00 X:FA Y:CC P:A4 SP:FB
E798  D0 FB     BNE  A:00 X:FA Y:CD P:A4 SP:FB
E795  91 0E     STA  A:00 X:FA Y:CD P:A4 SP:FB
E797  C8        INY  A:00 X:FA Y:CD P:A4 SP:FB
E798  D0 FB     BNE  A:00 X:FA Y:CE P:A4 SP:FB
E795  91 0E     STA  A:00 X:FA Y:CE P:A4 SP:FB
E797  C8        INY  A:00 X:FA Y:CE P:A4 SP:FB
E798  D0 FB     BNE  A:00 X:FA Y:CF P:A4 SP:FB
E795  91 0E     STA  A:00 X:FA Y:CF P:A4 SP:FB
E797  C8        INY  A:00 X:FA Y:CF P:A4 SP:FB
E798  D0 FB     BNE  A:00 X:FA Y:D0 P:A4 SP:FB
E795  91 0E     STA  A:00 X:FA Y:D0 P:A4 SP:FB
E797  C8        INY  A:00 X:FA Y:D0 P:A4 SP:FB
E798  D0 FB     BNE  A:00 X:FA Y:D1 P:A4 SP:FB
E795  91 0E     STA  A:00 X:FA Y:D1 P:A4 SP:FB
E797  C8        INY  A:00 X:FA Y:D1 P:A4 SP:FB
E798  D0 FB     BNE  A:00 X:FA Y:D2 P:A4 SP:FB
E795  91 0E     STA  A:00 X:FA Y:D2 P:A4 SP:FB
E797  C8        INY  A:00 X:FA Y:D2 P:A4 SP:FB
E798  D0 FB     BNE  A:00 X:FA Y:D3 P:A4 SP:FB
E795  91 0E     STA  A:00 X:FA Y:D3 P:A4 SP:FB
E797  C8        INY  A:00 X:FA Y:D3 P:A4 SP:FB
E798  D0 FB     BNE  A:00 X:FA Y:D4 P:A4 SP:FB
E795  91 0E     STA  A:00 X:FA Y:D4 P:A4 SP:FB
E797  C8        INY  A:00 X:FA Y:D4 P:A4 SP:FB
E798  D0 FB     BNE  A:00 X:FA Y:D5 P:A4 SP:FB
E795  91 0E     STA  A:00 X:FA Y:D5 P:A4 SP:FB
E797  C8        INY  A:00 X:FA Y:D5 P:A4 SP:FB
E798  D0 FB     BNE  A:00 X:FA Y:D6 P:A4 SP:FB
E795  91 0E     STA  A:00 X:FA Y:D6 P:A4 SP:FB
E797  C8        INY  A:00 X:FA Y:D6 P:A4 SP:FB
E798  D0 FB     BNE  A:00 X:FA Y:D7 P:A4 SP:FB
E795  91 0E     STA  A:00 X:FA Y:D7 P:A4 SP:FB
E797  C8        INY  A:00 X:FA Y:D7 P:A4 SP:FB
E798  D0 FB     BNE  A:00 X:FA Y:D8 P:A4 SP:FB
E795  91 0E     STA  A:00 X:FA Y:D8 P:A4 SP:FB
E797  C8        INY  A:00 X:FA Y:D8 P:A4 SP:FB
E798  D0 FB     BNE  A:00 X:FA Y:D9 P:A4 SP:FB
E795  91 0E     STA  A:00 X:FA Y:D9 P:A4 SP:FB
E797  C8        INY  A:00 X:FA Y:D9 P:A4 SP:FB
E798  D0 FB     BNE  A:00 X:FA Y:DA P:A4 SP:FB
E795  91 0E     STA  A:00 X:FA Y:DA P:A4 SP:FB
E797  C8        INY  A:00 X:FA Y:DA P:A4 SP:FB
E798  D0 FB     BNE  A:00 X:FA Y:DB P:A4 SP:FB
E795  91 0E     STA  A:00 X:FA Y:DB P:A4 SP:FB
E797  C8        INY  A:00 X:FA Y:DB P:A4 SP:FB
E798  D0 FB     BNE  A:00 X:FA Y:DC P:A4 SP:FB
E795  91 0E     STA  A:00 X:FA Y:DC P:A4 SP:FB
E797  C8        INY  A:00 X:FA Y:DC P:A4 SP:FB
E798  D0 FB     BNE  A:00 X:FA Y:DD P:A4 SP:FB
E795  91 0E     STA  A:00 X:FA Y:DD P:A4 SP:FB
E797  C8        INY  A:00 X:FA Y:DD P:A4 SP:FB
E798  D0 FB     BNE  A:00 X:FA Y:DE P:A4 SP:FB
E795  91 0E     STA  A:00 X:FA Y:DE P:A4 SP:FB
E797  C8        INY  A:00 X:FA Y:DE P:A4 SP:FB
E798  D0 FB     BNE  A:00 X:FA Y:DF P:A4 SP:FB
E795  91 0E     STA  A:00 X:FA Y:DF P:A4 SP:FB
E797  C8        INY  A:00 X:FA Y:DF P:A4 SP:FB
E798  D0 FB     BNE  A:00 X:FA Y:E0 P:A4 SP:FB
E795  91 0E     STA  A:00 X:FA Y:E0 P:A4 SP:FB
E797  C8        INY  A:00 X:FA Y:E0 P:A4 SP:FB
E798  D0 FB     BNE  A:00 X:FA Y:E1 P:A4 SP:FB
E795  91 0E     STA  A:00 X:FA Y:E1 P:A4 SP:FB
E797  C8        INY  A:00 X:FA Y:E1 P:A4 SP:FB
E798  D0 FB     BNE  A:00 X:FA Y:E2 P:A4 SP:FB
E795  91 0E     STA  A:00 X:FA Y:E2 P:A4 SP:FB
E797  C8        INY  A:00 X:FA Y:E2 P:A4 SP:FB
E798  D0 FB     BNE  A:00 X:FA Y:E3 P:A4 SP:FB
E795  91 0E     STA  A:00 X:FA Y:E3 P:A4 SP:FB
E797  C8        INY  A:00 X:FA Y:E3 P:A4 SP:FB
E798  D0 FB     BNE  A:00 X:FA Y:E4 P:A4 SP:FB
E795  91 0E     STA  A:00 X:FA Y:E4 P:A4 SP:FB
E797  C8        INY  A:00 X:FA Y:E4 P:A4 SP:FB
E798  D0 FB     BNE  A:00 X:FA Y:E5 P:A4 SP:FB
E795  91 0E     STA  A:00 X:FA Y:E5 P:A4 SP:FB
E797  C8        INY  A:00 X:FA Y:E5 P:A4 SP:FB
E798  D0 FB     BNE  A:00 X:FA Y:E6 P:A4 SP:FB
E795  91 0E     STA  A:00 X:FA Y:E6 P:A4 SP:FB
E797  C8        INY  A:00 X:FA Y:E6 P:A4 SP:FB
E798  D0 FB     BNE  A:00 X:FA Y:E7 P:A4 SP:FB
E795  91 0E     STA  A:00 X:FA Y:E7 P:A4 SP:FB
E797  C8        INY  A:00 X:FA Y:E7 P:A4 SP:FB
E798  D0 FB     BNE  A:00 X:FA Y:E8 P:A4 SP:FB
E795  91 0E     STA  A:00 X:FA Y:E8 P:A4 SP:FB
E797  C8        INY  A:00 X:FA Y:E8 P:A4 SP:FB
E798  D0 FB     BNE  A:00 X:FA Y:E9 P:A4 SP:FB
E795  91 0E     STA  A:00 X:FA Y:E9 P:A4 SP:FB
E797  C8        INY  A:00 X:FA Y:E9 P:A4 SP:FB
E798  D0 FB     BNE  A:00 X:FA Y:EA P:A4 SP:FB
E795  91 0E     STA  A:00 X:FA Y:EA P:A4 SP:FB
E797  C8        INY  A:00 X:FA Y:EA P:A4 SP:FB
E798  D0 FB     BNE  A:00 X:FA Y:EB P:A4 SP:FB
E795  91 0E     STA  A:00 X:FA Y:EB P:A4 SP:FB
E797  C8        INY  A:00 X:FA Y:EB P:A4 SP:FB
E798  D0 FB     BNE  A:00 X:FA Y:EC P:A4 SP:FB
E795  91 0E     STA  A:00 X:FA Y:EC P:A4 SP:FB
E797  C8        INY  A:00 X:FA Y:EC P:A4 SP:FB
E798  D0 FB     BNE  A:00 X:FA Y:ED P:A4 SP:FB
E795  91 0E     STA  A:00 X:FA Y:ED P:A4 SP:FB
E797  C8        INY  A:00 X:FA Y:ED P:A4 SP:FB
E798  D0 FB     BNE  A:00 X:FA Y:EE P:A4 SP:FB
E795  91 0E     STA  A:00 X:FA Y:EE P:A4 SP:FB
E797  C8        INY  A:00 X:FA Y:EE P:A4 SP:FB
E798  D0 FB     BNE  A:00 X:FA Y:EF P:A4 SP:FB
E795  91 0E     STA  A:00 X:FA Y:EF P:A4 SP:FB
E797  C8        INY  A:00 X:FA Y:EF P:A4 SP:FB
E798  D0 FB     BNE  A:00 X:FA Y:F0 P:A4 SP:FB
E795  91 0E     STA  A:00 X:FA Y:F0 P:A4 SP:FB
E797  C8        INY  A:00 X:FA Y:F0 P:A4 SP:FB
E798  D0 FB     BNE  A:00 X:FA Y:F1 P:A4 SP:FB
E795  91 0E     STA  A:00 X:FA Y:F1 P:A4 SP:FB
E797  C8        INY  A:00 X:FA Y:F1 P:A4 SP:FB
E798  D0 FB     BNE  A:00 X:FA Y:F2 P:A4 SP:FB
E795  91 0E     STA  A:00 X:FA Y:F2 P:A4 SP:FB
E797  C8        INY  A:00 X:FA Y:F2 P:A4 SP:FB
E798  D0 FB     BNE  A:00 X:FA Y:F3 P:A4 SP:FB
E795  91 0E     STA  A:00 X:FA Y:F3 P:A4 SP:FB
E797  C8        INY  A:00 X:FA Y:F3 P:A4 SP:FB
E798  D0 FB     BNE  A:00 X:FA Y:F4 P:A4 SP:FB
E795  91 0E     STA  A:00 X:FA Y:F4 P:A4 SP:FB
E797  C8        INY  A:00 X:FA Y:F4 P:A4 SP:FB
E798  D0 FB     BNE  A:00 X:FA Y:F5 P:A4 SP:FB
E795  91 0E     STA  A:00 X:FA Y:F5 P:A4 SP:FB
E797  C8        INY  A:00 X:FA Y:F5 P:A4 SP:FB
E798  D0 FB     BNE  A:00 X:FA Y:F6 P:A4 SP:FB
E795  91 0E     STA  A:00 X:FA Y:F6 P:A4 SP:FB
E797  C8        INY  A:00 X:FA Y:F6 P:A4 SP:FB
E798  D0 FB     BNE  A:00 X:FA Y:F7 P:A4 SP:FB
E795  91 0E     STA  A:00 X:FA Y:F7 P:A4 SP:FB
E797  C8        INY  A:00 X:FA Y:F7 P:A4 SP:FB
E798  D0 FB     BNE  A:00 X:FA Y:F8 P:A4 SP:FB
E795  91 0E     STA  A:00 X:FA Y:F8 P:A4 SP:FB
E797  C8        INY  A:00 X:FA Y:F8 P:A4 SP:FB
E798  D0 FB     BNE  A:00 X:FA Y:F9 P:A4 SP:FB
E795  91 0E     STA  A:00 X:FA Y:F9 P:A4 SP:FB
E797  C8        INY  A:00 X:FA Y:F9 P:A4 SP:FB
E798  D0 FB     BNE  A:00 X:FA Y:FA P:A4 SP:FB
E795  91 0E     STA  A:00 X:FA Y:FA P:A4 SP:FB
E797  C8        INY  A:00 X:FA Y:FA P:A4 SP:FB
E798  D0 FB     BNE  A:00 X:FA Y:FB P:A4 SP:FB
E795  91 0E     STA  A:00 X:FA Y:FB P:A4 SP:FB
E797  C8        INY  A:00 X:FA Y:FB P:A4 SP:FB
E798  D0 FB     BNE  A:00 X:FA Y:FC P:A4 SP:FB
E795  91 0E     STA  A:00 X:FA Y:FC P:A4 SP:FB
E797  C8        INY  A:00 X:FA Y:FC P:A4 SP:FB
E798  D0 FB     BNE  A:00 X:FA Y:FD P:A4 SP:FB
E795  91 0E     STA  A:00 X:FA Y:FD P:A4 SP:FB
E797  C8        INY  A:00 X:FA Y:FD P:A4 SP:FB
E798  D0 FB     BNE  A:00 X:FA Y:FE P:A4 SP:FB
E795  91 0E     STA  A:00 X:FA Y:FE P:A4 SP:FB
E797  C8        INY  A:00 X:FA Y:FE P:A4 SP:FB
E798  D0 FB     BNE  A:00 X:FA Y:FF P:A4 SP:FB
E795  91 0E     STA  A:00 X:FA Y:FF P:A4 SP:FB
E797  C8        INY  A:00 X:FA Y:FF P:A4 SP:FB
E798  D0 FB     BNE  A:00 X:FA Y:00 P:26 SP:FB
E79A  E6 0F     INC  A:00 X:FA Y:00 P:26 SP:FB
E79C  E8        INX  A:00 X:FA Y:00 P:24 SP:FB
E79D  D0 F6     BNE  A:00 X:FB Y:00 P:A4 SP:FB
E795  91 0E     STA  A:00 X:FB Y:00 P:A4 SP:FB
E797  C8        INY  A:00 X:FB Y:00 P:A4 SP:FB
E798  D0 FB     BNE  A:00 X:FB Y:01 P:24 SP:FB
E795  91 0E     STA  A:00 X:FB Y:01 P:24 SP:FB
E797  C8        INY  A:00 X:FB Y:01 P:24 SP:FB
E798  D0 FB     BNE  A:00 X:FB Y:02 P:24 SP:FB
E795  91 0E     STA  A:00 X:FB Y:02 P:24 SP:FB
E797  C8        INY  A:00 X:FB Y:02 P:24 SP:FB
E798  D0 FB     BNE  A:00 X:FB Y:03 P:24 SP:FB
E795  91 0E     STA  A:00 X:FB Y:03 P:24 SP:FB
E797  C8        INY  A:00 X:FB Y:03 P:24 SP:FB
E798  D0 FB     BNE  A:00 X:FB Y:04 P:24 SP:FB
E795  91 0E     STA  A:00 X:FB Y:04 P:24 SP:FB
E797  C8        INY  A:00 X:FB Y:04 P:24 SP:FB
E798  D0 FB     BNE  A:00 X:FB Y:05 P:24 SP:FB
E795  91 0E     STA  A:00 X:FB Y:05 P:24 SP:FB
E797  C8        INY  A:00 X:FB Y:05 P:24 SP:FB
E798  D0 FB     BNE  A:00 X:FB Y:06 P:24 SP:FB
E795  91 0E     STA  A:00 X:FB Y:06 P:24 SP:FB
E797  C8        INY  A:00 X:FB Y:06 P:24 SP:FB
E798  D0 FB     BNE  A:00 X:FB Y:07 P:24 SP:FB
E795  91 0E     STA  A:00 X:FB Y:07 P:24 SP:FB
E797  C8        INY  A:00 X:FB Y:07 P:24 SP:FB
E798  D0 FB     BNE  A:00 X:FB Y:08 P:24 SP:FB
E795  91 0E     STA  A:00 X:FB Y:08 P:24 SP:FB
E797  C8        INY  A:00 X:FB Y:08 P:24 SP:FB
E798  D0 FB     BNE  A:00 X:FB Y:09 P:24 SP:FB
E795  91 0E     STA  A:00 X:FB Y:09 P:24 SP:FB
E797  C8        INY  A:00 X:FB Y:09 P:24 SP:FB
E798  D0 FB     BNE  A:00 X:FB Y:0A P:24 SP:FB
E795  91 0E     STA  A:00 X:FB Y:0A P:24 SP:FB
E797  C8        INY  A:00 X:FB Y:0A P:24 SP:FB
E798  D0 FB     BNE  A:00 X:FB Y:0B P:24 SP:FB
E795  91 0E     STA  A:00 X:FB Y:0B P:24 SP:FB
E797  C8        INY  A:00 X:FB Y:0B P:24 SP:FB
E798  D0 FB     BNE  A:00 X:FB Y:0C P:24 SP:FB
E795  91 0E     STA  A:00 X:FB Y:0C P:24 SP:FB
E797  C8        INY  A:00 X:FB Y:0C P:24 SP:FB
E798  D0 FB     BNE  A:00 X:FB Y:0D P:24 SP:FB
E795  91 0E     STA  A:00 X:FB Y:0D P:24 SP:FB
E797  C8        INY  A:00 X:FB Y:0D P:24 SP:FB
E798  D0 FB     BNE  A:00 X:FB Y:0E P:24 SP:FB
E795  91 0E     STA  A:00 X:FB Y:0E P:24 SP:FB
E797  C8        INY  A:00 X:FB Y:0E P:24 SP:FB
E798  D0 FB     BNE  A:00 X:FB Y:0F P:24 SP:FB
E795  91 0E     STA  A:00 X:FB Y:0F P:24 SP:FB
E797  C8        INY  A:00 X:FB Y:0F P:24 SP:FB
E798  D0 FB     BNE  A:00 X:FB Y:10 P:24 SP:FB
E795  91 0E     STA  A:00 X:FB Y:10 P:24 SP:FB
E797  C8        INY  A:00 X:FB Y:10 P:24 SP:FB
E798  D0 FB     BNE  A:00 X:FB Y:11 P:24 SP:FB
E795  91 0E     STA  A:00 X:FB Y:11 P:24 SP:FB
E797  C8        INY  A:00 X:FB Y:11 P:24 SP:FB
E798  D0 FB     BNE  A:00 X:FB Y:12 P:24 SP:FB
E795  91 0E     STA  A:00 X:FB Y:12 P:24 SP:FB
E797  C8        INY  A:00 X:FB Y:12 P:24 SP:FB
E798  D0 FB     BNE  A:00 X:FB Y:13 P:24 SP:FB
E795  91 0E     STA  A:00 X:FB Y:13 P:24 SP:FB
E797  C8        INY  A:00 X:FB Y:13 P:24 SP:FB
E798  D0 FB     BNE  A:00 X:FB Y:14 P:24 SP:FB
E795  91 0E     STA  A:00 X:FB Y:14 P:24 SP:FB
E797  C8        INY  A:00 X:FB Y:14 P:24 SP:FB
E798  D0 FB     BNE  A:00 X:FB Y:15 P:24 SP:FB
E795  91 0E     STA  A:00 X:FB Y:15 P:24 SP:FB
E797  C8        INY  A:00 X:FB Y:15 P:24 SP:FB
E798  D0 FB     BNE  A:00 X:FB Y:16 P:24 SP:FB
E795  91 0E     STA  A:00 X:FB Y:16 P:24 SP:FB
E797  C8        INY  A:00 X:FB Y:16 P:24 SP:FB
E798  D0 FB     BNE  A:00 X:FB Y:17 P:24 SP:FB
E795  91 0E     STA  A:00 X:FB Y:17 P:24 SP:FB
E797  C8        INY  A:00 X:FB Y:17 P:24 SP:FB
E798  D0 FB     BNE  A:00 X:FB Y:18 P:24 SP:FB
E795  91 0E     STA  A:00 X:FB Y:18 P:24 SP:FB
E797  C8        INY  A:00 X:FB Y:18 P:24 SP:FB
E798  D0 FB     BNE  A:00 X:FB Y:19 P:24 SP:FB
E795  91 0E     STA  A:00 X:FB Y:19 P:24 SP:FB
E797  C8        INY  A:00 X:FB Y:19 P:24 SP:FB
E798  D0 FB     BNE  A:00 X:FB Y:1A P:24 SP:FB
E795  91 0E     STA  A:00 X:FB Y:1A P:24 SP:FB
E797  C8        INY  A:00 X:FB Y:1A P:24 SP:FB
E798  D0 FB     BNE  A:00 X:FB Y:1B P:24 SP:FB
E795  91 0E     STA  A:00 X:FB Y:1B P:24 SP:FB
E797  C8        INY  A:00 X:FB Y:1B P:24 SP:FB
E798  D0 FB     BNE  A:00 X:FB Y:1C P:24 SP:FB
E795  91 0E     STA  A:00 X:FB Y:1C P:24 SP:FB
E797  C8        INY  A:00 X:FB Y:1C P:24 SP:FB
E798  D0 FB     BNE  A:00 X:FB Y:1D P:24 SP:FB
E795  91 0E     STA  A:00 X:FB Y:1D P:24 SP:FB
E797  C8        INY  A:00 X:FB Y:1D P:24 SP:FB
E798  D0 FB     BNE  A:00 X:FB Y:1E P:24 SP:FB
E795  91 0E     STA  A:00 X:FB Y:1E P:24 SP:FB
E797  C8        INY  A:00 X:FB Y:1E P:24 SP:FB
E798  D0 FB     BNE  A:00 X:FB Y:1F P:24 SP:FB
E795  91 0E     STA  A:00 X:FB Y:1F P:24 SP:FB
E797  C8        INY  A:00 X:FB Y:1F P:24 SP:FB
E798  D0 FB     BNE  A:00 X:FB Y:20 P:24 SP:FB
E795  91 0E     STA  A:00 X:FB Y:20 P:24 SP:FB
E797  C8        INY  A:00 X:FB Y:20 P:24 SP:FB
E798  D0 FB     BNE  A:00 X:FB Y:21 P:24 SP:FB
E795  91 0E     STA  A:00 X:FB Y:21 P:24 SP:FB
E797  C8        INY  A:00 X:FB Y:21 P:24 SP:FB
E798  D0 FB     BNE  A:00 X:FB Y:22 P:24 SP:FB
E795  91 0E     STA  A:00 X:FB Y:22 P:24 SP:FB
E797  C8        INY  A:00 X:FB Y:22 P:24 SP:FB
E798  D0 FB     BNE  A:00 X:FB Y:23 P:24 SP:FB
E795  91 0E     STA  A:00 X:FB Y:23 P:24 SP:FB
E797  C8        INY  A:00 X:FB Y:23 P:24 SP:FB
E798  D0 FB     BNE  A:00 X:FB Y:24 P:24 SP:FB
E795  91 0E     STA  A:00 X:FB Y:24 P:24 SP:FB
E797  C8        INY  A:00 X:FB Y:24 P:24 SP:FB
E798  D0 FB     BNE  A:00 X:FB Y:25 P:24 SP:FB
E795  91 0E     STA  A:00 X:FB Y:25 P:24 SP:FB
E797  C8        INY  A:00 X:FB Y:25 P:24 SP:FB
E798  D0 FB     BNE  A:00 X:FB Y:26 P:24 SP:FB
E795  91 0E     STA  A:00 X:FB Y:26 P:24 SP:FB
E797  C8        INY  A:00 X:FB Y:26 P:24 SP:FB
E798  D0 FB     BNE  A:00 X:FB Y:27 P:24 SP:FB
E795  91 0E     STA  A:00 X:FB Y:27 P:24 SP:FB
E797  C8        INY  A:00 X:FB Y:27 P:24 SP:FB
E798  D0 FB     BNE  A:00 X:FB Y:28 P:24 SP:FB
E795  91 0E     STA  A:00 X:FB Y:28 P:24 SP:FB
E797  C8        INY  A:00 X:FB Y:28 P:24 SP:FB
E798  D0 FB     BNE  A:00 X:FB Y:29 P:24 SP:FB
E795  91 0E     STA  A:00 X:FB Y:29 P:24 SP:FB
E797  C8        INY  A:00 X:FB Y:29 P:24 SP:FB
E798  D0 FB     BNE  A:00 X:FB Y:2A P:24 SP:FB
E795  91 0E     STA  A:00 X:FB Y:2A P:24 SP:FB
E797  C8        INY  A:00 X:FB Y:2A P:24 SP:FB
E798  D0 FB     BNE  A:00 X:FB Y:2B P:24 SP:FB
E795  91 0E     STA  A:00 X:FB Y:2B P:24 SP:FB
E797  C8        INY  A:00 X:FB Y:2B P:24 SP:FB
E798  D0 FB     BNE  A:00 X:FB Y:2C P:24 SP:FB
E795  91 0E     STA  A:00 X:FB Y:2C P:24 SP:FB
E797  C8        INY  A:00 X:FB Y:2C P:24 SP:FB
E798  D0 FB     BNE  A:00 X:FB Y:2D P:24 SP:FB
E795  91 0E     STA  A:00 X:FB Y:2D P:24 SP:FB
E797  C8        INY  A:00 X:FB Y:2D P:24 SP:FB
E798  D0 FB     BNE  A:00 X:FB Y:2E P:24 SP:FB
E795  91 0E     STA  A:00 X:FB Y:2E P:24 SP:FB
E797  C8        INY  A:00 X:FB Y:2E P:24 SP:FB
E798  D0 FB     BNE  A:00 X:FB Y:2F P:24 SP:FB
E795  91 0E     STA  A:00 X:FB Y:2F P:24 SP:FB
E797  C8        INY  A:00 X:FB Y:2F P:24 SP:FB
E798  D0 FB     BNE  A:00 X:FB Y:30 P:24 SP:FB
E795  91 0E     STA  A:00 X:FB Y:30 P:24 SP:FB
E797  C8        INY  A:00 X:FB Y:30 P:24 SP:FB
E798  D0 FB     BNE  A:00 X:FB Y:31 P:24 SP:FB
E795  91 0E     STA  A:00 X:FB Y:31 P:24 SP:FB
E797  C8        INY  A:00 X:FB Y:31 P:24 SP:FB
E798  D0 FB     BNE  A:00 X:FB Y:32 P:24 SP:FB
E795  91 0E     STA  A:00 X:FB Y:32 P:24 SP:FB
E797  C8        INY  A:00 X:FB Y:32 P:24 SP:FB
E798  D0 FB     BNE  A:00 X:FB Y:33 P:24 SP:FB
E795  91 0E     STA  A:00 X:FB Y:33 P:24 SP:FB
E797  C8        INY  A:00 X:FB Y:33 P:24 SP:FB
E798  D0 FB     BNE  A:00 X:FB Y:34 P:24 SP:FB
E795  91 0E     STA  A:00 X:FB Y:34 P:24 SP:FB
E797  C8        INY  A:00 X:FB Y:34 P:24 SP:FB
E798  D0 FB     BNE  A:00 X:FB Y:35 P:24 SP:FB
E795  91 0E     STA  A:00 X:FB Y:35 P:24 SP:FB
E797  C8        INY  A:00 X:FB Y:35 P:24 SP:FB
E798  D0 FB     BNE  A:00 X:FB Y:36 P:24 SP:FB
E795  91 0E     STA  A:00 X:FB Y:36 P:24 SP:FB
E797  C8        INY  A:00 X:FB Y:36 P:24 SP:FB
E798  D0 FB     BNE  A:00 X:FB Y:37 P:24 SP:FB
E795  91 0E     STA  A:00 X:FB Y:37 P:24 SP:FB
E797  C8        INY  A:00 X:FB Y:37 P:24 SP:FB
E798  D0 FB     BNE  A:00 X:FB Y:38 P:24 SP:FB
E795  91 0E     STA  A:00 X:FB Y:38 P:24 SP:FB
E797  C8        INY  A:00 X:FB Y:38 P:24 SP:FB
E798  D0 FB     BNE  A:00 X:FB Y:39 P:24 SP:FB
E795  91 0E     STA  A:00 X:FB Y:39 P:24 SP:FB
E797  C8        INY  A:00 X:FB Y:39 P:24 SP:FB
E798  D0 FB     BNE  A:00 X:FB Y:3A P:24 SP:FB
E795  91 0E     STA  A:00 X:FB Y:3A P:24 SP:FB
E797  C8        INY  A:00 X:FB Y:3A P:24 SP:FB
E798  D0 FB     BNE  A:00 X:FB Y:3B P:24 SP:FB
E795  91 0E     STA  A:00 X:FB Y:3B P:24 SP:FB
E797  C8        INY  A:00 X:FB Y:3B P:24 SP:FB
E798  D0 FB     BNE  A:00 X:FB Y:3C P:24 SP:FB
E795  91 0E     STA  A:00 X:FB Y:3C P:24 SP:FB
E797  C8        INY  A:00 X:FB Y:3C P:24 SP:FB
E798  D0 FB     BNE  A:00 X:FB Y:3D P:24 SP:FB
E795  91 0E     STA  A:00 X:FB Y:3D P:24 SP:FB
E797  C8        INY  A:00 X:FB Y:3D P:24 SP:FB
E798  D0 FB     BNE  A:00 X:FB Y:3E P:24 SP:FB
E795  91 0E     STA  A:00 X:FB Y:3E P:24 SP:FB
E797  C8        INY  A:00 X:FB Y:3E P:24 SP:FB
E798  D0 FB     BNE  A:00 X:FB Y:3F P:24 SP:FB
E795  91 0E     STA  A:00 X:FB Y:3F P:24 SP:FB
E797  C8        INY  A:00 X:FB Y:3F P:24 SP:FB
E798  D0 FB     BNE  A:00 X:FB Y:40 P:24 SP:FB
E795  91 0E     STA  A:00 X:FB Y:40 P:24 SP:FB
E797  C8        INY  A:00 X:FB Y:40 P:24 SP:FB
E798  D0 FB     BNE  A:00 X:FB Y:41 P:24 SP:FB
E795  91 0E     STA  A:00 X:FB Y:41 P:24 SP:FB
E797  C8        INY  A:00 X:FB Y:41 P:24 SP:FB
E798  D0 FB     BNE  A:00 X:FB Y:42 P:24 SP:FB
E795  91 0E     STA  A:00 X:FB Y:42 P:24 SP:FB
E797  C8        INY  A:00 X:FB Y:42 P:24 SP:FB
E798  D0 FB     BNE  A:00 X:FB Y:43 P:24 SP:FB
E795  91 0E     STA  A:00 X:FB Y:43 P:24 SP:FB
E797  C8        INY  A:00 X:FB Y:43 P:24 SP:FB
E798  D0 FB     BNE  A:00 X:FB Y:44 P:24 SP:FB
E795  91 0E     STA  A:00 X:FB Y:44 P:24 SP:FB
E797  C8        INY  A:00 X:FB Y:44 P:24 SP:FB
E798  D0 FB     BNE  A:00 X:FB Y:45 P:24 SP:FB
E795  91 0E     STA  A:00 X:FB Y:45 P:24 SP:FB
E797  C8        INY  A:00 X:FB Y:45 P:24 SP:FB
E798  D0 FB     BNE  A:00 X:FB Y:46 P:24 SP:FB
E795  91 0E     STA  A:00 X:FB Y:46 P:24 SP:FB
E797  C8        INY  A:00 X:FB Y:46 P:24 SP:FB
E798  D0 FB     BNE  A:00 X:FB Y:47 P:24 SP:FB
E795  91 0E     STA  A:00 X:FB Y:47 P:24 SP:FB
E797  C8        INY  A:00 X:FB Y:47 P:24 SP:FB
E798  D0 FB     BNE  A:00 X:FB Y:48 P:24 SP:FB
E795  91 0E     STA  A:00 X:FB Y:48 P:24 SP:FB
E797  C8        INY  A:00 X:FB Y:48 P:24 SP:FB
E798  D0 FB     BNE  A:00 X:FB Y:49 P:24 SP:FB
E795  91 0E     STA  A:00 X:FB Y:49 P:24 SP:FB
E797  C8        INY  A:00 X:FB Y:49 P:24 SP:FB
E798  D0 FB     BNE  A:00 X:FB Y:4A P:24 SP:FB
E795  91 0E     STA  A:00 X:FB Y:4A P:24 SP:FB
E797  C8        INY  A:00 X:FB Y:4A P:24 SP:FB
E798  D0 FB     BNE  A:00 X:FB Y:4B P:24 SP:FB
E795  91 0E     STA  A:00 X:FB Y:4B P:24 SP:FB
E797  C8        INY  A:00 X:FB Y:4B P:24 SP:FB
E798  D0 FB     BNE  A:00 X:FB Y:4C P:24 SP:FB
E795  91 0E     STA  A:00 X:FB Y:4C P:24 SP:FB
E797  C8        INY  A:00 X:FB Y:4C P:24 SP:FB
E798  D0 FB     BNE  A:00 X:FB Y:4D P:24 SP:FB
E795  91 0E     STA  A:00 X:FB Y:4D P:24 SP:FB
E797  C8        INY  A:00 X:FB Y:4D P:24 SP:FB
E798  D0 FB     BNE  A:00 X:FB Y:4E P:24 SP:FB
E795  91 0E     STA  A:00 X:FB Y:4E P:24 SP:FB
E797  C8        INY  A:00 X:FB Y:4E P:24 SP:FB
E798  D0 FB     BNE  A:00 X:FB Y:4F P:24 SP:FB
E795  91 0E     STA  A:00 X:FB Y:4F P:24 SP:FB
E797  C8        INY  A:00 X:FB Y:4F P:24 SP:FB
E798  D0 FB     BNE  A:00 X:FB Y:50 P:24 SP:FB
E795  91 0E     STA  A:00 X:FB Y:50 P:24 SP:FB
E797  C8        INY  A:00 X:FB Y:50 P:24 SP:FB
E798  D0 FB     BNE  A:00 X:FB Y:51 P:24 SP:FB
E795  91 0E     STA  A:00 X:FB Y:51 P:24 SP:FB
E797  C8        INY  A:00 X:FB Y:51 P:24 SP:FB
E798  D0 FB     BNE  A:00 X:FB Y:52 P:24 SP:FB
E795  91 0E     STA  A:00 X:FB Y:52 P:24 SP:FB
E797  C8        INY  A:00 X:FB Y:52 P:24 SP:FB
E798  D0 FB     BNE  A:00 X:FB Y:53 P:24 SP:FB
E795  91 0E     STA  A:00 X:FB Y:53 P:24 SP:FB
E797  C8        INY  A:00 X:FB Y:53 P:24 SP:FB
E798  D0 FB     BNE  A:00 X:FB Y:54 P:24 SP:FB
E795  91 0E     STA  A:00 X:FB Y:54 P:24 SP:FB
E797  C8        INY  A:00 X:FB Y:54 P:24 SP:FB
E798  D0 FB     BNE  A:00 X:FB Y:55 P:24 SP:FB
E795  91 0E     STA  A:00 X:FB Y:55 P:24 SP:FB
E797  C8        INY  A:00 X:FB Y:55 P:24 SP:FB
E798  D0 FB     BNE  A:00 X:FB Y:56 P:24 SP:FB
E795  91 0E     STA  A:00 X:FB Y:56 P:24 SP:FB
E797  C8        INY  A:00 X:FB Y:56 P:24 SP:FB
E798  D0 FB     BNE  A:00 X:FB Y:57 P:24 SP:FB
E795  91 0E     STA  A:00 X:FB Y:57 P:24 SP:FB
E797  C8        INY  A:00 X:FB Y:57 P:24 SP:FB
E798  D0 FB     BNE  A:00 X:FB Y:58 P:24 SP:FB
E795  91 0E     STA  A:00 X:FB Y:58 P:24 SP:FB
E797  C8        INY  A:00 X:FB Y:58 P:24 SP:FB
E798  D0 FB     BNE  A:00 X:FB Y:59 P:24 SP:FB
E795  91 0E     STA  A:00 X:FB Y:59 P:24 SP:FB
E797  C8        INY  A:00 X:FB Y:59 P:24 SP:FB
E798  D0 FB     BNE  A:00 X:FB Y:5A P:24 SP:FB
E795  91 0E     STA  A:00 X:FB Y:5A P:24 SP:FB
E797  C8        INY  A:00 X:FB Y:5A P:24 SP:FB
E798  D0 FB     BNE  A:00 X:FB Y:5B P:24 SP:FB
E795  91 0E     STA  A:00 X:FB Y:5B P:24 SP:FB
E797  C8        INY  A:00 X:FB Y:5B P:24 SP:FB
E798  D0 FB     BNE  A:00 X:FB Y:5C P:24 SP:FB
E795  91 0E     STA  A:00 X:FB Y:5C P:24 SP:FB
E797  C8        INY  A:00 X:FB Y:5C P:24 SP:FB
E798  D0 FB     BNE  A:00 X:FB Y:5D P:24 SP:FB
E795  91 0E     STA  A:00 X:FB Y:5D P:24 SP:FB
E797  C8        INY  A:00 X:FB Y:5D P:24 SP:FB
E798  D0 FB     BNE  A:00 X:FB Y:5E P:24 SP:FB
E795  91 0E     STA  A:00 X:FB Y:5E P:24 SP:FB
E797  C8        INY  A:00 X:FB Y:5E P:24 SP:FB
E798  D0 FB     BNE  A:00 X:FB Y:5F P:24 SP:FB
E795  91 0E     STA  A:00 X:FB Y:5F P:24 SP:FB
E797  C8        INY  A:00 X:FB Y:5F P:24 SP:FB
E798  D0 FB     BNE  A:00 X:FB Y:60 P:24 SP:FB
E795  91 0E     STA  A:00 X:FB Y:60 P:24 SP:FB
E797  C8        INY  A:00 X:FB Y:60 P:24 SP:FB
E798  D0 FB     BNE  A:00 X:FB Y:61 P:24 SP:FB
E795  91 0E     STA  A:00 X:FB Y:61 P:24 SP:FB
E797  C8        INY  A:00 X:FB Y:61 P:24 SP:FB
E798  D0 FB     BNE  A:00 X:FB Y:62 P:24 SP:FB
E795  91 0E     STA  A:00 X:FB Y:62 P:24 SP:FB
E797  C8        INY  A:00 X:FB Y:62 P:24 SP:FB
E798  D0 FB     BNE  A:00 X:FB Y:63 P:24 SP:FB
E795  91 0E     STA  A:00 X:FB Y:63 P:24 SP:FB
E797  C8        INY  A:00 X:FB Y:63 P:24 SP:FB
E798  D0 FB     BNE  A:00 X:FB Y:64 P:24 SP:FB
E795  91 0E     STA  A:00 X:FB Y:64 P:24 SP:FB
E797  C8        INY  A:00 X:FB Y:64 P:24 SP:FB
E798  D0 FB     BNE  A:00 X:FB Y:65 P:24 SP:FB
E795  91 0E     STA  A:00 X:FB Y:65 P:24 SP:FB
E797  C8        INY  A:00 X:FB Y:65 P:24 SP:FB
E798  D0 FB     BNE  A:00 X:FB Y:66 P:24 SP:FB
E795  91 0E     STA  A:00 X:FB Y:66 P:24 SP:FB
E797  C8        INY  A:00 X:FB Y:66 P:24 SP:FB
E798  D0 FB     BNE  A:00 X:FB Y:67 P:24 SP:FB
E795  91 0E     STA  A:00 X:FB Y:67 P:24 SP:FB
E797  C8        INY  A:00 X:FB Y:67 P:24 SP:FB
E798  D0 FB     BNE  A:00 X:FB Y:68 P:24 SP:FB
E795  91 0E     STA  A:00 X:FB Y:68 P:24 SP:FB
E797  C8        INY  A:00 X:FB Y:68 P:24 SP:FB
E798  D0 FB     BNE  A:00 X:FB Y:69 P:24 SP:FB
E795  91 0E     STA  A:00 X:FB Y:69 P:24 SP:FB
E797  C8        INY  A:00 X:FB Y:69 P:24 SP:FB
E798  D0 FB     BNE  A:00 X:FB Y:6A P:24 SP:FB
E795  91 0E     STA  A:00 X:FB Y:6A P:24 SP:FB
E797  C8        INY  A:00 X:FB Y:6A P:24 SP:FB
E798  D0 FB     BNE  A:00 X:FB Y:6B P:24 SP:FB
E795  91 0E     STA  A:00 X:FB Y:6B P:24 SP:FB
E797  C8        INY  A:00 X:FB Y:6B P:24 SP:FB
E798  D0 FB     BNE  A:00 X:FB Y:6C P:24 SP:FB
E795  91 0E     STA  A:00 X:FB Y:6C P:24 SP:FB
E797  C8        INY  A:00 X:FB Y:6C P:24 SP:FB
E798  D0 FB     BNE  A:00 X:FB Y:6D P:24 SP:FB
E795  91 0E     STA  A:00 X:FB Y:6D P:24 SP:FB
E797  C8        INY  A:00 X:FB Y:6D P:24 SP:FB
E798  D0 FB     BNE  A:00 X:FB Y:6E P:24 SP:FB
E795  91 0E     STA  A:00 X:FB Y:6E P:24 SP:FB
E797  C8        INY  A:00 X:FB Y:6E P:24 SP:FB
E798  D0 FB     BNE  A:00 X:FB Y:6F P:24 SP:FB
E795  91 0E     STA  A:00 X:FB Y:6F P:24 SP:FB
E797  C8        INY  A:00 X:FB Y:6F P:24 SP:FB
E798  D0 FB     BNE  A:00 X:FB Y:70 P:24 SP:FB
E795  91 0E     STA  A:00 X:FB Y:70 P:24 SP:FB
E797  C8        INY  A:00 X:FB Y:70 P:24 SP:FB
E798  D0 FB     BNE  A:00 X:FB Y:71 P:24 SP:FB
E795  91 0E     STA  A:00 X:FB Y:71 P:24 SP:FB
E797  C8        INY  A:00 X:FB Y:71 P:24 SP:FB
E798  D0 FB     BNE  A:00 X:FB Y:72 P:24 SP:FB
E795  91 0E     STA  A:00 X:FB Y:72 P:24 SP:FB
E797  C8        INY  A:00 X:FB Y:72 P:24 SP:FB
E798  D0 FB     BNE  A:00 X:FB Y:73 P:24 SP:FB
E795  91 0E     STA  A:00 X:FB Y:73 P:24 SP:FB
E797  C8        INY  A:00 X:FB Y:73 P:24 SP:FB
E798  D0 FB     BNE  A:00 X:FB Y:74 P:24 SP:FB
E795  91 0E     STA  A:00 X:FB Y:74 P:24 SP:FB
E797  C8        INY  A:00 X:FB Y:74 P:24 SP:FB
E798  D0 FB     BNE  A:00 X:FB Y:75 P:24 SP:FB
E795  91 0E     STA  A:00 X:FB Y:75 P:24 SP:FB
E797  C8        INY  A:00 X:FB Y:75 P:24 SP:FB
E798  D0 FB     BNE  A:00 X:FB Y:76 P:24 SP:FB
E795  91 0E     STA  A:00 X:FB Y:76 P:24 SP:FB
E797  C8        INY  A:00 X:FB Y:76 P:24 SP:FB
E798  D0 FB     BNE  A:00 X:FB Y:77 P:24 SP:FB
E795  91 0E     STA  A:00 X:FB Y:77 P:24 SP:FB
E797  C8        INY  A:00 X:FB Y:77 P:24 SP:FB
E798  D0 FB     BNE  A:00 X:FB Y:78 P:24 SP:FB
E795  91 0E     STA  A:00 X:FB Y:78 P:24 SP:FB
E797  C8        INY  A:00 X:FB Y:78 P:24 SP:FB
E798  D0 FB     BNE  A:00 X:FB Y:79 P:24 SP:FB
E795  91 0E     STA  A:00 X:FB Y:79 P:24 SP:FB
E797  C8        INY  A:00 X:FB Y:79 P:24 SP:FB
E798  D0 FB     BNE  A:00 X:FB Y:7A P:24 SP:FB
E795  91 0E     STA  A:00 X:FB Y:7A P:24 SP:FB
E797  C8        INY  A:00 X:FB Y:7A P:24 SP:FB
E798  D0 FB     BNE  A:00 X:FB Y:7B P:24 SP:FB
E795  91 0E     STA  A:00 X:FB Y:7B P:24 SP:FB
E797  C8        INY  A:00 X:FB Y:7B P:24 SP:FB
E798  D0 FB     BNE  A:00 X:FB Y:7C P:24 SP:FB
E795  91 0E     STA  A:00 X:FB Y:7C P:24 SP:FB
E797  C8        INY  A:00 X:FB Y:7C P:24 SP:FB
E798  D0 FB     BNE  A:00 X:FB Y:7D P:24 SP:FB
E795  91 0E     STA  A:00 X:FB Y:7D P:24 SP:FB
E797  C8        INY  A:00 X:FB Y:7D P:24 SP:FB
E798  D0 FB     BNE  A:00 X:FB Y:7E P:24 SP:FB
E795  91 0E     STA  A:00 X:FB Y:7E P:24 SP:FB
E797  C8        INY  A:00 X:FB Y:7E P:24 SP:FB
E798  D0 FB     BNE  A:00 X:FB Y:7F P:24 SP:FB
E795  91 0E     STA  A:00 X:FB Y:7F P:24 SP:FB
E797  C8        INY  A:00 X:FB Y:7F P:24 SP:FB
E798  D0 FB     BNE  A:00 X:FB Y:80 P:A4 SP:FB
E795  91 0E     STA  A:00 X:FB Y:80 P:A4 SP:FB
E797  C8        INY  A:00 X:FB Y:80 P:A4 SP:FB
E798  D0 FB     BNE  A:00 X:FB Y:81 P:A4 SP:FB
E795  91 0E     STA  A:00 X:FB Y:81 P:A4 SP:FB
E797  C8        INY  A:00 X:FB Y:81 P:A4 SP:FB
E798  D0 FB     BNE  A:00 X:FB Y:82 P:A4 SP:FB
E795  91 0E     STA  A:00 X:FB Y:82 P:A4 SP:FB
E797  C8        INY  A:00 X:FB Y:82 P:A4 SP:FB
E798  D0 FB     BNE  A:00 X:FB Y:83 P:A4 SP:FB
E795  91 0E     STA  A:00 X:FB Y:83 P:A4 SP:FB
E797  C8        INY  A:00 X:FB Y:83 P:A4 SP:FB
E798  D0 FB     BNE  A:00 X:FB Y:84 P:A4 SP:FB
E795  91 0E     STA  A:00 X:FB Y:84 P:A4 SP:FB
E797  C8        INY  A:00 X:FB Y:84 P:A4 SP:FB
E798  D0 FB     BNE  A:00 X:FB Y:85 P:A4 SP:FB
E795  91 0E     STA  A:00 X:FB Y:85 P:A4 SP:FB
E797  C8        INY  A:00 X:FB Y:85 P:A4 SP:FB
E798  D0 FB     BNE  A:00 X:FB Y:86 P:A4 SP:FB
E795  91 0E     STA  A:00 X:FB Y:86 P:A4 SP:FB
E797  C8        INY  A:00 X:FB Y:86 P:A4 SP:FB
E798  D0 FB     BNE  A:00 X:FB Y:87 P:A4 SP:FB
E795  91 0E     STA  A:00 X:FB Y:87 P:A4 SP:FB
E797  C8        INY  A:00 X:FB Y:87 P:A4 SP:FB
E798  D0 FB     BNE  A:00 X:FB Y:88 P:A4 SP:FB
E795  91 0E     STA  A:00 X:FB Y:88 P:A4 SP:FB
E797  C8        INY  A:00 X:FB Y:88 P:A4 SP:FB
E798  D0 FB     BNE  A:00 X:FB Y:89 P:A4 SP:FB
E795  91 0E     STA  A:00 X:FB Y:89 P:A4 SP:FB
E797  C8        INY  A:00 X:FB Y:89 P:A4 SP:FB
E798  D0 FB     BNE  A:00 X:FB Y:8A P:A4 SP:FB
E795  91 0E     STA  A:00 X:FB Y:8A P:A4 SP:FB
E797  C8        INY  A:00 X:FB Y:8A P:A4 SP:FB
E798  D0 FB     BNE  A:00 X:FB Y:8B P:A4 SP:FB
E795  91 0E     STA  A:00 X:FB Y:8B P:A4 SP:FB
E797  C8        INY  A:00 X:FB Y:8B P:A4 SP:FB
E798  D0 FB     BNE  A:00 X:FB Y:8C P:A4 SP:FB
E795  91 0E     STA  A:00 X:FB Y:8C P:A4 SP:FB
E797  C8        INY  A:00 X:FB Y:8C P:A4 SP:FB
E798  D0 FB     BNE  A:00 X:FB Y:8D P:A4 SP:FB
E795  91 0E     STA  A:00 X:FB Y:8D P:A4 SP:FB
E797  C8        INY  A:00 X:FB Y:8D P:A4 SP:FB
E798  D0 FB     BNE  A:00 X:FB Y:8E P:A4 SP:FB
E795  91 0E     STA  A:00 X:FB Y:8E P:A4 SP:FB
E797  C8        INY  A:00 X:FB Y:8E P:A4 SP:FB
E798  D0 FB     BNE  A:00 X:FB Y:8F P:A4 SP:FB
E795  91 0E     STA  A:00 X:FB Y:8F P:A4 SP:FB
E797  C8        INY  A:00 X:FB Y:8F P:A4 SP:FB
E798  D0 FB     BNE  A:00 X:FB Y:90 P:A4 SP:FB
E795  91 0E     STA  A:00 X:FB Y:90 P:A4 SP:FB
E797  C8        INY  A:00 X:FB Y:90 P:A4 SP:FB
E798  D0 FB     BNE  A:00 X:FB Y:91 P:A4 SP:FB
E795  91 0E     STA  A:00 X:FB Y:91 P:A4 SP:FB
E797  C8        INY  A:00 X:FB Y:91 P:A4 SP:FB
E798  D0 FB     BNE  A:00 X:FB Y:92 P:A4 SP:FB
E795  91 0E     STA  A:00 X:FB Y:92 P:A4 SP:FB
E797  C8        INY  A:00 X:FB Y:92 P:A4 SP:FB
E798  D0 FB     BNE  A:00 X:FB Y:93 P:A4 SP:FB
E795  91 0E     STA  A:00 X:FB Y:93 P:A4 SP:FB
E797  C8        INY  A:00 X:FB Y:93 P:A4 SP:FB
E798  D0 FB     BNE  A:00 X:FB Y:94 P:A4 SP:FB
E795  91 0E     STA  A:00 X:FB Y:94 P:A4 SP:FB
E797  C8        INY  A:00 X:FB Y:94 P:A4 SP:FB
E798  D0 FB     BNE  A:00 X:FB Y:95 P:A4 SP:FB
E795  91 0E     STA  A:00 X:FB Y:95 P:A4 SP:FB
E797  C8        INY  A:00 X:FB Y:95 P:A4 SP:FB
E798  D0 FB     BNE  A:00 X:FB Y:96 P:A4 SP:FB
E795  91 0E     STA  A:00 X:FB Y:96 P:A4 SP:FB
E797  C8        INY  A:00 X:FB Y:96 P:A4 SP:FB
E798  D0 FB     BNE  A:00 X:FB Y:97 P:A4 SP:FB
E795  91 0E     STA  A:00 X:FB Y:97 P:A4 SP:FB
E797  C8        INY  A:00 X:FB Y:97 P:A4 SP:FB
E798  D0 FB     BNE  A:00 X:FB Y:98 P:A4 SP:FB
E795  91 0E     STA  A:00 X:FB Y:98 P:A4 SP:FB
E797  C8        INY  A:00 X:FB Y:98 P:A4 SP:FB
E798  D0 FB     BNE  A:00 X:FB Y:99 P:A4 SP:FB
E795  91 0E     STA  A:00 X:FB Y:99 P:A4 SP:FB
E797  C8        INY  A:00 X:FB Y:99 P:A4 SP:FB
E798  D0 FB     BNE  A:00 X:FB Y:9A P:A4 SP:FB
E795  91 0E     STA  A:00 X:FB Y:9A P:A4 SP:FB
E797  C8        INY  A:00 X:FB Y:9A P:A4 SP:FB
E798  D0 FB     BNE  A:00 X:FB Y:9B P:A4 SP:FB
E795  91 0E     STA  A:00 X:FB Y:9B P:A4 SP:FB
E797  C8        INY  A:00 X:FB Y:9B P:A4 SP:FB
E798  D0 FB     BNE  A:00 X:FB Y:9C P:A4 SP:FB
E795  91 0E     STA  A:00 X:FB Y:9C P:A4 SP:FB
E797  C8        INY  A:00 X:FB Y:9C P:A4 SP:FB
E798  D0 FB     BNE  A:00 X:FB Y:9D P:A4 SP:FB
E795  91 0E     STA  A:00 X:FB Y:9D P:A4 SP:FB
E797  C8        INY  A:00 X:FB Y:9D P:A4 SP:FB
E798  D0 FB     BNE  A:00 X:FB Y:9E P:A4 SP:FB
E795  91 0E     STA  A:00 X:FB Y:9E P:A4 SP:FB
E797  C8        INY  A:00 X:FB Y:9E P:A4 SP:FB
E798  D0 FB     BNE  A:00 X:FB Y:9F P:A4 SP:FB
E795  91 0E     STA  A:00 X:FB Y:9F P:A4 SP:FB
E797  C8        INY  A:00 X:FB Y:9F P:A4 SP:FB
E798  D0 FB     BNE  A:00 X:FB Y:A0 P:A4 SP:FB
E795  91 0E     STA  A:00 X:FB Y:A0 P:A4 SP:FB
E797  C8        INY  A:00 X:FB Y:A0 P:A4 SP:FB
E798  D0 FB     BNE  A:00 X:FB Y:A1 P:A4 SP:FB
E795  91 0E     STA  A:00 X:FB Y:A1 P:A4 SP:FB
E797  C8        INY  A:00 X:FB Y:A1 P:A4 SP:FB
E798  D0 FB     BNE  A:00 X:FB Y:A2 P:A4 SP:FB
E795  91 0E     STA  A:00 X:FB Y:A2 P:A4 SP:FB
E797  C8        INY  A:00 X:FB Y:A2 P:A4 SP:FB
E798  D0 FB     BNE  A:00 X:FB Y:A3 P:A4 SP:FB
E795  91 0E     STA  A:00 X:FB Y:A3 P:A4 SP:FB
E797  C8        INY  A:00 X:FB Y:A3 P:A4 SP:FB
E798  D0 FB     BNE  A:00 X:FB Y:A4 P:A4 SP:FB
E795  91 0E     STA  A:00 X:FB Y:A4 P:A4 SP:FB
E797  C8        INY  A:00 X:FB Y:A4 P:A4 SP:FB
E798  D0 FB     BNE  A:00 X:FB Y:A5 P:A4 SP:FB
E795  91 0E     STA  A:00 X:FB Y:A5 P:A4 SP:FB
E797  C8        INY  A:00 X:FB Y:A5 P:A4 SP:FB
E798  D0 FB     BNE  A:00 X:FB Y:A6 P:A4 SP:FB
E795  91 0E     STA  A:00 X:FB Y:A6 P:A4 SP:FB
E797  C8        INY  A:00 X:FB Y:A6 P:A4 SP:FB
E798  D0 FB     BNE  A:00 X:FB Y:A7 P:A4 SP:FB
E795  91 0E     STA  A:00 X:FB Y:A7 P:A4 SP:FB
E797  C8        INY  A:00 X:FB Y:A7 P:A4 SP:FB
E798  D0 FB     BNE  A:00 X:FB Y:A8 P:A4 SP:FB
E795  91 0E     STA  A:00 X:FB Y:A8 P:A4 SP:FB
E797  C8        INY  A:00 X:FB Y:A8 P:A4 SP:FB
E798  D0 FB     BNE  A:00 X:FB Y:A9 P:A4 SP:FB
E795  91 0E     STA  A:00 X:FB Y:A9 P:A4 SP:FB
E797  C8        INY  A:00 X:FB Y:A9 P:A4 SP:FB
E798  D0 FB     BNE  A:00 X:FB Y:AA P:A4 SP:FB
E795  91 0E     STA  A:00 X:FB Y:AA P:A4 SP:FB
E797  C8        INY  A:00 X:FB Y:AA P:A4 SP:FB
E798  D0 FB     BNE  A:00 X:FB Y:AB P:A4 SP:FB
E795  91 0E     STA  A:00 X:FB Y:AB P:A4 SP:FB
E797  C8        INY  A:00 X:FB Y:AB P:A4 SP:FB
E798  D0 FB     BNE  A:00 X:FB Y:AC P:A4 SP:FB
E795  91 0E     STA  A:00 X:FB Y:AC P:A4 SP:FB
E797  C8        INY  A:00 X:FB Y:AC P:A4 SP:FB
E798  D0 FB     BNE  A:00 X:FB Y:AD P:A4 SP:FB
E795  91 0E     STA  A:00 X:FB Y:AD P:A4 SP:FB
E797  C8        INY  A:00 X:FB Y:AD P:A4 SP:FB
E798  D0 FB     BNE  A:00 X:FB Y:AE P:A4 SP:FB
E795  91 0E     STA  A:00 X:FB Y:AE P:A4 SP:FB
E797  C8        INY  A:00 X:FB Y:AE P:A4 SP:FB
E798  D0 FB     BNE  A:00 X:FB Y:AF P:A4 SP:FB
E795  91 0E     STA  A:00 X:FB Y:AF P:A4 SP:FB
E797  C8        INY  A:00 X:FB Y:AF P:A4 SP:FB
E798  D0 FB     BNE  A:00 X:FB Y:B0 P:A4 SP:FB
E795  91 0E     STA  A:00 X:FB Y:B0 P:A4 SP:FB
E797  C8        INY  A:00 X:FB Y:B0 P:A4 SP:FB
E798  D0 FB     BNE  A:00 X:FB Y:B1 P:A4 SP:FB
E795  91 0E     STA  A:00 X:FB Y:B1 P:A4 SP:FB
E797  C8        INY  A:00 X:FB Y:B1 P:A4 SP:FB
E798  D0 FB     BNE  A:00 X:FB Y:B2 P:A4 SP:FB
E795  91 0E     STA  A:00 X:FB Y:B2 P:A4 SP:FB
E797  C8        INY  A:00 X:FB Y:B2 P:A4 SP:FB
E798  D0 FB     BNE  A:00 X:FB Y:B3 P:A4 SP:FB
E795  91 0E     STA  A:00 X:FB Y:B3 P:A4 SP:FB
E797  C8        INY  A:00 X:FB Y:B3 P:A4 SP:FB
E798  D0 FB     BNE  A:00 X:FB Y:B4 P:A4 SP:FB
E795  91 0E     STA  A:00 X:FB Y:B4 P:A4 SP:FB
E797  C8        INY  A:00 X:FB Y:B4 P:A4 SP:FB
E798  D0 FB     BNE  A:00 X:FB Y:B5 P:A4 SP:FB
E795  91 0E     STA  A:00 X:FB Y:B5 P:A4 SP:FB
E797  C8        INY  A:00 X:FB Y:B5 P:A4 SP:FB
E798  D0 FB     BNE  A:00 X:FB Y:B6 P:A4 SP:FB
E795  91 0E     STA  A:00 X:FB Y:B6 P:A4 SP:FB
E797  C8        INY  A:00 X:FB Y:B6 P:A4 SP:FB
E798  D0 FB     BNE  A:00 X:FB Y:B7 P:A4 SP:FB
E795  91 0E     STA  A:00 X:FB Y:B7 P:A4 SP:FB
E797  C8        INY  A:00 X:FB Y:B7 P:A4 SP:FB
E798  D0 FB     BNE  A:00 X:FB Y:B8 P:A4 SP:FB
E795  91 0E     STA  A:00 X:FB Y:B8 P:A4 SP:FB
E797  C8        INY  A:00 X:FB Y:B8 P:A4 SP:FB
E798  D0 FB     BNE  A:00 X:FB Y:B9 P:A4 SP:FB
E795  91 0E     STA  A:00 X:FB Y:B9 P:A4 SP:FB
E797  C8        INY  A:00 X:FB Y:B9 P:A4 SP:FB
E798  D0 FB     BNE  A:00 X:FB Y:BA P:A4 SP:FB
E795  91 0E     STA  A:00 X:FB Y:BA P:A4 SP:FB
E797  C8        INY  A:00 X:FB Y:BA P:A4 SP:FB
E798  D0 FB     BNE  A:00 X:FB Y:BB P:A4 SP:FB
E795  91 0E     STA  A:00 X:FB Y:BB P:A4 SP:FB
E797  C8        INY  A:00 X:FB Y:BB P:A4 SP:FB
E798  D0 FB     BNE  A:00 X:FB Y:BC P:A4 SP:FB
E795  91 0E     STA  A:00 X:FB Y:BC P:A4 SP:FB
E797  C8        INY  A:00 X:FB Y:BC P:A4 SP:FB
E798  D0 FB     BNE  A:00 X:FB Y:BD P:A4 SP:FB
E795  91 0E     STA  A:00 X:FB Y:BD P:A4 SP:FB
E797  C8        INY  A:00 X:FB Y:BD P:A4 SP:FB
E798  D0 FB     BNE  A:00 X:FB Y:BE P:A4 SP:FB
E795  91 0E     STA  A:00 X:FB Y:BE P:A4 SP:FB
E797  C8        INY  A:00 X:FB Y:BE P:A4 SP:FB
E798  D0 FB     BNE  A:00 X:FB Y:BF P:A4 SP:FB
E795  91 0E     STA  A:00 X:FB Y:BF P:A4 SP:FB
E797  C8        INY  A:00 X:FB Y:BF P:A4 SP:FB
E798  D0 FB     BNE  A:00 X:FB Y:C0 P:A4 SP:FB
E795  91 0E     STA  A:00 X:FB Y:C0 P:A4 SP:FB
E797  C8        INY  A:00 X:FB Y:C0 P:A4 SP:FB
E798  D0 FB     BNE  A:00 X:FB Y:C1 P:A4 SP:FB
E795  91 0E     STA  A:00 X:FB Y:C1 P:A4 SP:FB
E797  C8        INY  A:00 X:FB Y:C1 P:A4 SP:FB
E798  D0 FB     BNE  A:00 X:FB Y:C2 P:A4 SP:FB
E795  91 0E     STA  A:00 X:FB Y:C2 P:A4 SP:FB
E797  C8        INY  A:00 X:FB Y:C2 P:A4 SP:FB
E798  D0 FB     BNE  A:00 X:FB Y:C3 P:A4 SP:FB
E795  91 0E     STA  A:00 X:FB Y:C3 P:A4 SP:FB
E797  C8        INY  A:00 X:FB Y:C3 P:A4 SP:FB
E798  D0 FB     BNE  A:00 X:FB Y:C4 P:A4 SP:FB
E795  91 0E     STA  A:00 X:FB Y:C4 P:A4 SP:FB
E797  C8        INY  A:00 X:FB Y:C4 P:A4 SP:FB
E798  D0 FB     BNE  A:00 X:FB Y:C5 P:A4 SP:FB
E795  91 0E     STA  A:00 X:FB Y:C5 P:A4 SP:FB
E797  C8        INY  A:00 X:FB Y:C5 P:A4 SP:FB
E798  D0 FB     BNE  A:00 X:FB Y:C6 P:A4 SP:FB
E795  91 0E     STA  A:00 X:FB Y:C6 P:A4 SP:FB
E797  C8        INY  A:00 X:FB Y:C6 P:A4 SP:FB
E798  D0 FB     BNE  A:00 X:FB Y:C7 P:A4 SP:FB
E795  91 0E     STA  A:00 X:FB Y:C7 P:A4 SP:FB
E797  C8        INY  A:00 X:FB Y:C7 P:A4 SP:FB
E798  D0 FB     BNE  A:00 X:FB Y:C8 P:A4 SP:FB
E795  91 0E     STA  A:00 X:FB Y:C8 P:A4 SP:FB
E797  C8        INY  A:00 X:FB Y:C8 P:A4 SP:FB
E798  D0 FB     BNE  A:00 X:FB Y:C9 P:A4 SP:FB
E795  91 0E     STA  A:00 X:FB Y:C9 P:A4 SP:FB
E797  C8        INY  A:00 X:FB Y:C9 P:A4 SP:FB
E798  D0 FB     BNE  A:00 X:FB Y:CA P:A4 SP:FB
E795  91 0E     STA  A:00 X:FB Y:CA P:A4 SP:FB
E797  C8        INY  A:00 X:FB Y:CA P:A4 SP:FB
E798  D0 FB     BNE  A:00 X:FB Y:CB P:A4 SP:FB
E795  91 0E     STA  A:00 X:FB Y:CB P:A4 SP:FB
E797  C8        INY  A:00 X:FB Y:CB P:A4 SP:FB
E798  D0 FB     BNE  A:00 X:FB Y:CC P:A4 SP:FB
E795  91 0E     STA  A:00 X:FB Y:CC P:A4 SP:FB
E797  C8        INY  A:00 X:FB Y:CC P:A4 SP:FB
E798  D0 FB     BNE  A:00 X:FB Y:CD P:A4 SP:FB
E795  91 0E     STA  A:00 X:FB Y:CD P:A4 SP:FB
E797  C8        INY  A:00 X:FB Y:CD P:A4 SP:FB
E798  D0 FB     BNE  A:00 X:FB Y:CE P:A4 SP:FB
E795  91 0E     STA  A:00 X:FB Y:CE P:A4 SP:FB
E797  C8        INY  A:00 X:FB Y:CE P:A4 SP:FB
E798  D0 FB     BNE  A:00 X:FB Y:CF P:A4 SP:FB
E795  91 0E     STA  A:00 X:FB Y:CF P:A4 SP:FB
E797  C8        INY  A:00 X:FB Y:CF P:A4 SP:FB
E798  D0 FB     BNE  A:00 X:FB Y:D0 P:A4 SP:FB
E795  91 0E     STA  A:00 X:FB Y:D0 P:A4 SP:FB
E797  C8        INY  A:00 X:FB Y:D0 P:A4 SP:FB
E798  D0 FB     BNE  A:00 X:FB Y:D1 P:A4 SP:FB
E795  91 0E     STA  A:00 X:FB Y:D1 P:A4 SP:FB
E797  C8        INY  A:00 X:FB Y:D1 P:A4 SP:FB
E798  D0 FB     BNE  A:00 X:FB Y:D2 P:A4 SP:FB
E795  91 0E     STA  A:00 X:FB Y:D2 P:A4 SP:FB
E797  C8        INY  A:00 X:FB Y:D2 P:A4 SP:FB
E798  D0 FB     BNE  A:00 X:FB Y:D3 P:A4 SP:FB
E795  91 0E     STA  A:00 X:FB Y:D3 P:A4 SP:FB
E797  C8        INY  A:00 X:FB Y:D3 P:A4 SP:FB
E798  D0 FB     BNE  A:00 X:FB Y:D4 P:A4 SP:FB
E795  91 0E     STA  A:00 X:FB Y:D4 P:A4 SP:FB
E797  C8        INY  A:00 X:FB Y:D4 P:A4 SP:FB
E798  D0 FB     BNE  A:00 X:FB Y:D5 P:A4 SP:FB
E795  91 0E     STA  A:00 X:FB Y:D5 P:A4 SP:FB
E797  C8        INY  A:00 X:FB Y:D5 P:A4 SP:FB
E798  D0 FB     BNE  A:00 X:FB Y:D6 P:A4 SP:FB
E795  91 0E     STA  A:00 X:FB Y:D6 P:A4 SP:FB
E797  C8        INY  A:00 X:FB Y:D6 P:A4 SP:FB
E798  D0 FB     BNE  A:00 X:FB Y:D7 P:A4 SP:FB
E795  91 0E     STA  A:00 X:FB Y:D7 P:A4 SP:FB
E797  C8        INY  A:00 X:FB Y:D7 P:A4 SP:FB
E798  D0 FB     BNE  A:00 X:FB Y:D8 P:A4 SP:FB
E795  91 0E     STA  A:00 X:FB Y:D8 P:A4 SP:FB
E797  C8        INY  A:00 X:FB Y:D8 P:A4 SP:FB
E798  D0 FB     BNE  A:00 X:FB Y:D9 P:A4 SP:FB
E795  91 0E     STA  A:00 X:FB Y:D9 P:A4 SP:FB
E797  C8        INY  A:00 X:FB Y:D9 P:A4 SP:FB
E798  D0 FB     BNE  A:00 X:FB Y:DA P:A4 SP:FB
E795  91 0E     STA  A:00 X:FB Y:DA P:A4 SP:FB
E797  C8        INY  A:00 X:FB Y:DA P:A4 SP:FB
E798  D0 FB     BNE  A:00 X:FB Y:DB P:A4 SP:FB
E795  91 0E     STA  A:00 X:FB Y:DB P:A4 SP:FB
E797  C8        INY  A:00 X:FB Y:DB P:A4 SP:FB
E798  D0 FB     BNE  A:00 X:FB Y:DC P:A4 SP:FB
E795  91 0E     STA  A:00 X:FB Y:DC P:A4 SP:FB
E797  C8        INY  A:00 X:FB Y:DC P:A4 SP:FB
E798  D0 FB     BNE  A:00 X:FB Y:DD P:A4 SP:FB
E795  91 0E     STA  A:00 X:FB Y:DD P:A4 SP:FB
E797  C8        INY  A:00 X:FB Y:DD P:A4 SP:FB
E798  D0 FB     BNE  A:00 X:FB Y:DE P:A4 SP:FB
E795  91 0E     STA  A:00 X:FB Y:DE P:A4 SP:FB
E797  C8        INY  A:00 X:FB Y:DE P:A4 SP:FB
E798  D0 FB     BNE  A:00 X:FB Y:DF P:A4 SP:FB
E795  91 0E     STA  A:00 X:FB Y:DF P:A4 SP:FB
E797  C8        INY  A:00 X:FB Y:DF P:A4 SP:FB
E798  D0 FB     BNE  A:00 X:FB Y:E0 P:A4 SP:FB
E795  91 0E     STA  A:00 X:FB Y:E0 P:A4 SP:FB
E797  C8        INY  A:00 X:FB Y:E0 P:A4 SP:FB
E798  D0 FB     BNE  A:00 X:FB Y:E1 P:A4 SP:FB
E795  91 0E     STA  A:00 X:FB Y:E1 P:A4 SP:FB
E797  C8        INY  A:00 X:FB Y:E1 P:A4 SP:FB
E798  D0 FB     BNE  A:00 X:FB Y:E2 P:A4 SP:FB
E795  91 0E     STA  A:00 X:FB Y:E2 P:A4 SP:FB
E797  C8        INY  A:00 X:FB Y:E2 P:A4 SP:FB
E798  D0 FB     BNE  A:00 X:FB Y:E3 P:A4 SP:FB
E795  91 0E     STA  A:00 X:FB Y:E3 P:A4 SP:FB
E797  C8        INY  A:00 X:FB Y:E3 P:A4 SP:FB
E798  D0 FB     BNE  A:00 X:FB Y:E4 P:A4 SP:FB
E795  91 0E     STA  A:00 X:FB Y:E4 P:A4 SP:FB
E797  C8        INY  A:00 X:FB Y:E4 P:A4 SP:FB
E798  D0 FB     BNE  A:00 X:FB Y:E5 P:A4 SP:FB
E795  91 0E     STA  A:00 X:FB Y:E5 P:A4 SP:FB
E797  C8        INY  A:00 X:FB Y:E5 P:A4 SP:FB
E798  D0 FB     BNE  A:00 X:FB Y:E6 P:A4 SP:FB
E795  91 0E     STA  A:00 X:FB Y:E6 P:A4 SP:FB
E797  C8        INY  A:00 X:FB Y:E6 P:A4 SP:FB
E798  D0 FB     BNE  A:00 X:FB Y:E7 P:A4 SP:FB
E795  91 0E     STA  A:00 X:FB Y:E7 P:A4 SP:FB
E797  C8        INY  A:00 X:FB Y:E7 P:A4 SP:FB
E798  D0 FB     BNE  A:00 X:FB Y:E8 P:A4 SP:FB
E795  91 0E     STA  A:00 X:FB Y:E8 P:A4 SP:FB
E797  C8        INY  A:00 X:FB Y:E8 P:A4 SP:FB
E798  D0 FB     BNE  A:00 X:FB Y:E9 P:A4 SP:FB
E795  91 0E     STA  A:00 X:FB Y:E9 P:A4 SP:FB
E797  C8        INY  A:00 X:FB Y:E9 P:A4 SP:FB
E798  D0 FB     BNE  A:00 X:FB Y:EA P:A4 SP:FB
E795  91 0E     STA  A:00 X:FB Y:EA P:A4 SP:FB
E797  C8        INY  A:00 X:FB Y:EA P:A4 SP:FB
E798  D0 FB     BNE  A:00 X:FB Y:EB P:A4 SP:FB
E795  91 0E     STA  A:00 X:FB Y:EB P:A4 SP:FB
E797  C8        INY  A:00 X:FB Y:EB P:A4 SP:FB
E798  D0 FB     BNE  A:00 X:FB Y:EC P:A4 SP:FB
E795  91 0E     STA  A:00 X:FB Y:EC P:A4 SP:FB
E797  C8        INY  A:00 X:FB Y:EC P:A4 SP:FB
E798  D0 FB     BNE  A:00 X:FB Y:ED P:A4 SP:FB
E795  91 0E     STA  A:00 X:FB Y:ED P:A4 SP:FB
E797  C8        INY  A:00 X:FB Y:ED P:A4 SP:FB
E798  D0 FB     BNE  A:00 X:FB Y:EE P:A4 SP:FB
E795  91 0E     STA  A:00 X:FB Y:EE P:A4 SP:FB
E797  C8        INY  A:00 X:FB Y:EE P:A4 SP:FB
E798  D0 FB     BNE  A:00 X:FB Y:EF P:A4 SP:FB
E795  91 0E     STA  A:00 X:FB Y:EF P:A4 SP:FB
E797  C8        INY  A:00 X:FB Y:EF P:A4 SP:FB
E798  D0 FB     BNE  A:00 X:FB Y:F0 P:A4 SP:FB
E795  91 0E     STA  A:00 X:FB Y:F0 P:A4 SP:FB
E797  C8        INY  A:00 X:FB Y:F0 P:A4 SP:FB
E798  D0 FB     BNE  A:00 X:FB Y:F1 P:A4 SP:FB
E795  91 0E     STA  A:00 X:FB Y:F1 P:A4 SP:FB
E797  C8        INY  A:00 X:FB Y:F1 P:A4 SP:FB
E798  D0 FB     BNE  A:00 X:FB Y:F2 P:A4 SP:FB
E795  91 0E     STA  A:00 X:FB Y:F2 P:A4 SP:FB
E797  C8        INY  A:00 X:FB Y:F2 P:A4 SP:FB
E798  D0 FB     BNE  A:00 X:FB Y:F3 P:A4 SP:FB
E795  91 0E     STA  A:00 X:FB Y:F3 P:A4 SP:FB
E797  C8        INY  A:00 X:FB Y:F3 P:A4 SP:FB
E798  D0 FB     BNE  A:00 X:FB Y:F4 P:A4 SP:FB
E795  91 0E     STA  A:00 X:FB Y:F4 P:A4 SP:FB
E797  C8        INY  A:00 X:FB Y:F4 P:A4 SP:FB
E798  D0 FB     BNE  A:00 X:FB Y:F5 P:A4 SP:FB
E795  91 0E     STA  A:00 X:FB Y:F5 P:A4 SP:FB
E797  C8        INY  A:00 X:FB Y:F5 P:A4 SP:FB
E798  D0 FB     BNE  A:00 X:FB Y:F6 P:A4 SP:FB
E795  91 0E     STA  A:00 X:FB Y:F6 P:A4 SP:FB
E797  C8        INY  A:00 X:FB Y:F6 P:A4 SP:FB
E798  D0 FB     BNE  A:00 X:FB Y:F7 P:A4 SP:FB
E795  91 0E     STA  A:00 X:FB Y:F7 P:A4 SP:FB
E797  C8        INY  A:00 X:FB Y:F7 P:A4 SP:FB
E798  D0 FB     BNE  A:00 X:FB Y:F8 P:A4 SP:FB
E795  91 0E     STA  A:00 X:FB Y:F8 P:A4 SP:FB
E797  C8        INY  A:00 X:FB Y:F8 P:A4 SP:FB
E798  D0 FB     BNE  A:00 X:FB Y:F9 P:A4 SP:FB
E795  91 0E     STA  A:00 X:FB Y:F9 P:A4 SP:FB
E797  C8        INY  A:00 X:FB Y:F9 P:A4 SP:FB
E798  D0 FB     BNE  A:00 X:FB Y:FA P:A4 SP:FB
E795  91 0E     STA  A:00 X:FB Y:FA P:A4 SP:FB
E797  C8        INY  A:00 X:FB Y:FA P:A4 SP:FB
E798  D0 FB     BNE  A:00 X:FB Y:FB P:A4 SP:FB
E795  91 0E     STA  A:00 X:FB Y:FB P:A4 SP:FB
E797  C8        INY  A:00 X:FB Y:FB P:A4 SP:FB
E798  D0 FB     BNE  A:00 X:FB Y:FC P:A4 SP:FB
E795  91 0E     STA  A:00 X:FB Y:FC P:A4 SP:FB
E797  C8        INY  A:00 X:FB Y:FC P:A4 SP:FB
E798  D0 FB     BNE  A:00 X:FB Y:FD P:A4 SP:FB
E795  91 0E     STA  A:00 X:FB Y:FD P:A4 SP:FB
E797  C8        INY  A:00 X:FB Y:FD P:A4 SP:FB
E798  D0 FB     BNE  A:00 X:FB Y:FE P:A4 SP:FB
E795  91 0E     STA  A:00 X:FB Y:FE P:A4 SP:FB
E797  C8        INY  A:00 X:FB Y:FE P:A4 SP:FB
E798  D0 FB     BNE  A:00 X:FB Y:FF P:A4 SP:FB
E795  91 0E     STA  A:00 X:FB Y:FF P:A4 SP:FB
E797  C8        INY  A:00 X:FB Y:FF P:A4 SP:FB
E798  D0 FB     BNE  A:00 X:FB Y:00 P:26 SP:FB
E79A  E6 0F     INC  A:00 X:FB Y:00 P:26 SP:FB
E79C  E8        INX  A:00 X:FB Y:00 P:24 SP:FB
E79D  D0 F6     BNE  A:00 X:FC Y:00 P:A4 SP:FB
E795  91 0E     STA  A:00 X:FC Y:00 P:A4 SP:FB
E797  C8        INY  A:00 X:FC Y:00 P:A4 SP:FB
E798  D0 FB     BNE  A:00 X:FC Y:01 P:24 SP:FB
E795  91 0E     STA  A:00 X:FC Y:01 P:24 SP:FB
E797  C8        INY  A:00 X:FC Y:01 P:24 SP:FB
E798  D0 FB     BNE  A:00 X:FC Y:02 P:24 SP:FB
E795  91 0E     STA  A:00 X:FC Y:02 P:24 SP:FB
E797  C8        INY  A:00 X:FC Y:02 P:24 SP:FB
E798  D0 FB     BNE  A:00 X:FC Y:03 P:24 SP:FB
E795  91 0E     STA  A:00 X:FC Y:03 P:24 SP:FB
E797  C8        INY  A:00 X:FC Y:03 P:24 SP:FB
E798  D0 FB     BNE  A:00 X:FC Y:04 P:24 SP:FB
E795  91 0E     STA  A:00 X:FC Y:04 P:24 SP:FB
E797  C8        INY  A:00 X:FC Y:04 P:24 SP:FB
E798  D0 FB     BNE  A:00 X:FC Y:05 P:24 SP:FB
E795  91 0E     STA  A:00 X:FC Y:05 P:24 SP:FB
E797  C8        INY  A:00 X:FC Y:05 P:24 SP:FB
E798  D0 FB     BNE  A:00 X:FC Y:06 P:24 SP:FB
E795  91 0E     STA  A:00 X:FC Y:06 P:24 SP:FB
E797  C8        INY  A:00 X:FC Y:06 P:24 SP:FB
E798  D0 FB     BNE  A:00 X:FC Y:07 P:24 SP:FB
E795  91 0E     STA  A:00 X:FC Y:07 P:24 SP:FB
E797  C8        INY  A:00 X:FC Y:07 P:24 SP:FB
E798  D0 FB     BNE  A:00 X:FC Y:08 P:24 SP:FB
E795  91 0E     STA  A:00 X:FC Y:08 P:24 SP:FB
E797  C8        INY  A:00 X:FC Y:08 P:24 SP:FB
E798  D0 FB     BNE  A:00 X:FC Y:09 P:24 SP:FB
E795  91 0E     STA  A:00 X:FC Y:09 P:24 SP:FB
E797  C8        INY  A:00 X:FC Y:09 P:24 SP:FB
E798  D0 FB     BNE  A:00 X:FC Y:0A P:24 SP:FB
E795  91 0E     STA  A:00 X:FC Y:0A P:24 SP:FB
E797  C8        INY  A:00 X:FC Y:0A P:24 SP:FB
E798  D0 FB     BNE  A:00 X:FC Y:0B P:24 SP:FB
E795  91 0E     STA  A:00 X:FC Y:0B P:24 SP:FB
E797  C8        INY  A:00 X:FC Y:0B P:24 SP:FB
E798  D0 FB     BNE  A:00 X:FC Y:0C P:24 SP:FB
E795  91 0E     STA  A:00 X:FC Y:0C P:24 SP:FB
E797  C8        INY  A:00 X:FC Y:0C P:24 SP:FB
E798  D0 FB     BNE  A:00 X:FC Y:0D P:24 SP:FB
E795  91 0E     STA  A:00 X:FC Y:0D P:24 SP:FB
E797  C8        INY  A:00 X:FC Y:0D P:24 SP:FB
E798  D0 FB     BNE  A:00 X:FC Y:0E P:24 SP:FB
E795  91 0E     STA  A:00 X:FC Y:0E P:24 SP:FB
E797  C8        INY  A:00 X:FC Y:0E P:24 SP:FB
E798  D0 FB     BNE  A:00 X:FC Y:0F P:24 SP:FB
E795  91 0E     STA  A:00 X:FC Y:0F P:24 SP:FB
E797  C8        INY  A:00 X:FC Y:0F P:24 SP:FB
E798  D0 FB     BNE  A:00 X:FC Y:10 P:24 SP:FB
E795  91 0E     STA  A:00 X:FC Y:10 P:24 SP:FB
E797  C8        INY  A:00 X:FC Y:10 P:24 SP:FB
E798  D0 FB     BNE  A:00 X:FC Y:11 P:24 SP:FB
E795  91 0E     STA  A:00 X:FC Y:11 P:24 SP:FB
E797  C8        INY  A:00 X:FC Y:11 P:24 SP:FB
E798  D0 FB     BNE  A:00 X:FC Y:12 P:24 SP:FB
E795  91 0E     STA  A:00 X:FC Y:12 P:24 SP:FB
E797  C8        INY  A:00 X:FC Y:12 P:24 SP:FB
E798  D0 FB     BNE  A:00 X:FC Y:13 P:24 SP:FB
E795  91 0E     STA  A:00 X:FC Y:13 P:24 SP:FB
E797  C8        INY  A:00 X:FC Y:13 P:24 SP:FB
E798  D0 FB     BNE  A:00 X:FC Y:14 P:24 SP:FB
E795  91 0E     STA  A:00 X:FC Y:14 P:24 SP:FB
E797  C8        INY  A:00 X:FC Y:14 P:24 SP:FB
E798  D0 FB     BNE  A:00 X:FC Y:15 P:24 SP:FB
E795  91 0E     STA  A:00 X:FC Y:15 P:24 SP:FB
E797  C8        INY  A:00 X:FC Y:15 P:24 SP:FB
E798  D0 FB     BNE  A:00 X:FC Y:16 P:24 SP:FB
E795  91 0E     STA  A:00 X:FC Y:16 P:24 SP:FB
E797  C8        INY  A:00 X:FC Y:16 P:24 SP:FB
E798  D0 FB     BNE  A:00 X:FC Y:17 P:24 SP:FB
E795  91 0E     STA  A:00 X:FC Y:17 P:24 SP:FB
E797  C8        INY  A:00 X:FC Y:17 P:24 SP:FB
E798  D0 FB     BNE  A:00 X:FC Y:18 P:24 SP:FB
E795  91 0E     STA  A:00 X:FC Y:18 P:24 SP:FB
E797  C8        INY  A:00 X:FC Y:18 P:24 SP:FB
E798  D0 FB     BNE  A:00 X:FC Y:19 P:24 SP:FB
E795  91 0E     STA  A:00 X:FC Y:19 P:24 SP:FB
E797  C8        INY  A:00 X:FC Y:19 P:24 SP:FB
E798  D0 FB     BNE  A:00 X:FC Y:1A P:24 SP:FB
E795  91 0E     STA  A:00 X:FC Y:1A P:24 SP:FB
E797  C8        INY  A:00 X:FC Y:1A P:24 SP:FB
E798  D0 FB     BNE  A:00 X:FC Y:1B P:24 SP:FB
E795  91 0E     STA  A:00 X:FC Y:1B P:24 SP:FB
E797  C8        INY  A:00 X:FC Y:1B P:24 SP:FB
E798  D0 FB     BNE  A:00 X:FC Y:1C P:24 SP:FB
E795  91 0E     STA  A:00 X:FC Y:1C P:24 SP:FB
E797  C8        INY  A:00 X:FC Y:1C P:24 SP:FB
E798  D0 FB     BNE  A:00 X:FC Y:1D P:24 SP:FB
E795  91 0E     STA  A:00 X:FC Y:1D P:24 SP:FB
E797  C8        INY  A:00 X:FC Y:1D P:24 SP:FB
E798  D0 FB     BNE  A:00 X:FC Y:1E P:24 SP:FB
E795  91 0E     STA  A:00 X:FC Y:1E P:24 SP:FB
E797  C8        INY  A:00 X:FC Y:1E P:24 SP:FB
E798  D0 FB     BNE  A:00 X:FC Y:1F P:24 SP:FB
E795  91 0E     STA  A:00 X:FC Y:1F P:24 SP:FB
E797  C8        INY  A:00 X:FC Y:1F P:24 SP:FB
E798  D0 FB     BNE  A:00 X:FC Y:20 P:24 SP:FB
E795  91 0E     STA  A:00 X:FC Y:20 P:24 SP:FB
E797  C8        INY  A:00 X:FC Y:20 P:24 SP:FB
E798  D0 FB     BNE  A:00 X:FC Y:21 P:24 SP:FB
E795  91 0E     STA  A:00 X:FC Y:21 P:24 SP:FB
E797  C8        INY  A:00 X:FC Y:21 P:24 SP:FB
E798  D0 FB     BNE  A:00 X:FC Y:22 P:24 SP:FB
E795  91 0E     STA  A:00 X:FC Y:22 P:24 SP:FB
E797  C8        INY  A:00 X:FC Y:22 P:24 SP:FB
E798  D0 FB     BNE  A:00 X:FC Y:23 P:24 SP:FB
E795  91 0E     STA  A:00 X:FC Y:23 P:24 SP:FB
E797  C8        INY  A:00 X:FC Y:23 P:24 SP:FB
E798  D0 FB     BNE  A:00 X:FC Y:24 P:24 SP:FB
E795  91 0E     STA  A:00 X:FC Y:24 P:24 SP:FB
E797  C8        INY  A:00 X:FC Y:24 P:24 SP:FB
E798  D0 FB     BNE  A:00 X:FC Y:25 P:24 SP:FB
E795  91 0E     STA  A:00 X:FC Y:25 P:24 SP:FB
E797  C8        INY  A:00 X:FC Y:25 P:24 SP:FB
E798  D0 FB     BNE  A:00 X:FC Y:26 P:24 SP:FB
E795  91 0E     STA  A:00 X:FC Y:26 P:24 SP:FB
E797  C8        INY  A:00 X:FC Y:26 P:24 SP:FB
E798  D0 FB     BNE  A:00 X:FC Y:27 P:24 SP:FB
E795  91 0E     STA  A:00 X:FC Y:27 P:24 SP:FB
E797  C8        INY  A:00 X:FC Y:27 P:24 SP:FB
E798  D0 FB     BNE  A:00 X:FC Y:28 P:24 SP:FB
E795  91 0E     STA  A:00 X:FC Y:28 P:24 SP:FB
E797  C8        INY  A:00 X:FC Y:28 P:24 SP:FB
E798  D0 FB     BNE  A:00 X:FC Y:29 P:24 SP:FB
E795  91 0E     STA  A:00 X:FC Y:29 P:24 SP:FB
E797  C8        INY  A:00 X:FC Y:29 P:24 SP:FB
E798  D0 FB     BNE  A:00 X:FC Y:2A P:24 SP:FB
E795  91 0E     STA  A:00 X:FC Y:2A P:24 SP:FB
E797  C8        INY  A:00 X:FC Y:2A P:24 SP:FB
E798  D0 FB     BNE  A:00 X:FC Y:2B P:24 SP:FB
E795  91 0E     STA  A:00 X:FC Y:2B P:24 SP:FB
E797  C8        INY  A:00 X:FC Y:2B P:24 SP:FB
E798  D0 FB     BNE  A:00 X:FC Y:2C P:24 SP:FB
E795  91 0E     STA  A:00 X:FC Y:2C P:24 SP:FB
E797  C8        INY  A:00 X:FC Y:2C P:24 SP:FB
E798  D0 FB     BNE  A:00 X:FC Y:2D P:24 SP:FB
E795  91 0E     STA  A:00 X:FC Y:2D P:24 SP:FB
E797  C8        INY  A:00 X:FC Y:2D P:24 SP:FB
E798  D0 FB     BNE  A:00 X:FC Y:2E P:24 SP:FB
E795  91 0E     STA  A:00 X:FC Y:2E P:24 SP:FB
E797  C8        INY  A:00 X:FC Y:2E P:24 SP:FB
E798  D0 FB     BNE  A:00 X:FC Y:2F P:24 SP:FB
E795  91 0E     STA  A:00 X:FC Y:2F P:24 SP:FB
E797  C8        INY  A:00 X:FC Y:2F P:24 SP:FB
E798  D0 FB     BNE  A:00 X:FC Y:30 P:24 SP:FB
E795  91 0E     STA  A:00 X:FC Y:30 P:24 SP:FB
E797  C8        INY  A:00 X:FC Y:30 P:24 SP:FB
E798  D0 FB     BNE  A:00 X:FC Y:31 P:24 SP:FB
E795  91 0E     STA  A:00 X:FC Y:31 P:24 SP:FB
E797  C8        INY  A:00 X:FC Y:31 P:24 SP:FB
E798  D0 FB     BNE  A:00 X:FC Y:32 P:24 SP:FB
E795  91 0E     STA  A:00 X:FC Y:32 P:24 SP:FB
E797  C8        INY  A:00 X:FC Y:32 P:24 SP:FB
E798  D0 FB     BNE  A:00 X:FC Y:33 P:24 SP:FB
E795  91 0E     STA  A:00 X:FC Y:33 P:24 SP:FB
E797  C8        INY  A:00 X:FC Y:33 P:24 SP:FB
E798  D0 FB     BNE  A:00 X:FC Y:34 P:24 SP:FB
E795  91 0E     STA  A:00 X:FC Y:34 P:24 SP:FB
E797  C8        INY  A:00 X:FC Y:34 P:24 SP:FB
E798  D0 FB     BNE  A:00 X:FC Y:35 P:24 SP:FB
E795  91 0E     STA  A:00 X:FC Y:35 P:24 SP:FB
E797  C8        INY  A:00 X:FC Y:35 P:24 SP:FB
E798  D0 FB     BNE  A:00 X:FC Y:36 P:24 SP:FB
E795  91 0E     STA  A:00 X:FC Y:36 P:24 SP:FB
E797  C8        INY  A:00 X:FC Y:36 P:24 SP:FB
E798  D0 FB     BNE  A:00 X:FC Y:37 P:24 SP:FB
E795  91 0E     STA  A:00 X:FC Y:37 P:24 SP:FB
E797  C8        INY  A:00 X:FC Y:37 P:24 SP:FB
E798  D0 FB     BNE  A:00 X:FC Y:38 P:24 SP:FB
E795  91 0E     STA  A:00 X:FC Y:38 P:24 SP:FB
E797  C8        INY  A:00 X:FC Y:38 P:24 SP:FB
E798  D0 FB     BNE  A:00 X:FC Y:39 P:24 SP:FB
E795  91 0E     STA  A:00 X:FC Y:39 P:24 SP:FB
E797  C8        INY  A:00 X:FC Y:39 P:24 SP:FB
E798  D0 FB     BNE  A:00 X:FC Y:3A P:24 SP:FB
E795  91 0E     STA  A:00 X:FC Y:3A P:24 SP:FB
E797  C8        INY  A:00 X:FC Y:3A P:24 SP:FB
E798  D0 FB     BNE  A:00 X:FC Y:3B P:24 SP:FB
E795  91 0E     STA  A:00 X:FC Y:3B P:24 SP:FB
E797  C8        INY  A:00 X:FC Y:3B P:24 SP:FB
E798  D0 FB     BNE  A:00 X:FC Y:3C P:24 SP:FB
E795  91 0E     STA  A:00 X:FC Y:3C P:24 SP:FB
E797  C8        INY  A:00 X:FC Y:3C P:24 SP:FB
E798  D0 FB     BNE  A:00 X:FC Y:3D P:24 SP:FB
E795  91 0E     STA  A:00 X:FC Y:3D P:24 SP:FB
E797  C8        INY  A:00 X:FC Y:3D P:24 SP:FB
E798  D0 FB     BNE  A:00 X:FC Y:3E P:24 SP:FB
E795  91 0E     STA  A:00 X:FC Y:3E P:24 SP:FB
E797  C8        INY  A:00 X:FC Y:3E P:24 SP:FB
E798  D0 FB     BNE  A:00 X:FC Y:3F P:24 SP:FB
E795  91 0E     STA  A:00 X:FC Y:3F P:24 SP:FB
E797  C8        INY  A:00 X:FC Y:3F P:24 SP:FB
E798  D0 FB     BNE  A:00 X:FC Y:40 P:24 SP:FB
E795  91 0E     STA  A:00 X:FC Y:40 P:24 SP:FB
E797  C8        INY  A:00 X:FC Y:40 P:24 SP:FB
E798  D0 FB     BNE  A:00 X:FC Y:41 P:24 SP:FB
E795  91 0E     STA  A:00 X:FC Y:41 P:24 SP:FB
E797  C8        INY  A:00 X:FC Y:41 P:24 SP:FB
E798  D0 FB     BNE  A:00 X:FC Y:42 P:24 SP:FB
E795  91 0E     STA  A:00 X:FC Y:42 P:24 SP:FB
E797  C8        INY  A:00 X:FC Y:42 P:24 SP:FB
E798  D0 FB     BNE  A:00 X:FC Y:43 P:24 SP:FB
E795  91 0E     STA  A:00 X:FC Y:43 P:24 SP:FB
E797  C8        INY  A:00 X:FC Y:43 P:24 SP:FB
E798  D0 FB     BNE  A:00 X:FC Y:44 P:24 SP:FB
E795  91 0E     STA  A:00 X:FC Y:44 P:24 SP:FB
E797  C8        INY  A:00 X:FC Y:44 P:24 SP:FB
E798  D0 FB     BNE  A:00 X:FC Y:45 P:24 SP:FB
E795  91 0E     STA  A:00 X:FC Y:45 P:24 SP:FB
E797  C8        INY  A:00 X:FC Y:45 P:24 SP:FB
E798  D0 FB     BNE  A:00 X:FC Y:46 P:24 SP:FB
E795  91 0E     STA  A:00 X:FC Y:46 P:24 SP:FB
E797  C8        INY  A:00 X:FC Y:46 P:24 SP:FB
E798  D0 FB     BNE  A:00 X:FC Y:47 P:24 SP:FB
E795  91 0E     STA  A:00 X:FC Y:47 P:24 SP:FB
E797  C8        INY  A:00 X:FC Y:47 P:24 SP:FB
E798  D0 FB     BNE  A:00 X:FC Y:48 P:24 SP:FB
E795  91 0E     STA  A:00 X:FC Y:48 P:24 SP:FB
E797  C8        INY  A:00 X:FC Y:48 P:24 SP:FB
E798  D0 FB     BNE  A:00 X:FC Y:49 P:24 SP:FB
E795  91 0E     STA  A:00 X:FC Y:49 P:24 SP:FB
E797  C8        INY  A:00 X:FC Y:49 P:24 SP:FB
E798  D0 FB     BNE  A:00 X:FC Y:4A P:24 SP:FB
E795  91 0E     STA  A:00 X:FC Y:4A P:24 SP:FB
E797  C8        INY  A:00 X:FC Y:4A P:24 SP:FB
E798  D0 FB     BNE  A:00 X:FC Y:4B P:24 SP:FB
E795  91 0E     STA  A:00 X:FC Y:4B P:24 SP:FB
E797  C8        INY  A:00 X:FC Y:4B P:24 SP:FB
E798  D0 FB     BNE  A:00 X:FC Y:4C P:24 SP:FB
E795  91 0E     STA  A:00 X:FC Y:4C P:24 SP:FB
E797  C8        INY  A:00 X:FC Y:4C P:24 SP:FB
E798  D0 FB     BNE  A:00 X:FC Y:4D P:24 SP:FB
E795  91 0E     STA  A:00 X:FC Y:4D P:24 SP:FB
E797  C8        INY  A:00 X:FC Y:4D P:24 SP:FB
E798  D0 FB     BNE  A:00 X:FC Y:4E P:24 SP:FB
E795  91 0E     STA  A:00 X:FC Y:4E P:24 SP:FB
E797  C8        INY  A:00 X:FC Y:4E P:24 SP:FB
E798  D0 FB     BNE  A:00 X:FC Y:4F P:24 SP:FB
E795  91 0E     STA  A:00 X:FC Y:4F P:24 SP:FB
E797  C8        INY  A:00 X:FC Y:4F P:24 SP:FB
E798  D0 FB     BNE  A:00 X:FC Y:50 P:24 SP:FB
E795  91 0E     STA  A:00 X:FC Y:50 P:24 SP:FB
E797  C8        INY  A:00 X:FC Y:50 P:24 SP:FB
E798  D0 FB     BNE  A:00 X:FC Y:51 P:24 SP:FB
E795  91 0E     STA  A:00 X:FC Y:51 P:24 SP:FB
E797  C8        INY  A:00 X:FC Y:51 P:24 SP:FB
E798  D0 FB     BNE  A:00 X:FC Y:52 P:24 SP:FB
E795  91 0E     STA  A:00 X:FC Y:52 P:24 SP:FB
E797  C8        INY  A:00 X:FC Y:52 P:24 SP:FB
E798  D0 FB     BNE  A:00 X:FC Y:53 P:24 SP:FB
E795  91 0E     STA  A:00 X:FC Y:53 P:24 SP:FB
E797  C8        INY  A:00 X:FC Y:53 P:24 SP:FB
E798  D0 FB     BNE  A:00 X:FC Y:54 P:24 SP:FB
E795  91 0E     STA  A:00 X:FC Y:54 P:24 SP:FB
E797  C8        INY  A:00 X:FC Y:54 P:24 SP:FB
E798  D0 FB     BNE  A:00 X:FC Y:55 P:24 SP:FB
E795  91 0E     STA  A:00 X:FC Y:55 P:24 SP:FB
E797  C8        INY  A:00 X:FC Y:55 P:24 SP:FB
E798  D0 FB     BNE  A:00 X:FC Y:56 P:24 SP:FB
E795  91 0E     STA  A:00 X:FC Y:56 P:24 SP:FB
E797  C8        INY  A:00 X:FC Y:56 P:24 SP:FB
E798  D0 FB     BNE  A:00 X:FC Y:57 P:24 SP:FB
E795  91 0E     STA  A:00 X:FC Y:57 P:24 SP:FB
E797  C8        INY  A:00 X:FC Y:57 P:24 SP:FB
E798  D0 FB     BNE  A:00 X:FC Y:58 P:24 SP:FB
E795  91 0E     STA  A:00 X:FC Y:58 P:24 SP:FB
E797  C8        INY  A:00 X:FC Y:58 P:24 SP:FB
E798  D0 FB     BNE  A:00 X:FC Y:59 P:24 SP:FB
E795  91 0E     STA  A:00 X:FC Y:59 P:24 SP:FB
E797  C8        INY  A:00 X:FC Y:59 P:24 SP:FB
E798  D0 FB     BNE  A:00 X:FC Y:5A P:24 SP:FB
E795  91 0E     STA  A:00 X:FC Y:5A P:24 SP:FB
E797  C8        INY  A:00 X:FC Y:5A P:24 SP:FB
E798  D0 FB     BNE  A:00 X:FC Y:5B P:24 SP:FB
E795  91 0E     STA  A:00 X:FC Y:5B P:24 SP:FB
E797  C8        INY  A:00 X:FC Y:5B P:24 SP:FB
E798  D0 FB     BNE  A:00 X:FC Y:5C P:24 SP:FB
E795  91 0E     STA  A:00 X:FC Y:5C P:24 SP:FB
E797  C8        INY  A:00 X:FC Y:5C P:24 SP:FB
E798  D0 FB     BNE  A:00 X:FC Y:5D P:24 SP:FB
E795  91 0E     STA  A:00 X:FC Y:5D P:24 SP:FB
E797  C8        INY  A:00 X:FC Y:5D P:24 SP:FB
E798  D0 FB     BNE  A:00 X:FC Y:5E P:24 SP:FB
E795  91 0E     STA  A:00 X:FC Y:5E P:24 SP:FB
E797  C8        INY  A:00 X:FC Y:5E P:24 SP:FB
E798  D0 FB     BNE  A:00 X:FC Y:5F P:24 SP:FB
E795  91 0E     STA  A:00 X:FC Y:5F P:24 SP:FB
E797  C8        INY  A:00 X:FC Y:5F P:24 SP:FB
E798  D0 FB     BNE  A:00 X:FC Y:60 P:24 SP:FB
E795  91 0E     STA  A:00 X:FC Y:60 P:24 SP:FB
E797  C8        INY  A:00 X:FC Y:60 P:24 SP:FB
E798  D0 FB     BNE  A:00 X:FC Y:61 P:24 SP:FB
E795  91 0E     STA  A:00 X:FC Y:61 P:24 SP:FB
E797  C8        INY  A:00 X:FC Y:61 P:24 SP:FB
E798  D0 FB     BNE  A:00 X:FC Y:62 P:24 SP:FB
E795  91 0E     STA  A:00 X:FC Y:62 P:24 SP:FB
E797  C8        INY  A:00 X:FC Y:62 P:24 SP:FB
E798  D0 FB     BNE  A:00 X:FC Y:63 P:24 SP:FB
E795  91 0E     STA  A:00 X:FC Y:63 P:24 SP:FB
E797  C8        INY  A:00 X:FC Y:63 P:24 SP:FB
E798  D0 FB     BNE  A:00 X:FC Y:64 P:24 SP:FB
E795  91 0E     STA  A:00 X:FC Y:64 P:24 SP:FB
E797  C8        INY  A:00 X:FC Y:64 P:24 SP:FB
E798  D0 FB     BNE  A:00 X:FC Y:65 P:24 SP:FB
E795  91 0E     STA  A:00 X:FC Y:65 P:24 SP:FB
E797  C8        INY  A:00 X:FC Y:65 P:24 SP:FB
E798  D0 FB     BNE  A:00 X:FC Y:66 P:24 SP:FB
E795  91 0E     STA  A:00 X:FC Y:66 P:24 SP:FB
E797  C8        INY  A:00 X:FC Y:66 P:24 SP:FB
E798  D0 FB     BNE  A:00 X:FC Y:67 P:24 SP:FB
E795  91 0E     STA  A:00 X:FC Y:67 P:24 SP:FB
E797  C8        INY  A:00 X:FC Y:67 P:24 SP:FB
E798  D0 FB     BNE  A:00 X:FC Y:68 P:24 SP:FB
E795  91 0E     STA  A:00 X:FC Y:68 P:24 SP:FB
E797  C8        INY  A:00 X:FC Y:68 P:24 SP:FB
E798  D0 FB     BNE  A:00 X:FC Y:69 P:24 SP:FB
E795  91 0E     STA  A:00 X:FC Y:69 P:24 SP:FB
E797  C8        INY  A:00 X:FC Y:69 P:24 SP:FB
E798  D0 FB     BNE  A:00 X:FC Y:6A P:24 SP:FB
E795  91 0E     STA  A:00 X:FC Y:6A P:24 SP:FB
E797  C8        INY  A:00 X:FC Y:6A P:24 SP:FB
E798  D0 FB     BNE  A:00 X:FC Y:6B P:24 SP:FB
E795  91 0E     STA  A:00 X:FC Y:6B P:24 SP:FB
E797  C8        INY  A:00 X:FC Y:6B P:24 SP:FB
E798  D0 FB     BNE  A:00 X:FC Y:6C P:24 SP:FB
E795  91 0E     STA  A:00 X:FC Y:6C P:24 SP:FB
E797  C8        INY  A:00 X:FC Y:6C P:24 SP:FB
E798  D0 FB     BNE  A:00 X:FC Y:6D P:24 SP:FB
E795  91 0E     STA  A:00 X:FC Y:6D P:24 SP:FB
E797  C8        INY  A:00 X:FC Y:6D P:24 SP:FB
E798  D0 FB     BNE  A:00 X:FC Y:6E P:24 SP:FB
E795  91 0E     STA  A:00 X:FC Y:6E P:24 SP:FB
E797  C8        INY  A:00 X:FC Y:6E P:24 SP:FB
E798  D0 FB     BNE  A:00 X:FC Y:6F P:24 SP:FB
E795  91 0E     STA  A:00 X:FC Y:6F P:24 SP:FB
E797  C8        INY  A:00 X:FC Y:6F P:24 SP:FB
E798  D0 FB     BNE  A:00 X:FC Y:70 P:24 SP:FB
E795  91 0E     STA  A:00 X:FC Y:70 P:24 SP:FB
E797  C8        INY  A:00 X:FC Y:70 P:24 SP:FB
E798  D0 FB     BNE  A:00 X:FC Y:71 P:24 SP:FB
E795  91 0E     STA  A:00 X:FC Y:71 P:24 SP:FB
E797  C8        INY  A:00 X:FC Y:71 P:24 SP:FB
E798  D0 FB     BNE  A:00 X:FC Y:72 P:24 SP:FB
E795  91 0E     STA  A:00 X:FC Y:72 P:24 SP:FB
E797  C8        INY  A:00 X:FC Y:72 P:24 SP:FB
E798  D0 FB     BNE  A:00 X:FC Y:73 P:24 SP:FB
E795  91 0E     STA  A:00 X:FC Y:73 P:24 SP:FB
E797  C8        INY  A:00 X:FC Y:73 P:24 SP:FB
E798  D0 FB     BNE  A:00 X:FC Y:74 P:24 SP:FB
E795  91 0E     STA  A:00 X:FC Y:74 P:24 SP:FB
E797  C8        INY  A:00 X:FC Y:74 P:24 SP:FB
E798  D0 FB     BNE  A:00 X:FC Y:75 P:24 SP:FB
E795  91 0E     STA  A:00 X:FC Y:75 P:24 SP:FB
E797  C8        INY  A:00 X:FC Y:75 P:24 SP:FB
E798  D0 FB     BNE  A:00 X:FC Y:76 P:24 SP:FB
E795  91 0E     STA  A:00 X:FC Y:76 P:24 SP:FB
E797  C8        INY  A:00 X:FC Y:76 P:24 SP:FB
E798  D0 FB     BNE  A:00 X:FC Y:77 P:24 SP:FB
E795  91 0E     STA  A:00 X:FC Y:77 P:24 SP:FB
E797  C8        INY  A:00 X:FC Y:77 P:24 SP:FB
E798  D0 FB     BNE  A:00 X:FC Y:78 P:24 SP:FB
E795  91 0E     STA  A:00 X:FC Y:78 P:24 SP:FB
E797  C8        INY  A:00 X:FC Y:78 P:24 SP:FB
E798  D0 FB     BNE  A:00 X:FC Y:79 P:24 SP:FB
E795  91 0E     STA  A:00 X:FC Y:79 P:24 SP:FB
E797  C8        INY  A:00 X:FC Y:79 P:24 SP:FB
E798  D0 FB     BNE  A:00 X:FC Y:7A P:24 SP:FB
E795  91 0E     STA  A:00 X:FC Y:7A P:24 SP:FB
E797  C8        INY  A:00 X:FC Y:7A P:24 SP:FB
E798  D0 FB     BNE  A:00 X:FC Y:7B P:24 SP:FB
E795  91 0E     STA  A:00 X:FC Y:7B P:24 SP:FB
E797  C8        INY  A:00 X:FC Y:7B P:24 SP:FB
E798  D0 FB     BNE  A:00 X:FC Y:7C P:24 SP:FB
E795  91 0E     STA  A:00 X:FC Y:7C P:24 SP:FB
E797  C8        INY  A:00 X:FC Y:7C P:24 SP:FB
E798  D0 FB     BNE  A:00 X:FC Y:7D P:24 SP:FB
E795  91 0E     STA  A:00 X:FC Y:7D P:24 SP:FB
E797  C8        INY  A:00 X:FC Y:7D P:24 SP:FB
E798  D0 FB     BNE  A:00 X:FC Y:7E P:24 SP:FB
E795  91 0E     STA  A:00 X:FC Y:7E P:24 SP:FB
E797  C8        INY  A:00 X:FC Y:7E P:24 SP:FB
E798  D0 FB     BNE  A:00 X:FC Y:7F P:24 SP:FB
E795  91 0E     STA  A:00 X:FC Y:7F P:24 SP:FB
E797  C8        INY  A:00 X:FC Y:7F P:24 SP:FB
E798  D0 FB     BNE  A:00 X:FC Y:80 P:A4 SP:FB
E795  91 0E     STA  A:00 X:FC Y:80 P:A4 SP:FB
E797  C8        INY  A:00 X:FC Y:80 P:A4 SP:FB
E798  D0 FB     BNE  A:00 X:FC Y:81 P:A4 SP:FB
E795  91 0E     STA  A:00 X:FC Y:81 P:A4 SP:FB
E797  C8        INY  A:00 X:FC Y:81 P:A4 SP:FB
E798  D0 FB     BNE  A:00 X:FC Y:82 P:A4 SP:FB
E795  91 0E     STA  A:00 X:FC Y:82 P:A4 SP:FB
E797  C8        INY  A:00 X:FC Y:82 P:A4 SP:FB
E798  D0 FB     BNE  A:00 X:FC Y:83 P:A4 SP:FB
E795  91 0E     STA  A:00 X:FC Y:83 P:A4 SP:FB
E797  C8        INY  A:00 X:FC Y:83 P:A4 SP:FB
E798  D0 FB     BNE  A:00 X:FC Y:84 P:A4 SP:FB
E795  91 0E     STA  A:00 X:FC Y:84 P:A4 SP:FB
E797  C8        INY  A:00 X:FC Y:84 P:A4 SP:FB
E798  D0 FB     BNE  A:00 X:FC Y:85 P:A4 SP:FB
E795  91 0E     STA  A:00 X:FC Y:85 P:A4 SP:FB
E797  C8        INY  A:00 X:FC Y:85 P:A4 SP:FB
E798  D0 FB     BNE  A:00 X:FC Y:86 P:A4 SP:FB
E795  91 0E     STA  A:00 X:FC Y:86 P:A4 SP:FB
E797  C8        INY  A:00 X:FC Y:86 P:A4 SP:FB
E798  D0 FB     BNE  A:00 X:FC Y:87 P:A4 SP:FB
E795  91 0E     STA  A:00 X:FC Y:87 P:A4 SP:FB
E797  C8        INY  A:00 X:FC Y:87 P:A4 SP:FB
E798  D0 FB     BNE  A:00 X:FC Y:88 P:A4 SP:FB
E795  91 0E     STA  A:00 X:FC Y:88 P:A4 SP:FB
E797  C8        INY  A:00 X:FC Y:88 P:A4 SP:FB
E798  D0 FB     BNE  A:00 X:FC Y:89 P:A4 SP:FB
E795  91 0E     STA  A:00 X:FC Y:89 P:A4 SP:FB
E797  C8        INY  A:00 X:FC Y:89 P:A4 SP:FB
E798  D0 FB     BNE  A:00 X:FC Y:8A P:A4 SP:FB
E795  91 0E     STA  A:00 X:FC Y:8A P:A4 SP:FB
E797  C8        INY  A:00 X:FC Y:8A P:A4 SP:FB
E798  D0 FB     BNE  A:00 X:FC Y:8B P:A4 SP:FB
E795  91 0E     STA  A:00 X:FC Y:8B P:A4 SP:FB
E797  C8        INY  A:00 X:FC Y:8B P:A4 SP:FB
E798  D0 FB     BNE  A:00 X:FC Y:8C P:A4 SP:FB
E795  91 0E     STA  A:00 X:FC Y:8C P:A4 SP:FB
E797  C8        INY  A:00 X:FC Y:8C P:A4 SP:FB
E798  D0 FB     BNE  A:00 X:FC Y:8D P:A4 SP:FB
E795  91 0E     STA  A:00 X:FC Y:8D P:A4 SP:FB
E797  C8        INY  A:00 X:FC Y:8D P:A4 SP:FB
E798  D0 FB     BNE  A:00 X:FC Y:8E P:A4 SP:FB
E795  91 0E     STA  A:00 X:FC Y:8E P:A4 SP:FB
E797  C8        INY  A:00 X:FC Y:8E P:A4 SP:FB
E798  D0 FB     BNE  A:00 X:FC Y:8F P:A4 SP:FB
E795  91 0E     STA  A:00 X:FC Y:8F P:A4 SP:FB
E797  C8        INY  A:00 X:FC Y:8F P:A4 SP:FB
E798  D0 FB     BNE  A:00 X:FC Y:90 P:A4 SP:FB
E795  91 0E     STA  A:00 X:FC Y:90 P:A4 SP:FB
E797  C8        INY  A:00 X:FC Y:90 P:A4 SP:FB
E798  D0 FB     BNE  A:00 X:FC Y:91 P:A4 SP:FB
E795  91 0E     STA  A:00 X:FC Y:91 P:A4 SP:FB
E797  C8        INY  A:00 X:FC Y:91 P:A4 SP:FB
E798  D0 FB     BNE  A:00 X:FC Y:92 P:A4 SP:FB
E795  91 0E     STA  A:00 X:FC Y:92 P:A4 SP:FB
E797  C8        INY  A:00 X:FC Y:92 P:A4 SP:FB
E798  D0 FB     BNE  A:00 X:FC Y:93 P:A4 SP:FB
E795  91 0E     STA  A:00 X:FC Y:93 P:A4 SP:FB
E797  C8        INY  A:00 X:FC Y:93 P:A4 SP:FB
E798  D0 FB     BNE  A:00 X:FC Y:94 P:A4 SP:FB
E795  91 0E     STA  A:00 X:FC Y:94 P:A4 SP:FB
E797  C8        INY  A:00 X:FC Y:94 P:A4 SP:FB
E798  D0 FB     BNE  A:00 X:FC Y:95 P:A4 SP:FB
E795  91 0E     STA  A:00 X:FC Y:95 P:A4 SP:FB
E797  C8        INY  A:00 X:FC Y:95 P:A4 SP:FB
E798  D0 FB     BNE  A:00 X:FC Y:96 P:A4 SP:FB
E795  91 0E     STA  A:00 X:FC Y:96 P:A4 SP:FB
E797  C8        INY  A:00 X:FC Y:96 P:A4 SP:FB
E798  D0 FB     BNE  A:00 X:FC Y:97 P:A4 SP:FB
E795  91 0E     STA  A:00 X:FC Y:97 P:A4 SP:FB
E797  C8        INY  A:00 X:FC Y:97 P:A4 SP:FB
E798  D0 FB     BNE  A:00 X:FC Y:98 P:A4 SP:FB
E795  91 0E     STA  A:00 X:FC Y:98 P:A4 SP:FB
E797  C8        INY  A:00 X:FC Y:98 P:A4 SP:FB
E798  D0 FB     BNE  A:00 X:FC Y:99 P:A4 SP:FB
E795  91 0E     STA  A:00 X:FC Y:99 P:A4 SP:FB
E797  C8        INY  A:00 X:FC Y:99 P:A4 SP:FB
E798  D0 FB     BNE  A:00 X:FC Y:9A P:A4 SP:FB
E795  91 0E     STA  A:00 X:FC Y:9A P:A4 SP:FB
E797  C8        INY  A:00 X:FC Y:9A P:A4 SP:FB
E798  D0 FB     BNE  A:00 X:FC Y:9B P:A4 SP:FB
E795  91 0E     STA  A:00 X:FC Y:9B P:A4 SP:FB
E797  C8        INY  A:00 X:FC Y:9B P:A4 SP:FB
E798  D0 FB     BNE  A:00 X:FC Y:9C P:A4 SP:FB
E795  91 0E     STA  A:00 X:FC Y:9C P:A4 SP:FB
E797  C8        INY  A:00 X:FC Y:9C P:A4 SP:FB
E798  D0 FB     BNE  A:00 X:FC Y:9D P:A4 SP:FB
E795  91 0E     STA  A:00 X:FC Y:9D P:A4 SP:FB
E797  C8        INY  A:00 X:FC Y:9D P:A4 SP:FB
E798  D0 FB     BNE  A:00 X:FC Y:9E P:A4 SP:FB
E795  91 0E     STA  A:00 X:FC Y:9E P:A4 SP:FB
E797  C8        INY  A:00 X:FC Y:9E P:A4 SP:FB
E798  D0 FB     BNE  A:00 X:FC Y:9F P:A4 SP:FB
E795  91 0E     STA  A:00 X:FC Y:9F P:A4 SP:FB
E797  C8        INY  A:00 X:FC Y:9F P:A4 SP:FB
E798  D0 FB     BNE  A:00 X:FC Y:A0 P:A4 SP:FB
E795  91 0E     STA  A:00 X:FC Y:A0 P:A4 SP:FB
E797  C8        INY  A:00 X:FC Y:A0 P:A4 SP:FB
E798  D0 FB     BNE  A:00 X:FC Y:A1 P:A4 SP:FB
E795  91 0E     STA  A:00 X:FC Y:A1 P:A4 SP:FB
E797  C8        INY  A:00 X:FC Y:A1 P:A4 SP:FB
E798  D0 FB     BNE  A:00 X:FC Y:A2 P:A4 SP:FB
E795  91 0E     STA  A:00 X:FC Y:A2 P:A4 SP:FB
E797  C8        INY  A:00 X:FC Y:A2 P:A4 SP:FB
E798  D0 FB     BNE  A:00 X:FC Y:A3 P:A4 SP:FB
E795  91 0E     STA  A:00 X:FC Y:A3 P:A4 SP:FB
E797  C8        INY  A:00 X:FC Y:A3 P:A4 SP:FB
E798  D0 FB     BNE  A:00 X:FC Y:A4 P:A4 SP:FB
E795  91 0E     STA  A:00 X:FC Y:A4 P:A4 SP:FB
E797  C8        INY  A:00 X:FC Y:A4 P:A4 SP:FB
E798  D0 FB     BNE  A:00 X:FC Y:A5 P:A4 SP:FB
E795  91 0E     STA  A:00 X:FC Y:A5 P:A4 SP:FB
E797  C8        INY  A:00 X:FC Y:A5 P:A4 SP:FB
E798  D0 FB     BNE  A:00 X:FC Y:A6 P:A4 SP:FB
E795  91 0E     STA  A:00 X:FC Y:A6 P:A4 SP:FB
E797  C8        INY  A:00 X:FC Y:A6 P:A4 SP:FB
E798  D0 FB     BNE  A:00 X:FC Y:A7 P:A4 SP:FB
E795  91 0E     STA  A:00 X:FC Y:A7 P:A4 SP:FB
E797  C8        INY  A:00 X:FC Y:A7 P:A4 SP:FB
E798  D0 FB     BNE  A:00 X:FC Y:A8 P:A4 SP:FB
E795  91 0E     STA  A:00 X:FC Y:A8 P:A4 SP:FB
E797  C8        INY  A:00 X:FC Y:A8 P:A4 SP:FB
E798  D0 FB     BNE  A:00 X:FC Y:A9 P:A4 SP:FB
E795  91 0E     STA  A:00 X:FC Y:A9 P:A4 SP:FB
E797  C8        INY  A:00 X:FC Y:A9 P:A4 SP:FB
E798  D0 FB     BNE  A:00 X:FC Y:AA P:A4 SP:FB
E795  91 0E     STA  A:00 X:FC Y:AA P:A4 SP:FB
E797  C8        INY  A:00 X:FC Y:AA P:A4 SP:FB
E798  D0 FB     BNE  A:00 X:FC Y:AB P:A4 SP:FB
E795  91 0E     STA  A:00 X:FC Y:AB P:A4 SP:FB
E797  C8        INY  A:00 X:FC Y:AB P:A4 SP:FB
E798  D0 FB     BNE  A:00 X:FC Y:AC P:A4 SP:FB
E795  91 0E     STA  A:00 X:FC Y:AC P:A4 SP:FB
E797  C8        INY  A:00 X:FC Y:AC P:A4 SP:FB
E798  D0 FB     BNE  A:00 X:FC Y:AD P:A4 SP:FB
E795  91 0E     STA  A:00 X:FC Y:AD P:A4 SP:FB
E797  C8        INY  A:00 X:FC Y:AD P:A4 SP:FB
E798  D0 FB     BNE  A:00 X:FC Y:AE P:A4 SP:FB
E795  91 0E     STA  A:00 X:FC Y:AE P:A4 SP:FB
E797  C8        INY  A:00 X:FC Y:AE P:A4 SP:FB
E798  D0 FB     BNE  A:00 X:FC Y:AF P:A4 SP:FB
E795  91 0E     STA  A:00 X:FC Y:AF P:A4 SP:FB
E797  C8        INY  A:00 X:FC Y:AF P:A4 SP:FB
E798  D0 FB     BNE  A:00 X:FC Y:B0 P:A4 SP:FB
E795  91 0E     STA  A:00 X:FC Y:B0 P:A4 SP:FB
E797  C8        INY  A:00 X:FC Y:B0 P:A4 SP:FB
E798  D0 FB     BNE  A:00 X:FC Y:B1 P:A4 SP:FB
E795  91 0E     STA  A:00 X:FC Y:B1 P:A4 SP:FB
E797  C8        INY  A:00 X:FC Y:B1 P:A4 SP:FB
E798  D0 FB     BNE  A:00 X:FC Y:B2 P:A4 SP:FB
E795  91 0E     STA  A:00 X:FC Y:B2 P:A4 SP:FB
E797  C8        INY  A:00 X:FC Y:B2 P:A4 SP:FB
E798  D0 FB     BNE  A:00 X:FC Y:B3 P:A4 SP:FB
E795  91 0E     STA  A:00 X:FC Y:B3 P:A4 SP:FB
E797  C8        INY  A:00 X:FC Y:B3 P:A4 SP:FB
E798  D0 FB     BNE  A:00 X:FC Y:B4 P:A4 SP:FB
E795  91 0E     STA  A:00 X:FC Y:B4 P:A4 SP:FB
E797  C8        INY  A:00 X:FC Y:B4 P:A4 SP:FB
E798  D0 FB     BNE  A:00 X:FC Y:B5 P:A4 SP:FB
E795  91 0E     STA  A:00 X:FC Y:B5 P:A4 SP:FB
E797  C8        INY  A:00 X:FC Y:B5 P:A4 SP:FB
E798  D0 FB     BNE  A:00 X:FC Y:B6 P:A4 SP:FB
E795  91 0E     STA  A:00 X:FC Y:B6 P:A4 SP:FB
E797  C8        INY  A:00 X:FC Y:B6 P:A4 SP:FB
E798  D0 FB     BNE  A:00 X:FC Y:B7 P:A4 SP:FB
E795  91 0E     STA  A:00 X:FC Y:B7 P:A4 SP:FB
E797  C8        INY  A:00 X:FC Y:B7 P:A4 SP:FB
E798  D0 FB     BNE  A:00 X:FC Y:B8 P:A4 SP:FB
E795  91 0E     STA  A:00 X:FC Y:B8 P:A4 SP:FB
E797  C8        INY  A:00 X:FC Y:B8 P:A4 SP:FB
E798  D0 FB     BNE  A:00 X:FC Y:B9 P:A4 SP:FB
E795  91 0E     STA  A:00 X:FC Y:B9 P:A4 SP:FB
E797  C8        INY  A:00 X:FC Y:B9 P:A4 SP:FB
E798  D0 FB     BNE  A:00 X:FC Y:BA P:A4 SP:FB
E795  91 0E     STA  A:00 X:FC Y:BA P:A4 SP:FB
E797  C8        INY  A:00 X:FC Y:BA P:A4 SP:FB
E798  D0 FB     BNE  A:00 X:FC Y:BB P:A4 SP:FB
E795  91 0E     STA  A:00 X:FC Y:BB P:A4 SP:FB
E797  C8        INY  A:00 X:FC Y:BB P:A4 SP:FB
E798  D0 FB     BNE  A:00 X:FC Y:BC P:A4 SP:FB
E795  91 0E     STA  A:00 X:FC Y:BC P:A4 SP:FB
E797  C8        INY  A:00 X:FC Y:BC P:A4 SP:FB
E798  D0 FB     BNE  A:00 X:FC Y:BD P:A4 SP:FB
E795  91 0E     STA  A:00 X:FC Y:BD P:A4 SP:FB
E797  C8        INY  A:00 X:FC Y:BD P:A4 SP:FB
E798  D0 FB     BNE  A:00 X:FC Y:BE P:A4 SP:FB
E795  91 0E     STA  A:00 X:FC Y:BE P:A4 SP:FB
E797  C8        INY  A:00 X:FC Y:BE P:A4 SP:FB
E798  D0 FB     BNE  A:00 X:FC Y:BF P:A4 SP:FB
E795  91 0E     STA  A:00 X:FC Y:BF P:A4 SP:FB
E797  C8        INY  A:00 X:FC Y:BF P:A4 SP:FB
E798  D0 FB     BNE  A:00 X:FC Y:C0 P:A4 SP:FB
E795  91 0E     STA  A:00 X:FC Y:C0 P:A4 SP:FB
E797  C8        INY  A:00 X:FC Y:C0 P:A4 SP:FB
E798  D0 FB     BNE  A:00 X:FC Y:C1 P:A4 SP:FB
E795  91 0E     STA  A:00 X:FC Y:C1 P:A4 SP:FB
E797  C8        INY  A:00 X:FC Y:C1 P:A4 SP:FB
E798  D0 FB     BNE  A:00 X:FC Y:C2 P:A4 SP:FB
E795  91 0E     STA  A:00 X:FC Y:C2 P:A4 SP:FB
E797  C8        INY  A:00 X:FC Y:C2 P:A4 SP:FB
E798  D0 FB     BNE  A:00 X:FC Y:C3 P:A4 SP:FB
E795  91 0E     STA  A:00 X:FC Y:C3 P:A4 SP:FB
E797  C8        INY  A:00 X:FC Y:C3 P:A4 SP:FB
E798  D0 FB     BNE  A:00 X:FC Y:C4 P:A4 SP:FB
E795  91 0E     STA  A:00 X:FC Y:C4 P:A4 SP:FB
E797  C8        INY  A:00 X:FC Y:C4 P:A4 SP:FB
E798  D0 FB     BNE  A:00 X:FC Y:C5 P:A4 SP:FB
E795  91 0E     STA  A:00 X:FC Y:C5 P:A4 SP:FB
E797  C8        INY  A:00 X:FC Y:C5 P:A4 SP:FB
E798  D0 FB     BNE  A:00 X:FC Y:C6 P:A4 SP:FB
E795  91 0E     STA  A:00 X:FC Y:C6 P:A4 SP:FB
E797  C8        INY  A:00 X:FC Y:C6 P:A4 SP:FB
E798  D0 FB     BNE  A:00 X:FC Y:C7 P:A4 SP:FB
E795  91 0E     STA  A:00 X:FC Y:C7 P:A4 SP:FB
E797  C8        INY  A:00 X:FC Y:C7 P:A4 SP:FB
E798  D0 FB     BNE  A:00 X:FC Y:C8 P:A4 SP:FB
E795  91 0E     STA  A:00 X:FC Y:C8 P:A4 SP:FB
E797  C8        INY  A:00 X:FC Y:C8 P:A4 SP:FB
E798  D0 FB     BNE  A:00 X:FC Y:C9 P:A4 SP:FB
E795  91 0E     STA  A:00 X:FC Y:C9 P:A4 SP:FB
E797  C8        INY  A:00 X:FC Y:C9 P:A4 SP:FB
E798  D0 FB     BNE  A:00 X:FC Y:CA P:A4 SP:FB
E795  91 0E     STA  A:00 X:FC Y:CA P:A4 SP:FB
E797  C8        INY  A:00 X:FC Y:CA P:A4 SP:FB
E798  D0 FB     BNE  A:00 X:FC Y:CB P:A4 SP:FB
E795  91 0E     STA  A:00 X:FC Y:CB P:A4 SP:FB
E797  C8        INY  A:00 X:FC Y:CB P:A4 SP:FB
E798  D0 FB     BNE  A:00 X:FC Y:CC P:A4 SP:FB
E795  91 0E     STA  A:00 X:FC Y:CC P:A4 SP:FB
E797  C8        INY  A:00 X:FC Y:CC P:A4 SP:FB
E798  D0 FB     BNE  A:00 X:FC Y:CD P:A4 SP:FB
E795  91 0E     STA  A:00 X:FC Y:CD P:A4 SP:FB
E797  C8        INY  A:00 X:FC Y:CD P:A4 SP:FB
E798  D0 FB     BNE  A:00 X:FC Y:CE P:A4 SP:FB
E795  91 0E     STA  A:00 X:FC Y:CE P:A4 SP:FB
E797  C8        INY  A:00 X:FC Y:CE P:A4 SP:FB
E798  D0 FB     BNE  A:00 X:FC Y:CF P:A4 SP:FB
E795  91 0E     STA  A:00 X:FC Y:CF P:A4 SP:FB
E797  C8        INY  A:00 X:FC Y:CF P:A4 SP:FB
E798  D0 FB     BNE  A:00 X:FC Y:D0 P:A4 SP:FB
E795  91 0E     STA  A:00 X:FC Y:D0 P:A4 SP:FB
E797  C8        INY  A:00 X:FC Y:D0 P:A4 SP:FB
E798  D0 FB     BNE  A:00 X:FC Y:D1 P:A4 SP:FB
E795  91 0E     STA  A:00 X:FC Y:D1 P:A4 SP:FB
E797  C8        INY  A:00 X:FC Y:D1 P:A4 SP:FB
E798  D0 FB     BNE  A:00 X:FC Y:D2 P:A4 SP:FB
E795  91 0E     STA  A:00 X:FC Y:D2 P:A4 SP:FB
E797  C8        INY  A:00 X:FC Y:D2 P:A4 SP:FB
E798  D0 FB     BNE  A:00 X:FC Y:D3 P:A4 SP:FB
E795  91 0E     STA  A:00 X:FC Y:D3 P:A4 SP:FB
E797  C8        INY  A:00 X:FC Y:D3 P:A4 SP:FB
E798  D0 FB     BNE  A:00 X:FC Y:D4 P:A4 SP:FB
E795  91 0E     STA  A:00 X:FC Y:D4 P:A4 SP:FB
E797  C8        INY  A:00 X:FC Y:D4 P:A4 SP:FB
E798  D0 FB     BNE  A:00 X:FC Y:D5 P:A4 SP:FB
E795  91 0E     STA  A:00 X:FC Y:D5 P:A4 SP:FB
E797  C8        INY  A:00 X:FC Y:D5 P:A4 SP:FB
E798  D0 FB     BNE  A:00 X:FC Y:D6 P:A4 SP:FB
E795  91 0E     STA  A:00 X:FC Y:D6 P:A4 SP:FB
E797  C8        INY  A:00 X:FC Y:D6 P:A4 SP:FB
E798  D0 FB     BNE  A:00 X:FC Y:D7 P:A4 SP:FB
E795  91 0E     STA  A:00 X:FC Y:D7 P:A4 SP:FB
E797  C8        INY  A:00 X:FC Y:D7 P:A4 SP:FB
E798  D0 FB     BNE  A:00 X:FC Y:D8 P:A4 SP:FB
E795  91 0E     STA  A:00 X:FC Y:D8 P:A4 SP:FB
E797  C8        INY  A:00 X:FC Y:D8 P:A4 SP:FB
E798  D0 FB     BNE  A:00 X:FC Y:D9 P:A4 SP:FB
E795  91 0E     STA  A:00 X:FC Y:D9 P:A4 SP:FB
E797  C8        INY  A:00 X:FC Y:D9 P:A4 SP:FB
E798  D0 FB     BNE  A:00 X:FC Y:DA P:A4 SP:FB
E795  91 0E     STA  A:00 X:FC Y:DA P:A4 SP:FB
E797  C8        INY  A:00 X:FC Y:DA P:A4 SP:FB
E798  D0 FB     BNE  A:00 X:FC Y:DB P:A4 SP:FB
E795  91 0E     STA  A:00 X:FC Y:DB P:A4 SP:FB
E797  C8        INY  A:00 X:FC Y:DB P:A4 SP:FB
E798  D0 FB     BNE  A:00 X:FC Y:DC P:A4 SP:FB
E795  91 0E     STA  A:00 X:FC Y:DC P:A4 SP:FB
E797  C8        INY  A:00 X:FC Y:DC P:A4 SP:FB
E798  D0 FB     BNE  A:00 X:FC Y:DD P:A4 SP:FB
E795  91 0E     STA  A:00 X:FC Y:DD P:A4 SP:FB
E797  C8        INY  A:00 X:FC Y:DD P:A4 SP:FB
E798  D0 FB     BNE  A:00 X:FC Y:DE P:A4 SP:FB
E795  91 0E     STA  A:00 X:FC Y:DE P:A4 SP:FB
E797  C8        INY  A:00 X:FC Y:DE P:A4 SP:FB
E798  D0 FB     BNE  A:00 X:FC Y:DF P:A4 SP:FB
E795  91 0E     STA  A:00 X:FC Y:DF P:A4 SP:FB
E797  C8        INY  A:00 X:FC Y:DF P:A4 SP:FB
E798  D0 FB     BNE  A:00 X:FC Y:E0 P:A4 SP:FB
E795  91 0E     STA  A:00 X:FC Y:E0 P:A4 SP:FB
E797  C8        INY  A:00 X:FC Y:E0 P:A4 SP:FB
E798  D0 FB     BNE  A:00 X:FC Y:E1 P:A4 SP:FB
E795  91 0E     STA  A:00 X:FC Y:E1 P:A4 SP:FB
E797  C8        INY  A:00 X:FC Y:E1 P:A4 SP:FB
E798  D0 FB     BNE  A:00 X:FC Y:E2 P:A4 SP:FB
E795  91 0E     STA  A:00 X:FC Y:E2 P:A4 SP:FB
E797  C8        INY  A:00 X:FC Y:E2 P:A4 SP:FB
E798  D0 FB     BNE  A:00 X:FC Y:E3 P:A4 SP:FB
E795  91 0E     STA  A:00 X:FC Y:E3 P:A4 SP:FB
E797  C8        INY  A:00 X:FC Y:E3 P:A4 SP:FB
E798  D0 FB     BNE  A:00 X:FC Y:E4 P:A4 SP:FB
E795  91 0E     STA  A:00 X:FC Y:E4 P:A4 SP:FB
E797  C8        INY  A:00 X:FC Y:E4 P:A4 SP:FB
E798  D0 FB     BNE  A:00 X:FC Y:E5 P:A4 SP:FB
E795  91 0E     STA  A:00 X:FC Y:E5 P:A4 SP:FB
E797  C8        INY  A:00 X:FC Y:E5 P:A4 SP:FB
E798  D0 FB     BNE  A:00 X:FC Y:E6 P:A4 SP:FB
E795  91 0E     STA  A:00 X:FC Y:E6 P:A4 SP:FB
E797  C8        INY  A:00 X:FC Y:E6 P:A4 SP:FB
E798  D0 FB     BNE  A:00 X:FC Y:E7 P:A4 SP:FB
E795  91 0E     STA  A:00 X:FC Y:E7 P:A4 SP:FB
E797  C8        INY  A:00 X:FC Y:E7 P:A4 SP:FB
E798  D0 FB     BNE  A:00 X:FC Y:E8 P:A4 SP:FB
E795  91 0E     STA  A:00 X:FC Y:E8 P:A4 SP:FB
E797  C8        INY  A:00 X:FC Y:E8 P:A4 SP:FB
E798  D0 FB     BNE  A:00 X:FC Y:E9 P:A4 SP:FB
E795  91 0E     STA  A:00 X:FC Y:E9 P:A4 SP:FB
E797  C8        INY  A:00 X:FC Y:E9 P:A4 SP:FB
E798  D0 FB     BNE  A:00 X:FC Y:EA P:A4 SP:FB
E795  91 0E     STA  A:00 X:FC Y:EA P:A4 SP:FB
E797  C8        INY  A:00 X:FC Y:EA P:A4 SP:FB
E798  D0 FB     BNE  A:00 X:FC Y:EB P:A4 SP:FB
E795  91 0E     STA  A:00 X:FC Y:EB P:A4 SP:FB
E797  C8        INY  A:00 X:FC Y:EB P:A4 SP:FB
E798  D0 FB     BNE  A:00 X:FC Y:EC P:A4 SP:FB
E795  91 0E     STA  A:00 X:FC Y:EC P:A4 SP:FB
E797  C8        INY  A:00 X:FC Y:EC P:A4 SP:FB
E798  D0 FB     BNE  A:00 X:FC Y:ED P:A4 SP:FB
E795  91 0E     STA  A:00 X:FC Y:ED P:A4 SP:FB
E797  C8        INY  A:00 X:FC Y:ED P:A4 SP:FB
E798  D0 FB     BNE  A:00 X:FC Y:EE P:A4 SP:FB
E795  91 0E     STA  A:00 X:FC Y:EE P:A4 SP:FB
E797  C8        INY  A:00 X:FC Y:EE P:A4 SP:FB
E798  D0 FB     BNE  A:00 X:FC Y:EF P:A4 SP:FB
E795  91 0E     STA  A:00 X:FC Y:EF P:A4 SP:FB
E797  C8        INY  A:00 X:FC Y:EF P:A4 SP:FB
E798  D0 FB     BNE  A:00 X:FC Y:F0 P:A4 SP:FB
E795  91 0E     STA  A:00 X:FC Y:F0 P:A4 SP:FB
E797  C8        INY  A:00 X:FC Y:F0 P:A4 SP:FB
E798  D0 FB     BNE  A:00 X:FC Y:F1 P:A4 SP:FB
E795  91 0E     STA  A:00 X:FC Y:F1 P:A4 SP:FB
E797  C8        INY  A:00 X:FC Y:F1 P:A4 SP:FB
E798  D0 FB     BNE  A:00 X:FC Y:F2 P:A4 SP:FB
E795  91 0E     STA  A:00 X:FC Y:F2 P:A4 SP:FB
E797  C8        INY  A:00 X:FC Y:F2 P:A4 SP:FB
E798  D0 FB     BNE  A:00 X:FC Y:F3 P:A4 SP:FB
E795  91 0E     STA  A:00 X:FC Y:F3 P:A4 SP:FB
E797  C8        INY  A:00 X:FC Y:F3 P:A4 SP:FB
E798  D0 FB     BNE  A:00 X:FC Y:F4 P:A4 SP:FB
E795  91 0E     STA  A:00 X:FC Y:F4 P:A4 SP:FB
E797  C8        INY  A:00 X:FC Y:F4 P:A4 SP:FB
E798  D0 FB     BNE  A:00 X:FC Y:F5 P:A4 SP:FB
E795  91 0E     STA  A:00 X:FC Y:F5 P:A4 SP:FB
E797  C8        INY  A:00 X:FC Y:F5 P:A4 SP:FB
E798  D0 FB     BNE  A:00 X:FC Y:F6 P:A4 SP:FB
E795  91 0E     STA  A:00 X:FC Y:F6 P:A4 SP:FB
E797  C8        INY  A:00 X:FC Y:F6 P:A4 SP:FB
E798  D0 FB     BNE  A:00 X:FC Y:F7 P:A4 SP:FB
E795  91 0E     STA  A:00 X:FC Y:F7 P:A4 SP:FB
E797  C8        INY  A:00 X:FC Y:F7 P:A4 SP:FB
E798  D0 FB     BNE  A:00 X:FC Y:F8 P:A4 SP:FB
E795  91 0E     STA  A:00 X:FC Y:F8 P:A4 SP:FB
E797  C8        INY  A:00 X:FC Y:F8 P:A4 SP:FB
E798  D0 FB     BNE  A:00 X:FC Y:F9 P:A4 SP:FB
E795  91 0E     STA  A:00 X:FC Y:F9 P:A4 SP:FB
E797  C8        INY  A:00 X:FC Y:F9 P:A4 SP:FB
E798  D0 FB     BNE  A:00 X:FC Y:FA P:A4 SP:FB
E795  91 0E     STA  A:00 X:FC Y:FA P:A4 SP:FB
E797  C8        INY  A:00 X:FC Y:FA P:A4 SP:FB
E798  D0 FB     BNE  A:00 X:FC Y:FB P:A4 SP:FB
E795  91 0E     STA  A:00 X:FC Y:FB P:A4 SP:FB
E797  C8        INY  A:00 X:FC Y:FB P:A4 SP:FB
E798  D0 FB     BNE  A:00 X:FC Y:FC P:A4 SP:FB
E795  91 0E     STA  A:00 X:FC Y:FC P:A4 SP:FB
E797  C8        INY  A:00 X:FC Y:FC P:A4 SP:FB
E798  D0 FB     BNE  A:00 X:FC Y:FD P:A4 SP:FB
E795  91 0E     STA  A:00 X:FC Y:FD P:A4 SP:FB
E797  C8        INY  A:00 X:FC Y:FD P:A4 SP:FB
E798  D0 FB     BNE  A:00 X:FC Y:FE P:A4 SP:FB
E795  91 0E     STA  A:00 X:FC Y:FE P:A4 SP:FB
E797  C8        INY  A:00 X:FC Y:FE P:A4 SP:FB
E798  D0 FB     BNE  A:00 X:FC Y:FF P:A4 SP:FB
E795  91 0E     STA  A:00 X:FC Y:FF P:A4 SP:FB
E797  C8        INY  A:00 X:FC Y:FF P:A4 SP:FB
E798  D0 FB     BNE  A:00 X:FC Y:00 P:26 SP:FB
E79A  E6 0F     INC  A:00 X:FC Y:00 P:26 SP:FB
E79C  E8        INX  A:00 X:FC Y:00 P:24 SP:FB
E79D  D0 F6     BNE  A:00 X:FD Y:00 P:A4 SP:FB
E795  91 0E     STA  A:00 X:FD Y:00 P:A4 SP:FB
E797  C8        INY  A:00 X:FD Y:00 P:A4 SP:FB
E798  D0 FB     BNE  A:00 X:FD Y:01 P:24 SP:FB
E795  91 0E     STA  A:00 X:FD Y:01 P:24 SP:FB
E797  C8        INY  A:00 X:FD Y:01 P:24 SP:FB
E798  D0 FB     BNE  A:00 X:FD Y:02 P:24 SP:FB
E795  91 0E     STA  A:00 X:FD Y:02 P:24 SP:FB
E797  C8        INY  A:00 X:FD Y:02 P:24 SP:FB
E798  D0 FB     BNE  A:00 X:FD Y:03 P:24 SP:FB
E795  91 0E     STA  A:00 X:FD Y:03 P:24 SP:FB
E797  C8        INY  A:00 X:FD Y:03 P:24 SP:FB
E798  D0 FB     BNE  A:00 X:FD Y:04 P:24 SP:FB
E795  91 0E     STA  A:00 X:FD Y:04 P:24 SP:FB
E797  C8        INY  A:00 X:FD Y:04 P:24 SP:FB
E798  D0 FB     BNE  A:00 X:FD Y:05 P:24 SP:FB
E795  91 0E     STA  A:00 X:FD Y:05 P:24 SP:FB
E797  C8        INY  A:00 X:FD Y:05 P:24 SP:FB
E798  D0 FB     BNE  A:00 X:FD Y:06 P:24 SP:FB
E795  91 0E     STA  A:00 X:FD Y:06 P:24 SP:FB
E797  C8        INY  A:00 X:FD Y:06 P:24 SP:FB
E798  D0 FB     BNE  A:00 X:FD Y:07 P:24 SP:FB
E795  91 0E     STA  A:00 X:FD Y:07 P:24 SP:FB
E797  C8        INY  A:00 X:FD Y:07 P:24 SP:FB
E798  D0 FB     BNE  A:00 X:FD Y:08 P:24 SP:FB
E795  91 0E     STA  A:00 X:FD Y:08 P:24 SP:FB
E797  C8        INY  A:00 X:FD Y:08 P:24 SP:FB
E798  D0 FB     BNE  A:00 X:FD Y:09 P:24 SP:FB
E795  91 0E     STA  A:00 X:FD Y:09 P:24 SP:FB
E797  C8        INY  A:00 X:FD Y:09 P:24 SP:FB
E798  D0 FB     BNE  A:00 X:FD Y:0A P:24 SP:FB
E795  91 0E     STA  A:00 X:FD Y:0A P:24 SP:FB
E797  C8        INY  A:00 X:FD Y:0A P:24 SP:FB
E798  D0 FB     BNE  A:00 X:FD Y:0B P:24 SP:FB
E795  91 0E     STA  A:00 X:FD Y:0B P:24 SP:FB
E797  C8        INY  A:00 X:FD Y:0B P:24 SP:FB
E798  D0 FB     BNE  A:00 X:FD Y:0C P:24 SP:FB
E795  91 0E     STA  A:00 X:FD Y:0C P:24 SP:FB
E797  C8        INY  A:00 X:FD Y:0C P:24 SP:FB
E798  D0 FB     BNE  A:00 X:FD Y:0D P:24 SP:FB
E795  91 0E     STA  A:00 X:FD Y:0D P:24 SP:FB
E797  C8        INY  A:00 X:FD Y:0D P:24 SP:FB
E798  D0 FB     BNE  A:00 X:FD Y:0E P:24 SP:FB
E795  91 0E     STA  A:00 X:FD Y:0E P:24 SP:FB
E797  C8        INY  A:00 X:FD Y:0E P:24 SP:FB
E798  D0 FB     BNE  A:00 X:FD Y:0F P:24 SP:FB
E795  91 0E     STA  A:00 X:FD Y:0F P:24 SP:FB
E797  C8        INY  A:00 X:FD Y:0F P:24 SP:FB
E798  D0 FB     BNE  A:00 X:FD Y:10 P:24 SP:FB
E795  91 0E     STA  A:00 X:FD Y:10 P:24 SP:FB
E797  C8        INY  A:00 X:FD Y:10 P:24 SP:FB
E798  D0 FB     BNE  A:00 X:FD Y:11 P:24 SP:FB
E795  91 0E     STA  A:00 X:FD Y:11 P:24 SP:FB
E797  C8        INY  A:00 X:FD Y:11 P:24 SP:FB
E798  D0 FB     BNE  A:00 X:FD Y:12 P:24 SP:FB
E795  91 0E     STA  A:00 X:FD Y:12 P:24 SP:FB
E797  C8        INY  A:00 X:FD Y:12 P:24 SP:FB
E798  D0 FB     BNE  A:00 X:FD Y:13 P:24 SP:FB
E795  91 0E     STA  A:00 X:FD Y:13 P:24 SP:FB
E797  C8        INY  A:00 X:FD Y:13 P:24 SP:FB
E798  D0 FB     BNE  A:00 X:FD Y:14 P:24 SP:FB
E795  91 0E     STA  A:00 X:FD Y:14 P:24 SP:FB
E797  C8        INY  A:00 X:FD Y:14 P:24 SP:FB
E798  D0 FB     BNE  A:00 X:FD Y:15 P:24 SP:FB
E795  91 0E     STA  A:00 X:FD Y:15 P:24 SP:FB
E797  C8        INY  A:00 X:FD Y:15 P:24 SP:FB
E798  D0 FB     BNE  A:00 X:FD Y:16 P:24 SP:FB
E795  91 0E     STA  A:00 X:FD Y:16 P:24 SP:FB
E797  C8        INY  A:00 X:FD Y:16 P:24 SP:FB
E798  D0 FB     BNE  A:00 X:FD Y:17 P:24 SP:FB
E795  91 0E     STA  A:00 X:FD Y:17 P:24 SP:FB
E797  C8        INY  A:00 X:FD Y:17 P:24 SP:FB
E798  D0 FB     BNE  A:00 X:FD Y:18 P:24 SP:FB
E795  91 0E     STA  A:00 X:FD Y:18 P:24 SP:FB
E797  C8        INY  A:00 X:FD Y:18 P:24 SP:FB
E798  D0 FB     BNE  A:00 X:FD Y:19 P:24 SP:FB
E795  91 0E     STA  A:00 X:FD Y:19 P:24 SP:FB
E797  C8        INY  A:00 X:FD Y:19 P:24 SP:FB
E798  D0 FB     BNE  A:00 X:FD Y:1A P:24 SP:FB
E795  91 0E     STA  A:00 X:FD Y:1A P:24 SP:FB
E797  C8        INY  A:00 X:FD Y:1A P:24 SP:FB
E798  D0 FB     BNE  A:00 X:FD Y:1B P:24 SP:FB
E795  91 0E     STA  A:00 X:FD Y:1B P:24 SP:FB
E797  C8        INY  A:00 X:FD Y:1B P:24 SP:FB
E798  D0 FB     BNE  A:00 X:FD Y:1C P:24 SP:FB
E795  91 0E     STA  A:00 X:FD Y:1C P:24 SP:FB
E797  C8        INY  A:00 X:FD Y:1C P:24 SP:FB
E798  D0 FB     BNE  A:00 X:FD Y:1D P:24 SP:FB
E795  91 0E     STA  A:00 X:FD Y:1D P:24 SP:FB
E797  C8        INY  A:00 X:FD Y:1D P:24 SP:FB
E798  D0 FB     BNE  A:00 X:FD Y:1E P:24 SP:FB
E795  91 0E     STA  A:00 X:FD Y:1E P:24 SP:FB
E797  C8        INY  A:00 X:FD Y:1E P:24 SP:FB
E798  D0 FB     BNE  A:00 X:FD Y:1F P:24 SP:FB
E795  91 0E     STA  A:00 X:FD Y:1F P:24 SP:FB
E797  C8        INY  A:00 X:FD Y:1F P:24 SP:FB
E798  D0 FB     BNE  A:00 X:FD Y:20 P:24 SP:FB
E795  91 0E     STA  A:00 X:FD Y:20 P:24 SP:FB
E797  C8        INY  A:00 X:FD Y:20 P:24 SP:FB
E798  D0 FB     BNE  A:00 X:FD Y:21 P:24 SP:FB
E795  91 0E     STA  A:00 X:FD Y:21 P:24 SP:FB
E797  C8        INY  A:00 X:FD Y:21 P:24 SP:FB
E798  D0 FB     BNE  A:00 X:FD Y:22 P:24 SP:FB
E795  91 0E     STA  A:00 X:FD Y:22 P:24 SP:FB
E797  C8        INY  A:00 X:FD Y:22 P:24 SP:FB
E798  D0 FB     BNE  A:00 X:FD Y:23 P:24 SP:FB
E795  91 0E     STA  A:00 X:FD Y:23 P:24 SP:FB
E797  C8        INY  A:00 X:FD Y:23 P:24 SP:FB
E798  D0 FB     BNE  A:00 X:FD Y:24 P:24 SP:FB
E795  91 0E     STA  A:00 X:FD Y:24 P:24 SP:FB
E797  C8        INY  A:00 X:FD Y:24 P:24 SP:FB
E798  D0 FB     BNE  A:00 X:FD Y:25 P:24 SP:FB
E795  91 0E     STA  A:00 X:FD Y:25 P:24 SP:FB
E797  C8        INY  A:00 X:FD Y:25 P:24 SP:FB
E798  D0 FB     BNE  A:00 X:FD Y:26 P:24 SP:FB
E795  91 0E     STA  A:00 X:FD Y:26 P:24 SP:FB
E797  C8        INY  A:00 X:FD Y:26 P:24 SP:FB
E798  D0 FB     BNE  A:00 X:FD Y:27 P:24 SP:FB
E795  91 0E     STA  A:00 X:FD Y:27 P:24 SP:FB
E797  C8        INY  A:00 X:FD Y:27 P:24 SP:FB
E798  D0 FB     BNE  A:00 X:FD Y:28 P:24 SP:FB
E795  91 0E     STA  A:00 X:FD Y:28 P:24 SP:FB
E797  C8        INY  A:00 X:FD Y:28 P:24 SP:FB
E798  D0 FB     BNE  A:00 X:FD Y:29 P:24 SP:FB
E795  91 0E     STA  A:00 X:FD Y:29 P:24 SP:FB
E797  C8        INY  A:00 X:FD Y:29 P:24 SP:FB
E798  D0 FB     BNE  A:00 X:FD Y:2A P:24 SP:FB
E795  91 0E     STA  A:00 X:FD Y:2A P:24 SP:FB
E797  C8        INY  A:00 X:FD Y:2A P:24 SP:FB
E798  D0 FB     BNE  A:00 X:FD Y:2B P:24 SP:FB
E795  91 0E     STA  A:00 X:FD Y:2B P:24 SP:FB
E797  C8        INY  A:00 X:FD Y:2B P:24 SP:FB
E798  D0 FB     BNE  A:00 X:FD Y:2C P:24 SP:FB
E795  91 0E     STA  A:00 X:FD Y:2C P:24 SP:FB
E797  C8        INY  A:00 X:FD Y:2C P:24 SP:FB
E798  D0 FB     BNE  A:00 X:FD Y:2D P:24 SP:FB
E795  91 0E     STA  A:00 X:FD Y:2D P:24 SP:FB
E797  C8        INY  A:00 X:FD Y:2D P:24 SP:FB
E798  D0 FB     BNE  A:00 X:FD Y:2E P:24 SP:FB
E795  91 0E     STA  A:00 X:FD Y:2E P:24 SP:FB
E797  C8        INY  A:00 X:FD Y:2E P:24 SP:FB
E798  D0 FB     BNE  A:00 X:FD Y:2F P:24 SP:FB
E795  91 0E     STA  A:00 X:FD Y:2F P:24 SP:FB
E797  C8        INY  A:00 X:FD Y:2F P:24 SP:FB
E798  D0 FB     BNE  A:00 X:FD Y:30 P:24 SP:FB
E795  91 0E     STA  A:00 X:FD Y:30 P:24 SP:FB
E797  C8        INY  A:00 X:FD Y:30 P:24 SP:FB
E798  D0 FB     BNE  A:00 X:FD Y:31 P:24 SP:FB
E795  91 0E     STA  A:00 X:FD Y:31 P:24 SP:FB
E797  C8        INY  A:00 X:FD Y:31 P:24 SP:FB
E798  D0 FB     BNE  A:00 X:FD Y:32 P:24 SP:FB
E795  91 0E     STA  A:00 X:FD Y:32 P:24 SP:FB
E797  C8        INY  A:00 X:FD Y:32 P:24 SP:FB
E798  D0 FB     BNE  A:00 X:FD Y:33 P:24 SP:FB
E795  91 0E     STA  A:00 X:FD Y:33 P:24 SP:FB
E797  C8        INY  A:00 X:FD Y:33 P:24 SP:FB
E798  D0 FB     BNE  A:00 X:FD Y:34 P:24 SP:FB
E795  91 0E     STA  A:00 X:FD Y:34 P:24 SP:FB
E797  C8        INY  A:00 X:FD Y:34 P:24 SP:FB
E798  D0 FB     BNE  A:00 X:FD Y:35 P:24 SP:FB
E795  91 0E     STA  A:00 X:FD Y:35 P:24 SP:FB
E797  C8        INY  A:00 X:FD Y:35 P:24 SP:FB
E798  D0 FB     BNE  A:00 X:FD Y:36 P:24 SP:FB
E795  91 0E     STA  A:00 X:FD Y:36 P:24 SP:FB
E797  C8        INY  A:00 X:FD Y:36 P:24 SP:FB
E798  D0 FB     BNE  A:00 X:FD Y:37 P:24 SP:FB
E795  91 0E     STA  A:00 X:FD Y:37 P:24 SP:FB
E797  C8        INY  A:00 X:FD Y:37 P:24 SP:FB
E798  D0 FB     BNE  A:00 X:FD Y:38 P:24 SP:FB
E795  91 0E     STA  A:00 X:FD Y:38 P:24 SP:FB
E797  C8        INY  A:00 X:FD Y:38 P:24 SP:FB
E798  D0 FB     BNE  A:00 X:FD Y:39 P:24 SP:FB
E795  91 0E     STA  A:00 X:FD Y:39 P:24 SP:FB
E797  C8        INY  A:00 X:FD Y:39 P:24 SP:FB
E798  D0 FB     BNE  A:00 X:FD Y:3A P:24 SP:FB
E795  91 0E     STA  A:00 X:FD Y:3A P:24 SP:FB
E797  C8        INY  A:00 X:FD Y:3A P:24 SP:FB
E798  D0 FB     BNE  A:00 X:FD Y:3B P:24 SP:FB
E795  91 0E     STA  A:00 X:FD Y:3B P:24 SP:FB
E797  C8        INY  A:00 X:FD Y:3B P:24 SP:FB
E798  D0 FB     BNE  A:00 X:FD Y:3C P:24 SP:FB
E795  91 0E     STA  A:00 X:FD Y:3C P:24 SP:FB
E797  C8        INY  A:00 X:FD Y:3C P:24 SP:FB
E798  D0 FB     BNE  A:00 X:FD Y:3D P:24 SP:FB
E795  91 0E     STA  A:00 X:FD Y:3D P:24 SP:FB
E797  C8        INY  A:00 X:FD Y:3D P:24 SP:FB
E798  D0 FB     BNE  A:00 X:FD Y:3E P:24 SP:FB
E795  91 0E     STA  A:00 X:FD Y:3E P:24 SP:FB
E797  C8        INY  A:00 X:FD Y:3E P:24 SP:FB
E798  D0 FB     BNE  A:00 X:FD Y:3F P:24 SP:FB
E795  91 0E     STA  A:00 X:FD Y:3F P:24 SP:FB
E797  C8        INY  A:00 X:FD Y:3F P:24 SP:FB
E798  D0 FB     BNE  A:00 X:FD Y:40 P:24 SP:FB
E795  91 0E     STA  A:00 X:FD Y:40 P:24 SP:FB
E797  C8        INY  A:00 X:FD Y:40 P:24 SP:FB
E798  D0 FB     BNE  A:00 X:FD Y:41 P:24 SP:FB
E795  91 0E     STA  A:00 X:FD Y:41 P:24 SP:FB
E797  C8        INY  A:00 X:FD Y:41 P:24 SP:FB
E798  D0 FB     BNE  A:00 X:FD Y:42 P:24 SP:FB
E795  91 0E     STA  A:00 X:FD Y:42 P:24 SP:FB
E797  C8        INY  A:00 X:FD Y:42 P:24 SP:FB
E798  D0 FB     BNE  A:00 X:FD Y:43 P:24 SP:FB
E795  91 0E     STA  A:00 X:FD Y:43 P:24 SP:FB
E797  C8        INY  A:00 X:FD Y:43 P:24 SP:FB
E798  D0 FB     BNE  A:00 X:FD Y:44 P:24 SP:FB
E795  91 0E     STA  A:00 X:FD Y:44 P:24 SP:FB
E797  C8        INY  A:00 X:FD Y:44 P:24 SP:FB
E798  D0 FB     BNE  A:00 X:FD Y:45 P:24 SP:FB
E795  91 0E     STA  A:00 X:FD Y:45 P:24 SP:FB
E797  C8        INY  A:00 X:FD Y:45 P:24 SP:FB
E798  D0 FB     BNE  A:00 X:FD Y:46 P:24 SP:FB
E795  91 0E     STA  A:00 X:FD Y:46 P:24 SP:FB
E797  C8        INY  A:00 X:FD Y:46 P:24 SP:FB
E798  D0 FB     BNE  A:00 X:FD Y:47 P:24 SP:FB
E795  91 0E     STA  A:00 X:FD Y:47 P:24 SP:FB
E797  C8        INY  A:00 X:FD Y:47 P:24 SP:FB
E798  D0 FB     BNE  A:00 X:FD Y:48 P:24 SP:FB
E795  91 0E     STA  A:00 X:FD Y:48 P:24 SP:FB
E797  C8        INY  A:00 X:FD Y:48 P:24 SP:FB
E798  D0 FB     BNE  A:00 X:FD Y:49 P:24 SP:FB
E795  91 0E     STA  A:00 X:FD Y:49 P:24 SP:FB
E797  C8        INY  A:00 X:FD Y:49 P:24 SP:FB
E798  D0 FB     BNE  A:00 X:FD Y:4A P:24 SP:FB
E795  91 0E     STA  A:00 X:FD Y:4A P:24 SP:FB
E797  C8        INY  A:00 X:FD Y:4A P:24 SP:FB
E798  D0 FB     BNE  A:00 X:FD Y:4B P:24 SP:FB
E795  91 0E     STA  A:00 X:FD Y:4B P:24 SP:FB
E797  C8        INY  A:00 X:FD Y:4B P:24 SP:FB
E798  D0 FB     BNE  A:00 X:FD Y:4C P:24 SP:FB
E795  91 0E     STA  A:00 X:FD Y:4C P:24 SP:FB
E797  C8        INY  A:00 X:FD Y:4C P:24 SP:FB
E798  D0 FB     BNE  A:00 X:FD Y:4D P:24 SP:FB
E795  91 0E     STA  A:00 X:FD Y:4D P:24 SP:FB
E797  C8        INY  A:00 X:FD Y:4D P:24 SP:FB
E798  D0 FB     BNE  A:00 X:FD Y:4E P:24 SP:FB
E795  91 0E     STA  A:00 X:FD Y:4E P:24 SP:FB
E797  C8        INY  A:00 X:FD Y:4E P:24 SP:FB
E798  D0 FB     BNE  A:00 X:FD Y:4F P:24 SP:FB
E795  91 0E     STA  A:00 X:FD Y:4F P:24 SP:FB
E797  C8        INY  A:00 X:FD Y:4F P:24 SP:FB
E798  D0 FB     BNE  A:00 X:FD Y:50 P:24 SP:FB
E795  91 0E     STA  A:00 X:FD Y:50 P:24 SP:FB
E797  C8        INY  A:00 X:FD Y:50 P:24 SP:FB
E798  D0 FB     BNE  A:00 X:FD Y:51 P:24 SP:FB
E795  91 0E     STA  A:00 X:FD Y:51 P:24 SP:FB
E797  C8        INY  A:00 X:FD Y:51 P:24 SP:FB
E798  D0 FB     BNE  A:00 X:FD Y:52 P:24 SP:FB
E795  91 0E     STA  A:00 X:FD Y:52 P:24 SP:FB
E797  C8        INY  A:00 X:FD Y:52 P:24 SP:FB
E798  D0 FB     BNE  A:00 X:FD Y:53 P:24 SP:FB
E795  91 0E     STA  A:00 X:FD Y:53 P:24 SP:FB
E797  C8        INY  A:00 X:FD Y:53 P:24 SP:FB
E798  D0 FB     BNE  A:00 X:FD Y:54 P:24 SP:FB
E795  91 0E     STA  A:00 X:FD Y:54 P:24 SP:FB
E797  C8        INY  A:00 X:FD Y:54 P:24 SP:FB
E798  D0 FB     BNE  A:00 X:FD Y:55 P:24 SP:FB
E795  91 0E     STA  A:00 X:FD Y:55 P:24 SP:FB
E797  C8        INY  A:00 X:FD Y:55 P:24 SP:FB
E798  D0 FB     BNE  A:00 X:FD Y:56 P:24 SP:FB
E795  91 0E     STA  A:00 X:FD Y:56 P:24 SP:FB
E797  C8        INY  A:00 X:FD Y:56 P:24 SP:FB
E798  D0 FB     BNE  A:00 X:FD Y:57 P:24 SP:FB
E795  91 0E     STA  A:00 X:FD Y:57 P:24 SP:FB
E797  C8        INY  A:00 X:FD Y:57 P:24 SP:FB
E798  D0 FB     BNE  A:00 X:FD Y:58 P:24 SP:FB
E795  91 0E     STA  A:00 X:FD Y:58 P:24 SP:FB
E797  C8        INY  A:00 X:FD Y:58 P:24 SP:FB
E798  D0 FB     BNE  A:00 X:FD Y:59 P:24 SP:FB
E795  91 0E     STA  A:00 X:FD Y:59 P:24 SP:FB
E797  C8        INY  A:00 X:FD Y:59 P:24 SP:FB
E798  D0 FB     BNE  A:00 X:FD Y:5A P:24 SP:FB
E795  91 0E     STA  A:00 X:FD Y:5A P:24 SP:FB
E797  C8        INY  A:00 X:FD Y:5A P:24 SP:FB
E798  D0 FB     BNE  A:00 X:FD Y:5B P:24 SP:FB
E795  91 0E     STA  A:00 X:FD Y:5B P:24 SP:FB
E797  C8        INY  A:00 X:FD Y:5B P:24 SP:FB
E798  D0 FB     BNE  A:00 X:FD Y:5C P:24 SP:FB
E795  91 0E     STA  A:00 X:FD Y:5C P:24 SP:FB
E797  C8        INY  A:00 X:FD Y:5C P:24 SP:FB
E798  D0 FB     BNE  A:00 X:FD Y:5D P:24 SP:FB
E795  91 0E     STA  A:00 X:FD Y:5D P:24 SP:FB
E797  C8        INY  A:00 X:FD Y:5D P:24 SP:FB
E798  D0 FB     BNE  A:00 X:FD Y:5E P:24 SP:FB
E795  91 0E     STA  A:00 X:FD Y:5E P:24 SP:FB
E797  C8        INY  A:00 X:FD Y:5E P:24 SP:FB
E798  D0 FB     BNE  A:00 X:FD Y:5F P:24 SP:FB
E795  91 0E     STA  A:00 X:FD Y:5F P:24 SP:FB
E797  C8        INY  A:00 X:FD Y:5F P:24 SP:FB
E798  D0 FB     BNE  A:00 X:FD Y:60 P:24 SP:FB
E795  91 0E     STA  A:00 X:FD Y:60 P:24 SP:FB
E797  C8        INY  A:00 X:FD Y:60 P:24 SP:FB
E798  D0 FB     BNE  A:00 X:FD Y:61 P:24 SP:FB
E795  91 0E     STA  A:00 X:FD Y:61 P:24 SP:FB
E797  C8        INY  A:00 X:FD Y:61 P:24 SP:FB
E798  D0 FB     BNE  A:00 X:FD Y:62 P:24 SP:FB
E795  91 0E     STA  A:00 X:FD Y:62 P:24 SP:FB
E797  C8        INY  A:00 X:FD Y:62 P:24 SP:FB
E798  D0 FB     BNE  A:00 X:FD Y:63 P:24 SP:FB
E795  91 0E     STA  A:00 X:FD Y:63 P:24 SP:FB
E797  C8        INY  A:00 X:FD Y:63 P:24 SP:FB
E798  D0 FB     BNE  A:00 X:FD Y:64 P:24 SP:FB
E795  91 0E     STA  A:00 X:FD Y:64 P:24 SP:FB
E797  C8        INY  A:00 X:FD Y:64 P:24 SP:FB
E798  D0 FB     BNE  A:00 X:FD Y:65 P:24 SP:FB
E795  91 0E     STA  A:00 X:FD Y:65 P:24 SP:FB
E797  C8        INY  A:00 X:FD Y:65 P:24 SP:FB
E798  D0 FB     BNE  A:00 X:FD Y:66 P:24 SP:FB
E795  91 0E     STA  A:00 X:FD Y:66 P:24 SP:FB
E797  C8        INY  A:00 X:FD Y:66 P:24 SP:FB
E798  D0 FB     BNE  A:00 X:FD Y:67 P:24 SP:FB
E795  91 0E     STA  A:00 X:FD Y:67 P:24 SP:FB
E797  C8        INY  A:00 X:FD Y:67 P:24 SP:FB
E798  D0 FB     BNE  A:00 X:FD Y:68 P:24 SP:FB
E795  91 0E     STA  A:00 X:FD Y:68 P:24 SP:FB
E797  C8        INY  A:00 X:FD Y:68 P:24 SP:FB
E798  D0 FB     BNE  A:00 X:FD Y:69 P:24 SP:FB
E795  91 0E     STA  A:00 X:FD Y:69 P:24 SP:FB
E797  C8        INY  A:00 X:FD Y:69 P:24 SP:FB
E798  D0 FB     BNE  A:00 X:FD Y:6A P:24 SP:FB
E795  91 0E     STA  A:00 X:FD Y:6A P:24 SP:FB
E797  C8        INY  A:00 X:FD Y:6A P:24 SP:FB
E798  D0 FB     BNE  A:00 X:FD Y:6B P:24 SP:FB
E795  91 0E     STA  A:00 X:FD Y:6B P:24 SP:FB
E797  C8        INY  A:00 X:FD Y:6B P:24 SP:FB
E798  D0 FB     BNE  A:00 X:FD Y:6C P:24 SP:FB
E795  91 0E     STA  A:00 X:FD Y:6C P:24 SP:FB
E797  C8        INY  A:00 X:FD Y:6C P:24 SP:FB
E798  D0 FB     BNE  A:00 X:FD Y:6D P:24 SP:FB
E795  91 0E     STA  A:00 X:FD Y:6D P:24 SP:FB
E797  C8        INY  A:00 X:FD Y:6D P:24 SP:FB
E798  D0 FB     BNE  A:00 X:FD Y:6E P:24 SP:FB
E795  91 0E     STA  A:00 X:FD Y:6E P:24 SP:FB
E797  C8        INY  A:00 X:FD Y:6E P:24 SP:FB
E798  D0 FB     BNE  A:00 X:FD Y:6F P:24 SP:FB
E795  91 0E     STA  A:00 X:FD Y:6F P:24 SP:FB
E797  C8        INY  A:00 X:FD Y:6F P:24 SP:FB
E798  D0 FB     BNE  A:00 X:FD Y:70 P:24 SP:FB
E795  91 0E     STA  A:00 X:FD Y:70 P:24 SP:FB
E797  C8        INY  A:00 X:FD Y:70 P:24 SP:FB
E798  D0 FB     BNE  A:00 X:FD Y:71 P:24 SP:FB
E795  91 0E     STA  A:00 X:FD Y:71 P:24 SP:FB
E797  C8        INY  A:00 X:FD Y:71 P:24 SP:FB
E798  D0 FB     BNE  A:00 X:FD Y:72 P:24 SP:FB
E795  91 0E     STA  A:00 X:FD Y:72 P:24 SP:FB
E797  C8        INY  A:00 X:FD Y:72 P:24 SP:FB
E798  D0 FB     BNE  A:00 X:FD Y:73 P:24 SP:FB
E795  91 0E     STA  A:00 X:FD Y:73 P:24 SP:FB
E797  C8        INY  A:00 X:FD Y:73 P:24 SP:FB
E798  D0 FB     BNE  A:00 X:FD Y:74 P:24 SP:FB
E795  91 0E     STA  A:00 X:FD Y:74 P:24 SP:FB
E797  C8        INY  A:00 X:FD Y:74 P:24 SP:FB
E798  D0 FB     BNE  A:00 X:FD Y:75 P:24 SP:FB
E795  91 0E     STA  A:00 X:FD Y:75 P:24 SP:FB
E797  C8        INY  A:00 X:FD Y:75 P:24 SP:FB
E798  D0 FB     BNE  A:00 X:FD Y:76 P:24 SP:FB
E795  91 0E     STA  A:00 X:FD Y:76 P:24 SP:FB
E797  C8        INY  A:00 X:FD Y:76 P:24 SP:FB
E798  D0 FB     BNE  A:00 X:FD Y:77 P:24 SP:FB
E795  91 0E     STA  A:00 X:FD Y:77 P:24 SP:FB
E797  C8        INY  A:00 X:FD Y:77 P:24 SP:FB
E798  D0 FB     BNE  A:00 X:FD Y:78 P:24 SP:FB
E795  91 0E     STA  A:00 X:FD Y:78 P:24 SP:FB
E797  C8        INY  A:00 X:FD Y:78 P:24 SP:FB
E798  D0 FB     BNE  A:00 X:FD Y:79 P:24 SP:FB
E795  91 0E     STA  A:00 X:FD Y:79 P:24 SP:FB
E797  C8        INY  A:00 X:FD Y:79 P:24 SP:FB
E798  D0 FB     BNE  A:00 X:FD Y:7A P:24 SP:FB
E795  91 0E     STA  A:00 X:FD Y:7A P:24 SP:FB
E797  C8        INY  A:00 X:FD Y:7A P:24 SP:FB
E798  D0 FB     BNE  A:00 X:FD Y:7B P:24 SP:FB
E795  91 0E     STA  A:00 X:FD Y:7B P:24 SP:FB
E797  C8        INY  A:00 X:FD Y:7B P:24 SP:FB
E798  D0 FB     BNE  A:00 X:FD Y:7C P:24 SP:FB
E795  91 0E     STA  A:00 X:FD Y:7C P:24 SP:FB
E797  C8        INY  A:00 X:FD Y:7C P:24 SP:FB
E798  D0 FB     BNE  A:00 X:FD Y:7D P:24 SP:FB
E795  91 0E     STA  A:00 X:FD Y:7D P:24 SP:FB
E797  C8        INY  A:00 X:FD Y:7D P:24 SP:FB
E798  D0 FB     BNE  A:00 X:FD Y:7E P:24 SP:FB
E795  91 0E     STA  A:00 X:FD Y:7E P:24 SP:FB
E797  C8        INY  A:00 X:FD Y:7E P:24 SP:FB
E798  D0 FB     BNE  A:00 X:FD Y:7F P:24 SP:FB
E795  91 0E     STA  A:00 X:FD Y:7F P:24 SP:FB
E797  C8        INY  A:00 X:FD Y:7F P:24 SP:FB
E798  D0 FB     BNE  A:00 X:FD Y:80 P:A4 SP:FB
E795  91 0E     STA  A:00 X:FD Y:80 P:A4 SP:FB
E797  C8        INY  A:00 X:FD Y:80 P:A4 SP:FB
E798  D0 FB     BNE  A:00 X:FD Y:81 P:A4 SP:FB
E795  91 0E     STA  A:00 X:FD Y:81 P:A4 SP:FB
E797  C8        INY  A:00 X:FD Y:81 P:A4 SP:FB
E798  D0 FB     BNE  A:00 X:FD Y:82 P:A4 SP:FB
E795  91 0E     STA  A:00 X:FD Y:82 P:A4 SP:FB
E797  C8        INY  A:00 X:FD Y:82 P:A4 SP:FB
E798  D0 FB     BNE  A:00 X:FD Y:83 P:A4 SP:FB
E795  91 0E     STA  A:00 X:FD Y:83 P:A4 SP:FB
E797  C8        INY  A:00 X:FD Y:83 P:A4 SP:FB
E798  D0 FB     BNE  A:00 X:FD Y:84 P:A4 SP:FB
E795  91 0E     STA  A:00 X:FD Y:84 P:A4 SP:FB
E797  C8        INY  A:00 X:FD Y:84 P:A4 SP:FB
E798  D0 FB     BNE  A:00 X:FD Y:85 P:A4 SP:FB
E795  91 0E     STA  A:00 X:FD Y:85 P:A4 SP:FB
E797  C8        INY  A:00 X:FD Y:85 P:A4 SP:FB
E798  D0 FB     BNE  A:00 X:FD Y:86 P:A4 SP:FB
E795  91 0E     STA  A:00 X:FD Y:86 P:A4 SP:FB
E797  C8        INY  A:00 X:FD Y:86 P:A4 SP:FB
E798  D0 FB     BNE  A:00 X:FD Y:87 P:A4 SP:FB
E795  91 0E     STA  A:00 X:FD Y:87 P:A4 SP:FB
E797  C8        INY  A:00 X:FD Y:87 P:A4 SP:FB
E798  D0 FB     BNE  A:00 X:FD Y:88 P:A4 SP:FB
E795  91 0E     STA  A:00 X:FD Y:88 P:A4 SP:FB
E797  C8        INY  A:00 X:FD Y:88 P:A4 SP:FB
E798  D0 FB     BNE  A:00 X:FD Y:89 P:A4 SP:FB
E795  91 0E     STA  A:00 X:FD Y:89 P:A4 SP:FB
E797  C8        INY  A:00 X:FD Y:89 P:A4 SP:FB
E798  D0 FB     BNE  A:00 X:FD Y:8A P:A4 SP:FB
E795  91 0E     STA  A:00 X:FD Y:8A P:A4 SP:FB
E797  C8        INY  A:00 X:FD Y:8A P:A4 SP:FB
E798  D0 FB     BNE  A:00 X:FD Y:8B P:A4 SP:FB
E795  91 0E     STA  A:00 X:FD Y:8B P:A4 SP:FB
E797  C8        INY  A:00 X:FD Y:8B P:A4 SP:FB
E798  D0 FB     BNE  A:00 X:FD Y:8C P:A4 SP:FB
E795  91 0E     STA  A:00 X:FD Y:8C P:A4 SP:FB
E797  C8        INY  A:00 X:FD Y:8C P:A4 SP:FB
E798  D0 FB     BNE  A:00 X:FD Y:8D P:A4 SP:FB
E795  91 0E     STA  A:00 X:FD Y:8D P:A4 SP:FB
E797  C8        INY  A:00 X:FD Y:8D P:A4 SP:FB
E798  D0 FB     BNE  A:00 X:FD Y:8E P:A4 SP:FB
E795  91 0E     STA  A:00 X:FD Y:8E P:A4 SP:FB
E797  C8        INY  A:00 X:FD Y:8E P:A4 SP:FB
E798  D0 FB     BNE  A:00 X:FD Y:8F P:A4 SP:FB
E795  91 0E     STA  A:00 X:FD Y:8F P:A4 SP:FB
E797  C8        INY  A:00 X:FD Y:8F P:A4 SP:FB
E798  D0 FB     BNE  A:00 X:FD Y:90 P:A4 SP:FB
E795  91 0E     STA  A:00 X:FD Y:90 P:A4 SP:FB
E797  C8        INY  A:00 X:FD Y:90 P:A4 SP:FB
E798  D0 FB     BNE  A:00 X:FD Y:91 P:A4 SP:FB
E795  91 0E     STA  A:00 X:FD Y:91 P:A4 SP:FB
E797  C8        INY  A:00 X:FD Y:91 P:A4 SP:FB
E798  D0 FB     BNE  A:00 X:FD Y:92 P:A4 SP:FB
E795  91 0E     STA  A:00 X:FD Y:92 P:A4 SP:FB
E797  C8        INY  A:00 X:FD Y:92 P:A4 SP:FB
E798  D0 FB     BNE  A:00 X:FD Y:93 P:A4 SP:FB
E795  91 0E     STA  A:00 X:FD Y:93 P:A4 SP:FB
E797  C8        INY  A:00 X:FD Y:93 P:A4 SP:FB
E798  D0 FB     BNE  A:00 X:FD Y:94 P:A4 SP:FB
E795  91 0E     STA  A:00 X:FD Y:94 P:A4 SP:FB
E797  C8        INY  A:00 X:FD Y:94 P:A4 SP:FB
E798  D0 FB     BNE  A:00 X:FD Y:95 P:A4 SP:FB
E795  91 0E     STA  A:00 X:FD Y:95 P:A4 SP:FB
E797  C8        INY  A:00 X:FD Y:95 P:A4 SP:FB
E798  D0 FB     BNE  A:00 X:FD Y:96 P:A4 SP:FB
E795  91 0E     STA  A:00 X:FD Y:96 P:A4 SP:FB
E797  C8        INY  A:00 X:FD Y:96 P:A4 SP:FB
E798  D0 FB     BNE  A:00 X:FD Y:97 P:A4 SP:FB
E795  91 0E     STA  A:00 X:FD Y:97 P:A4 SP:FB
E797  C8        INY  A:00 X:FD Y:97 P:A4 SP:FB
E798  D0 FB     BNE  A:00 X:FD Y:98 P:A4 SP:FB
E795  91 0E     STA  A:00 X:FD Y:98 P:A4 SP:FB
E797  C8        INY  A:00 X:FD Y:98 P:A4 SP:FB
E798  D0 FB     BNE  A:00 X:FD Y:99 P:A4 SP:FB
E795  91 0E     STA  A:00 X:FD Y:99 P:A4 SP:FB
E797  C8        INY  A:00 X:FD Y:99 P:A4 SP:FB
E798  D0 FB     BNE  A:00 X:FD Y:9A P:A4 SP:FB
E795  91 0E     STA  A:00 X:FD Y:9A P:A4 SP:FB
E797  C8        INY  A:00 X:FD Y:9A P:A4 SP:FB
E798  D0 FB     BNE  A:00 X:FD Y:9B P:A4 SP:FB
E795  91 0E     STA  A:00 X:FD Y:9B P:A4 SP:FB
E797  C8        INY  A:00 X:FD Y:9B P:A4 SP:FB
E798  D0 FB     BNE  A:00 X:FD Y:9C P:A4 SP:FB
E795  91 0E     STA  A:00 X:FD Y:9C P:A4 SP:FB
E797  C8        INY  A:00 X:FD Y:9C P:A4 SP:FB
E798  D0 FB     BNE  A:00 X:FD Y:9D P:A4 SP:FB
E795  91 0E     STA  A:00 X:FD Y:9D P:A4 SP:FB
E797  C8        INY  A:00 X:FD Y:9D P:A4 SP:FB
E798  D0 FB     BNE  A:00 X:FD Y:9E P:A4 SP:FB
E795  91 0E     STA  A:00 X:FD Y:9E P:A4 SP:FB
E797  C8        INY  A:00 X:FD Y:9E P:A4 SP:FB
E798  D0 FB     BNE  A:00 X:FD Y:9F P:A4 SP:FB
E795  91 0E     STA  A:00 X:FD Y:9F P:A4 SP:FB
E797  C8        INY  A:00 X:FD Y:9F P:A4 SP:FB
E798  D0 FB     BNE  A:00 X:FD Y:A0 P:A4 SP:FB
E795  91 0E     STA  A:00 X:FD Y:A0 P:A4 SP:FB
E797  C8        INY  A:00 X:FD Y:A0 P:A4 SP:FB
E798  D0 FB     BNE  A:00 X:FD Y:A1 P:A4 SP:FB
E795  91 0E     STA  A:00 X:FD Y:A1 P:A4 SP:FB
E797  C8        INY  A:00 X:FD Y:A1 P:A4 SP:FB
E798  D0 FB     BNE  A:00 X:FD Y:A2 P:A4 SP:FB
E795  91 0E     STA  A:00 X:FD Y:A2 P:A4 SP:FB
E797  C8        INY  A:00 X:FD Y:A2 P:A4 SP:FB
E798  D0 FB     BNE  A:00 X:FD Y:A3 P:A4 SP:FB
E795  91 0E     STA  A:00 X:FD Y:A3 P:A4 SP:FB
E797  C8        INY  A:00 X:FD Y:A3 P:A4 SP:FB
E798  D0 FB     BNE  A:00 X:FD Y:A4 P:A4 SP:FB
E795  91 0E     STA  A:00 X:FD Y:A4 P:A4 SP:FB
E797  C8        INY  A:00 X:FD Y:A4 P:A4 SP:FB
E798  D0 FB     BNE  A:00 X:FD Y:A5 P:A4 SP:FB
E795  91 0E     STA  A:00 X:FD Y:A5 P:A4 SP:FB
E797  C8        INY  A:00 X:FD Y:A5 P:A4 SP:FB
E798  D0 FB     BNE  A:00 X:FD Y:A6 P:A4 SP:FB
E795  91 0E     STA  A:00 X:FD Y:A6 P:A4 SP:FB
E797  C8        INY  A:00 X:FD Y:A6 P:A4 SP:FB
E798  D0 FB     BNE  A:00 X:FD Y:A7 P:A4 SP:FB
E795  91 0E     STA  A:00 X:FD Y:A7 P:A4 SP:FB
E797  C8        INY  A:00 X:FD Y:A7 P:A4 SP:FB
E798  D0 FB     BNE  A:00 X:FD Y:A8 P:A4 SP:FB
E795  91 0E     STA  A:00 X:FD Y:A8 P:A4 SP:FB
E797  C8        INY  A:00 X:FD Y:A8 P:A4 SP:FB
E798  D0 FB     BNE  A:00 X:FD Y:A9 P:A4 SP:FB
E795  91 0E     STA  A:00 X:FD Y:A9 P:A4 SP:FB
E797  C8        INY  A:00 X:FD Y:A9 P:A4 SP:FB
E798  D0 FB     BNE  A:00 X:FD Y:AA P:A4 SP:FB
E795  91 0E     STA  A:00 X:FD Y:AA P:A4 SP:FB
E797  C8        INY  A:00 X:FD Y:AA P:A4 SP:FB
E798  D0 FB     BNE  A:00 X:FD Y:AB P:A4 SP:FB
E795  91 0E     STA  A:00 X:FD Y:AB P:A4 SP:FB
E797  C8        INY  A:00 X:FD Y:AB P:A4 SP:FB
E798  D0 FB     BNE  A:00 X:FD Y:AC P:A4 SP:FB
E795  91 0E     STA  A:00 X:FD Y:AC P:A4 SP:FB
E797  C8        INY  A:00 X:FD Y:AC P:A4 SP:FB
E798  D0 FB     BNE  A:00 X:FD Y:AD P:A4 SP:FB
E795  91 0E     STA  A:00 X:FD Y:AD P:A4 SP:FB
E797  C8        INY  A:00 X:FD Y:AD P:A4 SP:FB
E798  D0 FB     BNE  A:00 X:FD Y:AE P:A4 SP:FB
E795  91 0E     STA  A:00 X:FD Y:AE P:A4 SP:FB
E797  C8        INY  A:00 X:FD Y:AE P:A4 SP:FB
E798  D0 FB     BNE  A:00 X:FD Y:AF P:A4 SP:FB
E795  91 0E     STA  A:00 X:FD Y:AF P:A4 SP:FB
E797  C8        INY  A:00 X:FD Y:AF P:A4 SP:FB
E798  D0 FB     BNE  A:00 X:FD Y:B0 P:A4 SP:FB
E795  91 0E     STA  A:00 X:FD Y:B0 P:A4 SP:FB
E797  C8        INY  A:00 X:FD Y:B0 P:A4 SP:FB
E798  D0 FB     BNE  A:00 X:FD Y:B1 P:A4 SP:FB
E795  91 0E     STA  A:00 X:FD Y:B1 P:A4 SP:FB
E797  C8        INY  A:00 X:FD Y:B1 P:A4 SP:FB
E798  D0 FB     BNE  A:00 X:FD Y:B2 P:A4 SP:FB
E795  91 0E     STA  A:00 X:FD Y:B2 P:A4 SP:FB
E797  C8        INY  A:00 X:FD Y:B2 P:A4 SP:FB
E798  D0 FB     BNE  A:00 X:FD Y:B3 P:A4 SP:FB
E795  91 0E     STA  A:00 X:FD Y:B3 P:A4 SP:FB
E797  C8        INY  A:00 X:FD Y:B3 P:A4 SP:FB
E798  D0 FB     BNE  A:00 X:FD Y:B4 P:A4 SP:FB
E795  91 0E     STA  A:00 X:FD Y:B4 P:A4 SP:FB
E797  C8        INY  A:00 X:FD Y:B4 P:A4 SP:FB
E798  D0 FB     BNE  A:00 X:FD Y:B5 P:A4 SP:FB
E795  91 0E     STA  A:00 X:FD Y:B5 P:A4 SP:FB
E797  C8        INY  A:00 X:FD Y:B5 P:A4 SP:FB
E798  D0 FB     BNE  A:00 X:FD Y:B6 P:A4 SP:FB
E795  91 0E     STA  A:00 X:FD Y:B6 P:A4 SP:FB
E797  C8        INY  A:00 X:FD Y:B6 P:A4 SP:FB
E798  D0 FB     BNE  A:00 X:FD Y:B7 P:A4 SP:FB
E795  91 0E     STA  A:00 X:FD Y:B7 P:A4 SP:FB
E797  C8        INY  A:00 X:FD Y:B7 P:A4 SP:FB
E798  D0 FB     BNE  A:00 X:FD Y:B8 P:A4 SP:FB
E795  91 0E     STA  A:00 X:FD Y:B8 P:A4 SP:FB
E797  C8        INY  A:00 X:FD Y:B8 P:A4 SP:FB
E798  D0 FB     BNE  A:00 X:FD Y:B9 P:A4 SP:FB
E795  91 0E     STA  A:00 X:FD Y:B9 P:A4 SP:FB
E797  C8        INY  A:00 X:FD Y:B9 P:A4 SP:FB
E798  D0 FB     BNE  A:00 X:FD Y:BA P:A4 SP:FB
E795  91 0E     STA  A:00 X:FD Y:BA P:A4 SP:FB
E797  C8        INY  A:00 X:FD Y:BA P:A4 SP:FB
E798  D0 FB     BNE  A:00 X:FD Y:BB P:A4 SP:FB
E795  91 0E     STA  A:00 X:FD Y:BB P:A4 SP:FB
E797  C8        INY  A:00 X:FD Y:BB P:A4 SP:FB
E798  D0 FB     BNE  A:00 X:FD Y:BC P:A4 SP:FB
E795  91 0E     STA  A:00 X:FD Y:BC P:A4 SP:FB
E797  C8        INY  A:00 X:FD Y:BC P:A4 SP:FB
E798  D0 FB     BNE  A:00 X:FD Y:BD P:A4 SP:FB
E795  91 0E     STA  A:00 X:FD Y:BD P:A4 SP:FB
E797  C8        INY  A:00 X:FD Y:BD P:A4 SP:FB
E798  D0 FB     BNE  A:00 X:FD Y:BE P:A4 SP:FB
E795  91 0E     STA  A:00 X:FD Y:BE P:A4 SP:FB
E797  C8        INY  A:00 X:FD Y:BE P:A4 SP:FB
E798  D0 FB     BNE  A:00 X:FD Y:BF P:A4 SP:FB
E795  91 0E     STA  A:00 X:FD Y:BF P:A4 SP:FB
E797  C8        INY  A:00 X:FD Y:BF P:A4 SP:FB
E798  D0 FB     BNE  A:00 X:FD Y:C0 P:A4 SP:FB
E795  91 0E     STA  A:00 X:FD Y:C0 P:A4 SP:FB
E797  C8        INY  A:00 X:FD Y:C0 P:A4 SP:FB
E798  D0 FB     BNE  A:00 X:FD Y:C1 P:A4 SP:FB
E795  91 0E     STA  A:00 X:FD Y:C1 P:A4 SP:FB
E797  C8        INY  A:00 X:FD Y:C1 P:A4 SP:FB
E798  D0 FB     BNE  A:00 X:FD Y:C2 P:A4 SP:FB
E795  91 0E     STA  A:00 X:FD Y:C2 P:A4 SP:FB
E797  C8        INY  A:00 X:FD Y:C2 P:A4 SP:FB
E798  D0 FB     BNE  A:00 X:FD Y:C3 P:A4 SP:FB
E795  91 0E     STA  A:00 X:FD Y:C3 P:A4 SP:FB
E797  C8        INY  A:00 X:FD Y:C3 P:A4 SP:FB
E798  D0 FB     BNE  A:00 X:FD Y:C4 P:A4 SP:FB
E795  91 0E     STA  A:00 X:FD Y:C4 P:A4 SP:FB
E797  C8        INY  A:00 X:FD Y:C4 P:A4 SP:FB
E798  D0 FB     BNE  A:00 X:FD Y:C5 P:A4 SP:FB
E795  91 0E     STA  A:00 X:FD Y:C5 P:A4 SP:FB
E797  C8        INY  A:00 X:FD Y:C5 P:A4 SP:FB
E798  D0 FB     BNE  A:00 X:FD Y:C6 P:A4 SP:FB
E795  91 0E     STA  A:00 X:FD Y:C6 P:A4 SP:FB
E797  C8        INY  A:00 X:FD Y:C6 P:A4 SP:FB
E798  D0 FB     BNE  A:00 X:FD Y:C7 P:A4 SP:FB
E795  91 0E     STA  A:00 X:FD Y:C7 P:A4 SP:FB
E797  C8        INY  A:00 X:FD Y:C7 P:A4 SP:FB
E798  D0 FB     BNE  A:00 X:FD Y:C8 P:A4 SP:FB
E795  91 0E     STA  A:00 X:FD Y:C8 P:A4 SP:FB
E797  C8        INY  A:00 X:FD Y:C8 P:A4 SP:FB
E798  D0 FB     BNE  A:00 X:FD Y:C9 P:A4 SP:FB
E795  91 0E     STA  A:00 X:FD Y:C9 P:A4 SP:FB
E797  C8        INY  A:00 X:FD Y:C9 P:A4 SP:FB
E798  D0 FB     BNE  A:00 X:FD Y:CA P:A4 SP:FB
E795  91 0E     STA  A:00 X:FD Y:CA P:A4 SP:FB
E797  C8        INY  A:00 X:FD Y:CA P:A4 SP:FB
E798  D0 FB     BNE  A:00 X:FD Y:CB P:A4 SP:FB
E795  91 0E     STA  A:00 X:FD Y:CB P:A4 SP:FB
E797  C8        INY  A:00 X:FD Y:CB P:A4 SP:FB
E798  D0 FB     BNE  A:00 X:FD Y:CC P:A4 SP:FB
E795  91 0E     STA  A:00 X:FD Y:CC P:A4 SP:FB
E797  C8        INY  A:00 X:FD Y:CC P:A4 SP:FB
E798  D0 FB     BNE  A:00 X:FD Y:CD P:A4 SP:FB
E795  91 0E     STA  A:00 X:FD Y:CD P:A4 SP:FB
E797  C8        INY  A:00 X:FD Y:CD P:A4 SP:FB
E798  D0 FB     BNE  A:00 X:FD Y:CE P:A4 SP:FB
E795  91 0E     STA  A:00 X:FD Y:CE P:A4 SP:FB
E797  C8        INY  A:00 X:FD Y:CE P:A4 SP:FB
E798  D0 FB     BNE  A:00 X:FD Y:CF P:A4 SP:FB
E795  91 0E     STA  A:00 X:FD Y:CF P:A4 SP:FB
E797  C8        INY  A:00 X:FD Y:CF P:A4 SP:FB
E798  D0 FB     BNE  A:00 X:FD Y:D0 P:A4 SP:FB
E795  91 0E     STA  A:00 X:FD Y:D0 P:A4 SP:FB
E797  C8        INY  A:00 X:FD Y:D0 P:A4 SP:FB
E798  D0 FB     BNE  A:00 X:FD Y:D1 P:A4 SP:FB
E795  91 0E     STA  A:00 X:FD Y:D1 P:A4 SP:FB
E797  C8        INY  A:00 X:FD Y:D1 P:A4 SP:FB
E798  D0 FB     BNE  A:00 X:FD Y:D2 P:A4 SP:FB
E795  91 0E     STA  A:00 X:FD Y:D2 P:A4 SP:FB
E797  C8        INY  A:00 X:FD Y:D2 P:A4 SP:FB
E798  D0 FB     BNE  A:00 X:FD Y:D3 P:A4 SP:FB
E795  91 0E     STA  A:00 X:FD Y:D3 P:A4 SP:FB
E797  C8        INY  A:00 X:FD Y:D3 P:A4 SP:FB
E798  D0 FB     BNE  A:00 X:FD Y:D4 P:A4 SP:FB
E795  91 0E     STA  A:00 X:FD Y:D4 P:A4 SP:FB
E797  C8        INY  A:00 X:FD Y:D4 P:A4 SP:FB
E798  D0 FB     BNE  A:00 X:FD Y:D5 P:A4 SP:FB
E795  91 0E     STA  A:00 X:FD Y:D5 P:A4 SP:FB
E797  C8        INY  A:00 X:FD Y:D5 P:A4 SP:FB
E798  D0 FB     BNE  A:00 X:FD Y:D6 P:A4 SP:FB
E795  91 0E     STA  A:00 X:FD Y:D6 P:A4 SP:FB
E797  C8        INY  A:00 X:FD Y:D6 P:A4 SP:FB
E798  D0 FB     BNE  A:00 X:FD Y:D7 P:A4 SP:FB
E795  91 0E     STA  A:00 X:FD Y:D7 P:A4 SP:FB
E797  C8        INY  A:00 X:FD Y:D7 P:A4 SP:FB
E798  D0 FB     BNE  A:00 X:FD Y:D8 P:A4 SP:FB
E795  91 0E     STA  A:00 X:FD Y:D8 P:A4 SP:FB
E797  C8        INY  A:00 X:FD Y:D8 P:A4 SP:FB
E798  D0 FB     BNE  A:00 X:FD Y:D9 P:A4 SP:FB
E795  91 0E     STA  A:00 X:FD Y:D9 P:A4 SP:FB
E797  C8        INY  A:00 X:FD Y:D9 P:A4 SP:FB
E798  D0 FB     BNE  A:00 X:FD Y:DA P:A4 SP:FB
E795  91 0E     STA  A:00 X:FD Y:DA P:A4 SP:FB
E797  C8        INY  A:00 X:FD Y:DA P:A4 SP:FB
E798  D0 FB     BNE  A:00 X:FD Y:DB P:A4 SP:FB
E795  91 0E     STA  A:00 X:FD Y:DB P:A4 SP:FB
E797  C8        INY  A:00 X:FD Y:DB P:A4 SP:FB
E798  D0 FB     BNE  A:00 X:FD Y:DC P:A4 SP:FB
E795  91 0E     STA  A:00 X:FD Y:DC P:A4 SP:FB
E797  C8        INY  A:00 X:FD Y:DC P:A4 SP:FB
E798  D0 FB     BNE  A:00 X:FD Y:DD P:A4 SP:FB
E795  91 0E     STA  A:00 X:FD Y:DD P:A4 SP:FB
E797  C8        INY  A:00 X:FD Y:DD P:A4 SP:FB
E798  D0 FB     BNE  A:00 X:FD Y:DE P:A4 SP:FB
E795  91 0E     STA  A:00 X:FD Y:DE P:A4 SP:FB
E797  C8        INY  A:00 X:FD Y:DE P:A4 SP:FB
E798  D0 FB     BNE  A:00 X:FD Y:DF P:A4 SP:FB
E795  91 0E     STA  A:00 X:FD Y:DF P:A4 SP:FB
E797  C8        INY  A:00 X:FD Y:DF P:A4 SP:FB
E798  D0 FB     BNE  A:00 X:FD Y:E0 P:A4 SP:FB
E795  91 0E     STA  A:00 X:FD Y:E0 P:A4 SP:FB
E797  C8        INY  A:00 X:FD Y:E0 P:A4 SP:FB
E798  D0 FB     BNE  A:00 X:FD Y:E1 P:A4 SP:FB
E795  91 0E     STA  A:00 X:FD Y:E1 P:A4 SP:FB
E797  C8        INY  A:00 X:FD Y:E1 P:A4 SP:FB
E798  D0 FB     BNE  A:00 X:FD Y:E2 P:A4 SP:FB
E795  91 0E     STA  A:00 X:FD Y:E2 P:A4 SP:FB
E797  C8        INY  A:00 X:FD Y:E2 P:A4 SP:FB
E798  D0 FB     BNE  A:00 X:FD Y:E3 P:A4 SP:FB
E795  91 0E     STA  A:00 X:FD Y:E3 P:A4 SP:FB
E797  C8        INY  A:00 X:FD Y:E3 P:A4 SP:FB
E798  D0 FB     BNE  A:00 X:FD Y:E4 P:A4 SP:FB
E795  91 0E     STA  A:00 X:FD Y:E4 P:A4 SP:FB
E797  C8        INY  A:00 X:FD Y:E4 P:A4 SP:FB
E798  D0 FB     BNE  A:00 X:FD Y:E5 P:A4 SP:FB
E795  91 0E     STA  A:00 X:FD Y:E5 P:A4 SP:FB
E797  C8        INY  A:00 X:FD Y:E5 P:A4 SP:FB
E798  D0 FB     BNE  A:00 X:FD Y:E6 P:A4 SP:FB
E795  91 0E     STA  A:00 X:FD Y:E6 P:A4 SP:FB
E797  C8        INY  A:00 X:FD Y:E6 P:A4 SP:FB
E798  D0 FB     BNE  A:00 X:FD Y:E7 P:A4 SP:FB
E795  91 0E     STA  A:00 X:FD Y:E7 P:A4 SP:FB
E797  C8        INY  A:00 X:FD Y:E7 P:A4 SP:FB
E798  D0 FB     BNE  A:00 X:FD Y:E8 P:A4 SP:FB
E795  91 0E     STA  A:00 X:FD Y:E8 P:A4 SP:FB
E797  C8        INY  A:00 X:FD Y:E8 P:A4 SP:FB
E798  D0 FB     BNE  A:00 X:FD Y:E9 P:A4 SP:FB
E795  91 0E     STA  A:00 X:FD Y:E9 P:A4 SP:FB
E797  C8        INY  A:00 X:FD Y:E9 P:A4 SP:FB
E798  D0 FB     BNE  A:00 X:FD Y:EA P:A4 SP:FB
E795  91 0E     STA  A:00 X:FD Y:EA P:A4 SP:FB
E797  C8        INY  A:00 X:FD Y:EA P:A4 SP:FB
E798  D0 FB     BNE  A:00 X:FD Y:EB P:A4 SP:FB
E795  91 0E     STA  A:00 X:FD Y:EB P:A4 SP:FB
E797  C8        INY  A:00 X:FD Y:EB P:A4 SP:FB
E798  D0 FB     BNE  A:00 X:FD Y:EC P:A4 SP:FB
E795  91 0E     STA  A:00 X:FD Y:EC P:A4 SP:FB
E797  C8        INY  A:00 X:FD Y:EC P:A4 SP:FB
E798  D0 FB     BNE  A:00 X:FD Y:ED P:A4 SP:FB
E795  91 0E     STA  A:00 X:FD Y:ED P:A4 SP:FB
E797  C8        INY  A:00 X:FD Y:ED P:A4 SP:FB
E798  D0 FB     BNE  A:00 X:FD Y:EE P:A4 SP:FB
E795  91 0E     STA  A:00 X:FD Y:EE P:A4 SP:FB
E797  C8        INY  A:00 X:FD Y:EE P:A4 SP:FB
E798  D0 FB     BNE  A:00 X:FD Y:EF P:A4 SP:FB
E795  91 0E     STA  A:00 X:FD Y:EF P:A4 SP:FB
E797  C8        INY  A:00 X:FD Y:EF P:A4 SP:FB
E798  D0 FB     BNE  A:00 X:FD Y:F0 P:A4 SP:FB
E795  91 0E     STA  A:00 X:FD Y:F0 P:A4 SP:FB
E797  C8        INY  A:00 X:FD Y:F0 P:A4 SP:FB
E798  D0 FB     BNE  A:00 X:FD Y:F1 P:A4 SP:FB
E795  91 0E     STA  A:00 X:FD Y:F1 P:A4 SP:FB
E797  C8        INY  A:00 X:FD Y:F1 P:A4 SP:FB
E798  D0 FB     BNE  A:00 X:FD Y:F2 P:A4 SP:FB
E795  91 0E     STA  A:00 X:FD Y:F2 P:A4 SP:FB
E797  C8        INY  A:00 X:FD Y:F2 P:A4 SP:FB
E798  D0 FB     BNE  A:00 X:FD Y:F3 P:A4 SP:FB
E795  91 0E     STA  A:00 X:FD Y:F3 P:A4 SP:FB
E797  C8        INY  A:00 X:FD Y:F3 P:A4 SP:FB
E798  D0 FB     BNE  A:00 X:FD Y:F4 P:A4 SP:FB
E795  91 0E     STA  A:00 X:FD Y:F4 P:A4 SP:FB
E797  C8        INY  A:00 X:FD Y:F4 P:A4 SP:FB
E798  D0 FB     BNE  A:00 X:FD Y:F5 P:A4 SP:FB
E795  91 0E     STA  A:00 X:FD Y:F5 P:A4 SP:FB
E797  C8        INY  A:00 X:FD Y:F5 P:A4 SP:FB
E798  D0 FB     BNE  A:00 X:FD Y:F6 P:A4 SP:FB
E795  91 0E     STA  A:00 X:FD Y:F6 P:A4 SP:FB
E797  C8        INY  A:00 X:FD Y:F6 P:A4 SP:FB
E798  D0 FB     BNE  A:00 X:FD Y:F7 P:A4 SP:FB
E795  91 0E     STA  A:00 X:FD Y:F7 P:A4 SP:FB
E797  C8        INY  A:00 X:FD Y:F7 P:A4 SP:FB
E798  D0 FB     BNE  A:00 X:FD Y:F8 P:A4 SP:FB
E795  91 0E     STA  A:00 X:FD Y:F8 P:A4 SP:FB
E797  C8        INY  A:00 X:FD Y:F8 P:A4 SP:FB
E798  D0 FB     BNE  A:00 X:FD Y:F9 P:A4 SP:FB
E795  91 0E     STA  A:00 X:FD Y:F9 P:A4 SP:FB
E797  C8        INY  A:00 X:FD Y:F9 P:A4 SP:FB
E798  D0 FB     BNE  A:00 X:FD Y:FA P:A4 SP:FB
E795  91 0E     STA  A:00 X:FD Y:FA P:A4 SP:FB
E797  C8        INY  A:00 X:FD Y:FA P:A4 SP:FB
E798  D0 FB     BNE  A:00 X:FD Y:FB P:A4 SP:FB
E795  91 0E     STA  A:00 X:FD Y:FB P:A4 SP:FB
E797  C8        INY  A:00 X:FD Y:FB P:A4 SP:FB
E798  D0 FB     BNE  A:00 X:FD Y:FC P:A4 SP:FB
E795  91 0E     STA  A:00 X:FD Y:FC P:A4 SP:FB
E797  C8        INY  A:00 X:FD Y:FC P:A4 SP:FB
E798  D0 FB     BNE  A:00 X:FD Y:FD P:A4 SP:FB
E795  91 0E     STA  A:00 X:FD Y:FD P:A4 SP:FB
E797  C8        INY  A:00 X:FD Y:FD P:A4 SP:FB
E798  D0 FB     BNE  A:00 X:FD Y:FE P:A4 SP:FB
E795  91 0E     STA  A:00 X:FD Y:FE P:A4 SP:FB
E797  C8        INY  A:00 X:FD Y:FE P:A4 SP:FB
E798  D0 FB     BNE  A:00 X:FD Y:FF P:A4 SP:FB
E795  91 0E     STA  A:00 X:FD Y:FF P:A4 SP:FB
E797  C8        INY  A:00 X:FD Y:FF P:A4 SP:FB
E798  D0 FB     BNE  A:00 X:FD Y:00 P:26 SP:FB
E79A  E6 0F     INC  A:00 X:FD Y:00 P:26 SP:FB
E79C  E8        INX  A:00 X:FD Y:00 P:24 SP:FB
E79D  D0 F6     BNE  A:00 X:FE Y:00 P:A4 SP:FB
E795  91 0E     STA  A:00 X:FE Y:00 P:A4 SP:FB
E797  C8        INY  A:00 X:FE Y:00 P:A4 SP:FB
E798  D0 FB     BNE  A:00 X:FE Y:01 P:24 SP:FB
E795  91 0E     STA  A:00 X:FE Y:01 P:24 SP:FB
E797  C8        INY  A:00 X:FE Y:01 P:24 SP:FB
E798  D0 FB     BNE  A:00 X:FE Y:02 P:24 SP:FB
E795  91 0E     STA  A:00 X:FE Y:02 P:24 SP:FB
E797  C8        INY  A:00 X:FE Y:02 P:24 SP:FB
E798  D0 FB     BNE  A:00 X:FE Y:03 P:24 SP:FB
E795  91 0E     STA  A:00 X:FE Y:03 P:24 SP:FB
E797  C8        INY  A:00 X:FE Y:03 P:24 SP:FB
E798  D0 FB     BNE  A:00 X:FE Y:04 P:24 SP:FB
E795  91 0E     STA  A:00 X:FE Y:04 P:24 SP:FB
E797  C8        INY  A:00 X:FE Y:04 P:24 SP:FB
E798  D0 FB     BNE  A:00 X:FE Y:05 P:24 SP:FB
E795  91 0E     STA  A:00 X:FE Y:05 P:24 SP:FB
E797  C8        INY  A:00 X:FE Y:05 P:24 SP:FB
E798  D0 FB     BNE  A:00 X:FE Y:06 P:24 SP:FB
E795  91 0E     STA  A:00 X:FE Y:06 P:24 SP:FB
E797  C8        INY  A:00 X:FE Y:06 P:24 SP:FB
E798  D0 FB     BNE  A:00 X:FE Y:07 P:24 SP:FB
E795  91 0E     STA  A:00 X:FE Y:07 P:24 SP:FB
E797  C8        INY  A:00 X:FE Y:07 P:24 SP:FB
E798  D0 FB     BNE  A:00 X:FE Y:08 P:24 SP:FB
E795  91 0E     STA  A:00 X:FE Y:08 P:24 SP:FB
E797  C8        INY  A:00 X:FE Y:08 P:24 SP:FB
E798  D0 FB     BNE  A:00 X:FE Y:09 P:24 SP:FB
E795  91 0E     STA  A:00 X:FE Y:09 P:24 SP:FB
E797  C8        INY  A:00 X:FE Y:09 P:24 SP:FB
E798  D0 FB     BNE  A:00 X:FE Y:0A P:24 SP:FB
E795  91 0E     STA  A:00 X:FE Y:0A P:24 SP:FB
E797  C8        INY  A:00 X:FE Y:0A P:24 SP:FB
E798  D0 FB     BNE  A:00 X:FE Y:0B P:24 SP:FB
E795  91 0E     STA  A:00 X:FE Y:0B P:24 SP:FB
E797  C8        INY  A:00 X:FE Y:0B P:24 SP:FB
E798  D0 FB     BNE  A:00 X:FE Y:0C P:24 SP:FB
E795  91 0E     STA  A:00 X:FE Y:0C P:24 SP:FB
E797  C8        INY  A:00 X:FE Y:0C P:24 SP:FB
E798  D0 FB     BNE  A:00 X:FE Y:0D P:24 SP:FB
E795  91 0E     STA  A:00 X:FE Y:0D P:24 SP:FB
E797  C8        INY  A:00 X:FE Y:0D P:24 SP:FB
E798  D0 FB     BNE  A:00 X:FE Y:0E P:24 SP:FB
E795  91 0E     STA  A:00 X:FE Y:0E P:24 SP:FB
E797  C8        INY  A:00 X:FE Y:0E P:24 SP:FB
E798  D0 FB     BNE  A:00 X:FE Y:0F P:24 SP:FB
E795  91 0E     STA  A:00 X:FE Y:0F P:24 SP:FB
E797  C8        INY  A:00 X:FE Y:0F P:24 SP:FB
E798  D0 FB     BNE  A:00 X:FE Y:10 P:24 SP:FB
E795  91 0E     STA  A:00 X:FE Y:10 P:24 SP:FB
E797  C8        INY  A:00 X:FE Y:10 P:24 SP:FB
E798  D0 FB     BNE  A:00 X:FE Y:11 P:24 SP:FB
E795  91 0E     STA  A:00 X:FE Y:11 P:24 SP:FB
E797  C8        INY  A:00 X:FE Y:11 P:24 SP:FB
E798  D0 FB     BNE  A:00 X:FE Y:12 P:24 SP:FB
E795  91 0E     STA  A:00 X:FE Y:12 P:24 SP:FB
E797  C8        INY  A:00 X:FE Y:12 P:24 SP:FB
E798  D0 FB     BNE  A:00 X:FE Y:13 P:24 SP:FB
E795  91 0E     STA  A:00 X:FE Y:13 P:24 SP:FB
E797  C8        INY  A:00 X:FE Y:13 P:24 SP:FB
E798  D0 FB     BNE  A:00 X:FE Y:14 P:24 SP:FB
E795  91 0E     STA  A:00 X:FE Y:14 P:24 SP:FB
E797  C8        INY  A:00 X:FE Y:14 P:24 SP:FB
E798  D0 FB     BNE  A:00 X:FE Y:15 P:24 SP:FB
E795  91 0E     STA  A:00 X:FE Y:15 P:24 SP:FB
E797  C8        INY  A:00 X:FE Y:15 P:24 SP:FB
E798  D0 FB     BNE  A:00 X:FE Y:16 P:24 SP:FB
E795  91 0E     STA  A:00 X:FE Y:16 P:24 SP:FB
E797  C8        INY  A:00 X:FE Y:16 P:24 SP:FB
E798  D0 FB     BNE  A:00 X:FE Y:17 P:24 SP:FB
E795  91 0E     STA  A:00 X:FE Y:17 P:24 SP:FB
E797  C8        INY  A:00 X:FE Y:17 P:24 SP:FB
E798  D0 FB     BNE  A:00 X:FE Y:18 P:24 SP:FB
E795  91 0E     STA  A:00 X:FE Y:18 P:24 SP:FB
E797  C8        INY  A:00 X:FE Y:18 P:24 SP:FB
E798  D0 FB     BNE  A:00 X:FE Y:19 P:24 SP:FB
E795  91 0E     STA  A:00 X:FE Y:19 P:24 SP:FB
E797  C8        INY  A:00 X:FE Y:19 P:24 SP:FB
E798  D0 FB     BNE  A:00 X:FE Y:1A P:24 SP:FB
E795  91 0E     STA  A:00 X:FE Y:1A P:24 SP:FB
E797  C8        INY  A:00 X:FE Y:1A P:24 SP:FB
E798  D0 FB     BNE  A:00 X:FE Y:1B P:24 SP:FB
E795  91 0E     STA  A:00 X:FE Y:1B P:24 SP:FB
E797  C8        INY  A:00 X:FE Y:1B P:24 SP:FB
E798  D0 FB     BNE  A:00 X:FE Y:1C P:24 SP:FB
E795  91 0E     STA  A:00 X:FE Y:1C P:24 SP:FB
E797  C8        INY  A:00 X:FE Y:1C P:24 SP:FB
E798  D0 FB     BNE  A:00 X:FE Y:1D P:24 SP:FB
E795  91 0E     STA  A:00 X:FE Y:1D P:24 SP:FB
E797  C8        INY  A:00 X:FE Y:1D P:24 SP:FB
E798  D0 FB     BNE  A:00 X:FE Y:1E P:24 SP:FB
E795  91 0E     STA  A:00 X:FE Y:1E P:24 SP:FB
E797  C8        INY  A:00 X:FE Y:1E P:24 SP:FB
E798  D0 FB     BNE  A:00 X:FE Y:1F P:24 SP:FB
E795  91 0E     STA  A:00 X:FE Y:1F P:24 SP:FB
E797  C8        INY  A:00 X:FE Y:1F P:24 SP:FB
E798  D0 FB     BNE  A:00 X:FE Y:20 P:24 SP:FB
E795  91 0E     STA  A:00 X:FE Y:20 P:24 SP:FB
E797  C8        INY  A:00 X:FE Y:20 P:24 SP:FB
E798  D0 FB     BNE  A:00 X:FE Y:21 P:24 SP:FB
E795  91 0E     STA  A:00 X:FE Y:21 P:24 SP:FB
E797  C8        INY  A:00 X:FE Y:21 P:24 SP:FB
E798  D0 FB     BNE  A:00 X:FE Y:22 P:24 SP:FB
E795  91 0E     STA  A:00 X:FE Y:22 P:24 SP:FB
E797  C8        INY  A:00 X:FE Y:22 P:24 SP:FB
E798  D0 FB     BNE  A:00 X:FE Y:23 P:24 SP:FB
E795  91 0E     STA  A:00 X:FE Y:23 P:24 SP:FB
E797  C8        INY  A:00 X:FE Y:23 P:24 SP:FB
E798  D0 FB     BNE  A:00 X:FE Y:24 P:24 SP:FB
E795  91 0E     STA  A:00 X:FE Y:24 P:24 SP:FB
E797  C8        INY  A:00 X:FE Y:24 P:24 SP:FB
E798  D0 FB     BNE  A:00 X:FE Y:25 P:24 SP:FB
E795  91 0E     STA  A:00 X:FE Y:25 P:24 SP:FB
E797  C8        INY  A:00 X:FE Y:25 P:24 SP:FB
E798  D0 FB     BNE  A:00 X:FE Y:26 P:24 SP:FB
E795  91 0E     STA  A:00 X:FE Y:26 P:24 SP:FB
E797  C8        INY  A:00 X:FE Y:26 P:24 SP:FB
E798  D0 FB     BNE  A:00 X:FE Y:27 P:24 SP:FB
E795  91 0E     STA  A:00 X:FE Y:27 P:24 SP:FB
E797  C8        INY  A:00 X:FE Y:27 P:24 SP:FB
E798  D0 FB     BNE  A:00 X:FE Y:28 P:24 SP:FB
E795  91 0E     STA  A:00 X:FE Y:28 P:24 SP:FB
E797  C8        INY  A:00 X:FE Y:28 P:24 SP:FB
E798  D0 FB     BNE  A:00 X:FE Y:29 P:24 SP:FB
E795  91 0E     STA  A:00 X:FE Y:29 P:24 SP:FB
E797  C8        INY  A:00 X:FE Y:29 P:24 SP:FB
E798  D0 FB     BNE  A:00 X:FE Y:2A P:24 SP:FB
E795  91 0E     STA  A:00 X:FE Y:2A P:24 SP:FB
E797  C8        INY  A:00 X:FE Y:2A P:24 SP:FB
E798  D0 FB     BNE  A:00 X:FE Y:2B P:24 SP:FB
E795  91 0E     STA  A:00 X:FE Y:2B P:24 SP:FB
E797  C8        INY  A:00 X:FE Y:2B P:24 SP:FB
E798  D0 FB     BNE  A:00 X:FE Y:2C P:24 SP:FB
E795  91 0E     STA  A:00 X:FE Y:2C P:24 SP:FB
E797  C8        INY  A:00 X:FE Y:2C P:24 SP:FB
E798  D0 FB     BNE  A:00 X:FE Y:2D P:24 SP:FB
E795  91 0E     STA  A:00 X:FE Y:2D P:24 SP:FB
E797  C8        INY  A:00 X:FE Y:2D P:24 SP:FB
E798  D0 FB     BNE  A:00 X:FE Y:2E P:24 SP:FB
E795  91 0E     STA  A:00 X:FE Y:2E P:24 SP:FB
E797  C8        INY  A:00 X:FE Y:2E P:24 SP:FB
E798  D0 FB     BNE  A:00 X:FE Y:2F P:24 SP:FB
E795  91 0E     STA  A:00 X:FE Y:2F P:24 SP:FB
E797  C8        INY  A:00 X:FE Y:2F P:24 SP:FB
E798  D0 FB     BNE  A:00 X:FE Y:30 P:24 SP:FB
E795  91 0E     STA  A:00 X:FE Y:30 P:24 SP:FB
E797  C8        INY  A:00 X:FE Y:30 P:24 SP:FB
E798  D0 FB     BNE  A:00 X:FE Y:31 P:24 SP:FB
E795  91 0E     STA  A:00 X:FE Y:31 P:24 SP:FB
E797  C8        INY  A:00 X:FE Y:31 P:24 SP:FB
E798  D0 FB     BNE  A:00 X:FE Y:32 P:24 SP:FB
E795  91 0E     STA  A:00 X:FE Y:32 P:24 SP:FB
E797  C8        INY  A:00 X:FE Y:32 P:24 SP:FB
E798  D0 FB     BNE  A:00 X:FE Y:33 P:24 SP:FB
E795  91 0E     STA  A:00 X:FE Y:33 P:24 SP:FB
E797  C8        INY  A:00 X:FE Y:33 P:24 SP:FB
E798  D0 FB     BNE  A:00 X:FE Y:34 P:24 SP:FB
E795  91 0E     STA  A:00 X:FE Y:34 P:24 SP:FB
E797  C8        INY  A:00 X:FE Y:34 P:24 SP:FB
E798  D0 FB     BNE  A:00 X:FE Y:35 P:24 SP:FB
E795  91 0E     STA  A:00 X:FE Y:35 P:24 SP:FB
E797  C8        INY  A:00 X:FE Y:35 P:24 SP:FB
E798  D0 FB     BNE  A:00 X:FE Y:36 P:24 SP:FB
E795  91 0E     STA  A:00 X:FE Y:36 P:24 SP:FB
E797  C8        INY  A:00 X:FE Y:36 P:24 SP:FB
E798  D0 FB     BNE  A:00 X:FE Y:37 P:24 SP:FB
E795  91 0E     STA  A:00 X:FE Y:37 P:24 SP:FB
E797  C8        INY  A:00 X:FE Y:37 P:24 SP:FB
E798  D0 FB     BNE  A:00 X:FE Y:38 P:24 SP:FB
E795  91 0E     STA  A:00 X:FE Y:38 P:24 SP:FB
E797  C8        INY  A:00 X:FE Y:38 P:24 SP:FB
E798  D0 FB     BNE  A:00 X:FE Y:39 P:24 SP:FB
E795  91 0E     STA  A:00 X:FE Y:39 P:24 SP:FB
E797  C8        INY  A:00 X:FE Y:39 P:24 SP:FB
E798  D0 FB     BNE  A:00 X:FE Y:3A P:24 SP:FB
E795  91 0E     STA  A:00 X:FE Y:3A P:24 SP:FB
E797  C8        INY  A:00 X:FE Y:3A P:24 SP:FB
E798  D0 FB     BNE  A:00 X:FE Y:3B P:24 SP:FB
E795  91 0E     STA  A:00 X:FE Y:3B P:24 SP:FB
E797  C8        INY  A:00 X:FE Y:3B P:24 SP:FB
E798  D0 FB     BNE  A:00 X:FE Y:3C P:24 SP:FB
E795  91 0E     STA  A:00 X:FE Y:3C P:24 SP:FB
E797  C8        INY  A:00 X:FE Y:3C P:24 SP:FB
E798  D0 FB     BNE  A:00 X:FE Y:3D P:24 SP:FB
E795  91 0E     STA  A:00 X:FE Y:3D P:24 SP:FB
E797  C8        INY  A:00 X:FE Y:3D P:24 SP:FB
E798  D0 FB     BNE  A:00 X:FE Y:3E P:24 SP:FB
E795  91 0E     STA  A:00 X:FE Y:3E P:24 SP:FB
E797  C8        INY  A:00 X:FE Y:3E P:24 SP:FB
E798  D0 FB     BNE  A:00 X:FE Y:3F P:24 SP:FB
E795  91 0E     STA  A:00 X:FE Y:3F P:24 SP:FB
E797  C8        INY  A:00 X:FE Y:3F P:24 SP:FB
E798  D0 FB     BNE  A:00 X:FE Y:40 P:24 SP:FB
E795  91 0E     STA  A:00 X:FE Y:40 P:24 SP:FB
E797  C8        INY  A:00 X:FE Y:40 P:24 SP:FB
E798  D0 FB     BNE  A:00 X:FE Y:41 P:24 SP:FB
E795  91 0E     STA  A:00 X:FE Y:41 P:24 SP:FB
E797  C8        INY  A:00 X:FE Y:41 P:24 SP:FB
E798  D0 FB     BNE  A:00 X:FE Y:42 P:24 SP:FB
E795  91 0E     STA  A:00 X:FE Y:42 P:24 SP:FB
E797  C8        INY  A:00 X:FE Y:42 P:24 SP:FB
E798  D0 FB     BNE  A:00 X:FE Y:43 P:24 SP:FB
E795  91 0E     STA  A:00 X:FE Y:43 P:24 SP:FB
E797  C8        INY  A:00 X:FE Y:43 P:24 SP:FB
E798  D0 FB     BNE  A:00 X:FE Y:44 P:24 SP:FB
E795  91 0E     STA  A:00 X:FE Y:44 P:24 SP:FB
E797  C8        INY  A:00 X:FE Y:44 P:24 SP:FB
E798  D0 FB     BNE  A:00 X:FE Y:45 P:24 SP:FB
E795  91 0E     STA  A:00 X:FE Y:45 P:24 SP:FB
E797  C8        INY  A:00 X:FE Y:45 P:24 SP:FB
E798  D0 FB     BNE  A:00 X:FE Y:46 P:24 SP:FB
E795  91 0E     STA  A:00 X:FE Y:46 P:24 SP:FB
E797  C8        INY  A:00 X:FE Y:46 P:24 SP:FB
E798  D0 FB     BNE  A:00 X:FE Y:47 P:24 SP:FB
E795  91 0E     STA  A:00 X:FE Y:47 P:24 SP:FB
E797  C8        INY  A:00 X:FE Y:47 P:24 SP:FB
E798  D0 FB     BNE  A:00 X:FE Y:48 P:24 SP:FB
E795  91 0E     STA  A:00 X:FE Y:48 P:24 SP:FB
E797  C8        INY  A:00 X:FE Y:48 P:24 SP:FB
E798  D0 FB     BNE  A:00 X:FE Y:49 P:24 SP:FB
E795  91 0E     STA  A:00 X:FE Y:49 P:24 SP:FB
E797  C8        INY  A:00 X:FE Y:49 P:24 SP:FB
E798  D0 FB     BNE  A:00 X:FE Y:4A P:24 SP:FB
E795  91 0E     STA  A:00 X:FE Y:4A P:24 SP:FB
E797  C8        INY  A:00 X:FE Y:4A P:24 SP:FB
E798  D0 FB     BNE  A:00 X:FE Y:4B P:24 SP:FB
E795  91 0E     STA  A:00 X:FE Y:4B P:24 SP:FB
E797  C8        INY  A:00 X:FE Y:4B P:24 SP:FB
E798  D0 FB     BNE  A:00 X:FE Y:4C P:24 SP:FB
E795  91 0E     STA  A:00 X:FE Y:4C P:24 SP:FB
E797  C8        INY  A:00 X:FE Y:4C P:24 SP:FB
E798  D0 FB     BNE  A:00 X:FE Y:4D P:24 SP:FB
E795  91 0E     STA  A:00 X:FE Y:4D P:24 SP:FB
E797  C8        INY  A:00 X:FE Y:4D P:24 SP:FB
E798  D0 FB     BNE  A:00 X:FE Y:4E P:24 SP:FB
E795  91 0E     STA  A:00 X:FE Y:4E P:24 SP:FB
E797  C8        INY  A:00 X:FE Y:4E P:24 SP:FB
E798  D0 FB     BNE  A:00 X:FE Y:4F P:24 SP:FB
E795  91 0E     STA  A:00 X:FE Y:4F P:24 SP:FB
E797  C8        INY  A:00 X:FE Y:4F P:24 SP:FB
E798  D0 FB     BNE  A:00 X:FE Y:50 P:24 SP:FB
E795  91 0E     STA  A:00 X:FE Y:50 P:24 SP:FB
E797  C8        INY  A:00 X:FE Y:50 P:24 SP:FB
E798  D0 FB     BNE  A:00 X:FE Y:51 P:24 SP:FB
E795  91 0E     STA  A:00 X:FE Y:51 P:24 SP:FB
E797  C8        INY  A:00 X:FE Y:51 P:24 SP:FB
E798  D0 FB     BNE  A:00 X:FE Y:52 P:24 SP:FB
E795  91 0E     STA  A:00 X:FE Y:52 P:24 SP:FB
E797  C8        INY  A:00 X:FE Y:52 P:24 SP:FB
E798  D0 FB     BNE  A:00 X:FE Y:53 P:24 SP:FB
E795  91 0E     STA  A:00 X:FE Y:53 P:24 SP:FB
E797  C8        INY  A:00 X:FE Y:53 P:24 SP:FB
E798  D0 FB     BNE  A:00 X:FE Y:54 P:24 SP:FB
E795  91 0E     STA  A:00 X:FE Y:54 P:24 SP:FB
E797  C8        INY  A:00 X:FE Y:54 P:24 SP:FB
E798  D0 FB     BNE  A:00 X:FE Y:55 P:24 SP:FB
E795  91 0E     STA  A:00 X:FE Y:55 P:24 SP:FB
E797  C8        INY  A:00 X:FE Y:55 P:24 SP:FB
E798  D0 FB     BNE  A:00 X:FE Y:56 P:24 SP:FB
E795  91 0E     STA  A:00 X:FE Y:56 P:24 SP:FB
E797  C8        INY  A:00 X:FE Y:56 P:24 SP:FB
E798  D0 FB     BNE  A:00 X:FE Y:57 P:24 SP:FB
E795  91 0E     STA  A:00 X:FE Y:57 P:24 SP:FB
E797  C8        INY  A:00 X:FE Y:57 P:24 SP:FB
E798  D0 FB     BNE  A:00 X:FE Y:58 P:24 SP:FB
E795  91 0E     STA  A:00 X:FE Y:58 P:24 SP:FB
E797  C8        INY  A:00 X:FE Y:58 P:24 SP:FB
E798  D0 FB     BNE  A:00 X:FE Y:59 P:24 SP:FB
E795  91 0E     STA  A:00 X:FE Y:59 P:24 SP:FB
E797  C8        INY  A:00 X:FE Y:59 P:24 SP:FB
E798  D0 FB     BNE  A:00 X:FE Y:5A P:24 SP:FB
E795  91 0E     STA  A:00 X:FE Y:5A P:24 SP:FB
E797  C8        INY  A:00 X:FE Y:5A P:24 SP:FB
E798  D0 FB     BNE  A:00 X:FE Y:5B P:24 SP:FB
E795  91 0E     STA  A:00 X:FE Y:5B P:24 SP:FB
E797  C8        INY  A:00 X:FE Y:5B P:24 SP:FB
E798  D0 FB     BNE  A:00 X:FE Y:5C P:24 SP:FB
E795  91 0E     STA  A:00 X:FE Y:5C P:24 SP:FB
E797  C8        INY  A:00 X:FE Y:5C P:24 SP:FB
E798  D0 FB     BNE  A:00 X:FE Y:5D P:24 SP:FB
E795  91 0E     STA  A:00 X:FE Y:5D P:24 SP:FB
E797  C8        INY  A:00 X:FE Y:5D P:24 SP:FB
E798  D0 FB     BNE  A:00 X:FE Y:5E P:24 SP:FB
E795  91 0E     STA  A:00 X:FE Y:5E P:24 SP:FB
E797  C8        INY  A:00 X:FE Y:5E P:24 SP:FB
E798  D0 FB     BNE  A:00 X:FE Y:5F P:24 SP:FB
E795  91 0E     STA  A:00 X:FE Y:5F P:24 SP:FB
E797  C8        INY  A:00 X:FE Y:5F P:24 SP:FB
E798  D0 FB     BNE  A:00 X:FE Y:60 P:24 SP:FB
E795  91 0E     STA  A:00 X:FE Y:60 P:24 SP:FB
E797  C8        INY  A:00 X:FE Y:60 P:24 SP:FB
E798  D0 FB     BNE  A:00 X:FE Y:61 P:24 SP:FB
E795  91 0E     STA  A:00 X:FE Y:61 P:24 SP:FB
E797  C8        INY  A:00 X:FE Y:61 P:24 SP:FB
E798  D0 FB     BNE  A:00 X:FE Y:62 P:24 SP:FB
E795  91 0E     STA  A:00 X:FE Y:62 P:24 SP:FB
E797  C8        INY  A:00 X:FE Y:62 P:24 SP:FB
E798  D0 FB     BNE  A:00 X:FE Y:63 P:24 SP:FB
E795  91 0E     STA  A:00 X:FE Y:63 P:24 SP:FB
E797  C8        INY  A:00 X:FE Y:63 P:24 SP:FB
E798  D0 FB     BNE  A:00 X:FE Y:64 P:24 SP:FB
E795  91 0E     STA  A:00 X:FE Y:64 P:24 SP:FB
E797  C8        INY  A:00 X:FE Y:64 P:24 SP:FB
E798  D0 FB     BNE  A:00 X:FE Y:65 P:24 SP:FB
E795  91 0E     STA  A:00 X:FE Y:65 P:24 SP:FB
E797  C8        INY  A:00 X:FE Y:65 P:24 SP:FB
E798  D0 FB     BNE  A:00 X:FE Y:66 P:24 SP:FB
E795  91 0E     STA  A:00 X:FE Y:66 P:24 SP:FB
E797  C8        INY  A:00 X:FE Y:66 P:24 SP:FB
E798  D0 FB     BNE  A:00 X:FE Y:67 P:24 SP:FB
E795  91 0E     STA  A:00 X:FE Y:67 P:24 SP:FB
E797  C8        INY  A:00 X:FE Y:67 P:24 SP:FB
E798  D0 FB     BNE  A:00 X:FE Y:68 P:24 SP:FB
E795  91 0E     STA  A:00 X:FE Y:68 P:24 SP:FB
E797  C8        INY  A:00 X:FE Y:68 P:24 SP:FB
E798  D0 FB     BNE  A:00 X:FE Y:69 P:24 SP:FB
E795  91 0E     STA  A:00 X:FE Y:69 P:24 SP:FB
E797  C8        INY  A:00 X:FE Y:69 P:24 SP:FB
E798  D0 FB     BNE  A:00 X:FE Y:6A P:24 SP:FB
E795  91 0E     STA  A:00 X:FE Y:6A P:24 SP:FB
E797  C8        INY  A:00 X:FE Y:6A P:24 SP:FB
E798  D0 FB     BNE  A:00 X:FE Y:6B P:24 SP:FB
E795  91 0E     STA  A:00 X:FE Y:6B P:24 SP:FB
E797  C8        INY  A:00 X:FE Y:6B P:24 SP:FB
E798  D0 FB     BNE  A:00 X:FE Y:6C P:24 SP:FB
E795  91 0E     STA  A:00 X:FE Y:6C P:24 SP:FB
E797  C8        INY  A:00 X:FE Y:6C P:24 SP:FB
E798  D0 FB     BNE  A:00 X:FE Y:6D P:24 SP:FB
E795  91 0E     STA  A:00 X:FE Y:6D P:24 SP:FB
E797  C8        INY  A:00 X:FE Y:6D P:24 SP:FB
E798  D0 FB     BNE  A:00 X:FE Y:6E P:24 SP:FB
E795  91 0E     STA  A:00 X:FE Y:6E P:24 SP:FB
E797  C8        INY  A:00 X:FE Y:6E P:24 SP:FB
E798  D0 FB     BNE  A:00 X:FE Y:6F P:24 SP:FB
E795  91 0E     STA  A:00 X:FE Y:6F P:24 SP:FB
E797  C8        INY  A:00 X:FE Y:6F P:24 SP:FB
E798  D0 FB     BNE  A:00 X:FE Y:70 P:24 SP:FB
E795  91 0E     STA  A:00 X:FE Y:70 P:24 SP:FB
E797  C8        INY  A:00 X:FE Y:70 P:24 SP:FB
E798  D0 FB     BNE  A:00 X:FE Y:71 P:24 SP:FB
E795  91 0E     STA  A:00 X:FE Y:71 P:24 SP:FB
E797  C8        INY  A:00 X:FE Y:71 P:24 SP:FB
E798  D0 FB     BNE  A:00 X:FE Y:72 P:24 SP:FB
E795  91 0E     STA  A:00 X:FE Y:72 P:24 SP:FB
E797  C8        INY  A:00 X:FE Y:72 P:24 SP:FB
E798  D0 FB     BNE  A:00 X:FE Y:73 P:24 SP:FB
E795  91 0E     STA  A:00 X:FE Y:73 P:24 SP:FB
E797  C8        INY  A:00 X:FE Y:73 P:24 SP:FB
E798  D0 FB     BNE  A:00 X:FE Y:74 P:24 SP:FB
E795  91 0E     STA  A:00 X:FE Y:74 P:24 SP:FB
E797  C8        INY  A:00 X:FE Y:74 P:24 SP:FB
E798  D0 FB     BNE  A:00 X:FE Y:75 P:24 SP:FB
E795  91 0E     STA  A:00 X:FE Y:75 P:24 SP:FB
E797  C8        INY  A:00 X:FE Y:75 P:24 SP:FB
E798  D0 FB     BNE  A:00 X:FE Y:76 P:24 SP:FB
E795  91 0E     STA  A:00 X:FE Y:76 P:24 SP:FB
E797  C8        INY  A:00 X:FE Y:76 P:24 SP:FB
E798  D0 FB     BNE  A:00 X:FE Y:77 P:24 SP:FB
E795  91 0E     STA  A:00 X:FE Y:77 P:24 SP:FB
E797  C8        INY  A:00 X:FE Y:77 P:24 SP:FB
E798  D0 FB     BNE  A:00 X:FE Y:78 P:24 SP:FB
E795  91 0E     STA  A:00 X:FE Y:78 P:24 SP:FB
E797  C8        INY  A:00 X:FE Y:78 P:24 SP:FB
E798  D0 FB     BNE  A:00 X:FE Y:79 P:24 SP:FB
E795  91 0E     STA  A:00 X:FE Y:79 P:24 SP:FB
E797  C8        INY  A:00 X:FE Y:79 P:24 SP:FB
E798  D0 FB     BNE  A:00 X:FE Y:7A P:24 SP:FB
E795  91 0E     STA  A:00 X:FE Y:7A P:24 SP:FB
E797  C8        INY  A:00 X:FE Y:7A P:24 SP:FB
E798  D0 FB     BNE  A:00 X:FE Y:7B P:24 SP:FB
E795  91 0E     STA  A:00 X:FE Y:7B P:24 SP:FB
E797  C8        INY  A:00 X:FE Y:7B P:24 SP:FB
E798  D0 FB     BNE  A:00 X:FE Y:7C P:24 SP:FB
E795  91 0E     STA  A:00 X:FE Y:7C P:24 SP:FB
E797  C8        INY  A:00 X:FE Y:7C P:24 SP:FB
E798  D0 FB     BNE  A:00 X:FE Y:7D P:24 SP:FB
E795  91 0E     STA  A:00 X:FE Y:7D P:24 SP:FB
E797  C8        INY  A:00 X:FE Y:7D P:24 SP:FB
E798  D0 FB     BNE  A:00 X:FE Y:7E P:24 SP:FB
E795  91 0E     STA  A:00 X:FE Y:7E P:24 SP:FB
E797  C8        INY  A:00 X:FE Y:7E P:24 SP:FB
E798  D0 FB     BNE  A:00 X:FE Y:7F P:24 SP:FB
E795  91 0E     STA  A:00 X:FE Y:7F P:24 SP:FB
E797  C8        INY  A:00 X:FE Y:7F P:24 SP:FB
E798  D0 FB     BNE  A:00 X:FE Y:80 P:A4 SP:FB
E795  91 0E     STA  A:00 X:FE Y:80 P:A4 SP:FB
E797  C8        INY  A:00 X:FE Y:80 P:A4 SP:FB
E798  D0 FB     BNE  A:00 X:FE Y:81 P:A4 SP:FB
E795  91 0E     STA  A:00 X:FE Y:81 P:A4 SP:FB
E797  C8        INY  A:00 X:FE Y:81 P:A4 SP:FB
E798  D0 FB     BNE  A:00 X:FE Y:82 P:A4 SP:FB
E795  91 0E     STA  A:00 X:FE Y:82 P:A4 SP:FB
E797  C8        INY  A:00 X:FE Y:82 P:A4 SP:FB
E798  D0 FB     BNE  A:00 X:FE Y:83 P:A4 SP:FB
E795  91 0E     STA  A:00 X:FE Y:83 P:A4 SP:FB
E797  C8        INY  A:00 X:FE Y:83 P:A4 SP:FB
E798  D0 FB     BNE  A:00 X:FE Y:84 P:A4 SP:FB
E795  91 0E     STA  A:00 X:FE Y:84 P:A4 SP:FB
E797  C8        INY  A:00 X:FE Y:84 P:A4 SP:FB
E798  D0 FB     BNE  A:00 X:FE Y:85 P:A4 SP:FB
E795  91 0E     STA  A:00 X:FE Y:85 P:A4 SP:FB
E797  C8        INY  A:00 X:FE Y:85 P:A4 SP:FB
E798  D0 FB     BNE  A:00 X:FE Y:86 P:A4 SP:FB
E795  91 0E     STA  A:00 X:FE Y:86 P:A4 SP:FB
E797  C8        INY  A:00 X:FE Y:86 P:A4 SP:FB
E798  D0 FB     BNE  A:00 X:FE Y:87 P:A4 SP:FB
E795  91 0E     STA  A:00 X:FE Y:87 P:A4 SP:FB
E797  C8        INY  A:00 X:FE Y:87 P:A4 SP:FB
E798  D0 FB     BNE  A:00 X:FE Y:88 P:A4 SP:FB
E795  91 0E     STA  A:00 X:FE Y:88 P:A4 SP:FB
E797  C8        INY  A:00 X:FE Y:88 P:A4 SP:FB
E798  D0 FB     BNE  A:00 X:FE Y:89 P:A4 SP:FB
E795  91 0E     STA  A:00 X:FE Y:89 P:A4 SP:FB
E797  C8        INY  A:00 X:FE Y:89 P:A4 SP:FB
E798  D0 FB     BNE  A:00 X:FE Y:8A P:A4 SP:FB
E795  91 0E     STA  A:00 X:FE Y:8A P:A4 SP:FB
E797  C8        INY  A:00 X:FE Y:8A P:A4 SP:FB
E798  D0 FB     BNE  A:00 X:FE Y:8B P:A4 SP:FB
E795  91 0E     STA  A:00 X:FE Y:8B P:A4 SP:FB
E797  C8        INY  A:00 X:FE Y:8B P:A4 SP:FB
E798  D0 FB     BNE  A:00 X:FE Y:8C P:A4 SP:FB
E795  91 0E     STA  A:00 X:FE Y:8C P:A4 SP:FB
E797  C8        INY  A:00 X:FE Y:8C P:A4 SP:FB
E798  D0 FB     BNE  A:00 X:FE Y:8D P:A4 SP:FB
E795  91 0E     STA  A:00 X:FE Y:8D P:A4 SP:FB
E797  C8        INY  A:00 X:FE Y:8D P:A4 SP:FB
E798  D0 FB     BNE  A:00 X:FE Y:8E P:A4 SP:FB
E795  91 0E     STA  A:00 X:FE Y:8E P:A4 SP:FB
E797  C8        INY  A:00 X:FE Y:8E P:A4 SP:FB
E798  D0 FB     BNE  A:00 X:FE Y:8F P:A4 SP:FB
E795  91 0E     STA  A:00 X:FE Y:8F P:A4 SP:FB
E797  C8        INY  A:00 X:FE Y:8F P:A4 SP:FB
E798  D0 FB     BNE  A:00 X:FE Y:90 P:A4 SP:FB
E795  91 0E     STA  A:00 X:FE Y:90 P:A4 SP:FB
E797  C8        INY  A:00 X:FE Y:90 P:A4 SP:FB
E798  D0 FB     BNE  A:00 X:FE Y:91 P:A4 SP:FB
E795  91 0E     STA  A:00 X:FE Y:91 P:A4 SP:FB
E797  C8        INY  A:00 X:FE Y:91 P:A4 SP:FB
E798  D0 FB     BNE  A:00 X:FE Y:92 P:A4 SP:FB
E795  91 0E     STA  A:00 X:FE Y:92 P:A4 SP:FB
E797  C8        INY  A:00 X:FE Y:92 P:A4 SP:FB
E798  D0 FB     BNE  A:00 X:FE Y:93 P:A4 SP:FB
E795  91 0E     STA  A:00 X:FE Y:93 P:A4 SP:FB
E797  C8        INY  A:00 X:FE Y:93 P:A4 SP:FB
E798  D0 FB     BNE  A:00 X:FE Y:94 P:A4 SP:FB
E795  91 0E     STA  A:00 X:FE Y:94 P:A4 SP:FB
E797  C8        INY  A:00 X:FE Y:94 P:A4 SP:FB
E798  D0 FB     BNE  A:00 X:FE Y:95 P:A4 SP:FB
E795  91 0E     STA  A:00 X:FE Y:95 P:A4 SP:FB
E797  C8        INY  A:00 X:FE Y:95 P:A4 SP:FB
E798  D0 FB     BNE  A:00 X:FE Y:96 P:A4 SP:FB
E795  91 0E     STA  A:00 X:FE Y:96 P:A4 SP:FB
E797  C8        INY  A:00 X:FE Y:96 P:A4 SP:FB
E798  D0 FB     BNE  A:00 X:FE Y:97 P:A4 SP:FB
E795  91 0E     STA  A:00 X:FE Y:97 P:A4 SP:FB
E797  C8        INY  A:00 X:FE Y:97 P:A4 SP:FB
E798  D0 FB     BNE  A:00 X:FE Y:98 P:A4 SP:FB
E795  91 0E     STA  A:00 X:FE Y:98 P:A4 SP:FB
E797  C8        INY  A:00 X:FE Y:98 P:A4 SP:FB
E798  D0 FB     BNE  A:00 X:FE Y:99 P:A4 SP:FB
E795  91 0E     STA  A:00 X:FE Y:99 P:A4 SP:FB
E797  C8        INY  A:00 X:FE Y:99 P:A4 SP:FB
E798  D0 FB     BNE  A:00 X:FE Y:9A P:A4 SP:FB
E795  91 0E     STA  A:00 X:FE Y:9A P:A4 SP:FB
E797  C8        INY  A:00 X:FE Y:9A P:A4 SP:FB
E798  D0 FB     BNE  A:00 X:FE Y:9B P:A4 SP:FB
E795  91 0E     STA  A:00 X:FE Y:9B P:A4 SP:FB
E797  C8        INY  A:00 X:FE Y:9B P:A4 SP:FB
E798  D0 FB     BNE  A:00 X:FE Y:9C P:A4 SP:FB
E795  91 0E     STA  A:00 X:FE Y:9C P:A4 SP:FB
E797  C8        INY  A:00 X:FE Y:9C P:A4 SP:FB
E798  D0 FB     BNE  A:00 X:FE Y:9D P:A4 SP:FB
E795  91 0E     STA  A:00 X:FE Y:9D P:A4 SP:FB
E797  C8        INY  A:00 X:FE Y:9D P:A4 SP:FB
E798  D0 FB     BNE  A:00 X:FE Y:9E P:A4 SP:FB
E795  91 0E     STA  A:00 X:FE Y:9E P:A4 SP:FB
E797  C8        INY  A:00 X:FE Y:9E P:A4 SP:FB
E798  D0 FB     BNE  A:00 X:FE Y:9F P:A4 SP:FB
E795  91 0E     STA  A:00 X:FE Y:9F P:A4 SP:FB
E797  C8        INY  A:00 X:FE Y:9F P:A4 SP:FB
E798  D0 FB     BNE  A:00 X:FE Y:A0 P:A4 SP:FB
E795  91 0E     STA  A:00 X:FE Y:A0 P:A4 SP:FB
E797  C8        INY  A:00 X:FE Y:A0 P:A4 SP:FB
E798  D0 FB     BNE  A:00 X:FE Y:A1 P:A4 SP:FB
E795  91 0E     STA  A:00 X:FE Y:A1 P:A4 SP:FB
E797  C8        INY  A:00 X:FE Y:A1 P:A4 SP:FB
E798  D0 FB     BNE  A:00 X:FE Y:A2 P:A4 SP:FB
E795  91 0E     STA  A:00 X:FE Y:A2 P:A4 SP:FB
E797  C8        INY  A:00 X:FE Y:A2 P:A4 SP:FB
E798  D0 FB     BNE  A:00 X:FE Y:A3 P:A4 SP:FB
E795  91 0E     STA  A:00 X:FE Y:A3 P:A4 SP:FB
E797  C8        INY  A:00 X:FE Y:A3 P:A4 SP:FB
E798  D0 FB     BNE  A:00 X:FE Y:A4 P:A4 SP:FB
E795  91 0E     STA  A:00 X:FE Y:A4 P:A4 SP:FB
E797  C8        INY  A:00 X:FE Y:A4 P:A4 SP:FB
E798  D0 FB     BNE  A:00 X:FE Y:A5 P:A4 SP:FB
E795  91 0E     STA  A:00 X:FE Y:A5 P:A4 SP:FB
E797  C8        INY  A:00 X:FE Y:A5 P:A4 SP:FB
E798  D0 FB     BNE  A:00 X:FE Y:A6 P:A4 SP:FB
E795  91 0E     STA  A:00 X:FE Y:A6 P:A4 SP:FB
E797  C8        INY  A:00 X:FE Y:A6 P:A4 SP:FB
E798  D0 FB     BNE  A:00 X:FE Y:A7 P:A4 SP:FB
E795  91 0E     STA  A:00 X:FE Y:A7 P:A4 SP:FB
E797  C8        INY  A:00 X:FE Y:A7 P:A4 SP:FB
E798  D0 FB     BNE  A:00 X:FE Y:A8 P:A4 SP:FB
E795  91 0E     STA  A:00 X:FE Y:A8 P:A4 SP:FB
E797  C8        INY  A:00 X:FE Y:A8 P:A4 SP:FB
E798  D0 FB     BNE  A:00 X:FE Y:A9 P:A4 SP:FB
E795  91 0E     STA  A:00 X:FE Y:A9 P:A4 SP:FB
E797  C8        INY  A:00 X:FE Y:A9 P:A4 SP:FB
E798  D0 FB     BNE  A:00 X:FE Y:AA P:A4 SP:FB
E795  91 0E     STA  A:00 X:FE Y:AA P:A4 SP:FB
E797  C8        INY  A:00 X:FE Y:AA P:A4 SP:FB
E798  D0 FB     BNE  A:00 X:FE Y:AB P:A4 SP:FB
E795  91 0E     STA  A:00 X:FE Y:AB P:A4 SP:FB
E797  C8        INY  A:00 X:FE Y:AB P:A4 SP:FB
E798  D0 FB     BNE  A:00 X:FE Y:AC P:A4 SP:FB
E795  91 0E     STA  A:00 X:FE Y:AC P:A4 SP:FB
E797  C8        INY  A:00 X:FE Y:AC P:A4 SP:FB
E798  D0 FB     BNE  A:00 X:FE Y:AD P:A4 SP:FB
E795  91 0E     STA  A:00 X:FE Y:AD P:A4 SP:FB
E797  C8        INY  A:00 X:FE Y:AD P:A4 SP:FB
E798  D0 FB     BNE  A:00 X:FE Y:AE P:A4 SP:FB
E795  91 0E     STA  A:00 X:FE Y:AE P:A4 SP:FB
E797  C8        INY  A:00 X:FE Y:AE P:A4 SP:FB
E798  D0 FB     BNE  A:00 X:FE Y:AF P:A4 SP:FB
E795  91 0E     STA  A:00 X:FE Y:AF P:A4 SP:FB
E797  C8        INY  A:00 X:FE Y:AF P:A4 SP:FB
E798  D0 FB     BNE  A:00 X:FE Y:B0 P:A4 SP:FB
E795  91 0E     STA  A:00 X:FE Y:B0 P:A4 SP:FB
E797  C8        INY  A:00 X:FE Y:B0 P:A4 SP:FB
E798  D0 FB     BNE  A:00 X:FE Y:B1 P:A4 SP:FB
E795  91 0E     STA  A:00 X:FE Y:B1 P:A4 SP:FB
E797  C8        INY  A:00 X:FE Y:B1 P:A4 SP:FB
E798  D0 FB     BNE  A:00 X:FE Y:B2 P:A4 SP:FB
E795  91 0E     STA  A:00 X:FE Y:B2 P:A4 SP:FB
E797  C8        INY  A:00 X:FE Y:B2 P:A4 SP:FB
E798  D0 FB     BNE  A:00 X:FE Y:B3 P:A4 SP:FB
E795  91 0E     STA  A:00 X:FE Y:B3 P:A4 SP:FB
E797  C8        INY  A:00 X:FE Y:B3 P:A4 SP:FB
E798  D0 FB     BNE  A:00 X:FE Y:B4 P:A4 SP:FB
E795  91 0E     STA  A:00 X:FE Y:B4 P:A4 SP:FB
E797  C8        INY  A:00 X:FE Y:B4 P:A4 SP:FB
E798  D0 FB     BNE  A:00 X:FE Y:B5 P:A4 SP:FB
E795  91 0E     STA  A:00 X:FE Y:B5 P:A4 SP:FB
E797  C8        INY  A:00 X:FE Y:B5 P:A4 SP:FB
E798  D0 FB     BNE  A:00 X:FE Y:B6 P:A4 SP:FB
E795  91 0E     STA  A:00 X:FE Y:B6 P:A4 SP:FB
E797  C8        INY  A:00 X:FE Y:B6 P:A4 SP:FB
E798  D0 FB     BNE  A:00 X:FE Y:B7 P:A4 SP:FB
E795  91 0E     STA  A:00 X:FE Y:B7 P:A4 SP:FB
E797  C8        INY  A:00 X:FE Y:B7 P:A4 SP:FB
E798  D0 FB     BNE  A:00 X:FE Y:B8 P:A4 SP:FB
E795  91 0E     STA  A:00 X:FE Y:B8 P:A4 SP:FB
E797  C8        INY  A:00 X:FE Y:B8 P:A4 SP:FB
E798  D0 FB     BNE  A:00 X:FE Y:B9 P:A4 SP:FB
E795  91 0E     STA  A:00 X:FE Y:B9 P:A4 SP:FB
E797  C8        INY  A:00 X:FE Y:B9 P:A4 SP:FB
E798  D0 FB     BNE  A:00 X:FE Y:BA P:A4 SP:FB
E795  91 0E     STA  A:00 X:FE Y:BA P:A4 SP:FB
E797  C8        INY  A:00 X:FE Y:BA P:A4 SP:FB
E798  D0 FB     BNE  A:00 X:FE Y:BB P:A4 SP:FB
E795  91 0E     STA  A:00 X:FE Y:BB P:A4 SP:FB
E797  C8        INY  A:00 X:FE Y:BB P:A4 SP:FB
E798  D0 FB     BNE  A:00 X:FE Y:BC P:A4 SP:FB
E795  91 0E     STA  A:00 X:FE Y:BC P:A4 SP:FB
E797  C8        INY  A:00 X:FE Y:BC P:A4 SP:FB
E798  D0 FB     BNE  A:00 X:FE Y:BD P:A4 SP:FB
E795  91 0E     STA  A:00 X:FE Y:BD P:A4 SP:FB
E797  C8        INY  A:00 X:FE Y:BD P:A4 SP:FB
E798  D0 FB     BNE  A:00 X:FE Y:BE P:A4 SP:FB
E795  91 0E     STA  A:00 X:FE Y:BE P:A4 SP:FB
E797  C8        INY  A:00 X:FE Y:BE P:A4 SP:FB
E798  D0 FB     BNE  A:00 X:FE Y:BF P:A4 SP:FB
E795  91 0E     STA  A:00 X:FE Y:BF P:A4 SP:FB
E797  C8        INY  A:00 X:FE Y:BF P:A4 SP:FB
E798  D0 FB     BNE  A:00 X:FE Y:C0 P:A4 SP:FB
E795  91 0E     STA  A:00 X:FE Y:C0 P:A4 SP:FB
E797  C8        INY  A:00 X:FE Y:C0 P:A4 SP:FB
E798  D0 FB     BNE  A:00 X:FE Y:C1 P:A4 SP:FB
E795  91 0E     STA  A:00 X:FE Y:C1 P:A4 SP:FB
E797  C8        INY  A:00 X:FE Y:C1 P:A4 SP:FB
E798  D0 FB     BNE  A:00 X:FE Y:C2 P:A4 SP:FB
E795  91 0E     STA  A:00 X:FE Y:C2 P:A4 SP:FB
E797  C8        INY  A:00 X:FE Y:C2 P:A4 SP:FB
E798  D0 FB     BNE  A:00 X:FE Y:C3 P:A4 SP:FB
E795  91 0E     STA  A:00 X:FE Y:C3 P:A4 SP:FB
E797  C8        INY  A:00 X:FE Y:C3 P:A4 SP:FB
E798  D0 FB     BNE  A:00 X:FE Y:C4 P:A4 SP:FB
E795  91 0E     STA  A:00 X:FE Y:C4 P:A4 SP:FB
E797  C8        INY  A:00 X:FE Y:C4 P:A4 SP:FB
E798  D0 FB     BNE  A:00 X:FE Y:C5 P:A4 SP:FB
E795  91 0E     STA  A:00 X:FE Y:C5 P:A4 SP:FB
E797  C8        INY  A:00 X:FE Y:C5 P:A4 SP:FB
E798  D0 FB     BNE  A:00 X:FE Y:C6 P:A4 SP:FB
E795  91 0E     STA  A:00 X:FE Y:C6 P:A4 SP:FB
E797  C8        INY  A:00 X:FE Y:C6 P:A4 SP:FB
E798  D0 FB     BNE  A:00 X:FE Y:C7 P:A4 SP:FB
E795  91 0E     STA  A:00 X:FE Y:C7 P:A4 SP:FB
E797  C8        INY  A:00 X:FE Y:C7 P:A4 SP:FB
E798  D0 FB     BNE  A:00 X:FE Y:C8 P:A4 SP:FB
E795  91 0E     STA  A:00 X:FE Y:C8 P:A4 SP:FB
E797  C8        INY  A:00 X:FE Y:C8 P:A4 SP:FB
E798  D0 FB     BNE  A:00 X:FE Y:C9 P:A4 SP:FB
E795  91 0E     STA  A:00 X:FE Y:C9 P:A4 SP:FB
E797  C8        INY  A:00 X:FE Y:C9 P:A4 SP:FB
E798  D0 FB     BNE  A:00 X:FE Y:CA P:A4 SP:FB
E795  91 0E     STA  A:00 X:FE Y:CA P:A4 SP:FB
E797  C8        INY  A:00 X:FE Y:CA P:A4 SP:FB
E798  D0 FB     BNE  A:00 X:FE Y:CB P:A4 SP:FB
E795  91 0E     STA  A:00 X:FE Y:CB P:A4 SP:FB
E797  C8        INY  A:00 X:FE Y:CB P:A4 SP:FB
E798  D0 FB     BNE  A:00 X:FE Y:CC P:A4 SP:FB
E795  91 0E     STA  A:00 X:FE Y:CC P:A4 SP:FB
E797  C8        INY  A:00 X:FE Y:CC P:A4 SP:FB
E798  D0 FB     BNE  A:00 X:FE Y:CD P:A4 SP:FB
E795  91 0E     STA  A:00 X:FE Y:CD P:A4 SP:FB
E797  C8        INY  A:00 X:FE Y:CD P:A4 SP:FB
E798  D0 FB     BNE  A:00 X:FE Y:CE P:A4 SP:FB
E795  91 0E     STA  A:00 X:FE Y:CE P:A4 SP:FB
E797  C8        INY  A:00 X:FE Y:CE P:A4 SP:FB
E798  D0 FB     BNE  A:00 X:FE Y:CF P:A4 SP:FB
E795  91 0E     STA  A:00 X:FE Y:CF P:A4 SP:FB
E797  C8        INY  A:00 X:FE Y:CF P:A4 SP:FB
E798  D0 FB     BNE  A:00 X:FE Y:D0 P:A4 SP:FB
E795  91 0E     STA  A:00 X:FE Y:D0 P:A4 SP:FB
E797  C8        INY  A:00 X:FE Y:D0 P:A4 SP:FB
E798  D0 FB     BNE  A:00 X:FE Y:D1 P:A4 SP:FB
E795  91 0E     STA  A:00 X:FE Y:D1 P:A4 SP:FB
E797  C8        INY  A:00 X:FE Y:D1 P:A4 SP:FB
E798  D0 FB     BNE  A:00 X:FE Y:D2 P:A4 SP:FB
E795  91 0E     STA  A:00 X:FE Y:D2 P:A4 SP:FB
E797  C8        INY  A:00 X:FE Y:D2 P:A4 SP:FB
E798  D0 FB     BNE  A:00 X:FE Y:D3 P:A4 SP:FB
E795  91 0E     STA  A:00 X:FE Y:D3 P:A4 SP:FB
E797  C8        INY  A:00 X:FE Y:D3 P:A4 SP:FB
E798  D0 FB     BNE  A:00 X:FE Y:D4 P:A4 SP:FB
E795  91 0E     STA  A:00 X:FE Y:D4 P:A4 SP:FB
E797  C8        INY  A:00 X:FE Y:D4 P:A4 SP:FB
E798  D0 FB     BNE  A:00 X:FE Y:D5 P:A4 SP:FB
E795  91 0E     STA  A:00 X:FE Y:D5 P:A4 SP:FB
E797  C8        INY  A:00 X:FE Y:D5 P:A4 SP:FB
E798  D0 FB     BNE  A:00 X:FE Y:D6 P:A4 SP:FB
E795  91 0E     STA  A:00 X:FE Y:D6 P:A4 SP:FB
E797  C8        INY  A:00 X:FE Y:D6 P:A4 SP:FB
E798  D0 FB     BNE  A:00 X:FE Y:D7 P:A4 SP:FB
E795  91 0E     STA  A:00 X:FE Y:D7 P:A4 SP:FB
E797  C8        INY  A:00 X:FE Y:D7 P:A4 SP:FB
E798  D0 FB     BNE  A:00 X:FE Y:D8 P:A4 SP:FB
E795  91 0E     STA  A:00 X:FE Y:D8 P:A4 SP:FB
E797  C8        INY  A:00 X:FE Y:D8 P:A4 SP:FB
E798  D0 FB     BNE  A:00 X:FE Y:D9 P:A4 SP:FB
E795  91 0E     STA  A:00 X:FE Y:D9 P:A4 SP:FB
E797  C8        INY  A:00 X:FE Y:D9 P:A4 SP:FB
E798  D0 FB     BNE  A:00 X:FE Y:DA P:A4 SP:FB
E795  91 0E     STA  A:00 X:FE Y:DA P:A4 SP:FB
E797  C8        INY  A:00 X:FE Y:DA P:A4 SP:FB
E798  D0 FB     BNE  A:00 X:FE Y:DB P:A4 SP:FB
E795  91 0E     STA  A:00 X:FE Y:DB P:A4 SP:FB
E797  C8        INY  A:00 X:FE Y:DB P:A4 SP:FB
E798  D0 FB     BNE  A:00 X:FE Y:DC P:A4 SP:FB
E795  91 0E     STA  A:00 X:FE Y:DC P:A4 SP:FB
E797  C8        INY  A:00 X:FE Y:DC P:A4 SP:FB
E798  D0 FB     BNE  A:00 X:FE Y:DD P:A4 SP:FB
E795  91 0E     STA  A:00 X:FE Y:DD P:A4 SP:FB
E797  C8        INY  A:00 X:FE Y:DD P:A4 SP:FB
E798  D0 FB     BNE  A:00 X:FE Y:DE P:A4 SP:FB
E795  91 0E     STA  A:00 X:FE Y:DE P:A4 SP:FB
E797  C8        INY  A:00 X:FE Y:DE P:A4 SP:FB
E798  D0 FB     BNE  A:00 X:FE Y:DF P:A4 SP:FB
E795  91 0E     STA  A:00 X:FE Y:DF P:A4 SP:FB
E797  C8        INY  A:00 X:FE Y:DF P:A4 SP:FB
E798  D0 FB     BNE  A:00 X:FE Y:E0 P:A4 SP:FB
E795  91 0E     STA  A:00 X:FE Y:E0 P:A4 SP:FB
E797  C8        INY  A:00 X:FE Y:E0 P:A4 SP:FB
E798  D0 FB     BNE  A:00 X:FE Y:E1 P:A4 SP:FB
E795  91 0E     STA  A:00 X:FE Y:E1 P:A4 SP:FB
E797  C8        INY  A:00 X:FE Y:E1 P:A4 SP:FB
E798  D0 FB     BNE  A:00 X:FE Y:E2 P:A4 SP:FB
E795  91 0E     STA  A:00 X:FE Y:E2 P:A4 SP:FB
E797  C8        INY  A:00 X:FE Y:E2 P:A4 SP:FB
E798  D0 FB     BNE  A:00 X:FE Y:E3 P:A4 SP:FB
E795  91 0E     STA  A:00 X:FE Y:E3 P:A4 SP:FB
E797  C8        INY  A:00 X:FE Y:E3 P:A4 SP:FB
E798  D0 FB     BNE  A:00 X:FE Y:E4 P:A4 SP:FB
E795  91 0E     STA  A:00 X:FE Y:E4 P:A4 SP:FB
E797  C8        INY  A:00 X:FE Y:E4 P:A4 SP:FB
E798  D0 FB     BNE  A:00 X:FE Y:E5 P:A4 SP:FB
E795  91 0E     STA  A:00 X:FE Y:E5 P:A4 SP:FB
E797  C8        INY  A:00 X:FE Y:E5 P:A4 SP:FB
E798  D0 FB     BNE  A:00 X:FE Y:E6 P:A4 SP:FB
E795  91 0E     STA  A:00 X:FE Y:E6 P:A4 SP:FB
E797  C8        INY  A:00 X:FE Y:E6 P:A4 SP:FB
E798  D0 FB     BNE  A:00 X:FE Y:E7 P:A4 SP:FB
E795  91 0E     STA  A:00 X:FE Y:E7 P:A4 SP:FB
E797  C8        INY  A:00 X:FE Y:E7 P:A4 SP:FB
E798  D0 FB     BNE  A:00 X:FE Y:E8 P:A4 SP:FB
E795  91 0E     STA  A:00 X:FE Y:E8 P:A4 SP:FB
E797  C8        INY  A:00 X:FE Y:E8 P:A4 SP:FB
E798  D0 FB     BNE  A:00 X:FE Y:E9 P:A4 SP:FB
E795  91 0E     STA  A:00 X:FE Y:E9 P:A4 SP:FB
E797  C8        INY  A:00 X:FE Y:E9 P:A4 SP:FB
E798  D0 FB     BNE  A:00 X:FE Y:EA P:A4 SP:FB
E795  91 0E     STA  A:00 X:FE Y:EA P:A4 SP:FB
E797  C8        INY  A:00 X:FE Y:EA P:A4 SP:FB
E798  D0 FB     BNE  A:00 X:FE Y:EB P:A4 SP:FB
E795  91 0E     STA  A:00 X:FE Y:EB P:A4 SP:FB
E797  C8        INY  A:00 X:FE Y:EB P:A4 SP:FB
E798  D0 FB     BNE  A:00 X:FE Y:EC P:A4 SP:FB
E795  91 0E     STA  A:00 X:FE Y:EC P:A4 SP:FB
E797  C8        INY  A:00 X:FE Y:EC P:A4 SP:FB
E798  D0 FB     BNE  A:00 X:FE Y:ED P:A4 SP:FB
E795  91 0E     STA  A:00 X:FE Y:ED P:A4 SP:FB
E797  C8        INY  A:00 X:FE Y:ED P:A4 SP:FB
E798  D0 FB     BNE  A:00 X:FE Y:EE P:A4 SP:FB
E795  91 0E     STA  A:00 X:FE Y:EE P:A4 SP:FB
E797  C8        INY  A:00 X:FE Y:EE P:A4 SP:FB
E798  D0 FB     BNE  A:00 X:FE Y:EF P:A4 SP:FB
E795  91 0E     STA  A:00 X:FE Y:EF P:A4 SP:FB
E797  C8        INY  A:00 X:FE Y:EF P:A4 SP:FB
E798  D0 FB     BNE  A:00 X:FE Y:F0 P:A4 SP:FB
E795  91 0E     STA  A:00 X:FE Y:F0 P:A4 SP:FB
E797  C8        INY  A:00 X:FE Y:F0 P:A4 SP:FB
E798  D0 FB     BNE  A:00 X:FE Y:F1 P:A4 SP:FB
E795  91 0E     STA  A:00 X:FE Y:F1 P:A4 SP:FB
E797  C8        INY  A:00 X:FE Y:F1 P:A4 SP:FB
E798  D0 FB     BNE  A:00 X:FE Y:F2 P:A4 SP:FB
E795  91 0E     STA  A:00 X:FE Y:F2 P:A4 SP:FB
E797  C8        INY  A:00 X:FE Y:F2 P:A4 SP:FB
E798  D0 FB     BNE  A:00 X:FE Y:F3 P:A4 SP:FB
E795  91 0E     STA  A:00 X:FE Y:F3 P:A4 SP:FB
E797  C8        INY  A:00 X:FE Y:F3 P:A4 SP:FB
E798  D0 FB     BNE  A:00 X:FE Y:F4 P:A4 SP:FB
E795  91 0E     STA  A:00 X:FE Y:F4 P:A4 SP:FB
E797  C8        INY  A:00 X:FE Y:F4 P:A4 SP:FB
E798  D0 FB     BNE  A:00 X:FE Y:F5 P:A4 SP:FB
E795  91 0E     STA  A:00 X:FE Y:F5 P:A4 SP:FB
E797  C8        INY  A:00 X:FE Y:F5 P:A4 SP:FB
E798  D0 FB     BNE  A:00 X:FE Y:F6 P:A4 SP:FB
E795  91 0E     STA  A:00 X:FE Y:F6 P:A4 SP:FB
E797  C8        INY  A:00 X:FE Y:F6 P:A4 SP:FB
E798  D0 FB     BNE  A:00 X:FE Y:F7 P:A4 SP:FB
E795  91 0E     STA  A:00 X:FE Y:F7 P:A4 SP:FB
E797  C8        INY  A:00 X:FE Y:F7 P:A4 SP:FB
E798  D0 FB     BNE  A:00 X:FE Y:F8 P:A4 SP:FB
E795  91 0E     STA  A:00 X:FE Y:F8 P:A4 SP:FB
E797  C8        INY  A:00 X:FE Y:F8 P:A4 SP:FB
E798  D0 FB     BNE  A:00 X:FE Y:F9 P:A4 SP:FB
E795  91 0E     STA  A:00 X:FE Y:F9 P:A4 SP:FB
E797  C8        INY  A:00 X:FE Y:F9 P:A4 SP:FB
E798  D0 FB     BNE  A:00 X:FE Y:FA P:A4 SP:FB
E795  91 0E     STA  A:00 X:FE Y:FA P:A4 SP:FB
E797  C8        INY  A:00 X:FE Y:FA P:A4 SP:FB
E798  D0 FB     BNE  A:00 X:FE Y:FB P:A4 SP:FB
E795  91 0E     STA  A:00 X:FE Y:FB P:A4 SP:FB
E797  C8        INY  A:00 X:FE Y:FB P:A4 SP:FB
E798  D0 FB     BNE  A:00 X:FE Y:FC P:A4 SP:FB
E795  91 0E     STA  A:00 X:FE Y:FC P:A4 SP:FB
E797  C8        INY  A:00 X:FE Y:FC P:A4 SP:FB
E798  D0 FB     BNE  A:00 X:FE Y:FD P:A4 SP:FB
E795  91 0E     STA  A:00 X:FE Y:FD P:A4 SP:FB
E797  C8        INY  A:00 X:FE Y:FD P:A4 SP:FB
E798  D0 FB     BNE  A:00 X:FE Y:FE P:A4 SP:FB
E795  91 0E     STA  A:00 X:FE Y:FE P:A4 SP:FB
E797  C8        INY  A:00 X:FE Y:FE P:A4 SP:FB
E798  D0 FB     BNE  A:00 X:FE Y:FF P:A4 SP:FB
E795  91 0E     STA  A:00 X:FE Y:FF P:A4 SP:FB
E797  C8        INY  A:00 X:FE Y:FF P:A4 SP:FB
E798  D0 FB     BNE  A:00 X:FE Y:00 P:26 SP:FB
E79A  E6 0F     INC  A:00 X:FE Y:00 P:26 SP:FB
E79C  E8        INX  A:00 X:FE Y:00 P:24 SP:FB
E79D  D0 F6     BNE  A:00 X:FF Y:00 P:A4 SP:FB
E795  91 0E     STA  A:00 X:FF Y:00 P:A4 SP:FB
E797  C8        INY  A:00 X:FF Y:00 P:A4 SP:FB
E798  D0 FB     BNE  A:00 X:FF Y:01 P:24 SP:FB
E795  91 0E     STA  A:00 X:FF Y:01 P:24 SP:FB
E797  C8        INY  A:00 X:FF Y:01 P:24 SP:FB
E798  D0 FB     BNE  A:00 X:FF Y:02 P:24 SP:FB
E795  91 0E     STA  A:00 X:FF Y:02 P:24 SP:FB
E797  C8        INY  A:00 X:FF Y:02 P:24 SP:FB
E798  D0 FB     BNE  A:00 X:FF Y:03 P:24 SP:FB
E795  91 0E     STA  A:00 X:FF Y:03 P:24 SP:FB
E797  C8        INY  A:00 X:FF Y:03 P:24 SP:FB
E798  D0 FB     BNE  A:00 X:FF Y:04 P:24 SP:FB
E795  91 0E     STA  A:00 X:FF Y:04 P:24 SP:FB
E797  C8        INY  A:00 X:FF Y:04 P:24 SP:FB
E798  D0 FB     BNE  A:00 X:FF Y:05 P:24 SP:FB
E795  91 0E     STA  A:00 X:FF Y:05 P:24 SP:FB
E797  C8        INY  A:00 X:FF Y:05 P:24 SP:FB
E798  D0 FB     BNE  A:00 X:FF Y:06 P:24 SP:FB
E795  91 0E     STA  A:00 X:FF Y:06 P:24 SP:FB
E797  C8        INY  A:00 X:FF Y:06 P:24 SP:FB
E798  D0 FB     BNE  A:00 X:FF Y:07 P:24 SP:FB
E795  91 0E     STA  A:00 X:FF Y:07 P:24 SP:FB
E797  C8        INY  A:00 X:FF Y:07 P:24 SP:FB
E798  D0 FB     BNE  A:00 X:FF Y:08 P:24 SP:FB
E795  91 0E     STA  A:00 X:FF Y:08 P:24 SP:FB
E797  C8        INY  A:00 X:FF Y:08 P:24 SP:FB
E798  D0 FB     BNE  A:00 X:FF Y:09 P:24 SP:FB
E795  91 0E     STA  A:00 X:FF Y:09 P:24 SP:FB
E797  C8        INY  A:00 X:FF Y:09 P:24 SP:FB
E798  D0 FB     BNE  A:00 X:FF Y:0A P:24 SP:FB
E795  91 0E     STA  A:00 X:FF Y:0A P:24 SP:FB
E797  C8        INY  A:00 X:FF Y:0A P:24 SP:FB
E798  D0 FB     BNE  A:00 X:FF Y:0B P:24 SP:FB
E795  91 0E     STA  A:00 X:FF Y:0B P:24 SP:FB
E797  C8        INY  A:00 X:FF Y:0B P:24 SP:FB
E798  D0 FB     BNE  A:00 X:FF Y:0C P:24 SP:FB
E795  91 0E     STA  A:00 X:FF Y:0C P:24 SP:FB
E797  C8        INY  A:00 X:FF Y:0C P:24 SP:FB
E798  D0 FB     BNE  A:00 X:FF Y:0D P:24 SP:FB
E795  91 0E     STA  A:00 X:FF Y:0D P:24 SP:FB
E797  C8        INY  A:00 X:FF Y:0D P:24 SP:FB
E798  D0 FB     BNE  A:00 X:FF Y:0E P:24 SP:FB
E795  91 0E     STA  A:00 X:FF Y:0E P:24 SP:FB
E797  C8        INY  A:00 X:FF Y:0E P:24 SP:FB
E798  D0 FB     BNE  A:00 X:FF Y:0F P:24 SP:FB
E795  91 0E     STA  A:00 X:FF Y:0F P:24 SP:FB
E797  C8        INY  A:00 X:FF Y:0F P:24 SP:FB
E798  D0 FB     BNE  A:00 X:FF Y:10 P:24 SP:FB
E795  91 0E     STA  A:00 X:FF Y:10 P:24 SP:FB
E797  C8        INY  A:00 X:FF Y:10 P:24 SP:FB
E798  D0 FB     BNE  A:00 X:FF Y:11 P:24 SP:FB
E795  91 0E     STA  A:00 X:FF Y:11 P:24 SP:FB
E797  C8        INY  A:00 X:FF Y:11 P:24 SP:FB
E798  D0 FB     BNE  A:00 X:FF Y:12 P:24 SP:FB
E795  91 0E     STA  A:00 X:FF Y:12 P:24 SP:FB
E797  C8        INY  A:00 X:FF Y:12 P:24 SP:FB
E798  D0 FB     BNE  A:00 X:FF Y:13 P:24 SP:FB
E795  91 0E     STA  A:00 X:FF Y:13 P:24 SP:FB
E797  C8        INY  A:00 X:FF Y:13 P:24 SP:FB
E798  D0 FB     BNE  A:00 X:FF Y:14 P:24 SP:FB
E795  91 0E     STA  A:00 X:FF Y:14 P:24 SP:FB
E797  C8        INY  A:00 X:FF Y:14 P:24 SP:FB
E798  D0 FB     BNE  A:00 X:FF Y:15 P:24 SP:FB
E795  91 0E     STA  A:00 X:FF Y:15 P:24 SP:FB
E797  C8        INY  A:00 X:FF Y:15 P:24 SP:FB
E798  D0 FB     BNE  A:00 X:FF Y:16 P:24 SP:FB
E795  91 0E     STA  A:00 X:FF Y:16 P:24 SP:FB
E797  C8        INY  A:00 X:FF Y:16 P:24 SP:FB
E798  D0 FB     BNE  A:00 X:FF Y:17 P:24 SP:FB
E795  91 0E     STA  A:00 X:FF Y:17 P:24 SP:FB
E797  C8        INY  A:00 X:FF Y:17 P:24 SP:FB
E798  D0 FB     BNE  A:00 X:FF Y:18 P:24 SP:FB
E795  91 0E     STA  A:00 X:FF Y:18 P:24 SP:FB
E797  C8        INY  A:00 X:FF Y:18 P:24 SP:FB
E798  D0 FB     BNE  A:00 X:FF Y:19 P:24 SP:FB
E795  91 0E     STA  A:00 X:FF Y:19 P:24 SP:FB
E797  C8        INY  A:00 X:FF Y:19 P:24 SP:FB
E798  D0 FB     BNE  A:00 X:FF Y:1A P:24 SP:FB
E795  91 0E     STA  A:00 X:FF Y:1A P:24 SP:FB
E797  C8        INY  A:00 X:FF Y:1A P:24 SP:FB
E798  D0 FB     BNE  A:00 X:FF Y:1B P:24 SP:FB
E795  91 0E     STA  A:00 X:FF Y:1B P:24 SP:FB
E797  C8        INY  A:00 X:FF Y:1B P:24 SP:FB
E798  D0 FB     BNE  A:00 X:FF Y:1C P:24 SP:FB
E795  91 0E     STA  A:00 X:FF Y:1C P:24 SP:FB
E797  C8        INY  A:00 X:FF Y:1C P:24 SP:FB
E798  D0 FB     BNE  A:00 X:FF Y:1D P:24 SP:FB
E795  91 0E     STA  A:00 X:FF Y:1D P:24 SP:FB
E797  C8        INY  A:00 X:FF Y:1D P:24 SP:FB
E798  D0 FB     BNE  A:00 X:FF Y:1E P:24 SP:FB
E795  91 0E     STA  A:00 X:FF Y:1E P:24 SP:FB
E797  C8        INY  A:00 X:FF Y:1E P:24 SP:FB
E798  D0 FB     BNE  A:00 X:FF Y:1F P:24 SP:FB
E795  91 0E     STA  A:00 X:FF Y:1F P:24 SP:FB
E797  C8        INY  A:00 X:FF Y:1F P:24 SP:FB
E798  D0 FB     BNE  A:00 X:FF Y:20 P:24 SP:FB
E795  91 0E     STA  A:00 X:FF Y:20 P:24 SP:FB
E797  C8        INY  A:00 X:FF Y:20 P:24 SP:FB
E798  D0 FB     BNE  A:00 X:FF Y:21 P:24 SP:FB
E795  91 0E     STA  A:00 X:FF Y:21 P:24 SP:FB
E797  C8        INY  A:00 X:FF Y:21 P:24 SP:FB
E798  D0 FB     BNE  A:00 X:FF Y:22 P:24 SP:FB
E795  91 0E     STA  A:00 X:FF Y:22 P:24 SP:FB
E797  C8        INY  A:00 X:FF Y:22 P:24 SP:FB
E798  D0 FB     BNE  A:00 X:FF Y:23 P:24 SP:FB
E795  91 0E     STA  A:00 X:FF Y:23 P:24 SP:FB
E797  C8        INY  A:00 X:FF Y:23 P:24 SP:FB
E798  D0 FB     BNE  A:00 X:FF Y:24 P:24 SP:FB
E795  91 0E     STA  A:00 X:FF Y:24 P:24 SP:FB
E797  C8        INY  A:00 X:FF Y:24 P:24 SP:FB
E798  D0 FB     BNE  A:00 X:FF Y:25 P:24 SP:FB
E795  91 0E     STA  A:00 X:FF Y:25 P:24 SP:FB
E797  C8        INY  A:00 X:FF Y:25 P:24 SP:FB
E798  D0 FB     BNE  A:00 X:FF Y:26 P:24 SP:FB
E795  91 0E     STA  A:00 X:FF Y:26 P:24 SP:FB
E797  C8        INY  A:00 X:FF Y:26 P:24 SP:FB
E798  D0 FB     BNE  A:00 X:FF Y:27 P:24 SP:FB
E795  91 0E     STA  A:00 X:FF Y:27 P:24 SP:FB
E797  C8        INY  A:00 X:FF Y:27 P:24 SP:FB
E798  D0 FB     BNE  A:00 X:FF Y:28 P:24 SP:FB
E795  91 0E     STA  A:00 X:FF Y:28 P:24 SP:FB
E797  C8        INY  A:00 X:FF Y:28 P:24 SP:FB
E798  D0 FB     BNE  A:00 X:FF Y:29 P:24 SP:FB
E795  91 0E     STA  A:00 X:FF Y:29 P:24 SP:FB
E797  C8        INY  A:00 X:FF Y:29 P:24 SP:FB
E798  D0 FB     BNE  A:00 X:FF Y:2A P:24 SP:FB
E795  91 0E     STA  A:00 X:FF Y:2A P:24 SP:FB
E797  C8        INY  A:00 X:FF Y:2A P:24 SP:FB
E798  D0 FB     BNE  A:00 X:FF Y:2B P:24 SP:FB
E795  91 0E     STA  A:00 X:FF Y:2B P:24 SP:FB
E797  C8        INY  A:00 X:FF Y:2B P:24 SP:FB
E798  D0 FB     BNE  A:00 X:FF Y:2C P:24 SP:FB
E795  91 0E     STA  A:00 X:FF Y:2C P:24 SP:FB
E797  C8        INY  A:00 X:FF Y:2C P:24 SP:FB
E798  D0 FB     BNE  A:00 X:FF Y:2D P:24 SP:FB
E795  91 0E     STA  A:00 X:FF Y:2D P:24 SP:FB
E797  C8        INY  A:00 X:FF Y:2D P:24 SP:FB
E798  D0 FB     BNE  A:00 X:FF Y:2E P:24 SP:FB
E795  91 0E     STA  A:00 X:FF Y:2E P:24 SP:FB
E797  C8        INY  A:00 X:FF Y:2E P:24 SP:FB
E798  D0 FB     BNE  A:00 X:FF Y:2F P:24 SP:FB
E795  91 0E     STA  A:00 X:FF Y:2F P:24 SP:FB
E797  C8        INY  A:00 X:FF Y:2F P:24 SP:FB
E798  D0 FB     BNE  A:00 X:FF Y:30 P:24 SP:FB
E795  91 0E     STA  A:00 X:FF Y:30 P:24 SP:FB
E797  C8        INY  A:00 X:FF Y:30 P:24 SP:FB
E798  D0 FB     BNE  A:00 X:FF Y:31 P:24 SP:FB
E795  91 0E     STA  A:00 X:FF Y:31 P:24 SP:FB
E797  C8        INY  A:00 X:FF Y:31 P:24 SP:FB
E798  D0 FB     BNE  A:00 X:FF Y:32 P:24 SP:FB
E795  91 0E     STA  A:00 X:FF Y:32 P:24 SP:FB
E797  C8        INY  A:00 X:FF Y:32 P:24 SP:FB
E798  D0 FB     BNE  A:00 X:FF Y:33 P:24 SP:FB
E795  91 0E     STA  A:00 X:FF Y:33 P:24 SP:FB
E797  C8        INY  A:00 X:FF Y:33 P:24 SP:FB
E798  D0 FB     BNE  A:00 X:FF Y:34 P:24 SP:FB
E795  91 0E     STA  A:00 X:FF Y:34 P:24 SP:FB
E797  C8        INY  A:00 X:FF Y:34 P:24 SP:FB
E798  D0 FB     BNE  A:00 X:FF Y:35 P:24 SP:FB
E795  91 0E     STA  A:00 X:FF Y:35 P:24 SP:FB
E797  C8        INY  A:00 X:FF Y:35 P:24 SP:FB
E798  D0 FB     BNE  A:00 X:FF Y:36 P:24 SP:FB
E795  91 0E     STA  A:00 X:FF Y:36 P:24 SP:FB
E797  C8        INY  A:00 X:FF Y:36 P:24 SP:FB
E798  D0 FB     BNE  A:00 X:FF Y:37 P:24 SP:FB
E795  91 0E     STA  A:00 X:FF Y:37 P:24 SP:FB
E797  C8        INY  A:00 X:FF Y:37 P:24 SP:FB
E798  D0 FB     BNE  A:00 X:FF Y:38 P:24 SP:FB
E795  91 0E     STA  A:00 X:FF Y:38 P:24 SP:FB
E797  C8        INY  A:00 X:FF Y:38 P:24 SP:FB
E798  D0 FB     BNE  A:00 X:FF Y:39 P:24 SP:FB
E795  91 0E     STA  A:00 X:FF Y:39 P:24 SP:FB
E797  C8        INY  A:00 X:FF Y:39 P:24 SP:FB
E798  D0 FB     BNE  A:00 X:FF Y:3A P:24 SP:FB
E795  91 0E     STA  A:00 X:FF Y:3A P:24 SP:FB
E797  C8        INY  A:00 X:FF Y:3A P:24 SP:FB
E798  D0 FB     BNE  A:00 X:FF Y:3B P:24 SP:FB
E795  91 0E     STA  A:00 X:FF Y:3B P:24 SP:FB
E797  C8        INY  A:00 X:FF Y:3B P:24 SP:FB
E798  D0 FB     BNE  A:00 X:FF Y:3C P:24 SP:FB
E795  91 0E     STA  A:00 X:FF Y:3C P:24 SP:FB
E797  C8        INY  A:00 X:FF Y:3C P:24 SP:FB
E798  D0 FB     BNE  A:00 X:FF Y:3D P:24 SP:FB
E795  91 0E     STA  A:00 X:FF Y:3D P:24 SP:FB
E797  C8        INY  A:00 X:FF Y:3D P:24 SP:FB
E798  D0 FB     BNE  A:00 X:FF Y:3E P:24 SP:FB
E795  91 0E     STA  A:00 X:FF Y:3E P:24 SP:FB
E797  C8        INY  A:00 X:FF Y:3E P:24 SP:FB
E798  D0 FB     BNE  A:00 X:FF Y:3F P:24 SP:FB
E795  91 0E     STA  A:00 X:FF Y:3F P:24 SP:FB
E797  C8        INY  A:00 X:FF Y:3F P:24 SP:FB
E798  D0 FB     BNE  A:00 X:FF Y:40 P:24 SP:FB
E795  91 0E     STA  A:00 X:FF Y:40 P:24 SP:FB
E797  C8        INY  A:00 X:FF Y:40 P:24 SP:FB
E798  D0 FB     BNE  A:00 X:FF Y:41 P:24 SP:FB
E795  91 0E     STA  A:00 X:FF Y:41 P:24 SP:FB
E797  C8        INY  A:00 X:FF Y:41 P:24 SP:FB
E798  D0 FB     BNE  A:00 X:FF Y:42 P:24 SP:FB
E795  91 0E     STA  A:00 X:FF Y:42 P:24 SP:FB
E797  C8        INY  A:00 X:FF Y:42 P:24 SP:FB
E798  D0 FB     BNE  A:00 X:FF Y:43 P:24 SP:FB
E795  91 0E     STA  A:00 X:FF Y:43 P:24 SP:FB
E797  C8        INY  A:00 X:FF Y:43 P:24 SP:FB
E798  D0 FB     BNE  A:00 X:FF Y:44 P:24 SP:FB
E795  91 0E     STA  A:00 X:FF Y:44 P:24 SP:FB
E797  C8        INY  A:00 X:FF Y:44 P:24 SP:FB
E798  D0 FB     BNE  A:00 X:FF Y:45 P:24 SP:FB
E795  91 0E     STA  A:00 X:FF Y:45 P:24 SP:FB
E797  C8        INY  A:00 X:FF Y:45 P:24 SP:FB
E798  D0 FB     BNE  A:00 X:FF Y:46 P:24 SP:FB
E795  91 0E     STA  A:00 X:FF Y:46 P:24 SP:FB
E797  C8        INY  A:00 X:FF Y:46 P:24 SP:FB
E798  D0 FB     BNE  A:00 X:FF Y:47 P:24 SP:FB
E795  91 0E     STA  A:00 X:FF Y:47 P:24 SP:FB
E797  C8        INY  A:00 X:FF Y:47 P:24 SP:FB
E798  D0 FB     BNE  A:00 X:FF Y:48 P:24 SP:FB
E795  91 0E     STA  A:00 X:FF Y:48 P:24 SP:FB
E797  C8        INY  A:00 X:FF Y:48 P:24 SP:FB
E798  D0 FB     BNE  A:00 X:FF Y:49 P:24 SP:FB
E795  91 0E     STA  A:00 X:FF Y:49 P:24 SP:FB
E797  C8        INY  A:00 X:FF Y:49 P:24 SP:FB
E798  D0 FB     BNE  A:00 X:FF Y:4A P:24 SP:FB
E795  91 0E     STA  A:00 X:FF Y:4A P:24 SP:FB
E797  C8        INY  A:00 X:FF Y:4A P:24 SP:FB
E798  D0 FB     BNE  A:00 X:FF Y:4B P:24 SP:FB
E795  91 0E     STA  A:00 X:FF Y:4B P:24 SP:FB
E797  C8        INY  A:00 X:FF Y:4B P:24 SP:FB
E798  D0 FB     BNE  A:00 X:FF Y:4C P:24 SP:FB
E795  91 0E     STA  A:00 X:FF Y:4C P:24 SP:FB
E797  C8        INY  A:00 X:FF Y:4C P:24 SP:FB
E798  D0 FB     BNE  A:00 X:FF Y:4D P:24 SP:FB
E795  91 0E     STA  A:00 X:FF Y:4D P:24 SP:FB
E797  C8        INY  A:00 X:FF Y:4D P:24 SP:FB
E798  D0 FB     BNE  A:00 X:FF Y:4E P:24 SP:FB
E795  91 0E     STA  A:00 X:FF Y:4E P:24 SP:FB
E797  C8        INY  A:00 X:FF Y:4E P:24 SP:FB
E798  D0 FB     BNE  A:00 X:FF Y:4F P:24 SP:FB
E795  91 0E     STA  A:00 X:FF Y:4F P:24 SP:FB
E797  C8        INY  A:00 X:FF Y:4F P:24 SP:FB
E798  D0 FB     BNE  A:00 X:FF Y:50 P:24 SP:FB
E795  91 0E     STA  A:00 X:FF Y:50 P:24 SP:FB
E797  C8        INY  A:00 X:FF Y:50 P:24 SP:FB
E798  D0 FB     BNE  A:00 X:FF Y:51 P:24 SP:FB
E795  91 0E     STA  A:00 X:FF Y:51 P:24 SP:FB
E797  C8        INY  A:00 X:FF Y:51 P:24 SP:FB
E798  D0 FB     BNE  A:00 X:FF Y:52 P:24 SP:FB
E795  91 0E     STA  A:00 X:FF Y:52 P:24 SP:FB
E797  C8        INY  A:00 X:FF Y:52 P:24 SP:FB
E798  D0 FB     BNE  A:00 X:FF Y:53 P:24 SP:FB
E795  91 0E     STA  A:00 X:FF Y:53 P:24 SP:FB
E797  C8        INY  A:00 X:FF Y:53 P:24 SP:FB
E798  D0 FB     BNE  A:00 X:FF Y:54 P:24 SP:FB
E795  91 0E     STA  A:00 X:FF Y:54 P:24 SP:FB
E797  C8        INY  A:00 X:FF Y:54 P:24 SP:FB
E798  D0 FB     BNE  A:00 X:FF Y:55 P:24 SP:FB
E795  91 0E     STA  A:00 X:FF Y:55 P:24 SP:FB
E797  C8        INY  A:00 X:FF Y:55 P:24 SP:FB
E798  D0 FB     BNE  A:00 X:FF Y:56 P:24 SP:FB
E795  91 0E     STA  A:00 X:FF Y:56 P:24 SP:FB
E797  C8        INY  A:00 X:FF Y:56 P:24 SP:FB
E798  D0 FB     BNE  A:00 X:FF Y:57 P:24 SP:FB
E795  91 0E     STA  A:00 X:FF Y:57 P:24 SP:FB
E797  C8        INY  A:00 X:FF Y:57 P:24 SP:FB
E798  D0 FB     BNE  A:00 X:FF Y:58 P:24 SP:FB
E795  91 0E     STA  A:00 X:FF Y:58 P:24 SP:FB
E797  C8        INY  A:00 X:FF Y:58 P:24 SP:FB
E798  D0 FB     BNE  A:00 X:FF Y:59 P:24 SP:FB
E795  91 0E     STA  A:00 X:FF Y:59 P:24 SP:FB
E797  C8        INY  A:00 X:FF Y:59 P:24 SP:FB
E798  D0 FB     BNE  A:00 X:FF Y:5A P:24 SP:FB
E795  91 0E     STA  A:00 X:FF Y:5A P:24 SP:FB
E797  C8        INY  A:00 X:FF Y:5A P:24 SP:FB
E798  D0 FB     BNE  A:00 X:FF Y:5B P:24 SP:FB
E795  91 0E     STA  A:00 X:FF Y:5B P:24 SP:FB
E797  C8        INY  A:00 X:FF Y:5B P:24 SP:FB
E798  D0 FB     BNE  A:00 X:FF Y:5C P:24 SP:FB
E795  91 0E     STA  A:00 X:FF Y:5C P:24 SP:FB
E797  C8        INY  A:00 X:FF Y:5C P:24 SP:FB
E798  D0 FB     BNE  A:00 X:FF Y:5D P:24 SP:FB
E795  91 0E     STA  A:00 X:FF Y:5D P:24 SP:FB
E797  C8        INY  A:00 X:FF Y:5D P:24 SP:FB
E798  D0 FB     BNE  A:00 X:FF Y:5E P:24 SP:FB
E795  91 0E     STA  A:00 X:FF Y:5E P:24 SP:FB
E797  C8        INY  A:00 X:FF Y:5E P:24 SP:FB
E798  D0 FB     BNE  A:00 X:FF Y:5F P:24 SP:FB
E795  91 0E     STA  A:00 X:FF Y:5F P:24 SP:FB
E797  C8        INY  A:00 X:FF Y:5F P:24 SP:FB
E798  D0 FB     BNE  A:00 X:FF Y:60 P:24 SP:FB
E795  91 0E     STA  A:00 X:FF Y:60 P:24 SP:FB
E797  C8        INY  A:00 X:FF Y:60 P:24 SP:FB
E798  D0 FB     BNE  A:00 X:FF Y:61 P:24 SP:FB
E795  91 0E     STA  A:00 X:FF Y:61 P:24 SP:FB
E797  C8        INY  A:00 X:FF Y:61 P:24 SP:FB
E798  D0 FB     BNE  A:00 X:FF Y:62 P:24 SP:FB
E795  91 0E     STA  A:00 X:FF Y:62 P:24 SP:FB
E797  C8        INY  A:00 X:FF Y:62 P:24 SP:FB
E798  D0 FB     BNE  A:00 X:FF Y:63 P:24 SP:FB
E795  91 0E     STA  A:00 X:FF Y:63 P:24 SP:FB
E797  C8        INY  A:00 X:FF Y:63 P:24 SP:FB
E798  D0 FB     BNE  A:00 X:FF Y:64 P:24 SP:FB
E795  91 0E     STA  A:00 X:FF Y:64 P:24 SP:FB
E797  C8        INY  A:00 X:FF Y:64 P:24 SP:FB
E798  D0 FB     BNE  A:00 X:FF Y:65 P:24 SP:FB
E795  91 0E     STA  A:00 X:FF Y:65 P:24 SP:FB
E797  C8        INY  A:00 X:FF Y:65 P:24 SP:FB
E798  D0 FB     BNE  A:00 X:FF Y:66 P:24 SP:FB
E795  91 0E     STA  A:00 X:FF Y:66 P:24 SP:FB
E797  C8        INY  A:00 X:FF Y:66 P:24 SP:FB
E798  D0 FB     BNE  A:00 X:FF Y:67 P:24 SP:FB
E795  91 0E     STA  A:00 X:FF Y:67 P:24 SP:FB
E797  C8        INY  A:00 X:FF Y:67 P:24 SP:FB
E798  D0 FB     BNE  A:00 X:FF Y:68 P:24 SP:FB
E795  91 0E     STA  A:00 X:FF Y:68 P:24 SP:FB
E797  C8        INY  A:00 X:FF Y:68 P:24 SP:FB
E798  D0 FB     BNE  A:00 X:FF Y:69 P:24 SP:FB
E795  91 0E     STA  A:00 X:FF Y:69 P:24 SP:FB
E797  C8        INY  A:00 X:FF Y:69 P:24 SP:FB
E798  D0 FB     BNE  A:00 X:FF Y:6A P:24 SP:FB
E795  91 0E     STA  A:00 X:FF Y:6A P:24 SP:FB
E797  C8        INY  A:00 X:FF Y:6A P:24 SP:FB
E798  D0 FB     BNE  A:00 X:FF Y:6B P:24 SP:FB
E795  91 0E     STA  A:00 X:FF Y:6B P:24 SP:FB
E797  C8        INY  A:00 X:FF Y:6B P:24 SP:FB
E798  D0 FB     BNE  A:00 X:FF Y:6C P:24 SP:FB
E795  91 0E     STA  A:00 X:FF Y:6C P:24 SP:FB
E797  C8        INY  A:00 X:FF Y:6C P:24 SP:FB
E798  D0 FB     BNE  A:00 X:FF Y:6D P:24 SP:FB
E795  91 0E     STA  A:00 X:FF Y:6D P:24 SP:FB
E797  C8        INY  A:00 X:FF Y:6D P:24 SP:FB
E798  D0 FB     BNE  A:00 X:FF Y:6E P:24 SP:FB
E795  91 0E     STA  A:00 X:FF Y:6E P:24 SP:FB
E797  C8        INY  A:00 X:FF Y:6E P:24 SP:FB
E798  D0 FB     BNE  A:00 X:FF Y:6F P:24 SP:FB
E795  91 0E     STA  A:00 X:FF Y:6F P:24 SP:FB
E797  C8        INY  A:00 X:FF Y:6F P:24 SP:FB
E798  D0 FB     BNE  A:00 X:FF Y:70 P:24 SP:FB
E795  91 0E     STA  A:00 X:FF Y:70 P:24 SP:FB
E797  C8        INY  A:00 X:FF Y:70 P:24 SP:FB
E798  D0 FB     BNE  A:00 X:FF Y:71 P:24 SP:FB
E795  91 0E     STA  A:00 X:FF Y:71 P:24 SP:FB
E797  C8        INY  A:00 X:FF Y:71 P:24 SP:FB
E798  D0 FB     BNE  A:00 X:FF Y:72 P:24 SP:FB
E795  91 0E     STA  A:00 X:FF Y:72 P:24 SP:FB
E797  C8        INY  A:00 X:FF Y:72 P:24 SP:FB
E798  D0 FB     BNE  A:00 X:FF Y:73 P:24 SP:FB
E795  91 0E     STA  A:00 X:FF Y:73 P:24 SP:FB
E797  C8        INY  A:00 X:FF Y:73 P:24 SP:FB
E798  D0 FB     BNE  A:00 X:FF Y:74 P:24 SP:FB
E795  91 0E     STA  A:00 X:FF Y:74 P:24 SP:FB
E797  C8        INY  A:00 X:FF Y:74 P:24 SP:FB
E798  D0 FB     BNE  A:00 X:FF Y:75 P:24 SP:FB
E795  91 0E     STA  A:00 X:FF Y:75 P:24 SP:FB
E797  C8        INY  A:00 X:FF Y:75 P:24 SP:FB
E798  D0 FB     BNE  A:00 X:FF Y:76 P:24 SP:FB
E795  91 0E     STA  A:00 X:FF Y:76 P:24 SP:FB
E797  C8        INY  A:00 X:FF Y:76 P:24 SP:FB
E798  D0 FB     BNE  A:00 X:FF Y:77 P:24 SP:FB
E795  91 0E     STA  A:00 X:FF Y:77 P:24 SP:FB
E797  C8        INY  A:00 X:FF Y:77 P:24 SP:FB
E798  D0 FB     BNE  A:00 X:FF Y:78 P:24 SP:FB
E795  91 0E     STA  A:00 X:FF Y:78 P:24 SP:FB
E797  C8        INY  A:00 X:FF Y:78 P:24 SP:FB
E798  D0 FB     BNE  A:00 X:FF Y:79 P:24 SP:FB
E795  91 0E     STA  A:00 X:FF Y:79 P:24 SP:FB
E797  C8        INY  A:00 X:FF Y:79 P:24 SP:FB
E798  D0 FB     BNE  A:00 X:FF Y:7A P:24 SP:FB
E795  91 0E     STA  A:00 X:FF Y:7A P:24 SP:FB
E797  C8        INY  A:00 X:FF Y:7A P:24 SP:FB
E798  D0 FB     BNE  A:00 X:FF Y:7B P:24 SP:FB
E795  91 0E     STA  A:00 X:FF Y:7B P:24 SP:FB
E797  C8        INY  A:00 X:FF Y:7B P:24 SP:FB
E798  D0 FB     BNE  A:00 X:FF Y:7C P:24 SP:FB
E795  91 0E     STA  A:00 X:FF Y:7C P:24 SP:FB
E797  C8        INY  A:00 X:FF Y:7C P:24 SP:FB
E798  D0 FB     BNE  A:00 X:FF Y:7D P:24 SP:FB
E795  91 0E     STA  A:00 X:FF Y:7D P:24 SP:FB
E797  C8        INY  A:00 X:FF Y:7D P:24 SP:FB
E798  D0 FB     BNE  A:00 X:FF Y:7E P:24 SP:FB
E795  91 0E     STA  A:00 X:FF Y:7E P:24 SP:FB
E797  C8        INY  A:00 X:FF Y:7E P:24 SP:FB
E798  D0 FB     BNE  A:00 X:FF Y:7F P:24 SP:FB
E795  91 0E     STA  A:00 X:FF Y:7F P:24 SP:FB
E797  C8        INY  A:00 X:FF Y:7F P:24 SP:FB
E798  D0 FB     BNE  A:00 X:FF Y:80 P:A4 SP:FB
E795  91 0E     STA  A:00 X:FF Y:80 P:A4 SP:FB
E797  C8        INY  A:00 X:FF Y:80 P:A4 SP:FB
E798  D0 FB     BNE  A:00 X:FF Y:81 P:A4 SP:FB
E795  91 0E     STA  A:00 X:FF Y:81 P:A4 SP:FB
E797  C8        INY  A:00 X:FF Y:81 P:A4 SP:FB
E798  D0 FB     BNE  A:00 X:FF Y:82 P:A4 SP:FB
E795  91 0E     STA  A:00 X:FF Y:82 P:A4 SP:FB
E797  C8        INY  A:00 X:FF Y:82 P:A4 SP:FB
E798  D0 FB     BNE  A:00 X:FF Y:83 P:A4 SP:FB
E795  91 0E     STA  A:00 X:FF Y:83 P:A4 SP:FB
E797  C8        INY  A:00 X:FF Y:83 P:A4 SP:FB
E798  D0 FB     BNE  A:00 X:FF Y:84 P:A4 SP:FB
E795  91 0E     STA  A:00 X:FF Y:84 P:A4 SP:FB
E797  C8        INY  A:00 X:FF Y:84 P:A4 SP:FB
E798  D0 FB     BNE  A:00 X:FF Y:85 P:A4 SP:FB
E795  91 0E     STA  A:00 X:FF Y:85 P:A4 SP:FB
E797  C8        INY  A:00 X:FF Y:85 P:A4 SP:FB
E798  D0 FB     BNE  A:00 X:FF Y:86 P:A4 SP:FB
E795  91 0E     STA  A:00 X:FF Y:86 P:A4 SP:FB
E797  C8        INY  A:00 X:FF Y:86 P:A4 SP:FB
E798  D0 FB     BNE  A:00 X:FF Y:87 P:A4 SP:FB
E795  91 0E     STA  A:00 X:FF Y:87 P:A4 SP:FB
E797  C8        INY  A:00 X:FF Y:87 P:A4 SP:FB
E798  D0 FB     BNE  A:00 X:FF Y:88 P:A4 SP:FB
E795  91 0E     STA  A:00 X:FF Y:88 P:A4 SP:FB
E797  C8        INY  A:00 X:FF Y:88 P:A4 SP:FB
E798  D0 FB     BNE  A:00 X:FF Y:89 P:A4 SP:FB
E795  91 0E     STA  A:00 X:FF Y:89 P:A4 SP:FB
E797  C8        INY  A:00 X:FF Y:89 P:A4 SP:FB
E798  D0 FB     BNE  A:00 X:FF Y:8A P:A4 SP:FB
E795  91 0E     STA  A:00 X:FF Y:8A P:A4 SP:FB
E797  C8        INY  A:00 X:FF Y:8A P:A4 SP:FB
E798  D0 FB     BNE  A:00 X:FF Y:8B P:A4 SP:FB
E795  91 0E     STA  A:00 X:FF Y:8B P:A4 SP:FB
E797  C8        INY  A:00 X:FF Y:8B P:A4 SP:FB
E798  D0 FB     BNE  A:00 X:FF Y:8C P:A4 SP:FB
E795  91 0E     STA  A:00 X:FF Y:8C P:A4 SP:FB
E797  C8        INY  A:00 X:FF Y:8C P:A4 SP:FB
E798  D0 FB     BNE  A:00 X:FF Y:8D P:A4 SP:FB
E795  91 0E     STA  A:00 X:FF Y:8D P:A4 SP:FB
E797  C8        INY  A:00 X:FF Y:8D P:A4 SP:FB
E798  D0 FB     BNE  A:00 X:FF Y:8E P:A4 SP:FB
E795  91 0E     STA  A:00 X:FF Y:8E P:A4 SP:FB
E797  C8        INY  A:00 X:FF Y:8E P:A4 SP:FB
E798  D0 FB     BNE  A:00 X:FF Y:8F P:A4 SP:FB
E795  91 0E     STA  A:00 X:FF Y:8F P:A4 SP:FB
E797  C8        INY  A:00 X:FF Y:8F P:A4 SP:FB
E798  D0 FB     BNE  A:00 X:FF Y:90 P:A4 SP:FB
E795  91 0E     STA  A:00 X:FF Y:90 P:A4 SP:FB
E797  C8        INY  A:00 X:FF Y:90 P:A4 SP:FB
E798  D0 FB     BNE  A:00 X:FF Y:91 P:A4 SP:FB
E795  91 0E     STA  A:00 X:FF Y:91 P:A4 SP:FB
E797  C8        INY  A:00 X:FF Y:91 P:A4 SP:FB
E798  D0 FB     BNE  A:00 X:FF Y:92 P:A4 SP:FB
E795  91 0E     STA  A:00 X:FF Y:92 P:A4 SP:FB
E797  C8        INY  A:00 X:FF Y:92 P:A4 SP:FB
E798  D0 FB     BNE  A:00 X:FF Y:93 P:A4 SP:FB
E795  91 0E     STA  A:00 X:FF Y:93 P:A4 SP:FB
E797  C8        INY  A:00 X:FF Y:93 P:A4 SP:FB
E798  D0 FB     BNE  A:00 X:FF Y:94 P:A4 SP:FB
E795  91 0E     STA  A:00 X:FF Y:94 P:A4 SP:FB
E797  C8        INY  A:00 X:FF Y:94 P:A4 SP:FB
E798  D0 FB     BNE  A:00 X:FF Y:95 P:A4 SP:FB
E795  91 0E     STA  A:00 X:FF Y:95 P:A4 SP:FB
E797  C8        INY  A:00 X:FF Y:95 P:A4 SP:FB
E798  D0 FB     BNE  A:00 X:FF Y:96 P:A4 SP:FB
E795  91 0E     STA  A:00 X:FF Y:96 P:A4 SP:FB
E797  C8        INY  A:00 X:FF Y:96 P:A4 SP:FB
E798  D0 FB     BNE  A:00 X:FF Y:97 P:A4 SP:FB
E795  91 0E     STA  A:00 X:FF Y:97 P:A4 SP:FB
E797  C8        INY  A:00 X:FF Y:97 P:A4 SP:FB
E798  D0 FB     BNE  A:00 X:FF Y:98 P:A4 SP:FB
E795  91 0E     STA  A:00 X:FF Y:98 P:A4 SP:FB
E797  C8        INY  A:00 X:FF Y:98 P:A4 SP:FB
E798  D0 FB     BNE  A:00 X:FF Y:99 P:A4 SP:FB
E795  91 0E     STA  A:00 X:FF Y:99 P:A4 SP:FB
E797  C8        INY  A:00 X:FF Y:99 P:A4 SP:FB
E798  D0 FB     BNE  A:00 X:FF Y:9A P:A4 SP:FB
E795  91 0E     STA  A:00 X:FF Y:9A P:A4 SP:FB
E797  C8        INY  A:00 X:FF Y:9A P:A4 SP:FB
E798  D0 FB     BNE  A:00 X:FF Y:9B P:A4 SP:FB
E795  91 0E     STA  A:00 X:FF Y:9B P:A4 SP:FB
E797  C8        INY  A:00 X:FF Y:9B P:A4 SP:FB
E798  D0 FB     BNE  A:00 X:FF Y:9C P:A4 SP:FB
E795  91 0E     STA  A:00 X:FF Y:9C P:A4 SP:FB
E797  C8        INY  A:00 X:FF Y:9C P:A4 SP:FB
E798  D0 FB     BNE  A:00 X:FF Y:9D P:A4 SP:FB
E795  91 0E     STA  A:00 X:FF Y:9D P:A4 SP:FB
E797  C8        INY  A:00 X:FF Y:9D P:A4 SP:FB
E798  D0 FB     BNE  A:00 X:FF Y:9E P:A4 SP:FB
E795  91 0E     STA  A:00 X:FF Y:9E P:A4 SP:FB
E797  C8        INY  A:00 X:FF Y:9E P:A4 SP:FB
E798  D0 FB     BNE  A:00 X:FF Y:9F P:A4 SP:FB
E795  91 0E     STA  A:00 X:FF Y:9F P:A4 SP:FB
E797  C8        INY  A:00 X:FF Y:9F P:A4 SP:FB
E798  D0 FB     BNE  A:00 X:FF Y:A0 P:A4 SP:FB
E795  91 0E     STA  A:00 X:FF Y:A0 P:A4 SP:FB
E797  C8        INY  A:00 X:FF Y:A0 P:A4 SP:FB
E798  D0 FB     BNE  A:00 X:FF Y:A1 P:A4 SP:FB
E795  91 0E     STA  A:00 X:FF Y:A1 P:A4 SP:FB
E797  C8        INY  A:00 X:FF Y:A1 P:A4 SP:FB
E798  D0 FB     BNE  A:00 X:FF Y:A2 P:A4 SP:FB
E795  91 0E     STA  A:00 X:FF Y:A2 P:A4 SP:FB
E797  C8        INY  A:00 X:FF Y:A2 P:A4 SP:FB
E798  D0 FB     BNE  A:00 X:FF Y:A3 P:A4 SP:FB
E795  91 0E     STA  A:00 X:FF Y:A3 P:A4 SP:FB
E797  C8        INY  A:00 X:FF Y:A3 P:A4 SP:FB
E798  D0 FB     BNE  A:00 X:FF Y:A4 P:A4 SP:FB
E795  91 0E     STA  A:00 X:FF Y:A4 P:A4 SP:FB
E797  C8        INY  A:00 X:FF Y:A4 P:A4 SP:FB
E798  D0 FB     BNE  A:00 X:FF Y:A5 P:A4 SP:FB
E795  91 0E     STA  A:00 X:FF Y:A5 P:A4 SP:FB
E797  C8        INY  A:00 X:FF Y:A5 P:A4 SP:FB
E798  D0 FB     BNE  A:00 X:FF Y:A6 P:A4 SP:FB
E795  91 0E     STA  A:00 X:FF Y:A6 P:A4 SP:FB
E797  C8        INY  A:00 X:FF Y:A6 P:A4 SP:FB
E798  D0 FB     BNE  A:00 X:FF Y:A7 P:A4 SP:FB
E795  91 0E     STA  A:00 X:FF Y:A7 P:A4 SP:FB
E797  C8        INY  A:00 X:FF Y:A7 P:A4 SP:FB
E798  D0 FB     BNE  A:00 X:FF Y:A8 P:A4 SP:FB
E795  91 0E     STA  A:00 X:FF Y:A8 P:A4 SP:FB
E797  C8        INY  A:00 X:FF Y:A8 P:A4 SP:FB
E798  D0 FB     BNE  A:00 X:FF Y:A9 P:A4 SP:FB
E795  91 0E     STA  A:00 X:FF Y:A9 P:A4 SP:FB
E797  C8        INY  A:00 X:FF Y:A9 P:A4 SP:FB
E798  D0 FB     BNE  A:00 X:FF Y:AA P:A4 SP:FB
E795  91 0E     STA  A:00 X:FF Y:AA P:A4 SP:FB
E797  C8        INY  A:00 X:FF Y:AA P:A4 SP:FB
E798  D0 FB     BNE  A:00 X:FF Y:AB P:A4 SP:FB
E795  91 0E     STA  A:00 X:FF Y:AB P:A4 SP:FB
E797  C8        INY  A:00 X:FF Y:AB P:A4 SP:FB
E798  D0 FB     BNE  A:00 X:FF Y:AC P:A4 SP:FB
E795  91 0E     STA  A:00 X:FF Y:AC P:A4 SP:FB
E797  C8        INY  A:00 X:FF Y:AC P:A4 SP:FB
E798  D0 FB     BNE  A:00 X:FF Y:AD P:A4 SP:FB
E795  91 0E     STA  A:00 X:FF Y:AD P:A4 SP:FB
E797  C8        INY  A:00 X:FF Y:AD P:A4 SP:FB
E798  D0 FB     BNE  A:00 X:FF Y:AE P:A4 SP:FB
E795  91 0E     STA  A:00 X:FF Y:AE P:A4 SP:FB
E797  C8        INY  A:00 X:FF Y:AE P:A4 SP:FB
E798  D0 FB     BNE  A:00 X:FF Y:AF P:A4 SP:FB
E795  91 0E     STA  A:00 X:FF Y:AF P:A4 SP:FB
E797  C8        INY  A:00 X:FF Y:AF P:A4 SP:FB
E798  D0 FB     BNE  A:00 X:FF Y:B0 P:A4 SP:FB
E795  91 0E     STA  A:00 X:FF Y:B0 P:A4 SP:FB
E797  C8        INY  A:00 X:FF Y:B0 P:A4 SP:FB
E798  D0 FB     BNE  A:00 X:FF Y:B1 P:A4 SP:FB
E795  91 0E     STA  A:00 X:FF Y:B1 P:A4 SP:FB
E797  C8        INY  A:00 X:FF Y:B1 P:A4 SP:FB
E798  D0 FB     BNE  A:00 X:FF Y:B2 P:A4 SP:FB
E795  91 0E     STA  A:00 X:FF Y:B2 P:A4 SP:FB
E797  C8        INY  A:00 X:FF Y:B2 P:A4 SP:FB
E798  D0 FB     BNE  A:00 X:FF Y:B3 P:A4 SP:FB
E795  91 0E     STA  A:00 X:FF Y:B3 P:A4 SP:FB
E797  C8        INY  A:00 X:FF Y:B3 P:A4 SP:FB
E798  D0 FB     BNE  A:00 X:FF Y:B4 P:A4 SP:FB
E795  91 0E     STA  A:00 X:FF Y:B4 P:A4 SP:FB
E797  C8        INY  A:00 X:FF Y:B4 P:A4 SP:FB
E798  D0 FB     BNE  A:00 X:FF Y:B5 P:A4 SP:FB
E795  91 0E     STA  A:00 X:FF Y:B5 P:A4 SP:FB
E797  C8        INY  A:00 X:FF Y:B5 P:A4 SP:FB
E798  D0 FB     BNE  A:00 X:FF Y:B6 P:A4 SP:FB
E795  91 0E     STA  A:00 X:FF Y:B6 P:A4 SP:FB
E797  C8        INY  A:00 X:FF Y:B6 P:A4 SP:FB
E798  D0 FB     BNE  A:00 X:FF Y:B7 P:A4 SP:FB
E795  91 0E     STA  A:00 X:FF Y:B7 P:A4 SP:FB
E797  C8        INY  A:00 X:FF Y:B7 P:A4 SP:FB
E798  D0 FB     BNE  A:00 X:FF Y:B8 P:A4 SP:FB
E795  91 0E     STA  A:00 X:FF Y:B8 P:A4 SP:FB
E797  C8        INY  A:00 X:FF Y:B8 P:A4 SP:FB
E798  D0 FB     BNE  A:00 X:FF Y:B9 P:A4 SP:FB
E795  91 0E     STA  A:00 X:FF Y:B9 P:A4 SP:FB
E797  C8        INY  A:00 X:FF Y:B9 P:A4 SP:FB
E798  D0 FB     BNE  A:00 X:FF Y:BA P:A4 SP:FB
E795  91 0E     STA  A:00 X:FF Y:BA P:A4 SP:FB
E797  C8        INY  A:00 X:FF Y:BA P:A4 SP:FB
E798  D0 FB     BNE  A:00 X:FF Y:BB P:A4 SP:FB
E795  91 0E     STA  A:00 X:FF Y:BB P:A4 SP:FB
E797  C8        INY  A:00 X:FF Y:BB P:A4 SP:FB
E798  D0 FB     BNE  A:00 X:FF Y:BC P:A4 SP:FB
E795  91 0E     STA  A:00 X:FF Y:BC P:A4 SP:FB
E797  C8        INY  A:00 X:FF Y:BC P:A4 SP:FB
E798  D0 FB     BNE  A:00 X:FF Y:BD P:A4 SP:FB
E795  91 0E     STA  A:00 X:FF Y:BD P:A4 SP:FB
E797  C8        INY  A:00 X:FF Y:BD P:A4 SP:FB
E798  D0 FB     BNE  A:00 X:FF Y:BE P:A4 SP:FB
E795  91 0E     STA  A:00 X:FF Y:BE P:A4 SP:FB
E797  C8        INY  A:00 X:FF Y:BE P:A4 SP:FB
E798  D0 FB     BNE  A:00 X:FF Y:BF P:A4 SP:FB
E795  91 0E     STA  A:00 X:FF Y:BF P:A4 SP:FB
E797  C8        INY  A:00 X:FF Y:BF P:A4 SP:FB
E798  D0 FB     BNE  A:00 X:FF Y:C0 P:A4 SP:FB
E795  91 0E     STA  A:00 X:FF Y:C0 P:A4 SP:FB
E797  C8        INY  A:00 X:FF Y:C0 P:A4 SP:FB
E798  D0 FB     BNE  A:00 X:FF Y:C1 P:A4 SP:FB
E795  91 0E     STA  A:00 X:FF Y:C1 P:A4 SP:FB
E797  C8        INY  A:00 X:FF Y:C1 P:A4 SP:FB
E798  D0 FB     BNE  A:00 X:FF Y:C2 P:A4 SP:FB
E795  91 0E     STA  A:00 X:FF Y:C2 P:A4 SP:FB
E797  C8        INY  A:00 X:FF Y:C2 P:A4 SP:FB
E798  D0 FB     BNE  A:00 X:FF Y:C3 P:A4 SP:FB
E795  91 0E     STA  A:00 X:FF Y:C3 P:A4 SP:FB
E797  C8        INY  A:00 X:FF Y:C3 P:A4 SP:FB
E798  D0 FB     BNE  A:00 X:FF Y:C4 P:A4 SP:FB
E795  91 0E     STA  A:00 X:FF Y:C4 P:A4 SP:FB
E797  C8        INY  A:00 X:FF Y:C4 P:A4 SP:FB
E798  D0 FB     BNE  A:00 X:FF Y:C5 P:A4 SP:FB
E795  91 0E     STA  A:00 X:FF Y:C5 P:A4 SP:FB
E797  C8        INY  A:00 X:FF Y:C5 P:A4 SP:FB
E798  D0 FB     BNE  A:00 X:FF Y:C6 P:A4 SP:FB
E795  91 0E     STA  A:00 X:FF Y:C6 P:A4 SP:FB
E797  C8        INY  A:00 X:FF Y:C6 P:A4 SP:FB
E798  D0 FB     BNE  A:00 X:FF Y:C7 P:A4 SP:FB
E795  91 0E     STA  A:00 X:FF Y:C7 P:A4 SP:FB
E797  C8        INY  A:00 X:FF Y:C7 P:A4 SP:FB
E798  D0 FB     BNE  A:00 X:FF Y:C8 P:A4 SP:FB
E795  91 0E     STA  A:00 X:FF Y:C8 P:A4 SP:FB
E797  C8        INY  A:00 X:FF Y:C8 P:A4 SP:FB
E798  D0 FB     BNE  A:00 X:FF Y:C9 P:A4 SP:FB
E795  91 0E     STA  A:00 X:FF Y:C9 P:A4 SP:FB
E797  C8        INY  A:00 X:FF Y:C9 P:A4 SP:FB
E798  D0 FB     BNE  A:00 X:FF Y:CA P:A4 SP:FB
E795  91 0E     STA  A:00 X:FF Y:CA P:A4 SP:FB
E797  C8        INY  A:00 X:FF Y:CA P:A4 SP:FB
E798  D0 FB     BNE  A:00 X:FF Y:CB P:A4 SP:FB
E795  91 0E     STA  A:00 X:FF Y:CB P:A4 SP:FB
E797  C8        INY  A:00 X:FF Y:CB P:A4 SP:FB
E798  D0 FB     BNE  A:00 X:FF Y:CC P:A4 SP:FB
E795  91 0E     STA  A:00 X:FF Y:CC P:A4 SP:FB
E797  C8        INY  A:00 X:FF Y:CC P:A4 SP:FB
E798  D0 FB     BNE  A:00 X:FF Y:CD P:A4 SP:FB
E795  91 0E     STA  A:00 X:FF Y:CD P:A4 SP:FB
E797  C8        INY  A:00 X:FF Y:CD P:A4 SP:FB
E798  D0 FB     BNE  A:00 X:FF Y:CE P:A4 SP:FB
E795  91 0E     STA  A:00 X:FF Y:CE P:A4 SP:FB
E797  C8        INY  A:00 X:FF Y:CE P:A4 SP:FB
E798  D0 FB     BNE  A:00 X:FF Y:CF P:A4 SP:FB
E795  91 0E     STA  A:00 X:FF Y:CF P:A4 SP:FB
E797  C8        INY  A:00 X:FF Y:CF P:A4 SP:FB
E798  D0 FB     BNE  A:00 X:FF Y:D0 P:A4 SP:FB
E795  91 0E     STA  A:00 X:FF Y:D0 P:A4 SP:FB
E797  C8        INY  A:00 X:FF Y:D0 P:A4 SP:FB
E798  D0 FB     BNE  A:00 X:FF Y:D1 P:A4 SP:FB
E795  91 0E     STA  A:00 X:FF Y:D1 P:A4 SP:FB
E797  C8        INY  A:00 X:FF Y:D1 P:A4 SP:FB
E798  D0 FB     BNE  A:00 X:FF Y:D2 P:A4 SP:FB
E795  91 0E     STA  A:00 X:FF Y:D2 P:A4 SP:FB
E797  C8        INY  A:00 X:FF Y:D2 P:A4 SP:FB
E798  D0 FB     BNE  A:00 X:FF Y:D3 P:A4 SP:FB
E795  91 0E     STA  A:00 X:FF Y:D3 P:A4 SP:FB
E797  C8        INY  A:00 X:FF Y:D3 P:A4 SP:FB
E798  D0 FB     BNE  A:00 X:FF Y:D4 P:A4 SP:FB
E795  91 0E     STA  A:00 X:FF Y:D4 P:A4 SP:FB
E797  C8        INY  A:00 X:FF Y:D4 P:A4 SP:FB
E798  D0 FB     BNE  A:00 X:FF Y:D5 P:A4 SP:FB
E795  91 0E     STA  A:00 X:FF Y:D5 P:A4 SP:FB
E797  C8        INY  A:00 X:FF Y:D5 P:A4 SP:FB
E798  D0 FB     BNE  A:00 X:FF Y:D6 P:A4 SP:FB
E795  91 0E     STA  A:00 X:FF Y:D6 P:A4 SP:FB
E797  C8        INY  A:00 X:FF Y:D6 P:A4 SP:FB
E798  D0 FB     BNE  A:00 X:FF Y:D7 P:A4 SP:FB
E795  91 0E     STA  A:00 X:FF Y:D7 P:A4 SP:FB
E797  C8        INY  A:00 X:FF Y:D7 P:A4 SP:FB
E798  D0 FB     BNE  A:00 X:FF Y:D8 P:A4 SP:FB
E795  91 0E     STA  A:00 X:FF Y:D8 P:A4 SP:FB
E797  C8        INY  A:00 X:FF Y:D8 P:A4 SP:FB
E798  D0 FB     BNE  A:00 X:FF Y:D9 P:A4 SP:FB
E795  91 0E     STA  A:00 X:FF Y:D9 P:A4 SP:FB
E797  C8        INY  A:00 X:FF Y:D9 P:A4 SP:FB
E798  D0 FB     BNE  A:00 X:FF Y:DA P:A4 SP:FB
E795  91 0E     STA  A:00 X:FF Y:DA P:A4 SP:FB
E797  C8        INY  A:00 X:FF Y:DA P:A4 SP:FB
E798  D0 FB     BNE  A:00 X:FF Y:DB P:A4 SP:FB
E795  91 0E     STA  A:00 X:FF Y:DB P:A4 SP:FB
E797  C8        INY  A:00 X:FF Y:DB P:A4 SP:FB
E798  D0 FB     BNE  A:00 X:FF Y:DC P:A4 SP:FB
E795  91 0E     STA  A:00 X:FF Y:DC P:A4 SP:FB
E797  C8        INY  A:00 X:FF Y:DC P:A4 SP:FB
E798  D0 FB     BNE  A:00 X:FF Y:DD P:A4 SP:FB
E795  91 0E     STA  A:00 X:FF Y:DD P:A4 SP:FB
E797  C8        INY  A:00 X:FF Y:DD P:A4 SP:FB
E798  D0 FB     BNE  A:00 X:FF Y:DE P:A4 SP:FB
E795  91 0E     STA  A:00 X:FF Y:DE P:A4 SP:FB
E797  C8        INY  A:00 X:FF Y:DE P:A4 SP:FB
E798  D0 FB     BNE  A:00 X:FF Y:DF P:A4 SP:FB
E795  91 0E     STA  A:00 X:FF Y:DF P:A4 SP:FB
E797  C8        INY  A:00 X:FF Y:DF P:A4 SP:FB
E798  D0 FB     BNE  A:00 X:FF Y:E0 P:A4 SP:FB
E795  91 0E     STA  A:00 X:FF Y:E0 P:A4 SP:FB
E797  C8        INY  A:00 X:FF Y:E0 P:A4 SP:FB
E798  D0 FB     BNE  A:00 X:FF Y:E1 P:A4 SP:FB
E795  91 0E     STA  A:00 X:FF Y:E1 P:A4 SP:FB
E797  C8        INY  A:00 X:FF Y:E1 P:A4 SP:FB
E798  D0 FB     BNE  A:00 X:FF Y:E2 P:A4 SP:FB
E795  91 0E     STA  A:00 X:FF Y:E2 P:A4 SP:FB
E797  C8        INY  A:00 X:FF Y:E2 P:A4 SP:FB
E798  D0 FB     BNE  A:00 X:FF Y:E3 P:A4 SP:FB
E795  91 0E     STA  A:00 X:FF Y:E3 P:A4 SP:FB
E797  C8        INY  A:00 X:FF Y:E3 P:A4 SP:FB
E798  D0 FB     BNE  A:00 X:FF Y:E4 P:A4 SP:FB
E795  91 0E     STA  A:00 X:FF Y:E4 P:A4 SP:FB
E797  C8        INY  A:00 X:FF Y:E4 P:A4 SP:FB
E798  D0 FB     BNE  A:00 X:FF Y:E5 P:A4 SP:FB
E795  91 0E     STA  A:00 X:FF Y:E5 P:A4 SP:FB
E797  C8        INY  A:00 X:FF Y:E5 P:A4 SP:FB
E798  D0 FB     BNE  A:00 X:FF Y:E6 P:A4 SP:FB
E795  91 0E     STA  A:00 X:FF Y:E6 P:A4 SP:FB
E797  C8        INY  A:00 X:FF Y:E6 P:A4 SP:FB
E798  D0 FB     BNE  A:00 X:FF Y:E7 P:A4 SP:FB
E795  91 0E     STA  A:00 X:FF Y:E7 P:A4 SP:FB
E797  C8        INY  A:00 X:FF Y:E7 P:A4 SP:FB
E798  D0 FB     BNE  A:00 X:FF Y:E8 P:A4 SP:FB
E795  91 0E     STA  A:00 X:FF Y:E8 P:A4 SP:FB
E797  C8        INY  A:00 X:FF Y:E8 P:A4 SP:FB
E798  D0 FB     BNE  A:00 X:FF Y:E9 P:A4 SP:FB
E795  91 0E     STA  A:00 X:FF Y:E9 P:A4 SP:FB
E797  C8        INY  A:00 X:FF Y:E9 P:A4 SP:FB
E798  D0 FB     BNE  A:00 X:FF Y:EA P:A4 SP:FB
E795  91 0E     STA  A:00 X:FF Y:EA P:A4 SP:FB
E797  C8        INY  A:00 X:FF Y:EA P:A4 SP:FB
E798  D0 FB     BNE  A:00 X:FF Y:EB P:A4 SP:FB
E795  91 0E     STA  A:00 X:FF Y:EB P:A4 SP:FB
E797  C8        INY  A:00 X:FF Y:EB P:A4 SP:FB
E798  D0 FB     BNE  A:00 X:FF Y:EC P:A4 SP:FB
E795  91 0E     STA  A:00 X:FF Y:EC P:A4 SP:FB
E797  C8        INY  A:00 X:FF Y:EC P:A4 SP:FB
E798  D0 FB     BNE  A:00 X:FF Y:ED P:A4 SP:FB
E795  91 0E     STA  A:00 X:FF Y:ED P:A4 SP:FB
E797  C8        INY  A:00 X:FF Y:ED P:A4 SP:FB
E798  D0 FB     BNE  A:00 X:FF Y:EE P:A4 SP:FB
E795  91 0E     STA  A:00 X:FF Y:EE P:A4 SP:FB
E797  C8        INY  A:00 X:FF Y:EE P:A4 SP:FB
E798  D0 FB     BNE  A:00 X:FF Y:EF P:A4 SP:FB
E795  91 0E     STA  A:00 X:FF Y:EF P:A4 SP:FB
E797  C8        INY  A:00 X:FF Y:EF P:A4 SP:FB
E798  D0 FB     BNE  A:00 X:FF Y:F0 P:A4 SP:FB
E795  91 0E     STA  A:00 X:FF Y:F0 P:A4 SP:FB
E797  C8        INY  A:00 X:FF Y:F0 P:A4 SP:FB
E798  D0 FB     BNE  A:00 X:FF Y:F1 P:A4 SP:FB
E795  91 0E     STA  A:00 X:FF Y:F1 P:A4 SP:FB
E797  C8        INY  A:00 X:FF Y:F1 P:A4 SP:FB
E798  D0 FB     BNE  A:00 X:FF Y:F2 P:A4 SP:FB
E795  91 0E     STA  A:00 X:FF Y:F2 P:A4 SP:FB
E797  C8        INY  A:00 X:FF Y:F2 P:A4 SP:FB
E798  D0 FB     BNE  A:00 X:FF Y:F3 P:A4 SP:FB
E795  91 0E     STA  A:00 X:FF Y:F3 P:A4 SP:FB
E797  C8        INY  A:00 X:FF Y:F3 P:A4 SP:FB
E798  D0 FB     BNE  A:00 X:FF Y:F4 P:A4 SP:FB
E795  91 0E     STA  A:00 X:FF Y:F4 P:A4 SP:FB
E797  C8        INY  A:00 X:FF Y:F4 P:A4 SP:FB
E798  D0 FB     BNE  A:00 X:FF Y:F5 P:A4 SP:FB
E795  91 0E     STA  A:00 X:FF Y:F5 P:A4 SP:FB
E797  C8        INY  A:00 X:FF Y:F5 P:A4 SP:FB
E798  D0 FB     BNE  A:00 X:FF Y:F6 P:A4 SP:FB
E795  91 0E     STA  A:00 X:FF Y:F6 P:A4 SP:FB
E797  C8        INY  A:00 X:FF Y:F6 P:A4 SP:FB
E798  D0 FB     BNE  A:00 X:FF Y:F7 P:A4 SP:FB
E795  91 0E     STA  A:00 X:FF Y:F7 P:A4 SP:FB
E797  C8        INY  A:00 X:FF Y:F7 P:A4 SP:FB
E798  D0 FB     BNE  A:00 X:FF Y:F8 P:A4 SP:FB
E795  91 0E     STA  A:00 X:FF Y:F8 P:A4 SP:FB
E797  C8        INY  A:00 X:FF Y:F8 P:A4 SP:FB
E798  D0 FB     BNE  A:00 X:FF Y:F9 P:A4 SP:FB
E795  91 0E     STA  A:00 X:FF Y:F9 P:A4 SP:FB
E797  C8        INY  A:00 X:FF Y:F9 P:A4 SP:FB
E798  D0 FB     BNE  A:00 X:FF Y:FA P:A4 SP:FB
E795  91 0E     STA  A:00 X:FF Y:FA P:A4 SP:FB
E797  C8        INY  A:00 X:FF Y:FA P:A4 SP:FB
E798  D0 FB     BNE  A:00 X:FF Y:FB P:A4 SP:FB
E795  91 0E     STA  A:00 X:FF Y:FB P:A4 SP:FB
E797  C8        INY  A:00 X:FF Y:FB P:A4 SP:FB
E798  D0 FB     BNE  A:00 X:FF Y:FC P:A4 SP:FB
E795  91 0E     STA  A:00 X:FF Y:FC P:A4 SP:FB
E797  C8        INY  A:00 X:FF Y:FC P:A4 SP:FB
E798  D0 FB     BNE  A:00 X:FF Y:FD P:A4 SP:FB
E795  91 0E     STA  A:00 X:FF Y:FD P:A4 SP:FB
E797  C8        INY  A:00 X:FF Y:FD P:A4 SP:FB
E798  D0 FB     BNE  A:00 X:FF Y:FE P:A4 SP:FB
E795  91 0E     STA  A:00 X:FF Y:FE P:A4 SP:FB
E797  C8        INY  A:00 X:FF Y:FE P:A4 SP:FB
E798  D0 FB     BNE  A:00 X:FF Y:FF P:A4 SP:FB
E795  91 0E     STA  A:00 X:FF Y:FF P:A4 SP:FB
E797  C8        INY  A:00 X:FF Y:FF P:A4 SP:FB
E798  D0 FB     BNE  A:00 X:FF Y:00 P:26 SP:FB
E79A  E6 0F     INC  A:00 X:FF Y:00 P:26 SP:FB
E79C  E8        INX  A:00 X:FF Y:00 P:24 SP:FB
E79D  D0 F6     BNE  A:00 X:00 Y:00 P:26 SP:FB
E79F  AA        TAX  A:00 X:00 Y:00 P:26 SP:FB
E7A0  95 00     STA  A:00 X:00 Y:00 P:26 SP:FB
E7A2  E8        INX  A:00 X:00 Y:00 P:26 SP:FB
E7A3  D0 FB     BNE  A:00 X:01 Y:00 P:24 SP:FB
E7A0  95 00     STA  A:00 X:01 Y:00 P:24 SP:FB
E7A2  E8        INX  A:00 X:01 Y:00 P:24 SP:FB
E7A3  D0 FB     BNE  A:00 X:02 Y:00 P:24 SP:FB
E7A0  95 00     STA  A:00 X:02 Y:00 P:24 SP:FB
E7A2  E8        INX  A:00 X:02 Y:00 P:24 SP:FB
E7A3  D0 FB     BNE  A:00 X:03 Y:00 P:24 SP:FB
E7A0  95 00     STA  A:00 X:03 Y:00 P:24 SP:FB
E7A2  E8        INX  A:00 X:03 Y:00 P:24 SP:FB
E7A3  D0 FB     BNE  A:00 X:04 Y:00 P:24 SP:FB
E7A0  95 00     STA  A:00 X:04 Y:00 P:24 SP:FB
E7A2  E8        INX  A:00 X:04 Y:00 P:24 SP:FB
E7A3  D0 FB     BNE  A:00 X:05 Y:00 P:24 SP:FB
E7A0  95 00     STA  A:00 X:05 Y:00 P:24 SP:FB
E7A2  E8        INX  A:00 X:05 Y:00 P:24 SP:FB
E7A3  D0 FB     BNE  A:00 X:06 Y:00 P:24 SP:FB
E7A0  95 00     STA  A:00 X:06 Y:00 P:24 SP:FB
E7A2  E8        INX  A:00 X:06 Y:00 P:24 SP:FB
E7A3  D0 FB     BNE  A:00 X:07 Y:00 P:24 SP:FB
E7A0  95 00     STA  A:00 X:07 Y:00 P:24 SP:FB
E7A2  E8        INX  A:00 X:07 Y:00 P:24 SP:FB
E7A3  D0 FB     BNE  A:00 X:08 Y:00 P:24 SP:FB
E7A0  95 00     STA  A:00 X:08 Y:00 P:24 SP:FB
E7A2  E8        INX  A:00 X:08 Y:00 P:24 SP:FB
E7A3  D0 FB     BNE  A:00 X:09 Y:00 P:24 SP:FB
E7A0  95 00     STA  A:00 X:09 Y:00 P:24 SP:FB
E7A2  E8        INX  A:00 X:09 Y:00 P:24 SP:FB
E7A3  D0 FB     BNE  A:00 X:0A Y:00 P:24 SP:FB
E7A0  95 00     STA  A:00 X:0A Y:00 P:24 SP:FB
E7A2  E8        INX  A:00 X:0A Y:00 P:24 SP:FB
E7A3  D0 FB     BNE  A:00 X:0B Y:00 P:24 SP:FB
E7A0  95 00     STA  A:00 X:0B Y:00 P:24 SP:FB
E7A2  E8        INX  A:00 X:0B Y:00 P:24 SP:FB
E7A3  D0 FB     BNE  A:00 X:0C Y:00 P:24 SP:FB
E7A0  95 00     STA  A:00 X:0C Y:00 P:24 SP:FB
E7A2  E8        INX  A:00 X:0C Y:00 P:24 SP:FB
E7A3  D0 FB     BNE  A:00 X:0D Y:00 P:24 SP:FB
E7A0  95 00     STA  A:00 X:0D Y:00 P:24 SP:FB
E7A2  E8        INX  A:00 X:0D Y:00 P:24 SP:FB
E7A3  D0 FB     BNE  A:00 X:0E Y:00 P:24 SP:FB
E7A0  95 00     STA  A:00 X:0E Y:00 P:24 SP:FB
E7A2  E8        INX  A:00 X:0E Y:00 P:24 SP:FB
E7A3  D0 FB     BNE  A:00 X:0F Y:00 P:24 SP:FB
E7A0  95 00     STA  A:00 X:0F Y:00 P:24 SP:FB
E7A2  E8        INX  A:00 X:0F Y:00 P:24 SP:FB
E7A3  D0 FB     BNE  A:00 X:10 Y:00 P:24 SP:FB
E7A0  95 00     STA  A:00 X:10 Y:00 P:24 SP:FB
E7A2  E8        INX  A:00 X:10 Y:00 P:24 SP:FB
E7A3  D0 FB     BNE  A:00 X:11 Y:00 P:24 SP:FB
E7A0  95 00     STA  A:00 X:11 Y:00 P:24 SP:FB
E7A2  E8        INX  A:00 X:11 Y:00 P:24 SP:FB
E7A3  D0 FB     BNE  A:00 X:12 Y:00 P:24 SP:FB
E7A0  95 00     STA  A:00 X:12 Y:00 P:24 SP:FB
E7A2  E8        INX  A:00 X:12 Y:00 P:24 SP:FB
E7A3  D0 FB     BNE  A:00 X:13 Y:00 P:24 SP:FB
E7A0  95 00     STA  A:00 X:13 Y:00 P:24 SP:FB
E7A2  E8        INX  A:00 X:13 Y:00 P:24 SP:FB
E7A3  D0 FB     BNE  A:00 X:14 Y:00 P:24 SP:FB
E7A0  95 00     STA  A:00 X:14 Y:00 P:24 SP:FB
E7A2  E8        INX  A:00 X:14 Y:00 P:24 SP:FB
E7A3  D0 FB     BNE  A:00 X:15 Y:00 P:24 SP:FB
E7A0  95 00     STA  A:00 X:15 Y:00 P:24 SP:FB
E7A2  E8        INX  A:00 X:15 Y:00 P:24 SP:FB
E7A3  D0 FB     BNE  A:00 X:16 Y:00 P:24 SP:FB
E7A0  95 00     STA  A:00 X:16 Y:00 P:24 SP:FB
E7A2  E8        INX  A:00 X:16 Y:00 P:24 SP:FB
E7A3  D0 FB     BNE  A:00 X:17 Y:00 P:24 SP:FB
E7A0  95 00     STA  A:00 X:17 Y:00 P:24 SP:FB
E7A2  E8        INX  A:00 X:17 Y:00 P:24 SP:FB
E7A3  D0 FB     BNE  A:00 X:18 Y:00 P:24 SP:FB
E7A0  95 00     STA  A:00 X:18 Y:00 P:24 SP:FB
E7A2  E8        INX  A:00 X:18 Y:00 P:24 SP:FB
E7A3  D0 FB     BNE  A:00 X:19 Y:00 P:24 SP:FB
E7A0  95 00     STA  A:00 X:19 Y:00 P:24 SP:FB
E7A2  E8        INX  A:00 X:19 Y:00 P:24 SP:FB
E7A3  D0 FB     BNE  A:00 X:1A Y:00 P:24 SP:FB
E7A0  95 00     STA  A:00 X:1A Y:00 P:24 SP:FB
E7A2  E8        INX  A:00 X:1A Y:00 P:24 SP:FB
E7A3  D0 FB     BNE  A:00 X:1B Y:00 P:24 SP:FB
E7A0  95 00     STA  A:00 X:1B Y:00 P:24 SP:FB
E7A2  E8        INX  A:00 X:1B Y:00 P:24 SP:FB
E7A3  D0 FB     BNE  A:00 X:1C Y:00 P:24 SP:FB
E7A0  95 00     STA  A:00 X:1C Y:00 P:24 SP:FB
E7A2  E8        INX  A:00 X:1C Y:00 P:24 SP:FB
E7A3  D0 FB     BNE  A:00 X:1D Y:00 P:24 SP:FB
E7A0  95 00     STA  A:00 X:1D Y:00 P:24 SP:FB
E7A2  E8        INX  A:00 X:1D Y:00 P:24 SP:FB
E7A3  D0 FB     BNE  A:00 X:1E Y:00 P:24 SP:FB
E7A0  95 00     STA  A:00 X:1E Y:00 P:24 SP:FB
E7A2  E8        INX  A:00 X:1E Y:00 P:24 SP:FB
E7A3  D0 FB     BNE  A:00 X:1F Y:00 P:24 SP:FB
E7A0  95 00     STA  A:00 X:1F Y:00 P:24 SP:FB
E7A2  E8        INX  A:00 X:1F Y:00 P:24 SP:FB
E7A3  D0 FB     BNE  A:00 X:20 Y:00 P:24 SP:FB
E7A0  95 00     STA  A:00 X:20 Y:00 P:24 SP:FB
E7A2  E8        INX  A:00 X:20 Y:00 P:24 SP:FB
E7A3  D0 FB     BNE  A:00 X:21 Y:00 P:24 SP:FB
E7A0  95 00     STA  A:00 X:21 Y:00 P:24 SP:FB
E7A2  E8        INX  A:00 X:21 Y:00 P:24 SP:FB
E7A3  D0 FB     BNE  A:00 X:22 Y:00 P:24 SP:FB
E7A0  95 00     STA  A:00 X:22 Y:00 P:24 SP:FB
E7A2  E8        INX  A:00 X:22 Y:00 P:24 SP:FB
E7A3  D0 FB     BNE  A:00 X:23 Y:00 P:24 SP:FB
E7A0  95 00     STA  A:00 X:23 Y:00 P:24 SP:FB
E7A2  E8        INX  A:00 X:23 Y:00 P:24 SP:FB
E7A3  D0 FB     BNE  A:00 X:24 Y:00 P:24 SP:FB
E7A0  95 00     STA  A:00 X:24 Y:00 P:24 SP:FB
E7A2  E8        INX  A:00 X:24 Y:00 P:24 SP:FB
E7A3  D0 FB     BNE  A:00 X:25 Y:00 P:24 SP:FB
E7A0  95 00     STA  A:00 X:25 Y:00 P:24 SP:FB
E7A2  E8        INX  A:00 X:25 Y:00 P:24 SP:FB
E7A3  D0 FB     BNE  A:00 X:26 Y:00 P:24 SP:FB
E7A0  95 00     STA  A:00 X:26 Y:00 P:24 SP:FB
E7A2  E8        INX  A:00 X:26 Y:00 P:24 SP:FB
E7A3  D0 FB     BNE  A:00 X:27 Y:00 P:24 SP:FB
E7A0  95 00     STA  A:00 X:27 Y:00 P:24 SP:FB
E7A2  E8        INX  A:00 X:27 Y:00 P:24 SP:FB
E7A3  D0 FB     BNE  A:00 X:28 Y:00 P:24 SP:FB
E7A0  95 00     STA  A:00 X:28 Y:00 P:24 SP:FB
E7A2  E8        INX  A:00 X:28 Y:00 P:24 SP:FB
E7A3  D0 FB     BNE  A:00 X:29 Y:00 P:24 SP:FB
E7A0  95 00     STA  A:00 X:29 Y:00 P:24 SP:FB
E7A2  E8        INX  A:00 X:29 Y:00 P:24 SP:FB
E7A3  D0 FB     BNE  A:00 X:2A Y:00 P:24 SP:FB
E7A0  95 00     STA  A:00 X:2A Y:00 P:24 SP:FB
E7A2  E8        INX  A:00 X:2A Y:00 P:24 SP:FB
E7A3  D0 FB     BNE  A:00 X:2B Y:00 P:24 SP:FB
E7A0  95 00     STA  A:00 X:2B Y:00 P:24 SP:FB
E7A2  E8        INX  A:00 X:2B Y:00 P:24 SP:FB
E7A3  D0 FB     BNE  A:00 X:2C Y:00 P:24 SP:FB
E7A0  95 00     STA  A:00 X:2C Y:00 P:24 SP:FB
E7A2  E8        INX  A:00 X:2C Y:00 P:24 SP:FB
E7A3  D0 FB     BNE  A:00 X:2D Y:00 P:24 SP:FB
E7A0  95 00     STA  A:00 X:2D Y:00 P:24 SP:FB
E7A2  E8        INX  A:00 X:2D Y:00 P:24 SP:FB
E7A3  D0 FB     BNE  A:00 X:2E Y:00 P:24 SP:FB
E7A0  95 00     STA  A:00 X:2E Y:00 P:24 SP:FB
E7A2  E8        INX  A:00 X:2E Y:00 P:24 SP:FB
E7A3  D0 FB     BNE  A:00 X:2F Y:00 P:24 SP:FB
E7A0  95 00     STA  A:00 X:2F Y:00 P:24 SP:FB
E7A2  E8        INX  A:00 X:2F Y:00 P:24 SP:FB
E7A3  D0 FB     BNE  A:00 X:30 Y:00 P:24 SP:FB
E7A0  95 00     STA  A:00 X:30 Y:00 P:24 SP:FB
E7A2  E8        INX  A:00 X:30 Y:00 P:24 SP:FB
E7A3  D0 FB     BNE  A:00 X:31 Y:00 P:24 SP:FB
E7A0  95 00     STA  A:00 X:31 Y:00 P:24 SP:FB
E7A2  E8        INX  A:00 X:31 Y:00 P:24 SP:FB
E7A3  D0 FB     BNE  A:00 X:32 Y:00 P:24 SP:FB
E7A0  95 00     STA  A:00 X:32 Y:00 P:24 SP:FB
E7A2  E8        INX  A:00 X:32 Y:00 P:24 SP:FB
E7A3  D0 FB     BNE  A:00 X:33 Y:00 P:24 SP:FB
E7A0  95 00     STA  A:00 X:33 Y:00 P:24 SP:FB
E7A2  E8        INX  A:00 X:33 Y:00 P:24 SP:FB
E7A3  D0 FB     BNE  A:00 X:34 Y:00 P:24 SP:FB
E7A0  95 00     STA  A:00 X:34 Y:00 P:24 SP:FB
E7A2  E8        INX  A:00 X:34 Y:00 P:24 SP:FB
E7A3  D0 FB     BNE  A:00 X:35 Y:00 P:24 SP:FB
E7A0  95 00     STA  A:00 X:35 Y:00 P:24 SP:FB
E7A2  E8        INX  A:00 X:35 Y:00 P:24 SP:FB
E7A3  D0 FB     BNE  A:00 X:36 Y:00 P:24 SP:FB
E7A0  95 00     STA  A:00 X:36 Y:00 P:24 SP:FB
E7A2  E8        INX  A:00 X:36 Y:00 P:24 SP:FB
E7A3  D0 FB     BNE  A:00 X:37 Y:00 P:24 SP:FB
E7A0  95 00     STA  A:00 X:37 Y:00 P:24 SP:FB
E7A2  E8        INX  A:00 X:37 Y:00 P:24 SP:FB
E7A3  D0 FB     BNE  A:00 X:38 Y:00 P:24 SP:FB
E7A0  95 00     STA  A:00 X:38 Y:00 P:24 SP:FB
E7A2  E8        INX  A:00 X:38 Y:00 P:24 SP:FB
E7A3  D0 FB     BNE  A:00 X:39 Y:00 P:24 SP:FB
E7A0  95 00     STA  A:00 X:39 Y:00 P:24 SP:FB
E7A2  E8        INX  A:00 X:39 Y:00 P:24 SP:FB
E7A3  D0 FB     BNE  A:00 X:3A Y:00 P:24 SP:FB
E7A0  95 00     STA  A:00 X:3A Y:00 P:24 SP:FB
E7A2  E8        INX  A:00 X:3A Y:00 P:24 SP:FB
E7A3  D0 FB     BNE  A:00 X:3B Y:00 P:24 SP:FB
E7A0  95 00     STA  A:00 X:3B Y:00 P:24 SP:FB
E7A2  E8        INX  A:00 X:3B Y:00 P:24 SP:FB
E7A3  D0 FB     BNE  A:00 X:3C Y:00 P:24 SP:FB
E7A0  95 00     STA  A:00 X:3C Y:00 P:24 SP:FB
E7A2  E8        INX  A:00 X:3C Y:00 P:24 SP:FB
E7A3  D0 FB     BNE  A:00 X:3D Y:00 P:24 SP:FB
E7A0  95 00     STA  A:00 X:3D Y:00 P:24 SP:FB
E7A2  E8        INX  A:00 X:3D Y:00 P:24 SP:FB
E7A3  D0 FB     BNE  A:00 X:3E Y:00 P:24 SP:FB
E7A0  95 00     STA  A:00 X:3E Y:00 P:24 SP:FB
E7A2  E8        INX  A:00 X:3E Y:00 P:24 SP:FB
E7A3  D0 FB     BNE  A:00 X:3F Y:00 P:24 SP:FB
E7A0  95 00     STA  A:00 X:3F Y:00 P:24 SP:FB
E7A2  E8        INX  A:00 X:3F Y:00 P:24 SP:FB
E7A3  D0 FB     BNE  A:00 X:40 Y:00 P:24 SP:FB
E7A0  95 00     STA  A:00 X:40 Y:00 P:24 SP:FB
E7A2  E8        INX  A:00 X:40 Y:00 P:24 SP:FB
E7A3  D0 FB     BNE  A:00 X:41 Y:00 P:24 SP:FB
E7A0  95 00     STA  A:00 X:41 Y:00 P:24 SP:FB
E7A2  E8        INX  A:00 X:41 Y:00 P:24 SP:FB
E7A3  D0 FB     BNE  A:00 X:42 Y:00 P:24 SP:FB
E7A0  95 00     STA  A:00 X:42 Y:00 P:24 SP:FB
E7A2  E8        INX  A:00 X:42 Y:00 P:24 SP:FB
E7A3  D0 FB     BNE  A:00 X:43 Y:00 P:24 SP:FB
E7A0  95 00     STA  A:00 X:43 Y:00 P:24 SP:FB
E7A2  E8        INX  A:00 X:43 Y:00 P:24 SP:FB
E7A3  D0 FB     BNE  A:00 X:44 Y:00 P:24 SP:FB
E7A0  95 00     STA  A:00 X:44 Y:00 P:24 SP:FB
E7A2  E8        INX  A:00 X:44 Y:00 P:24 SP:FB
E7A3  D0 FB     BNE  A:00 X:45 Y:00 P:24 SP:FB
E7A0  95 00     STA  A:00 X:45 Y:00 P:24 SP:FB
E7A2  E8        INX  A:00 X:45 Y:00 P:24 SP:FB
E7A3  D0 FB     BNE  A:00 X:46 Y:00 P:24 SP:FB
E7A0  95 00     STA  A:00 X:46 Y:00 P:24 SP:FB
E7A2  E8        INX  A:00 X:46 Y:00 P:24 SP:FB
E7A3  D0 FB     BNE  A:00 X:47 Y:00 P:24 SP:FB
E7A0  95 00     STA  A:00 X:47 Y:00 P:24 SP:FB
E7A2  E8        INX  A:00 X:47 Y:00 P:24 SP:FB
E7A3  D0 FB     BNE  A:00 X:48 Y:00 P:24 SP:FB
E7A0  95 00     STA  A:00 X:48 Y:00 P:24 SP:FB
E7A2  E8        INX  A:00 X:48 Y:00 P:24 SP:FB
E7A3  D0 FB     BNE  A:00 X:49 Y:00 P:24 SP:FB
E7A0  95 00     STA  A:00 X:49 Y:00 P:24 SP:FB
E7A2  E8        INX  A:00 X:49 Y:00 P:24 SP:FB
E7A3  D0 FB     BNE  A:00 X:4A Y:00 P:24 SP:FB
E7A0  95 00     STA  A:00 X:4A Y:00 P:24 SP:FB
E7A2  E8        INX  A:00 X:4A Y:00 P:24 SP:FB
E7A3  D0 FB     BNE  A:00 X:4B Y:00 P:24 SP:FB
E7A0  95 00     STA  A:00 X:4B Y:00 P:24 SP:FB
E7A2  E8        INX  A:00 X:4B Y:00 P:24 SP:FB
E7A3  D0 FB     BNE  A:00 X:4C Y:00 P:24 SP:FB
E7A0  95 00     STA  A:00 X:4C Y:00 P:24 SP:FB
E7A2  E8        INX  A:00 X:4C Y:00 P:24 SP:FB
E7A3  D0 FB     BNE  A:00 X:4D Y:00 P:24 SP:FB
E7A0  95 00     STA  A:00 X:4D Y:00 P:24 SP:FB
E7A2  E8        INX  A:00 X:4D Y:00 P:24 SP:FB
E7A3  D0 FB     BNE  A:00 X:4E Y:00 P:24 SP:FB
E7A0  95 00     STA  A:00 X:4E Y:00 P:24 SP:FB
E7A2  E8        INX  A:00 X:4E Y:00 P:24 SP:FB
E7A3  D0 FB     BNE  A:00 X:4F Y:00 P:24 SP:FB
E7A0  95 00     STA  A:00 X:4F Y:00 P:24 SP:FB
E7A2  E8        INX  A:00 X:4F Y:00 P:24 SP:FB
E7A3  D0 FB     BNE  A:00 X:50 Y:00 P:24 SP:FB
E7A0  95 00     STA  A:00 X:50 Y:00 P:24 SP:FB
E7A2  E8        INX  A:00 X:50 Y:00 P:24 SP:FB
E7A3  D0 FB     BNE  A:00 X:51 Y:00 P:24 SP:FB
E7A0  95 00     STA  A:00 X:51 Y:00 P:24 SP:FB
E7A2  E8        INX  A:00 X:51 Y:00 P:24 SP:FB
E7A3  D0 FB     BNE  A:00 X:52 Y:00 P:24 SP:FB
E7A0  95 00     STA  A:00 X:52 Y:00 P:24 SP:FB
E7A2  E8        INX  A:00 X:52 Y:00 P:24 SP:FB
E7A3  D0 FB     BNE  A:00 X:53 Y:00 P:24 SP:FB
E7A0  95 00     STA  A:00 X:53 Y:00 P:24 SP:FB
E7A2  E8        INX  A:00 X:53 Y:00 P:24 SP:FB
E7A3  D0 FB     BNE  A:00 X:54 Y:00 P:24 SP:FB
E7A0  95 00     STA  A:00 X:54 Y:00 P:24 SP:FB
E7A2  E8        INX  A:00 X:54 Y:00 P:24 SP:FB
E7A3  D0 FB     BNE  A:00 X:55 Y:00 P:24 SP:FB
E7A0  95 00     STA  A:00 X:55 Y:00 P:24 SP:FB
E7A2  E8        INX  A:00 X:55 Y:00 P:24 SP:FB
E7A3  D0 FB     BNE  A:00 X:56 Y:00 P:24 SP:FB
E7A0  95 00     STA  A:00 X:56 Y:00 P:24 SP:FB
E7A2  E8        INX  A:00 X:56 Y:00 P:24 SP:FB
E7A3  D0 FB     BNE  A:00 X:57 Y:00 P:24 SP:FB
E7A0  95 00     STA  A:00 X:57 Y:00 P:24 SP:FB
E7A2  E8        INX  A:00 X:57 Y:00 P:24 SP:FB
E7A3  D0 FB     BNE  A:00 X:58 Y:00 P:24 SP:FB
E7A0  95 00     STA  A:00 X:58 Y:00 P:24 SP:FB
E7A2  E8        INX  A:00 X:58 Y:00 P:24 SP:FB
E7A3  D0 FB     BNE  A:00 X:59 Y:00 P:24 SP:FB
E7A0  95 00     STA  A:00 X:59 Y:00 P:24 SP:FB
E7A2  E8        INX  A:00 X:59 Y:00 P:24 SP:FB
E7A3  D0 FB     BNE  A:00 X:5A Y:00 P:24 SP:FB
E7A0  95 00     STA  A:00 X:5A Y:00 P:24 SP:FB
E7A2  E8        INX  A:00 X:5A Y:00 P:24 SP:FB
E7A3  D0 FB     BNE  A:00 X:5B Y:00 P:24 SP:FB
E7A0  95 00     STA  A:00 X:5B Y:00 P:24 SP:FB
E7A2  E8        INX  A:00 X:5B Y:00 P:24 SP:FB
E7A3  D0 FB     BNE  A:00 X:5C Y:00 P:24 SP:FB
E7A0  95 00     STA  A:00 X:5C Y:00 P:24 SP:FB
E7A2  E8        INX  A:00 X:5C Y:00 P:24 SP:FB
E7A3  D0 FB     BNE  A:00 X:5D Y:00 P:24 SP:FB
E7A0  95 00     STA  A:00 X:5D Y:00 P:24 SP:FB
E7A2  E8        INX  A:00 X:5D Y:00 P:24 SP:FB
E7A3  D0 FB     BNE  A:00 X:5E Y:00 P:24 SP:FB
E7A0  95 00     STA  A:00 X:5E Y:00 P:24 SP:FB
E7A2  E8        INX  A:00 X:5E Y:00 P:24 SP:FB
E7A3  D0 FB     BNE  A:00 X:5F Y:00 P:24 SP:FB
E7A0  95 00     STA  A:00 X:5F Y:00 P:24 SP:FB
E7A2  E8        INX  A:00 X:5F Y:00 P:24 SP:FB
E7A3  D0 FB     BNE  A:00 X:60 Y:00 P:24 SP:FB
E7A0  95 00     STA  A:00 X:60 Y:00 P:24 SP:FB
E7A2  E8        INX  A:00 X:60 Y:00 P:24 SP:FB
E7A3  D0 FB     BNE  A:00 X:61 Y:00 P:24 SP:FB
E7A0  95 00     STA  A:00 X:61 Y:00 P:24 SP:FB
E7A2  E8        INX  A:00 X:61 Y:00 P:24 SP:FB
E7A3  D0 FB     BNE  A:00 X:62 Y:00 P:24 SP:FB
E7A0  95 00     STA  A:00 X:62 Y:00 P:24 SP:FB
E7A2  E8        INX  A:00 X:62 Y:00 P:24 SP:FB
E7A3  D0 FB     BNE  A:00 X:63 Y:00 P:24 SP:FB
E7A0  95 00     STA  A:00 X:63 Y:00 P:24 SP:FB
E7A2  E8        INX  A:00 X:63 Y:00 P:24 SP:FB
E7A3  D0 FB     BNE  A:00 X:64 Y:00 P:24 SP:FB
E7A0  95 00     STA  A:00 X:64 Y:00 P:24 SP:FB
E7A2  E8        INX  A:00 X:64 Y:00 P:24 SP:FB
E7A3  D0 FB     BNE  A:00 X:65 Y:00 P:24 SP:FB
E7A0  95 00     STA  A:00 X:65 Y:00 P:24 SP:FB
E7A2  E8        INX  A:00 X:65 Y:00 P:24 SP:FB
E7A3  D0 FB     BNE  A:00 X:66 Y:00 P:24 SP:FB
E7A0  95 00     STA  A:00 X:66 Y:00 P:24 SP:FB
E7A2  E8        INX  A:00 X:66 Y:00 P:24 SP:FB
E7A3  D0 FB     BNE  A:00 X:67 Y:00 P:24 SP:FB
E7A0  95 00     STA  A:00 X:67 Y:00 P:24 SP:FB
E7A2  E8        INX  A:00 X:67 Y:00 P:24 SP:FB
E7A3  D0 FB     BNE  A:00 X:68 Y:00 P:24 SP:FB
E7A0  95 00     STA  A:00 X:68 Y:00 P:24 SP:FB
E7A2  E8        INX  A:00 X:68 Y:00 P:24 SP:FB
E7A3  D0 FB     BNE  A:00 X:69 Y:00 P:24 SP:FB
E7A0  95 00     STA  A:00 X:69 Y:00 P:24 SP:FB
E7A2  E8        INX  A:00 X:69 Y:00 P:24 SP:FB
E7A3  D0 FB     BNE  A:00 X:6A Y:00 P:24 SP:FB
E7A0  95 00     STA  A:00 X:6A Y:00 P:24 SP:FB
E7A2  E8        INX  A:00 X:6A Y:00 P:24 SP:FB
E7A3  D0 FB     BNE  A:00 X:6B Y:00 P:24 SP:FB
E7A0  95 00     STA  A:00 X:6B Y:00 P:24 SP:FB
E7A2  E8        INX  A:00 X:6B Y:00 P:24 SP:FB
E7A3  D0 FB     BNE  A:00 X:6C Y:00 P:24 SP:FB
E7A0  95 00     STA  A:00 X:6C Y:00 P:24 SP:FB
E7A2  E8        INX  A:00 X:6C Y:00 P:24 SP:FB
E7A3  D0 FB     BNE  A:00 X:6D Y:00 P:24 SP:FB
E7A0  95 00     STA  A:00 X:6D Y:00 P:24 SP:FB
E7A2  E8        INX  A:00 X:6D Y:00 P:24 SP:FB
E7A3  D0 FB     BNE  A:00 X:6E Y:00 P:24 SP:FB
E7A0  95 00     STA  A:00 X:6E Y:00 P:24 SP:FB
E7A2  E8        INX  A:00 X:6E Y:00 P:24 SP:FB
E7A3  D0 FB     BNE  A:00 X:6F Y:00 P:24 SP:FB
E7A0  95 00     STA  A:00 X:6F Y:00 P:24 SP:FB
E7A2  E8        INX  A:00 X:6F Y:00 P:24 SP:FB
E7A3  D0 FB     BNE  A:00 X:70 Y:00 P:24 SP:FB
E7A0  95 00     STA  A:00 X:70 Y:00 P:24 SP:FB
E7A2  E8        INX  A:00 X:70 Y:00 P:24 SP:FB
E7A3  D0 FB     BNE  A:00 X:71 Y:00 P:24 SP:FB
E7A0  95 00     STA  A:00 X:71 Y:00 P:24 SP:FB
E7A2  E8        INX  A:00 X:71 Y:00 P:24 SP:FB
E7A3  D0 FB     BNE  A:00 X:72 Y:00 P:24 SP:FB
E7A0  95 00     STA  A:00 X:72 Y:00 P:24 SP:FB
E7A2  E8        INX  A:00 X:72 Y:00 P:24 SP:FB
E7A3  D0 FB     BNE  A:00 X:73 Y:00 P:24 SP:FB
E7A0  95 00     STA  A:00 X:73 Y:00 P:24 SP:FB
E7A2  E8        INX  A:00 X:73 Y:00 P:24 SP:FB
E7A3  D0 FB     BNE  A:00 X:74 Y:00 P:24 SP:FB
E7A0  95 00     STA  A:00 X:74 Y:00 P:24 SP:FB
E7A2  E8        INX  A:00 X:74 Y:00 P:24 SP:FB
E7A3  D0 FB     BNE  A:00 X:75 Y:00 P:24 SP:FB
E7A0  95 00     STA  A:00 X:75 Y:00 P:24 SP:FB
E7A2  E8        INX  A:00 X:75 Y:00 P:24 SP:FB
E7A3  D0 FB     BNE  A:00 X:76 Y:00 P:24 SP:FB
E7A0  95 00     STA  A:00 X:76 Y:00 P:24 SP:FB
E7A2  E8        INX  A:00 X:76 Y:00 P:24 SP:FB
E7A3  D0 FB     BNE  A:00 X:77 Y:00 P:24 SP:FB
E7A0  95 00     STA  A:00 X:77 Y:00 P:24 SP:FB
E7A2  E8        INX  A:00 X:77 Y:00 P:24 SP:FB
E7A3  D0 FB     BNE  A:00 X:78 Y:00 P:24 SP:FB
E7A0  95 00     STA  A:00 X:78 Y:00 P:24 SP:FB
E7A2  E8        INX  A:00 X:78 Y:00 P:24 SP:FB
E7A3  D0 FB     BNE  A:00 X:79 Y:00 P:24 SP:FB
E7A0  95 00     STA  A:00 X:79 Y:00 P:24 SP:FB
E7A2  E8        INX  A:00 X:79 Y:00 P:24 SP:FB
E7A3  D0 FB     BNE  A:00 X:7A Y:00 P:24 SP:FB
E7A0  95 00     STA  A:00 X:7A Y:00 P:24 SP:FB
E7A2  E8        INX  A:00 X:7A Y:00 P:24 SP:FB
E7A3  D0 FB     BNE  A:00 X:7B Y:00 P:24 SP:FB
E7A0  95 00     STA  A:00 X:7B Y:00 P:24 SP:FB
E7A2  E8        INX  A:00 X:7B Y:00 P:24 SP:FB
E7A3  D0 FB     BNE  A:00 X:7C Y:00 P:24 SP:FB
E7A0  95 00     STA  A:00 X:7C Y:00 P:24 SP:FB
E7A2  E8        INX  A:00 X:7C Y:00 P:24 SP:FB
E7A3  D0 FB     BNE  A:00 X:7D Y:00 P:24 SP:FB
E7A0  95 00     STA  A:00 X:7D Y:00 P:24 SP:FB
E7A2  E8        INX  A:00 X:7D Y:00 P:24 SP:FB
E7A3  D0 FB     BNE  A:00 X:7E Y:00 P:24 SP:FB
E7A0  95 00     STA  A:00 X:7E Y:00 P:24 SP:FB
E7A2  E8        INX  A:00 X:7E Y:00 P:24 SP:FB
E7A3  D0 FB     BNE  A:00 X:7F Y:00 P:24 SP:FB
E7A0  95 00     STA  A:00 X:7F Y:00 P:24 SP:FB
E7A2  E8        INX  A:00 X:7F Y:00 P:24 SP:FB
E7A3  D0 FB     BNE  A:00 X:80 Y:00 P:A4 SP:FB
E7A0  95 00     STA  A:00 X:80 Y:00 P:A4 SP:FB
E7A2  E8        INX  A:00 X:80 Y:00 P:A4 SP:FB
E7A3  D0 FB     BNE  A:00 X:81 Y:00 P:A4 SP:FB
E7A0  95 00     STA  A:00 X:81 Y:00 P:A4 SP:FB
E7A2  E8        INX  A:00 X:81 Y:00 P:A4 SP:FB
E7A3  D0 FB     BNE  A:00 X:82 Y:00 P:A4 SP:FB
E7A0  95 00     STA  A:00 X:82 Y:00 P:A4 SP:FB
E7A2  E8        INX  A:00 X:82 Y:00 P:A4 SP:FB
E7A3  D0 FB     BNE  A:00 X:83 Y:00 P:A4 SP:FB
E7A0  95 00     STA  A:00 X:83 Y:00 P:A4 SP:FB
E7A2  E8        INX  A:00 X:83 Y:00 P:A4 SP:FB
E7A3  D0 FB     BNE  A:00 X:84 Y:00 P:A4 SP:FB
E7A0  95 00     STA  A:00 X:84 Y:00 P:A4 SP:FB
E7A2  E8        INX  A:00 X:84 Y:00 P:A4 SP:FB
E7A3  D0 FB     BNE  A:00 X:85 Y:00 P:A4 SP:FB
E7A0  95 00     STA  A:00 X:85 Y:00 P:A4 SP:FB
E7A2  E8        INX  A:00 X:85 Y:00 P:A4 SP:FB
E7A3  D0 FB     BNE  A:00 X:86 Y:00 P:A4 SP:FB
E7A0  95 00     STA  A:00 X:86 Y:00 P:A4 SP:FB
E7A2  E8        INX  A:00 X:86 Y:00 P:A4 SP:FB
E7A3  D0 FB     BNE  A:00 X:87 Y:00 P:A4 SP:FB
E7A0  95 00     STA  A:00 X:87 Y:00 P:A4 SP:FB
E7A2  E8        INX  A:00 X:87 Y:00 P:A4 SP:FB
E7A3  D0 FB     BNE  A:00 X:88 Y:00 P:A4 SP:FB
E7A0  95 00     STA  A:00 X:88 Y:00 P:A4 SP:FB
E7A2  E8        INX  A:00 X:88 Y:00 P:A4 SP:FB
E7A3  D0 FB     BNE  A:00 X:89 Y:00 P:A4 SP:FB
E7A0  95 00     STA  A:00 X:89 Y:00 P:A4 SP:FB
E7A2  E8        INX  A:00 X:89 Y:00 P:A4 SP:FB
E7A3  D0 FB     BNE  A:00 X:8A Y:00 P:A4 SP:FB
E7A0  95 00     STA  A:00 X:8A Y:00 P:A4 SP:FB
E7A2  E8        INX  A:00 X:8A Y:00 P:A4 SP:FB
E7A3  D0 FB     BNE  A:00 X:8B Y:00 P:A4 SP:FB
E7A0  95 00     STA  A:00 X:8B Y:00 P:A4 SP:FB
E7A2  E8        INX  A:00 X:8B Y:00 P:A4 SP:FB
E7A3  D0 FB     BNE  A:00 X:8C Y:00 P:A4 SP:FB
E7A0  95 00     STA  A:00 X:8C Y:00 P:A4 SP:FB
E7A2  E8        INX  A:00 X:8C Y:00 P:A4 SP:FB
E7A3  D0 FB     BNE  A:00 X:8D Y:00 P:A4 SP:FB
E7A0  95 00     STA  A:00 X:8D Y:00 P:A4 SP:FB
E7A2  E8        INX  A:00 X:8D Y:00 P:A4 SP:FB
E7A3  D0 FB     BNE  A:00 X:8E Y:00 P:A4 SP:FB
E7A0  95 00     STA  A:00 X:8E Y:00 P:A4 SP:FB
E7A2  E8        INX  A:00 X:8E Y:00 P:A4 SP:FB
E7A3  D0 FB     BNE  A:00 X:8F Y:00 P:A4 SP:FB
E7A0  95 00     STA  A:00 X:8F Y:00 P:A4 SP:FB
E7A2  E8        INX  A:00 X:8F Y:00 P:A4 SP:FB
E7A3  D0 FB     BNE  A:00 X:90 Y:00 P:A4 SP:FB
E7A0  95 00     STA  A:00 X:90 Y:00 P:A4 SP:FB
E7A2  E8        INX  A:00 X:90 Y:00 P:A4 SP:FB
E7A3  D0 FB     BNE  A:00 X:91 Y:00 P:A4 SP:FB
E7A0  95 00     STA  A:00 X:91 Y:00 P:A4 SP:FB
E7A2  E8        INX  A:00 X:91 Y:00 P:A4 SP:FB
E7A3  D0 FB     BNE  A:00 X:92 Y:00 P:A4 SP:FB
E7A0  95 00     STA  A:00 X:92 Y:00 P:A4 SP:FB
E7A2  E8        INX  A:00 X:92 Y:00 P:A4 SP:FB
E7A3  D0 FB     BNE  A:00 X:93 Y:00 P:A4 SP:FB
E7A0  95 00     STA  A:00 X:93 Y:00 P:A4 SP:FB
E7A2  E8        INX  A:00 X:93 Y:00 P:A4 SP:FB
E7A3  D0 FB     BNE  A:00 X:94 Y:00 P:A4 SP:FB
E7A0  95 00     STA  A:00 X:94 Y:00 P:A4 SP:FB
E7A2  E8        INX  A:00 X:94 Y:00 P:A4 SP:FB
E7A3  D0 FB     BNE  A:00 X:95 Y:00 P:A4 SP:FB
E7A0  95 00     STA  A:00 X:95 Y:00 P:A4 SP:FB
E7A2  E8        INX  A:00 X:95 Y:00 P:A4 SP:FB
E7A3  D0 FB     BNE  A:00 X:96 Y:00 P:A4 SP:FB
E7A0  95 00     STA  A:00 X:96 Y:00 P:A4 SP:FB
E7A2  E8        INX  A:00 X:96 Y:00 P:A4 SP:FB
E7A3  D0 FB     BNE  A:00 X:97 Y:00 P:A4 SP:FB
E7A0  95 00     STA  A:00 X:97 Y:00 P:A4 SP:FB
E7A2  E8        INX  A:00 X:97 Y:00 P:A4 SP:FB
E7A3  D0 FB     BNE  A:00 X:98 Y:00 P:A4 SP:FB
E7A0  95 00     STA  A:00 X:98 Y:00 P:A4 SP:FB
E7A2  E8        INX  A:00 X:98 Y:00 P:A4 SP:FB
E7A3  D0 FB     BNE  A:00 X:99 Y:00 P:A4 SP:FB
E7A0  95 00     STA  A:00 X:99 Y:00 P:A4 SP:FB
E7A2  E8        INX  A:00 X:99 Y:00 P:A4 SP:FB
E7A3  D0 FB     BNE  A:00 X:9A Y:00 P:A4 SP:FB
E7A0  95 00     STA  A:00 X:9A Y:00 P:A4 SP:FB
E7A2  E8        INX  A:00 X:9A Y:00 P:A4 SP:FB
E7A3  D0 FB     BNE  A:00 X:9B Y:00 P:A4 SP:FB
E7A0  95 00     STA  A:00 X:9B Y:00 P:A4 SP:FB
E7A2  E8        INX  A:00 X:9B Y:00 P:A4 SP:FB
E7A3  D0 FB     BNE  A:00 X:9C Y:00 P:A4 SP:FB
E7A0  95 00     STA  A:00 X:9C Y:00 P:A4 SP:FB
E7A2  E8        INX  A:00 X:9C Y:00 P:A4 SP:FB
E7A3  D0 FB     BNE  A:00 X:9D Y:00 P:A4 SP:FB
E7A0  95 00     STA  A:00 X:9D Y:00 P:A4 SP:FB
E7A2  E8        INX  A:00 X:9D Y:00 P:A4 SP:FB
E7A3  D0 FB     BNE  A:00 X:9E Y:00 P:A4 SP:FB
E7A0  95 00     STA  A:00 X:9E Y:00 P:A4 SP:FB
E7A2  E8        INX  A:00 X:9E Y:00 P:A4 SP:FB
E7A3  D0 FB     BNE  A:00 X:9F Y:00 P:A4 SP:FB
E7A0  95 00     STA  A:00 X:9F Y:00 P:A4 SP:FB
E7A2  E8        INX  A:00 X:9F Y:00 P:A4 SP:FB
E7A3  D0 FB     BNE  A:00 X:A0 Y:00 P:A4 SP:FB
E7A0  95 00     STA  A:00 X:A0 Y:00 P:A4 SP:FB
E7A2  E8        INX  A:00 X:A0 Y:00 P:A4 SP:FB
E7A3  D0 FB     BNE  A:00 X:A1 Y:00 P:A4 SP:FB
E7A0  95 00     STA  A:00 X:A1 Y:00 P:A4 SP:FB
E7A2  E8        INX  A:00 X:A1 Y:00 P:A4 SP:FB
E7A3  D0 FB     BNE  A:00 X:A2 Y:00 P:A4 SP:FB
E7A0  95 00     STA  A:00 X:A2 Y:00 P:A4 SP:FB
E7A2  E8        INX  A:00 X:A2 Y:00 P:A4 SP:FB
E7A3  D0 FB     BNE  A:00 X:A3 Y:00 P:A4 SP:FB
E7A0  95 00     STA  A:00 X:A3 Y:00 P:A4 SP:FB
E7A2  E8        INX  A:00 X:A3 Y:00 P:A4 SP:FB
E7A3  D0 FB     BNE  A:00 X:A4 Y:00 P:A4 SP:FB
E7A0  95 00     STA  A:00 X:A4 Y:00 P:A4 SP:FB
E7A2  E8        INX  A:00 X:A4 Y:00 P:A4 SP:FB
E7A3  D0 FB     BNE  A:00 X:A5 Y:00 P:A4 SP:FB
E7A0  95 00     STA  A:00 X:A5 Y:00 P:A4 SP:FB
E7A2  E8        INX  A:00 X:A5 Y:00 P:A4 SP:FB
E7A3  D0 FB     BNE  A:00 X:A6 Y:00 P:A4 SP:FB
E7A0  95 00     STA  A:00 X:A6 Y:00 P:A4 SP:FB
E7A2  E8        INX  A:00 X:A6 Y:00 P:A4 SP:FB
E7A3  D0 FB     BNE  A:00 X:A7 Y:00 P:A4 SP:FB
E7A0  95 00     STA  A:00 X:A7 Y:00 P:A4 SP:FB
E7A2  E8        INX  A:00 X:A7 Y:00 P:A4 SP:FB
E7A3  D0 FB     BNE  A:00 X:A8 Y:00 P:A4 SP:FB
E7A0  95 00     STA  A:00 X:A8 Y:00 P:A4 SP:FB
E7A2  E8        INX  A:00 X:A8 Y:00 P:A4 SP:FB
E7A3  D0 FB     BNE  A:00 X:A9 Y:00 P:A4 SP:FB
E7A0  95 00     STA  A:00 X:A9 Y:00 P:A4 SP:FB
E7A2  E8        INX  A:00 X:A9 Y:00 P:A4 SP:FB
E7A3  D0 FB     BNE  A:00 X:AA Y:00 P:A4 SP:FB
E7A0  95 00     STA  A:00 X:AA Y:00 P:A4 SP:FB
E7A2  E8        INX  A:00 X:AA Y:00 P:A4 SP:FB
E7A3  D0 FB     BNE  A:00 X:AB Y:00 P:A4 SP:FB
E7A0  95 00     STA  A:00 X:AB Y:00 P:A4 SP:FB
E7A2  E8        INX  A:00 X:AB Y:00 P:A4 SP:FB
E7A3  D0 FB     BNE  A:00 X:AC Y:00 P:A4 SP:FB
E7A0  95 00     STA  A:00 X:AC Y:00 P:A4 SP:FB
E7A2  E8        INX  A:00 X:AC Y:00 P:A4 SP:FB
E7A3  D0 FB     BNE  A:00 X:AD Y:00 P:A4 SP:FB
E7A0  95 00     STA  A:00 X:AD Y:00 P:A4 SP:FB
E7A2  E8        INX  A:00 X:AD Y:00 P:A4 SP:FB
E7A3  D0 FB     BNE  A:00 X:AE Y:00 P:A4 SP:FB
E7A0  95 00     STA  A:00 X:AE Y:00 P:A4 SP:FB
E7A2  E8        INX  A:00 X:AE Y:00 P:A4 SP:FB
E7A3  D0 FB     BNE  A:00 X:AF Y:00 P:A4 SP:FB
E7A0  95 00     STA  A:00 X:AF Y:00 P:A4 SP:FB
E7A2  E8        INX  A:00 X:AF Y:00 P:A4 SP:FB
E7A3  D0 FB     BNE  A:00 X:B0 Y:00 P:A4 SP:FB
E7A0  95 00     STA  A:00 X:B0 Y:00 P:A4 SP:FB
E7A2  E8        INX  A:00 X:B0 Y:00 P:A4 SP:FB
E7A3  D0 FB     BNE  A:00 X:B1 Y:00 P:A4 SP:FB
E7A0  95 00     STA  A:00 X:B1 Y:00 P:A4 SP:FB
E7A2  E8        INX  A:00 X:B1 Y:00 P:A4 SP:FB
E7A3  D0 FB     BNE  A:00 X:B2 Y:00 P:A4 SP:FB
E7A0  95 00     STA  A:00 X:B2 Y:00 P:A4 SP:FB
E7A2  E8        INX  A:00 X:B2 Y:00 P:A4 SP:FB
E7A3  D0 FB     BNE  A:00 X:B3 Y:00 P:A4 SP:FB
E7A0  95 00     STA  A:00 X:B3 Y:00 P:A4 SP:FB
E7A2  E8        INX  A:00 X:B3 Y:00 P:A4 SP:FB
E7A3  D0 FB     BNE  A:00 X:B4 Y:00 P:A4 SP:FB
E7A0  95 00     STA  A:00 X:B4 Y:00 P:A4 SP:FB
E7A2  E8        INX  A:00 X:B4 Y:00 P:A4 SP:FB
E7A3  D0 FB     BNE  A:00 X:B5 Y:00 P:A4 SP:FB
E7A0  95 00     STA  A:00 X:B5 Y:00 P:A4 SP:FB
E7A2  E8        INX  A:00 X:B5 Y:00 P:A4 SP:FB
E7A3  D0 FB     BNE  A:00 X:B6 Y:00 P:A4 SP:FB
E7A0  95 00     STA  A:00 X:B6 Y:00 P:A4 SP:FB
E7A2  E8        INX  A:00 X:B6 Y:00 P:A4 SP:FB
E7A3  D0 FB     BNE  A:00 X:B7 Y:00 P:A4 SP:FB
E7A0  95 00     STA  A:00 X:B7 Y:00 P:A4 SP:FB
E7A2  E8        INX  A:00 X:B7 Y:00 P:A4 SP:FB
E7A3  D0 FB     BNE  A:00 X:B8 Y:00 P:A4 SP:FB
E7A0  95 00     STA  A:00 X:B8 Y:00 P:A4 SP:FB
E7A2  E8        INX  A:00 X:B8 Y:00 P:A4 SP:FB
E7A3  D0 FB     BNE  A:00 X:B9 Y:00 P:A4 SP:FB
E7A0  95 00     STA  A:00 X:B9 Y:00 P:A4 SP:FB
E7A2  E8        INX  A:00 X:B9 Y:00 P:A4 SP:FB
E7A3  D0 FB     BNE  A:00 X:BA Y:00 P:A4 SP:FB
E7A0  95 00     STA  A:00 X:BA Y:00 P:A4 SP:FB
E7A2  E8        INX  A:00 X:BA Y:00 P:A4 SP:FB
E7A3  D0 FB     BNE  A:00 X:BB Y:00 P:A4 SP:FB
E7A0  95 00     STA  A:00 X:BB Y:00 P:A4 SP:FB
E7A2  E8        INX  A:00 X:BB Y:00 P:A4 SP:FB
E7A3  D0 FB     BNE  A:00 X:BC Y:00 P:A4 SP:FB
E7A0  95 00     STA  A:00 X:BC Y:00 P:A4 SP:FB
E7A2  E8        INX  A:00 X:BC Y:00 P:A4 SP:FB
E7A3  D0 FB     BNE  A:00 X:BD Y:00 P:A4 SP:FB
E7A0  95 00     STA  A:00 X:BD Y:00 P:A4 SP:FB
E7A2  E8        INX  A:00 X:BD Y:00 P:A4 SP:FB
E7A3  D0 FB     BNE  A:00 X:BE Y:00 P:A4 SP:FB
E7A0  95 00     STA  A:00 X:BE Y:00 P:A4 SP:FB
E7A2  E8        INX  A:00 X:BE Y:00 P:A4 SP:FB
E7A3  D0 FB     BNE  A:00 X:BF Y:00 P:A4 SP:FB
E7A0  95 00     STA  A:00 X:BF Y:00 P:A4 SP:FB
E7A2  E8        INX  A:00 X:BF Y:00 P:A4 SP:FB
E7A3  D0 FB     BNE  A:00 X:C0 Y:00 P:A4 SP:FB
E7A0  95 00     STA  A:00 X:C0 Y:00 P:A4 SP:FB
E7A2  E8        INX  A:00 X:C0 Y:00 P:A4 SP:FB
E7A3  D0 FB     BNE  A:00 X:C1 Y:00 P:A4 SP:FB
E7A0  95 00     STA  A:00 X:C1 Y:00 P:A4 SP:FB
E7A2  E8        INX  A:00 X:C1 Y:00 P:A4 SP:FB
E7A3  D0 FB     BNE  A:00 X:C2 Y:00 P:A4 SP:FB
E7A0  95 00     STA  A:00 X:C2 Y:00 P:A4 SP:FB
E7A2  E8        INX  A:00 X:C2 Y:00 P:A4 SP:FB
E7A3  D0 FB     BNE  A:00 X:C3 Y:00 P:A4 SP:FB
E7A0  95 00     STA  A:00 X:C3 Y:00 P:A4 SP:FB
E7A2  E8        INX  A:00 X:C3 Y:00 P:A4 SP:FB
E7A3  D0 FB     BNE  A:00 X:C4 Y:00 P:A4 SP:FB
E7A0  95 00     STA  A:00 X:C4 Y:00 P:A4 SP:FB
E7A2  E8        INX  A:00 X:C4 Y:00 P:A4 SP:FB
E7A3  D0 FB     BNE  A:00 X:C5 Y:00 P:A4 SP:FB
E7A0  95 00     STA  A:00 X:C5 Y:00 P:A4 SP:FB
E7A2  E8        INX  A:00 X:C5 Y:00 P:A4 SP:FB
E7A3  D0 FB     BNE  A:00 X:C6 Y:00 P:A4 SP:FB
E7A0  95 00     STA  A:00 X:C6 Y:00 P:A4 SP:FB
E7A2  E8        INX  A:00 X:C6 Y:00 P:A4 SP:FB
E7A3  D0 FB     BNE  A:00 X:C7 Y:00 P:A4 SP:FB
E7A0  95 00     STA  A:00 X:C7 Y:00 P:A4 SP:FB
E7A2  E8        INX  A:00 X:C7 Y:00 P:A4 SP:FB
E7A3  D0 FB     BNE  A:00 X:C8 Y:00 P:A4 SP:FB
E7A0  95 00     STA  A:00 X:C8 Y:00 P:A4 SP:FB
E7A2  E8        INX  A:00 X:C8 Y:00 P:A4 SP:FB
E7A3  D0 FB     BNE  A:00 X:C9 Y:00 P:A4 SP:FB
E7A0  95 00     STA  A:00 X:C9 Y:00 P:A4 SP:FB
E7A2  E8        INX  A:00 X:C9 Y:00 P:A4 SP:FB
E7A3  D0 FB     BNE  A:00 X:CA Y:00 P:A4 SP:FB
E7A0  95 00     STA  A:00 X:CA Y:00 P:A4 SP:FB
E7A2  E8        INX  A:00 X:CA Y:00 P:A4 SP:FB
E7A3  D0 FB     BNE  A:00 X:CB Y:00 P:A4 SP:FB
E7A0  95 00     STA  A:00 X:CB Y:00 P:A4 SP:FB
E7A2  E8        INX  A:00 X:CB Y:00 P:A4 SP:FB
E7A3  D0 FB     BNE  A:00 X:CC Y:00 P:A4 SP:FB
E7A0  95 00     STA  A:00 X:CC Y:00 P:A4 SP:FB
E7A2  E8        INX  A:00 X:CC Y:00 P:A4 SP:FB
E7A3  D0 FB     BNE  A:00 X:CD Y:00 P:A4 SP:FB
E7A0  95 00     STA  A:00 X:CD Y:00 P:A4 SP:FB
E7A2  E8        INX  A:00 X:CD Y:00 P:A4 SP:FB
E7A3  D0 FB     BNE  A:00 X:CE Y:00 P:A4 SP:FB
E7A0  95 00     STA  A:00 X:CE Y:00 P:A4 SP:FB
E7A2  E8        INX  A:00 X:CE Y:00 P:A4 SP:FB
E7A3  D0 FB     BNE  A:00 X:CF Y:00 P:A4 SP:FB
E7A0  95 00     STA  A:00 X:CF Y:00 P:A4 SP:FB
E7A2  E8        INX  A:00 X:CF Y:00 P:A4 SP:FB
E7A3  D0 FB     BNE  A:00 X:D0 Y:00 P:A4 SP:FB
E7A0  95 00     STA  A:00 X:D0 Y:00 P:A4 SP:FB
E7A2  E8        INX  A:00 X:D0 Y:00 P:A4 SP:FB
E7A3  D0 FB     BNE  A:00 X:D1 Y:00 P:A4 SP:FB
E7A0  95 00     STA  A:00 X:D1 Y:00 P:A4 SP:FB
E7A2  E8        INX  A:00 X:D1 Y:00 P:A4 SP:FB
E7A3  D0 FB     BNE  A:00 X:D2 Y:00 P:A4 SP:FB
E7A0  95 00     STA  A:00 X:D2 Y:00 P:A4 SP:FB
E7A2  E8        INX  A:00 X:D2 Y:00 P:A4 SP:FB
E7A3  D0 FB     BNE  A:00 X:D3 Y:00 P:A4 SP:FB
E7A0  95 00     STA  A:00 X:D3 Y:00 P:A4 SP:FB
E7A2  E8        INX  A:00 X:D3 Y:00 P:A4 SP:FB
E7A3  D0 FB     BNE  A:00 X:D4 Y:00 P:A4 SP:FB
E7A0  95 00     STA  A:00 X:D4 Y:00 P:A4 SP:FB
E7A2  E8        INX  A:00 X:D4 Y:00 P:A4 SP:FB
E7A3  D0 FB     BNE  A:00 X:D5 Y:00 P:A4 SP:FB
E7A0  95 00     STA  A:00 X:D5 Y:00 P:A4 SP:FB
E7A2  E8        INX  A:00 X:D5 Y:00 P:A4 SP:FB
E7A3  D0 FB     BNE  A:00 X:D6 Y:00 P:A4 SP:FB
E7A0  95 00     STA  A:00 X:D6 Y:00 P:A4 SP:FB
E7A2  E8        INX  A:00 X:D6 Y:00 P:A4 SP:FB
E7A3  D0 FB     BNE  A:00 X:D7 Y:00 P:A4 SP:FB
E7A0  95 00     STA  A:00 X:D7 Y:00 P:A4 SP:FB
E7A2  E8        INX  A:00 X:D7 Y:00 P:A4 SP:FB
E7A3  D0 FB     BNE  A:00 X:D8 Y:00 P:A4 SP:FB
E7A0  95 00     STA  A:00 X:D8 Y:00 P:A4 SP:FB
E7A2  E8        INX  A:00 X:D8 Y:00 P:A4 SP:FB
E7A3  D0 FB     BNE  A:00 X:D9 Y:00 P:A4 SP:FB
E7A0  95 00     STA  A:00 X:D9 Y:00 P:A4 SP:FB
E7A2  E8        INX  A:00 X:D9 Y:00 P:A4 SP:FB
E7A3  D0 FB     BNE  A:00 X:DA Y:00 P:A4 SP:FB
E7A0  95 00     STA  A:00 X:DA Y:00 P:A4 SP:FB
E7A2  E8        INX  A:00 X:DA Y:00 P:A4 SP:FB
E7A3  D0 FB     BNE  A:00 X:DB Y:00 P:A4 SP:FB
E7A0  95 00     STA  A:00 X:DB Y:00 P:A4 SP:FB
E7A2  E8        INX  A:00 X:DB Y:00 P:A4 SP:FB
E7A3  D0 FB     BNE  A:00 X:DC Y:00 P:A4 SP:FB
E7A0  95 00     STA  A:00 X:DC Y:00 P:A4 SP:FB
E7A2  E8        INX  A:00 X:DC Y:00 P:A4 SP:FB
E7A3  D0 FB     BNE  A:00 X:DD Y:00 P:A4 SP:FB
E7A0  95 00     STA  A:00 X:DD Y:00 P:A4 SP:FB
E7A2  E8        INX  A:00 X:DD Y:00 P:A4 SP:FB
E7A3  D0 FB     BNE  A:00 X:DE Y:00 P:A4 SP:FB
E7A0  95 00     STA  A:00 X:DE Y:00 P:A4 SP:FB
E7A2  E8        INX  A:00 X:DE Y:00 P:A4 SP:FB
E7A3  D0 FB     BNE  A:00 X:DF Y:00 P:A4 SP:FB
E7A0  95 00     STA  A:00 X:DF Y:00 P:A4 SP:FB
E7A2  E8        INX  A:00 X:DF Y:00 P:A4 SP:FB
E7A3  D0 FB     BNE  A:00 X:E0 Y:00 P:A4 SP:FB
E7A0  95 00     STA  A:00 X:E0 Y:00 P:A4 SP:FB
E7A2  E8        INX  A:00 X:E0 Y:00 P:A4 SP:FB
E7A3  D0 FB     BNE  A:00 X:E1 Y:00 P:A4 SP:FB
E7A0  95 00     STA  A:00 X:E1 Y:00 P:A4 SP:FB
E7A2  E8        INX  A:00 X:E1 Y:00 P:A4 SP:FB
E7A3  D0 FB     BNE  A:00 X:E2 Y:00 P:A4 SP:FB
E7A0  95 00     STA  A:00 X:E2 Y:00 P:A4 SP:FB
E7A2  E8        INX  A:00 X:E2 Y:00 P:A4 SP:FB
E7A3  D0 FB     BNE  A:00 X:E3 Y:00 P:A4 SP:FB
E7A0  95 00     STA  A:00 X:E3 Y:00 P:A4 SP:FB
E7A2  E8        INX  A:00 X:E3 Y:00 P:A4 SP:FB
E7A3  D0 FB     BNE  A:00 X:E4 Y:00 P:A4 SP:FB
E7A0  95 00     STA  A:00 X:E4 Y:00 P:A4 SP:FB
E7A2  E8        INX  A:00 X:E4 Y:00 P:A4 SP:FB
E7A3  D0 FB     BNE  A:00 X:E5 Y:00 P:A4 SP:FB
E7A0  95 00     STA  A:00 X:E5 Y:00 P:A4 SP:FB
E7A2  E8        INX  A:00 X:E5 Y:00 P:A4 SP:FB
E7A3  D0 FB     BNE  A:00 X:E6 Y:00 P:A4 SP:FB
E7A0  95 00     STA  A:00 X:E6 Y:00 P:A4 SP:FB
E7A2  E8        INX  A:00 X:E6 Y:00 P:A4 SP:FB
E7A3  D0 FB     BNE  A:00 X:E7 Y:00 P:A4 SP:FB
E7A0  95 00     STA  A:00 X:E7 Y:00 P:A4 SP:FB
E7A2  E8        INX  A:00 X:E7 Y:00 P:A4 SP:FB
E7A3  D0 FB     BNE  A:00 X:E8 Y:00 P:A4 SP:FB
E7A0  95 00     STA  A:00 X:E8 Y:00 P:A4 SP:FB
E7A2  E8        INX  A:00 X:E8 Y:00 P:A4 SP:FB
E7A3  D0 FB     BNE  A:00 X:E9 Y:00 P:A4 SP:FB
E7A0  95 00     STA  A:00 X:E9 Y:00 P:A4 SP:FB
E7A2  E8        INX  A:00 X:E9 Y:00 P:A4 SP:FB
E7A3  D0 FB     BNE  A:00 X:EA Y:00 P:A4 SP:FB
E7A0  95 00     STA  A:00 X:EA Y:00 P:A4 SP:FB
E7A2  E8        INX  A:00 X:EA Y:00 P:A4 SP:FB
E7A3  D0 FB     BNE  A:00 X:EB Y:00 P:A4 SP:FB
E7A0  95 00     STA  A:00 X:EB Y:00 P:A4 SP:FB
E7A2  E8        INX  A:00 X:EB Y:00 P:A4 SP:FB
E7A3  D0 FB     BNE  A:00 X:EC Y:00 P:A4 SP:FB
E7A0  95 00     STA  A:00 X:EC Y:00 P:A4 SP:FB
E7A2  E8        INX  A:00 X:EC Y:00 P:A4 SP:FB
E7A3  D0 FB     BNE  A:00 X:ED Y:00 P:A4 SP:FB
E7A0  95 00     STA  A:00 X:ED Y:00 P:A4 SP:FB
E7A2  E8        INX  A:00 X:ED Y:00 P:A4 SP:FB
E7A3  D0 FB     BNE  A:00 X:EE Y:00 P:A4 SP:FB
E7A0  95 00     STA  A:00 X:EE Y:00 P:A4 SP:FB
E7A2  E8        INX  A:00 X:EE Y:00 P:A4 SP:FB
E7A3  D0 FB     BNE  A:00 X:EF Y:00 P:A4 SP:FB
E7A0  95 00     STA  A:00 X:EF Y:00 P:A4 SP:FB
E7A2  E8        INX  A:00 X:EF Y:00 P:A4 SP:FB
E7A3  D0 FB     BNE  A:00 X:F0 Y:00 P:A4 SP:FB
E7A0  95 00     STA  A:00 X:F0 Y:00 P:A4 SP:FB
E7A2  E8        INX  A:00 X:F0 Y:00 P:A4 SP:FB
E7A3  D0 FB     BNE  A:00 X:F1 Y:00 P:A4 SP:FB
E7A0  95 00     STA  A:00 X:F1 Y:00 P:A4 SP:FB
E7A2  E8        INX  A:00 X:F1 Y:00 P:A4 SP:FB
E7A3  D0 FB     BNE  A:00 X:F2 Y:00 P:A4 SP:FB
E7A0  95 00     STA  A:00 X:F2 Y:00 P:A4 SP:FB
E7A2  E8        INX  A:00 X:F2 Y:00 P:A4 SP:FB
E7A3  D0 FB     BNE  A:00 X:F3 Y:00 P:A4 SP:FB
E7A0  95 00     STA  A:00 X:F3 Y:00 P:A4 SP:FB
E7A2  E8        INX  A:00 X:F3 Y:00 P:A4 SP:FB
E7A3  D0 FB     BNE  A:00 X:F4 Y:00 P:A4 SP:FB
E7A0  95 00     STA  A:00 X:F4 Y:00 P:A4 SP:FB
E7A2  E8        INX  A:00 X:F4 Y:00 P:A4 SP:FB
E7A3  D0 FB     BNE  A:00 X:F5 Y:00 P:A4 SP:FB
E7A0  95 00     STA  A:00 X:F5 Y:00 P:A4 SP:FB
E7A2  E8        INX  A:00 X:F5 Y:00 P:A4 SP:FB
E7A3  D0 FB     BNE  A:00 X:F6 Y:00 P:A4 SP:FB
E7A0  95 00     STA  A:00 X:F6 Y:00 P:A4 SP:FB
E7A2  E8        INX  A:00 X:F6 Y:00 P:A4 SP:FB
E7A3  D0 FB     BNE  A:00 X:F7 Y:00 P:A4 SP:FB
E7A0  95 00     STA  A:00 X:F7 Y:00 P:A4 SP:FB
E7A2  E8        INX  A:00 X:F7 Y:00 P:A4 SP:FB
E7A3  D0 FB     BNE  A:00 X:F8 Y:00 P:A4 SP:FB
E7A0  95 00     STA  A:00 X:F8 Y:00 P:A4 SP:FB
E7A2  E8        INX  A:00 X:F8 Y:00 P:A4 SP:FB
E7A3  D0 FB     BNE  A:00 X:F9 Y:00 P:A4 SP:FB
E7A0  95 00     STA  A:00 X:F9 Y:00 P:A4 SP:FB
E7A2  E8        INX  A:00 X:F9 Y:00 P:A4 SP:FB
E7A3  D0 FB     BNE  A:00 X:FA Y:00 P:A4 SP:FB
E7A0  95 00     STA  A:00 X:FA Y:00 P:A4 SP:FB
E7A2  E8        INX  A:00 X:FA Y:00 P:A4 SP:FB
E7A3  D0 FB     BNE  A:00 X:FB Y:00 P:A4 SP:FB
E7A0  95 00     STA  A:00 X:FB Y:00 P:A4 SP:FB
E7A2  E8        INX  A:00 X:FB Y:00 P:A4 SP:FB
E7A3  D0 FB     BNE  A:00 X:FC Y:00 P:A4 SP:FB
E7A0  95 00     STA  A:00 X:FC Y:00 P:A4 SP:FB
E7A2  E8        INX  A:00 X:FC Y:00 P:A4 SP:FB
E7A3  D0 FB     BNE  A:00 X:FD Y:00 P:A4 SP:FB
E7A0  95 00     STA  A:00 X:FD Y:00 P:A4 SP:FB
E7A2  E8        INX  A:00 X:FD Y:00 P:A4 SP:FB
E7A3  D0 FB     BNE  A:00 X:FE Y:00 P:A4 SP:FB
E7A0  95 00     STA  A:00 X:FE Y:00 P:A4 SP:FB
E7A2  E8        INX  A:00 X:FE Y:00 P:A4 SP:FB
E7A3  D0 FB     BNE  A:00 X:FF Y:00 P:A4 SP:FB
E7A0  95 00     STA  A:00 X:FF Y:00 P:A4 SP:FB
E7A2  E8        INX  A:00 X:FF Y:00 P:A4 SP:FB
E7A3  D0 FB     BNE  A:00 X:00 Y:00 P:26 SP:FB
E7A5  BA        TSX  A:00 X:00 Y:00 P:26 SP:FB
E7A6  E8        INX  A:00 X:FB Y:00 P:A4 SP:FB
E7A7  CA        DEX  A:00 X:FC Y:00 P:A4 SP:FB
E7A8  9D 00 01  STA  A:00 X:FB Y:00 P:A4 SP:FB
E7AB  D0 FA     BNE  A:00 X:FB Y:00 P:A4 SP:FB
E7A7  CA        DEX  A:00 X:FB Y:00 P:A4 SP:FB
E7A8  9D 00 01  STA  A:00 X:FA Y:00 P:A4 SP:FB
E7AB  D0 FA     BNE  A:00 X:FA Y:00 P:A4 SP:FB
E7A7  CA        DEX  A:00 X:FA Y:00 P:A4 SP:FB
E7A8  9D 00 01  STA  A:00 X:F9 Y:00 P:A4 SP:FB
E7AB  D0 FA     BNE  A:00 X:F9 Y:00 P:A4 SP:FB
E7A7  CA        DEX  A:00 X:F9 Y:00 P:A4 SP:FB
E7A8  9D 00 01  STA  A:00 X:F8 Y:00 P:A4 SP:FB
E7AB  D0 FA     BNE  A:00 X:F8 Y:00 P:A4 SP:FB
E7A7  CA        DEX  A:00 X:F8 Y:00 P:A4 SP:FB
E7A8  9D 00 01  STA  A:00 X:F7 Y:00 P:A4 SP:FB
E7AB  D0 FA     BNE  A:00 X:F7 Y:00 P:A4 SP:FB
E7A7  CA        DEX  A:00 X:F7 Y:00 P:A4 SP:FB
E7A8  9D 00 01  STA  A:00 X:F6 Y:00 P:A4 SP:FB
E7AB  D0 FA     BNE  A:00 X:F6 Y:00 P:A4 SP:FB
E7A7  CA        DEX  A:00 X:F6 Y:00 P:A4 SP:FB
E7A8  9D 00 01  STA  A:00 X:F5 Y:00 P:A4 SP:FB
E7AB  D0 FA     BNE  A:00 X:F5 Y:00 P:A4 SP:FB
E7A7  CA        DEX  A:00 X:F5 Y:00 P:A4 SP:FB
E7A8  9D 00 01  STA  A:00 X:F4 Y:00 P:A4 SP:FB
E7AB  D0 FA     BNE  A:00 X:F4 Y:00 P:A4 SP:FB
E7A7  CA        DEX  A:00 X:F4 Y:00 P:A4 SP:FB
E7A8  9D 00 01  STA  A:00 X:F3 Y:00 P:A4 SP:FB
E7AB  D0 FA     BNE  A:00 X:F3 Y:00 P:A4 SP:FB
E7A7  CA        DEX  A:00 X:F3 Y:00 P:A4 SP:FB
E7A8  9D 00 01  STA  A:00 X:F2 Y:00 P:A4 SP:FB
E7AB  D0 FA     BNE  A:00 X:F2 Y:00 P:A4 SP:FB
E7A7  CA        DEX  A:00 X:F2 Y:00 P:A4 SP:FB
E7A8  9D 00 01  STA  A:00 X:F1 Y:00 P:A4 SP:FB
E7AB  D0 FA     BNE  A:00 X:F1 Y:00 P:A4 SP:FB
E7A7  CA        DEX  A:00 X:F1 Y:00 P:A4 SP:FB
E7A8  9D 00 01  STA  A:00 X:F0 Y:00 P:A4 SP:FB
E7AB  D0 FA     BNE  A:00 X:F0 Y:00 P:A4 SP:FB
E7A7  CA        DEX  A:00 X:F0 Y:00 P:A4 SP:FB
E7A8  9D 00 01  STA  A:00 X:EF Y:00 P:A4 SP:FB
E7AB  D0 FA     BNE  A:00 X:EF Y:00 P:A4 SP:FB
E7A7  CA        DEX  A:00 X:EF Y:00 P:A4 SP:FB
E7A8  9D 00 01  STA  A:00 X:EE Y:00 P:A4 SP:FB
E7AB  D0 FA     BNE  A:00 X:EE Y:00 P:A4 SP:FB
E7A7  CA        DEX  A:00 X:EE Y:00 P:A4 SP:FB
E7A8  9D 00 01  STA  A:00 X:ED Y:00 P:A4 SP:FB
E7AB  D0 FA     BNE  A:00 X:ED Y:00 P:A4 SP:FB
E7A7  CA        DEX  A:00 X:ED Y:00 P:A4 SP:FB
E7A8  9D 00 01  STA  A:00 X:EC Y:00 P:A4 SP:FB
E7AB  D0 FA     BNE  A:00 X:EC Y:00 P:A4 SP:FB
E7A7  CA        DEX  A:00 X:EC Y:00 P:A4 SP:FB
E7A8  9D 00 01  STA  A:00 X:EB Y:00 P:A4 SP:FB
E7AB  D0 FA     BNE  A:00 X:EB Y:00 P:A4 SP:FB
E7A7  CA        DEX  A:00 X:EB Y:00 P:A4 SP:FB
E7A8  9D 00 01  STA  A:00 X:EA Y:00 P:A4 SP:FB
E7AB  D0 FA     BNE  A:00 X:EA Y:00 P:A4 SP:FB
E7A7  CA        DEX  A:00 X:EA Y:00 P:A4 SP:FB
E7A8  9D 00 01  STA  A:00 X:E9 Y:00 P:A4 SP:FB
E7AB  D0 FA     BNE  A:00 X:E9 Y:00 P:A4 SP:FB
E7A7  CA        DEX  A:00 X:E9 Y:00 P:A4 SP:FB
E7A8  9D 00 01  STA  A:00 X:E8 Y:00 P:A4 SP:FB
E7AB  D0 FA     BNE  A:00 X:E8 Y:00 P:A4 SP:FB
E7A7  CA        DEX  A:00 X:E8 Y:00 P:A4 SP:FB
E7A8  9D 00 01  STA  A:00 X:E7 Y:00 P:A4 SP:FB
E7AB  D0 FA     BNE  A:00 X:E7 Y:00 P:A4 SP:FB
E7A7  CA        DEX  A:00 X:E7 Y:00 P:A4 SP:FB
E7A8  9D 00 01  STA  A:00 X:E6 Y:00 P:A4 SP:FB
E7AB  D0 FA     BNE  A:00 X:E6 Y:00 P:A4 SP:FB
E7A7  CA        DEX  A:00 X:E6 Y:00 P:A4 SP:FB
E7A8  9D 00 01  STA  A:00 X:E5 Y:00 P:A4 SP:FB
E7AB  D0 FA     BNE  A:00 X:E5 Y:00 P:A4 SP:FB
E7A7  CA        DEX  A:00 X:E5 Y:00 P:A4 SP:FB
E7A8  9D 00 01  STA  A:00 X:E4 Y:00 P:A4 SP:FB
E7AB  D0 FA     BNE  A:00 X:E4 Y:00 P:A4 SP:FB
E7A7  CA        DEX  A:00 X:E4 Y:00 P:A4 SP:FB
E7A8  9D 00 01  STA  A:00 X:E3 Y:00 P:A4 SP:FB
E7AB  D0 FA     BNE  A:00 X:E3 Y:00 P:A4 SP:FB
E7A7  CA        DEX  A:00 X:E3 Y:00 P:A4 SP:FB
E7A8  9D 00 01  STA  A:00 X:E2 Y:00 P:A4 SP:FB
E7AB  D0 FA     BNE  A:00 X:E2 Y:00 P:A4 SP:FB
E7A7  CA        DEX  A:00 X:E2 Y:00 P:A4 SP:FB
E7A8  9D 00 01  STA  A:00 X:E1 Y:00 P:A4 SP:FB
E7AB  D0 FA     BNE  A:00 X:E1 Y:00 P:A4 SP:FB
E7A7  CA        DEX  A:00 X:E1 Y:00 P:A4 SP:FB
E7A8  9D 00 01  STA  A:00 X:E0 Y:00 P:A4 SP:FB
E7AB  D0 FA     BNE  A:00 X:E0 Y:00 P:A4 SP:FB
E7A7  CA        DEX  A:00 X:E0 Y:00 P:A4 SP:FB
E7A8  9D 00 01  STA  A:00 X:DF Y:00 P:A4 SP:FB
E7AB  D0 FA     BNE  A:00 X:DF Y:00 P:A4 SP:FB
E7A7  CA        DEX  A:00 X:DF Y:00 P:A4 SP:FB
E7A8  9D 00 01  STA  A:00 X:DE Y:00 P:A4 SP:FB
E7AB  D0 FA     BNE  A:00 X:DE Y:00 P:A4 SP:FB
E7A7  CA        DEX  A:00 X:DE Y:00 P:A4 SP:FB
E7A8  9D 00 01  STA  A:00 X:DD Y:00 P:A4 SP:FB
E7AB  D0 FA     BNE  A:00 X:DD Y:00 P:A4 SP:FB
E7A7  CA        DEX  A:00 X:DD Y:00 P:A4 SP:FB
E7A8  9D 00 01  STA  A:00 X:DC Y:00 P:A4 SP:FB
E7AB  D0 FA     BNE  A:00 X:DC Y:00 P:A4 SP:FB
E7A7  CA        DEX  A:00 X:DC Y:00 P:A4 SP:FB
E7A8  9D 00 01  STA  A:00 X:DB Y:00 P:A4 SP:FB
E7AB  D0 FA     BNE  A:00 X:DB Y:00 P:A4 SP:FB
E7A7  CA        DEX  A:00 X:DB Y:00 P:A4 SP:FB
E7A8  9D 00 01  STA  A:00 X:DA Y:00 P:A4 SP:FB
E7AB  D0 FA     BNE  A:00 X:DA Y:00 P:A4 SP:FB
E7A7  CA        DEX  A:00 X:DA Y:00 P:A4 SP:FB
E7A8  9D 00 01  STA  A:00 X:D9 Y:00 P:A4 SP:FB
E7AB  D0 FA     BNE  A:00 X:D9 Y:00 P:A4 SP:FB
E7A7  CA        DEX  A:00 X:D9 Y:00 P:A4 SP:FB
E7A8  9D 00 01  STA  A:00 X:D8 Y:00 P:A4 SP:FB
E7AB  D0 FA     BNE  A:00 X:D8 Y:00 P:A4 SP:FB
E7A7  CA        DEX  A:00 X:D8 Y:00 P:A4 SP:FB
E7A8  9D 00 01  STA  A:00 X:D7 Y:00 P:A4 SP:FB
E7AB  D0 FA     BNE  A:00 X:D7 Y:00 P:A4 SP:FB
E7A7  CA        DEX  A:00 X:D7 Y:00 P:A4 SP:FB
E7A8  9D 00 01  STA  A:00 X:D6 Y:00 P:A4 SP:FB
E7AB  D0 FA     BNE  A:00 X:D6 Y:00 P:A4 SP:FB
E7A7  CA        DEX  A:00 X:D6 Y:00 P:A4 SP:FB
E7A8  9D 00 01  STA  A:00 X:D5 Y:00 P:A4 SP:FB
E7AB  D0 FA     BNE  A:00 X:D5 Y:00 P:A4 SP:FB
E7A7  CA        DEX  A:00 X:D5 Y:00 P:A4 SP:FB
E7A8  9D 00 01  STA  A:00 X:D4 Y:00 P:A4 SP:FB
E7AB  D0 FA     BNE  A:00 X:D4 Y:00 P:A4 SP:FB
E7A7  CA        DEX  A:00 X:D4 Y:00 P:A4 SP:FB
E7A8  9D 00 01  STA  A:00 X:D3 Y:00 P:A4 SP:FB
E7AB  D0 FA     BNE  A:00 X:D3 Y:00 P:A4 SP:FB
E7A7  CA        DEX  A:00 X:D3 Y:00 P:A4 SP:FB
E7A8  9D 00 01  STA  A:00 X:D2 Y:00 P:A4 SP:FB
E7AB  D0 FA     BNE  A:00 X:D2 Y:00 P:A4 SP:FB
E7A7  CA        DEX  A:00 X:D2 Y:00 P:A4 SP:FB
E7A8  9D 00 01  STA  A:00 X:D1 Y:00 P:A4 SP:FB
E7AB  D0 FA     BNE  A:00 X:D1 Y:00 P:A4 SP:FB
E7A7  CA        DEX  A:00 X:D1 Y:00 P:A4 SP:FB
E7A8  9D 00 01  STA  A:00 X:D0 Y:00 P:A4 SP:FB
E7AB  D0 FA     BNE  A:00 X:D0 Y:00 P:A4 SP:FB
E7A7  CA        DEX  A:00 X:D0 Y:00 P:A4 SP:FB
E7A8  9D 00 01  STA  A:00 X:CF Y:00 P:A4 SP:FB
E7AB  D0 FA     BNE  A:00 X:CF Y:00 P:A4 SP:FB
E7A7  CA        DEX  A:00 X:CF Y:00 P:A4 SP:FB
E7A8  9D 00 01  STA  A:00 X:CE Y:00 P:A4 SP:FB
E7AB  D0 FA     BNE  A:00 X:CE Y:00 P:A4 SP:FB
E7A7  CA        DEX  A:00 X:CE Y:00 P:A4 SP:FB
E7A8  9D 00 01  STA  A:00 X:CD Y:00 P:A4 SP:FB
E7AB  D0 FA     BNE  A:00 X:CD Y:00 P:A4 SP:FB
E7A7  CA        DEX  A:00 X:CD Y:00 P:A4 SP:FB
E7A8  9D 00 01  STA  A:00 X:CC Y:00 P:A4 SP:FB
E7AB  D0 FA     BNE  A:00 X:CC Y:00 P:A4 SP:FB
E7A7  CA        DEX  A:00 X:CC Y:00 P:A4 SP:FB
E7A8  9D 00 01  STA  A:00 X:CB Y:00 P:A4 SP:FB
E7AB  D0 FA     BNE  A:00 X:CB Y:00 P:A4 SP:FB
E7A7  CA        DEX  A:00 X:CB Y:00 P:A4 SP:FB
E7A8  9D 00 01  STA  A:00 X:CA Y:00 P:A4 SP:FB
E7AB  D0 FA     BNE  A:00 X:CA Y:00 P:A4 SP:FB
E7A7  CA        DEX  A:00 X:CA Y:00 P:A4 SP:FB
E7A8  9D 00 01  STA  A:00 X:C9 Y:00 P:A4 SP:FB
E7AB  D0 FA     BNE  A:00 X:C9 Y:00 P:A4 SP:FB
E7A7  CA        DEX  A:00 X:C9 Y:00 P:A4 SP:FB
E7A8  9D 00 01  STA  A:00 X:C8 Y:00 P:A4 SP:FB
E7AB  D0 FA     BNE  A:00 X:C8 Y:00 P:A4 SP:FB
E7A7  CA        DEX  A:00 X:C8 Y:00 P:A4 SP:FB
E7A8  9D 00 01  STA  A:00 X:C7 Y:00 P:A4 SP:FB
E7AB  D0 FA     BNE  A:00 X:C7 Y:00 P:A4 SP:FB
E7A7  CA        DEX  A:00 X:C7 Y:00 P:A4 SP:FB
E7A8  9D 00 01  STA  A:00 X:C6 Y:00 P:A4 SP:FB
E7AB  D0 FA     BNE  A:00 X:C6 Y:00 P:A4 SP:FB
E7A7  CA        DEX  A:00 X:C6 Y:00 P:A4 SP:FB
E7A8  9D 00 01  STA  A:00 X:C5 Y:00 P:A4 SP:FB
E7AB  D0 FA     BNE  A:00 X:C5 Y:00 P:A4 SP:FB
E7A7  CA        DEX  A:00 X:C5 Y:00 P:A4 SP:FB
E7A8  9D 00 01  STA  A:00 X:C4 Y:00 P:A4 SP:FB
E7AB  D0 FA     BNE  A:00 X:C4 Y:00 P:A4 SP:FB
E7A7  CA        DEX  A:00 X:C4 Y:00 P:A4 SP:FB
E7A8  9D 00 01  STA  A:00 X:C3 Y:00 P:A4 SP:FB
E7AB  D0 FA     BNE  A:00 X:C3 Y:00 P:A4 SP:FB
E7A7  CA        DEX  A:00 X:C3 Y:00 P:A4 SP:FB
E7A8  9D 00 01  STA  A:00 X:C2 Y:00 P:A4 SP:FB
E7AB  D0 FA     BNE  A:00 X:C2 Y:00 P:A4 SP:FB
E7A7  CA        DEX  A:00 X:C2 Y:00 P:A4 SP:FB
E7A8  9D 00 01  STA  A:00 X:C1 Y:00 P:A4 SP:FB
E7AB  D0 FA     BNE  A:00 X:C1 Y:00 P:A4 SP:FB
E7A7  CA        DEX  A:00 X:C1 Y:00 P:A4 SP:FB
E7A8  9D 00 01  STA  A:00 X:C0 Y:00 P:A4 SP:FB
E7AB  D0 FA     BNE  A:00 X:C0 Y:00 P:A4 SP:FB
E7A7  CA        DEX  A:00 X:C0 Y:00 P:A4 SP:FB
E7A8  9D 00 01  STA  A:00 X:BF Y:00 P:A4 SP:FB
E7AB  D0 FA     BNE  A:00 X:BF Y:00 P:A4 SP:FB
E7A7  CA        DEX  A:00 X:BF Y:00 P:A4 SP:FB
E7A8  9D 00 01  STA  A:00 X:BE Y:00 P:A4 SP:FB
E7AB  D0 FA     BNE  A:00 X:BE Y:00 P:A4 SP:FB
E7A7  CA        DEX  A:00 X:BE Y:00 P:A4 SP:FB
E7A8  9D 00 01  STA  A:00 X:BD Y:00 P:A4 SP:FB
E7AB  D0 FA     BNE  A:00 X:BD Y:00 P:A4 SP:FB
E7A7  CA        DEX  A:00 X:BD Y:00 P:A4 SP:FB
E7A8  9D 00 01  STA  A:00 X:BC Y:00 P:A4 SP:FB
E7AB  D0 FA     BNE  A:00 X:BC Y:00 P:A4 SP:FB
E7A7  CA        DEX  A:00 X:BC Y:00 P:A4 SP:FB
E7A8  9D 00 01  STA  A:00 X:BB Y:00 P:A4 SP:FB
E7AB  D0 FA     BNE  A:00 X:BB Y:00 P:A4 SP:FB
E7A7  CA        DEX  A:00 X:BB Y:00 P:A4 SP:FB
E7A8  9D 00 01  STA  A:00 X:BA Y:00 P:A4 SP:FB
E7AB  D0 FA     BNE  A:00 X:BA Y:00 P:A4 SP:FB
E7A7  CA        DEX  A:00 X:BA Y:00 P:A4 SP:FB
E7A8  9D 00 01  STA  A:00 X:B9 Y:00 P:A4 SP:FB
E7AB  D0 FA     BNE  A:00 X:B9 Y:00 P:A4 SP:FB
E7A7  CA        DEX  A:00 X:B9 Y:00 P:A4 SP:FB
E7A8  9D 00 01  STA  A:00 X:B8 Y:00 P:A4 SP:FB
E7AB  D0 FA     BNE  A:00 X:B8 Y:00 P:A4 SP:FB
E7A7  CA        DEX  A:00 X:B8 Y:00 P:A4 SP:FB
E7A8  9D 00 01  STA  A:00 X:B7 Y:00 P:A4 SP:FB
E7AB  D0 FA     BNE  A:00 X:B7 Y:00 P:A4 SP:FB
E7A7  CA        DEX  A:00 X:B7 Y:00 P:A4 SP:FB
E7A8  9D 00 01  STA  A:00 X:B6 Y:00 P:A4 SP:FB
E7AB  D0 FA     BNE  A:00 X:B6 Y:00 P:A4 SP:FB
E7A7  CA        DEX  A:00 X:B6 Y:00 P:A4 SP:FB
E7A8  9D 00 01  STA  A:00 X:B5 Y:00 P:A4 SP:FB
E7AB  D0 FA     BNE  A:00 X:B5 Y:00 P:A4 SP:FB
E7A7  CA        DEX  A:00 X:B5 Y:00 P:A4 SP:FB
E7A8  9D 00 01  STA  A:00 X:B4 Y:00 P:A4 SP:FB
E7AB  D0 FA     BNE  A:00 X:B4 Y:00 P:A4 SP:FB
E7A7  CA        DEX  A:00 X:B4 Y:00 P:A4 SP:FB
E7A8  9D 00 01  STA  A:00 X:B3 Y:00 P:A4 SP:FB
E7AB  D0 FA     BNE  A:00 X:B3 Y:00 P:A4 SP:FB
E7A7  CA        DEX  A:00 X:B3 Y:00 P:A4 SP:FB
E7A8  9D 00 01  STA  A:00 X:B2 Y:00 P:A4 SP:FB
E7AB  D0 FA     BNE  A:00 X:B2 Y:00 P:A4 SP:FB
E7A7  CA        DEX  A:00 X:B2 Y:00 P:A4 SP:FB
E7A8  9D 00 01  STA  A:00 X:B1 Y:00 P:A4 SP:FB
E7AB  D0 FA     BNE  A:00 X:B1 Y:00 P:A4 SP:FB
E7A7  CA        DEX  A:00 X:B1 Y:00 P:A4 SP:FB
E7A8  9D 00 01  STA  A:00 X:B0 Y:00 P:A4 SP:FB
E7AB  D0 FA     BNE  A:00 X:B0 Y:00 P:A4 SP:FB
E7A7  CA        DEX  A:00 X:B0 Y:00 P:A4 SP:FB
E7A8  9D 00 01  STA  A:00 X:AF Y:00 P:A4 SP:FB
E7AB  D0 FA     BNE  A:00 X:AF Y:00 P:A4 SP:FB
E7A7  CA        DEX  A:00 X:AF Y:00 P:A4 SP:FB
E7A8  9D 00 01  STA  A:00 X:AE Y:00 P:A4 SP:FB
E7AB  D0 FA     BNE  A:00 X:AE Y:00 P:A4 SP:FB
E7A7  CA        DEX  A:00 X:AE Y:00 P:A4 SP:FB
E7A8  9D 00 01  STA  A:00 X:AD Y:00 P:A4 SP:FB
E7AB  D0 FA     BNE  A:00 X:AD Y:00 P:A4 SP:FB
E7A7  CA        DEX  A:00 X:AD Y:00 P:A4 SP:FB
E7A8  9D 00 01  STA  A:00 X:AC Y:00 P:A4 SP:FB
E7AB  D0 FA     BNE  A:00 X:AC Y:00 P:A4 SP:FB
E7A7  CA        DEX  A:00 X:AC Y:00 P:A4 SP:FB
E7A8  9D 00 01  STA  A:00 X:AB Y:00 P:A4 SP:FB
E7AB  D0 FA     BNE  A:00 X:AB Y:00 P:A4 SP:FB
E7A7  CA        DEX  A:00 X:AB Y:00 P:A4 SP:FB
E7A8  9D 00 01  STA  A:00 X:AA Y:00 P:A4 SP:FB
E7AB  D0 FA     BNE  A:00 X:AA Y:00 P:A4 SP:FB
E7A7  CA        DEX  A:00 X:AA Y:00 P:A4 SP:FB
E7A8  9D 00 01  STA  A:00 X:A9 Y:00 P:A4 SP:FB
E7AB  D0 FA     BNE  A:00 X:A9 Y:00 P:A4 SP:FB
E7A7  CA        DEX  A:00 X:A9 Y:00 P:A4 SP:FB
E7A8  9D 00 01  STA  A:00 X:A8 Y:00 P:A4 SP:FB
E7AB  D0 FA     BNE  A:00 X:A8 Y:00 P:A4 SP:FB
E7A7  CA        DEX  A:00 X:A8 Y:00 P:A4 SP:FB
E7A8  9D 00 01  STA  A:00 X:A7 Y:00 P:A4 SP:FB
E7AB  D0 FA     BNE  A:00 X:A7 Y:00 P:A4 SP:FB
E7A7  CA        DEX  A:00 X:A7 Y:00 P:A4 SP:FB
E7A8  9D 00 01  STA  A:00 X:A6 Y:00 P:A4 SP:FB
E7AB  D0 FA     BNE  A:00 X:A6 Y:00 P:A4 SP:FB
E7A7  CA        DEX  A:00 X:A6 Y:00 P:A4 SP:FB
E7A8  9D 00 01  STA  A:00 X:A5 Y:00 P:A4 SP:FB
E7AB  D0 FA     BNE  A:00 X:A5 Y:00 P:A4 SP:FB
E7A7  CA        DEX  A:00 X:A5 Y:00 P:A4 SP:FB
E7A8  9D 00 01  STA  A:00 X:A4 Y:00 P:A4 SP:FB
E7AB  D0 FA     BNE  A:00 X:A4 Y:00 P:A4 SP:FB
E7A7  CA        DEX  A:00 X:A4 Y:00 P:A4 SP:FB
E7A8  9D 00 01  STA  A:00 X:A3 Y:00 P:A4 SP:FB
E7AB  D0 FA     BNE  A:00 X:A3 Y:00 P:A4 SP:FB
E7A7  CA        DEX  A:00 X:A3 Y:00 P:A4 SP:FB
E7A8  9D 00 01  STA  A:00 X:A2 Y:00 P:A4 SP:FB
E7AB  D0 FA     BNE  A:00 X:A2 Y:00 P:A4 SP:FB
E7A7  CA        DEX  A:00 X:A2 Y:00 P:A4 SP:FB
E7A8  9D 00 01  STA  A:00 X:A1 Y:00 P:A4 SP:FB
E7AB  D0 FA     BNE  A:00 X:A1 Y:00 P:A4 SP:FB
E7A7  CA        DEX  A:00 X:A1 Y:00 P:A4 SP:FB
E7A8  9D 00 01  STA  A:00 X:A0 Y:00 P:A4 SP:FB
E7AB  D0 FA     BNE  A:00 X:A0 Y:00 P:A4 SP:FB
E7A7  CA        DEX  A:00 X:A0 Y:00 P:A4 SP:FB
E7A8  9D 00 01  STA  A:00 X:9F Y:00 P:A4 SP:FB
E7AB  D0 FA     BNE  A:00 X:9F Y:00 P:A4 SP:FB
E7A7  CA        DEX  A:00 X:9F Y:00 P:A4 SP:FB
E7A8  9D 00 01  STA  A:00 X:9E Y:00 P:A4 SP:FB
E7AB  D0 FA     BNE  A:00 X:9E Y:00 P:A4 SP:FB
E7A7  CA        DEX  A:00 X:9E Y:00 P:A4 SP:FB
E7A8  9D 00 01  STA  A:00 X:9D Y:00 P:A4 SP:FB
E7AB  D0 FA     BNE  A:00 X:9D Y:00 P:A4 SP:FB
E7A7  CA        DEX  A:00 X:9D Y:00 P:A4 SP:FB
E7A8  9D 00 01  STA  A:00 X:9C Y:00 P:A4 SP:FB
E7AB  D0 FA     BNE  A:00 X:9C Y:00 P:A4 SP:FB
E7A7  CA        DEX  A:00 X:9C Y:00 P:A4 SP:FB
E7A8  9D 00 01  STA  A:00 X:9B Y:00 P:A4 SP:FB
E7AB  D0 FA     BNE  A:00 X:9B Y:00 P:A4 SP:FB
E7A7  CA        DEX  A:00 X:9B Y:00 P:A4 SP:FB
E7A8  9D 00 01  STA  A:00 X:9A Y:00 P:A4 SP:FB
E7AB  D0 FA     BNE  A:00 X:9A Y:00 P:A4 SP:FB
E7A7  CA        DEX  A:00 X:9A Y:00 P:A4 SP:FB
E7A8  9D 00 01  STA  A:00 X:99 Y:00 P:A4 SP:FB
E7AB  D0 FA     BNE  A:00 X:99 Y:00 P:A4 SP:FB
E7A7  CA        DEX  A:00 X:99 Y:00 P:A4 SP:FB
E7A8  9D 00 01  STA  A:00 X:98 Y:00 P:A4 SP:FB
E7AB  D0 FA     BNE  A:00 X:98 Y:00 P:A4 SP:FB
E7A7  CA        DEX  A:00 X:98 Y:00 P:A4 SP:FB
E7A8  9D 00 01  STA  A:00 X:97 Y:00 P:A4 SP:FB
E7AB  D0 FA     BNE  A:00 X:97 Y:00 P:A4 SP:FB
E7A7  CA        DEX  A:00 X:97 Y:00 P:A4 SP:FB
E7A8  9D 00 01  STA  A:00 X:96 Y:00 P:A4 SP:FB
E7AB  D0 FA     BNE  A:00 X:96 Y:00 P:A4 SP:FB
E7A7  CA        DEX  A:00 X:96 Y:00 P:A4 SP:FB
E7A8  9D 00 01  STA  A:00 X:95 Y:00 P:A4 SP:FB
E7AB  D0 FA     BNE  A:00 X:95 Y:00 P:A4 SP:FB
E7A7  CA        DEX  A:00 X:95 Y:00 P:A4 SP:FB
E7A8  9D 00 01  STA  A:00 X:94 Y:00 P:A4 SP:FB
E7AB  D0 FA     BNE  A:00 X:94 Y:00 P:A4 SP:FB
E7A7  CA        DEX  A:00 X:94 Y:00 P:A4 SP:FB
E7A8  9D 00 01  STA  A:00 X:93 Y:00 P:A4 SP:FB
E7AB  D0 FA     BNE  A:00 X:93 Y:00 P:A4 SP:FB
E7A7  CA        DEX  A:00 X:93 Y:00 P:A4 SP:FB
E7A8  9D 00 01  STA  A:00 X:92 Y:00 P:A4 SP:FB
E7AB  D0 FA     BNE  A:00 X:92 Y:00 P:A4 SP:FB
E7A7  CA        DEX  A:00 X:92 Y:00 P:A4 SP:FB
E7A8  9D 00 01  STA  A:00 X:91 Y:00 P:A4 SP:FB
E7AB  D0 FA     BNE  A:00 X:91 Y:00 P:A4 SP:FB
E7A7  CA        DEX  A:00 X:91 Y:00 P:A4 SP:FB
E7A8  9D 00 01  STA  A:00 X:90 Y:00 P:A4 SP:FB
E7AB  D0 FA     BNE  A:00 X:90 Y:00 P:A4 SP:FB
E7A7  CA        DEX  A:00 X:90 Y:00 P:A4 SP:FB
E7A8  9D 00 01  STA  A:00 X:8F Y:00 P:A4 SP:FB
E7AB  D0 FA     BNE  A:00 X:8F Y:00 P:A4 SP:FB
E7A7  CA        DEX  A:00 X:8F Y:00 P:A4 SP:FB
E7A8  9D 00 01  STA  A:00 X:8E Y:00 P:A4 SP:FB
E7AB  D0 FA     BNE  A:00 X:8E Y:00 P:A4 SP:FB
E7A7  CA        DEX  A:00 X:8E Y:00 P:A4 SP:FB
E7A8  9D 00 01  STA  A:00 X:8D Y:00 P:A4 SP:FB
E7AB  D0 FA     BNE  A:00 X:8D Y:00 P:A4 SP:FB
E7A7  CA        DEX  A:00 X:8D Y:00 P:A4 SP:FB
E7A8  9D 00 01  STA  A:00 X:8C Y:00 P:A4 SP:FB
E7AB  D0 FA     BNE  A:00 X:8C Y:00 P:A4 SP:FB
E7A7  CA        DEX  A:00 X:8C Y:00 P:A4 SP:FB
E7A8  9D 00 01  STA  A:00 X:8B Y:00 P:A4 SP:FB
E7AB  D0 FA     BNE  A:00 X:8B Y:00 P:A4 SP:FB
E7A7  CA        DEX  A:00 X:8B Y:00 P:A4 SP:FB
E7A8  9D 00 01  STA  A:00 X:8A Y:00 P:A4 SP:FB
E7AB  D0 FA     BNE  A:00 X:8A Y:00 P:A4 SP:FB
E7A7  CA        DEX  A:00 X:8A Y:00 P:A4 SP:FB
E7A8  9D 00 01  STA  A:00 X:89 Y:00 P:A4 SP:FB
E7AB  D0 FA     BNE  A:00 X:89 Y:00 P:A4 SP:FB
E7A7  CA        DEX  A:00 X:89 Y:00 P:A4 SP:FB
E7A8  9D 00 01  STA  A:00 X:88 Y:00 P:A4 SP:FB
E7AB  D0 FA     BNE  A:00 X:88 Y:00 P:A4 SP:FB
E7A7  CA        DEX  A:00 X:88 Y:00 P:A4 SP:FB
E7A8  9D 00 01  STA  A:00 X:87 Y:00 P:A4 SP:FB
E7AB  D0 FA     BNE  A:00 X:87 Y:00 P:A4 SP:FB
E7A7  CA        DEX  A:00 X:87 Y:00 P:A4 SP:FB
E7A8  9D 00 01  STA  A:00 X:86 Y:00 P:A4 SP:FB
E7AB  D0 FA     BNE  A:00 X:86 Y:00 P:A4 SP:FB
E7A7  CA        DEX  A:00 X:86 Y:00 P:A4 SP:FB
E7A8  9D 00 01  STA  A:00 X:85 Y:00 P:A4 SP:FB
E7AB  D0 FA     BNE  A:00 X:85 Y:00 P:A4 SP:FB
E7A7  CA        DEX  A:00 X:85 Y:00 P:A4 SP:FB
E7A8  9D 00 01  STA  A:00 X:84 Y:00 P:A4 SP:FB
E7AB  D0 FA     BNE  A:00 X:84 Y:00 P:A4 SP:FB
E7A7  CA        DEX  A:00 X:84 Y:00 P:A4 SP:FB
E7A8  9D 00 01  STA  A:00 X:83 Y:00 P:A4 SP:FB
E7AB  D0 FA     BNE  A:00 X:83 Y:00 P:A4 SP:FB
E7A7  CA        DEX  A:00 X:83 Y:00 P:A4 SP:FB
E7A8  9D 00 01  STA  A:00 X:82 Y:00 P:A4 SP:FB
E7AB  D0 FA     BNE  A:00 X:82 Y:00 P:A4 SP:FB
E7A7  CA        DEX  A:00 X:82 Y:00 P:A4 SP:FB
E7A8  9D 00 01  STA  A:00 X:81 Y:00 P:A4 SP:FB
E7AB  D0 FA     BNE  A:00 X:81 Y:00 P:A4 SP:FB
E7A7  CA        DEX  A:00 X:81 Y:00 P:A4 SP:FB
E7A8  9D 00 01  STA  A:00 X:80 Y:00 P:A4 SP:FB
E7AB  D0 FA     BNE  A:00 X:80 Y:00 P:A4 SP:FB
E7A7  CA        DEX  A:00 X:80 Y:00 P:A4 SP:FB
E7A8  9D 00 01  STA  A:00 X:7F Y:00 P:24 SP:FB
E7AB  D0 FA     BNE  A:00 X:7F Y:00 P:24 SP:FB
E7A7  CA        DEX  A:00 X:7F Y:00 P:24 SP:FB
E7A8  9D 00 01  STA  A:00 X:7E Y:00 P:24 SP:FB
E7AB  D0 FA     BNE  A:00 X:7E Y:00 P:24 SP:FB
E7A7  CA        DEX  A:00 X:7E Y:00 P:24 SP:FB
E7A8  9D 00 01  STA  A:00 X:7D Y:00 P:24 SP:FB
E7AB  D0 FA     BNE  A:00 X:7D Y:00 P:24 SP:FB
E7A7  CA        DEX  A:00 X:7D Y:00 P:24 SP:FB
E7A8  9D 00 01  STA  A:00 X:7C Y:00 P:24 SP:FB
E7AB  D0 FA     BNE  A:00 X:7C Y:00 P:24 SP:FB
E7A7  CA        DEX  A:00 X:7C Y:00 P:24 SP:FB
E7A8  9D 00 01  STA  A:00 X:7B Y:00 P:24 SP:FB
E7AB  D0 FA     BNE  A:00 X:7B Y:00 P:24 SP:FB
E7A7  CA        DEX  A:00 X:7B Y:00 P:24 SP:FB
E7A8  9D 00 01  STA  A:00 X:7A Y:00 P:24 SP:FB
E7AB  D0 FA     BNE  A:00 X:7A Y:00 P:24 SP:FB
E7A7  CA        DEX  A:00 X:7A Y:00 P:24 SP:FB
E7A8  9D 00 01  STA  A:00 X:79 Y:00 P:24 SP:FB
E7AB  D0 FA     BNE  A:00 X:79 Y:00 P:24 SP:FB
E7A7  CA        DEX  A:00 X:79 Y:00 P:24 SP:FB
E7A8  9D 00 01  STA  A:00 X:78 Y:00 P:24 SP:FB
E7AB  D0 FA     BNE  A:00 X:78 Y:00 P:24 SP:FB
E7A7  CA        DEX  A:00 X:78 Y:00 P:24 SP:FB
E7A8  9D 00 01  STA  A:00 X:77 Y:00 P:24 SP:FB
E7AB  D0 FA     BNE  A:00 X:77 Y:00 P:24 SP:FB
E7A7  CA        DEX  A:00 X:77 Y:00 P:24 SP:FB
E7A8  9D 00 01  STA  A:00 X:76 Y:00 P:24 SP:FB
E7AB  D0 FA     BNE  A:00 X:76 Y:00 P:24 SP:FB
E7A7  CA        DEX  A:00 X:76 Y:00 P:24 SP:FB
E7A8  9D 00 01  STA  A:00 X:75 Y:00 P:24 SP:FB
E7AB  D0 FA     BNE  A:00 X:75 Y:00 P:24 SP:FB
E7A7  CA        DEX  A:00 X:75 Y:00 P:24 SP:FB
E7A8  9D 00 01  STA  A:00 X:74 Y:00 P:24 SP:FB
E7AB  D0 FA     BNE  A:00 X:74 Y:00 P:24 SP:FB
E7A7  CA        DEX  A:00 X:74 Y:00 P:24 SP:FB
E7A8  9D 00 01  STA  A:00 X:73 Y:00 P:24 SP:FB
E7AB  D0 FA     BNE  A:00 X:73 Y:00 P:24 SP:FB
E7A7  CA        DEX  A:00 X:73 Y:00 P:24 SP:FB
E7A8  9D 00 01  STA  A:00 X:72 Y:00 P:24 SP:FB
E7AB  D0 FA     BNE  A:00 X:72 Y:00 P:24 SP:FB
E7A7  CA        DEX  A:00 X:72 Y:00 P:24 SP:FB
E7A8  9D 00 01  STA  A:00 X:71 Y:00 P:24 SP:FB
E7AB  D0 FA     BNE  A:00 X:71 Y:00 P:24 SP:FB
E7A7  CA        DEX  A:00 X:71 Y:00 P:24 SP:FB
E7A8  9D 00 01  STA  A:00 X:70 Y:00 P:24 SP:FB
E7AB  D0 FA     BNE  A:00 X:70 Y:00 P:24 SP:FB
E7A7  CA        DEX  A:00 X:70 Y:00 P:24 SP:FB
E7A8  9D 00 01  STA  A:00 X:6F Y:00 P:24 SP:FB
E7AB  D0 FA     BNE  A:00 X:6F Y:00 P:24 SP:FB
E7A7  CA        DEX  A:00 X:6F Y:00 P:24 SP:FB
E7A8  9D 00 01  STA  A:00 X:6E Y:00 P:24 SP:FB
E7AB  D0 FA     BNE  A:00 X:6E Y:00 P:24 SP:FB
E7A7  CA        DEX  A:00 X:6E Y:00 P:24 SP:FB
E7A8  9D 00 01  STA  A:00 X:6D Y:00 P:24 SP:FB
E7AB  D0 FA     BNE  A:00 X:6D Y:00 P:24 SP:FB
E7A7  CA        DEX  A:00 X:6D Y:00 P:24 SP:FB
E7A8  9D 00 01  STA  A:00 X:6C Y:00 P:24 SP:FB
E7AB  D0 FA     BNE  A:00 X:6C Y:00 P:24 SP:FB
E7A7  CA        DEX  A:00 X:6C Y:00 P:24 SP:FB
E7A8  9D 00 01  STA  A:00 X:6B Y:00 P:24 SP:FB
E7AB  D0 FA     BNE  A:00 X:6B Y:00 P:24 SP:FB
E7A7  CA        DEX  A:00 X:6B Y:00 P:24 SP:FB
E7A8  9D 00 01  STA  A:00 X:6A Y:00 P:24 SP:FB
E7AB  D0 FA     BNE  A:00 X:6A Y:00 P:24 SP:FB
E7A7  CA        DEX  A:00 X:6A Y:00 P:24 SP:FB
E7A8  9D 00 01  STA  A:00 X:69 Y:00 P:24 SP:FB
E7AB  D0 FA     BNE  A:00 X:69 Y:00 P:24 SP:FB
E7A7  CA        DEX  A:00 X:69 Y:00 P:24 SP:FB
E7A8  9D 00 01  STA  A:00 X:68 Y:00 P:24 SP:FB
E7AB  D0 FA     BNE  A:00 X:68 Y:00 P:24 SP:FB
E7A7  CA        DEX  A:00 X:68 Y:00 P:24 SP:FB
E7A8  9D 00 01  STA  A:00 X:67 Y:00 P:24 SP:FB
E7AB  D0 FA     BNE  A:00 X:67 Y:00 P:24 SP:FB
E7A7  CA        DEX  A:00 X:67 Y:00 P:24 SP:FB
E7A8  9D 00 01  STA  A:00 X:66 Y:00 P:24 SP:FB
E7AB  D0 FA     BNE  A:00 X:66 Y:00 P:24 SP:FB
E7A7  CA        DEX  A:00 X:66 Y:00 P:24 SP:FB
E7A8  9D 00 01  STA  A:00 X:65 Y:00 P:24 SP:FB
E7AB  D0 FA     BNE  A:00 X:65 Y:00 P:24 SP:FB
E7A7  CA        DEX  A:00 X:65 Y:00 P:24 SP:FB
E7A8  9D 00 01  STA  A:00 X:64 Y:00 P:24 SP:FB
E7AB  D0 FA     BNE  A:00 X:64 Y:00 P:24 SP:FB
E7A7  CA        DEX  A:00 X:64 Y:00 P:24 SP:FB
E7A8  9D 00 01  STA  A:00 X:63 Y:00 P:24 SP:FB
E7AB  D0 FA     BNE  A:00 X:63 Y:00 P:24 SP:FB
E7A7  CA        DEX  A:00 X:63 Y:00 P:24 SP:FB
E7A8  9D 00 01  STA  A:00 X:62 Y:00 P:24 SP:FB
E7AB  D0 FA     BNE  A:00 X:62 Y:00 P:24 SP:FB
E7A7  CA        DEX  A:00 X:62 Y:00 P:24 SP:FB
E7A8  9D 00 01  STA  A:00 X:61 Y:00 P:24 SP:FB
E7AB  D0 FA     BNE  A:00 X:61 Y:00 P:24 SP:FB
E7A7  CA        DEX  A:00 X:61 Y:00 P:24 SP:FB
E7A8  9D 00 01  STA  A:00 X:60 Y:00 P:24 SP:FB
E7AB  D0 FA     BNE  A:00 X:60 Y:00 P:24 SP:FB
E7A7  CA        DEX  A:00 X:60 Y:00 P:24 SP:FB
E7A8  9D 00 01  STA  A:00 X:5F Y:00 P:24 SP:FB
E7AB  D0 FA     BNE  A:00 X:5F Y:00 P:24 SP:FB
E7A7  CA        DEX  A:00 X:5F Y:00 P:24 SP:FB
E7A8  9D 00 01  STA  A:00 X:5E Y:00 P:24 SP:FB
E7AB  D0 FA     BNE  A:00 X:5E Y:00 P:24 SP:FB
E7A7  CA        DEX  A:00 X:5E Y:00 P:24 SP:FB
E7A8  9D 00 01  STA  A:00 X:5D Y:00 P:24 SP:FB
E7AB  D0 FA     BNE  A:00 X:5D Y:00 P:24 SP:FB
E7A7  CA        DEX  A:00 X:5D Y:00 P:24 SP:FB
E7A8  9D 00 01  STA  A:00 X:5C Y:00 P:24 SP:FB
E7AB  D0 FA     BNE  A:00 X:5C Y:00 P:24 SP:FB
E7A7  CA        DEX  A:00 X:5C Y:00 P:24 SP:FB
E7A8  9D 00 01  STA  A:00 X:5B Y:00 P:24 SP:FB
E7AB  D0 FA     BNE  A:00 X:5B Y:00 P:24 SP:FB
E7A7  CA        DEX  A:00 X:5B Y:00 P:24 SP:FB
E7A8  9D 00 01  STA  A:00 X:5A Y:00 P:24 SP:FB
E7AB  D0 FA     BNE  A:00 X:5A Y:00 P:24 SP:FB
E7A7  CA        DEX  A:00 X:5A Y:00 P:24 SP:FB
E7A8  9D 00 01  STA  A:00 X:59 Y:00 P:24 SP:FB
E7AB  D0 FA     BNE  A:00 X:59 Y:00 P:24 SP:FB
E7A7  CA        DEX  A:00 X:59 Y:00 P:24 SP:FB
E7A8  9D 00 01  STA  A:00 X:58 Y:00 P:24 SP:FB
E7AB  D0 FA     BNE  A:00 X:58 Y:00 P:24 SP:FB
E7A7  CA        DEX  A:00 X:58 Y:00 P:24 SP:FB
E7A8  9D 00 01  STA  A:00 X:57 Y:00 P:24 SP:FB
E7AB  D0 FA     BNE  A:00 X:57 Y:00 P:24 SP:FB
E7A7  CA        DEX  A:00 X:57 Y:00 P:24 SP:FB
E7A8  9D 00 01  STA  A:00 X:56 Y:00 P:24 SP:FB
E7AB  D0 FA     BNE  A:00 X:56 Y:00 P:24 SP:FB
E7A7  CA        DEX  A:00 X:56 Y:00 P:24 SP:FB
E7A8  9D 00 01  STA  A:00 X:55 Y:00 P:24 SP:FB
E7AB  D0 FA     BNE  A:00 X:55 Y:00 P:24 SP:FB
E7A7  CA        DEX  A:00 X:55 Y:00 P:24 SP:FB
E7A8  9D 00 01  STA  A:00 X:54 Y:00 P:24 SP:FB
E7AB  D0 FA     BNE  A:00 X:54 Y:00 P:24 SP:FB
E7A7  CA        DEX  A:00 X:54 Y:00 P:24 SP:FB
E7A8  9D 00 01  STA  A:00 X:53 Y:00 P:24 SP:FB
E7AB  D0 FA     BNE  A:00 X:53 Y:00 P:24 SP:FB
E7A7  CA        DEX  A:00 X:53 Y:00 P:24 SP:FB
E7A8  9D 00 01  STA  A:00 X:52 Y:00 P:24 SP:FB
E7AB  D0 FA     BNE  A:00 X:52 Y:00 P:24 SP:FB
E7A7  CA        DEX  A:00 X:52 Y:00 P:24 SP:FB
E7A8  9D 00 01  STA  A:00 X:51 Y:00 P:24 SP:FB
E7AB  D0 FA     BNE  A:00 X:51 Y:00 P:24 SP:FB
E7A7  CA        DEX  A:00 X:51 Y:00 P:24 SP:FB
E7A8  9D 00 01  STA  A:00 X:50 Y:00 P:24 SP:FB
E7AB  D0 FA     BNE  A:00 X:50 Y:00 P:24 SP:FB
E7A7  CA        DEX  A:00 X:50 Y:00 P:24 SP:FB
E7A8  9D 00 01  STA  A:00 X:4F Y:00 P:24 SP:FB
E7AB  D0 FA     BNE  A:00 X:4F Y:00 P:24 SP:FB
E7A7  CA        DEX  A:00 X:4F Y:00 P:24 SP:FB
E7A8  9D 00 01  STA  A:00 X:4E Y:00 P:24 SP:FB
E7AB  D0 FA     BNE  A:00 X:4E Y:00 P:24 SP:FB
E7A7  CA        DEX  A:00 X:4E Y:00 P:24 SP:FB
E7A8  9D 00 01  STA  A:00 X:4D Y:00 P:24 SP:FB
E7AB  D0 FA     BNE  A:00 X:4D Y:00 P:24 SP:FB
E7A7  CA        DEX  A:00 X:4D Y:00 P:24 SP:FB
E7A8  9D 00 01  STA  A:00 X:4C Y:00 P:24 SP:FB
E7AB  D0 FA     BNE  A:00 X:4C Y:00 P:24 SP:FB
E7A7  CA        DEX  A:00 X:4C Y:00 P:24 SP:FB
E7A8  9D 00 01  STA  A:00 X:4B Y:00 P:24 SP:FB
E7AB  D0 FA     BNE  A:00 X:4B Y:00 P:24 SP:FB
E7A7  CA        DEX  A:00 X:4B Y:00 P:24 SP:FB
E7A8  9D 00 01  STA  A:00 X:4A Y:00 P:24 SP:FB
E7AB  D0 FA     BNE  A:00 X:4A Y:00 P:24 SP:FB
E7A7  CA        DEX  A:00 X:4A Y:00 P:24 SP:FB
E7A8  9D 00 01  STA  A:00 X:49 Y:00 P:24 SP:FB
E7AB  D0 FA     BNE  A:00 X:49 Y:00 P:24 SP:FB
E7A7  CA        DEX  A:00 X:49 Y:00 P:24 SP:FB
E7A8  9D 00 01  STA  A:00 X:48 Y:00 P:24 SP:FB
E7AB  D0 FA     BNE  A:00 X:48 Y:00 P:24 SP:FB
E7A7  CA        DEX  A:00 X:48 Y:00 P:24 SP:FB
E7A8  9D 00 01  STA  A:00 X:47 Y:00 P:24 SP:FB
E7AB  D0 FA     BNE  A:00 X:47 Y:00 P:24 SP:FB
E7A7  CA        DEX  A:00 X:47 Y:00 P:24 SP:FB
E7A8  9D 00 01  STA  A:00 X:46 Y:00 P:24 SP:FB
E7AB  D0 FA     BNE  A:00 X:46 Y:00 P:24 SP:FB
E7A7  CA        DEX  A:00 X:46 Y:00 P:24 SP:FB
E7A8  9D 00 01  STA  A:00 X:45 Y:00 P:24 SP:FB
E7AB  D0 FA     BNE  A:00 X:45 Y:00 P:24 SP:FB
E7A7  CA        DEX  A:00 X:45 Y:00 P:24 SP:FB
E7A8  9D 00 01  STA  A:00 X:44 Y:00 P:24 SP:FB
E7AB  D0 FA     BNE  A:00 X:44 Y:00 P:24 SP:FB
E7A7  CA        DEX  A:00 X:44 Y:00 P:24 SP:FB
E7A8  9D 00 01  STA  A:00 X:43 Y:00 P:24 SP:FB
E7AB  D0 FA     BNE  A:00 X:43 Y:00 P:24 SP:FB
E7A7  CA        DEX  A:00 X:43 Y:00 P:24 SP:FB
E7A8  9D 00 01  STA  A:00 X:42 Y:00 P:24 SP:FB
E7AB  D0 FA     BNE  A:00 X:42 Y:00 P:24 SP:FB
E7A7  CA        DEX  A:00 X:42 Y:00 P:24 SP:FB
E7A8  9D 00 01  STA  A:00 X:41 Y:00 P:24 SP:FB
E7AB  D0 FA     BNE  A:00 X:41 Y:00 P:24 SP:FB
E7A7  CA        DEX  A:00 X:41 Y:00 P:24 SP:FB
E7A8  9D 00 01  STA  A:00 X:40 Y:00 P:24 SP:FB
E7AB  D0 FA     BNE  A:00 X:40 Y:00 P:24 SP:FB
E7A7  CA        DEX  A:00 X:40 Y:00 P:24 SP:FB
E7A8  9D 00 01  STA  A:00 X:3F Y:00 P:24 SP:FB
E7AB  D0 FA     BNE  A:00 X:3F Y:00 P:24 SP:FB
E7A7  CA        DEX  A:00 X:3F Y:00 P:24 SP:FB
E7A8  9D 00 01  STA  A:00 X:3E Y:00 P:24 SP:FB
E7AB  D0 FA     BNE  A:00 X:3E Y:00 P:24 SP:FB
E7A7  CA        DEX  A:00 X:3E Y:00 P:24 SP:FB
E7A8  9D 00 01  STA  A:00 X:3D Y:00 P:24 SP:FB
E7AB  D0 FA     BNE  A:00 X:3D Y:00 P:24 SP:FB
E7A7  CA        DEX  A:00 X:3D Y:00 P:24 SP:FB
E7A8  9D 00 01  STA  A:00 X:3C Y:00 P:24 SP:FB
E7AB  D0 FA     BNE  A:00 X:3C Y:00 P:24 SP:FB
E7A7  CA        DEX  A:00 X:3C Y:00 P:24 SP:FB
E7A8  9D 00 01  STA  A:00 X:3B Y:00 P:24 SP:FB
E7AB  D0 FA     BNE  A:00 X:3B Y:00 P:24 SP:FB
E7A7  CA        DEX  A:00 X:3B Y:00 P:24 SP:FB
E7A8  9D 00 01  STA  A:00 X:3A Y:00 P:24 SP:FB
E7AB  D0 FA     BNE  A:00 X:3A Y:00 P:24 SP:FB
E7A7  CA        DEX  A:00 X:3A Y:00 P:24 SP:FB
E7A8  9D 00 01  STA  A:00 X:39 Y:00 P:24 SP:FB
E7AB  D0 FA     BNE  A:00 X:39 Y:00 P:24 SP:FB
E7A7  CA        DEX  A:00 X:39 Y:00 P:24 SP:FB
E7A8  9D 00 01  STA  A:00 X:38 Y:00 P:24 SP:FB
E7AB  D0 FA     BNE  A:00 X:38 Y:00 P:24 SP:FB
E7A7  CA        DEX  A:00 X:38 Y:00 P:24 SP:FB
E7A8  9D 00 01  STA  A:00 X:37 Y:00 P:24 SP:FB
E7AB  D0 FA     BNE  A:00 X:37 Y:00 P:24 SP:FB
E7A7  CA        DEX  A:00 X:37 Y:00 P:24 SP:FB
E7A8  9D 00 01  STA  A:00 X:36 Y:00 P:24 SP:FB
E7AB  D0 FA     BNE  A:00 X:36 Y:00 P:24 SP:FB
E7A7  CA        DEX  A:00 X:36 Y:00 P:24 SP:FB
E7A8  9D 00 01  STA  A:00 X:35 Y:00 P:24 SP:FB
E7AB  D0 FA     BNE  A:00 X:35 Y:00 P:24 SP:FB
E7A7  CA        DEX  A:00 X:35 Y:00 P:24 SP:FB
E7A8  9D 00 01  STA  A:00 X:34 Y:00 P:24 SP:FB
E7AB  D0 FA     BNE  A:00 X:34 Y:00 P:24 SP:FB
E7A7  CA        DEX  A:00 X:34 Y:00 P:24 SP:FB
E7A8  9D 00 01  STA  A:00 X:33 Y:00 P:24 SP:FB
E7AB  D0 FA     BNE  A:00 X:33 Y:00 P:24 SP:FB
E7A7  CA        DEX  A:00 X:33 Y:00 P:24 SP:FB
E7A8  9D 00 01  STA  A:00 X:32 Y:00 P:24 SP:FB
E7AB  D0 FA     BNE  A:00 X:32 Y:00 P:24 SP:FB
E7A7  CA        DEX  A:00 X:32 Y:00 P:24 SP:FB
E7A8  9D 00 01  STA  A:00 X:31 Y:00 P:24 SP:FB
E7AB  D0 FA     BNE  A:00 X:31 Y:00 P:24 SP:FB
E7A7  CA        DEX  A:00 X:31 Y:00 P:24 SP:FB
E7A8  9D 00 01  STA  A:00 X:30 Y:00 P:24 SP:FB
E7AB  D0 FA     BNE  A:00 X:30 Y:00 P:24 SP:FB
E7A7  CA        DEX  A:00 X:30 Y:00 P:24 SP:FB
E7A8  9D 00 01  STA  A:00 X:2F Y:00 P:24 SP:FB
E7AB  D0 FA     BNE  A:00 X:2F Y:00 P:24 SP:FB
E7A7  CA        DEX  A:00 X:2F Y:00 P:24 SP:FB
E7A8  9D 00 01  STA  A:00 X:2E Y:00 P:24 SP:FB
E7AB  D0 FA     BNE  A:00 X:2E Y:00 P:24 SP:FB
E7A7  CA        DEX  A:00 X:2E Y:00 P:24 SP:FB
E7A8  9D 00 01  STA  A:00 X:2D Y:00 P:24 SP:FB
E7AB  D0 FA     BNE  A:00 X:2D Y:00 P:24 SP:FB
E7A7  CA        DEX  A:00 X:2D Y:00 P:24 SP:FB
E7A8  9D 00 01  STA  A:00 X:2C Y:00 P:24 SP:FB
E7AB  D0 FA     BNE  A:00 X:2C Y:00 P:24 SP:FB
E7A7  CA        DEX  A:00 X:2C Y:00 P:24 SP:FB
E7A8  9D 00 01  STA  A:00 X:2B Y:00 P:24 SP:FB
E7AB  D0 FA     BNE  A:00 X:2B Y:00 P:24 SP:FB
E7A7  CA        DEX  A:00 X:2B Y:00 P:24 SP:FB
E7A8  9D 00 01  STA  A:00 X:2A Y:00 P:24 SP:FB
E7AB  D0 FA     BNE  A:00 X:2A Y:00 P:24 SP:FB
E7A7  CA        DEX  A:00 X:2A Y:00 P:24 SP:FB
E7A8  9D 00 01  STA  A:00 X:29 Y:00 P:24 SP:FB
E7AB  D0 FA     BNE  A:00 X:29 Y:00 P:24 SP:FB
E7A7  CA        DEX  A:00 X:29 Y:00 P:24 SP:FB
E7A8  9D 00 01  STA  A:00 X:28 Y:00 P:24 SP:FB
E7AB  D0 FA     BNE  A:00 X:28 Y:00 P:24 SP:FB
E7A7  CA        DEX  A:00 X:28 Y:00 P:24 SP:FB
E7A8  9D 00 01  STA  A:00 X:27 Y:00 P:24 SP:FB
E7AB  D0 FA     BNE  A:00 X:27 Y:00 P:24 SP:FB
E7A7  CA        DEX  A:00 X:27 Y:00 P:24 SP:FB
E7A8  9D 00 01  STA  A:00 X:26 Y:00 P:24 SP:FB
E7AB  D0 FA     BNE  A:00 X:26 Y:00 P:24 SP:FB
E7A7  CA        DEX  A:00 X:26 Y:00 P:24 SP:FB
E7A8  9D 00 01  STA  A:00 X:25 Y:00 P:24 SP:FB
E7AB  D0 FA     BNE  A:00 X:25 Y:00 P:24 SP:FB
E7A7  CA        DEX  A:00 X:25 Y:00 P:24 SP:FB
E7A8  9D 00 01  STA  A:00 X:24 Y:00 P:24 SP:FB
E7AB  D0 FA     BNE  A:00 X:24 Y:00 P:24 SP:FB
E7A7  CA        DEX  A:00 X:24 Y:00 P:24 SP:FB
E7A8  9D 00 01  STA  A:00 X:23 Y:00 P:24 SP:FB
E7AB  D0 FA     BNE  A:00 X:23 Y:00 P:24 SP:FB
E7A7  CA        DEX  A:00 X:23 Y:00 P:24 SP:FB
E7A8  9D 00 01  STA  A:00 X:22 Y:00 P:24 SP:FB
E7AB  D0 FA     BNE  A:00 X:22 Y:00 P:24 SP:FB
E7A7  CA        DEX  A:00 X:22 Y:00 P:24 SP:FB
E7A8  9D 00 01  STA  A:00 X:21 Y:00 P:24 SP:FB
E7AB  D0 FA     BNE  A:00 X:21 Y:00 P:24 SP:FB
E7A7  CA        DEX  A:00 X:21 Y:00 P:24 SP:FB
E7A8  9D 00 01  STA  A:00 X:20 Y:00 P:24 SP:FB
E7AB  D0 FA     BNE  A:00 X:20 Y:00 P:24 SP:FB
E7A7  CA        DEX  A:00 X:20 Y:00 P:24 SP:FB
E7A8  9D 00 01  STA  A:00 X:1F Y:00 P:24 SP:FB
E7AB  D0 FA     BNE  A:00 X:1F Y:00 P:24 SP:FB
E7A7  CA        DEX  A:00 X:1F Y:00 P:24 SP:FB
E7A8  9D 00 01  STA  A:00 X:1E Y:00 P:24 SP:FB
E7AB  D0 FA     BNE  A:00 X:1E Y:00 P:24 SP:FB
E7A7  CA        DEX  A:00 X:1E Y:00 P:24 SP:FB
E7A8  9D 00 01  STA  A:00 X:1D Y:00 P:24 SP:FB
E7AB  D0 FA     BNE  A:00 X:1D Y:00 P:24 SP:FB
E7A7  CA        DEX  A:00 X:1D Y:00 P:24 SP:FB
E7A8  9D 00 01  STA  A:00 X:1C Y:00 P:24 SP:FB
E7AB  D0 FA     BNE  A:00 X:1C Y:00 P:24 SP:FB
E7A7  CA        DEX  A:00 X:1C Y:00 P:24 SP:FB
E7A8  9D 00 01  STA  A:00 X:1B Y:00 P:24 SP:FB
E7AB  D0 FA     BNE  A:00 X:1B Y:00 P:24 SP:FB
E7A7  CA        DEX  A:00 X:1B Y:00 P:24 SP:FB
E7A8  9D 00 01  STA  A:00 X:1A Y:00 P:24 SP:FB
E7AB  D0 FA     BNE  A:00 X:1A Y:00 P:24 SP:FB
E7A7  CA        DEX  A:00 X:1A Y:00 P:24 SP:FB
E7A8  9D 00 01  STA  A:00 X:19 Y:00 P:24 SP:FB
E7AB  D0 FA     BNE  A:00 X:19 Y:00 P:24 SP:FB
E7A7  CA        DEX  A:00 X:19 Y:00 P:24 SP:FB
E7A8  9D 00 01  STA  A:00 X:18 Y:00 P:24 SP:FB
E7AB  D0 FA     BNE  A:00 X:18 Y:00 P:24 SP:FB
E7A7  CA        DEX  A:00 X:18 Y:00 P:24 SP:FB
E7A8  9D 00 01  STA  A:00 X:17 Y:00 P:24 SP:FB
E7AB  D0 FA     BNE  A:00 X:17 Y:00 P:24 SP:FB
E7A7  CA        DEX  A:00 X:17 Y:00 P:24 SP:FB
E7A8  9D 00 01  STA  A:00 X:16 Y:00 P:24 SP:FB
E7AB  D0 FA     BNE  A:00 X:16 Y:00 P:24 SP:FB
E7A7  CA        DEX  A:00 X:16 Y:00 P:24 SP:FB
E7A8  9D 00 01  STA  A:00 X:15 Y:00 P:24 SP:FB
E7AB  D0 FA     BNE  A:00 X:15 Y:00 P:24 SP:FB
E7A7  CA        DEX  A:00 X:15 Y:00 P:24 SP:FB
E7A8  9D 00 01  STA  A:00 X:14 Y:00 P:24 SP:FB
E7AB  D0 FA     BNE  A:00 X:14 Y:00 P:24 SP:FB
E7A7  CA        DEX  A:00 X:14 Y:00 P:24 SP:FB
E7A8  9D 00 01  STA  A:00 X:13 Y:00 P:24 SP:FB
E7AB  D0 FA     BNE  A:00 X:13 Y:00 P:24 SP:FB
E7A7  CA        DEX  A:00 X:13 Y:00 P:24 SP:FB
E7A8  9D 00 01  STA  A:00 X:12 Y:00 P:24 SP:FB
E7AB  D0 FA     BNE  A:00 X:12 Y:00 P:24 SP:FB
E7A7  CA        DEX  A:00 X:12 Y:00 P:24 SP:FB
E7A8  9D 00 01  STA  A:00 X:11 Y:00 P:24 SP:FB
E7AB  D0 FA     BNE  A:00 X:11 Y:00 P:24 SP:FB
E7A7  CA        DEX  A:00 X:11 Y:00 P:24 SP:FB
E7A8  9D 00 01  STA  A:00 X:10 Y:00 P:24 SP:FB
E7AB  D0 FA     BNE  A:00 X:10 Y:00 P:24 SP:FB
E7A7  CA        DEX  A:00 X:10 Y:00 P:24 SP:FB
E7A8  9D 00 01  STA  A:00 X:0F Y:00 P:24 SP:FB
E7AB  D0 FA     BNE  A:00 X:0F Y:00 P:24 SP:FB
E7A7  CA        DEX  A:00 X:0F Y:00 P:24 SP:FB
E7A8  9D 00 01  STA  A:00 X:0E Y:00 P:24 SP:FB
E7AB  D0 FA     BNE  A:00 X:0E Y:00 P:24 SP:FB
E7A7  CA        DEX  A:00 X:0E Y:00 P:24 SP:FB
E7A8  9D 00 01  STA  A:00 X:0D Y:00 P:24 SP:FB
E7AB  D0 FA     BNE  A:00 X:0D Y:00 P:24 SP:FB
E7A7  CA        DEX  A:00 X:0D Y:00 P:24 SP:FB
E7A8  9D 00 01  STA  A:00 X:0C Y:00 P:24 SP:FB
E7AB  D0 FA     BNE  A:00 X:0C Y:00 P:24 SP:FB
E7A7  CA        DEX  A:00 X:0C Y:00 P:24 SP:FB
E7A8  9D 00 01  STA  A:00 X:0B Y:00 P:24 SP:FB
E7AB  D0 FA     BNE  A:00 X:0B Y:00 P:24 SP:FB
E7A7  CA        DEX  A:00 X:0B Y:00 P:24 SP:FB
E7A8  9D 00 01  STA  A:00 X:0A Y:00 P:24 SP:FB
E7AB  D0 FA     BNE  A:00 X:0A Y:00 P:24 SP:FB
E7A7  CA        DEX  A:00 X:0A Y:00 P:24 SP:FB
E7A8  9D 00 01  STA  A:00 X:09 Y:00 P:24 SP:FB
E7AB  D0 FA     BNE  A:00 X:09 Y:00 P:24 SP:FB
E7A7  CA        DEX  A:00 X:09 Y:00 P:24 SP:FB
E7A8  9D 00 01  STA  A:00 X:08 Y:00 P:24 SP:FB
E7AB  D0 FA     BNE  A:00 X:08 Y:00 P:24 SP:FB
E7A7  CA        DEX  A:00 X:08 Y:00 P:24 SP:FB
E7A8  9D 00 01  STA  A:00 X:07 Y:00 P:24 SP:FB
E7AB  D0 FA     BNE  A:00 X:07 Y:00 P:24 SP:FB
E7A7  CA        DEX  A:00 X:07 Y:00 P:24 SP:FB
E7A8  9D 00 01  STA  A:00 X:06 Y:00 P:24 SP:FB
E7AB  D0 FA     BNE  A:00 X:06 Y:00 P:24 SP:FB
E7A7  CA        DEX  A:00 X:06 Y:00 P:24 SP:FB
E7A8  9D 00 01  STA  A:00 X:05 Y:00 P:24 SP:FB
E7AB  D0 FA     BNE  A:00 X:05 Y:00 P:24 SP:FB
E7A7  CA        DEX  A:00 X:05 Y:00 P:24 SP:FB
E7A8  9D 00 01  STA  A:00 X:04 Y:00 P:24 SP:FB
E7AB  D0 FA     BNE  A:00 X:04 Y:00 P:24 SP:FB
E7A7  CA        DEX  A:00 X:04 Y:00 P:24 SP:FB
E7A8  9D 00 01  STA  A:00 X:03 Y:00 P:24 SP:FB
E7AB  D0 FA     BNE  A:00 X:03 Y:00 P:24 SP:FB
E7A7  CA        DEX  A:00 X:03 Y:00 P:24 SP:FB
E7A8  9D 00 01  STA  A:00 X:02 Y:00 P:24 SP:FB
E7AB  D0 FA     BNE  A:00 X:02 Y:00 P:24 SP:FB
E7A7  CA        DEX  A:00 X:02 Y:00 P:24 SP:FB
E7A8  9D 00 01  STA  A:00 X:01 Y:00 P:24 SP:FB
E7AB  D0 FA     BNE  A:00 X:01 Y:00 P:24 SP:FB
E7A7  CA        DEX  A:00 X:01 Y:00 P:24 SP:FB
E7A8  9D 00 01  STA  A:00 X:00 Y:00 P:26 SP:FB
E7AB  D0 FA     BNE  A:00 X:00 Y:00 P:26 SP:FB
E7AD  60        RTS  A:00 X:00 Y:00 P:26 SP:FB
E6A5  20 40 E8  JSR  A:00 X:00 Y:00 P:26 SP:FD
E840  A0 18     LDY  A:00 X:00 Y:00 P:26 SP:FB
E842  A2 01     LDX  A:00 X:00 Y:18 P:24 SP:FB
E844  2C 02 20  BIT  A:00 X:01 Y:18 P:24 SP:FB
E847  2C 02 20  BIT  A:00 X:01 Y:18 P:26 SP:FB
E84A  30 06     BMI  A:00 X:01 Y:18 P:26 SP:FB
E84C  CA        DEX  A:00 X:01 Y:18 P:26 SP:FB
E84D  D0 F8     BNE  A:00 X:00 Y:18 P:26 SP:FB
E84F  88        DEY  A:00 X:00 Y:18 P:26 SP:FB
E850  10 F5     BPL  A:00 X:00 Y:17 P:24 SP:FB
E847  2C 02 20  BIT  A:00 X:00 Y:17 P:24 SP:FB
E84A  30 06     BMI  A:00 X:00 Y:17 P:26 SP:FB
E84C  CA        DEX  A:00 X:00 Y:17 P:26 SP:FB
E84D  D0 F8     BNE  A:00 X:FF Y:17 P:A4 SP:FB
E847  2C 02 20  BIT  A:00 X:FF Y:17 P:A4 SP:FB
E84A  30 06     BMI  A:00 X:FF Y:17 P:26 SP:FB
E84C  CA        DEX  A:00 X:FF Y:17 P:26 SP:FB
E84D  D0 F8     BNE  A:00 X:FE Y:17 P:A4 SP:FB
E847  2C 02 20  BIT  A:00 X:FE Y:17 P:A4 SP:FB
E84A  30 06     BMI  A:00 X:FE Y:17 P:26 SP:FB
E84C  CA        DEX  A:00 X:FE Y:17 P:26 SP:FB
E84D  D0 F8     BNE  A:00 X:FD Y:17 P:A4 SP:FB
E847  2C 02 20  BIT  A:00 X:FD Y:17 P:A4 SP:FB
E84A  30 06     BMI  A:00 X:FD Y:17 P:26 SP:FB
E84C  CA        DEX  A:00 X:FD Y:17 P:26 SP:FB
E84D  D0 F8     BNE  A:00 X:FC Y:17 P:A4 SP:FB
E847  2C 02 20  BIT  A:00 X:FC Y:17 P:A4 SP:FB
E84A  30 06     BMI  A:00 X:FC Y:17 P:26 SP:FB
E84C  CA        DEX  A:00 X:FC Y:17 P:26 SP:FB
E84D  D0 F8     BNE  A:00 X:FB Y:17 P:A4 SP:FB
E847  2C 02 20  BIT  A:00 X:FB Y:17 P:A4 SP:FB
E84A  30 06     BMI  A:00 X:FB Y:17 P:26 SP:FB
E84C  CA        DEX  A:00 X:FB Y:17 P:26 SP:FB
E84D  D0 F8     BNE  A:00 X:FA Y:17 P:A4 SP:FB
E847  2C 02 20  BIT  A:00 X:FA Y:17 P:A4 SP:FB
E84A  30 06     BMI  A:00 X:FA Y:17 P:26 SP:FB
E84C  CA        DEX  A:00 X:FA Y:17 P:26 SP:FB
E84D  D0 F8     BNE  A:00 X:F9 Y:17 P:A4 SP:FB
E847  2C 02 20  BIT  A:00 X:F9 Y:17 P:A4 SP:FB
E84A  30 06     BMI  A:00 X:F9 Y:17 P:26 SP:FB
E84C  CA        DEX  A:00 X:F9 Y:17 P:26 SP:FB
E84D  D0 F8     BNE  A:00 X:F8 Y:17 P:A4 SP:FB
E847  2C 02 20  BIT  A:00 X:F8 Y:17 P:A4 SP:FB
E84A  30 06     BMI  A:00 X:F8 Y:17 P:26 SP:FB
E84C  CA        DEX  A:00 X:F8 Y:17 P:26 SP:FB
E84D  D0 F8     BNE  A:00 X:F7 Y:17 P:A4 SP:FB
E847  2C 02 20  BIT  A:00 X:F7 Y:17 P:A4 SP:FB
E84A  30 06     BMI  A:00 X:F7 Y:17 P:26 SP:FB
E84C  CA        DEX  A:00 X:F7 Y:17 P:26 SP:FB
E84D  D0 F8     BNE  A:00 X:F6 Y:17 P:A4 SP:FB
E847  2C 02 20  BIT  A:00 X:F6 Y:17 P:A4 SP:FB
E84A  30 06     BMI  A:00 X:F6 Y:17 P:26 SP:FB
E84C  CA        DEX  A:00 X:F6 Y:17 P:26 SP:FB
E84D  D0 F8     BNE  A:00 X:F5 Y:17 P:A4 SP:FB
E847  2C 02 20  BIT  A:00 X:F5 Y:17 P:A4 SP:FB
E84A  30 06     BMI  A:00 X:F5 Y:17 P:26 SP:FB
E84C  CA        DEX  A:00 X:F5 Y:17 P:26 SP:FB
E84D  D0 F8     BNE  A:00 X:F4 Y:17 P:A4 SP:FB
E847  2C 02 20  BIT  A:00 X:F4 Y:17 P:A4 SP:FB
E84A  30 06     BMI  A:00 X:F4 Y:17 P:26 SP:FB
E84C  CA        DEX  A:00 X:F4 Y:17 P:26 SP:FB
E84D  D0 F8     BNE  A:00 X:F3 Y:17 P:A4 SP:FB
E847  2C 02 20  BIT  A:00 X:F3 Y:17 P:A4 SP:FB
E84A  30 06     BMI  A:00 X:F3 Y:17 P:26 SP:FB
E84C  CA        DEX  A:00 X:F3 Y:17 P:26 SP:FB
E84D  D0 F8     BNE  A:00 X:F2 Y:17 P:A4 SP:FB
E847  2C 02 20  BIT  A:00 X:F2 Y:17 P:A4 SP:FB
E84A  30 06     BMI  A:00 X:F2 Y:17 P:26 SP:FB
E84C  CA        DEX  A:00 X:F2 Y:17 P:26 SP:FB
E84D  D0 F8     BNE  A:00 X:F1 Y:17 P:A4 SP:FB
E847  2C 02 20  BIT  A:00 X:F1 Y:17 P:A4 SP:FB
E84A  30 06     BMI  A:00 X:F1 Y:17 P:26 SP:FB
E84C  CA        DEX  A:00 X:F1 Y:17 P:26 SP:FB
E84D  D0 F8     BNE  A:00 X:F0 Y:17 P:A4 SP:FB
E847  2C 02 20  BIT  A:00 X:F0 Y:17 P:A4 SP:FB
E84A  30 06     BMI  A:00 X:F0 Y:17 P:26 SP:FB
E84C  CA        DEX  A:00 X:F0 Y:17 P:26 SP:FB
E84D  D0 F8     BNE  A:00 X:EF Y:17 P:A4 SP:FB
E847  2C 02 20  BIT  A:00 X:EF Y:17 P:A4 SP:FB
E84A  30 06     BMI  A:00 X:EF Y:17 P:26 SP:FB
E84C  CA        DEX  A:00 X:EF Y:17 P:26 SP:FB
E84D  D0 F8     BNE  A:00 X:EE Y:17 P:A4 SP:FB
E847  2C 02 20  BIT  A:00 X:EE Y:17 P:A4 SP:FB
E84A  30 06     BMI  A:00 X:EE Y:17 P:26 SP:FB
E84C  CA        DEX  A:00 X:EE Y:17 P:26 SP:FB
E84D  D0 F8     BNE  A:00 X:ED Y:17 P:A4 SP:FB
E847  2C 02 20  BIT  A:00 X:ED Y:17 P:A4 SP:FB
E84A  30 06     BMI  A:00 X:ED Y:17 P:26 SP:FB
E84C  CA        DEX  A:00 X:ED Y:17 P:26 SP:FB
E84D  D0 F8     BNE  A:00 X:EC Y:17 P:A4 SP:FB
E847  2C 02 20  BIT  A:00 X:EC Y:17 P:A4 SP:FB
E84A  30 06     BMI  A:00 X:EC Y:17 P:26 SP:FB
E84C  CA        DEX  A:00 X:EC Y:17 P:26 SP:FB
E84D  D0 F8     BNE  A:00 X:EB Y:17 P:A4 SP:FB
E847  2C 02 20  BIT  A:00 X:EB Y:17 P:A4 SP:FB
E84A  30 06     BMI  A:00 X:EB Y:17 P:26 SP:FB
E84C  CA        DEX  A:00 X:EB Y:17 P:26 SP:FB
E84D  D0 F8     BNE  A:00 X:EA Y:17 P:A4 SP:FB
E847  2C 02 20  BIT  A:00 X:EA Y:17 P:A4 SP:FB
E84A  30 06     BMI  A:00 X:EA Y:17 P:26 SP:FB
E84C  CA        DEX  A:00 X:EA Y:17 P:26 SP:FB
E84D  D0 F8     BNE  A:00 X:E9 Y:17 P:A4 SP:FB
E847  2C 02 20  BIT  A:00 X:E9 Y:17 P:A4 SP:FB
E84A  30 06     BMI  A:00 X:E9 Y:17 P:26 SP:FB
E84C  CA        DEX  A:00 X:E9 Y:17 P:26 SP:FB
E84D  D0 F8     BNE  A:00 X:E8 Y:17 P:A4 SP:FB
E847  2C 02 20  BIT  A:00 X:E8 Y:17 P:A4 SP:FB
E84A  30 06     BMI  A:00 X:E8 Y:17 P:26 SP:FB
E84C  CA        DEX  A:00 X:E8 Y:17 P:26 SP:FB
E84D  D0 F8     BNE  A:00 X:E7 Y:17 P:A4 SP:FB
E847  2C 02 20  BIT  A:00 X:E7 Y:17 P:A4 SP:FB
E84A  30 06     BMI  A:00 X:E7 Y:17 P:26 SP:FB
E84C  CA        DEX  A:00 X:E7 Y:17 P:26 SP:FB
E84D  D0 F8     BNE  A:00 X:E6 Y:17 P:A4 SP:FB
E847  2C 02 20  BIT  A:00 X:E6 Y:17 P:A4 SP:FB
E84A  30 06     BMI  A:00 X:E6 Y:17 P:26 SP:FB
E84C  CA        DEX  A:00 X:E6 Y:17 P:26 SP:FB
E84D  D0 F8     BNE  A:00 X:E5 Y:17 P:A4 SP:FB
E847  2C 02 20  BIT  A:00 X:E5 Y:17 P:A4 SP:FB
E84A  30 06     BMI  A:00 X:E5 Y:17 P:26 SP:FB
E84C  CA        DEX  A:00 X:E5 Y:17 P:26 SP:FB
E84D  D0 F8     BNE  A:00 X:E4 Y:17 P:A4 SP:FB
E847  2C 02 20  BIT  A:00 X:E4 Y:17 P:A4 SP:FB
E84A  30 06     BMI  A:00 X:E4 Y:17 P:26 SP:FB
E84C  CA        DEX  A:00 X:E4 Y:17 P:26 SP:FB
E84D  D0 F8     BNE  A:00 X:E3 Y:17 P:A4 SP:FB
E847  2C 02 20  BIT  A:00 X:E3 Y:17 P:A4 SP:FB
E84A  30 06     BMI  A:00 X:E3 Y:17 P:26 SP:FB
E84C  CA        DEX  A:00 X:E3 Y:17 P:26 SP:FB
E84D  D0 F8     BNE  A:00 X:E2 Y:17 P:A4 SP:FB
E847  2C 02 20  BIT  A:00 X:E2 Y:17 P:A4 SP:FB
E84A  30 06     BMI  A:00 X:E2 Y:17 P:26 SP:FB
E84C  CA        DEX  A:00 X:E2 Y:17 P:26 SP:FB
E84D  D0 F8     BNE  A:00 X:E1 Y:17 P:A4 SP:FB
E847  2C 02 20  BIT  A:00 X:E1 Y:17 P:A4 SP:FB
E84A  30 06     BMI  A:00 X:E1 Y:17 P:26 SP:FB
E84C  CA        DEX  A:00 X:E1 Y:17 P:26 SP:FB
E84D  D0 F8     BNE  A:00 X:E0 Y:17 P:A4 SP:FB
E847  2C 02 20  BIT  A:00 X:E0 Y:17 P:A4 SP:FB
E84A  30 06     BMI  A:00 X:E0 Y:17 P:26 SP:FB
E84C  CA        DEX  A:00 X:E0 Y:17 P:26 SP:FB
E84D  D0 F8     BNE  A:00 X:DF Y:17 P:A4 SP:FB
E847  2C 02 20  BIT  A:00 X:DF Y:17 P:A4 SP:FB
E84A  30 06     BMI  A:00 X:DF Y:17 P:26 SP:FB
E84C  CA        DEX  A:00 X:DF Y:17 P:26 SP:FB
E84D  D0 F8     BNE  A:00 X:DE Y:17 P:A4 SP:FB
E847  2C 02 20  BIT  A:00 X:DE Y:17 P:A4 SP:FB
E84A  30 06     BMI  A:00 X:DE Y:17 P:26 SP:FB
E84C  CA        DEX  A:00 X:DE Y:17 P:26 SP:FB
E84D  D0 F8     BNE  A:00 X:DD Y:17 P:A4 SP:FB
E847  2C 02 20  BIT  A:00 X:DD Y:17 P:A4 SP:FB
E84A  30 06     BMI  A:00 X:DD Y:17 P:26 SP:FB
E84C  CA        DEX  A:00 X:DD Y:17 P:26 SP:FB
E84D  D0 F8     BNE  A:00 X:DC Y:17 P:A4 SP:FB
E847  2C 02 20  BIT  A:00 X:DC Y:17 P:A4 SP:FB
E84A  30 06     BMI  A:00 X:DC Y:17 P:26 SP:FB
E84C  CA        DEX  A:00 X:DC Y:17 P:26 SP:FB
E84D  D0 F8     BNE  A:00 X:DB Y:17 P:A4 SP:FB
E847  2C 02 20  BIT  A:00 X:DB Y:17 P:A4 SP:FB
E84A  30 06     BMI  A:00 X:DB Y:17 P:26 SP:FB
E84C  CA        DEX  A:00 X:DB Y:17 P:26 SP:FB
E84D  D0 F8     BNE  A:00 X:DA Y:17 P:A4 SP:FB
E847  2C 02 20  BIT  A:00 X:DA Y:17 P:A4 SP:FB
E84A  30 06     BMI  A:00 X:DA Y:17 P:26 SP:FB
E84C  CA        DEX  A:00 X:DA Y:17 P:26 SP:FB
E84D  D0 F8     BNE  A:00 X:D9 Y:17 P:A4 SP:FB
E847  2C 02 20  BIT  A:00 X:D9 Y:17 P:A4 SP:FB
E84A  30 06     BMI  A:00 X:D9 Y:17 P:26 SP:FB
E84C  CA        DEX  A:00 X:D9 Y:17 P:26 SP:FB
E84D  D0 F8     BNE  A:00 X:D8 Y:17 P:A4 SP:FB
E847  2C 02 20  BIT  A:00 X:D8 Y:17 P:A4 SP:FB
E84A  30 06     BMI  A:00 X:D8 Y:17 P:26 SP:FB
E84C  CA        DEX  A:00 X:D8 Y:17 P:26 SP:FB
E84D  D0 F8     BNE  A:00 X:D7 Y:17 P:A4 SP:FB
E847  2C 02 20  BIT  A:00 X:D7 Y:17 P:A4 SP:FB
E84A  30 06     BMI  A:00 X:D7 Y:17 P:26 SP:FB
E84C  CA        DEX  A:00 X:D7 Y:17 P:26 SP:FB
E84D  D0 F8     BNE  A:00 X:D6 Y:17 P:A4 SP:FB
E847  2C 02 20  BIT  A:00 X:D6 Y:17 P:A4 SP:FB
E84A  30 06     BMI  A:00 X:D6 Y:17 P:26 SP:FB
E84C  CA        DEX  A:00 X:D6 Y:17 P:26 SP:FB
E84D  D0 F8     BNE  A:00 X:D5 Y:17 P:A4 SP:FB
E847  2C 02 20  BIT  A:00 X:D5 Y:17 P:A4 SP:FB
E84A  30 06     BMI  A:00 X:D5 Y:17 P:26 SP:FB
E84C  CA        DEX  A:00 X:D5 Y:17 P:26 SP:FB
E84D  D0 F8     BNE  A:00 X:D4 Y:17 P:A4 SP:FB
E847  2C 02 20  BIT  A:00 X:D4 Y:17 P:A4 SP:FB
E84A  30 06     BMI  A:00 X:D4 Y:17 P:26 SP:FB
E84C  CA        DEX  A:00 X:D4 Y:17 P:26 SP:FB
E84D  D0 F8     BNE  A:00 X:D3 Y:17 P:A4 SP:FB
E847  2C 02 20  BIT  A:00 X:D3 Y:17 P:A4 SP:FB
E84A  30 06     BMI  A:00 X:D3 Y:17 P:26 SP:FB
E84C  CA        DEX  A:00 X:D3 Y:17 P:26 SP:FB
E84D  D0 F8     BNE  A:00 X:D2 Y:17 P:A4 SP:FB
E847  2C 02 20  BIT  A:00 X:D2 Y:17 P:A4 SP:FB
E84A  30 06     BMI  A:00 X:D2 Y:17 P:26 SP:FB
E84C  CA        DEX  A:00 X:D2 Y:17 P:26 SP:FB
E84D  D0 F8     BNE  A:00 X:D1 Y:17 P:A4 SP:FB
E847  2C 02 20  BIT  A:00 X:D1 Y:17 P:A4 SP:FB
E84A  30 06     BMI  A:00 X:D1 Y:17 P:26 SP:FB
E84C  CA        DEX  A:00 X:D1 Y:17 P:26 SP:FB
E84D  D0 F8     BNE  A:00 X:D0 Y:17 P:A4 SP:FB
E847  2C 02 20  BIT  A:00 X:D0 Y:17 P:A4 SP:FB
E84A  30 06     BMI  A:00 X:D0 Y:17 P:26 SP:FB
E84C  CA        DEX  A:00 X:D0 Y:17 P:26 SP:FB
E84D  D0 F8     BNE  A:00 X:CF Y:17 P:A4 SP:FB
E847  2C 02 20  BIT  A:00 X:CF Y:17 P:A4 SP:FB
E84A  30 06     BMI  A:00 X:CF Y:17 P:26 SP:FB
E84C  CA        DEX  A:00 X:CF Y:17 P:26 SP:FB
E84D  D0 F8     BNE  A:00 X:CE Y:17 P:A4 SP:FB
E847  2C 02 20  BIT  A:00 X:CE Y:17 P:A4 SP:FB
E84A  30 06     BMI  A:00 X:CE Y:17 P:26 SP:FB
E84C  CA        DEX  A:00 X:CE Y:17 P:26 SP:FB
E84D  D0 F8     BNE  A:00 X:CD Y:17 P:A4 SP:FB
E847  2C 02 20  BIT  A:00 X:CD Y:17 P:A4 SP:FB
E84A  30 06     BMI  A:00 X:CD Y:17 P:26 SP:FB
E84C  CA        DEX  A:00 X:CD Y:17 P:26 SP:FB
E84D  D0 F8     BNE  A:00 X:CC Y:17 P:A4 SP:FB
E847  2C 02 20  BIT  A:00 X:CC Y:17 P:A4 SP:FB
E84A  30 06     BMI  A:00 X:CC Y:17 P:26 SP:FB
E84C  CA        DEX  A:00 X:CC Y:17 P:26 SP:FB
E84D  D0 F8     BNE  A:00 X:CB Y:17 P:A4 SP:FB
E847  2C 02 20  BIT  A:00 X:CB Y:17 P:A4 SP:FB
E84A  30 06     BMI  A:00 X:CB Y:17 P:26 SP:FB
E84C  CA        DEX  A:00 X:CB Y:17 P:26 SP:FB
E84D  D0 F8     BNE  A:00 X:CA Y:17 P:A4 SP:FB
E847  2C 02 20  BIT  A:00 X:CA Y:17 P:A4 SP:FB
E84A  30 06     BMI  A:00 X:CA Y:17 P:26 SP:FB
E84C  CA        DEX  A:00 X:CA Y:17 P:26 SP:FB
E84D  D0 F8     BNE  A:00 X:C9 Y:17 P:A4 SP:FB
E847  2C 02 20  BIT  A:00 X:C9 Y:17 P:A4 SP:FB
E84A  30 06     BMI  A:00 X:C9 Y:17 P:26 SP:FB
E84C  CA        DEX  A:00 X:C9 Y:17 P:26 SP:FB
E84D  D0 F8     BNE  A:00 X:C8 Y:17 P:A4 SP:FB
E847  2C 02 20  BIT  A:00 X:C8 Y:17 P:A4 SP:FB
E84A  30 06     BMI  A:00 X:C8 Y:17 P:26 SP:FB
E84C  CA        DEX  A:00 X:C8 Y:17 P:26 SP:FB
E84D  D0 F8     BNE  A:00 X:C7 Y:17 P:A4 SP:FB
E847  2C 02 20  BIT  A:00 X:C7 Y:17 P:A4 SP:FB
E84A  30 06     BMI  A:00 X:C7 Y:17 P:26 SP:FB
E84C  CA        DEX  A:00 X:C7 Y:17 P:26 SP:FB
E84D  D0 F8     BNE  A:00 X:C6 Y:17 P:A4 SP:FB
E847  2C 02 20  BIT  A:00 X:C6 Y:17 P:A4 SP:FB
E84A  30 06     BMI  A:00 X:C6 Y:17 P:26 SP:FB
E84C  CA        DEX  A:00 X:C6 Y:17 P:26 SP:FB
E84D  D0 F8     BNE  A:00 X:C5 Y:17 P:A4 SP:FB
E847  2C 02 20  BIT  A:00 X:C5 Y:17 P:A4 SP:FB
E84A  30 06     BMI  A:00 X:C5 Y:17 P:26 SP:FB
E84C  CA        DEX  A:00 X:C5 Y:17 P:26 SP:FB
E84D  D0 F8     BNE  A:00 X:C4 Y:17 P:A4 SP:FB
E847  2C 02 20  BIT  A:00 X:C4 Y:17 P:A4 SP:FB
E84A  30 06     BMI  A:00 X:C4 Y:17 P:26 SP:FB
E84C  CA        DEX  A:00 X:C4 Y:17 P:26 SP:FB
E84D  D0 F8     BNE  A:00 X:C3 Y:17 P:A4 SP:FB
E847  2C 02 20  BIT  A:00 X:C3 Y:17 P:A4 SP:FB
E84A  30 06     BMI  A:00 X:C3 Y:17 P:26 SP:FB
E84C  CA        DEX  A:00 X:C3 Y:17 P:26 SP:FB
E84D  D0 F8     BNE  A:00 X:C2 Y:17 P:A4 SP:FB
E847  2C 02 20  BIT  A:00 X:C2 Y:17 P:A4 SP:FB
E84A  30 06     BMI  A:00 X:C2 Y:17 P:26 SP:FB
E84C  CA        DEX  A:00 X:C2 Y:17 P:26 SP:FB
E84D  D0 F8     BNE  A:00 X:C1 Y:17 P:A4 SP:FB
E847  2C 02 20  BIT  A:00 X:C1 Y:17 P:A4 SP:FB
E84A  30 06     BMI  A:00 X:C1 Y:17 P:26 SP:FB
E84C  CA        DEX  A:00 X:C1 Y:17 P:26 SP:FB
E84D  D0 F8     BNE  A:00 X:C0 Y:17 P:A4 SP:FB
E847  2C 02 20  BIT  A:00 X:C0 Y:17 P:A4 SP:FB
E84A  30 06     BMI  A:00 X:C0 Y:17 P:26 SP:FB
E84C  CA        DEX  A:00 X:C0 Y:17 P:26 SP:FB
E84D  D0 F8     BNE  A:00 X:BF Y:17 P:A4 SP:FB
E847  2C 02 20  BIT  A:00 X:BF Y:17 P:A4 SP:FB
E84A  30 06     BMI  A:00 X:BF Y:17 P:26 SP:FB
E84C  CA        DEX  A:00 X:BF Y:17 P:26 SP:FB
E84D  D0 F8     BNE  A:00 X:BE Y:17 P:A4 SP:FB
E847  2C 02 20  BIT  A:00 X:BE Y:17 P:A4 SP:FB
E84A  30 06     BMI  A:00 X:BE Y:17 P:26 SP:FB
E84C  CA        DEX  A:00 X:BE Y:17 P:26 SP:FB
E84D  D0 F8     BNE  A:00 X:BD Y:17 P:A4 SP:FB
E847  2C 02 20  BIT  A:00 X:BD Y:17 P:A4 SP:FB
E84A  30 06     BMI  A:00 X:BD Y:17 P:26 SP:FB
E84C  CA        DEX  A:00 X:BD Y:17 P:26 SP:FB
E84D  D0 F8     BNE  A:00 X:BC Y:17 P:A4 SP:FB
E847  2C 02 20  BIT  A:00 X:BC Y:17 P:A4 SP:FB
E84A  30 06     BMI  A:00 X:BC Y:17 P:26 SP:FB
E84C  CA        DEX  A:00 X:BC Y:17 P:26 SP:FB
E84D  D0 F8     BNE  A:00 X:BB Y:17 P:A4 SP:FB
E847  2C 02 20  BIT  A:00 X:BB Y:17 P:A4 SP:FB
E84A  30 06     BMI  A:00 X:BB Y:17 P:26 SP:FB
E84C  CA        DEX  A:00 X:BB Y:17 P:26 SP:FB
E84D  D0 F8     BNE  A:00 X:BA Y:17 P:A4 SP:FB
E847  2C 02 20  BIT  A:00 X:BA Y:17 P:A4 SP:FB
E84A  30 06     BMI  A:00 X:BA Y:17 P:26 SP:FB
E84C  CA        DEX  A:00 X:BA Y:17 P:26 SP:FB
E84D  D0 F8     BNE  A:00 X:B9 Y:17 P:A4 SP:FB
E847  2C 02 20  BIT  A:00 X:B9 Y:17 P:A4 SP:FB
E84A  30 06     BMI  A:00 X:B9 Y:17 P:26 SP:FB
E84C  CA        DEX  A:00 X:B9 Y:17 P:26 SP:FB
E84D  D0 F8     BNE  A:00 X:B8 Y:17 P:A4 SP:FB
E847  2C 02 20  BIT  A:00 X:B8 Y:17 P:A4 SP:FB
E84A  30 06     BMI  A:00 X:B8 Y:17 P:26 SP:FB
E84C  CA        DEX  A:00 X:B8 Y:17 P:26 SP:FB
E84D  D0 F8     BNE  A:00 X:B7 Y:17 P:A4 SP:FB
E847  2C 02 20  BIT  A:00 X:B7 Y:17 P:A4 SP:FB
E84A  30 06     BMI  A:00 X:B7 Y:17 P:26 SP:FB
E84C  CA        DEX  A:00 X:B7 Y:17 P:26 SP:FB
E84D  D0 F8     BNE  A:00 X:B6 Y:17 P:A4 SP:FB
E847  2C 02 20  BIT  A:00 X:B6 Y:17 P:A4 SP:FB
E84A  30 06     BMI  A:00 X:B6 Y:17 P:26 SP:FB
E84C  CA        DEX  A:00 X:B6 Y:17 P:26 SP:FB
E84D  D0 F8     BNE  A:00 X:B5 Y:17 P:A4 SP:FB
E847  2C 02 20  BIT  A:00 X:B5 Y:17 P:A4 SP:FB
E84A  30 06     BMI  A:00 X:B5 Y:17 P:26 SP:FB
E84C  CA        DEX  A:00 X:B5 Y:17 P:26 SP:FB
E84D  D0 F8     BNE  A:00 X:B4 Y:17 P:A4 SP:FB
E847  2C 02 20  BIT  A:00 X:B4 Y:17 P:A4 SP:FB
E84A  30 06     BMI  A:00 X:B4 Y:17 P:26 SP:FB
E84C  CA        DEX  A:00 X:B4 Y:17 P:26 SP:FB
E84D  D0 F8     BNE  A:00 X:B3 Y:17 P:A4 SP:FB
E847  2C 02 20  BIT  A:00 X:B3 Y:17 P:A4 SP:FB
E84A  30 06     BMI  A:00 X:B3 Y:17 P:26 SP:FB
E84C  CA        DEX  A:00 X:B3 Y:17 P:26 SP:FB
E84D  D0 F8     BNE  A:00 X:B2 Y:17 P:A4 SP:FB
E847  2C 02 20  BIT  A:00 X:B2 Y:17 P:A4 SP:FB
E84A  30 06     BMI  A:00 X:B2 Y:17 P:26 SP:FB
E84C  CA        DEX  A:00 X:B2 Y:17 P:26 SP:FB
E84D  D0 F8     BNE  A:00 X:B1 Y:17 P:A4 SP:FB
E847  2C 02 20  BIT  A:00 X:B1 Y:17 P:A4 SP:FB
E84A  30 06     BMI  A:00 X:B1 Y:17 P:26 SP:FB
E84C  CA        DEX  A:00 X:B1 Y:17 P:26 SP:FB
E84D  D0 F8     BNE  A:00 X:B0 Y:17 P:A4 SP:FB
E847  2C 02 20  BIT  A:00 X:B0 Y:17 P:A4 SP:FB
E84A  30 06     BMI  A:00 X:B0 Y:17 P:26 SP:FB
E84C  CA        DEX  A:00 X:B0 Y:17 P:26 SP:FB
E84D  D0 F8     BNE  A:00 X:AF Y:17 P:A4 SP:FB
E847  2C 02 20  BIT  A:00 X:AF Y:17 P:A4 SP:FB
E84A  30 06     BMI  A:00 X:AF Y:17 P:26 SP:FB
E84C  CA        DEX  A:00 X:AF Y:17 P:26 SP:FB
E84D  D0 F8     BNE  A:00 X:AE Y:17 P:A4 SP:FB
E847  2C 02 20  BIT  A:00 X:AE Y:17 P:A4 SP:FB
E84A  30 06     BMI  A:00 X:AE Y:17 P:26 SP:FB
E84C  CA        DEX  A:00 X:AE Y:17 P:26 SP:FB
E84D  D0 F8     BNE  A:00 X:AD Y:17 P:A4 SP:FB
E847  2C 02 20  BIT  A:00 X:AD Y:17 P:A4 SP:FB
E84A  30 06     BMI  A:00 X:AD Y:17 P:26 SP:FB
E84C  CA        DEX  A:00 X:AD Y:17 P:26 SP:FB
E84D  D0 F8     BNE  A:00 X:AC Y:17 P:A4 SP:FB
E847  2C 02 20  BIT  A:00 X:AC Y:17 P:A4 SP:FB
E84A  30 06     BMI  A:00 X:AC Y:17 P:26 SP:FB
E84C  CA        DEX  A:00 X:AC Y:17 P:26 SP:FB
E84D  D0 F8     BNE  A:00 X:AB Y:17 P:A4 SP:FB
E847  2C 02 20  BIT  A:00 X:AB Y:17 P:A4 SP:FB
E84A  30 06     BMI  A:00 X:AB Y:17 P:26 SP:FB
E84C  CA        DEX  A:00 X:AB Y:17 P:26 SP:FB
E84D  D0 F8     BNE  A:00 X:AA Y:17 P:A4 SP:FB
E847  2C 02 20  BIT  A:00 X:AA Y:17 P:A4 SP:FB
E84A  30 06     BMI  A:00 X:AA Y:17 P:26 SP:FB
E84C  CA        DEX  A:00 X:AA Y:17 P:26 SP:FB
E84D  D0 F8     BNE  A:00 X:A9 Y:17 P:A4 SP:FB
E847  2C 02 20  BIT  A:00 X:A9 Y:17 P:A4 SP:FB
E84A  30 06     BMI  A:00 X:A9 Y:17 P:26 SP:FB
E84C  CA        DEX  A:00 X:A9 Y:17 P:26 SP:FB
E84D  D0 F8     BNE  A:00 X:A8 Y:17 P:A4 SP:FB
E847  2C 02 20  BIT  A:00 X:A8 Y:17 P:A4 SP:FB
E84A  30 06     BMI  A:00 X:A8 Y:17 P:26 SP:FB
E84C  CA        DEX  A:00 X:A8 Y:17 P:26 SP:FB
E84D  D0 F8     BNE  A:00 X:A7 Y:17 P:A4 SP:FB
E847  2C 02 20  BIT  A:00 X:A7 Y:17 P:A4 SP:FB
E84A  30 06     BMI  A:00 X:A7 Y:17 P:26 SP:FB
E84C  CA        DEX  A:00 X:A7 Y:17 P:26 SP:FB
E84D  D0 F8     BNE  A:00 X:A6 Y:17 P:A4 SP:FB
E847  2C 02 20  BIT  A:00 X:A6 Y:17 P:A4 SP:FB
E84A  30 06     BMI  A:00 X:A6 Y:17 P:26 SP:FB
E84C  CA        DEX  A:00 X:A6 Y:17 P:26 SP:FB
E84D  D0 F8     BNE  A:00 X:A5 Y:17 P:A4 SP:FB
E847  2C 02 20  BIT  A:00 X:A5 Y:17 P:A4 SP:FB
E84A  30 06     BMI  A:00 X:A5 Y:17 P:26 SP:FB
E84C  CA        DEX  A:00 X:A5 Y:17 P:26 SP:FB
E84D  D0 F8     BNE  A:00 X:A4 Y:17 P:A4 SP:FB
E847  2C 02 20  BIT  A:00 X:A4 Y:17 P:A4 SP:FB
E84A  30 06     BMI  A:00 X:A4 Y:17 P:26 SP:FB
E84C  CA        DEX  A:00 X:A4 Y:17 P:26 SP:FB
E84D  D0 F8     BNE  A:00 X:A3 Y:17 P:A4 SP:FB
E847  2C 02 20  BIT  A:00 X:A3 Y:17 P:A4 SP:FB
E84A  30 06     BMI  A:00 X:A3 Y:17 P:26 SP:FB
E84C  CA        DEX  A:00 X:A3 Y:17 P:26 SP:FB
E84D  D0 F8     BNE  A:00 X:A2 Y:17 P:A4 SP:FB
E847  2C 02 20  BIT  A:00 X:A2 Y:17 P:A4 SP:FB
E84A  30 06     BMI  A:00 X:A2 Y:17 P:26 SP:FB
E84C  CA        DEX  A:00 X:A2 Y:17 P:26 SP:FB
E84D  D0 F8     BNE  A:00 X:A1 Y:17 P:A4 SP:FB
E847  2C 02 20  BIT  A:00 X:A1 Y:17 P:A4 SP:FB
E84A  30 06     BMI  A:00 X:A1 Y:17 P:26 SP:FB
E84C  CA        DEX  A:00 X:A1 Y:17 P:26 SP:FB
E84D  D0 F8     BNE  A:00 X:A0 Y:17 P:A4 SP:FB
E847  2C 02 20  BIT  A:00 X:A0 Y:17 P:A4 SP:FB
E84A  30 06     BMI  A:00 X:A0 Y:17 P:26 SP:FB
E84C  CA        DEX  A:00 X:A0 Y:17 P:26 SP:FB
E84D  D0 F8     BNE  A:00 X:9F Y:17 P:A4 SP:FB
E847  2C 02 20  BIT  A:00 X:9F Y:17 P:A4 SP:FB
E84A  30 06     BMI  A:00 X:9F Y:17 P:26 SP:FB
E84C  CA        DEX  A:00 X:9F Y:17 P:26 SP:FB
E84D  D0 F8     BNE  A:00 X:9E Y:17 P:A4 SP:FB
E847  2C 02 20  BIT  A:00 X:9E Y:17 P:A4 SP:FB
E84A  30 06     BMI  A:00 X:9E Y:17 P:26 SP:FB
E84C  CA        DEX  A:00 X:9E Y:17 P:26 SP:FB
E84D  D0 F8     BNE  A:00 X:9D Y:17 P:A4 SP:FB
E847  2C 02 20  BIT  A:00 X:9D Y:17 P:A4 SP:FB
E84A  30 06     BMI  A:00 X:9D Y:17 P:26 SP:FB
E84C  CA        DEX  A:00 X:9D Y:17 P:26 SP:FB
E84D  D0 F8     BNE  A:00 X:9C Y:17 P:A4 SP:FB
E847  2C 02 20  BIT  A:00 X:9C Y:17 P:A4 SP:FB
E84A  30 06     BMI  A:00 X:9C Y:17 P:26 SP:FB
E84C  CA        DEX  A:00 X:9C Y:17 P:26 SP:FB
E84D  D0 F8     BNE  A:00 X:9B Y:17 P:A4 SP:FB
E847  2C 02 20  BIT  A:00 X:9B Y:17 P:A4 SP:FB
E84A  30 06     BMI  A:00 X:9B Y:17 P:26 SP:FB
E84C  CA        DEX  A:00 X:9B Y:17 P:26 SP:FB
E84D  D0 F8     BNE  A:00 X:9A Y:17 P:A4 SP:FB
E847  2C 02 20  BIT  A:00 X:9A Y:17 P:A4 SP:FB
E84A  30 06     BMI  A:00 X:9A Y:17 P:26 SP:FB
E84C  CA        DEX  A:00 X:9A Y:17 P:26 SP:FB
E84D  D0 F8     BNE  A:00 X:99 Y:17 P:A4 SP:FB
E847  2C 02 20  BIT  A:00 X:99 Y:17 P:A4 SP:FB
E84A  30 06     BMI  A:00 X:99 Y:17 P:26 SP:FB
E84C  CA        DEX  A:00 X:99 Y:17 P:26 SP:FB
E84D  D0 F8     BNE  A:00 X:98 Y:17 P:A4 SP:FB
E847  2C 02 20  BIT  A:00 X:98 Y:17 P:A4 SP:FB
E84A  30 06     BMI  A:00 X:98 Y:17 P:26 SP:FB
E84C  CA        DEX  A:00 X:98 Y:17 P:26 SP:FB
E84D  D0 F8     BNE  A:00 X:97 Y:17 P:A4 SP:FB
E847  2C 02 20  BIT  A:00 X:97 Y:17 P:A4 SP:FB
E84A  30 06     BMI  A:00 X:97 Y:17 P:26 SP:FB
E84C  CA        DEX  A:00 X:97 Y:17 P:26 SP:FB
E84D  D0 F8     BNE  A:00 X:96 Y:17 P:A4 SP:FB
E847  2C 02 20  BIT  A:00 X:96 Y:17 P:A4 SP:FB
E84A  30 06     BMI  A:00 X:96 Y:17 P:26 SP:FB
E84C  CA        DEX  A:00 X:96 Y:17 P:26 SP:FB
E84D  D0 F8     BNE  A:00 X:95 Y:17 P:A4 SP:FB
E847  2C 02 20  BIT  A:00 X:95 Y:17 P:A4 SP:FB
E84A  30 06     BMI  A:00 X:95 Y:17 P:26 SP:FB
E84C  CA        DEX  A:00 X:95 Y:17 P:26 SP:FB
E84D  D0 F8     BNE  A:00 X:94 Y:17 P:A4 SP:FB
E847  2C 02 20  BIT  A:00 X:94 Y:17 P:A4 SP:FB
E84A  30 06     BMI  A:00 X:94 Y:17 P:26 SP:FB
E84C  CA        DEX  A:00 X:94 Y:17 P:26 SP:FB
E84D  D0 F8     BNE  A:00 X:93 Y:17 P:A4 SP:FB
E847  2C 02 20  BIT  A:00 X:93 Y:17 P:A4 SP:FB
E84A  30 06     BMI  A:00 X:93 Y:17 P:26 SP:FB
E84C  CA        DEX  A:00 X:93 Y:17 P:26 SP:FB
E84D  D0 F8     BNE  A:00 X:92 Y:17 P:A4 SP:FB
E847  2C 02 20  BIT  A:00 X:92 Y:17 P:A4 SP:FB
E84A  30 06     BMI  A:00 X:92 Y:17 P:26 SP:FB
E84C  CA        DEX  A:00 X:92 Y:17 P:26 SP:FB
E84D  D0 F8     BNE  A:00 X:91 Y:17 P:A4 SP:FB
E847  2C 02 20  BIT  A:00 X:91 Y:17 P:A4 SP:FB
E84A  30 06     BMI  A:00 X:91 Y:17 P:26 SP:FB
E84C  CA        DEX  A:00 X:91 Y:17 P:26 SP:FB
E84D  D0 F8     BNE  A:00 X:90 Y:17 P:A4 SP:FB
E847  2C 02 20  BIT  A:00 X:90 Y:17 P:A4 SP:FB
E84A  30 06     BMI  A:00 X:90 Y:17 P:26 SP:FB
E84C  CA        DEX  A:00 X:90 Y:17 P:26 SP:FB
E84D  D0 F8     BNE  A:00 X:8F Y:17 P:A4 SP:FB
E847  2C 02 20  BIT  A:00 X:8F Y:17 P:A4 SP:FB
E84A  30 06     BMI  A:00 X:8F Y:17 P:26 SP:FB
E84C  CA        DEX  A:00 X:8F Y:17 P:26 SP:FB
E84D  D0 F8     BNE  A:00 X:8E Y:17 P:A4 SP:FB
E847  2C 02 20  BIT  A:00 X:8E Y:17 P:A4 SP:FB
E84A  30 06     BMI  A:00 X:8E Y:17 P:26 SP:FB
E84C  CA        DEX  A:00 X:8E Y:17 P:26 SP:FB
E84D  D0 F8     BNE  A:00 X:8D Y:17 P:A4 SP:FB
E847  2C 02 20  BIT  A:00 X:8D Y:17 P:A4 SP:FB
E84A  30 06     BMI  A:00 X:8D Y:17 P:26 SP:FB
E84C  CA        DEX  A:00 X:8D Y:17 P:26 SP:FB
E84D  D0 F8     BNE  A:00 X:8C Y:17 P:A4 SP:FB
E847  2C 02 20  BIT  A:00 X:8C Y:17 P:A4 SP:FB
E84A  30 06     BMI  A:00 X:8C Y:17 P:26 SP:FB
E84C  CA        DEX  A:00 X:8C Y:17 P:26 SP:FB
E84D  D0 F8     BNE  A:00 X:8B Y:17 P:A4 SP:FB
E847  2C 02 20  BIT  A:00 X:8B Y:17 P:A4 SP:FB
E84A  30 06     BMI  A:00 X:8B Y:17 P:26 SP:FB
E84C  CA        DEX  A:00 X:8B Y:17 P:26 SP:FB
E84D  D0 F8     BNE  A:00 X:8A Y:17 P:A4 SP:FB
E847  2C 02 20  BIT  A:00 X:8A Y:17 P:A4 SP:FB
E84A  30 06     BMI  A:00 X:8A Y:17 P:26 SP:FB
E84C  CA        DEX  A:00 X:8A Y:17 P:26 SP:FB
E84D  D0 F8     BNE  A:00 X:89 Y:17 P:A4 SP:FB
E847  2C 02 20  BIT  A:00 X:89 Y:17 P:A4 SP:FB
E84A  30 06     BMI  A:00 X:89 Y:17 P:26 SP:FB
E84C  CA        DEX  A:00 X:89 Y:17 P:26 SP:FB
E84D  D0 F8     BNE  A:00 X:88 Y:17 P:A4 SP:FB
E847  2C 02 20  BIT  A:00 X:88 Y:17 P:A4 SP:FB
E84A  30 06     BMI  A:00 X:88 Y:17 P:26 SP:FB
E84C  CA        DEX  A:00 X:88 Y:17 P:26 SP:FB
E84D  D0 F8     BNE  A:00 X:87 Y:17 P:A4 SP:FB
E847  2C 02 20  BIT  A:00 X:87 Y:17 P:A4 SP:FB
E84A  30 06     BMI  A:00 X:87 Y:17 P:26 SP:FB
E84C  CA        DEX  A:00 X:87 Y:17 P:26 SP:FB
E84D  D0 F8     BNE  A:00 X:86 Y:17 P:A4 SP:FB
E847  2C 02 20  BIT  A:00 X:86 Y:17 P:A4 SP:FB
E84A  30 06     BMI  A:00 X:86 Y:17 P:26 SP:FB
E84C  CA        DEX  A:00 X:86 Y:17 P:26 SP:FB
E84D  D0 F8     BNE  A:00 X:85 Y:17 P:A4 SP:FB
E847  2C 02 20  BIT  A:00 X:85 Y:17 P:A4 SP:FB
E84A  30 06     BMI  A:00 X:85 Y:17 P:26 SP:FB
E84C  CA        DEX  A:00 X:85 Y:17 P:26 SP:FB
E84D  D0 F8     BNE  A:00 X:84 Y:17 P:A4 SP:FB
E847  2C 02 20  BIT  A:00 X:84 Y:17 P:A4 SP:FB
E84A  30 06     BMI  A:00 X:84 Y:17 P:26 SP:FB
E84C  CA        DEX  A:00 X:84 Y:17 P:26 SP:FB
E84D  D0 F8     BNE  A:00 X:83 Y:17 P:A4 SP:FB
E847  2C 02 20  BIT  A:00 X:83 Y:17 P:A4 SP:FB
E84A  30 06     BMI  A:00 X:83 Y:17 P:26 SP:FB
E84C  CA        DEX  A:00 X:83 Y:17 P:26 SP:FB
E84D  D0 F8     BNE  A:00 X:82 Y:17 P:A4 SP:FB
E847  2C 02 20  BIT  A:00 X:82 Y:17 P:A4 SP:FB
E84A  30 06     BMI  A:00 X:82 Y:17 P:26 SP:FB
E84C  CA        DEX  A:00 X:82 Y:17 P:26 SP:FB
E84D  D0 F8     BNE  A:00 X:81 Y:17 P:A4 SP:FB
E847  2C 02 20  BIT  A:00 X:81 Y:17 P:A4 SP:FB
E84A  30 06     BMI  A:00 X:81 Y:17 P:26 SP:FB
E84C  CA        DEX  A:00 X:81 Y:17 P:26 SP:FB
E84D  D0 F8     BNE  A:00 X:80 Y:17 P:A4 SP:FB
E847  2C 02 20  BIT  A:00 X:80 Y:17 P:A4 SP:FB
E84A  30 06     BMI  A:00 X:80 Y:17 P:26 SP:FB
E84C  CA        DEX  A:00 X:80 Y:17 P:26 SP:FB
E84D  D0 F8     BNE  A:00 X:7F Y:17 P:24 SP:FB
E847  2C 02 20  BIT  A:00 X:7F Y:17 P:24 SP:FB
E84A  30 06     BMI  A:00 X:7F Y:17 P:26 SP:FB
E84C  CA        DEX  A:00 X:7F Y:17 P:26 SP:FB
E84D  D0 F8     BNE  A:00 X:7E Y:17 P:24 SP:FB
E847  2C 02 20  BIT  A:00 X:7E Y:17 P:24 SP:FB
E84A  30 06     BMI  A:00 X:7E Y:17 P:26 SP:FB
E84C  CA        DEX  A:00 X:7E Y:17 P:26 SP:FB
E84D  D0 F8     BNE  A:00 X:7D Y:17 P:24 SP:FB
E847  2C 02 20  BIT  A:00 X:7D Y:17 P:24 SP:FB
E84A  30 06     BMI  A:00 X:7D Y:17 P:26 SP:FB
E84C  CA        DEX  A:00 X:7D Y:17 P:26 SP:FB
E84D  D0 F8     BNE  A:00 X:7C Y:17 P:24 SP:FB
E847  2C 02 20  BIT  A:00 X:7C Y:17 P:24 SP:FB
E84A  30 06     BMI  A:00 X:7C Y:17 P:26 SP:FB
E84C  CA        DEX  A:00 X:7C Y:17 P:26 SP:FB
E84D  D0 F8     BNE  A:00 X:7B Y:17 P:24 SP:FB
E847  2C 02 20  BIT  A:00 X:7B Y:17 P:24 SP:FB
E84A  30 06     BMI  A:00 X:7B Y:17 P:26 SP:FB
E84C  CA        DEX  A:00 X:7B Y:17 P:26 SP:FB
E84D  D0 F8     BNE  A:00 X:7A Y:17 P:24 SP:FB
E847  2C 02 20  BIT  A:00 X:7A Y:17 P:24 SP:FB
E84A  30 06     BMI  A:00 X:7A Y:17 P:26 SP:FB
E84C  CA        DEX  A:00 X:7A Y:17 P:26 SP:FB
E84D  D0 F8     BNE  A:00 X:79 Y:17 P:24 SP:FB
E847  2C 02 20  BIT  A:00 X:79 Y:17 P:24 SP:FB
E84A  30 06     BMI  A:00 X:79 Y:17 P:26 SP:FB
E84C  CA        DEX  A:00 X:79 Y:17 P:26 SP:FB
E84D  D0 F8     BNE  A:00 X:78 Y:17 P:24 SP:FB
E847  2C 02 20  BIT  A:00 X:78 Y:17 P:24 SP:FB
E84A  30 06     BMI  A:00 X:78 Y:17 P:26 SP:FB
E84C  CA        DEX  A:00 X:78 Y:17 P:26 SP:FB
E84D  D0 F8     BNE  A:00 X:77 Y:17 P:24 SP:FB
E847  2C 02 20  BIT  A:00 X:77 Y:17 P:24 SP:FB
E84A  30 06     BMI  A:00 X:77 Y:17 P:26 SP:FB
E84C  CA        DEX  A:00 X:77 Y:17 P:26 SP:FB
E84D  D0 F8     BNE  A:00 X:76 Y:17 P:24 SP:FB
E847  2C 02 20  BIT  A:00 X:76 Y:17 P:24 SP:FB
E84A  30 06     BMI  A:00 X:76 Y:17 P:26 SP:FB
E84C  CA        DEX  A:00 X:76 Y:17 P:26 SP:FB
E84D  D0 F8     BNE  A:00 X:75 Y:17 P:24 SP:FB
E847  2C 02 20  BIT  A:00 X:75 Y:17 P:24 SP:FB
E84A  30 06     BMI  A:00 X:75 Y:17 P:26 SP:FB
E84C  CA        DEX  A:00 X:75 Y:17 P:26 SP:FB
E84D  D0 F8     BNE  A:00 X:74 Y:17 P:24 SP:FB
E847  2C 02 20  BIT  A:00 X:74 Y:17 P:24 SP:FB
E84A  30 06     BMI  A:00 X:74 Y:17 P:26 SP:FB
E84C  CA        DEX  A:00 X:74 Y:17 P:26 SP:FB
E84D  D0 F8     BNE  A:00 X:73 Y:17 P:24 SP:FB
E847  2C 02 20  BIT  A:00 X:73 Y:17 P:24 SP:FB
E84A  30 06     BMI  A:00 X:73 Y:17 P:26 SP:FB
E84C  CA        DEX  A:00 X:73 Y:17 P:26 SP:FB
E84D  D0 F8     BNE  A:00 X:72 Y:17 P:24 SP:FB
E847  2C 02 20  BIT  A:00 X:72 Y:17 P:24 SP:FB
E84A  30 06     BMI  A:00 X:72 Y:17 P:26 SP:FB
E84C  CA        DEX  A:00 X:72 Y:17 P:26 SP:FB
E84D  D0 F8     BNE  A:00 X:71 Y:17 P:24 SP:FB
E847  2C 02 20  BIT  A:00 X:71 Y:17 P:24 SP:FB
E84A  30 06     BMI  A:00 X:71 Y:17 P:26 SP:FB
E84C  CA        DEX  A:00 X:71 Y:17 P:26 SP:FB
E84D  D0 F8     BNE  A:00 X:70 Y:17 P:24 SP:FB
E847  2C 02 20  BIT  A:00 X:70 Y:17 P:24 SP:FB
E84A  30 06     BMI  A:00 X:70 Y:17 P:26 SP:FB
E84C  CA        DEX  A:00 X:70 Y:17 P:26 SP:FB
E84D  D0 F8     BNE  A:00 X:6F Y:17 P:24 SP:FB
E847  2C 02 20  BIT  A:00 X:6F Y:17 P:24 SP:FB
E84A  30 06     BMI  A:00 X:6F Y:17 P:26 SP:FB
E84C  CA        DEX  A:00 X:6F Y:17 P:26 SP:FB
E84D  D0 F8     BNE  A:00 X:6E Y:17 P:24 SP:FB
E847  2C 02 20  BIT  A:00 X:6E Y:17 P:24 SP:FB
E84A  30 06     BMI  A:00 X:6E Y:17 P:26 SP:FB
E84C  CA        DEX  A:00 X:6E Y:17 P:26 SP:FB
E84D  D0 F8     BNE  A:00 X:6D Y:17 P:24 SP:FB
E847  2C 02 20  BIT  A:00 X:6D Y:17 P:24 SP:FB
E84A  30 06     BMI  A:00 X:6D Y:17 P:26 SP:FB
E84C  CA        DEX  A:00 X:6D Y:17 P:26 SP:FB
E84D  D0 F8     BNE  A:00 X:6C Y:17 P:24 SP:FB
E847  2C 02 20  BIT  A:00 X:6C Y:17 P:24 SP:FB
E84A  30 06     BMI  A:00 X:6C Y:17 P:26 SP:FB
E84C  CA        DEX  A:00 X:6C Y:17 P:26 SP:FB
E84D  D0 F8     BNE  A:00 X:6B Y:17 P:24 SP:FB
E847  2C 02 20  BIT  A:00 X:6B Y:17 P:24 SP:FB
E84A  30 06     BMI  A:00 X:6B Y:17 P:26 SP:FB
E84C  CA        DEX  A:00 X:6B Y:17 P:26 SP:FB
E84D  D0 F8     BNE  A:00 X:6A Y:17 P:24 SP:FB
E847  2C 02 20  BIT  A:00 X:6A Y:17 P:24 SP:FB
E84A  30 06     BMI  A:00 X:6A Y:17 P:26 SP:FB
E84C  CA        DEX  A:00 X:6A Y:17 P:26 SP:FB
E84D  D0 F8     BNE  A:00 X:69 Y:17 P:24 SP:FB
E847  2C 02 20  BIT  A:00 X:69 Y:17 P:24 SP:FB
E84A  30 06     BMI  A:00 X:69 Y:17 P:26 SP:FB
E84C  CA        DEX  A:00 X:69 Y:17 P:26 SP:FB
E84D  D0 F8     BNE  A:00 X:68 Y:17 P:24 SP:FB
E847  2C 02 20  BIT  A:00 X:68 Y:17 P:24 SP:FB
E84A  30 06     BMI  A:00 X:68 Y:17 P:26 SP:FB
E84C  CA        DEX  A:00 X:68 Y:17 P:26 SP:FB
E84D  D0 F8     BNE  A:00 X:67 Y:17 P:24 SP:FB
E847  2C 02 20  BIT  A:00 X:67 Y:17 P:24 SP:FB
E84A  30 06     BMI  A:00 X:67 Y:17 P:26 SP:FB
E84C  CA        DEX  A:00 X:67 Y:17 P:26 SP:FB
E84D  D0 F8     BNE  A:00 X:66 Y:17 P:24 SP:FB
E847  2C 02 20  BIT  A:00 X:66 Y:17 P:24 SP:FB
E84A  30 06     BMI  A:00 X:66 Y:17 P:26 SP:FB
E84C  CA        DEX  A:00 X:66 Y:17 P:26 SP:FB
E84D  D0 F8     BNE  A:00 X:65 Y:17 P:24 SP:FB
E847  2C 02 20  BIT  A:00 X:65 Y:17 P:24 SP:FB
E84A  30 06     BMI  A:00 X:65 Y:17 P:26 SP:FB
E84C  CA        DEX  A:00 X:65 Y:17 P:26 SP:FB
E84D  D0 F8     BNE  A:00 X:64 Y:17 P:24 SP:FB
E847  2C 02 20  BIT  A:00 X:64 Y:17 P:24 SP:FB
E84A  30 06     BMI  A:00 X:64 Y:17 P:26 SP:FB
E84C  CA        DEX  A:00 X:64 Y:17 P:26 SP:FB
E84D  D0 F8     BNE  A:00 X:63 Y:17 P:24 SP:FB
E847  2C 02 20  BIT  A:00 X:63 Y:17 P:24 SP:FB
E84A  30 06     BMI  A:00 X:63 Y:17 P:26 SP:FB
E84C  CA        DEX  A:00 X:63 Y:17 P:26 SP:FB
E84D  D0 F8     BNE  A:00 X:62 Y:17 P:24 SP:FB
E847  2C 02 20  BIT  A:00 X:62 Y:17 P:24 SP:FB
E84A  30 06     BMI  A:00 X:62 Y:17 P:26 SP:FB
E84C  CA        DEX  A:00 X:62 Y:17 P:26 SP:FB
E84D  D0 F8     BNE  A:00 X:61 Y:17 P:24 SP:FB
E847  2C 02 20  BIT  A:00 X:61 Y:17 P:24 SP:FB
E84A  30 06     BMI  A:00 X:61 Y:17 P:26 SP:FB
E84C  CA        DEX  A:00 X:61 Y:17 P:26 SP:FB
E84D  D0 F8     BNE  A:00 X:60 Y:17 P:24 SP:FB
E847  2C 02 20  BIT  A:00 X:60 Y:17 P:24 SP:FB
E84A  30 06     BMI  A:00 X:60 Y:17 P:26 SP:FB
E84C  CA        DEX  A:00 X:60 Y:17 P:26 SP:FB
E84D  D0 F8     BNE  A:00 X:5F Y:17 P:24 SP:FB
E847  2C 02 20  BIT  A:00 X:5F Y:17 P:24 SP:FB
E84A  30 06     BMI  A:00 X:5F Y:17 P:26 SP:FB
E84C  CA        DEX  A:00 X:5F Y:17 P:26 SP:FB
E84D  D0 F8     BNE  A:00 X:5E Y:17 P:24 SP:FB
E847  2C 02 20  BIT  A:00 X:5E Y:17 P:24 SP:FB
E84A  30 06     BMI  A:00 X:5E Y:17 P:26 SP:FB
E84C  CA        DEX  A:00 X:5E Y:17 P:26 SP:FB
E84D  D0 F8     BNE  A:00 X:5D Y:17 P:24 SP:FB
E847  2C 02 20  BIT  A:00 X:5D Y:17 P:24 SP:FB
E84A  30 06     BMI  A:00 X:5D Y:17 P:26 SP:FB
E84C  CA        DEX  A:00 X:5D Y:17 P:26 SP:FB
E84D  D0 F8     BNE  A:00 X:5C Y:17 P:24 SP:FB
E847  2C 02 20  BIT  A:00 X:5C Y:17 P:24 SP:FB
E84A  30 06     BMI  A:00 X:5C Y:17 P:26 SP:FB
E84C  CA        DEX  A:00 X:5C Y:17 P:26 SP:FB
E84D  D0 F8     BNE  A:00 X:5B Y:17 P:24 SP:FB
E847  2C 02 20  BIT  A:00 X:5B Y:17 P:24 SP:FB
E84A  30 06     BMI  A:00 X:5B Y:17 P:26 SP:FB
E84C  CA        DEX  A:00 X:5B Y:17 P:26 SP:FB
E84D  D0 F8     BNE  A:00 X:5A Y:17 P:24 SP:FB
E847  2C 02 20  BIT  A:00 X:5A Y:17 P:24 SP:FB
E84A  30 06     BMI  A:00 X:5A Y:17 P:26 SP:FB
E84C  CA        DEX  A:00 X:5A Y:17 P:26 SP:FB
E84D  D0 F8     BNE  A:00 X:59 Y:17 P:24 SP:FB
E847  2C 02 20  BIT  A:00 X:59 Y:17 P:24 SP:FB
E84A  30 06     BMI  A:00 X:59 Y:17 P:26 SP:FB
E84C  CA        DEX  A:00 X:59 Y:17 P:26 SP:FB
E84D  D0 F8     BNE  A:00 X:58 Y:17 P:24 SP:FB
E847  2C 02 20  BIT  A:00 X:58 Y:17 P:24 SP:FB
E84A  30 06     BMI  A:00 X:58 Y:17 P:26 SP:FB
E84C  CA        DEX  A:00 X:58 Y:17 P:26 SP:FB
E84D  D0 F8     BNE  A:00 X:57 Y:17 P:24 SP:FB
E847  2C 02 20  BIT  A:00 X:57 Y:17 P:24 SP:FB
E84A  30 06     BMI  A:00 X:57 Y:17 P:26 SP:FB
E84C  CA        DEX  A:00 X:57 Y:17 P:26 SP:FB
E84D  D0 F8     BNE  A:00 X:56 Y:17 P:24 SP:FB
E847  2C 02 20  BIT  A:00 X:56 Y:17 P:24 SP:FB
E84A  30 06     BMI  A:00 X:56 Y:17 P:26 SP:FB
E84C  CA        DEX  A:00 X:56 Y:17 P:26 SP:FB
E84D  D0 F8     BNE  A:00 X:55 Y:17 P:24 SP:FB
E847  2C 02 20  BIT  A:00 X:55 Y:17 P:24 SP:FB
E84A  30 06     BMI  A:00 X:55 Y:17 P:26 SP:FB
E84C  CA        DEX  A:00 X:55 Y:17 P:26 SP:FB
E84D  D0 F8     BNE  A:00 X:54 Y:17 P:24 SP:FB
E847  2C 02 20  BIT  A:00 X:54 Y:17 P:24 SP:FB
E84A  30 06     BMI  A:00 X:54 Y:17 P:26 SP:FB
E84C  CA        DEX  A:00 X:54 Y:17 P:26 SP:FB
E84D  D0 F8     BNE  A:00 X:53 Y:17 P:24 SP:FB
E847  2C 02 20  BIT  A:00 X:53 Y:17 P:24 SP:FB
E84A  30 06     BMI  A:00 X:53 Y:17 P:26 SP:FB
E84C  CA        DEX  A:00 X:53 Y:17 P:26 SP:FB
E84D  D0 F8     BNE  A:00 X:52 Y:17 P:24 SP:FB
E847  2C 02 20  BIT  A:00 X:52 Y:17 P:24 SP:FB
E84A  30 06     BMI  A:00 X:52 Y:17 P:26 SP:FB
E84C  CA        DEX  A:00 X:52 Y:17 P:26 SP:FB
E84D  D0 F8     BNE  A:00 X:51 Y:17 P:24 SP:FB
E847  2C 02 20  BIT  A:00 X:51 Y:17 P:24 SP:FB
E84A  30 06     BMI  A:00 X:51 Y:17 P:26 SP:FB
E84C  CA        DEX  A:00 X:51 Y:17 P:26 SP:FB
E84D  D0 F8     BNE  A:00 X:50 Y:17 P:24 SP:FB
E847  2C 02 20  BIT  A:00 X:50 Y:17 P:24 SP:FB
E84A  30 06     BMI  A:00 X:50 Y:17 P:26 SP:FB
E84C  CA        DEX  A:00 X:50 Y:17 P:26 SP:FB
E84D  D0 F8     BNE  A:00 X:4F Y:17 P:24 SP:FB
E847  2C 02 20  BIT  A:00 X:4F Y:17 P:24 SP:FB
E84A  30 06     BMI  A:00 X:4F Y:17 P:26 SP:FB
E84C  CA        DEX  A:00 X:4F Y:17 P:26 SP:FB
E84D  D0 F8     BNE  A:00 X:4E Y:17 P:24 SP:FB
E847  2C 02 20  BIT  A:00 X:4E Y:17 P:24 SP:FB
E84A  30 06     BMI  A:00 X:4E Y:17 P:26 SP:FB
E84C  CA        DEX  A:00 X:4E Y:17 P:26 SP:FB
E84D  D0 F8     BNE  A:00 X:4D Y:17 P:24 SP:FB
E847  2C 02 20  BIT  A:00 X:4D Y:17 P:24 SP:FB
E84A  30 06     BMI  A:00 X:4D Y:17 P:26 SP:FB
E84C  CA        DEX  A:00 X:4D Y:17 P:26 SP:FB
E84D  D0 F8     BNE  A:00 X:4C Y:17 P:24 SP:FB
E847  2C 02 20  BIT  A:00 X:4C Y:17 P:24 SP:FB
E84A  30 06     BMI  A:00 X:4C Y:17 P:26 SP:FB
E84C  CA        DEX  A:00 X:4C Y:17 P:26 SP:FB
E84D  D0 F8     BNE  A:00 X:4B Y:17 P:24 SP:FB
E847  2C 02 20  BIT  A:00 X:4B Y:17 P:24 SP:FB
E84A  30 06     BMI  A:00 X:4B Y:17 P:26 SP:FB
E84C  CA        DEX  A:00 X:4B Y:17 P:26 SP:FB
E84D  D0 F8     BNE  A:00 X:4A Y:17 P:24 SP:FB
E847  2C 02 20  BIT  A:00 X:4A Y:17 P:24 SP:FB
E84A  30 06     BMI  A:00 X:4A Y:17 P:26 SP:FB
E84C  CA        DEX  A:00 X:4A Y:17 P:26 SP:FB
E84D  D0 F8     BNE  A:00 X:49 Y:17 P:24 SP:FB
E847  2C 02 20  BIT  A:00 X:49 Y:17 P:24 SP:FB
E84A  30 06     BMI  A:00 X:49 Y:17 P:26 SP:FB
E84C  CA        DEX  A:00 X:49 Y:17 P:26 SP:FB
E84D  D0 F8     BNE  A:00 X:48 Y:17 P:24 SP:FB
E847  2C 02 20  BIT  A:00 X:48 Y:17 P:24 SP:FB
E84A  30 06     BMI  A:00 X:48 Y:17 P:26 SP:FB
E84C  CA        DEX  A:00 X:48 Y:17 P:26 SP:FB
E84D  D0 F8     BNE  A:00 X:47 Y:17 P:24 SP:FB
E847  2C 02 20  BIT  A:00 X:47 Y:17 P:24 SP:FB
E84A  30 06     BMI  A:00 X:47 Y:17 P:26 SP:FB
E84C  CA        DEX  A:00 X:47 Y:17 P:26 SP:FB
E84D  D0 F8     BNE  A:00 X:46 Y:17 P:24 SP:FB
E847  2C 02 20  BIT  A:00 X:46 Y:17 P:24 SP:FB
E84A  30 06     BMI  A:00 X:46 Y:17 P:26 SP:FB
E84C  CA        DEX  A:00 X:46 Y:17 P:26 SP:FB
E84D  D0 F8     BNE  A:00 X:45 Y:17 P:24 SP:FB
E847  2C 02 20  BIT  A:00 X:45 Y:17 P:24 SP:FB
E84A  30 06     BMI  A:00 X:45 Y:17 P:26 SP:FB
E84C  CA        DEX  A:00 X:45 Y:17 P:26 SP:FB
E84D  D0 F8     BNE  A:00 X:44 Y:17 P:24 SP:FB
E847  2C 02 20  BIT  A:00 X:44 Y:17 P:24 SP:FB
E84A  30 06     BMI  A:00 X:44 Y:17 P:26 SP:FB
E84C  CA        DEX  A:00 X:44 Y:17 P:26 SP:FB
E84D  D0 F8     BNE  A:00 X:43 Y:17 P:24 SP:FB
E847  2C 02 20  BIT  A:00 X:43 Y:17 P:24 SP:FB
E84A  30 06     BMI  A:00 X:43 Y:17 P:26 SP:FB
E84C  CA        DEX  A:00 X:43 Y:17 P:26 SP:FB
E84D  D0 F8     BNE  A:00 X:42 Y:17 P:24 SP:FB
E847  2C 02 20  BIT  A:00 X:42 Y:17 P:24 SP:FB
E84A  30 06     BMI  A:00 X:42 Y:17 P:26 SP:FB
E84C  CA        DEX  A:00 X:42 Y:17 P:26 SP:FB
E84D  D0 F8     BNE  A:00 X:41 Y:17 P:24 SP:FB
E847  2C 02 20  BIT  A:00 X:41 Y:17 P:24 SP:FB
E84A  30 06     BMI  A:00 X:41 Y:17 P:26 SP:FB
E84C  CA        DEX  A:00 X:41 Y:17 P:26 SP:FB
E84D  D0 F8     BNE  A:00 X:40 Y:17 P:24 SP:FB
E847  2C 02 20  BIT  A:00 X:40 Y:17 P:24 SP:FB
E84A  30 06     BMI  A:00 X:40 Y:17 P:26 SP:FB
E84C  CA        DEX  A:00 X:40 Y:17 P:26 SP:FB
E84D  D0 F8     BNE  A:00 X:3F Y:17 P:24 SP:FB
E847  2C 02 20  BIT  A:00 X:3F Y:17 P:24 SP:FB
E84A  30 06     BMI  A:00 X:3F Y:17 P:26 SP:FB
E84C  CA        DEX  A:00 X:3F Y:17 P:26 SP:FB
E84D  D0 F8     BNE  A:00 X:3E Y:17 P:24 SP:FB
E847  2C 02 20  BIT  A:00 X:3E Y:17 P:24 SP:FB
E84A  30 06     BMI  A:00 X:3E Y:17 P:26 SP:FB
E84C  CA        DEX  A:00 X:3E Y:17 P:26 SP:FB
E84D  D0 F8     BNE  A:00 X:3D Y:17 P:24 SP:FB
E847  2C 02 20  BIT  A:00 X:3D Y:17 P:24 SP:FB
E84A  30 06     BMI  A:00 X:3D Y:17 P:26 SP:FB
E84C  CA        DEX  A:00 X:3D Y:17 P:26 SP:FB
E84D  D0 F8     BNE  A:00 X:3C Y:17 P:24 SP:FB
E847  2C 02 20  BIT  A:00 X:3C Y:17 P:24 SP:FB
E84A  30 06     BMI  A:00 X:3C Y:17 P:26 SP:FB
E84C  CA        DEX  A:00 X:3C Y:17 P:26 SP:FB
E84D  D0 F8     BNE  A:00 X:3B Y:17 P:24 SP:FB
E847  2C 02 20  BIT  A:00 X:3B Y:17 P:24 SP:FB
E84A  30 06     BMI  A:00 X:3B Y:17 P:26 SP:FB
E84C  CA        DEX  A:00 X:3B Y:17 P:26 SP:FB
E84D  D0 F8     BNE  A:00 X:3A Y:17 P:24 SP:FB
E847  2C 02 20  BIT  A:00 X:3A Y:17 P:24 SP:FB
E84A  30 06     BMI  A:00 X:3A Y:17 P:26 SP:FB
E84C  CA        DEX  A:00 X:3A Y:17 P:26 SP:FB
E84D  D0 F8     BNE  A:00 X:39 Y:17 P:24 SP:FB
E847  2C 02 20  BIT  A:00 X:39 Y:17 P:24 SP:FB
E84A  30 06     BMI  A:00 X:39 Y:17 P:26 SP:FB
E84C  CA        DEX  A:00 X:39 Y:17 P:26 SP:FB
E84D  D0 F8     BNE  A:00 X:38 Y:17 P:24 SP:FB
E847  2C 02 20  BIT  A:00 X:38 Y:17 P:24 SP:FB
E84A  30 06     BMI  A:00 X:38 Y:17 P:26 SP:FB
E84C  CA        DEX  A:00 X:38 Y:17 P:26 SP:FB
E84D  D0 F8     BNE  A:00 X:37 Y:17 P:24 SP:FB
E847  2C 02 20  BIT  A:00 X:37 Y:17 P:24 SP:FB
E84A  30 06     BMI  A:00 X:37 Y:17 P:26 SP:FB
E84C  CA        DEX  A:00 X:37 Y:17 P:26 SP:FB
E84D  D0 F8     BNE  A:00 X:36 Y:17 P:24 SP:FB
E847  2C 02 20  BIT  A:00 X:36 Y:17 P:24 SP:FB
E84A  30 06     BMI  A:00 X:36 Y:17 P:26 SP:FB
E84C  CA        DEX  A:00 X:36 Y:17 P:26 SP:FB
E84D  D0 F8     BNE  A:00 X:35 Y:17 P:24 SP:FB
E847  2C 02 20  BIT  A:00 X:35 Y:17 P:24 SP:FB
E84A  30 06     BMI  A:00 X:35 Y:17 P:26 SP:FB
E84C  CA        DEX  A:00 X:35 Y:17 P:26 SP:FB
E84D  D0 F8     BNE  A:00 X:34 Y:17 P:24 SP:FB
E847  2C 02 20  BIT  A:00 X:34 Y:17 P:24 SP:FB
E84A  30 06     BMI  A:00 X:34 Y:17 P:26 SP:FB
E84C  CA        DEX  A:00 X:34 Y:17 P:26 SP:FB
E84D  D0 F8     BNE  A:00 X:33 Y:17 P:24 SP:FB
E847  2C 02 20  BIT  A:00 X:33 Y:17 P:24 SP:FB
E84A  30 06     BMI  A:00 X:33 Y:17 P:26 SP:FB
E84C  CA        DEX  A:00 X:33 Y:17 P:26 SP:FB
E84D  D0 F8     BNE  A:00 X:32 Y:17 P:24 SP:FB
E847  2C 02 20  BIT  A:00 X:32 Y:17 P:24 SP:FB
E84A  30 06     BMI  A:00 X:32 Y:17 P:26 SP:FB
E84C  CA        DEX  A:00 X:32 Y:17 P:26 SP:FB
E84D  D0 F8     BNE  A:00 X:31 Y:17 P:24 SP:FB
E847  2C 02 20  BIT  A:00 X:31 Y:17 P:24 SP:FB
E84A  30 06     BMI  A:00 X:31 Y:17 P:26 SP:FB
E84C  CA        DEX  A:00 X:31 Y:17 P:26 SP:FB
E84D  D0 F8     BNE  A:00 X:30 Y:17 P:24 SP:FB
E847  2C 02 20  BIT  A:00 X:30 Y:17 P:24 SP:FB
E84A  30 06     BMI  A:00 X:30 Y:17 P:26 SP:FB
E84C  CA        DEX  A:00 X:30 Y:17 P:26 SP:FB
E84D  D0 F8     BNE  A:00 X:2F Y:17 P:24 SP:FB
E847  2C 02 20  BIT  A:00 X:2F Y:17 P:24 SP:FB
E84A  30 06     BMI  A:00 X:2F Y:17 P:26 SP:FB
E84C  CA        DEX  A:00 X:2F Y:17 P:26 SP:FB
E84D  D0 F8     BNE  A:00 X:2E Y:17 P:24 SP:FB
E847  2C 02 20  BIT  A:00 X:2E Y:17 P:24 SP:FB
E84A  30 06     BMI  A:00 X:2E Y:17 P:26 SP:FB
E84C  CA        DEX  A:00 X:2E Y:17 P:26 SP:FB
E84D  D0 F8     BNE  A:00 X:2D Y:17 P:24 SP:FB
E847  2C 02 20  BIT  A:00 X:2D Y:17 P:24 SP:FB
E84A  30 06     BMI  A:00 X:2D Y:17 P:26 SP:FB
E84C  CA        DEX  A:00 X:2D Y:17 P:26 SP:FB
E84D  D0 F8     BNE  A:00 X:2C Y:17 P:24 SP:FB
E847  2C 02 20  BIT  A:00 X:2C Y:17 P:24 SP:FB
E84A  30 06     BMI  A:00 X:2C Y:17 P:26 SP:FB
E84C  CA        DEX  A:00 X:2C Y:17 P:26 SP:FB
E84D  D0 F8     BNE  A:00 X:2B Y:17 P:24 SP:FB
E847  2C 02 20  BIT  A:00 X:2B Y:17 P:24 SP:FB
E84A  30 06     BMI  A:00 X:2B Y:17 P:26 SP:FB
E84C  CA        DEX  A:00 X:2B Y:17 P:26 SP:FB
E84D  D0 F8     BNE  A:00 X:2A Y:17 P:24 SP:FB
E847  2C 02 20  BIT  A:00 X:2A Y:17 P:24 SP:FB
E84A  30 06     BMI  A:00 X:2A Y:17 P:26 SP:FB
E84C  CA        DEX  A:00 X:2A Y:17 P:26 SP:FB
E84D  D0 F8     BNE  A:00 X:29 Y:17 P:24 SP:FB
E847  2C 02 20  BIT  A:00 X:29 Y:17 P:24 SP:FB
E84A  30 06     BMI  A:00 X:29 Y:17 P:26 SP:FB
E84C  CA        DEX  A:00 X:29 Y:17 P:26 SP:FB
E84D  D0 F8     BNE  A:00 X:28 Y:17 P:24 SP:FB
E847  2C 02 20  BIT  A:00 X:28 Y:17 P:24 SP:FB
E84A  30 06     BMI  A:00 X:28 Y:17 P:26 SP:FB
E84C  CA        DEX  A:00 X:28 Y:17 P:26 SP:FB
E84D  D0 F8     BNE  A:00 X:27 Y:17 P:24 SP:FB
E847  2C 02 20  BIT  A:00 X:27 Y:17 P:24 SP:FB
E84A  30 06     BMI  A:00 X:27 Y:17 P:26 SP:FB
E84C  CA        DEX  A:00 X:27 Y:17 P:26 SP:FB
E84D  D0 F8     BNE  A:00 X:26 Y:17 P:24 SP:FB
E847  2C 02 20  BIT  A:00 X:26 Y:17 P:24 SP:FB
E84A  30 06     BMI  A:00 X:26 Y:17 P:26 SP:FB
E84C  CA        DEX  A:00 X:26 Y:17 P:26 SP:FB
E84D  D0 F8     BNE  A:00 X:25 Y:17 P:24 SP:FB
E847  2C 02 20  BIT  A:00 X:25 Y:17 P:24 SP:FB
E84A  30 06     BMI  A:00 X:25 Y:17 P:26 SP:FB
E84C  CA        DEX  A:00 X:25 Y:17 P:26 SP:FB
E84D  D0 F8     BNE  A:00 X:24 Y:17 P:24 SP:FB
E847  2C 02 20  BIT  A:00 X:24 Y:17 P:24 SP:FB
E84A  30 06     BMI  A:00 X:24 Y:17 P:26 SP:FB
E84C  CA        DEX  A:00 X:24 Y:17 P:26 SP:FB
E84D  D0 F8     BNE  A:00 X:23 Y:17 P:24 SP:FB
E847  2C 02 20  BIT  A:00 X:23 Y:17 P:24 SP:FB
E84A  30 06     BMI  A:00 X:23 Y:17 P:26 SP:FB
E84C  CA        DEX  A:00 X:23 Y:17 P:26 SP:FB
E84D  D0 F8     BNE  A:00 X:22 Y:17 P:24 SP:FB
E847  2C 02 20  BIT  A:00 X:22 Y:17 P:24 SP:FB
E84A  30 06     BMI  A:00 X:22 Y:17 P:26 SP:FB
E84C  CA        DEX  A:00 X:22 Y:17 P:26 SP:FB
E84D  D0 F8     BNE  A:00 X:21 Y:17 P:24 SP:FB
E847  2C 02 20  BIT  A:00 X:21 Y:17 P:24 SP:FB
E84A  30 06     BMI  A:00 X:21 Y:17 P:26 SP:FB
E84C  CA        DEX  A:00 X:21 Y:17 P:26 SP:FB
E84D  D0 F8     BNE  A:00 X:20 Y:17 P:24 SP:FB
E847  2C 02 20  BIT  A:00 X:20 Y:17 P:24 SP:FB
E84A  30 06     BMI  A:00 X:20 Y:17 P:26 SP:FB
E84C  CA        DEX  A:00 X:20 Y:17 P:26 SP:FB
E84D  D0 F8     BNE  A:00 X:1F Y:17 P:24 SP:FB
E847  2C 02 20  BIT  A:00 X:1F Y:17 P:24 SP:FB
E84A  30 06     BMI  A:00 X:1F Y:17 P:26 SP:FB
E84C  CA        DEX  A:00 X:1F Y:17 P:26 SP:FB
E84D  D0 F8     BNE  A:00 X:1E Y:17 P:24 SP:FB
E847  2C 02 20  BIT  A:00 X:1E Y:17 P:24 SP:FB
E84A  30 06     BMI  A:00 X:1E Y:17 P:26 SP:FB
E84C  CA        DEX  A:00 X:1E Y:17 P:26 SP:FB
E84D  D0 F8     BNE  A:00 X:1D Y:17 P:24 SP:FB
E847  2C 02 20  BIT  A:00 X:1D Y:17 P:24 SP:FB
E84A  30 06     BMI  A:00 X:1D Y:17 P:26 SP:FB
E84C  CA        DEX  A:00 X:1D Y:17 P:26 SP:FB
E84D  D0 F8     BNE  A:00 X:1C Y:17 P:24 SP:FB
E847  2C 02 20  BIT  A:00 X:1C Y:17 P:24 SP:FB
E84A  30 06     BMI  A:00 X:1C Y:17 P:26 SP:FB
E84C  CA        DEX  A:00 X:1C Y:17 P:26 SP:FB
E84D  D0 F8     BNE  A:00 X:1B Y:17 P:24 SP:FB
E847  2C 02 20  BIT  A:00 X:1B Y:17 P:24 SP:FB
E84A  30 06     BMI  A:00 X:1B Y:17 P:26 SP:FB
E84C  CA        DEX  A:00 X:1B Y:17 P:26 SP:FB
E84D  D0 F8     BNE  A:00 X:1A Y:17 P:24 SP:FB
E847  2C 02 20  BIT  A:00 X:1A Y:17 P:24 SP:FB
E84A  30 06     BMI  A:00 X:1A Y:17 P:26 SP:FB
E84C  CA        DEX  A:00 X:1A Y:17 P:26 SP:FB
E84D  D0 F8     BNE  A:00 X:19 Y:17 P:24 SP:FB
E847  2C 02 20  BIT  A:00 X:19 Y:17 P:24 SP:FB
E84A  30 06     BMI  A:00 X:19 Y:17 P:26 SP:FB
E84C  CA        DEX  A:00 X:19 Y:17 P:26 SP:FB
E84D  D0 F8     BNE  A:00 X:18 Y:17 P:24 SP:FB
E847  2C 02 20  BIT  A:00 X:18 Y:17 P:24 SP:FB
E84A  30 06     BMI  A:00 X:18 Y:17 P:26 SP:FB
E84C  CA        DEX  A:00 X:18 Y:17 P:26 SP:FB
E84D  D0 F8     BNE  A:00 X:17 Y:17 P:24 SP:FB
E847  2C 02 20  BIT  A:00 X:17 Y:17 P:24 SP:FB
E84A  30 06     BMI  A:00 X:17 Y:17 P:26 SP:FB
E84C  CA        DEX  A:00 X:17 Y:17 P:26 SP:FB
E84D  D0 F8     BNE  A:00 X:16 Y:17 P:24 SP:FB
E847  2C 02 20  BIT  A:00 X:16 Y:17 P:24 SP:FB
E84A  30 06     BMI  A:00 X:16 Y:17 P:26 SP:FB
E84C  CA        DEX  A:00 X:16 Y:17 P:26 SP:FB
E84D  D0 F8     BNE  A:00 X:15 Y:17 P:24 SP:FB
E847  2C 02 20  BIT  A:00 X:15 Y:17 P:24 SP:FB
E84A  30 06     BMI  A:00 X:15 Y:17 P:26 SP:FB
E84C  CA        DEX  A:00 X:15 Y:17 P:26 SP:FB
E84D  D0 F8     BNE  A:00 X:14 Y:17 P:24 SP:FB
E847  2C 02 20  BIT  A:00 X:14 Y:17 P:24 SP:FB
E84A  30 06     BMI  A:00 X:14 Y:17 P:26 SP:FB
E84C  CA        DEX  A:00 X:14 Y:17 P:26 SP:FB
E84D  D0 F8     BNE  A:00 X:13 Y:17 P:24 SP:FB
E847  2C 02 20  BIT  A:00 X:13 Y:17 P:24 SP:FB
E84A  30 06     BMI  A:00 X:13 Y:17 P:26 SP:FB
E84C  CA        DEX  A:00 X:13 Y:17 P:26 SP:FB
E84D  D0 F8     BNE  A:00 X:12 Y:17 P:24 SP:FB
E847  2C 02 20  BIT  A:00 X:12 Y:17 P:24 SP:FB
E84A  30 06     BMI  A:00 X:12 Y:17 P:26 SP:FB
E84C  CA        DEX  A:00 X:12 Y:17 P:26 SP:FB
E84D  D0 F8     BNE  A:00 X:11 Y:17 P:24 SP:FB
E847  2C 02 20  BIT  A:00 X:11 Y:17 P:24 SP:FB
E84A  30 06     BMI  A:00 X:11 Y:17 P:26 SP:FB
E84C  CA        DEX  A:00 X:11 Y:17 P:26 SP:FB
E84D  D0 F8     BNE  A:00 X:10 Y:17 P:24 SP:FB
E847  2C 02 20  BIT  A:00 X:10 Y:17 P:24 SP:FB
E84A  30 06     BMI  A:00 X:10 Y:17 P:26 SP:FB
E84C  CA        DEX  A:00 X:10 Y:17 P:26 SP:FB
E84D  D0 F8     BNE  A:00 X:0F Y:17 P:24 SP:FB
E847  2C 02 20  BIT  A:00 X:0F Y:17 P:24 SP:FB
E84A  30 06     BMI  A:00 X:0F Y:17 P:26 SP:FB
E84C  CA        DEX  A:00 X:0F Y:17 P:26 SP:FB
E84D  D0 F8     BNE  A:00 X:0E Y:17 P:24 SP:FB
E847  2C 02 20  BIT  A:00 X:0E Y:17 P:24 SP:FB
E84A  30 06     BMI  A:00 X:0E Y:17 P:26 SP:FB
E84C  CA        DEX  A:00 X:0E Y:17 P:26 SP:FB
E84D  D0 F8     BNE  A:00 X:0D Y:17 P:24 SP:FB
E847  2C 02 20  BIT  A:00 X:0D Y:17 P:24 SP:FB
E84A  30 06     BMI  A:00 X:0D Y:17 P:26 SP:FB
E84C  CA        DEX  A:00 X:0D Y:17 P:26 SP:FB
E84D  D0 F8     BNE  A:00 X:0C Y:17 P:24 SP:FB
E847  2C 02 20  BIT  A:00 X:0C Y:17 P:24 SP:FB
E84A  30 06     BMI  A:00 X:0C Y:17 P:26 SP:FB
E84C  CA        DEX  A:00 X:0C Y:17 P:26 SP:FB
E84D  D0 F8     BNE  A:00 X:0B Y:17 P:24 SP:FB
E847  2C 02 20  BIT  A:00 X:0B Y:17 P:24 SP:FB
E84A  30 06     BMI  A:00 X:0B Y:17 P:26 SP:FB
E84C  CA        DEX  A:00 X:0B Y:17 P:26 SP:FB
E84D  D0 F8     BNE  A:00 X:0A Y:17 P:24 SP:FB
E847  2C 02 20  BIT  A:00 X:0A Y:17 P:24 SP:FB
E84A  30 06     BMI  A:00 X:0A Y:17 P:26 SP:FB
E84C  CA        DEX  A:00 X:0A Y:17 P:26 SP:FB
E84D  D0 F8     BNE  A:00 X:09 Y:17 P:24 SP:FB
E847  2C 02 20  BIT  A:00 X:09 Y:17 P:24 SP:FB
E84A  30 06     BMI  A:00 X:09 Y:17 P:26 SP:FB
E84C  CA        DEX  A:00 X:09 Y:17 P:26 SP:FB
E84D  D0 F8     BNE  A:00 X:08 Y:17 P:24 SP:FB
E847  2C 02 20  BIT  A:00 X:08 Y:17 P:24 SP:FB
E84A  30 06     BMI  A:00 X:08 Y:17 P:26 SP:FB
E84C  CA        DEX  A:00 X:08 Y:17 P:26 SP:FB
E84D  D0 F8     BNE  A:00 X:07 Y:17 P:24 SP:FB
E847  2C 02 20  BIT  A:00 X:07 Y:17 P:24 SP:FB
E84A  30 06     BMI  A:00 X:07 Y:17 P:26 SP:FB
E84C  CA        DEX  A:00 X:07 Y:17 P:26 SP:FB
E84D  D0 F8     BNE  A:00 X:06 Y:17 P:24 SP:FB
E847  2C 02 20  BIT  A:00 X:06 Y:17 P:24 SP:FB
E84A  30 06     BMI  A:00 X:06 Y:17 P:26 SP:FB
E84C  CA        DEX  A:00 X:06 Y:17 P:26 SP:FB
E84D  D0 F8     BNE  A:00 X:05 Y:17 P:24 SP:FB
E847  2C 02 20  BIT  A:00 X:05 Y:17 P:24 SP:FB
E84A  30 06     BMI  A:00 X:05 Y:17 P:26 SP:FB
E84C  CA        DEX  A:00 X:05 Y:17 P:26 SP:FB
E84D  D0 F8     BNE  A:00 X:04 Y:17 P:24 SP:FB
E847  2C 02 20  BIT  A:00 X:04 Y:17 P:24 SP:FB
E84A  30 06     BMI  A:00 X:04 Y:17 P:26 SP:FB
E84C  CA        DEX  A:00 X:04 Y:17 P:26 SP:FB
E84D  D0 F8     BNE  A:00 X:03 Y:17 P:24 SP:FB
E847  2C 02 20  BIT  A:00 X:03 Y:17 P:24 SP:FB
E84A  30 06     BMI  A:00 X:03 Y:17 P:26 SP:FB
E84C  CA        DEX  A:00 X:03 Y:17 P:26 SP:FB
E84D  D0 F8     BNE  A:00 X:02 Y:17 P:24 SP:FB
E847  2C 02 20  BIT  A:00 X:02 Y:17 P:24 SP:FB
E84A  30 06     BMI  A:00 X:02 Y:17 P:26 SP:FB
E84C  CA        DEX  A:00 X:02 Y:17 P:26 SP:FB
E84D  D0 F8     BNE  A:00 X:01 Y:17 P:24 SP:FB
E847  2C 02 20  BIT  A:00 X:01 Y:17 P:24 SP:FB
E84A  30 06     BMI  A:00 X:01 Y:17 P:26 SP:FB
E84C  CA        DEX  A:00 X:01 Y:17 P:26 SP:FB
E84D  D0 F8     BNE  A:00 X:00 Y:17 P:26 SP:FB
E84F  88        DEY  A:00 X:00 Y:17 P:26 SP:FB
E850  10 F5     BPL  A:00 X:00 Y:16 P:24 SP:FB
E847  2C 02 20  BIT  A:00 X:00 Y:16 P:24 SP:FB
E84A  30 06     BMI  A:00 X:00 Y:16 P:26 SP:FB
E84C  CA        DEX  A:00 X:00 Y:16 P:26 SP:FB
E84D  D0 F8     BNE  A:00 X:FF Y:16 P:A4 SP:FB
E847  2C 02 20  BIT  A:00 X:FF Y:16 P:A4 SP:FB
E84A  30 06     BMI  A:00 X:FF Y:16 P:26 SP:FB
E84C  CA        DEX  A:00 X:FF Y:16 P:26 SP:FB
E84D  D0 F8     BNE  A:00 X:FE Y:16 P:A4 SP:FB
E847  2C 02 20  BIT  A:00 X:FE Y:16 P:A4 SP:FB
E84A  30 06     BMI  A:00 X:FE Y:16 P:26 SP:FB
E84C  CA        DEX  A:00 X:FE Y:16 P:26 SP:FB
E84D  D0 F8     BNE  A:00 X:FD Y:16 P:A4 SP:FB
E847  2C 02 20  BIT  A:00 X:FD Y:16 P:A4 SP:FB
E84A  30 06     BMI  A:00 X:FD Y:16 P:26 SP:FB
E84C  CA        DEX  A:00 X:FD Y:16 P:26 SP:FB
E84D  D0 F8     BNE  A:00 X:FC Y:16 P:A4 SP:FB
E847  2C 02 20  BIT  A:00 X:FC Y:16 P:A4 SP:FB
E84A  30 06     BMI  A:00 X:FC Y:16 P:26 SP:FB
E84C  CA        DEX  A:00 X:FC Y:16 P:26 SP:FB
E84D  D0 F8     BNE  A:00 X:FB Y:16 P:A4 SP:FB
E847  2C 02 20  BIT  A:00 X:FB Y:16 P:A4 SP:FB
E84A  30 06     BMI  A:00 X:FB Y:16 P:26 SP:FB
E84C  CA        DEX  A:00 X:FB Y:16 P:26 SP:FB
E84D  D0 F8     BNE  A:00 X:FA Y:16 P:A4 SP:FB
E847  2C 02 20  BIT  A:00 X:FA Y:16 P:A4 SP:FB
E84A  30 06     BMI  A:00 X:FA Y:16 P:26 SP:FB
E84C  CA        DEX  A:00 X:FA Y:16 P:26 SP:FB
E84D  D0 F8     BNE  A:00 X:F9 Y:16 P:A4 SP:FB
E847  2C 02 20  BIT  A:00 X:F9 Y:16 P:A4 SP:FB
E84A  30 06     BMI  A:00 X:F9 Y:16 P:26 SP:FB
E84C  CA        DEX  A:00 X:F9 Y:16 P:26 SP:FB
E84D  D0 F8     BNE  A:00 X:F8 Y:16 P:A4 SP:FB
E847  2C 02 20  BIT  A:00 X:F8 Y:16 P:A4 SP:FB
E84A  30 06     BMI  A:00 X:F8 Y:16 P:26 SP:FB
E84C  CA        DEX  A:00 X:F8 Y:16 P:26 SP:FB
E84D  D0 F8     BNE  A:00 X:F7 Y:16 P:A4 SP:FB
E847  2C 02 20  BIT  A:00 X:F7 Y:16 P:A4 SP:FB
E84A  30 06     BMI  A:00 X:F7 Y:16 P:26 SP:FB
E84C  CA        DEX  A:00 X:F7 Y:16 P:26 SP:FB
E84D  D0 F8     BNE  A:00 X:F6 Y:16 P:A4 SP:FB
E847  2C 02 20  BIT  A:00 X:F6 Y:16 P:A4 SP:FB
E84A  30 06     BMI  A:00 X:F6 Y:16 P:26 SP:FB
E84C  CA        DEX  A:00 X:F6 Y:16 P:26 SP:FB
E84D  D0 F8     BNE  A:00 X:F5 Y:16 P:A4 SP:FB
E847  2C 02 20  BIT  A:00 X:F5 Y:16 P:A4 SP:FB
E84A  30 06     BMI  A:00 X:F5 Y:16 P:26 SP:FB
E84C  CA        DEX  A:00 X:F5 Y:16 P:26 SP:FB
E84D  D0 F8     BNE  A:00 X:F4 Y:16 P:A4 SP:FB
E847  2C 02 20  BIT  A:00 X:F4 Y:16 P:A4 SP:FB
E84A  30 06     BMI  A:00 X:F4 Y:16 P:26 SP:FB
E84C  CA        DEX  A:00 X:F4 Y:16 P:26 SP:FB
E84D  D0 F8     BNE  A:00 X:F3 Y:16 P:A4 SP:FB
E847  2C 02 20  BIT  A:00 X:F3 Y:16 P:A4 SP:FB
E84A  30 06     BMI  A:00 X:F3 Y:16 P:26 SP:FB
E84C  CA        DEX  A:00 X:F3 Y:16 P:26 SP:FB
E84D  D0 F8     BNE  A:00 X:F2 Y:16 P:A4 SP:FB
E847  2C 02 20  BIT  A:00 X:F2 Y:16 P:A4 SP:FB
E84A  30 06     BMI  A:00 X:F2 Y:16 P:26 SP:FB
E84C  CA        DEX  A:00 X:F2 Y:16 P:26 SP:FB
E84D  D0 F8     BNE  A:00 X:F1 Y:16 P:A4 SP:FB
E847  2C 02 20  BIT  A:00 X:F1 Y:16 P:A4 SP:FB
E84A  30 06     BMI  A:00 X:F1 Y:16 P:26 SP:FB
E84C  CA        DEX  A:00 X:F1 Y:16 P:26 SP:FB
E84D  D0 F8     BNE  A:00 X:F0 Y:16 P:A4 SP:FB
E847  2C 02 20  BIT  A:00 X:F0 Y:16 P:A4 SP:FB
E84A  30 06     BMI  A:00 X:F0 Y:16 P:26 SP:FB
E84C  CA        DEX  A:00 X:F0 Y:16 P:26 SP:FB
E84D  D0 F8     BNE  A:00 X:EF Y:16 P:A4 SP:FB
E847  2C 02 20  BIT  A:00 X:EF Y:16 P:A4 SP:FB
E84A  30 06     BMI  A:00 X:EF Y:16 P:26 SP:FB
E84C  CA        DEX  A:00 X:EF Y:16 P:26 SP:FB
E84D  D0 F8     BNE  A:00 X:EE Y:16 P:A4 SP:FB
E847  2C 02 20  BIT  A:00 X:EE Y:16 P:A4 SP:FB
E84A  30 06     BMI  A:00 X:EE Y:16 P:26 SP:FB
E84C  CA        DEX  A:00 X:EE Y:16 P:26 SP:FB
E84D  D0 F8     BNE  A:00 X:ED Y:16 P:A4 SP:FB
E847  2C 02 20  BIT  A:00 X:ED Y:16 P:A4 SP:FB
E84A  30 06     BMI  A:00 X:ED Y:16 P:26 SP:FB
E84C  CA        DEX  A:00 X:ED Y:16 P:26 SP:FB
E84D  D0 F8     BNE  A:00 X:EC Y:16 P:A4 SP:FB
E847  2C 02 20  BIT  A:00 X:EC Y:16 P:A4 SP:FB
E84A  30 06     BMI  A:00 X:EC Y:16 P:26 SP:FB
E84C  CA        DEX  A:00 X:EC Y:16 P:26 SP:FB
E84D  D0 F8     BNE  A:00 X:EB Y:16 P:A4 SP:FB
E847  2C 02 20  BIT  A:00 X:EB Y:16 P:A4 SP:FB
E84A  30 06     BMI  A:00 X:EB Y:16 P:26 SP:FB
E84C  CA        DEX  A:00 X:EB Y:16 P:26 SP:FB
E84D  D0 F8     BNE  A:00 X:EA Y:16 P:A4 SP:FB
E847  2C 02 20  BIT  A:00 X:EA Y:16 P:A4 SP:FB
E84A  30 06     BMI  A:00 X:EA Y:16 P:26 SP:FB
E84C  CA        DEX  A:00 X:EA Y:16 P:26 SP:FB
E84D  D0 F8     BNE  A:00 X:E9 Y:16 P:A4 SP:FB
E847  2C 02 20  BIT  A:00 X:E9 Y:16 P:A4 SP:FB
E84A  30 06     BMI  A:00 X:E9 Y:16 P:26 SP:FB
E84C  CA        DEX  A:00 X:E9 Y:16 P:26 SP:FB
E84D  D0 F8     BNE  A:00 X:E8 Y:16 P:A4 SP:FB
E847  2C 02 20  BIT  A:00 X:E8 Y:16 P:A4 SP:FB
E84A  30 06     BMI  A:00 X:E8 Y:16 P:26 SP:FB
E84C  CA        DEX  A:00 X:E8 Y:16 P:26 SP:FB
E84D  D0 F8     BNE  A:00 X:E7 Y:16 P:A4 SP:FB
E847  2C 02 20  BIT  A:00 X:E7 Y:16 P:A4 SP:FB
E84A  30 06     BMI  A:00 X:E7 Y:16 P:26 SP:FB
E84C  CA        DEX  A:00 X:E7 Y:16 P:26 SP:FB
E84D  D0 F8     BNE  A:00 X:E6 Y:16 P:A4 SP:FB
E847  2C 02 20  BIT  A:00 X:E6 Y:16 P:A4 SP:FB
E84A  30 06     BMI  A:00 X:E6 Y:16 P:26 SP:FB
E84C  CA        DEX  A:00 X:E6 Y:16 P:26 SP:FB
E84D  D0 F8     BNE  A:00 X:E5 Y:16 P:A4 SP:FB
E847  2C 02 20  BIT  A:00 X:E5 Y:16 P:A4 SP:FB
E84A  30 06     BMI  A:00 X:E5 Y:16 P:26 SP:FB
E84C  CA        DEX  A:00 X:E5 Y:16 P:26 SP:FB
E84D  D0 F8     BNE  A:00 X:E4 Y:16 P:A4 SP:FB
E847  2C 02 20  BIT  A:00 X:E4 Y:16 P:A4 SP:FB
E84A  30 06     BMI  A:00 X:E4 Y:16 P:26 SP:FB
E84C  CA        DEX  A:00 X:E4 Y:16 P:26 SP:FB
E84D  D0 F8     BNE  A:00 X:E3 Y:16 P:A4 SP:FB
E847  2C 02 20  BIT  A:00 X:E3 Y:16 P:A4 SP:FB
E84A  30 06     BMI  A:00 X:E3 Y:16 P:26 SP:FB
E84C  CA        DEX  A:00 X:E3 Y:16 P:26 SP:FB
E84D  D0 F8     BNE  A:00 X:E2 Y:16 P:A4 SP:FB
E847  2C 02 20  BIT  A:00 X:E2 Y:16 P:A4 SP:FB
E84A  30 06     BMI  A:00 X:E2 Y:16 P:26 SP:FB
E84C  CA        DEX  A:00 X:E2 Y:16 P:26 SP:FB
E84D  D0 F8     BNE  A:00 X:E1 Y:16 P:A4 SP:FB
E847  2C 02 20  BIT  A:00 X:E1 Y:16 P:A4 SP:FB
E84A  30 06     BMI  A:00 X:E1 Y:16 P:26 SP:FB
E84C  CA        DEX  A:00 X:E1 Y:16 P:26 SP:FB
E84D  D0 F8     BNE  A:00 X:E0 Y:16 P:A4 SP:FB
E847  2C 02 20  BIT  A:00 X:E0 Y:16 P:A4 SP:FB
E84A  30 06     BMI  A:00 X:E0 Y:16 P:26 SP:FB
E84C  CA        DEX  A:00 X:E0 Y:16 P:26 SP:FB
E84D  D0 F8     BNE  A:00 X:DF Y:16 P:A4 SP:FB
E847  2C 02 20  BIT  A:00 X:DF Y:16 P:A4 SP:FB
E84A  30 06     BMI  A:00 X:DF Y:16 P:26 SP:FB
E84C  CA        DEX  A:00 X:DF Y:16 P:26 SP:FB
E84D  D0 F8     BNE  A:00 X:DE Y:16 P:A4 SP:FB
E847  2C 02 20  BIT  A:00 X:DE Y:16 P:A4 SP:FB
E84A  30 06     BMI  A:00 X:DE Y:16 P:26 SP:FB
E84C  CA        DEX  A:00 X:DE Y:16 P:26 SP:FB
E84D  D0 F8     BNE  A:00 X:DD Y:16 P:A4 SP:FB
E847  2C 02 20  BIT  A:00 X:DD Y:16 P:A4 SP:FB
E84A  30 06     BMI  A:00 X:DD Y:16 P:26 SP:FB
E84C  CA        DEX  A:00 X:DD Y:16 P:26 SP:FB
E84D  D0 F8     BNE  A:00 X:DC Y:16 P:A4 SP:FB
E847  2C 02 20  BIT  A:00 X:DC Y:16 P:A4 SP:FB
E84A  30 06     BMI  A:00 X:DC Y:16 P:26 SP:FB
E84C  CA        DEX  A:00 X:DC Y:16 P:26 SP:FB
E84D  D0 F8     BNE  A:00 X:DB Y:16 P:A4 SP:FB
E847  2C 02 20  BIT  A:00 X:DB Y:16 P:A4 SP:FB
E84A  30 06     BMI  A:00 X:DB Y:16 P:26 SP:FB
E84C  CA        DEX  A:00 X:DB Y:16 P:26 SP:FB
E84D  D0 F8     BNE  A:00 X:DA Y:16 P:A4 SP:FB
E847  2C 02 20  BIT  A:00 X:DA Y:16 P:A4 SP:FB
E84A  30 06     BMI  A:00 X:DA Y:16 P:26 SP:FB
E84C  CA        DEX  A:00 X:DA Y:16 P:26 SP:FB
E84D  D0 F8     BNE  A:00 X:D9 Y:16 P:A4 SP:FB
E847  2C 02 20  BIT  A:00 X:D9 Y:16 P:A4 SP:FB
E84A  30 06     BMI  A:00 X:D9 Y:16 P:26 SP:FB
E84C  CA        DEX  A:00 X:D9 Y:16 P:26 SP:FB
E84D  D0 F8     BNE  A:00 X:D8 Y:16 P:A4 SP:FB
E847  2C 02 20  BIT  A:00 X:D8 Y:16 P:A4 SP:FB
E84A  30 06     BMI  A:00 X:D8 Y:16 P:26 SP:FB
E84C  CA        DEX  A:00 X:D8 Y:16 P:26 SP:FB
E84D  D0 F8     BNE  A:00 X:D7 Y:16 P:A4 SP:FB
E847  2C 02 20  BIT  A:00 X:D7 Y:16 P:A4 SP:FB
E84A  30 06     BMI  A:00 X:D7 Y:16 P:26 SP:FB
E84C  CA        DEX  A:00 X:D7 Y:16 P:26 SP:FB
E84D  D0 F8     BNE  A:00 X:D6 Y:16 P:A4 SP:FB
E847  2C 02 20  BIT  A:00 X:D6 Y:16 P:A4 SP:FB
E84A  30 06     BMI  A:00 X:D6 Y:16 P:26 SP:FB
E84C  CA        DEX  A:00 X:D6 Y:16 P:26 SP:FB
E84D  D0 F8     BNE  A:00 X:D5 Y:16 P:A4 SP:FB
E847  2C 02 20  BIT  A:00 X:D5 Y:16 P:A4 SP:FB
E84A  30 06     BMI  A:00 X:D5 Y:16 P:26 SP:FB
E84C  CA        DEX  A:00 X:D5 Y:16 P:26 SP:FB
E84D  D0 F8     BNE  A:00 X:D4 Y:16 P:A4 SP:FB
E847  2C 02 20  BIT  A:00 X:D4 Y:16 P:A4 SP:FB
E84A  30 06     BMI  A:00 X:D4 Y:16 P:26 SP:FB
E84C  CA        DEX  A:00 X:D4 Y:16 P:26 SP:FB
E84D  D0 F8     BNE  A:00 X:D3 Y:16 P:A4 SP:FB
E847  2C 02 20  BIT  A:00 X:D3 Y:16 P:A4 SP:FB
E84A  30 06     BMI  A:00 X:D3 Y:16 P:26 SP:FB
E84C  CA        DEX  A:00 X:D3 Y:16 P:26 SP:FB
E84D  D0 F8     BNE  A:00 X:D2 Y:16 P:A4 SP:FB
E847  2C 02 20  BIT  A:00 X:D2 Y:16 P:A4 SP:FB
E84A  30 06     BMI  A:00 X:D2 Y:16 P:26 SP:FB
E84C  CA        DEX  A:00 X:D2 Y:16 P:26 SP:FB
E84D  D0 F8     BNE  A:00 X:D1 Y:16 P:A4 SP:FB
E847  2C 02 20  BIT  A:00 X:D1 Y:16 P:A4 SP:FB
E84A  30 06     BMI  A:00 X:D1 Y:16 P:26 SP:FB
E84C  CA        DEX  A:00 X:D1 Y:16 P:26 SP:FB
E84D  D0 F8     BNE  A:00 X:D0 Y:16 P:A4 SP:FB
E847  2C 02 20  BIT  A:00 X:D0 Y:16 P:A4 SP:FB
E84A  30 06     BMI  A:00 X:D0 Y:16 P:26 SP:FB
E84C  CA        DEX  A:00 X:D0 Y:16 P:26 SP:FB
E84D  D0 F8     BNE  A:00 X:CF Y:16 P:A4 SP:FB
E847  2C 02 20  BIT  A:00 X:CF Y:16 P:A4 SP:FB
E84A  30 06     BMI  A:00 X:CF Y:16 P:26 SP:FB
E84C  CA        DEX  A:00 X:CF Y:16 P:26 SP:FB
E84D  D0 F8     BNE  A:00 X:CE Y:16 P:A4 SP:FB
E847  2C 02 20  BIT  A:00 X:CE Y:16 P:A4 SP:FB
E84A  30 06     BMI  A:00 X:CE Y:16 P:26 SP:FB
E84C  CA        DEX  A:00 X:CE Y:16 P:26 SP:FB
E84D  D0 F8     BNE  A:00 X:CD Y:16 P:A4 SP:FB
E847  2C 02 20  BIT  A:00 X:CD Y:16 P:A4 SP:FB
E84A  30 06     BMI  A:00 X:CD Y:16 P:26 SP:FB
E84C  CA        DEX  A:00 X:CD Y:16 P:26 SP:FB
E84D  D0 F8     BNE  A:00 X:CC Y:16 P:A4 SP:FB
E847  2C 02 20  BIT  A:00 X:CC Y:16 P:A4 SP:FB
E84A  30 06     BMI  A:00 X:CC Y:16 P:26 SP:FB
E84C  CA        DEX  A:00 X:CC Y:16 P:26 SP:FB
E84D  D0 F8     BNE  A:00 X:CB Y:16 P:A4 SP:FB
E847  2C 02 20  BIT  A:00 X:CB Y:16 P:A4 SP:FB
E84A  30 06     BMI  A:00 X:CB Y:16 P:26 SP:FB
E84C  CA        DEX  A:00 X:CB Y:16 P:26 SP:FB
E84D  D0 F8     BNE  A:00 X:CA Y:16 P:A4 SP:FB
E847  2C 02 20  BIT  A:00 X:CA Y:16 P:A4 SP:FB
E84A  30 06     BMI  A:00 X:CA Y:16 P:26 SP:FB
E84C  CA        DEX  A:00 X:CA Y:16 P:26 SP:FB
E84D  D0 F8     BNE  A:00 X:C9 Y:16 P:A4 SP:FB
E847  2C 02 20  BIT  A:00 X:C9 Y:16 P:A4 SP:FB
E84A  30 06     BMI  A:00 X:C9 Y:16 P:26 SP:FB
E84C  CA        DEX  A:00 X:C9 Y:16 P:26 SP:FB
E84D  D0 F8     BNE  A:00 X:C8 Y:16 P:A4 SP:FB
E847  2C 02 20  BIT  A:00 X:C8 Y:16 P:A4 SP:FB
E84A  30 06     BMI  A:00 X:C8 Y:16 P:26 SP:FB
E84C  CA        DEX  A:00 X:C8 Y:16 P:26 SP:FB
E84D  D0 F8     BNE  A:00 X:C7 Y:16 P:A4 SP:FB
E847  2C 02 20  BIT  A:00 X:C7 Y:16 P:A4 SP:FB
E84A  30 06     BMI  A:00 X:C7 Y:16 P:26 SP:FB
E84C  CA        DEX  A:00 X:C7 Y:16 P:26 SP:FB
E84D  D0 F8     BNE  A:00 X:C6 Y:16 P:A4 SP:FB
E847  2C 02 20  BIT  A:00 X:C6 Y:16 P:A4 SP:FB
E84A  30 06     BMI  A:00 X:C6 Y:16 P:26 SP:FB
E84C  CA        DEX  A:00 X:C6 Y:16 P:26 SP:FB
E84D  D0 F8     BNE  A:00 X:C5 Y:16 P:A4 SP:FB
E847  2C 02 20  BIT  A:00 X:C5 Y:16 P:A4 SP:FB
E84A  30 06     BMI  A:00 X:C5 Y:16 P:26 SP:FB
E84C  CA        DEX  A:00 X:C5 Y:16 P:26 SP:FB
E84D  D0 F8     BNE  A:00 X:C4 Y:16 P:A4 SP:FB
E847  2C 02 20  BIT  A:00 X:C4 Y:16 P:A4 SP:FB
E84A  30 06     BMI  A:00 X:C4 Y:16 P:26 SP:FB
E84C  CA        DEX  A:00 X:C4 Y:16 P:26 SP:FB
E84D  D0 F8     BNE  A:00 X:C3 Y:16 P:A4 SP:FB
E847  2C 02 20  BIT  A:00 X:C3 Y:16 P:A4 SP:FB
E84A  30 06     BMI  A:00 X:C3 Y:16 P:26 SP:FB
E84C  CA        DEX  A:00 X:C3 Y:16 P:26 SP:FB
E84D  D0 F8     BNE  A:00 X:C2 Y:16 P:A4 SP:FB
E847  2C 02 20  BIT  A:00 X:C2 Y:16 P:A4 SP:FB
E84A  30 06     BMI  A:00 X:C2 Y:16 P:26 SP:FB
E84C  CA        DEX  A:00 X:C2 Y:16 P:26 SP:FB
E84D  D0 F8     BNE  A:00 X:C1 Y:16 P:A4 SP:FB
E847  2C 02 20  BIT  A:00 X:C1 Y:16 P:A4 SP:FB
E84A  30 06     BMI  A:00 X:C1 Y:16 P:26 SP:FB
E84C  CA        DEX  A:00 X:C1 Y:16 P:26 SP:FB
E84D  D0 F8     BNE  A:00 X:C0 Y:16 P:A4 SP:FB
E847  2C 02 20  BIT  A:00 X:C0 Y:16 P:A4 SP:FB
E84A  30 06     BMI  A:00 X:C0 Y:16 P:26 SP:FB
E84C  CA        DEX  A:00 X:C0 Y:16 P:26 SP:FB
E84D  D0 F8     BNE  A:00 X:BF Y:16 P:A4 SP:FB
E847  2C 02 20  BIT  A:00 X:BF Y:16 P:A4 SP:FB
E84A  30 06     BMI  A:00 X:BF Y:16 P:26 SP:FB
E84C  CA        DEX  A:00 X:BF Y:16 P:26 SP:FB
E84D  D0 F8     BNE  A:00 X:BE Y:16 P:A4 SP:FB
E847  2C 02 20  BIT  A:00 X:BE Y:16 P:A4 SP:FB
E84A  30 06     BMI  A:00 X:BE Y:16 P:26 SP:FB
E84C  CA        DEX  A:00 X:BE Y:16 P:26 SP:FB
E84D  D0 F8     BNE  A:00 X:BD Y:16 P:A4 SP:FB
E847  2C 02 20  BIT  A:00 X:BD Y:16 P:A4 SP:FB
E84A  30 06     BMI  A:00 X:BD Y:16 P:26 SP:FB
E84C  CA        DEX  A:00 X:BD Y:16 P:26 SP:FB
E84D  D0 F8     BNE  A:00 X:BC Y:16 P:A4 SP:FB
E847  2C 02 20  BIT  A:00 X:BC Y:16 P:A4 SP:FB
E84A  30 06     BMI  A:00 X:BC Y:16 P:26 SP:FB
E84C  CA        DEX  A:00 X:BC Y:16 P:26 SP:FB
E84D  D0 F8     BNE  A:00 X:BB Y:16 P:A4 SP:FB
E847  2C 02 20  BIT  A:00 X:BB Y:16 P:A4 SP:FB
E84A  30 06     BMI  A:00 X:BB Y:16 P:26 SP:FB
E84C  CA        DEX  A:00 X:BB Y:16 P:26 SP:FB
E84D  D0 F8     BNE  A:00 X:BA Y:16 P:A4 SP:FB
E847  2C 02 20  BIT  A:00 X:BA Y:16 P:A4 SP:FB
E84A  30 06     BMI  A:00 X:BA Y:16 P:26 SP:FB
E84C  CA        DEX  A:00 X:BA Y:16 P:26 SP:FB
E84D  D0 F8     BNE  A:00 X:B9 Y:16 P:A4 SP:FB
E847  2C 02 20  BIT  A:00 X:B9 Y:16 P:A4 SP:FB
E84A  30 06     BMI  A:00 X:B9 Y:16 P:26 SP:FB
E84C  CA        DEX  A:00 X:B9 Y:16 P:26 SP:FB
E84D  D0 F8     BNE  A:00 X:B8 Y:16 P:A4 SP:FB
E847  2C 02 20  BIT  A:00 X:B8 Y:16 P:A4 SP:FB
E84A  30 06     BMI  A:00 X:B8 Y:16 P:26 SP:FB
E84C  CA        DEX  A:00 X:B8 Y:16 P:26 SP:FB
E84D  D0 F8     BNE  A:00 X:B7 Y:16 P:A4 SP:FB
E847  2C 02 20  BIT  A:00 X:B7 Y:16 P:A4 SP:FB
E84A  30 06     BMI  A:00 X:B7 Y:16 P:26 SP:FB
E84C  CA        DEX  A:00 X:B7 Y:16 P:26 SP:FB
E84D  D0 F8     BNE  A:00 X:B6 Y:16 P:A4 SP:FB
E847  2C 02 20  BIT  A:00 X:B6 Y:16 P:A4 SP:FB
E84A  30 06     BMI  A:00 X:B6 Y:16 P:26 SP:FB
E84C  CA        DEX  A:00 X:B6 Y:16 P:26 SP:FB
E84D  D0 F8     BNE  A:00 X:B5 Y:16 P:A4 SP:FB
E847  2C 02 20  BIT  A:00 X:B5 Y:16 P:A4 SP:FB
E84A  30 06     BMI  A:00 X:B5 Y:16 P:26 SP:FB
E84C  CA        DEX  A:00 X:B5 Y:16 P:26 SP:FB
E84D  D0 F8     BNE  A:00 X:B4 Y:16 P:A4 SP:FB
E847  2C 02 20  BIT  A:00 X:B4 Y:16 P:A4 SP:FB
E84A  30 06     BMI  A:00 X:B4 Y:16 P:26 SP:FB
E84C  CA        DEX  A:00 X:B4 Y:16 P:26 SP:FB
E84D  D0 F8     BNE  A:00 X:B3 Y:16 P:A4 SP:FB
E847  2C 02 20  BIT  A:00 X:B3 Y:16 P:A4 SP:FB
E84A  30 06     BMI  A:00 X:B3 Y:16 P:26 SP:FB
E84C  CA        DEX  A:00 X:B3 Y:16 P:26 SP:FB
E84D  D0 F8     BNE  A:00 X:B2 Y:16 P:A4 SP:FB
E847  2C 02 20  BIT  A:00 X:B2 Y:16 P:A4 SP:FB
E84A  30 06     BMI  A:00 X:B2 Y:16 P:26 SP:FB
E84C  CA        DEX  A:00 X:B2 Y:16 P:26 SP:FB
E84D  D0 F8     BNE  A:00 X:B1 Y:16 P:A4 SP:FB
E847  2C 02 20  BIT  A:00 X:B1 Y:16 P:A4 SP:FB
E84A  30 06     BMI  A:00 X:B1 Y:16 P:26 SP:FB
E84C  CA        DEX  A:00 X:B1 Y:16 P:26 SP:FB
E84D  D0 F8     BNE  A:00 X:B0 Y:16 P:A4 SP:FB
E847  2C 02 20  BIT  A:00 X:B0 Y:16 P:A4 SP:FB
E84A  30 06     BMI  A:00 X:B0 Y:16 P:26 SP:FB
E84C  CA        DEX  A:00 X:B0 Y:16 P:26 SP:FB
E84D  D0 F8     BNE  A:00 X:AF Y:16 P:A4 SP:FB
E847  2C 02 20  BIT  A:00 X:AF Y:16 P:A4 SP:FB
E84A  30 06     BMI  A:00 X:AF Y:16 P:26 SP:FB
E84C  CA        DEX  A:00 X:AF Y:16 P:26 SP:FB
E84D  D0 F8     BNE  A:00 X:AE Y:16 P:A4 SP:FB
E847  2C 02 20  BIT  A:00 X:AE Y:16 P:A4 SP:FB
E84A  30 06     BMI  A:00 X:AE Y:16 P:26 SP:FB
E84C  CA        DEX  A:00 X:AE Y:16 P:26 SP:FB
E84D  D0 F8     BNE  A:00 X:AD Y:16 P:A4 SP:FB
E847  2C 02 20  BIT  A:00 X:AD Y:16 P:A4 SP:FB
E84A  30 06     BMI  A:00 X:AD Y:16 P:26 SP:FB
E84C  CA        DEX  A:00 X:AD Y:16 P:26 SP:FB
E84D  D0 F8     BNE  A:00 X:AC Y:16 P:A4 SP:FB
E847  2C 02 20  BIT  A:00 X:AC Y:16 P:A4 SP:FB
E84A  30 06     BMI  A:00 X:AC Y:16 P:26 SP:FB
E84C  CA        DEX  A:00 X:AC Y:16 P:26 SP:FB
E84D  D0 F8     BNE  A:00 X:AB Y:16 P:A4 SP:FB
E847  2C 02 20  BIT  A:00 X:AB Y:16 P:A4 SP:FB
E84A  30 06     BMI  A:00 X:AB Y:16 P:26 SP:FB
E84C  CA        DEX  A:00 X:AB Y:16 P:26 SP:FB
E84D  D0 F8     BNE  A:00 X:AA Y:16 P:A4 SP:FB
E847  2C 02 20  BIT  A:00 X:AA Y:16 P:A4 SP:FB
E84A  30 06     BMI  A:00 X:AA Y:16 P:26 SP:FB
E84C  CA        DEX  A:00 X:AA Y:16 P:26 SP:FB
E84D  D0 F8     BNE  A:00 X:A9 Y:16 P:A4 SP:FB
E847  2C 02 20  BIT  A:00 X:A9 Y:16 P:A4 SP:FB
E84A  30 06     BMI  A:00 X:A9 Y:16 P:26 SP:FB
E84C  CA        DEX  A:00 X:A9 Y:16 P:26 SP:FB
E84D  D0 F8     BNE  A:00 X:A8 Y:16 P:A4 SP:FB
E847  2C 02 20  BIT  A:00 X:A8 Y:16 P:A4 SP:FB
E84A  30 06     BMI  A:00 X:A8 Y:16 P:26 SP:FB
E84C  CA        DEX  A:00 X:A8 Y:16 P:26 SP:FB
E84D  D0 F8     BNE  A:00 X:A7 Y:16 P:A4 SP:FB
E847  2C 02 20  BIT  A:00 X:A7 Y:16 P:A4 SP:FB
E84A  30 06     BMI  A:00 X:A7 Y:16 P:26 SP:FB
E84C  CA        DEX  A:00 X:A7 Y:16 P:26 SP:FB
E84D  D0 F8     BNE  A:00 X:A6 Y:16 P:A4 SP:FB
E847  2C 02 20  BIT  A:00 X:A6 Y:16 P:A4 SP:FB
E84A  30 06     BMI  A:00 X:A6 Y:16 P:26 SP:FB
E84C  CA        DEX  A:00 X:A6 Y:16 P:26 SP:FB
E84D  D0 F8     BNE  A:00 X:A5 Y:16 P:A4 SP:FB
E847  2C 02 20  BIT  A:00 X:A5 Y:16 P:A4 SP:FB
E84A  30 06     BMI  A:00 X:A5 Y:16 P:26 SP:FB
E84C  CA        DEX  A:00 X:A5 Y:16 P:26 SP:FB
E84D  D0 F8     BNE  A:00 X:A4 Y:16 P:A4 SP:FB
E847  2C 02 20  BIT  A:00 X:A4 Y:16 P:A4 SP:FB
E84A  30 06     BMI  A:00 X:A4 Y:16 P:26 SP:FB
E84C  CA        DEX  A:00 X:A4 Y:16 P:26 SP:FB
E84D  D0 F8     BNE  A:00 X:A3 Y:16 P:A4 SP:FB
E847  2C 02 20  BIT  A:00 X:A3 Y:16 P:A4 SP:FB
E84A  30 06     BMI  A:00 X:A3 Y:16 P:26 SP:FB
E84C  CA        DEX  A:00 X:A3 Y:16 P:26 SP:FB
E84D  D0 F8     BNE  A:00 X:A2 Y:16 P:A4 SP:FB
E847  2C 02 20  BIT  A:00 X:A2 Y:16 P:A4 SP:FB
E84A  30 06     BMI  A:00 X:A2 Y:16 P:26 SP:FB
E84C  CA        DEX  A:00 X:A2 Y:16 P:26 SP:FB
E84D  D0 F8     BNE  A:00 X:A1 Y:16 P:A4 SP:FB
E847  2C 02 20  BIT  A:00 X:A1 Y:16 P:A4 SP:FB
E84A  30 06     BMI  A:00 X:A1 Y:16 P:26 SP:FB
E84C  CA        DEX  A:00 X:A1 Y:16 P:26 SP:FB
E84D  D0 F8     BNE  A:00 X:A0 Y:16 P:A4 SP:FB
E847  2C 02 20  BIT  A:00 X:A0 Y:16 P:A4 SP:FB
E84A  30 06     BMI  A:00 X:A0 Y:16 P:26 SP:FB
E84C  CA        DEX  A:00 X:A0 Y:16 P:26 SP:FB
E84D  D0 F8     BNE  A:00 X:9F Y:16 P:A4 SP:FB
E847  2C 02 20  BIT  A:00 X:9F Y:16 P:A4 SP:FB
E84A  30 06     BMI  A:00 X:9F Y:16 P:26 SP:FB
E84C  CA        DEX  A:00 X:9F Y:16 P:26 SP:FB
E84D  D0 F8     BNE  A:00 X:9E Y:16 P:A4 SP:FB
E847  2C 02 20  BIT  A:00 X:9E Y:16 P:A4 SP:FB
E84A  30 06     BMI  A:00 X:9E Y:16 P:26 SP:FB
E84C  CA        DEX  A:00 X:9E Y:16 P:26 SP:FB
E84D  D0 F8     BNE  A:00 X:9D Y:16 P:A4 SP:FB
E847  2C 02 20  BIT  A:00 X:9D Y:16 P:A4 SP:FB
E84A  30 06     BMI  A:00 X:9D Y:16 P:26 SP:FB
E84C  CA        DEX  A:00 X:9D Y:16 P:26 SP:FB
E84D  D0 F8     BNE  A:00 X:9C Y:16 P:A4 SP:FB
E847  2C 02 20  BIT  A:00 X:9C Y:16 P:A4 SP:FB
E84A  30 06     BMI  A:00 X:9C Y:16 P:26 SP:FB
E84C  CA        DEX  A:00 X:9C Y:16 P:26 SP:FB
E84D  D0 F8     BNE  A:00 X:9B Y:16 P:A4 SP:FB
E847  2C 02 20  BIT  A:00 X:9B Y:16 P:A4 SP:FB
E84A  30 06     BMI  A:00 X:9B Y:16 P:26 SP:FB
E84C  CA        DEX  A:00 X:9B Y:16 P:26 SP:FB
E84D  D0 F8     BNE  A:00 X:9A Y:16 P:A4 SP:FB
E847  2C 02 20  BIT  A:00 X:9A Y:16 P:A4 SP:FB
E84A  30 06     BMI  A:00 X:9A Y:16 P:26 SP:FB
E84C  CA        DEX  A:00 X:9A Y:16 P:26 SP:FB
E84D  D0 F8     BNE  A:00 X:99 Y:16 P:A4 SP:FB
E847  2C 02 20  BIT  A:00 X:99 Y:16 P:A4 SP:FB
E84A  30 06     BMI  A:00 X:99 Y:16 P:26 SP:FB
E84C  CA        DEX  A:00 X:99 Y:16 P:26 SP:FB
E84D  D0 F8     BNE  A:00 X:98 Y:16 P:A4 SP:FB
E847  2C 02 20  BIT  A:00 X:98 Y:16 P:A4 SP:FB
E84A  30 06     BMI  A:00 X:98 Y:16 P:26 SP:FB
E84C  CA        DEX  A:00 X:98 Y:16 P:26 SP:FB
E84D  D0 F8     BNE  A:00 X:97 Y:16 P:A4 SP:FB
E847  2C 02 20  BIT  A:00 X:97 Y:16 P:A4 SP:FB
E84A  30 06     BMI  A:00 X:97 Y:16 P:26 SP:FB
E84C  CA        DEX  A:00 X:97 Y:16 P:26 SP:FB
E84D  D0 F8     BNE  A:00 X:96 Y:16 P:A4 SP:FB
E847  2C 02 20  BIT  A:00 X:96 Y:16 P:A4 SP:FB
E84A  30 06     BMI  A:00 X:96 Y:16 P:26 SP:FB
E84C  CA        DEX  A:00 X:96 Y:16 P:26 SP:FB
E84D  D0 F8     BNE  A:00 X:95 Y:16 P:A4 SP:FB
E847  2C 02 20  BIT  A:00 X:95 Y:16 P:A4 SP:FB
E84A  30 06     BMI  A:00 X:95 Y:16 P:26 SP:FB
E84C  CA        DEX  A:00 X:95 Y:16 P:26 SP:FB
E84D  D0 F8     BNE  A:00 X:94 Y:16 P:A4 SP:FB
E847  2C 02 20  BIT  A:00 X:94 Y:16 P:A4 SP:FB
E84A  30 06     BMI  A:00 X:94 Y:16 P:26 SP:FB
E84C  CA        DEX  A:00 X:94 Y:16 P:26 SP:FB
E84D  D0 F8     BNE  A:00 X:93 Y:16 P:A4 SP:FB
E847  2C 02 20  BIT  A:00 X:93 Y:16 P:A4 SP:FB
E84A  30 06     BMI  A:00 X:93 Y:16 P:26 SP:FB
E84C  CA        DEX  A:00 X:93 Y:16 P:26 SP:FB
E84D  D0 F8     BNE  A:00 X:92 Y:16 P:A4 SP:FB
E847  2C 02 20  BIT  A:00 X:92 Y:16 P:A4 SP:FB
E84A  30 06     BMI  A:00 X:92 Y:16 P:26 SP:FB
E84C  CA        DEX  A:00 X:92 Y:16 P:26 SP:FB
E84D  D0 F8     BNE  A:00 X:91 Y:16 P:A4 SP:FB
E847  2C 02 20  BIT  A:00 X:91 Y:16 P:A4 SP:FB
E84A  30 06     BMI  A:00 X:91 Y:16 P:26 SP:FB
E84C  CA        DEX  A:00 X:91 Y:16 P:26 SP:FB
E84D  D0 F8     BNE  A:00 X:90 Y:16 P:A4 SP:FB
E847  2C 02 20  BIT  A:00 X:90 Y:16 P:A4 SP:FB
E84A  30 06     BMI  A:00 X:90 Y:16 P:26 SP:FB
E84C  CA        DEX  A:00 X:90 Y:16 P:26 SP:FB
E84D  D0 F8     BNE  A:00 X:8F Y:16 P:A4 SP:FB
E847  2C 02 20  BIT  A:00 X:8F Y:16 P:A4 SP:FB
E84A  30 06     BMI  A:00 X:8F Y:16 P:26 SP:FB
E84C  CA        DEX  A:00 X:8F Y:16 P:26 SP:FB
E84D  D0 F8     BNE  A:00 X:8E Y:16 P:A4 SP:FB
E847  2C 02 20  BIT  A:00 X:8E Y:16 P:A4 SP:FB
E84A  30 06     BMI  A:00 X:8E Y:16 P:26 SP:FB
E84C  CA        DEX  A:00 X:8E Y:16 P:26 SP:FB
E84D  D0 F8     BNE  A:00 X:8D Y:16 P:A4 SP:FB
E847  2C 02 20  BIT  A:00 X:8D Y:16 P:A4 SP:FB
E84A  30 06     BMI  A:00 X:8D Y:16 P:26 SP:FB
E84C  CA        DEX  A:00 X:8D Y:16 P:26 SP:FB
E84D  D0 F8     BNE  A:00 X:8C Y:16 P:A4 SP:FB
E847  2C 02 20  BIT  A:00 X:8C Y:16 P:A4 SP:FB
E84A  30 06     BMI  A:00 X:8C Y:16 P:26 SP:FB
E84C  CA        DEX  A:00 X:8C Y:16 P:26 SP:FB
E84D  D0 F8     BNE  A:00 X:8B Y:16 P:A4 SP:FB
E847  2C 02 20  BIT  A:00 X:8B Y:16 P:A4 SP:FB
E84A  30 06     BMI  A:00 X:8B Y:16 P:26 SP:FB
E84C  CA        DEX  A:00 X:8B Y:16 P:26 SP:FB
E84D  D0 F8     BNE  A:00 X:8A Y:16 P:A4 SP:FB
E847  2C 02 20  BIT  A:00 X:8A Y:16 P:A4 SP:FB
E84A  30 06     BMI  A:00 X:8A Y:16 P:26 SP:FB
E84C  CA        DEX  A:00 X:8A Y:16 P:26 SP:FB
E84D  D0 F8     BNE  A:00 X:89 Y:16 P:A4 SP:FB
E847  2C 02 20  BIT  A:00 X:89 Y:16 P:A4 SP:FB
E84A  30 06     BMI  A:00 X:89 Y:16 P:26 SP:FB
E84C  CA        DEX  A:00 X:89 Y:16 P:26 SP:FB
E84D  D0 F8     BNE  A:00 X:88 Y:16 P:A4 SP:FB
E847  2C 02 20  BIT  A:00 X:88 Y:16 P:A4 SP:FB
E84A  30 06     BMI  A:00 X:88 Y:16 P:26 SP:FB
E84C  CA        DEX  A:00 X:88 Y:16 P:26 SP:FB
E84D  D0 F8     BNE  A:00 X:87 Y:16 P:A4 SP:FB
E847  2C 02 20  BIT  A:00 X:87 Y:16 P:A4 SP:FB
E84A  30 06     BMI  A:00 X:87 Y:16 P:26 SP:FB
E84C  CA        DEX  A:00 X:87 Y:16 P:26 SP:FB
E84D  D0 F8     BNE  A:00 X:86 Y:16 P:A4 SP:FB
E847  2C 02 20  BIT  A:00 X:86 Y:16 P:A4 SP:FB
E84A  30 06     BMI  A:00 X:86 Y:16 P:26 SP:FB
E84C  CA        DEX  A:00 X:86 Y:16 P:26 SP:FB
E84D  D0 F8     BNE  A:00 X:85 Y:16 P:A4 SP:FB
E847  2C 02 20  BIT  A:00 X:85 Y:16 P:A4 SP:FB
E84A  30 06     BMI  A:00 X:85 Y:16 P:26 SP:FB
E84C  CA        DEX  A:00 X:85 Y:16 P:26 SP:FB
E84D  D0 F8     BNE  A:00 X:84 Y:16 P:A4 SP:FB
E847  2C 02 20  BIT  A:00 X:84 Y:16 P:A4 SP:FB
E84A  30 06     BMI  A:00 X:84 Y:16 P:26 SP:FB
E84C  CA        DEX  A:00 X:84 Y:16 P:26 SP:FB
E84D  D0 F8     BNE  A:00 X:83 Y:16 P:A4 SP:FB
E847  2C 02 20  BIT  A:00 X:83 Y:16 P:A4 SP:FB
E84A  30 06     BMI  A:00 X:83 Y:16 P:26 SP:FB
E84C  CA        DEX  A:00 X:83 Y:16 P:26 SP:FB
E84D  D0 F8     BNE  A:00 X:82 Y:16 P:A4 SP:FB
E847  2C 02 20  BIT  A:00 X:82 Y:16 P:A4 SP:FB
E84A  30 06     BMI  A:00 X:82 Y:16 P:26 SP:FB
E84C  CA        DEX  A:00 X:82 Y:16 P:26 SP:FB
E84D  D0 F8     BNE  A:00 X:81 Y:16 P:A4 SP:FB
E847  2C 02 20  BIT  A:00 X:81 Y:16 P:A4 SP:FB
E84A  30 06     BMI  A:00 X:81 Y:16 P:26 SP:FB
E84C  CA        DEX  A:00 X:81 Y:16 P:26 SP:FB
E84D  D0 F8     BNE  A:00 X:80 Y:16 P:A4 SP:FB
E847  2C 02 20  BIT  A:00 X:80 Y:16 P:A4 SP:FB
E84A  30 06     BMI  A:00 X:80 Y:16 P:26 SP:FB
E84C  CA        DEX  A:00 X:80 Y:16 P:26 SP:FB
E84D  D0 F8     BNE  A:00 X:7F Y:16 P:24 SP:FB
E847  2C 02 20  BIT  A:00 X:7F Y:16 P:24 SP:FB
E84A  30 06     BMI  A:00 X:7F Y:16 P:26 SP:FB
E84C  CA        DEX  A:00 X:7F Y:16 P:26 SP:FB
E84D  D0 F8     BNE  A:00 X:7E Y:16 P:24 SP:FB
E847  2C 02 20  BIT  A:00 X:7E Y:16 P:24 SP:FB
E84A  30 06     BMI  A:00 X:7E Y:16 P:26 SP:FB
E84C  CA        DEX  A:00 X:7E Y:16 P:26 SP:FB
E84D  D0 F8     BNE  A:00 X:7D Y:16 P:24 SP:FB
E847  2C 02 20  BIT  A:00 X:7D Y:16 P:24 SP:FB
E84A  30 06     BMI  A:00 X:7D Y:16 P:26 SP:FB
E84C  CA        DEX  A:00 X:7D Y:16 P:26 SP:FB
E84D  D0 F8     BNE  A:00 X:7C Y:16 P:24 SP:FB
E847  2C 02 20  BIT  A:00 X:7C Y:16 P:24 SP:FB
E84A  30 06     BMI  A:00 X:7C Y:16 P:26 SP:FB
E84C  CA        DEX  A:00 X:7C Y:16 P:26 SP:FB
E84D  D0 F8     BNE  A:00 X:7B Y:16 P:24 SP:FB
E847  2C 02 20  BIT  A:00 X:7B Y:16 P:24 SP:FB
E84A  30 06     BMI  A:00 X:7B Y:16 P:26 SP:FB
E84C  CA        DEX  A:00 X:7B Y:16 P:26 SP:FB
E84D  D0 F8     BNE  A:00 X:7A Y:16 P:24 SP:FB
E847  2C 02 20  BIT  A:00 X:7A Y:16 P:24 SP:FB
E84A  30 06     BMI  A:00 X:7A Y:16 P:26 SP:FB
E84C  CA        DEX  A:00 X:7A Y:16 P:26 SP:FB
E84D  D0 F8     BNE  A:00 X:79 Y:16 P:24 SP:FB
E847  2C 02 20  BIT  A:00 X:79 Y:16 P:24 SP:FB
E84A  30 06     BMI  A:00 X:79 Y:16 P:26 SP:FB
E84C  CA        DEX  A:00 X:79 Y:16 P:26 SP:FB
E84D  D0 F8     BNE  A:00 X:78 Y:16 P:24 SP:FB
E847  2C 02 20  BIT  A:00 X:78 Y:16 P:24 SP:FB
E84A  30 06     BMI  A:00 X:78 Y:16 P:26 SP:FB
E84C  CA        DEX  A:00 X:78 Y:16 P:26 SP:FB
E84D  D0 F8     BNE  A:00 X:77 Y:16 P:24 SP:FB
E847  2C 02 20  BIT  A:00 X:77 Y:16 P:24 SP:FB
E84A  30 06     BMI  A:00 X:77 Y:16 P:26 SP:FB
E84C  CA        DEX  A:00 X:77 Y:16 P:26 SP:FB
E84D  D0 F8     BNE  A:00 X:76 Y:16 P:24 SP:FB
E847  2C 02 20  BIT  A:00 X:76 Y:16 P:24 SP:FB
E84A  30 06     BMI  A:00 X:76 Y:16 P:26 SP:FB
E84C  CA        DEX  A:00 X:76 Y:16 P:26 SP:FB
E84D  D0 F8     BNE  A:00 X:75 Y:16 P:24 SP:FB
E847  2C 02 20  BIT  A:00 X:75 Y:16 P:24 SP:FB
E84A  30 06     BMI  A:00 X:75 Y:16 P:26 SP:FB
E84C  CA        DEX  A:00 X:75 Y:16 P:26 SP:FB
E84D  D0 F8     BNE  A:00 X:74 Y:16 P:24 SP:FB
E847  2C 02 20  BIT  A:00 X:74 Y:16 P:24 SP:FB
E84A  30 06     BMI  A:00 X:74 Y:16 P:26 SP:FB
E84C  CA        DEX  A:00 X:74 Y:16 P:26 SP:FB
E84D  D0 F8     BNE  A:00 X:73 Y:16 P:24 SP:FB
E847  2C 02 20  BIT  A:00 X:73 Y:16 P:24 SP:FB
E84A  30 06     BMI  A:00 X:73 Y:16 P:26 SP:FB
E84C  CA        DEX  A:00 X:73 Y:16 P:26 SP:FB
E84D  D0 F8     BNE  A:00 X:72 Y:16 P:24 SP:FB
E847  2C 02 20  BIT  A:00 X:72 Y:16 P:24 SP:FB
E84A  30 06     BMI  A:00 X:72 Y:16 P:26 SP:FB
E84C  CA        DEX  A:00 X:72 Y:16 P:26 SP:FB
E84D  D0 F8     BNE  A:00 X:71 Y:16 P:24 SP:FB
E847  2C 02 20  BIT  A:00 X:71 Y:16 P:24 SP:FB
E84A  30 06     BMI  A:00 X:71 Y:16 P:26 SP:FB
E84C  CA        DEX  A:00 X:71 Y:16 P:26 SP:FB
E84D  D0 F8     BNE  A:00 X:70 Y:16 P:24 SP:FB
E847  2C 02 20  BIT  A:00 X:70 Y:16 P:24 SP:FB
E84A  30 06     BMI  A:00 X:70 Y:16 P:26 SP:FB
E84C  CA        DEX  A:00 X:70 Y:16 P:26 SP:FB
E84D  D0 F8     BNE  A:00 X:6F Y:16 P:24 SP:FB
E847  2C 02 20  BIT  A:00 X:6F Y:16 P:24 SP:FB
E84A  30 06     BMI  A:00 X:6F Y:16 P:26 SP:FB
E84C  CA        DEX  A:00 X:6F Y:16 P:26 SP:FB
E84D  D0 F8     BNE  A:00 X:6E Y:16 P:24 SP:FB
E847  2C 02 20  BIT  A:00 X:6E Y:16 P:24 SP:FB
E84A  30 06     BMI  A:00 X:6E Y:16 P:26 SP:FB
E84C  CA        DEX  A:00 X:6E Y:16 P:26 SP:FB
E84D  D0 F8     BNE  A:00 X:6D Y:16 P:24 SP:FB
E847  2C 02 20  BIT  A:00 X:6D Y:16 P:24 SP:FB
E84A  30 06     BMI  A:00 X:6D Y:16 P:26 SP:FB
E84C  CA        DEX  A:00 X:6D Y:16 P:26 SP:FB
E84D  D0 F8     BNE  A:00 X:6C Y:16 P:24 SP:FB
E847  2C 02 20  BIT  A:00 X:6C Y:16 P:24 SP:FB
E84A  30 06     BMI  A:00 X:6C Y:16 P:26 SP:FB
E84C  CA        DEX  A:00 X:6C Y:16 P:26 SP:FB
E84D  D0 F8     BNE  A:00 X:6B Y:16 P:24 SP:FB
E847  2C 02 20  BIT  A:00 X:6B Y:16 P:24 SP:FB
E84A  30 06     BMI  A:00 X:6B Y:16 P:26 SP:FB
E84C  CA        DEX  A:00 X:6B Y:16 P:26 SP:FB
E84D  D0 F8     BNE  A:00 X:6A Y:16 P:24 SP:FB
E847  2C 02 20  BIT  A:00 X:6A Y:16 P:24 SP:FB
E84A  30 06     BMI  A:00 X:6A Y:16 P:26 SP:FB
E84C  CA        DEX  A:00 X:6A Y:16 P:26 SP:FB
E84D  D0 F8     BNE  A:00 X:69 Y:16 P:24 SP:FB
E847  2C 02 20  BIT  A:00 X:69 Y:16 P:24 SP:FB
E84A  30 06     BMI  A:00 X:69 Y:16 P:26 SP:FB
E84C  CA        DEX  A:00 X:69 Y:16 P:26 SP:FB
E84D  D0 F8     BNE  A:00 X:68 Y:16 P:24 SP:FB
E847  2C 02 20  BIT  A:00 X:68 Y:16 P:24 SP:FB
E84A  30 06     BMI  A:00 X:68 Y:16 P:26 SP:FB
E84C  CA        DEX  A:00 X:68 Y:16 P:26 SP:FB
E84D  D0 F8     BNE  A:00 X:67 Y:16 P:24 SP:FB
E847  2C 02 20  BIT  A:00 X:67 Y:16 P:24 SP:FB
E84A  30 06     BMI  A:00 X:67 Y:16 P:26 SP:FB
E84C  CA        DEX  A:00 X:67 Y:16 P:26 SP:FB
E84D  D0 F8     BNE  A:00 X:66 Y:16 P:24 SP:FB
E847  2C 02 20  BIT  A:00 X:66 Y:16 P:24 SP:FB
E84A  30 06     BMI  A:00 X:66 Y:16 P:26 SP:FB
E84C  CA        DEX  A:00 X:66 Y:16 P:26 SP:FB
E84D  D0 F8     BNE  A:00 X:65 Y:16 P:24 SP:FB
E847  2C 02 20  BIT  A:00 X:65 Y:16 P:24 SP:FB
E84A  30 06     BMI  A:00 X:65 Y:16 P:26 SP:FB
E84C  CA        DEX  A:00 X:65 Y:16 P:26 SP:FB
E84D  D0 F8     BNE  A:00 X:64 Y:16 P:24 SP:FB
E847  2C 02 20  BIT  A:00 X:64 Y:16 P:24 SP:FB
E84A  30 06     BMI  A:00 X:64 Y:16 P:26 SP:FB
E84C  CA        DEX  A:00 X:64 Y:16 P:26 SP:FB
E84D  D0 F8     BNE  A:00 X:63 Y:16 P:24 SP:FB
E847  2C 02 20  BIT  A:00 X:63 Y:16 P:24 SP:FB
E84A  30 06     BMI  A:00 X:63 Y:16 P:26 SP:FB
E84C  CA        DEX  A:00 X:63 Y:16 P:26 SP:FB
E84D  D0 F8     BNE  A:00 X:62 Y:16 P:24 SP:FB
E847  2C 02 20  BIT  A:00 X:62 Y:16 P:24 SP:FB
E84A  30 06     BMI  A:00 X:62 Y:16 P:26 SP:FB
E84C  CA        DEX  A:00 X:62 Y:16 P:26 SP:FB
E84D  D0 F8     BNE  A:00 X:61 Y:16 P:24 SP:FB
E847  2C 02 20  BIT  A:00 X:61 Y:16 P:24 SP:FB
E84A  30 06     BMI  A:00 X:61 Y:16 P:26 SP:FB
E84C  CA        DEX  A:00 X:61 Y:16 P:26 SP:FB
E84D  D0 F8     BNE  A:00 X:60 Y:16 P:24 SP:FB
E847  2C 02 20  BIT  A:00 X:60 Y:16 P:24 SP:FB
E84A  30 06     BMI  A:00 X:60 Y:16 P:26 SP:FB
E84C  CA        DEX  A:00 X:60 Y:16 P:26 SP:FB
E84D  D0 F8     BNE  A:00 X:5F Y:16 P:24 SP:FB
E847  2C 02 20  BIT  A:00 X:5F Y:16 P:24 SP:FB
E84A  30 06     BMI  A:00 X:5F Y:16 P:26 SP:FB
E84C  CA        DEX  A:00 X:5F Y:16 P:26 SP:FB
E84D  D0 F8     BNE  A:00 X:5E Y:16 P:24 SP:FB
E847  2C 02 20  BIT  A:00 X:5E Y:16 P:24 SP:FB
E84A  30 06     BMI  A:00 X:5E Y:16 P:26 SP:FB
E84C  CA        DEX  A:00 X:5E Y:16 P:26 SP:FB
E84D  D0 F8     BNE  A:00 X:5D Y:16 P:24 SP:FB
E847  2C 02 20  BIT  A:00 X:5D Y:16 P:24 SP:FB
E84A  30 06     BMI  A:00 X:5D Y:16 P:26 SP:FB
E84C  CA        DEX  A:00 X:5D Y:16 P:26 SP:FB
E84D  D0 F8     BNE  A:00 X:5C Y:16 P:24 SP:FB
E847  2C 02 20  BIT  A:00 X:5C Y:16 P:24 SP:FB
E84A  30 06     BMI  A:00 X:5C Y:16 P:26 SP:FB
E84C  CA        DEX  A:00 X:5C Y:16 P:26 SP:FB
E84D  D0 F8     BNE  A:00 X:5B Y:16 P:24 SP:FB
E847  2C 02 20  BIT  A:00 X:5B Y:16 P:24 SP:FB
E84A  30 06     BMI  A:00 X:5B Y:16 P:26 SP:FB
E84C  CA        DEX  A:00 X:5B Y:16 P:26 SP:FB
E84D  D0 F8     BNE  A:00 X:5A Y:16 P:24 SP:FB
E847  2C 02 20  BIT  A:00 X:5A Y:16 P:24 SP:FB
E84A  30 06     BMI  A:00 X:5A Y:16 P:26 SP:FB
E84C  CA        DEX  A:00 X:5A Y:16 P:26 SP:FB
E84D  D0 F8     BNE  A:00 X:59 Y:16 P:24 SP:FB
E847  2C 02 20  BIT  A:00 X:59 Y:16 P:24 SP:FB
E84A  30 06     BMI  A:00 X:59 Y:16 P:26 SP:FB
E84C  CA        DEX  A:00 X:59 Y:16 P:26 SP:FB
E84D  D0 F8     BNE  A:00 X:58 Y:16 P:24 SP:FB
E847  2C 02 20  BIT  A:00 X:58 Y:16 P:24 SP:FB
E84A  30 06     BMI  A:00 X:58 Y:16 P:26 SP:FB
E84C  CA        DEX  A:00 X:58 Y:16 P:26 SP:FB
E84D  D0 F8     BNE  A:00 X:57 Y:16 P:24 SP:FB
E847  2C 02 20  BIT  A:00 X:57 Y:16 P:24 SP:FB
E84A  30 06     BMI  A:00 X:57 Y:16 P:26 SP:FB
E84C  CA        DEX  A:00 X:57 Y:16 P:26 SP:FB
E84D  D0 F8     BNE  A:00 X:56 Y:16 P:24 SP:FB
E847  2C 02 20  BIT  A:00 X:56 Y:16 P:24 SP:FB
E84A  30 06     BMI  A:00 X:56 Y:16 P:26 SP:FB
E84C  CA        DEX  A:00 X:56 Y:16 P:26 SP:FB
E84D  D0 F8     BNE  A:00 X:55 Y:16 P:24 SP:FB
E847  2C 02 20  BIT  A:00 X:55 Y:16 P:24 SP:FB
E84A  30 06     BMI  A:00 X:55 Y:16 P:26 SP:FB
E84C  CA        DEX  A:00 X:55 Y:16 P:26 SP:FB
E84D  D0 F8     BNE  A:00 X:54 Y:16 P:24 SP:FB
E847  2C 02 20  BIT  A:00 X:54 Y:16 P:24 SP:FB
E84A  30 06     BMI  A:00 X:54 Y:16 P:26 SP:FB
E84C  CA        DEX  A:00 X:54 Y:16 P:26 SP:FB
E84D  D0 F8     BNE  A:00 X:53 Y:16 P:24 SP:FB
E847  2C 02 20  BIT  A:00 X:53 Y:16 P:24 SP:FB
E84A  30 06     BMI  A:00 X:53 Y:16 P:26 SP:FB
E84C  CA        DEX  A:00 X:53 Y:16 P:26 SP:FB
E84D  D0 F8     BNE  A:00 X:52 Y:16 P:24 SP:FB
E847  2C 02 20  BIT  A:00 X:52 Y:16 P:24 SP:FB
E84A  30 06     BMI  A:00 X:52 Y:16 P:26 SP:FB
E84C  CA        DEX  A:00 X:52 Y:16 P:26 SP:FB
E84D  D0 F8     BNE  A:00 X:51 Y:16 P:24 SP:FB
E847  2C 02 20  BIT  A:00 X:51 Y:16 P:24 SP:FB
E84A  30 06     BMI  A:00 X:51 Y:16 P:26 SP:FB
E84C  CA        DEX  A:00 X:51 Y:16 P:26 SP:FB
E84D  D0 F8     BNE  A:00 X:50 Y:16 P:24 SP:FB
E847  2C 02 20  BIT  A:00 X:50 Y:16 P:24 SP:FB
E84A  30 06     BMI  A:00 X:50 Y:16 P:26 SP:FB
E84C  CA        DEX  A:00 X:50 Y:16 P:26 SP:FB
E84D  D0 F8     BNE  A:00 X:4F Y:16 P:24 SP:FB
E847  2C 02 20  BIT  A:00 X:4F Y:16 P:24 SP:FB
E84A  30 06     BMI  A:00 X:4F Y:16 P:26 SP:FB
E84C  CA        DEX  A:00 X:4F Y:16 P:26 SP:FB
E84D  D0 F8     BNE  A:00 X:4E Y:16 P:24 SP:FB
E847  2C 02 20  BIT  A:00 X:4E Y:16 P:24 SP:FB
E84A  30 06     BMI  A:00 X:4E Y:16 P:26 SP:FB
E84C  CA        DEX  A:00 X:4E Y:16 P:26 SP:FB
E84D  D0 F8     BNE  A:00 X:4D Y:16 P:24 SP:FB
E847  2C 02 20  BIT  A:00 X:4D Y:16 P:24 SP:FB
E84A  30 06     BMI  A:00 X:4D Y:16 P:26 SP:FB
E84C  CA        DEX  A:00 X:4D Y:16 P:26 SP:FB
E84D  D0 F8     BNE  A:00 X:4C Y:16 P:24 SP:FB
E847  2C 02 20  BIT  A:00 X:4C Y:16 P:24 SP:FB
E84A  30 06     BMI  A:00 X:4C Y:16 P:26 SP:FB
E84C  CA        DEX  A:00 X:4C Y:16 P:26 SP:FB
E84D  D0 F8     BNE  A:00 X:4B Y:16 P:24 SP:FB
E847  2C 02 20  BIT  A:00 X:4B Y:16 P:24 SP:FB
E84A  30 06     BMI  A:00 X:4B Y:16 P:26 SP:FB
E84C  CA        DEX  A:00 X:4B Y:16 P:26 SP:FB
E84D  D0 F8     BNE  A:00 X:4A Y:16 P:24 SP:FB
E847  2C 02 20  BIT  A:00 X:4A Y:16 P:24 SP:FB
E84A  30 06     BMI  A:00 X:4A Y:16 P:26 SP:FB
E84C  CA        DEX  A:00 X:4A Y:16 P:26 SP:FB
E84D  D0 F8     BNE  A:00 X:49 Y:16 P:24 SP:FB
E847  2C 02 20  BIT  A:00 X:49 Y:16 P:24 SP:FB
E84A  30 06     BMI  A:00 X:49 Y:16 P:26 SP:FB
E84C  CA        DEX  A:00 X:49 Y:16 P:26 SP:FB
E84D  D0 F8     BNE  A:00 X:48 Y:16 P:24 SP:FB
E847  2C 02 20  BIT  A:00 X:48 Y:16 P:24 SP:FB
E84A  30 06     BMI  A:00 X:48 Y:16 P:26 SP:FB
E84C  CA        DEX  A:00 X:48 Y:16 P:26 SP:FB
E84D  D0 F8     BNE  A:00 X:47 Y:16 P:24 SP:FB
E847  2C 02 20  BIT  A:00 X:47 Y:16 P:24 SP:FB
E84A  30 06     BMI  A:00 X:47 Y:16 P:26 SP:FB
E84C  CA        DEX  A:00 X:47 Y:16 P:26 SP:FB
E84D  D0 F8     BNE  A:00 X:46 Y:16 P:24 SP:FB
E847  2C 02 20  BIT  A:00 X:46 Y:16 P:24 SP:FB
E84A  30 06     BMI  A:00 X:46 Y:16 P:26 SP:FB
E84C  CA        DEX  A:00 X:46 Y:16 P:26 SP:FB
E84D  D0 F8     BNE  A:00 X:45 Y:16 P:24 SP:FB
E847  2C 02 20  BIT  A:00 X:45 Y:16 P:24 SP:FB
E84A  30 06     BMI  A:00 X:45 Y:16 P:26 SP:FB
E84C  CA        DEX  A:00 X:45 Y:16 P:26 SP:FB
E84D  D0 F8     BNE  A:00 X:44 Y:16 P:24 SP:FB
E847  2C 02 20  BIT  A:00 X:44 Y:16 P:24 SP:FB
E84A  30 06     BMI  A:00 X:44 Y:16 P:26 SP:FB
E84C  CA        DEX  A:00 X:44 Y:16 P:26 SP:FB
E84D  D0 F8     BNE  A:00 X:43 Y:16 P:24 SP:FB
E847  2C 02 20  BIT  A:00 X:43 Y:16 P:24 SP:FB
E84A  30 06     BMI  A:00 X:43 Y:16 P:26 SP:FB
E84C  CA        DEX  A:00 X:43 Y:16 P:26 SP:FB
E84D  D0 F8     BNE  A:00 X:42 Y:16 P:24 SP:FB
E847  2C 02 20  BIT  A:00 X:42 Y:16 P:24 SP:FB
E84A  30 06     BMI  A:00 X:42 Y:16 P:26 SP:FB
E84C  CA        DEX  A:00 X:42 Y:16 P:26 SP:FB
E84D  D0 F8     BNE  A:00 X:41 Y:16 P:24 SP:FB
E847  2C 02 20  BIT  A:00 X:41 Y:16 P:24 SP:FB
E84A  30 06     BMI  A:00 X:41 Y:16 P:26 SP:FB
E84C  CA        DEX  A:00 X:41 Y:16 P:26 SP:FB
E84D  D0 F8     BNE  A:00 X:40 Y:16 P:24 SP:FB
E847  2C 02 20  BIT  A:00 X:40 Y:16 P:24 SP:FB
E84A  30 06     BMI  A:00 X:40 Y:16 P:26 SP:FB
E84C  CA        DEX  A:00 X:40 Y:16 P:26 SP:FB
E84D  D0 F8     BNE  A:00 X:3F Y:16 P:24 SP:FB
E847  2C 02 20  BIT  A:00 X:3F Y:16 P:24 SP:FB
E84A  30 06     BMI  A:00 X:3F Y:16 P:26 SP:FB
E84C  CA        DEX  A:00 X:3F Y:16 P:26 SP:FB
E84D  D0 F8     BNE  A:00 X:3E Y:16 P:24 SP:FB
E847  2C 02 20  BIT  A:00 X:3E Y:16 P:24 SP:FB
E84A  30 06     BMI  A:00 X:3E Y:16 P:26 SP:FB
E84C  CA        DEX  A:00 X:3E Y:16 P:26 SP:FB
E84D  D0 F8     BNE  A:00 X:3D Y:16 P:24 SP:FB
E847  2C 02 20  BIT  A:00 X:3D Y:16 P:24 SP:FB
E84A  30 06     BMI  A:00 X:3D Y:16 P:26 SP:FB
E84C  CA        DEX  A:00 X:3D Y:16 P:26 SP:FB
E84D  D0 F8     BNE  A:00 X:3C Y:16 P:24 SP:FB
E847  2C 02 20  BIT  A:00 X:3C Y:16 P:24 SP:FB
E84A  30 06     BMI  A:00 X:3C Y:16 P:26 SP:FB
E84C  CA        DEX  A:00 X:3C Y:16 P:26 SP:FB
E84D  D0 F8     BNE  A:00 X:3B Y:16 P:24 SP:FB
E847  2C 02 20  BIT  A:00 X:3B Y:16 P:24 SP:FB
E84A  30 06     BMI  A:00 X:3B Y:16 P:26 SP:FB
E84C  CA        DEX  A:00 X:3B Y:16 P:26 SP:FB
E84D  D0 F8     BNE  A:00 X:3A Y:16 P:24 SP:FB
E847  2C 02 20  BIT  A:00 X:3A Y:16 P:24 SP:FB
E84A  30 06     BMI  A:00 X:3A Y:16 P:26 SP:FB
E84C  CA        DEX  A:00 X:3A Y:16 P:26 SP:FB
E84D  D0 F8     BNE  A:00 X:39 Y:16 P:24 SP:FB
E847  2C 02 20  BIT  A:00 X:39 Y:16 P:24 SP:FB
E84A  30 06     BMI  A:00 X:39 Y:16 P:26 SP:FB
E84C  CA        DEX  A:00 X:39 Y:16 P:26 SP:FB
E84D  D0 F8     BNE  A:00 X:38 Y:16 P:24 SP:FB
E847  2C 02 20  BIT  A:00 X:38 Y:16 P:24 SP:FB
E84A  30 06     BMI  A:00 X:38 Y:16 P:26 SP:FB
E84C  CA        DEX  A:00 X:38 Y:16 P:26 SP:FB
E84D  D0 F8     BNE  A:00 X:37 Y:16 P:24 SP:FB
E847  2C 02 20  BIT  A:00 X:37 Y:16 P:24 SP:FB
E84A  30 06     BMI  A:00 X:37 Y:16 P:26 SP:FB
E84C  CA        DEX  A:00 X:37 Y:16 P:26 SP:FB
E84D  D0 F8     BNE  A:00 X:36 Y:16 P:24 SP:FB
E847  2C 02 20  BIT  A:00 X:36 Y:16 P:24 SP:FB
E84A  30 06     BMI  A:00 X:36 Y:16 P:26 SP:FB
E84C  CA        DEX  A:00 X:36 Y:16 P:26 SP:FB
E84D  D0 F8     BNE  A:00 X:35 Y:16 P:24 SP:FB
E847  2C 02 20  BIT  A:00 X:35 Y:16 P:24 SP:FB
E84A  30 06     BMI  A:00 X:35 Y:16 P:26 SP:FB
E84C  CA        DEX  A:00 X:35 Y:16 P:26 SP:FB
E84D  D0 F8     BNE  A:00 X:34 Y:16 P:24 SP:FB
E847  2C 02 20  BIT  A:00 X:34 Y:16 P:24 SP:FB
E84A  30 06     BMI  A:00 X:34 Y:16 P:26 SP:FB
E84C  CA        DEX  A:00 X:34 Y:16 P:26 SP:FB
E84D  D0 F8     BNE  A:00 X:33 Y:16 P:24 SP:FB
E847  2C 02 20  BIT  A:00 X:33 Y:16 P:24 SP:FB
E84A  30 06     BMI  A:00 X:33 Y:16 P:26 SP:FB
E84C  CA        DEX  A:00 X:33 Y:16 P:26 SP:FB
E84D  D0 F8     BNE  A:00 X:32 Y:16 P:24 SP:FB
E847  2C 02 20  BIT  A:00 X:32 Y:16 P:24 SP:FB
E84A  30 06     BMI  A:00 X:32 Y:16 P:26 SP:FB
E84C  CA        DEX  A:00 X:32 Y:16 P:26 SP:FB
E84D  D0 F8     BNE  A:00 X:31 Y:16 P:24 SP:FB
E847  2C 02 20  BIT  A:00 X:31 Y:16 P:24 SP:FB
E84A  30 06     BMI  A:00 X:31 Y:16 P:26 SP:FB
E84C  CA        DEX  A:00 X:31 Y:16 P:26 SP:FB
E84D  D0 F8     BNE  A:00 X:30 Y:16 P:24 SP:FB
E847  2C 02 20  BIT  A:00 X:30 Y:16 P:24 SP:FB
E84A  30 06     BMI  A:00 X:30 Y:16 P:26 SP:FB
E84C  CA        DEX  A:00 X:30 Y:16 P:26 SP:FB
E84D  D0 F8     BNE  A:00 X:2F Y:16 P:24 SP:FB
E847  2C 02 20  BIT  A:00 X:2F Y:16 P:24 SP:FB
E84A  30 06     BMI  A:00 X:2F Y:16 P:26 SP:FB
E84C  CA        DEX  A:00 X:2F Y:16 P:26 SP:FB
E84D  D0 F8     BNE  A:00 X:2E Y:16 P:24 SP:FB
E847  2C 02 20  BIT  A:00 X:2E Y:16 P:24 SP:FB
E84A  30 06     BMI  A:00 X:2E Y:16 P:26 SP:FB
E84C  CA        DEX  A:00 X:2E Y:16 P:26 SP:FB
E84D  D0 F8     BNE  A:00 X:2D Y:16 P:24 SP:FB
E847  2C 02 20  BIT  A:00 X:2D Y:16 P:24 SP:FB
E84A  30 06     BMI  A:00 X:2D Y:16 P:26 SP:FB
E84C  CA        DEX  A:00 X:2D Y:16 P:26 SP:FB
E84D  D0 F8     BNE  A:00 X:2C Y:16 P:24 SP:FB
E847  2C 02 20  BIT  A:00 X:2C Y:16 P:24 SP:FB
E84A  30 06     BMI  A:00 X:2C Y:16 P:26 SP:FB
E84C  CA        DEX  A:00 X:2C Y:16 P:26 SP:FB
E84D  D0 F8     BNE  A:00 X:2B Y:16 P:24 SP:FB
E847  2C 02 20  BIT  A:00 X:2B Y:16 P:24 SP:FB
E84A  30 06     BMI  A:00 X:2B Y:16 P:26 SP:FB
E84C  CA        DEX  A:00 X:2B Y:16 P:26 SP:FB
E84D  D0 F8     BNE  A:00 X:2A Y:16 P:24 SP:FB
E847  2C 02 20  BIT  A:00 X:2A Y:16 P:24 SP:FB
E84A  30 06     BMI  A:00 X:2A Y:16 P:26 SP:FB
E84C  CA        DEX  A:00 X:2A Y:16 P:26 SP:FB
E84D  D0 F8     BNE  A:00 X:29 Y:16 P:24 SP:FB
E847  2C 02 20  BIT  A:00 X:29 Y:16 P:24 SP:FB
E84A  30 06     BMI  A:00 X:29 Y:16 P:26 SP:FB
E84C  CA        DEX  A:00 X:29 Y:16 P:26 SP:FB
E84D  D0 F8     BNE  A:00 X:28 Y:16 P:24 SP:FB
E847  2C 02 20  BIT  A:00 X:28 Y:16 P:24 SP:FB
E84A  30 06     BMI  A:00 X:28 Y:16 P:26 SP:FB
E84C  CA        DEX  A:00 X:28 Y:16 P:26 SP:FB
E84D  D0 F8     BNE  A:00 X:27 Y:16 P:24 SP:FB
E847  2C 02 20  BIT  A:00 X:27 Y:16 P:24 SP:FB
E84A  30 06     BMI  A:00 X:27 Y:16 P:26 SP:FB
E84C  CA        DEX  A:00 X:27 Y:16 P:26 SP:FB
E84D  D0 F8     BNE  A:00 X:26 Y:16 P:24 SP:FB
E847  2C 02 20  BIT  A:00 X:26 Y:16 P:24 SP:FB
E84A  30 06     BMI  A:00 X:26 Y:16 P:26 SP:FB
E84C  CA        DEX  A:00 X:26 Y:16 P:26 SP:FB
E84D  D0 F8     BNE  A:00 X:25 Y:16 P:24 SP:FB
E847  2C 02 20  BIT  A:00 X:25 Y:16 P:24 SP:FB
E84A  30 06     BMI  A:00 X:25 Y:16 P:26 SP:FB
E84C  CA        DEX  A:00 X:25 Y:16 P:26 SP:FB
E84D  D0 F8     BNE  A:00 X:24 Y:16 P:24 SP:FB
E847  2C 02 20  BIT  A:00 X:24 Y:16 P:24 SP:FB
E84A  30 06     BMI  A:00 X:24 Y:16 P:26 SP:FB
E84C  CA        DEX  A:00 X:24 Y:16 P:26 SP:FB
E84D  D0 F8     BNE  A:00 X:23 Y:16 P:24 SP:FB
E847  2C 02 20  BIT  A:00 X:23 Y:16 P:24 SP:FB
E84A  30 06     BMI  A:00 X:23 Y:16 P:26 SP:FB
E84C  CA        DEX  A:00 X:23 Y:16 P:26 SP:FB
E84D  D0 F8     BNE  A:00 X:22 Y:16 P:24 SP:FB
E847  2C 02 20  BIT  A:00 X:22 Y:16 P:24 SP:FB
E84A  30 06     BMI  A:00 X:22 Y:16 P:26 SP:FB
E84C  CA        DEX  A:00 X:22 Y:16 P:26 SP:FB
E84D  D0 F8     BNE  A:00 X:21 Y:16 P:24 SP:FB
E847  2C 02 20  BIT  A:00 X:21 Y:16 P:24 SP:FB
E84A  30 06     BMI  A:00 X:21 Y:16 P:26 SP:FB
E84C  CA        DEX  A:00 X:21 Y:16 P:26 SP:FB
E84D  D0 F8     BNE  A:00 X:20 Y:16 P:24 SP:FB
E847  2C 02 20  BIT  A:00 X:20 Y:16 P:24 SP:FB
E84A  30 06     BMI  A:00 X:20 Y:16 P:26 SP:FB
E84C  CA        DEX  A:00 X:20 Y:16 P:26 SP:FB
E84D  D0 F8     BNE  A:00 X:1F Y:16 P:24 SP:FB
E847  2C 02 20  BIT  A:00 X:1F Y:16 P:24 SP:FB
E84A  30 06     BMI  A:00 X:1F Y:16 P:26 SP:FB
E84C  CA        DEX  A:00 X:1F Y:16 P:26 SP:FB
E84D  D0 F8     BNE  A:00 X:1E Y:16 P:24 SP:FB
E847  2C 02 20  BIT  A:00 X:1E Y:16 P:24 SP:FB
E84A  30 06     BMI  A:00 X:1E Y:16 P:26 SP:FB
E84C  CA        DEX  A:00 X:1E Y:16 P:26 SP:FB
E84D  D0 F8     BNE  A:00 X:1D Y:16 P:24 SP:FB
E847  2C 02 20  BIT  A:00 X:1D Y:16 P:24 SP:FB
E84A  30 06     BMI  A:00 X:1D Y:16 P:26 SP:FB
E84C  CA        DEX  A:00 X:1D Y:16 P:26 SP:FB
E84D  D0 F8     BNE  A:00 X:1C Y:16 P:24 SP:FB
E847  2C 02 20  BIT  A:00 X:1C Y:16 P:24 SP:FB
E84A  30 06     BMI  A:00 X:1C Y:16 P:26 SP:FB
E84C  CA        DEX  A:00 X:1C Y:16 P:26 SP:FB
E84D  D0 F8     BNE  A:00 X:1B Y:16 P:24 SP:FB
E847  2C 02 20  BIT  A:00 X:1B Y:16 P:24 SP:FB
E84A  30 06     BMI  A:00 X:1B Y:16 P:26 SP:FB
E84C  CA        DEX  A:00 X:1B Y:16 P:26 SP:FB
E84D  D0 F8     BNE  A:00 X:1A Y:16 P:24 SP:FB
E847  2C 02 20  BIT  A:00 X:1A Y:16 P:24 SP:FB
E84A  30 06     BMI  A:00 X:1A Y:16 P:26 SP:FB
E84C  CA        DEX  A:00 X:1A Y:16 P:26 SP:FB
E84D  D0 F8     BNE  A:00 X:19 Y:16 P:24 SP:FB
E847  2C 02 20  BIT  A:00 X:19 Y:16 P:24 SP:FB
E84A  30 06     BMI  A:00 X:19 Y:16 P:26 SP:FB
E84C  CA        DEX  A:00 X:19 Y:16 P:26 SP:FB
E84D  D0 F8     BNE  A:00 X:18 Y:16 P:24 SP:FB
E847  2C 02 20  BIT  A:00 X:18 Y:16 P:24 SP:FB
E84A  30 06     BMI  A:00 X:18 Y:16 P:26 SP:FB
E84C  CA        DEX  A:00 X:18 Y:16 P:26 SP:FB
E84D  D0 F8     BNE  A:00 X:17 Y:16 P:24 SP:FB
E847  2C 02 20  BIT  A:00 X:17 Y:16 P:24 SP:FB
E84A  30 06     BMI  A:00 X:17 Y:16 P:26 SP:FB
E84C  CA        DEX  A:00 X:17 Y:16 P:26 SP:FB
E84D  D0 F8     BNE  A:00 X:16 Y:16 P:24 SP:FB
E847  2C 02 20  BIT  A:00 X:16 Y:16 P:24 SP:FB
E84A  30 06     BMI  A:00 X:16 Y:16 P:26 SP:FB
E84C  CA        DEX  A:00 X:16 Y:16 P:26 SP:FB
E84D  D0 F8     BNE  A:00 X:15 Y:16 P:24 SP:FB
E847  2C 02 20  BIT  A:00 X:15 Y:16 P:24 SP:FB
E84A  30 06     BMI  A:00 X:15 Y:16 P:26 SP:FB
E84C  CA        DEX  A:00 X:15 Y:16 P:26 SP:FB
E84D  D0 F8     BNE  A:00 X:14 Y:16 P:24 SP:FB
E847  2C 02 20  BIT  A:00 X:14 Y:16 P:24 SP:FB
E84A  30 06     BMI  A:00 X:14 Y:16 P:26 SP:FB
E84C  CA        DEX  A:00 X:14 Y:16 P:26 SP:FB
E84D  D0 F8     BNE  A:00 X:13 Y:16 P:24 SP:FB
E847  2C 02 20  BIT  A:00 X:13 Y:16 P:24 SP:FB
E84A  30 06     BMI  A:00 X:13 Y:16 P:26 SP:FB
E84C  CA        DEX  A:00 X:13 Y:16 P:26 SP:FB
E84D  D0 F8     BNE  A:00 X:12 Y:16 P:24 SP:FB
E847  2C 02 20  BIT  A:00 X:12 Y:16 P:24 SP:FB
E84A  30 06     BMI  A:00 X:12 Y:16 P:26 SP:FB
E84C  CA        DEX  A:00 X:12 Y:16 P:26 SP:FB
E84D  D0 F8     BNE  A:00 X:11 Y:16 P:24 SP:FB
E847  2C 02 20  BIT  A:00 X:11 Y:16 P:24 SP:FB
E84A  30 06     BMI  A:00 X:11 Y:16 P:26 SP:FB
E84C  CA        DEX  A:00 X:11 Y:16 P:26 SP:FB
E84D  D0 F8     BNE  A:00 X:10 Y:16 P:24 SP:FB
E847  2C 02 20  BIT  A:00 X:10 Y:16 P:24 SP:FB
E84A  30 06     BMI  A:00 X:10 Y:16 P:26 SP:FB
E84C  CA        DEX  A:00 X:10 Y:16 P:26 SP:FB
E84D  D0 F8     BNE  A:00 X:0F Y:16 P:24 SP:FB
E847  2C 02 20  BIT  A:00 X:0F Y:16 P:24 SP:FB
E84A  30 06     BMI  A:00 X:0F Y:16 P:26 SP:FB
E84C  CA        DEX  A:00 X:0F Y:16 P:26 SP:FB
E84D  D0 F8     BNE  A:00 X:0E Y:16 P:24 SP:FB
E847  2C 02 20  BIT  A:00 X:0E Y:16 P:24 SP:FB
E84A  30 06     BMI  A:00 X:0E Y:16 P:26 SP:FB
E84C  CA        DEX  A:00 X:0E Y:16 P:26 SP:FB
E84D  D0 F8     BNE  A:00 X:0D Y:16 P:24 SP:FB
E847  2C 02 20  BIT  A:00 X:0D Y:16 P:24 SP:FB
E84A  30 06     BMI  A:00 X:0D Y:16 P:26 SP:FB
E84C  CA        DEX  A:00 X:0D Y:16 P:26 SP:FB
E84D  D0 F8     BNE  A:00 X:0C Y:16 P:24 SP:FB
E847  2C 02 20  BIT  A:00 X:0C Y:16 P:24 SP:FB
E84A  30 06     BMI  A:00 X:0C Y:16 P:26 SP:FB
E84C  CA        DEX  A:00 X:0C Y:16 P:26 SP:FB
E84D  D0 F8     BNE  A:00 X:0B Y:16 P:24 SP:FB
E847  2C 02 20  BIT  A:00 X:0B Y:16 P:24 SP:FB
E84A  30 06     BMI  A:00 X:0B Y:16 P:26 SP:FB
E84C  CA        DEX  A:00 X:0B Y:16 P:26 SP:FB
E84D  D0 F8     BNE  A:00 X:0A Y:16 P:24 SP:FB
E847  2C 02 20  BIT  A:00 X:0A Y:16 P:24 SP:FB
E84A  30 06     BMI  A:00 X:0A Y:16 P:26 SP:FB
E84C  CA        DEX  A:00 X:0A Y:16 P:26 SP:FB
E84D  D0 F8     BNE  A:00 X:09 Y:16 P:24 SP:FB
E847  2C 02 20  BIT  A:00 X:09 Y:16 P:24 SP:FB
E84A  30 06     BMI  A:00 X:09 Y:16 P:26 SP:FB
E84C  CA        DEX  A:00 X:09 Y:16 P:26 SP:FB
E84D  D0 F8     BNE  A:00 X:08 Y:16 P:24 SP:FB
E847  2C 02 20  BIT  A:00 X:08 Y:16 P:24 SP:FB
E84A  30 06     BMI  A:00 X:08 Y:16 P:26 SP:FB
E84C  CA        DEX  A:00 X:08 Y:16 P:26 SP:FB
E84D  D0 F8     BNE  A:00 X:07 Y:16 P:24 SP:FB
E847  2C 02 20  BIT  A:00 X:07 Y:16 P:24 SP:FB
E84A  30 06     BMI  A:00 X:07 Y:16 P:26 SP:FB
E84C  CA        DEX  A:00 X:07 Y:16 P:26 SP:FB
E84D  D0 F8     BNE  A:00 X:06 Y:16 P:24 SP:FB
E847  2C 02 20  BIT  A:00 X:06 Y:16 P:24 SP:FB
E84A  30 06     BMI  A:00 X:06 Y:16 P:26 SP:FB
E84C  CA        DEX  A:00 X:06 Y:16 P:26 SP:FB
E84D  D0 F8     BNE  A:00 X:05 Y:16 P:24 SP:FB
E847  2C 02 20  BIT  A:00 X:05 Y:16 P:24 SP:FB
E84A  30 06     BMI  A:00 X:05 Y:16 P:26 SP:FB
E84C  CA        DEX  A:00 X:05 Y:16 P:26 SP:FB
E84D  D0 F8     BNE  A:00 X:04 Y:16 P:24 SP:FB
E847  2C 02 20  BIT  A:00 X:04 Y:16 P:24 SP:FB
E84A  30 06     BMI  A:00 X:04 Y:16 P:26 SP:FB
E84C  CA        DEX  A:00 X:04 Y:16 P:26 SP:FB
E84D  D0 F8     BNE  A:00 X:03 Y:16 P:24 SP:FB
E847  2C 02 20  BIT  A:00 X:03 Y:16 P:24 SP:FB
E84A  30 06     BMI  A:00 X:03 Y:16 P:26 SP:FB
E84C  CA        DEX  A:00 X:03 Y:16 P:26 SP:FB
E84D  D0 F8     BNE  A:00 X:02 Y:16 P:24 SP:FB
E847  2C 02 20  BIT  A:00 X:02 Y:16 P:24 SP:FB
E84A  30 06     BMI  A:00 X:02 Y:16 P:26 SP:FB
E84C  CA        DEX  A:00 X:02 Y:16 P:26 SP:FB
E84D  D0 F8     BNE  A:00 X:01 Y:16 P:24 SP:FB
E847  2C 02 20  BIT  A:00 X:01 Y:16 P:24 SP:FB
E84A  30 06     BMI  A:00 X:01 Y:16 P:26 SP:FB
E84C  CA        DEX  A:00 X:01 Y:16 P:26 SP:FB
E84D  D0 F8     BNE  A:00 X:00 Y:16 P:26 SP:FB
E84F  88        DEY  A:00 X:00 Y:16 P:26 SP:FB
E850  10 F5     BPL  A:00 X:00 Y:15 P:24 SP:FB
E847  2C 02 20  BIT  A:00 X:00 Y:15 P:24 SP:FB
E84A  30 06     BMI  A:00 X:00 Y:15 P:26 SP:FB
E84C  CA        DEX  A:00 X:00 Y:15 P:26 SP:FB
E84D  D0 F8     BNE  A:00 X:FF Y:15 P:A4 SP:FB
E847  2C 02 20  BIT  A:00 X:FF Y:15 P:A4 SP:FB
E84A  30 06     BMI  A:00 X:FF Y:15 P:26 SP:FB
E84C  CA        DEX  A:00 X:FF Y:15 P:26 SP:FB
E84D  D0 F8     BNE  A:00 X:FE Y:15 P:A4 SP:FB
E847  2C 02 20  BIT  A:00 X:FE Y:15 P:A4 SP:FB
E84A  30 06     BMI  A:00 X:FE Y:15 P:26 SP:FB
E84C  CA        DEX  A:00 X:FE Y:15 P:26 SP:FB
E84D  D0 F8     BNE  A:00 X:FD Y:15 P:A4 SP:FB
E847  2C 02 20  BIT  A:00 X:FD Y:15 P:A4 SP:FB
E84A  30 06     BMI  A:00 X:FD Y:15 P:26 SP:FB
E84C  CA        DEX  A:00 X:FD Y:15 P:26 SP:FB
E84D  D0 F8     BNE  A:00 X:FC Y:15 P:A4 SP:FB
E847  2C 02 20  BIT  A:00 X:FC Y:15 P:A4 SP:FB
E84A  30 06     BMI  A:00 X:FC Y:15 P:26 SP:FB
E84C  CA        DEX  A:00 X:FC Y:15 P:26 SP:FB
E84D  D0 F8     BNE  A:00 X:FB Y:15 P:A4 SP:FB
E847  2C 02 20  BIT  A:00 X:FB Y:15 P:A4 SP:FB
E84A  30 06     BMI  A:00 X:FB Y:15 P:26 SP:FB
E84C  CA        DEX  A:00 X:FB Y:15 P:26 SP:FB
E84D  D0 F8     BNE  A:00 X:FA Y:15 P:A4 SP:FB
E847  2C 02 20  BIT  A:00 X:FA Y:15 P:A4 SP:FB
E84A  30 06     BMI  A:00 X:FA Y:15 P:26 SP:FB
E84C  CA        DEX  A:00 X:FA Y:15 P:26 SP:FB
E84D  D0 F8     BNE  A:00 X:F9 Y:15 P:A4 SP:FB
E847  2C 02 20  BIT  A:00 X:F9 Y:15 P:A4 SP:FB
E84A  30 06     BMI  A:00 X:F9 Y:15 P:26 SP:FB
E84C  CA        DEX  A:00 X:F9 Y:15 P:26 SP:FB
E84D  D0 F8     BNE  A:00 X:F8 Y:15 P:A4 SP:FB
E847  2C 02 20  BIT  A:00 X:F8 Y:15 P:A4 SP:FB
E84A  30 06     BMI  A:00 X:F8 Y:15 P:26 SP:FB
E84C  CA        DEX  A:00 X:F8 Y:15 P:26 SP:FB
E84D  D0 F8     BNE  A:00 X:F7 Y:15 P:A4 SP:FB
E847  2C 02 20  BIT  A:00 X:F7 Y:15 P:A4 SP:FB
E84A  30 06     BMI  A:00 X:F7 Y:15 P:26 SP:FB
E84C  CA        DEX  A:00 X:F7 Y:15 P:26 SP:FB
E84D  D0 F8     BNE  A:00 X:F6 Y:15 P:A4 SP:FB
E847  2C 02 20  BIT  A:00 X:F6 Y:15 P:A4 SP:FB
E84A  30 06     BMI  A:00 X:F6 Y:15 P:26 SP:FB
E84C  CA        DEX  A:00 X:F6 Y:15 P:26 SP:FB
E84D  D0 F8     BNE  A:00 X:F5 Y:15 P:A4 SP:FB
E847  2C 02 20  BIT  A:00 X:F5 Y:15 P:A4 SP:FB
E84A  30 06     BMI  A:00 X:F5 Y:15 P:26 SP:FB
E84C  CA        DEX  A:00 X:F5 Y:15 P:26 SP:FB
E84D  D0 F8     BNE  A:00 X:F4 Y:15 P:A4 SP:FB
E847  2C 02 20  BIT  A:00 X:F4 Y:15 P:A4 SP:FB
E84A  30 06     BMI  A:00 X:F4 Y:15 P:26 SP:FB
E84C  CA        DEX  A:00 X:F4 Y:15 P:26 SP:FB
E84D  D0 F8     BNE  A:00 X:F3 Y:15 P:A4 SP:FB
E847  2C 02 20  BIT  A:00 X:F3 Y:15 P:A4 SP:FB
E84A  30 06     BMI  A:00 X:F3 Y:15 P:26 SP:FB
E84C  CA        DEX  A:00 X:F3 Y:15 P:26 SP:FB
E84D  D0 F8     BNE  A:00 X:F2 Y:15 P:A4 SP:FB
E847  2C 02 20  BIT  A:00 X:F2 Y:15 P:A4 SP:FB
E84A  30 06     BMI  A:00 X:F2 Y:15 P:26 SP:FB
E84C  CA        DEX  A:00 X:F2 Y:15 P:26 SP:FB
E84D  D0 F8     BNE  A:00 X:F1 Y:15 P:A4 SP:FB
E847  2C 02 20  BIT  A:00 X:F1 Y:15 P:A4 SP:FB
E84A  30 06     BMI  A:00 X:F1 Y:15 P:26 SP:FB
E84C  CA        DEX  A:00 X:F1 Y:15 P:26 SP:FB
E84D  D0 F8     BNE  A:00 X:F0 Y:15 P:A4 SP:FB
E847  2C 02 20  BIT  A:00 X:F0 Y:15 P:A4 SP:FB
E84A  30 06     BMI  A:00 X:F0 Y:15 P:26 SP:FB
E84C  CA        DEX  A:00 X:F0 Y:15 P:26 SP:FB
E84D  D0 F8     BNE  A:00 X:EF Y:15 P:A4 SP:FB
E847  2C 02 20  BIT  A:00 X:EF Y:15 P:A4 SP:FB
E84A  30 06     BMI  A:00 X:EF Y:15 P:26 SP:FB
E84C  CA        DEX  A:00 X:EF Y:15 P:26 SP:FB
E84D  D0 F8     BNE  A:00 X:EE Y:15 P:A4 SP:FB
E847  2C 02 20  BIT  A:00 X:EE Y:15 P:A4 SP:FB
E84A  30 06     BMI  A:00 X:EE Y:15 P:26 SP:FB
E84C  CA        DEX  A:00 X:EE Y:15 P:26 SP:FB
E84D  D0 F8     BNE  A:00 X:ED Y:15 P:A4 SP:FB
E847  2C 02 20  BIT  A:00 X:ED Y:15 P:A4 SP:FB
E84A  30 06     BMI  A:00 X:ED Y:15 P:26 SP:FB
E84C  CA        DEX  A:00 X:ED Y:15 P:26 SP:FB
E84D  D0 F8     BNE  A:00 X:EC Y:15 P:A4 SP:FB
E847  2C 02 20  BIT  A:00 X:EC Y:15 P:A4 SP:FB
E84A  30 06     BMI  A:00 X:EC Y:15 P:26 SP:FB
E84C  CA        DEX  A:00 X:EC Y:15 P:26 SP:FB
E84D  D0 F8     BNE  A:00 X:EB Y:15 P:A4 SP:FB
E847  2C 02 20  BIT  A:00 X:EB Y:15 P:A4 SP:FB
E84A  30 06     BMI  A:00 X:EB Y:15 P:26 SP:FB
E84C  CA        DEX  A:00 X:EB Y:15 P:26 SP:FB
E84D  D0 F8     BNE  A:00 X:EA Y:15 P:A4 SP:FB
E847  2C 02 20  BIT  A:00 X:EA Y:15 P:A4 SP:FB
E84A  30 06     BMI  A:00 X:EA Y:15 P:26 SP:FB
E84C  CA        DEX  A:00 X:EA Y:15 P:26 SP:FB
E84D  D0 F8     BNE  A:00 X:E9 Y:15 P:A4 SP:FB
E847  2C 02 20  BIT  A:00 X:E9 Y:15 P:A4 SP:FB
E84A  30 06     BMI  A:00 X:E9 Y:15 P:26 SP:FB
E84C  CA        DEX  A:00 X:E9 Y:15 P:26 SP:FB
E84D  D0 F8     BNE  A:00 X:E8 Y:15 P:A4 SP:FB
E847  2C 02 20  BIT  A:00 X:E8 Y:15 P:A4 SP:FB
E84A  30 06     BMI  A:00 X:E8 Y:15 P:26 SP:FB
E84C  CA        DEX  A:00 X:E8 Y:15 P:26 SP:FB
E84D  D0 F8     BNE  A:00 X:E7 Y:15 P:A4 SP:FB
E847  2C 02 20  BIT  A:00 X:E7 Y:15 P:A4 SP:FB
E84A  30 06     BMI  A:00 X:E7 Y:15 P:26 SP:FB
E84C  CA        DEX  A:00 X:E7 Y:15 P:26 SP:FB
E84D  D0 F8     BNE  A:00 X:E6 Y:15 P:A4 SP:FB
E847  2C 02 20  BIT  A:00 X:E6 Y:15 P:A4 SP:FB
E84A  30 06     BMI  A:00 X:E6 Y:15 P:26 SP:FB
E84C  CA        DEX  A:00 X:E6 Y:15 P:26 SP:FB
E84D  D0 F8     BNE  A:00 X:E5 Y:15 P:A4 SP:FB
E847  2C 02 20  BIT  A:00 X:E5 Y:15 P:A4 SP:FB
E84A  30 06     BMI  A:00 X:E5 Y:15 P:26 SP:FB
E84C  CA        DEX  A:00 X:E5 Y:15 P:26 SP:FB
E84D  D0 F8     BNE  A:00 X:E4 Y:15 P:A4 SP:FB
E847  2C 02 20  BIT  A:00 X:E4 Y:15 P:A4 SP:FB
E84A  30 06     BMI  A:00 X:E4 Y:15 P:26 SP:FB
E84C  CA        DEX  A:00 X:E4 Y:15 P:26 SP:FB
E84D  D0 F8     BNE  A:00 X:E3 Y:15 P:A4 SP:FB
E847  2C 02 20  BIT  A:00 X:E3 Y:15 P:A4 SP:FB
E84A  30 06     BMI  A:00 X:E3 Y:15 P:26 SP:FB
E84C  CA        DEX  A:00 X:E3 Y:15 P:26 SP:FB
E84D  D0 F8     BNE  A:00 X:E2 Y:15 P:A4 SP:FB
E847  2C 02 20  BIT  A:00 X:E2 Y:15 P:A4 SP:FB
E84A  30 06     BMI  A:00 X:E2 Y:15 P:26 SP:FB
E84C  CA        DEX  A:00 X:E2 Y:15 P:26 SP:FB
E84D  D0 F8     BNE  A:00 X:E1 Y:15 P:A4 SP:FB
E847  2C 02 20  BIT  A:00 X:E1 Y:15 P:A4 SP:FB
E84A  30 06     BMI  A:00 X:E1 Y:15 P:26 SP:FB
E84C  CA        DEX  A:00 X:E1 Y:15 P:26 SP:FB
E84D  D0 F8     BNE  A:00 X:E0 Y:15 P:A4 SP:FB
E847  2C 02 20  BIT  A:00 X:E0 Y:15 P:A4 SP:FB
E84A  30 06     BMI  A:00 X:E0 Y:15 P:26 SP:FB
E84C  CA        DEX  A:00 X:E0 Y:15 P:26 SP:FB
E84D  D0 F8     BNE  A:00 X:DF Y:15 P:A4 SP:FB
E847  2C 02 20  BIT  A:00 X:DF Y:15 P:A4 SP:FB
E84A  30 06     BMI  A:00 X:DF Y:15 P:26 SP:FB
E84C  CA        DEX  A:00 X:DF Y:15 P:26 SP:FB
E84D  D0 F8     BNE  A:00 X:DE Y:15 P:A4 SP:FB
E847  2C 02 20  BIT  A:00 X:DE Y:15 P:A4 SP:FB
E84A  30 06     BMI  A:00 X:DE Y:15 P:26 SP:FB
E84C  CA        DEX  A:00 X:DE Y:15 P:26 SP:FB
E84D  D0 F8     BNE  A:00 X:DD Y:15 P:A4 SP:FB
E847  2C 02 20  BIT  A:00 X:DD Y:15 P:A4 SP:FB
E84A  30 06     BMI  A:00 X:DD Y:15 P:26 SP:FB
E84C  CA        DEX  A:00 X:DD Y:15 P:26 SP:FB
E84D  D0 F8     BNE  A:00 X:DC Y:15 P:A4 SP:FB
E847  2C 02 20  BIT  A:00 X:DC Y:15 P:A4 SP:FB
E84A  30 06     BMI  A:00 X:DC Y:15 P:26 SP:FB
E84C  CA        DEX  A:00 X:DC Y:15 P:26 SP:FB
E84D  D0 F8     BNE  A:00 X:DB Y:15 P:A4 SP:FB
E847  2C 02 20  BIT  A:00 X:DB Y:15 P:A4 SP:FB
E84A  30 06     BMI  A:00 X:DB Y:15 P:26 SP:FB
E84C  CA        DEX  A:00 X:DB Y:15 P:26 SP:FB
E84D  D0 F8     BNE  A:00 X:DA Y:15 P:A4 SP:FB
E847  2C 02 20  BIT  A:00 X:DA Y:15 P:A4 SP:FB
E84A  30 06     BMI  A:00 X:DA Y:15 P:26 SP:FB
E84C  CA        DEX  A:00 X:DA Y:15 P:26 SP:FB
E84D  D0 F8     BNE  A:00 X:D9 Y:15 P:A4 SP:FB
E847  2C 02 20  BIT  A:00 X:D9 Y:15 P:A4 SP:FB
E84A  30 06     BMI  A:00 X:D9 Y:15 P:26 SP:FB
E84C  CA        DEX  A:00 X:D9 Y:15 P:26 SP:FB
E84D  D0 F8     BNE  A:00 X:D8 Y:15 P:A4 SP:FB
E847  2C 02 20  BIT  A:00 X:D8 Y:15 P:A4 SP:FB
E84A  30 06     BMI  A:00 X:D8 Y:15 P:26 SP:FB
E84C  CA        DEX  A:00 X:D8 Y:15 P:26 SP:FB
E84D  D0 F8     BNE  A:00 X:D7 Y:15 P:A4 SP:FB
E847  2C 02 20  BIT  A:00 X:D7 Y:15 P:A4 SP:FB
E84A  30 06     BMI  A:00 X:D7 Y:15 P:26 SP:FB
E84C  CA        DEX  A:00 X:D7 Y:15 P:26 SP:FB
E84D  D0 F8     BNE  A:00 X:D6 Y:15 P:A4 SP:FB
E847  2C 02 20  BIT  A:00 X:D6 Y:15 P:A4 SP:FB
E84A  30 06     BMI  A:00 X:D6 Y:15 P:26 SP:FB
E84C  CA        DEX  A:00 X:D6 Y:15 P:26 SP:FB
E84D  D0 F8     BNE  A:00 X:D5 Y:15 P:A4 SP:FB
E847  2C 02 20  BIT  A:00 X:D5 Y:15 P:A4 SP:FB
E84A  30 06     BMI  A:00 X:D5 Y:15 P:26 SP:FB
E84C  CA        DEX  A:00 X:D5 Y:15 P:26 SP:FB
E84D  D0 F8     BNE  A:00 X:D4 Y:15 P:A4 SP:FB
E847  2C 02 20  BIT  A:00 X:D4 Y:15 P:A4 SP:FB
E84A  30 06     BMI  A:00 X:D4 Y:15 P:26 SP:FB
E84C  CA        DEX  A:00 X:D4 Y:15 P:26 SP:FB
E84D  D0 F8     BNE  A:00 X:D3 Y:15 P:A4 SP:FB
E847  2C 02 20  BIT  A:00 X:D3 Y:15 P:A4 SP:FB
E84A  30 06     BMI  A:00 X:D3 Y:15 P:26 SP:FB
E84C  CA        DEX  A:00 X:D3 Y:15 P:26 SP:FB
E84D  D0 F8     BNE  A:00 X:D2 Y:15 P:A4 SP:FB
E847  2C 02 20  BIT  A:00 X:D2 Y:15 P:A4 SP:FB
E84A  30 06     BMI  A:00 X:D2 Y:15 P:26 SP:FB
E84C  CA        DEX  A:00 X:D2 Y:15 P:26 SP:FB
E84D  D0 F8     BNE  A:00 X:D1 Y:15 P:A4 SP:FB
E847  2C 02 20  BIT  A:00 X:D1 Y:15 P:A4 SP:FB
E84A  30 06     BMI  A:00 X:D1 Y:15 P:26 SP:FB
E84C  CA        DEX  A:00 X:D1 Y:15 P:26 SP:FB
E84D  D0 F8     BNE  A:00 X:D0 Y:15 P:A4 SP:FB
E847  2C 02 20  BIT  A:00 X:D0 Y:15 P:A4 SP:FB
E84A  30 06     BMI  A:00 X:D0 Y:15 P:26 SP:FB
E84C  CA        DEX  A:00 X:D0 Y:15 P:26 SP:FB
E84D  D0 F8     BNE  A:00 X:CF Y:15 P:A4 SP:FB
E847  2C 02 20  BIT  A:00 X:CF Y:15 P:A4 SP:FB
E84A  30 06     BMI  A:00 X:CF Y:15 P:26 SP:FB
E84C  CA        DEX  A:00 X:CF Y:15 P:26 SP:FB
E84D  D0 F8     BNE  A:00 X:CE Y:15 P:A4 SP:FB
E847  2C 02 20  BIT  A:00 X:CE Y:15 P:A4 SP:FB
E84A  30 06     BMI  A:00 X:CE Y:15 P:26 SP:FB
E84C  CA        DEX  A:00 X:CE Y:15 P:26 SP:FB
E84D  D0 F8     BNE  A:00 X:CD Y:15 P:A4 SP:FB
E847  2C 02 20  BIT  A:00 X:CD Y:15 P:A4 SP:FB
E84A  30 06     BMI  A:00 X:CD Y:15 P:26 SP:FB
E84C  CA        DEX  A:00 X:CD Y:15 P:26 SP:FB
E84D  D0 F8     BNE  A:00 X:CC Y:15 P:A4 SP:FB
E847  2C 02 20  BIT  A:00 X:CC Y:15 P:A4 SP:FB
E84A  30 06     BMI  A:00 X:CC Y:15 P:26 SP:FB
E84C  CA        DEX  A:00 X:CC Y:15 P:26 SP:FB
E84D  D0 F8     BNE  A:00 X:CB Y:15 P:A4 SP:FB
E847  2C 02 20  BIT  A:00 X:CB Y:15 P:A4 SP:FB
E84A  30 06     BMI  A:00 X:CB Y:15 P:26 SP:FB
E84C  CA        DEX  A:00 X:CB Y:15 P:26 SP:FB
E84D  D0 F8     BNE  A:00 X:CA Y:15 P:A4 SP:FB
E847  2C 02 20  BIT  A:00 X:CA Y:15 P:A4 SP:FB
E84A  30 06     BMI  A:00 X:CA Y:15 P:26 SP:FB
E84C  CA        DEX  A:00 X:CA Y:15 P:26 SP:FB
E84D  D0 F8     BNE  A:00 X:C9 Y:15 P:A4 SP:FB
E847  2C 02 20  BIT  A:00 X:C9 Y:15 P:A4 SP:FB
E84A  30 06     BMI  A:00 X:C9 Y:15 P:26 SP:FB
E84C  CA        DEX  A:00 X:C9 Y:15 P:26 SP:FB
E84D  D0 F8     BNE  A:00 X:C8 Y:15 P:A4 SP:FB
E847  2C 02 20  BIT  A:00 X:C8 Y:15 P:A4 SP:FB
E84A  30 06     BMI  A:00 X:C8 Y:15 P:26 SP:FB
E84C  CA        DEX  A:00 X:C8 Y:15 P:26 SP:FB
E84D  D0 F8     BNE  A:00 X:C7 Y:15 P:A4 SP:FB
E847  2C 02 20  BIT  A:00 X:C7 Y:15 P:A4 SP:FB
E84A  30 06     BMI  A:00 X:C7 Y:15 P:26 SP:FB
E84C  CA        DEX  A:00 X:C7 Y:15 P:26 SP:FB
E84D  D0 F8     BNE  A:00 X:C6 Y:15 P:A4 SP:FB
E847  2C 02 20  BIT  A:00 X:C6 Y:15 P:A4 SP:FB
E84A  30 06     BMI  A:00 X:C6 Y:15 P:26 SP:FB
E84C  CA        DEX  A:00 X:C6 Y:15 P:26 SP:FB
E84D  D0 F8     BNE  A:00 X:C5 Y:15 P:A4 SP:FB
E847  2C 02 20  BIT  A:00 X:C5 Y:15 P:A4 SP:FB
E84A  30 06     BMI  A:00 X:C5 Y:15 P:26 SP:FB
E84C  CA        DEX  A:00 X:C5 Y:15 P:26 SP:FB
E84D  D0 F8     BNE  A:00 X:C4 Y:15 P:A4 SP:FB
E847  2C 02 20  BIT  A:00 X:C4 Y:15 P:A4 SP:FB
E84A  30 06     BMI  A:00 X:C4 Y:15 P:26 SP:FB
E84C  CA        DEX  A:00 X:C4 Y:15 P:26 SP:FB
E84D  D0 F8     BNE  A:00 X:C3 Y:15 P:A4 SP:FB
E847  2C 02 20  BIT  A:00 X:C3 Y:15 P:A4 SP:FB
E84A  30 06     BMI  A:00 X:C3 Y:15 P:26 SP:FB
E84C  CA        DEX  A:00 X:C3 Y:15 P:26 SP:FB
E84D  D0 F8     BNE  A:00 X:C2 Y:15 P:A4 SP:FB
E847  2C 02 20  BIT  A:00 X:C2 Y:15 P:A4 SP:FB
E84A  30 06     BMI  A:00 X:C2 Y:15 P:26 SP:FB
E84C  CA        DEX  A:00 X:C2 Y:15 P:26 SP:FB
E84D  D0 F8     BNE  A:00 X:C1 Y:15 P:A4 SP:FB
E847  2C 02 20  BIT  A:00 X:C1 Y:15 P:A4 SP:FB
E84A  30 06     BMI  A:00 X:C1 Y:15 P:26 SP:FB
E84C  CA        DEX  A:00 X:C1 Y:15 P:26 SP:FB
E84D  D0 F8     BNE  A:00 X:C0 Y:15 P:A4 SP:FB
E847  2C 02 20  BIT  A:00 X:C0 Y:15 P:A4 SP:FB
E84A  30 06     BMI  A:00 X:C0 Y:15 P:26 SP:FB
E84C  CA        DEX  A:00 X:C0 Y:15 P:26 SP:FB
E84D  D0 F8     BNE  A:00 X:BF Y:15 P:A4 SP:FB
E847  2C 02 20  BIT  A:00 X:BF Y:15 P:A4 SP:FB
E84A  30 06     BMI  A:00 X:BF Y:15 P:26 SP:FB
E84C  CA        DEX  A:00 X:BF Y:15 P:26 SP:FB
E84D  D0 F8     BNE  A:00 X:BE Y:15 P:A4 SP:FB
E847  2C 02 20  BIT  A:00 X:BE Y:15 P:A4 SP:FB
E84A  30 06     BMI  A:00 X:BE Y:15 P:26 SP:FB
E84C  CA        DEX  A:00 X:BE Y:15 P:26 SP:FB
E84D  D0 F8     BNE  A:00 X:BD Y:15 P:A4 SP:FB
E847  2C 02 20  BIT  A:00 X:BD Y:15 P:A4 SP:FB
E84A  30 06     BMI  A:00 X:BD Y:15 P:26 SP:FB
E84C  CA        DEX  A:00 X:BD Y:15 P:26 SP:FB
E84D  D0 F8     BNE  A:00 X:BC Y:15 P:A4 SP:FB
E847  2C 02 20  BIT  A:00 X:BC Y:15 P:A4 SP:FB
E84A  30 06     BMI  A:00 X:BC Y:15 P:26 SP:FB
E84C  CA        DEX  A:00 X:BC Y:15 P:26 SP:FB
E84D  D0 F8     BNE  A:00 X:BB Y:15 P:A4 SP:FB
E847  2C 02 20  BIT  A:00 X:BB Y:15 P:A4 SP:FB
E84A  30 06     BMI  A:00 X:BB Y:15 P:26 SP:FB
E84C  CA        DEX  A:00 X:BB Y:15 P:26 SP:FB
E84D  D0 F8     BNE  A:00 X:BA Y:15 P:A4 SP:FB
E847  2C 02 20  BIT  A:00 X:BA Y:15 P:A4 SP:FB
E84A  30 06     BMI  A:00 X:BA Y:15 P:26 SP:FB
E84C  CA        DEX  A:00 X:BA Y:15 P:26 SP:FB
E84D  D0 F8     BNE  A:00 X:B9 Y:15 P:A4 SP:FB
E847  2C 02 20  BIT  A:00 X:B9 Y:15 P:A4 SP:FB
E84A  30 06     BMI  A:00 X:B9 Y:15 P:26 SP:FB
E84C  CA        DEX  A:00 X:B9 Y:15 P:26 SP:FB
E84D  D0 F8     BNE  A:00 X:B8 Y:15 P:A4 SP:FB
E847  2C 02 20  BIT  A:00 X:B8 Y:15 P:A4 SP:FB
E84A  30 06     BMI  A:00 X:B8 Y:15 P:26 SP:FB
E84C  CA        DEX  A:00 X:B8 Y:15 P:26 SP:FB
E84D  D0 F8     BNE  A:00 X:B7 Y:15 P:A4 SP:FB
E847  2C 02 20  BIT  A:00 X:B7 Y:15 P:A4 SP:FB
E84A  30 06     BMI  A:00 X:B7 Y:15 P:26 SP:FB
E84C  CA        DEX  A:00 X:B7 Y:15 P:26 SP:FB
E84D  D0 F8     BNE  A:00 X:B6 Y:15 P:A4 SP:FB
E847  2C 02 20  BIT  A:00 X:B6 Y:15 P:A4 SP:FB
E84A  30 06     BMI  A:00 X:B6 Y:15 P:26 SP:FB
E84C  CA        DEX  A:00 X:B6 Y:15 P:26 SP:FB
E84D  D0 F8     BNE  A:00 X:B5 Y:15 P:A4 SP:FB
E847  2C 02 20  BIT  A:00 X:B5 Y:15 P:A4 SP:FB
E84A  30 06     BMI  A:00 X:B5 Y:15 P:26 SP:FB
E84C  CA        DEX  A:00 X:B5 Y:15 P:26 SP:FB
E84D  D0 F8     BNE  A:00 X:B4 Y:15 P:A4 SP:FB
E847  2C 02 20  BIT  A:00 X:B4 Y:15 P:A4 SP:FB
E84A  30 06     BMI  A:00 X:B4 Y:15 P:26 SP:FB
E84C  CA        DEX  A:00 X:B4 Y:15 P:26 SP:FB
E84D  D0 F8     BNE  A:00 X:B3 Y:15 P:A4 SP:FB
E847  2C 02 20  BIT  A:00 X:B3 Y:15 P:A4 SP:FB
E84A  30 06     BMI  A:00 X:B3 Y:15 P:26 SP:FB
E84C  CA        DEX  A:00 X:B3 Y:15 P:26 SP:FB
E84D  D0 F8     BNE  A:00 X:B2 Y:15 P:A4 SP:FB
E847  2C 02 20  BIT  A:00 X:B2 Y:15 P:A4 SP:FB
E84A  30 06     BMI  A:00 X:B2 Y:15 P:26 SP:FB
E84C  CA        DEX  A:00 X:B2 Y:15 P:26 SP:FB
E84D  D0 F8     BNE  A:00 X:B1 Y:15 P:A4 SP:FB
E847  2C 02 20  BIT  A:00 X:B1 Y:15 P:A4 SP:FB
E84A  30 06     BMI  A:00 X:B1 Y:15 P:26 SP:FB
E84C  CA        DEX  A:00 X:B1 Y:15 P:26 SP:FB
E84D  D0 F8     BNE  A:00 X:B0 Y:15 P:A4 SP:FB
E847  2C 02 20  BIT  A:00 X:B0 Y:15 P:A4 SP:FB
E84A  30 06     BMI  A:00 X:B0 Y:15 P:26 SP:FB
E84C  CA        DEX  A:00 X:B0 Y:15 P:26 SP:FB
E84D  D0 F8     BNE  A:00 X:AF Y:15 P:A4 SP:FB
E847  2C 02 20  BIT  A:00 X:AF Y:15 P:A4 SP:FB
E84A  30 06     BMI  A:00 X:AF Y:15 P:26 SP:FB
E84C  CA        DEX  A:00 X:AF Y:15 P:26 SP:FB
E84D  D0 F8     BNE  A:00 X:AE Y:15 P:A4 SP:FB
E847  2C 02 20  BIT  A:00 X:AE Y:15 P:A4 SP:FB
E84A  30 06     BMI  A:00 X:AE Y:15 P:26 SP:FB
E84C  CA        DEX  A:00 X:AE Y:15 P:26 SP:FB
E84D  D0 F8     BNE  A:00 X:AD Y:15 P:A4 SP:FB
E847  2C 02 20  BIT  A:00 X:AD Y:15 P:A4 SP:FB
E84A  30 06     BMI  A:00 X:AD Y:15 P:26 SP:FB
E84C  CA        DEX  A:00 X:AD Y:15 P:26 SP:FB
E84D  D0 F8     BNE  A:00 X:AC Y:15 P:A4 SP:FB
E847  2C 02 20  BIT  A:00 X:AC Y:15 P:A4 SP:FB
E84A  30 06     BMI  A:00 X:AC Y:15 P:26 SP:FB
E84C  CA        DEX  A:00 X:AC Y:15 P:26 SP:FB
E84D  D0 F8     BNE  A:00 X:AB Y:15 P:A4 SP:FB
E847  2C 02 20  BIT  A:00 X:AB Y:15 P:A4 SP:FB
E84A  30 06     BMI  A:00 X:AB Y:15 P:26 SP:FB
E84C  CA        DEX  A:00 X:AB Y:15 P:26 SP:FB
E84D  D0 F8     BNE  A:00 X:AA Y:15 P:A4 SP:FB
E847  2C 02 20  BIT  A:00 X:AA Y:15 P:A4 SP:FB
E84A  30 06     BMI  A:00 X:AA Y:15 P:26 SP:FB
E84C  CA        DEX  A:00 X:AA Y:15 P:26 SP:FB
E84D  D0 F8     BNE  A:00 X:A9 Y:15 P:A4 SP:FB
E847  2C 02 20  BIT  A:00 X:A9 Y:15 P:A4 SP:FB
E84A  30 06     BMI  A:00 X:A9 Y:15 P:26 SP:FB
E84C  CA        DEX  A:00 X:A9 Y:15 P:26 SP:FB
E84D  D0 F8     BNE  A:00 X:A8 Y:15 P:A4 SP:FB
E847  2C 02 20  BIT  A:00 X:A8 Y:15 P:A4 SP:FB
E84A  30 06     BMI  A:00 X:A8 Y:15 P:26 SP:FB
E84C  CA        DEX  A:00 X:A8 Y:15 P:26 SP:FB
E84D  D0 F8     BNE  A:00 X:A7 Y:15 P:A4 SP:FB
E847  2C 02 20  BIT  A:00 X:A7 Y:15 P:A4 SP:FB
E84A  30 06     BMI  A:00 X:A7 Y:15 P:26 SP:FB
E84C  CA        DEX  A:00 X:A7 Y:15 P:26 SP:FB
E84D  D0 F8     BNE  A:00 X:A6 Y:15 P:A4 SP:FB
E847  2C 02 20  BIT  A:00 X:A6 Y:15 P:A4 SP:FB
E84A  30 06     BMI  A:00 X:A6 Y:15 P:26 SP:FB
E84C  CA        DEX  A:00 X:A6 Y:15 P:26 SP:FB
E84D  D0 F8     BNE  A:00 X:A5 Y:15 P:A4 SP:FB
E847  2C 02 20  BIT  A:00 X:A5 Y:15 P:A4 SP:FB
E84A  30 06     BMI  A:00 X:A5 Y:15 P:26 SP:FB
E84C  CA        DEX  A:00 X:A5 Y:15 P:26 SP:FB
E84D  D0 F8     BNE  A:00 X:A4 Y:15 P:A4 SP:FB
E847  2C 02 20  BIT  A:00 X:A4 Y:15 P:A4 SP:FB
E84A  30 06     BMI  A:00 X:A4 Y:15 P:26 SP:FB
E84C  CA        DEX  A:00 X:A4 Y:15 P:26 SP:FB
E84D  D0 F8     BNE  A:00 X:A3 Y:15 P:A4 SP:FB
E847  2C 02 20  BIT  A:00 X:A3 Y:15 P:A4 SP:FB
E84A  30 06     BMI  A:00 X:A3 Y:15 P:26 SP:FB
E84C  CA        DEX  A:00 X:A3 Y:15 P:26 SP:FB
E84D  D0 F8     BNE  A:00 X:A2 Y:15 P:A4 SP:FB
E847  2C 02 20  BIT  A:00 X:A2 Y:15 P:A4 SP:FB
E84A  30 06     BMI  A:00 X:A2 Y:15 P:26 SP:FB
E84C  CA        DEX  A:00 X:A2 Y:15 P:26 SP:FB
E84D  D0 F8     BNE  A:00 X:A1 Y:15 P:A4 SP:FB
E847  2C 02 20  BIT  A:00 X:A1 Y:15 P:A4 SP:FB
E84A  30 06     BMI  A:00 X:A1 Y:15 P:26 SP:FB
E84C  CA        DEX  A:00 X:A1 Y:15 P:26 SP:FB
E84D  D0 F8     BNE  A:00 X:A0 Y:15 P:A4 SP:FB
E847  2C 02 20  BIT  A:00 X:A0 Y:15 P:A4 SP:FB
E84A  30 06     BMI  A:00 X:A0 Y:15 P:26 SP:FB
E84C  CA        DEX  A:00 X:A0 Y:15 P:26 SP:FB
E84D  D0 F8     BNE  A:00 X:9F Y:15 P:A4 SP:FB
E847  2C 02 20  BIT  A:00 X:9F Y:15 P:A4 SP:FB
E84A  30 06     BMI  A:00 X:9F Y:15 P:26 SP:FB
E84C  CA        DEX  A:00 X:9F Y:15 P:26 SP:FB
E84D  D0 F8     BNE  A:00 X:9E Y:15 P:A4 SP:FB
E847  2C 02 20  BIT  A:00 X:9E Y:15 P:A4 SP:FB
E84A  30 06     BMI  A:00 X:9E Y:15 P:26 SP:FB
E84C  CA        DEX  A:00 X:9E Y:15 P:26 SP:FB
E84D  D0 F8     BNE  A:00 X:9D Y:15 P:A4 SP:FB
E847  2C 02 20  BIT  A:00 X:9D Y:15 P:A4 SP:FB
E84A  30 06     BMI  A:00 X:9D Y:15 P:26 SP:FB
E84C  CA        DEX  A:00 X:9D Y:15 P:26 SP:FB
E84D  D0 F8     BNE  A:00 X:9C Y:15 P:A4 SP:FB
E847  2C 02 20  BIT  A:00 X:9C Y:15 P:A4 SP:FB
E84A  30 06     BMI  A:00 X:9C Y:15 P:26 SP:FB
E84C  CA        DEX  A:00 X:9C Y:15 P:26 SP:FB
E84D  D0 F8     BNE  A:00 X:9B Y:15 P:A4 SP:FB
E847  2C 02 20  BIT  A:00 X:9B Y:15 P:A4 SP:FB
E84A  30 06     BMI  A:00 X:9B Y:15 P:26 SP:FB
E84C  CA        DEX  A:00 X:9B Y:15 P:26 SP:FB
E84D  D0 F8     BNE  A:00 X:9A Y:15 P:A4 SP:FB
E847  2C 02 20  BIT  A:00 X:9A Y:15 P:A4 SP:FB
E84A  30 06     BMI  A:00 X:9A Y:15 P:26 SP:FB
E84C  CA        DEX  A:00 X:9A Y:15 P:26 SP:FB
E84D  D0 F8     BNE  A:00 X:99 Y:15 P:A4 SP:FB
E847  2C 02 20  BIT  A:00 X:99 Y:15 P:A4 SP:FB
E84A  30 06     BMI  A:00 X:99 Y:15 P:26 SP:FB
E84C  CA        DEX  A:00 X:99 Y:15 P:26 SP:FB
E84D  D0 F8     BNE  A:00 X:98 Y:15 P:A4 SP:FB
E847  2C 02 20  BIT  A:00 X:98 Y:15 P:A4 SP:FB
E84A  30 06     BMI  A:00 X:98 Y:15 P:26 SP:FB
E84C  CA        DEX  A:00 X:98 Y:15 P:26 SP:FB
E84D  D0 F8     BNE  A:00 X:97 Y:15 P:A4 SP:FB
E847  2C 02 20  BIT  A:00 X:97 Y:15 P:A4 SP:FB
E84A  30 06     BMI  A:00 X:97 Y:15 P:26 SP:FB
E84C  CA        DEX  A:00 X:97 Y:15 P:26 SP:FB
E84D  D0 F8     BNE  A:00 X:96 Y:15 P:A4 SP:FB
E847  2C 02 20  BIT  A:00 X:96 Y:15 P:A4 SP:FB
E84A  30 06     BMI  A:00 X:96 Y:15 P:26 SP:FB
E84C  CA        DEX  A:00 X:96 Y:15 P:26 SP:FB
E84D  D0 F8     BNE  A:00 X:95 Y:15 P:A4 SP:FB
E847  2C 02 20  BIT  A:00 X:95 Y:15 P:A4 SP:FB
E84A  30 06     BMI  A:00 X:95 Y:15 P:26 SP:FB
E84C  CA        DEX  A:00 X:95 Y:15 P:26 SP:FB
E84D  D0 F8     BNE  A:00 X:94 Y:15 P:A4 SP:FB
E847  2C 02 20  BIT  A:00 X:94 Y:15 P:A4 SP:FB
E84A  30 06     BMI  A:00 X:94 Y:15 P:26 SP:FB
E84C  CA        DEX  A:00 X:94 Y:15 P:26 SP:FB
E84D  D0 F8     BNE  A:00 X:93 Y:15 P:A4 SP:FB
E847  2C 02 20  BIT  A:00 X:93 Y:15 P:A4 SP:FB
E84A  30 06     BMI  A:00 X:93 Y:15 P:26 SP:FB
E84C  CA        DEX  A:00 X:93 Y:15 P:26 SP:FB
E84D  D0 F8     BNE  A:00 X:92 Y:15 P:A4 SP:FB
E847  2C 02 20  BIT  A:00 X:92 Y:15 P:A4 SP:FB
E84A  30 06     BMI  A:00 X:92 Y:15 P:26 SP:FB
E84C  CA        DEX  A:00 X:92 Y:15 P:26 SP:FB
E84D  D0 F8     BNE  A:00 X:91 Y:15 P:A4 SP:FB
E847  2C 02 20  BIT  A:00 X:91 Y:15 P:A4 SP:FB
E84A  30 06     BMI  A:00 X:91 Y:15 P:26 SP:FB
E84C  CA        DEX  A:00 X:91 Y:15 P:26 SP:FB
E84D  D0 F8     BNE  A:00 X:90 Y:15 P:A4 SP:FB
E847  2C 02 20  BIT  A:00 X:90 Y:15 P:A4 SP:FB
E84A  30 06     BMI  A:00 X:90 Y:15 P:26 SP:FB
E84C  CA        DEX  A:00 X:90 Y:15 P:26 SP:FB
E84D  D0 F8     BNE  A:00 X:8F Y:15 P:A4 SP:FB
E847  2C 02 20  BIT  A:00 X:8F Y:15 P:A4 SP:FB
E84A  30 06     BMI  A:00 X:8F Y:15 P:26 SP:FB
E84C  CA        DEX  A:00 X:8F Y:15 P:26 SP:FB
E84D  D0 F8     BNE  A:00 X:8E Y:15 P:A4 SP:FB
E847  2C 02 20  BIT  A:00 X:8E Y:15 P:A4 SP:FB
E84A  30 06     BMI  A:00 X:8E Y:15 P:26 SP:FB
E84C  CA        DEX  A:00 X:8E Y:15 P:26 SP:FB
E84D  D0 F8     BNE  A:00 X:8D Y:15 P:A4 SP:FB
E847  2C 02 20  BIT  A:00 X:8D Y:15 P:A4 SP:FB
E84A  30 06     BMI  A:00 X:8D Y:15 P:26 SP:FB
E84C  CA        DEX  A:00 X:8D Y:15 P:26 SP:FB
E84D  D0 F8     BNE  A:00 X:8C Y:15 P:A4 SP:FB
E847  2C 02 20  BIT  A:00 X:8C Y:15 P:A4 SP:FB
E84A  30 06     BMI  A:00 X:8C Y:15 P:26 SP:FB
E84C  CA        DEX  A:00 X:8C Y:15 P:26 SP:FB
E84D  D0 F8     BNE  A:00 X:8B Y:15 P:A4 SP:FB
E847  2C 02 20  BIT  A:00 X:8B Y:15 P:A4 SP:FB
E84A  30 06     BMI  A:00 X:8B Y:15 P:26 SP:FB
E84C  CA        DEX  A:00 X:8B Y:15 P:26 SP:FB
E84D  D0 F8     BNE  A:00 X:8A Y:15 P:A4 SP:FB
E847  2C 02 20  BIT  A:00 X:8A Y:15 P:A4 SP:FB
E84A  30 06     BMI  A:00 X:8A Y:15 P:26 SP:FB
E84C  CA        DEX  A:00 X:8A Y:15 P:26 SP:FB
E84D  D0 F8     BNE  A:00 X:89 Y:15 P:A4 SP:FB
E847  2C 02 20  BIT  A:00 X:89 Y:15 P:A4 SP:FB
E84A  30 06     BMI  A:00 X:89 Y:15 P:26 SP:FB
E84C  CA        DEX  A:00 X:89 Y:15 P:26 SP:FB
E84D  D0 F8     BNE  A:00 X:88 Y:15 P:A4 SP:FB
E847  2C 02 20  BIT  A:00 X:88 Y:15 P:A4 SP:FB
E84A  30 06     BMI  A:00 X:88 Y:15 P:26 SP:FB
E84C  CA        DEX  A:00 X:88 Y:15 P:26 SP:FB
E84D  D0 F8     BNE  A:00 X:87 Y:15 P:A4 SP:FB
E847  2C 02 20  BIT  A:00 X:87 Y:15 P:A4 SP:FB
E84A  30 06     BMI  A:00 X:87 Y:15 P:26 SP:FB
E84C  CA        DEX  A:00 X:87 Y:15 P:26 SP:FB
E84D  D0 F8     BNE  A:00 X:86 Y:15 P:A4 SP:FB
E847  2C 02 20  BIT  A:00 X:86 Y:15 P:A4 SP:FB
E84A  30 06     BMI  A:00 X:86 Y:15 P:26 SP:FB
E84C  CA        DEX  A:00 X:86 Y:15 P:26 SP:FB
E84D  D0 F8     BNE  A:00 X:85 Y:15 P:A4 SP:FB
E847  2C 02 20  BIT  A:00 X:85 Y:15 P:A4 SP:FB
E84A  30 06     BMI  A:00 X:85 Y:15 P:26 SP:FB
E84C  CA        DEX  A:00 X:85 Y:15 P:26 SP:FB
E84D  D0 F8     BNE  A:00 X:84 Y:15 P:A4 SP:FB
E847  2C 02 20  BIT  A:00 X:84 Y:15 P:A4 SP:FB
E84A  30 06     BMI  A:00 X:84 Y:15 P:26 SP:FB
E84C  CA        DEX  A:00 X:84 Y:15 P:26 SP:FB
E84D  D0 F8     BNE  A:00 X:83 Y:15 P:A4 SP:FB
E847  2C 02 20  BIT  A:00 X:83 Y:15 P:A4 SP:FB
E84A  30 06     BMI  A:00 X:83 Y:15 P:26 SP:FB
E84C  CA        DEX  A:00 X:83 Y:15 P:26 SP:FB
E84D  D0 F8     BNE  A:00 X:82 Y:15 P:A4 SP:FB
E847  2C 02 20  BIT  A:00 X:82 Y:15 P:A4 SP:FB
E84A  30 06     BMI  A:00 X:82 Y:15 P:26 SP:FB
E84C  CA        DEX  A:00 X:82 Y:15 P:26 SP:FB
E84D  D0 F8     BNE  A:00 X:81 Y:15 P:A4 SP:FB
E847  2C 02 20  BIT  A:00 X:81 Y:15 P:A4 SP:FB
E84A  30 06     BMI  A:00 X:81 Y:15 P:26 SP:FB
E84C  CA        DEX  A:00 X:81 Y:15 P:26 SP:FB
E84D  D0 F8     BNE  A:00 X:80 Y:15 P:A4 SP:FB
E847  2C 02 20  BIT  A:00 X:80 Y:15 P:A4 SP:FB
E84A  30 06     BMI  A:00 X:80 Y:15 P:26 SP:FB
E84C  CA        DEX  A:00 X:80 Y:15 P:26 SP:FB
E84D  D0 F8     BNE  A:00 X:7F Y:15 P:24 SP:FB
E847  2C 02 20  BIT  A:00 X:7F Y:15 P:24 SP:FB
E84A  30 06     BMI  A:00 X:7F Y:15 P:26 SP:FB
E84C  CA        DEX  A:00 X:7F Y:15 P:26 SP:FB
E84D  D0 F8     BNE  A:00 X:7E Y:15 P:24 SP:FB
E847  2C 02 20  BIT  A:00 X:7E Y:15 P:24 SP:FB
E84A  30 06     BMI  A:00 X:7E Y:15 P:26 SP:FB
E84C  CA        DEX  A:00 X:7E Y:15 P:26 SP:FB
E84D  D0 F8     BNE  A:00 X:7D Y:15 P:24 SP:FB
E847  2C 02 20  BIT  A:00 X:7D Y:15 P:24 SP:FB
E84A  30 06     BMI  A:00 X:7D Y:15 P:26 SP:FB
E84C  CA        DEX  A:00 X:7D Y:15 P:26 SP:FB
E84D  D0 F8     BNE  A:00 X:7C Y:15 P:24 SP:FB
E847  2C 02 20  BIT  A:00 X:7C Y:15 P:24 SP:FB
E84A  30 06     BMI  A:00 X:7C Y:15 P:26 SP:FB
E84C  CA        DEX  A:00 X:7C Y:15 P:26 SP:FB
E84D  D0 F8     BNE  A:00 X:7B Y:15 P:24 SP:FB
E847  2C 02 20  BIT  A:00 X:7B Y:15 P:24 SP:FB
E84A  30 06     BMI  A:00 X:7B Y:15 P:26 SP:FB
E84C  CA        DEX  A:00 X:7B Y:15 P:26 SP:FB
E84D  D0 F8     BNE  A:00 X:7A Y:15 P:24 SP:FB
E847  2C 02 20  BIT  A:00 X:7A Y:15 P:24 SP:FB
E84A  30 06     BMI  A:00 X:7A Y:15 P:26 SP:FB
E84C  CA        DEX  A:00 X:7A Y:15 P:26 SP:FB
E84D  D0 F8     BNE  A:00 X:79 Y:15 P:24 SP:FB
E847  2C 02 20  BIT  A:00 X:79 Y:15 P:24 SP:FB
E84A  30 06     BMI  A:00 X:79 Y:15 P:26 SP:FB
E84C  CA        DEX  A:00 X:79 Y:15 P:26 SP:FB
E84D  D0 F8     BNE  A:00 X:78 Y:15 P:24 SP:FB
E847  2C 02 20  BIT  A:00 X:78 Y:15 P:24 SP:FB
E84A  30 06     BMI  A:00 X:78 Y:15 P:26 SP:FB
E84C  CA        DEX  A:00 X:78 Y:15 P:26 SP:FB
E84D  D0 F8     BNE  A:00 X:77 Y:15 P:24 SP:FB
E847  2C 02 20  BIT  A:00 X:77 Y:15 P:24 SP:FB
E84A  30 06     BMI  A:00 X:77 Y:15 P:26 SP:FB
E84C  CA        DEX  A:00 X:77 Y:15 P:26 SP:FB
E84D  D0 F8     BNE  A:00 X:76 Y:15 P:24 SP:FB
E847  2C 02 20  BIT  A:00 X:76 Y:15 P:24 SP:FB
E84A  30 06     BMI  A:00 X:76 Y:15 P:26 SP:FB
E84C  CA        DEX  A:00 X:76 Y:15 P:26 SP:FB
E84D  D0 F8     BNE  A:00 X:75 Y:15 P:24 SP:FB
E847  2C 02 20  BIT  A:00 X:75 Y:15 P:24 SP:FB
E84A  30 06     BMI  A:00 X:75 Y:15 P:26 SP:FB
E84C  CA        DEX  A:00 X:75 Y:15 P:26 SP:FB
E84D  D0 F8     BNE  A:00 X:74 Y:15 P:24 SP:FB
E847  2C 02 20  BIT  A:00 X:74 Y:15 P:24 SP:FB
E84A  30 06     BMI  A:00 X:74 Y:15 P:26 SP:FB
E84C  CA        DEX  A:00 X:74 Y:15 P:26 SP:FB
E84D  D0 F8     BNE  A:00 X:73 Y:15 P:24 SP:FB
E847  2C 02 20  BIT  A:00 X:73 Y:15 P:24 SP:FB
E84A  30 06     BMI  A:00 X:73 Y:15 P:26 SP:FB
E84C  CA        DEX  A:00 X:73 Y:15 P:26 SP:FB
E84D  D0 F8     BNE  A:00 X:72 Y:15 P:24 SP:FB
E847  2C 02 20  BIT  A:00 X:72 Y:15 P:24 SP:FB
E84A  30 06     BMI  A:00 X:72 Y:15 P:26 SP:FB
E84C  CA        DEX  A:00 X:72 Y:15 P:26 SP:FB
E84D  D0 F8     BNE  A:00 X:71 Y:15 P:24 SP:FB
E847  2C 02 20  BIT  A:00 X:71 Y:15 P:24 SP:FB
E84A  30 06     BMI  A:00 X:71 Y:15 P:26 SP:FB
E84C  CA        DEX  A:00 X:71 Y:15 P:26 SP:FB
E84D  D0 F8     BNE  A:00 X:70 Y:15 P:24 SP:FB
E847  2C 02 20  BIT  A:00 X:70 Y:15 P:24 SP:FB
E84A  30 06     BMI  A:00 X:70 Y:15 P:26 SP:FB
E84C  CA        DEX  A:00 X:70 Y:15 P:26 SP:FB
E84D  D0 F8     BNE  A:00 X:6F Y:15 P:24 SP:FB
E847  2C 02 20  BIT  A:00 X:6F Y:15 P:24 SP:FB
E84A  30 06     BMI  A:00 X:6F Y:15 P:26 SP:FB
E84C  CA        DEX  A:00 X:6F Y:15 P:26 SP:FB
E84D  D0 F8     BNE  A:00 X:6E Y:15 P:24 SP:FB
E847  2C 02 20  BIT  A:00 X:6E Y:15 P:24 SP:FB
E84A  30 06     BMI  A:00 X:6E Y:15 P:26 SP:FB
E84C  CA        DEX  A:00 X:6E Y:15 P:26 SP:FB
E84D  D0 F8     BNE  A:00 X:6D Y:15 P:24 SP:FB
E847  2C 02 20  BIT  A:00 X:6D Y:15 P:24 SP:FB
E84A  30 06     BMI  A:00 X:6D Y:15 P:26 SP:FB
E84C  CA        DEX  A:00 X:6D Y:15 P:26 SP:FB
E84D  D0 F8     BNE  A:00 X:6C Y:15 P:24 SP:FB
E847  2C 02 20  BIT  A:00 X:6C Y:15 P:24 SP:FB
E84A  30 06     BMI  A:00 X:6C Y:15 P:26 SP:FB
E84C  CA        DEX  A:00 X:6C Y:15 P:26 SP:FB
E84D  D0 F8     BNE  A:00 X:6B Y:15 P:24 SP:FB
E847  2C 02 20  BIT  A:00 X:6B Y:15 P:24 SP:FB
E84A  30 06     BMI  A:00 X:6B Y:15 P:26 SP:FB
E84C  CA        DEX  A:00 X:6B Y:15 P:26 SP:FB
E84D  D0 F8     BNE  A:00 X:6A Y:15 P:24 SP:FB
E847  2C 02 20  BIT  A:00 X:6A Y:15 P:24 SP:FB
E84A  30 06     BMI  A:00 X:6A Y:15 P:26 SP:FB
E84C  CA        DEX  A:00 X:6A Y:15 P:26 SP:FB
E84D  D0 F8     BNE  A:00 X:69 Y:15 P:24 SP:FB
E847  2C 02 20  BIT  A:00 X:69 Y:15 P:24 SP:FB
E84A  30 06     BMI  A:00 X:69 Y:15 P:26 SP:FB
E84C  CA        DEX  A:00 X:69 Y:15 P:26 SP:FB
E84D  D0 F8     BNE  A:00 X:68 Y:15 P:24 SP:FB
E847  2C 02 20  BIT  A:00 X:68 Y:15 P:24 SP:FB
E84A  30 06     BMI  A:00 X:68 Y:15 P:26 SP:FB
E84C  CA        DEX  A:00 X:68 Y:15 P:26 SP:FB
E84D  D0 F8     BNE  A:00 X:67 Y:15 P:24 SP:FB
E847  2C 02 20  BIT  A:00 X:67 Y:15 P:24 SP:FB
E84A  30 06     BMI  A:00 X:67 Y:15 P:26 SP:FB
E84C  CA        DEX  A:00 X:67 Y:15 P:26 SP:FB
E84D  D0 F8     BNE  A:00 X:66 Y:15 P:24 SP:FB
E847  2C 02 20  BIT  A:00 X:66 Y:15 P:24 SP:FB
E84A  30 06     BMI  A:00 X:66 Y:15 P:26 SP:FB
E84C  CA        DEX  A:00 X:66 Y:15 P:26 SP:FB
E84D  D0 F8     BNE  A:00 X:65 Y:15 P:24 SP:FB
E847  2C 02 20  BIT  A:00 X:65 Y:15 P:24 SP:FB
E84A  30 06     BMI  A:00 X:65 Y:15 P:26 SP:FB
E84C  CA        DEX  A:00 X:65 Y:15 P:26 SP:FB
E84D  D0 F8     BNE  A:00 X:64 Y:15 P:24 SP:FB
E847  2C 02 20  BIT  A:00 X:64 Y:15 P:24 SP:FB
E84A  30 06     BMI  A:00 X:64 Y:15 P:26 SP:FB
E84C  CA        DEX  A:00 X:64 Y:15 P:26 SP:FB
E84D  D0 F8     BNE  A:00 X:63 Y:15 P:24 SP:FB
E847  2C 02 20  BIT  A:00 X:63 Y:15 P:24 SP:FB
E84A  30 06     BMI  A:00 X:63 Y:15 P:26 SP:FB
E84C  CA        DEX  A:00 X:63 Y:15 P:26 SP:FB
E84D  D0 F8     BNE  A:00 X:62 Y:15 P:24 SP:FB
E847  2C 02 20  BIT  A:00 X:62 Y:15 P:24 SP:FB
E84A  30 06     BMI  A:00 X:62 Y:15 P:26 SP:FB
E84C  CA        DEX  A:00 X:62 Y:15 P:26 SP:FB
E84D  D0 F8     BNE  A:00 X:61 Y:15 P:24 SP:FB
E847  2C 02 20  BIT  A:00 X:61 Y:15 P:24 SP:FB
E84A  30 06     BMI  A:00 X:61 Y:15 P:26 SP:FB
E84C  CA        DEX  A:00 X:61 Y:15 P:26 SP:FB
E84D  D0 F8     BNE  A:00 X:60 Y:15 P:24 SP:FB
E847  2C 02 20  BIT  A:00 X:60 Y:15 P:24 SP:FB
E84A  30 06     BMI  A:00 X:60 Y:15 P:26 SP:FB
E84C  CA        DEX  A:00 X:60 Y:15 P:26 SP:FB
E84D  D0 F8     BNE  A:00 X:5F Y:15 P:24 SP:FB
E847  2C 02 20  BIT  A:00 X:5F Y:15 P:24 SP:FB
E84A  30 06     BMI  A:00 X:5F Y:15 P:26 SP:FB
E84C  CA        DEX  A:00 X:5F Y:15 P:26 SP:FB
E84D  D0 F8     BNE  A:00 X:5E Y:15 P:24 SP:FB
E847  2C 02 20  BIT  A:00 X:5E Y:15 P:24 SP:FB
E84A  30 06     BMI  A:00 X:5E Y:15 P:26 SP:FB
E84C  CA        DEX  A:00 X:5E Y:15 P:26 SP:FB
E84D  D0 F8     BNE  A:00 X:5D Y:15 P:24 SP:FB
E847  2C 02 20  BIT  A:00 X:5D Y:15 P:24 SP:FB
E84A  30 06     BMI  A:00 X:5D Y:15 P:26 SP:FB
E84C  CA        DEX  A:00 X:5D Y:15 P:26 SP:FB
E84D  D0 F8     BNE  A:00 X:5C Y:15 P:24 SP:FB
E847  2C 02 20  BIT  A:00 X:5C Y:15 P:24 SP:FB
E84A  30 06     BMI  A:00 X:5C Y:15 P:26 SP:FB
E84C  CA        DEX  A:00 X:5C Y:15 P:26 SP:FB
E84D  D0 F8     BNE  A:00 X:5B Y:15 P:24 SP:FB
E847  2C 02 20  BIT  A:00 X:5B Y:15 P:24 SP:FB
E84A  30 06     BMI  A:00 X:5B Y:15 P:26 SP:FB
E84C  CA        DEX  A:00 X:5B Y:15 P:26 SP:FB
E84D  D0 F8     BNE  A:00 X:5A Y:15 P:24 SP:FB
E847  2C 02 20  BIT  A:00 X:5A Y:15 P:24 SP:FB
E84A  30 06     BMI  A:00 X:5A Y:15 P:26 SP:FB
E84C  CA        DEX  A:00 X:5A Y:15 P:26 SP:FB
E84D  D0 F8     BNE  A:00 X:59 Y:15 P:24 SP:FB
E847  2C 02 20  BIT  A:00 X:59 Y:15 P:24 SP:FB
E84A  30 06     BMI  A:00 X:59 Y:15 P:26 SP:FB
E84C  CA        DEX  A:00 X:59 Y:15 P:26 SP:FB
E84D  D0 F8     BNE  A:00 X:58 Y:15 P:24 SP:FB
E847  2C 02 20  BIT  A:00 X:58 Y:15 P:24 SP:FB
E84A  30 06     BMI  A:00 X:58 Y:15 P:26 SP:FB
E84C  CA        DEX  A:00 X:58 Y:15 P:26 SP:FB
E84D  D0 F8     BNE  A:00 X:57 Y:15 P:24 SP:FB
E847  2C 02 20  BIT  A:00 X:57 Y:15 P:24 SP:FB
E84A  30 06     BMI  A:00 X:57 Y:15 P:26 SP:FB
E84C  CA        DEX  A:00 X:57 Y:15 P:26 SP:FB
E84D  D0 F8     BNE  A:00 X:56 Y:15 P:24 SP:FB
E847  2C 02 20  BIT  A:00 X:56 Y:15 P:24 SP:FB
E84A  30 06     BMI  A:00 X:56 Y:15 P:26 SP:FB
E84C  CA        DEX  A:00 X:56 Y:15 P:26 SP:FB
E84D  D0 F8     BNE  A:00 X:55 Y:15 P:24 SP:FB
E847  2C 02 20  BIT  A:00 X:55 Y:15 P:24 SP:FB
E84A  30 06     BMI  A:00 X:55 Y:15 P:26 SP:FB
E84C  CA        DEX  A:00 X:55 Y:15 P:26 SP:FB
E84D  D0 F8     BNE  A:00 X:54 Y:15 P:24 SP:FB
E847  2C 02 20  BIT  A:00 X:54 Y:15 P:24 SP:FB
E84A  30 06     BMI  A:00 X:54 Y:15 P:26 SP:FB
E84C  CA        DEX  A:00 X:54 Y:15 P:26 SP:FB
E84D  D0 F8     BNE  A:00 X:53 Y:15 P:24 SP:FB
E847  2C 02 20  BIT  A:00 X:53 Y:15 P:24 SP:FB
E84A  30 06     BMI  A:00 X:53 Y:15 P:26 SP:FB
E84C  CA        DEX  A:00 X:53 Y:15 P:26 SP:FB
E84D  D0 F8     BNE  A:00 X:52 Y:15 P:24 SP:FB
E847  2C 02 20  BIT  A:00 X:52 Y:15 P:24 SP:FB
E84A  30 06     BMI  A:00 X:52 Y:15 P:26 SP:FB
E84C  CA        DEX  A:00 X:52 Y:15 P:26 SP:FB
E84D  D0 F8     BNE  A:00 X:51 Y:15 P:24 SP:FB
E847  2C 02 20  BIT  A:00 X:51 Y:15 P:24 SP:FB
E84A  30 06     BMI  A:00 X:51 Y:15 P:26 SP:FB
E84C  CA        DEX  A:00 X:51 Y:15 P:26 SP:FB
E84D  D0 F8     BNE  A:00 X:50 Y:15 P:24 SP:FB
E847  2C 02 20  BIT  A:00 X:50 Y:15 P:24 SP:FB
E84A  30 06     BMI  A:00 X:50 Y:15 P:26 SP:FB
E84C  CA        DEX  A:00 X:50 Y:15 P:26 SP:FB
E84D  D0 F8     BNE  A:00 X:4F Y:15 P:24 SP:FB
E847  2C 02 20  BIT  A:00 X:4F Y:15 P:24 SP:FB
E84A  30 06     BMI  A:00 X:4F Y:15 P:26 SP:FB
E84C  CA        DEX  A:00 X:4F Y:15 P:26 SP:FB
E84D  D0 F8     BNE  A:00 X:4E Y:15 P:24 SP:FB
E847  2C 02 20  BIT  A:00 X:4E Y:15 P:24 SP:FB
E84A  30 06     BMI  A:00 X:4E Y:15 P:26 SP:FB
E84C  CA        DEX  A:00 X:4E Y:15 P:26 SP:FB
E84D  D0 F8     BNE  A:00 X:4D Y:15 P:24 SP:FB
E847  2C 02 20  BIT  A:00 X:4D Y:15 P:24 SP:FB
E84A  30 06     BMI  A:00 X:4D Y:15 P:26 SP:FB
E84C  CA        DEX  A:00 X:4D Y:15 P:26 SP:FB
E84D  D0 F8     BNE  A:00 X:4C Y:15 P:24 SP:FB
E847  2C 02 20  BIT  A:00 X:4C Y:15 P:24 SP:FB
E84A  30 06     BMI  A:00 X:4C Y:15 P:26 SP:FB
E84C  CA        DEX  A:00 X:4C Y:15 P:26 SP:FB
E84D  D0 F8     BNE  A:00 X:4B Y:15 P:24 SP:FB
E847  2C 02 20  BIT  A:00 X:4B Y:15 P:24 SP:FB
E84A  30 06     BMI  A:00 X:4B Y:15 P:26 SP:FB
E84C  CA        DEX  A:00 X:4B Y:15 P:26 SP:FB
E84D  D0 F8     BNE  A:00 X:4A Y:15 P:24 SP:FB
E847  2C 02 20  BIT  A:00 X:4A Y:15 P:24 SP:FB
E84A  30 06     BMI  A:00 X:4A Y:15 P:26 SP:FB
E84C  CA        DEX  A:00 X:4A Y:15 P:26 SP:FB
E84D  D0 F8     BNE  A:00 X:49 Y:15 P:24 SP:FB
E847  2C 02 20  BIT  A:00 X:49 Y:15 P:24 SP:FB
E84A  30 06     BMI  A:00 X:49 Y:15 P:26 SP:FB
E84C  CA        DEX  A:00 X:49 Y:15 P:26 SP:FB
E84D  D0 F8     BNE  A:00 X:48 Y:15 P:24 SP:FB
E847  2C 02 20  BIT  A:00 X:48 Y:15 P:24 SP:FB
E84A  30 06     BMI  A:00 X:48 Y:15 P:26 SP:FB
E84C  CA        DEX  A:00 X:48 Y:15 P:26 SP:FB
E84D  D0 F8     BNE  A:00 X:47 Y:15 P:24 SP:FB
E847  2C 02 20  BIT  A:00 X:47 Y:15 P:24 SP:FB
E84A  30 06     BMI  A:00 X:47 Y:15 P:26 SP:FB
E84C  CA        DEX  A:00 X:47 Y:15 P:26 SP:FB
E84D  D0 F8     BNE  A:00 X:46 Y:15 P:24 SP:FB
E847  2C 02 20  BIT  A:00 X:46 Y:15 P:24 SP:FB
E84A  30 06     BMI  A:00 X:46 Y:15 P:26 SP:FB
E84C  CA        DEX  A:00 X:46 Y:15 P:26 SP:FB
E84D  D0 F8     BNE  A:00 X:45 Y:15 P:24 SP:FB
E847  2C 02 20  BIT  A:00 X:45 Y:15 P:24 SP:FB
E84A  30 06     BMI  A:00 X:45 Y:15 P:26 SP:FB
E84C  CA        DEX  A:00 X:45 Y:15 P:26 SP:FB
E84D  D0 F8     BNE  A:00 X:44 Y:15 P:24 SP:FB
E847  2C 02 20  BIT  A:00 X:44 Y:15 P:24 SP:FB
E84A  30 06     BMI  A:00 X:44 Y:15 P:26 SP:FB
E84C  CA        DEX  A:00 X:44 Y:15 P:26 SP:FB
E84D  D0 F8     BNE  A:00 X:43 Y:15 P:24 SP:FB
E847  2C 02 20  BIT  A:00 X:43 Y:15 P:24 SP:FB
E84A  30 06     BMI  A:00 X:43 Y:15 P:26 SP:FB
E84C  CA        DEX  A:00 X:43 Y:15 P:26 SP:FB
E84D  D0 F8     BNE  A:00 X:42 Y:15 P:24 SP:FB
E847  2C 02 20  BIT  A:00 X:42 Y:15 P:24 SP:FB
E84A  30 06     BMI  A:00 X:42 Y:15 P:26 SP:FB
E84C  CA        DEX  A:00 X:42 Y:15 P:26 SP:FB
E84D  D0 F8     BNE  A:00 X:41 Y:15 P:24 SP:FB
E847  2C 02 20  BIT  A:00 X:41 Y:15 P:24 SP:FB
E84A  30 06     BMI  A:00 X:41 Y:15 P:26 SP:FB
E84C  CA        DEX  A:00 X:41 Y:15 P:26 SP:FB
E84D  D0 F8     BNE  A:00 X:40 Y:15 P:24 SP:FB
E847  2C 02 20  BIT  A:00 X:40 Y:15 P:24 SP:FB
E84A  30 06     BMI  A:00 X:40 Y:15 P:26 SP:FB
E84C  CA        DEX  A:00 X:40 Y:15 P:26 SP:FB
E84D  D0 F8     BNE  A:00 X:3F Y:15 P:24 SP:FB
E847  2C 02 20  BIT  A:00 X:3F Y:15 P:24 SP:FB
E84A  30 06     BMI  A:00 X:3F Y:15 P:26 SP:FB
E84C  CA        DEX  A:00 X:3F Y:15 P:26 SP:FB
E84D  D0 F8     BNE  A:00 X:3E Y:15 P:24 SP:FB
E847  2C 02 20  BIT  A:00 X:3E Y:15 P:24 SP:FB
E84A  30 06     BMI  A:00 X:3E Y:15 P:26 SP:FB
E84C  CA        DEX  A:00 X:3E Y:15 P:26 SP:FB
E84D  D0 F8     BNE  A:00 X:3D Y:15 P:24 SP:FB
E847  2C 02 20  BIT  A:00 X:3D Y:15 P:24 SP:FB
E84A  30 06     BMI  A:00 X:3D Y:15 P:26 SP:FB
E84C  CA        DEX  A:00 X:3D Y:15 P:26 SP:FB
E84D  D0 F8     BNE  A:00 X:3C Y:15 P:24 SP:FB
E847  2C 02 20  BIT  A:00 X:3C Y:15 P:24 SP:FB
E84A  30 06     BMI  A:00 X:3C Y:15 P:26 SP:FB
E84C  CA        DEX  A:00 X:3C Y:15 P:26 SP:FB
E84D  D0 F8     BNE  A:00 X:3B Y:15 P:24 SP:FB
E847  2C 02 20  BIT  A:00 X:3B Y:15 P:24 SP:FB
E84A  30 06     BMI  A:00 X:3B Y:15 P:26 SP:FB
E84C  CA        DEX  A:00 X:3B Y:15 P:26 SP:FB
E84D  D0 F8     BNE  A:00 X:3A Y:15 P:24 SP:FB
E847  2C 02 20  BIT  A:00 X:3A Y:15 P:24 SP:FB
E84A  30 06     BMI  A:00 X:3A Y:15 P:26 SP:FB
E84C  CA        DEX  A:00 X:3A Y:15 P:26 SP:FB
E84D  D0 F8     BNE  A:00 X:39 Y:15 P:24 SP:FB
E847  2C 02 20  BIT  A:00 X:39 Y:15 P:24 SP:FB
E84A  30 06     BMI  A:00 X:39 Y:15 P:26 SP:FB
E84C  CA        DEX  A:00 X:39 Y:15 P:26 SP:FB
E84D  D0 F8     BNE  A:00 X:38 Y:15 P:24 SP:FB
E847  2C 02 20  BIT  A:00 X:38 Y:15 P:24 SP:FB
E84A  30 06     BMI  A:00 X:38 Y:15 P:26 SP:FB
E84C  CA        DEX  A:00 X:38 Y:15 P:26 SP:FB
E84D  D0 F8     BNE  A:00 X:37 Y:15 P:24 SP:FB
E847  2C 02 20  BIT  A:00 X:37 Y:15 P:24 SP:FB
E84A  30 06     BMI  A:00 X:37 Y:15 P:26 SP:FB
E84C  CA        DEX  A:00 X:37 Y:15 P:26 SP:FB
E84D  D0 F8     BNE  A:00 X:36 Y:15 P:24 SP:FB
E847  2C 02 20  BIT  A:00 X:36 Y:15 P:24 SP:FB
E84A  30 06     BMI  A:00 X:36 Y:15 P:26 SP:FB
E84C  CA        DEX  A:00 X:36 Y:15 P:26 SP:FB
E84D  D0 F8     BNE  A:00 X:35 Y:15 P:24 SP:FB
E847  2C 02 20  BIT  A:00 X:35 Y:15 P:24 SP:FB
E84A  30 06     BMI  A:00 X:35 Y:15 P:26 SP:FB
E84C  CA        DEX  A:00 X:35 Y:15 P:26 SP:FB
E84D  D0 F8     BNE  A:00 X:34 Y:15 P:24 SP:FB
E847  2C 02 20  BIT  A:00 X:34 Y:15 P:24 SP:FB
E84A  30 06     BMI  A:00 X:34 Y:15 P:26 SP:FB
E84C  CA        DEX  A:00 X:34 Y:15 P:26 SP:FB
E84D  D0 F8     BNE  A:00 X:33 Y:15 P:24 SP:FB
E847  2C 02 20  BIT  A:00 X:33 Y:15 P:24 SP:FB
E84A  30 06     BMI  A:00 X:33 Y:15 P:26 SP:FB
E84C  CA        DEX  A:00 X:33 Y:15 P:26 SP:FB
E84D  D0 F8     BNE  A:00 X:32 Y:15 P:24 SP:FB
E847  2C 02 20  BIT  A:00 X:32 Y:15 P:24 SP:FB
E84A  30 06     BMI  A:00 X:32 Y:15 P:26 SP:FB
E84C  CA        DEX  A:00 X:32 Y:15 P:26 SP:FB
E84D  D0 F8     BNE  A:00 X:31 Y:15 P:24 SP:FB
E847  2C 02 20  BIT  A:00 X:31 Y:15 P:24 SP:FB
E84A  30 06     BMI  A:00 X:31 Y:15 P:26 SP:FB
E84C  CA        DEX  A:00 X:31 Y:15 P:26 SP:FB
E84D  D0 F8     BNE  A:00 X:30 Y:15 P:24 SP:FB
E847  2C 02 20  BIT  A:00 X:30 Y:15 P:24 SP:FB
E84A  30 06     BMI  A:00 X:30 Y:15 P:26 SP:FB
E84C  CA        DEX  A:00 X:30 Y:15 P:26 SP:FB
E84D  D0 F8     BNE  A:00 X:2F Y:15 P:24 SP:FB
E847  2C 02 20  BIT  A:00 X:2F Y:15 P:24 SP:FB
E84A  30 06     BMI  A:00 X:2F Y:15 P:26 SP:FB
E84C  CA        DEX  A:00 X:2F Y:15 P:26 SP:FB
E84D  D0 F8     BNE  A:00 X:2E Y:15 P:24 SP:FB
E847  2C 02 20  BIT  A:00 X:2E Y:15 P:24 SP:FB
E84A  30 06     BMI  A:00 X:2E Y:15 P:26 SP:FB
E84C  CA        DEX  A:00 X:2E Y:15 P:26 SP:FB
E84D  D0 F8     BNE  A:00 X:2D Y:15 P:24 SP:FB
E847  2C 02 20  BIT  A:00 X:2D Y:15 P:24 SP:FB
E84A  30 06     BMI  A:00 X:2D Y:15 P:26 SP:FB
E84C  CA        DEX  A:00 X:2D Y:15 P:26 SP:FB
E84D  D0 F8     BNE  A:00 X:2C Y:15 P:24 SP:FB
E847  2C 02 20  BIT  A:00 X:2C Y:15 P:24 SP:FB
E84A  30 06     BMI  A:00 X:2C Y:15 P:26 SP:FB
E84C  CA        DEX  A:00 X:2C Y:15 P:26 SP:FB
E84D  D0 F8     BNE  A:00 X:2B Y:15 P:24 SP:FB
E847  2C 02 20  BIT  A:00 X:2B Y:15 P:24 SP:FB
E84A  30 06     BMI  A:00 X:2B Y:15 P:26 SP:FB
E84C  CA        DEX  A:00 X:2B Y:15 P:26 SP:FB
E84D  D0 F8     BNE  A:00 X:2A Y:15 P:24 SP:FB
E847  2C 02 20  BIT  A:00 X:2A Y:15 P:24 SP:FB
E84A  30 06     BMI  A:00 X:2A Y:15 P:26 SP:FB
E84C  CA        DEX  A:00 X:2A Y:15 P:26 SP:FB
E84D  D0 F8     BNE  A:00 X:29 Y:15 P:24 SP:FB
E847  2C 02 20  BIT  A:00 X:29 Y:15 P:24 SP:FB
E84A  30 06     BMI  A:00 X:29 Y:15 P:26 SP:FB
E84C  CA        DEX  A:00 X:29 Y:15 P:26 SP:FB
E84D  D0 F8     BNE  A:00 X:28 Y:15 P:24 SP:FB
E847  2C 02 20  BIT  A:00 X:28 Y:15 P:24 SP:FB
E84A  30 06     BMI  A:00 X:28 Y:15 P:26 SP:FB
E84C  CA        DEX  A:00 X:28 Y:15 P:26 SP:FB
E84D  D0 F8     BNE  A:00 X:27 Y:15 P:24 SP:FB
E847  2C 02 20  BIT  A:00 X:27 Y:15 P:24 SP:FB
E84A  30 06     BMI  A:00 X:27 Y:15 P:26 SP:FB
E84C  CA        DEX  A:00 X:27 Y:15 P:26 SP:FB
E84D  D0 F8     BNE  A:00 X:26 Y:15 P:24 SP:FB
E847  2C 02 20  BIT  A:00 X:26 Y:15 P:24 SP:FB
E84A  30 06     BMI  A:00 X:26 Y:15 P:26 SP:FB
E84C  CA        DEX  A:00 X:26 Y:15 P:26 SP:FB
E84D  D0 F8     BNE  A:00 X:25 Y:15 P:24 SP:FB
E847  2C 02 20  BIT  A:00 X:25 Y:15 P:24 SP:FB
E84A  30 06     BMI  A:00 X:25 Y:15 P:26 SP:FB
E84C  CA        DEX  A:00 X:25 Y:15 P:26 SP:FB
E84D  D0 F8     BNE  A:00 X:24 Y:15 P:24 SP:FB
E847  2C 02 20  BIT  A:00 X:24 Y:15 P:24 SP:FB
E84A  30 06     BMI  A:00 X:24 Y:15 P:26 SP:FB
E84C  CA        DEX  A:00 X:24 Y:15 P:26 SP:FB
E84D  D0 F8     BNE  A:00 X:23 Y:15 P:24 SP:FB
E847  2C 02 20  BIT  A:00 X:23 Y:15 P:24 SP:FB
E84A  30 06     BMI  A:00 X:23 Y:15 P:26 SP:FB
E84C  CA        DEX  A:00 X:23 Y:15 P:26 SP:FB
E84D  D0 F8     BNE  A:00 X:22 Y:15 P:24 SP:FB
E847  2C 02 20  BIT  A:00 X:22 Y:15 P:24 SP:FB
E84A  30 06     BMI  A:00 X:22 Y:15 P:26 SP:FB
E84C  CA        DEX  A:00 X:22 Y:15 P:26 SP:FB
E84D  D0 F8     BNE  A:00 X:21 Y:15 P:24 SP:FB
E847  2C 02 20  BIT  A:00 X:21 Y:15 P:24 SP:FB
E84A  30 06     BMI  A:00 X:21 Y:15 P:26 SP:FB
E84C  CA        DEX  A:00 X:21 Y:15 P:26 SP:FB
E84D  D0 F8     BNE  A:00 X:20 Y:15 P:24 SP:FB
E847  2C 02 20  BIT  A:00 X:20 Y:15 P:24 SP:FB
E84A  30 06     BMI  A:00 X:20 Y:15 P:26 SP:FB
E84C  CA        DEX  A:00 X:20 Y:15 P:26 SP:FB
E84D  D0 F8     BNE  A:00 X:1F Y:15 P:24 SP:FB
E847  2C 02 20  BIT  A:00 X:1F Y:15 P:24 SP:FB
E84A  30 06     BMI  A:00 X:1F Y:15 P:26 SP:FB
E84C  CA        DEX  A:00 X:1F Y:15 P:26 SP:FB
E84D  D0 F8     BNE  A:00 X:1E Y:15 P:24 SP:FB
E847  2C 02 20  BIT  A:00 X:1E Y:15 P:24 SP:FB
E84A  30 06     BMI  A:00 X:1E Y:15 P:26 SP:FB
E84C  CA        DEX  A:00 X:1E Y:15 P:26 SP:FB
E84D  D0 F8     BNE  A:00 X:1D Y:15 P:24 SP:FB
E847  2C 02 20  BIT  A:00 X:1D Y:15 P:24 SP:FB
E84A  30 06     BMI  A:00 X:1D Y:15 P:26 SP:FB
E84C  CA        DEX  A:00 X:1D Y:15 P:26 SP:FB
E84D  D0 F8     BNE  A:00 X:1C Y:15 P:24 SP:FB
E847  2C 02 20  BIT  A:00 X:1C Y:15 P:24 SP:FB
E84A  30 06     BMI  A:00 X:1C Y:15 P:26 SP:FB
E84C  CA        DEX  A:00 X:1C Y:15 P:26 SP:FB
E84D  D0 F8     BNE  A:00 X:1B Y:15 P:24 SP:FB
E847  2C 02 20  BIT  A:00 X:1B Y:15 P:24 SP:FB
E84A  30 06     BMI  A:00 X:1B Y:15 P:26 SP:FB
E84C  CA        DEX  A:00 X:1B Y:15 P:26 SP:FB
E84D  D0 F8     BNE  A:00 X:1A Y:15 P:24 SP:FB
E847  2C 02 20  BIT  A:00 X:1A Y:15 P:24 SP:FB
E84A  30 06     BMI  A:00 X:1A Y:15 P:26 SP:FB
E84C  CA        DEX  A:00 X:1A Y:15 P:26 SP:FB
E84D  D0 F8     BNE  A:00 X:19 Y:15 P:24 SP:FB
E847  2C 02 20  BIT  A:00 X:19 Y:15 P:24 SP:FB
E84A  30 06     BMI  A:00 X:19 Y:15 P:26 SP:FB
E84C  CA        DEX  A:00 X:19 Y:15 P:26 SP:FB
E84D  D0 F8     BNE  A:00 X:18 Y:15 P:24 SP:FB
E847  2C 02 20  BIT  A:00 X:18 Y:15 P:24 SP:FB
E84A  30 06     BMI  A:00 X:18 Y:15 P:26 SP:FB
E84C  CA        DEX  A:00 X:18 Y:15 P:26 SP:FB
E84D  D0 F8     BNE  A:00 X:17 Y:15 P:24 SP:FB
E847  2C 02 20  BIT  A:00 X:17 Y:15 P:24 SP:FB
E84A  30 06     BMI  A:00 X:17 Y:15 P:26 SP:FB
E84C  CA        DEX  A:00 X:17 Y:15 P:26 SP:FB
E84D  D0 F8     BNE  A:00 X:16 Y:15 P:24 SP:FB
E847  2C 02 20  BIT  A:00 X:16 Y:15 P:24 SP:FB
E84A  30 06     BMI  A:00 X:16 Y:15 P:26 SP:FB
E84C  CA        DEX  A:00 X:16 Y:15 P:26 SP:FB
E84D  D0 F8     BNE  A:00 X:15 Y:15 P:24 SP:FB
E847  2C 02 20  BIT  A:00 X:15 Y:15 P:24 SP:FB
E84A  30 06     BMI  A:00 X:15 Y:15 P:26 SP:FB
E84C  CA        DEX  A:00 X:15 Y:15 P:26 SP:FB
E84D  D0 F8     BNE  A:00 X:14 Y:15 P:24 SP:FB
E847  2C 02 20  BIT  A:00 X:14 Y:15 P:24 SP:FB
E84A  30 06     BMI  A:00 X:14 Y:15 P:26 SP:FB
E84C  CA        DEX  A:00 X:14 Y:15 P:26 SP:FB
E84D  D0 F8     BNE  A:00 X:13 Y:15 P:24 SP:FB
E847  2C 02 20  BIT  A:00 X:13 Y:15 P:24 SP:FB
E84A  30 06     BMI  A:00 X:13 Y:15 P:26 SP:FB
E84C  CA        DEX  A:00 X:13 Y:15 P:26 SP:FB
E84D  D0 F8     BNE  A:00 X:12 Y:15 P:24 SP:FB
E847  2C 02 20  BIT  A:00 X:12 Y:15 P:24 SP:FB
E84A  30 06     BMI  A:00 X:12 Y:15 P:26 SP:FB
E84C  CA        DEX  A:00 X:12 Y:15 P:26 SP:FB
E84D  D0 F8     BNE  A:00 X:11 Y:15 P:24 SP:FB
E847  2C 02 20  BIT  A:00 X:11 Y:15 P:24 SP:FB
E84A  30 06     BMI  A:00 X:11 Y:15 P:26 SP:FB
E84C  CA        DEX  A:00 X:11 Y:15 P:26 SP:FB
E84D  D0 F8     BNE  A:00 X:10 Y:15 P:24 SP:FB
E847  2C 02 20  BIT  A:00 X:10 Y:15 P:24 SP:FB
E84A  30 06     BMI  A:00 X:10 Y:15 P:26 SP:FB
E84C  CA        DEX  A:00 X:10 Y:15 P:26 SP:FB
E84D  D0 F8     BNE  A:00 X:0F Y:15 P:24 SP:FB
E847  2C 02 20  BIT  A:00 X:0F Y:15 P:24 SP:FB
E84A  30 06     BMI  A:00 X:0F Y:15 P:26 SP:FB
E84C  CA        DEX  A:00 X:0F Y:15 P:26 SP:FB
E84D  D0 F8     BNE  A:00 X:0E Y:15 P:24 SP:FB
E847  2C 02 20  BIT  A:00 X:0E Y:15 P:24 SP:FB
E84A  30 06     BMI  A:00 X:0E Y:15 P:26 SP:FB
E84C  CA        DEX  A:00 X:0E Y:15 P:26 SP:FB
E84D  D0 F8     BNE  A:00 X:0D Y:15 P:24 SP:FB
E847  2C 02 20  BIT  A:00 X:0D Y:15 P:24 SP:FB
E84A  30 06     BMI  A:00 X:0D Y:15 P:26 SP:FB
E84C  CA        DEX  A:00 X:0D Y:15 P:26 SP:FB
E84D  D0 F8     BNE  A:00 X:0C Y:15 P:24 SP:FB
E847  2C 02 20  BIT  A:00 X:0C Y:15 P:24 SP:FB
E84A  30 06     BMI  A:00 X:0C Y:15 P:26 SP:FB
E84C  CA        DEX  A:00 X:0C Y:15 P:26 SP:FB
E84D  D0 F8     BNE  A:00 X:0B Y:15 P:24 SP:FB
E847  2C 02 20  BIT  A:00 X:0B Y:15 P:24 SP:FB
E84A  30 06     BMI  A:00 X:0B Y:15 P:26 SP:FB
E84C  CA        DEX  A:00 X:0B Y:15 P:26 SP:FB
E84D  D0 F8     BNE  A:00 X:0A Y:15 P:24 SP:FB
E847  2C 02 20  BIT  A:00 X:0A Y:15 P:24 SP:FB
E84A  30 06     BMI  A:00 X:0A Y:15 P:26 SP:FB
E84C  CA        DEX  A:00 X:0A Y:15 P:26 SP:FB
E84D  D0 F8     BNE  A:00 X:09 Y:15 P:24 SP:FB
E847  2C 02 20  BIT  A:00 X:09 Y:15 P:24 SP:FB
E84A  30 06     BMI  A:00 X:09 Y:15 P:26 SP:FB
E84C  CA        DEX  A:00 X:09 Y:15 P:26 SP:FB
E84D  D0 F8     BNE  A:00 X:08 Y:15 P:24 SP:FB
E847  2C 02 20  BIT  A:00 X:08 Y:15 P:24 SP:FB
E84A  30 06     BMI  A:00 X:08 Y:15 P:26 SP:FB
E84C  CA        DEX  A:00 X:08 Y:15 P:26 SP:FB
E84D  D0 F8     BNE  A:00 X:07 Y:15 P:24 SP:FB
E847  2C 02 20  BIT  A:00 X:07 Y:15 P:24 SP:FB
E84A  30 06     BMI  A:00 X:07 Y:15 P:26 SP:FB
E84C  CA        DEX  A:00 X:07 Y:15 P:26 SP:FB
E84D  D0 F8     BNE  A:00 X:06 Y:15 P:24 SP:FB
E847  2C 02 20  BIT  A:00 X:06 Y:15 P:24 SP:FB
E84A  30 06     BMI  A:00 X:06 Y:15 P:26 SP:FB
E84C  CA        DEX  A:00 X:06 Y:15 P:26 SP:FB
E84D  D0 F8     BNE  A:00 X:05 Y:15 P:24 SP:FB
E847  2C 02 20  BIT  A:00 X:05 Y:15 P:24 SP:FB
E84A  30 06     BMI  A:00 X:05 Y:15 P:26 SP:FB
E84C  CA        DEX  A:00 X:05 Y:15 P:26 SP:FB
E84D  D0 F8     BNE  A:00 X:04 Y:15 P:24 SP:FB
E847  2C 02 20  BIT  A:00 X:04 Y:15 P:24 SP:FB
E84A  30 06     BMI  A:00 X:04 Y:15 P:26 SP:FB
E84C  CA        DEX  A:00 X:04 Y:15 P:26 SP:FB
E84D  D0 F8     BNE  A:00 X:03 Y:15 P:24 SP:FB
E847  2C 02 20  BIT  A:00 X:03 Y:15 P:24 SP:FB
E84A  30 06     BMI  A:00 X:03 Y:15 P:26 SP:FB
E84C  CA        DEX  A:00 X:03 Y:15 P:26 SP:FB
E84D  D0 F8     BNE  A:00 X:02 Y:15 P:24 SP:FB
E847  2C 02 20  BIT  A:00 X:02 Y:15 P:24 SP:FB
E84A  30 06     BMI  A:00 X:02 Y:15 P:26 SP:FB
E84C  CA        DEX  A:00 X:02 Y:15 P:26 SP:FB
E84D  D0 F8     BNE  A:00 X:01 Y:15 P:24 SP:FB
E847  2C 02 20  BIT  A:00 X:01 Y:15 P:24 SP:FB
E84A  30 06     BMI  A:00 X:01 Y:15 P:26 SP:FB
E84C  CA        DEX  A:00 X:01 Y:15 P:26 SP:FB
E84D  D0 F8     BNE  A:00 X:00 Y:15 P:26 SP:FB
E84F  88        DEY  A:00 X:00 Y:15 P:26 SP:FB
E850  10 F5     BPL  A:00 X:00 Y:14 P:24 SP:FB
E847  2C 02 20  BIT  A:00 X:00 Y:14 P:24 SP:FB
E84A  30 06     BMI  A:00 X:00 Y:14 P:26 SP:FB
E84C  CA        DEX  A:00 X:00 Y:14 P:26 SP:FB
E84D  D0 F8     BNE  A:00 X:FF Y:14 P:A4 SP:FB
E847  2C 02 20  BIT  A:00 X:FF Y:14 P:A4 SP:FB
E84A  30 06     BMI  A:00 X:FF Y:14 P:26 SP:FB
E84C  CA        DEX  A:00 X:FF Y:14 P:26 SP:FB
E84D  D0 F8     BNE  A:00 X:FE Y:14 P:A4 SP:FB
E847  2C 02 20  BIT  A:00 X:FE Y:14 P:A4 SP:FB
E84A  30 06     BMI  A:00 X:FE Y:14 P:26 SP:FB
E84C  CA        DEX  A:00 X:FE Y:14 P:26 SP:FB
E84D  D0 F8     BNE  A:00 X:FD Y:14 P:A4 SP:FB
E847  2C 02 20  BIT  A:00 X:FD Y:14 P:A4 SP:FB
E84A  30 06     BMI  A:00 X:FD Y:14 P:26 SP:FB
E84C  CA        DEX  A:00 X:FD Y:14 P:26 SP:FB
E84D  D0 F8     BNE  A:00 X:FC Y:14 P:A4 SP:FB
E847  2C 02 20  BIT  A:00 X:FC Y:14 P:A4 SP:FB
E84A  30 06     BMI  A:00 X:FC Y:14 P:26 SP:FB
E84C  CA        DEX  A:00 X:FC Y:14 P:26 SP:FB
E84D  D0 F8     BNE  A:00 X:FB Y:14 P:A4 SP:FB
E847  2C 02 20  BIT  A:00 X:FB Y:14 P:A4 SP:FB
E84A  30 06     BMI  A:00 X:FB Y:14 P:26 SP:FB
E84C  CA        DEX  A:00 X:FB Y:14 P:26 SP:FB
E84D  D0 F8     BNE  A:00 X:FA Y:14 P:A4 SP:FB
E847  2C 02 20  BIT  A:00 X:FA Y:14 P:A4 SP:FB
E84A  30 06     BMI  A:00 X:FA Y:14 P:26 SP:FB
E84C  CA        DEX  A:00 X:FA Y:14 P:26 SP:FB
E84D  D0 F8     BNE  A:00 X:F9 Y:14 P:A4 SP:FB
E847  2C 02 20  BIT  A:00 X:F9 Y:14 P:A4 SP:FB
E84A  30 06     BMI  A:00 X:F9 Y:14 P:26 SP:FB
E84C  CA        DEX  A:00 X:F9 Y:14 P:26 SP:FB
E84D  D0 F8     BNE  A:00 X:F8 Y:14 P:A4 SP:FB
E847  2C 02 20  BIT  A:00 X:F8 Y:14 P:A4 SP:FB
E84A  30 06     BMI  A:00 X:F8 Y:14 P:26 SP:FB
E84C  CA        DEX  A:00 X:F8 Y:14 P:26 SP:FB
E84D  D0 F8     BNE  A:00 X:F7 Y:14 P:A4 SP:FB
E847  2C 02 20  BIT  A:00 X:F7 Y:14 P:A4 SP:FB
E84A  30 06     BMI  A:00 X:F7 Y:14 P:26 SP:FB
E84C  CA        DEX  A:00 X:F7 Y:14 P:26 SP:FB
E84D  D0 F8     BNE  A:00 X:F6 Y:14 P:A4 SP:FB
E847  2C 02 20  BIT  A:00 X:F6 Y:14 P:A4 SP:FB
E84A  30 06     BMI  A:00 X:F6 Y:14 P:26 SP:FB
E84C  CA        DEX  A:00 X:F6 Y:14 P:26 SP:FB
E84D  D0 F8     BNE  A:00 X:F5 Y:14 P:A4 SP:FB
E847  2C 02 20  BIT  A:00 X:F5 Y:14 P:A4 SP:FB
E84A  30 06     BMI  A:00 X:F5 Y:14 P:26 SP:FB
E84C  CA        DEX  A:00 X:F5 Y:14 P:26 SP:FB
E84D  D0 F8     BNE  A:00 X:F4 Y:14 P:A4 SP:FB
E847  2C 02 20  BIT  A:00 X:F4 Y:14 P:A4 SP:FB
E84A  30 06     BMI  A:00 X:F4 Y:14 P:26 SP:FB
E84C  CA        DEX  A:00 X:F4 Y:14 P:26 SP:FB
E84D  D0 F8     BNE  A:00 X:F3 Y:14 P:A4 SP:FB
E847  2C 02 20  BIT  A:00 X:F3 Y:14 P:A4 SP:FB
E84A  30 06     BMI  A:00 X:F3 Y:14 P:26 SP:FB
E84C  CA        DEX  A:00 X:F3 Y:14 P:26 SP:FB
E84D  D0 F8     BNE  A:00 X:F2 Y:14 P:A4 SP:FB
E847  2C 02 20  BIT  A:00 X:F2 Y:14 P:A4 SP:FB
E84A  30 06     BMI  A:00 X:F2 Y:14 P:26 SP:FB
E84C  CA        DEX  A:00 X:F2 Y:14 P:26 SP:FB
E84D  D0 F8     BNE  A:00 X:F1 Y:14 P:A4 SP:FB
E847  2C 02 20  BIT  A:00 X:F1 Y:14 P:A4 SP:FB
E84A  30 06     BMI  A:00 X:F1 Y:14 P:26 SP:FB
E84C  CA        DEX  A:00 X:F1 Y:14 P:26 SP:FB
E84D  D0 F8     BNE  A:00 X:F0 Y:14 P:A4 SP:FB
E847  2C 02 20  BIT  A:00 X:F0 Y:14 P:A4 SP:FB
E84A  30 06     BMI  A:00 X:F0 Y:14 P:26 SP:FB
E84C  CA        DEX  A:00 X:F0 Y:14 P:26 SP:FB
E84D  D0 F8     BNE  A:00 X:EF Y:14 P:A4 SP:FB
E847  2C 02 20  BIT  A:00 X:EF Y:14 P:A4 SP:FB
E84A  30 06     BMI  A:00 X:EF Y:14 P:26 SP:FB
E84C  CA        DEX  A:00 X:EF Y:14 P:26 SP:FB
E84D  D0 F8     BNE  A:00 X:EE Y:14 P:A4 SP:FB
E847  2C 02 20  BIT  A:00 X:EE Y:14 P:A4 SP:FB
E84A  30 06     BMI  A:00 X:EE Y:14 P:26 SP:FB
E84C  CA        DEX  A:00 X:EE Y:14 P:26 SP:FB
E84D  D0 F8     BNE  A:00 X:ED Y:14 P:A4 SP:FB
E847  2C 02 20  BIT  A:00 X:ED Y:14 P:A4 SP:FB
E84A  30 06     BMI  A:00 X:ED Y:14 P:26 SP:FB
E84C  CA        DEX  A:00 X:ED Y:14 P:26 SP:FB
E84D  D0 F8     BNE  A:00 X:EC Y:14 P:A4 SP:FB
E847  2C 02 20  BIT  A:00 X:EC Y:14 P:A4 SP:FB
E84A  30 06     BMI  A:00 X:EC Y:14 P:26 SP:FB
E84C  CA        DEX  A:00 X:EC Y:14 P:26 SP:FB
E84D  D0 F8     BNE  A:00 X:EB Y:14 P:A4 SP:FB
E847  2C 02 20  BIT  A:00 X:EB Y:14 P:A4 SP:FB
E84A  30 06     BMI  A:00 X:EB Y:14 P:26 SP:FB
E84C  CA        DEX  A:00 X:EB Y:14 P:26 SP:FB
E84D  D0 F8     BNE  A:00 X:EA Y:14 P:A4 SP:FB
E847  2C 02 20  BIT  A:00 X:EA Y:14 P:A4 SP:FB
E84A  30 06     BMI  A:00 X:EA Y:14 P:26 SP:FB
E84C  CA        DEX  A:00 X:EA Y:14 P:26 SP:FB
E84D  D0 F8     BNE  A:00 X:E9 Y:14 P:A4 SP:FB
E847  2C 02 20  BIT  A:00 X:E9 Y:14 P:A4 SP:FB
E84A  30 06     BMI  A:00 X:E9 Y:14 P:26 SP:FB
E84C  CA        DEX  A:00 X:E9 Y:14 P:26 SP:FB
E84D  D0 F8     BNE  A:00 X:E8 Y:14 P:A4 SP:FB
E847  2C 02 20  BIT  A:00 X:E8 Y:14 P:A4 SP:FB
E84A  30 06     BMI  A:00 X:E8 Y:14 P:26 SP:FB
E84C  CA        DEX  A:00 X:E8 Y:14 P:26 SP:FB
E84D  D0 F8     BNE  A:00 X:E7 Y:14 P:A4 SP:FB
E847  2C 02 20  BIT  A:00 X:E7 Y:14 P:A4 SP:FB
E84A  30 06     BMI  A:00 X:E7 Y:14 P:26 SP:FB
E84C  CA        DEX  A:00 X:E7 Y:14 P:26 SP:FB
E84D  D0 F8     BNE  A:00 X:E6 Y:14 P:A4 SP:FB
E847  2C 02 20  BIT  A:00 X:E6 Y:14 P:A4 SP:FB
E84A  30 06     BMI  A:00 X:E6 Y:14 P:26 SP:FB
E84C  CA        DEX  A:00 X:E6 Y:14 P:26 SP:FB
E84D  D0 F8     BNE  A:00 X:E5 Y:14 P:A4 SP:FB
E847  2C 02 20  BIT  A:00 X:E5 Y:14 P:A4 SP:FB
E84A  30 06     BMI  A:00 X:E5 Y:14 P:26 SP:FB
E84C  CA        DEX  A:00 X:E5 Y:14 P:26 SP:FB
E84D  D0 F8     BNE  A:00 X:E4 Y:14 P:A4 SP:FB
E847  2C 02 20  BIT  A:00 X:E4 Y:14 P:A4 SP:FB
E84A  30 06     BMI  A:00 X:E4 Y:14 P:26 SP:FB
E84C  CA        DEX  A:00 X:E4 Y:14 P:26 SP:FB
E84D  D0 F8     BNE  A:00 X:E3 Y:14 P:A4 SP:FB
E847  2C 02 20  BIT  A:00 X:E3 Y:14 P:A4 SP:FB
E84A  30 06     BMI  A:00 X:E3 Y:14 P:26 SP:FB
E84C  CA        DEX  A:00 X:E3 Y:14 P:26 SP:FB
E84D  D0 F8     BNE  A:00 X:E2 Y:14 P:A4 SP:FB
E847  2C 02 20  BIT  A:00 X:E2 Y:14 P:A4 SP:FB
E84A  30 06     BMI  A:00 X:E2 Y:14 P:26 SP:FB
E84C  CA        DEX  A:00 X:E2 Y:14 P:26 SP:FB
E84D  D0 F8     BNE  A:00 X:E1 Y:14 P:A4 SP:FB
E847  2C 02 20  BIT  A:00 X:E1 Y:14 P:A4 SP:FB
E84A  30 06     BMI  A:00 X:E1 Y:14 P:26 SP:FB
E84C  CA        DEX  A:00 X:E1 Y:14 P:26 SP:FB
E84D  D0 F8     BNE  A:00 X:E0 Y:14 P:A4 SP:FB
E847  2C 02 20  BIT  A:00 X:E0 Y:14 P:A4 SP:FB
E84A  30 06     BMI  A:00 X:E0 Y:14 P:26 SP:FB
E84C  CA        DEX  A:00 X:E0 Y:14 P:26 SP:FB
E84D  D0 F8     BNE  A:00 X:DF Y:14 P:A4 SP:FB
E847  2C 02 20  BIT  A:00 X:DF Y:14 P:A4 SP:FB
E84A  30 06     BMI  A:00 X:DF Y:14 P:26 SP:FB
E84C  CA        DEX  A:00 X:DF Y:14 P:26 SP:FB
E84D  D0 F8     BNE  A:00 X:DE Y:14 P:A4 SP:FB
E847  2C 02 20  BIT  A:00 X:DE Y:14 P:A4 SP:FB
E84A  30 06     BMI  A:00 X:DE Y:14 P:26 SP:FB
E84C  CA        DEX  A:00 X:DE Y:14 P:26 SP:FB
E84D  D0 F8     BNE  A:00 X:DD Y:14 P:A4 SP:FB
E847  2C 02 20  BIT  A:00 X:DD Y:14 P:A4 SP:FB
E84A  30 06     BMI  A:00 X:DD Y:14 P:26 SP:FB
E84C  CA        DEX  A:00 X:DD Y:14 P:26 SP:FB
E84D  D0 F8     BNE  A:00 X:DC Y:14 P:A4 SP:FB
E847  2C 02 20  BIT  A:00 X:DC Y:14 P:A4 SP:FB
E84A  30 06     BMI  A:00 X:DC Y:14 P:26 SP:FB
E84C  CA        DEX  A:00 X:DC Y:14 P:26 SP:FB
E84D  D0 F8     BNE  A:00 X:DB Y:14 P:A4 SP:FB
E847  2C 02 20  BIT  A:00 X:DB Y:14 P:A4 SP:FB
E84A  30 06     BMI  A:00 X:DB Y:14 P:26 SP:FB
E84C  CA        DEX  A:00 X:DB Y:14 P:26 SP:FB
E84D  D0 F8     BNE  A:00 X:DA Y:14 P:A4 SP:FB
E847  2C 02 20  BIT  A:00 X:DA Y:14 P:A4 SP:FB
E84A  30 06     BMI  A:00 X:DA Y:14 P:26 SP:FB
E84C  CA        DEX  A:00 X:DA Y:14 P:26 SP:FB
E84D  D0 F8     BNE  A:00 X:D9 Y:14 P:A4 SP:FB
E847  2C 02 20  BIT  A:00 X:D9 Y:14 P:A4 SP:FB
E84A  30 06     BMI  A:00 X:D9 Y:14 P:26 SP:FB
E84C  CA        DEX  A:00 X:D9 Y:14 P:26 SP:FB
E84D  D0 F8     BNE  A:00 X:D8 Y:14 P:A4 SP:FB
E847  2C 02 20  BIT  A:00 X:D8 Y:14 P:A4 SP:FB
E84A  30 06     BMI  A:00 X:D8 Y:14 P:26 SP:FB
E84C  CA        DEX  A:00 X:D8 Y:14 P:26 SP:FB
E84D  D0 F8     BNE  A:00 X:D7 Y:14 P:A4 SP:FB
E847  2C 02 20  BIT  A:00 X:D7 Y:14 P:A4 SP:FB
E84A  30 06     BMI  A:00 X:D7 Y:14 P:26 SP:FB
E84C  CA        DEX  A:00 X:D7 Y:14 P:26 SP:FB
E84D  D0 F8     BNE  A:00 X:D6 Y:14 P:A4 SP:FB
E847  2C 02 20  BIT  A:00 X:D6 Y:14 P:A4 SP:FB
E84A  30 06     BMI  A:00 X:D6 Y:14 P:26 SP:FB
E84C  CA        DEX  A:00 X:D6 Y:14 P:26 SP:FB
E84D  D0 F8     BNE  A:00 X:D5 Y:14 P:A4 SP:FB
E847  2C 02 20  BIT  A:00 X:D5 Y:14 P:A4 SP:FB
E84A  30 06     BMI  A:00 X:D5 Y:14 P:26 SP:FB
E84C  CA        DEX  A:00 X:D5 Y:14 P:26 SP:FB
E84D  D0 F8     BNE  A:00 X:D4 Y:14 P:A4 SP:FB
E847  2C 02 20  BIT  A:00 X:D4 Y:14 P:A4 SP:FB
E84A  30 06     BMI  A:00 X:D4 Y:14 P:26 SP:FB
E84C  CA        DEX  A:00 X:D4 Y:14 P:26 SP:FB
E84D  D0 F8     BNE  A:00 X:D3 Y:14 P:A4 SP:FB
E847  2C 02 20  BIT  A:00 X:D3 Y:14 P:A4 SP:FB
E84A  30 06     BMI  A:00 X:D3 Y:14 P:26 SP:FB
E84C  CA        DEX  A:00 X:D3 Y:14 P:26 SP:FB
E84D  D0 F8     BNE  A:00 X:D2 Y:14 P:A4 SP:FB
E847  2C 02 20  BIT  A:00 X:D2 Y:14 P:A4 SP:FB
E84A  30 06     BMI  A:00 X:D2 Y:14 P:26 SP:FB
E84C  CA        DEX  A:00 X:D2 Y:14 P:26 SP:FB
E84D  D0 F8     BNE  A:00 X:D1 Y:14 P:A4 SP:FB
E847  2C 02 20  BIT  A:00 X:D1 Y:14 P:A4 SP:FB
E84A  30 06     BMI  A:00 X:D1 Y:14 P:26 SP:FB
E84C  CA        DEX  A:00 X:D1 Y:14 P:26 SP:FB
E84D  D0 F8     BNE  A:00 X:D0 Y:14 P:A4 SP:FB
E847  2C 02 20  BIT  A:00 X:D0 Y:14 P:A4 SP:FB
E84A  30 06     BMI  A:00 X:D0 Y:14 P:26 SP:FB
E84C  CA        DEX  A:00 X:D0 Y:14 P:26 SP:FB
E84D  D0 F8     BNE  A:00 X:CF Y:14 P:A4 SP:FB
E847  2C 02 20  BIT  A:00 X:CF Y:14 P:A4 SP:FB
E84A  30 06     BMI  A:00 X:CF Y:14 P:26 SP:FB
E84C  CA        DEX  A:00 X:CF Y:14 P:26 SP:FB
E84D  D0 F8     BNE  A:00 X:CE Y:14 P:A4 SP:FB
E847  2C 02 20  BIT  A:00 X:CE Y:14 P:A4 SP:FB
E84A  30 06     BMI  A:00 X:CE Y:14 P:26 SP:FB
E84C  CA        DEX  A:00 X:CE Y:14 P:26 SP:FB
E84D  D0 F8     BNE  A:00 X:CD Y:14 P:A4 SP:FB
E847  2C 02 20  BIT  A:00 X:CD Y:14 P:A4 SP:FB
E84A  30 06     BMI  A:00 X:CD Y:14 P:26 SP:FB
E84C  CA        DEX  A:00 X:CD Y:14 P:26 SP:FB
E84D  D0 F8     BNE  A:00 X:CC Y:14 P:A4 SP:FB
E847  2C 02 20  BIT  A:00 X:CC Y:14 P:A4 SP:FB
E84A  30 06     BMI  A:00 X:CC Y:14 P:26 SP:FB
E84C  CA        DEX  A:00 X:CC Y:14 P:26 SP:FB
E84D  D0 F8     BNE  A:00 X:CB Y:14 P:A4 SP:FB
E847  2C 02 20  BIT  A:00 X:CB Y:14 P:A4 SP:FB
E84A  30 06     BMI  A:00 X:CB Y:14 P:26 SP:FB
E84C  CA        DEX  A:00 X:CB Y:14 P:26 SP:FB
E84D  D0 F8     BNE  A:00 X:CA Y:14 P:A4 SP:FB
E847  2C 02 20  BIT  A:00 X:CA Y:14 P:A4 SP:FB
E84A  30 06     BMI  A:00 X:CA Y:14 P:26 SP:FB
E84C  CA        DEX  A:00 X:CA Y:14 P:26 SP:FB
E84D  D0 F8     BNE  A:00 X:C9 Y:14 P:A4 SP:FB
E847  2C 02 20  BIT  A:00 X:C9 Y:14 P:A4 SP:FB
E84A  30 06     BMI  A:00 X:C9 Y:14 P:26 SP:FB
E84C  CA        DEX  A:00 X:C9 Y:14 P:26 SP:FB
E84D  D0 F8     BNE  A:00 X:C8 Y:14 P:A4 SP:FB
E847  2C 02 20  BIT  A:00 X:C8 Y:14 P:A4 SP:FB
E84A  30 06     BMI  A:00 X:C8 Y:14 P:26 SP:FB
E84C  CA        DEX  A:00 X:C8 Y:14 P:26 SP:FB
E84D  D0 F8     BNE  A:00 X:C7 Y:14 P:A4 SP:FB
E847  2C 02 20  BIT  A:00 X:C7 Y:14 P:A4 SP:FB
E84A  30 06     BMI  A:00 X:C7 Y:14 P:26 SP:FB
E84C  CA        DEX  A:00 X:C7 Y:14 P:26 SP:FB
E84D  D0 F8     BNE  A:00 X:C6 Y:14 P:A4 SP:FB
E847  2C 02 20  BIT  A:00 X:C6 Y:14 P:A4 SP:FB
E84A  30 06     BMI  A:00 X:C6 Y:14 P:26 SP:FB
E84C  CA        DEX  A:00 X:C6 Y:14 P:26 SP:FB
E84D  D0 F8     BNE  A:00 X:C5 Y:14 P:A4 SP:FB
E847  2C 02 20  BIT  A:00 X:C5 Y:14 P:A4 SP:FB
E84A  30 06     BMI  A:00 X:C5 Y:14 P:26 SP:FB
E84C  CA        DEX  A:00 X:C5 Y:14 P:26 SP:FB
E84D  D0 F8     BNE  A:00 X:C4 Y:14 P:A4 SP:FB
E847  2C 02 20  BIT  A:00 X:C4 Y:14 P:A4 SP:FB
E84A  30 06     BMI  A:00 X:C4 Y:14 P:26 SP:FB
E84C  CA        DEX  A:00 X:C4 Y:14 P:26 SP:FB
E84D  D0 F8     BNE  A:00 X:C3 Y:14 P:A4 SP:FB
E847  2C 02 20  BIT  A:00 X:C3 Y:14 P:A4 SP:FB
E84A  30 06     BMI  A:00 X:C3 Y:14 P:26 SP:FB
E84C  CA        DEX  A:00 X:C3 Y:14 P:26 SP:FB
E84D  D0 F8     BNE  A:00 X:C2 Y:14 P:A4 SP:FB
E847  2C 02 20  BIT  A:00 X:C2 Y:14 P:A4 SP:FB
E84A  30 06     BMI  A:00 X:C2 Y:14 P:26 SP:FB
E84C  CA        DEX  A:00 X:C2 Y:14 P:26 SP:FB
E84D  D0 F8     BNE  A:00 X:C1 Y:14 P:A4 SP:FB
E847  2C 02 20  BIT  A:00 X:C1 Y:14 P:A4 SP:FB
E84A  30 06     BMI  A:00 X:C1 Y:14 P:26 SP:FB
E84C  CA        DEX  A:00 X:C1 Y:14 P:26 SP:FB
E84D  D0 F8     BNE  A:00 X:C0 Y:14 P:A4 SP:FB
E847  2C 02 20  BIT  A:00 X:C0 Y:14 P:A4 SP:FB
E84A  30 06     BMI  A:00 X:C0 Y:14 P:26 SP:FB
E84C  CA        DEX  A:00 X:C0 Y:14 P:26 SP:FB
E84D  D0 F8     BNE  A:00 X:BF Y:14 P:A4 SP:FB
E847  2C 02 20  BIT  A:00 X:BF Y:14 P:A4 SP:FB
E84A  30 06     BMI  A:00 X:BF Y:14 P:26 SP:FB
E84C  CA        DEX  A:00 X:BF Y:14 P:26 SP:FB
E84D  D0 F8     BNE  A:00 X:BE Y:14 P:A4 SP:FB
E847  2C 02 20  BIT  A:00 X:BE Y:14 P:A4 SP:FB
E84A  30 06     BMI  A:00 X:BE Y:14 P:26 SP:FB
E84C  CA        DEX  A:00 X:BE Y:14 P:26 SP:FB
E84D  D0 F8     BNE  A:00 X:BD Y:14 P:A4 SP:FB
E847  2C 02 20  BIT  A:00 X:BD Y:14 P:A4 SP:FB
E84A  30 06     BMI  A:00 X:BD Y:14 P:26 SP:FB
E84C  CA        DEX  A:00 X:BD Y:14 P:26 SP:FB
E84D  D0 F8     BNE  A:00 X:BC Y:14 P:A4 SP:FB
E847  2C 02 20  BIT  A:00 X:BC Y:14 P:A4 SP:FB
E84A  30 06     BMI  A:00 X:BC Y:14 P:26 SP:FB
E84C  CA        DEX  A:00 X:BC Y:14 P:26 SP:FB
E84D  D0 F8     BNE  A:00 X:BB Y:14 P:A4 SP:FB
E847  2C 02 20  BIT  A:00 X:BB Y:14 P:A4 SP:FB
E84A  30 06     BMI  A:00 X:BB Y:14 P:26 SP:FB
E84C  CA        DEX  A:00 X:BB Y:14 P:26 SP:FB
E84D  D0 F8     BNE  A:00 X:BA Y:14 P:A4 SP:FB
E847  2C 02 20  BIT  A:00 X:BA Y:14 P:A4 SP:FB
E84A  30 06     BMI  A:00 X:BA Y:14 P:26 SP:FB
E84C  CA        DEX  A:00 X:BA Y:14 P:26 SP:FB
E84D  D0 F8     BNE  A:00 X:B9 Y:14 P:A4 SP:FB
E847  2C 02 20  BIT  A:00 X:B9 Y:14 P:A4 SP:FB
E84A  30 06     BMI  A:00 X:B9 Y:14 P:26 SP:FB
E84C  CA        DEX  A:00 X:B9 Y:14 P:26 SP:FB
E84D  D0 F8     BNE  A:00 X:B8 Y:14 P:A4 SP:FB
E847  2C 02 20  BIT  A:00 X:B8 Y:14 P:A4 SP:FB
E84A  30 06     BMI  A:00 X:B8 Y:14 P:26 SP:FB
E84C  CA        DEX  A:00 X:B8 Y:14 P:26 SP:FB
E84D  D0 F8     BNE  A:00 X:B7 Y:14 P:A4 SP:FB
E847  2C 02 20  BIT  A:00 X:B7 Y:14 P:A4 SP:FB
E84A  30 06     BMI  A:00 X:B7 Y:14 P:26 SP:FB
E84C  CA        DEX  A:00 X:B7 Y:14 P:26 SP:FB
E84D  D0 F8     BNE  A:00 X:B6 Y:14 P:A4 SP:FB
E847  2C 02 20  BIT  A:00 X:B6 Y:14 P:A4 SP:FB
E84A  30 06     BMI  A:00 X:B6 Y:14 P:26 SP:FB
E84C  CA        DEX  A:00 X:B6 Y:14 P:26 SP:FB
E84D  D0 F8     BNE  A:00 X:B5 Y:14 P:A4 SP:FB
E847  2C 02 20  BIT  A:00 X:B5 Y:14 P:A4 SP:FB
E84A  30 06     BMI  A:00 X:B5 Y:14 P:26 SP:FB
E84C  CA        DEX  A:00 X:B5 Y:14 P:26 SP:FB
E84D  D0 F8     BNE  A:00 X:B4 Y:14 P:A4 SP:FB
E847  2C 02 20  BIT  A:00 X:B4 Y:14 P:A4 SP:FB
E84A  30 06     BMI  A:00 X:B4 Y:14 P:26 SP:FB
E84C  CA        DEX  A:00 X:B4 Y:14 P:26 SP:FB
E84D  D0 F8     BNE  A:00 X:B3 Y:14 P:A4 SP:FB
E847  2C 02 20  BIT  A:00 X:B3 Y:14 P:A4 SP:FB
E84A  30 06     BMI  A:00 X:B3 Y:14 P:26 SP:FB
E84C  CA        DEX  A:00 X:B3 Y:14 P:26 SP:FB
E84D  D0 F8     BNE  A:00 X:B2 Y:14 P:A4 SP:FB
E847  2C 02 20  BIT  A:00 X:B2 Y:14 P:A4 SP:FB
E84A  30 06     BMI  A:00 X:B2 Y:14 P:26 SP:FB
E84C  CA        DEX  A:00 X:B2 Y:14 P:26 SP:FB
E84D  D0 F8     BNE  A:00 X:B1 Y:14 P:A4 SP:FB
E847  2C 02 20  BIT  A:00 X:B1 Y:14 P:A4 SP:FB
E84A  30 06     BMI  A:00 X:B1 Y:14 P:26 SP:FB
E84C  CA        DEX  A:00 X:B1 Y:14 P:26 SP:FB
E84D  D0 F8     BNE  A:00 X:B0 Y:14 P:A4 SP:FB
E847  2C 02 20  BIT  A:00 X:B0 Y:14 P:A4 SP:FB
E84A  30 06     BMI  A:00 X:B0 Y:14 P:26 SP:FB
E84C  CA        DEX  A:00 X:B0 Y:14 P:26 SP:FB
E84D  D0 F8     BNE  A:00 X:AF Y:14 P:A4 SP:FB
E847  2C 02 20  BIT  A:00 X:AF Y:14 P:A4 SP:FB
E84A  30 06     BMI  A:00 X:AF Y:14 P:26 SP:FB
E84C  CA        DEX  A:00 X:AF Y:14 P:26 SP:FB
E84D  D0 F8     BNE  A:00 X:AE Y:14 P:A4 SP:FB
E847  2C 02 20  BIT  A:00 X:AE Y:14 P:A4 SP:FB
E84A  30 06     BMI  A:00 X:AE Y:14 P:26 SP:FB
E84C  CA        DEX  A:00 X:AE Y:14 P:26 SP:FB
E84D  D0 F8     BNE  A:00 X:AD Y:14 P:A4 SP:FB
E847  2C 02 20  BIT  A:00 X:AD Y:14 P:A4 SP:FB
E84A  30 06     BMI  A:00 X:AD Y:14 P:26 SP:FB
E84C  CA        DEX  A:00 X:AD Y:14 P:26 SP:FB
E84D  D0 F8     BNE  A:00 X:AC Y:14 P:A4 SP:FB
E847  2C 02 20  BIT  A:00 X:AC Y:14 P:A4 SP:FB
E84A  30 06     BMI  A:00 X:AC Y:14 P:26 SP:FB
E84C  CA        DEX  A:00 X:AC Y:14 P:26 SP:FB
E84D  D0 F8     BNE  A:00 X:AB Y:14 P:A4 SP:FB
E847  2C 02 20  BIT  A:00 X:AB Y:14 P:A4 SP:FB
E84A  30 06     BMI  A:00 X:AB Y:14 P:26 SP:FB
E84C  CA        DEX  A:00 X:AB Y:14 P:26 SP:FB
E84D  D0 F8     BNE  A:00 X:AA Y:14 P:A4 SP:FB
E847  2C 02 20  BIT  A:00 X:AA Y:14 P:A4 SP:FB
E84A  30 06     BMI  A:00 X:AA Y:14 P:26 SP:FB
E84C  CA        DEX  A:00 X:AA Y:14 P:26 SP:FB
E84D  D0 F8     BNE  A:00 X:A9 Y:14 P:A4 SP:FB
E847  2C 02 20  BIT  A:00 X:A9 Y:14 P:A4 SP:FB
E84A  30 06     BMI  A:00 X:A9 Y:14 P:26 SP:FB
E84C  CA        DEX  A:00 X:A9 Y:14 P:26 SP:FB
E84D  D0 F8     BNE  A:00 X:A8 Y:14 P:A4 SP:FB
E847  2C 02 20  BIT  A:00 X:A8 Y:14 P:A4 SP:FB
E84A  30 06     BMI  A:00 X:A8 Y:14 P:26 SP:FB
E84C  CA        DEX  A:00 X:A8 Y:14 P:26 SP:FB
E84D  D0 F8     BNE  A:00 X:A7 Y:14 P:A4 SP:FB
E847  2C 02 20  BIT  A:00 X:A7 Y:14 P:A4 SP:FB
E84A  30 06     BMI  A:00 X:A7 Y:14 P:26 SP:FB
E84C  CA        DEX  A:00 X:A7 Y:14 P:26 SP:FB
E84D  D0 F8     BNE  A:00 X:A6 Y:14 P:A4 SP:FB
E847  2C 02 20  BIT  A:00 X:A6 Y:14 P:A4 SP:FB
E84A  30 06     BMI  A:00 X:A6 Y:14 P:26 SP:FB
E84C  CA        DEX  A:00 X:A6 Y:14 P:26 SP:FB
E84D  D0 F8     BNE  A:00 X:A5 Y:14 P:A4 SP:FB
E847  2C 02 20  BIT  A:00 X:A5 Y:14 P:A4 SP:FB
E84A  30 06     BMI  A:00 X:A5 Y:14 P:26 SP:FB
E84C  CA        DEX  A:00 X:A5 Y:14 P:26 SP:FB
E84D  D0 F8     BNE  A:00 X:A4 Y:14 P:A4 SP:FB
E847  2C 02 20  BIT  A:00 X:A4 Y:14 P:A4 SP:FB
E84A  30 06     BMI  A:00 X:A4 Y:14 P:26 SP:FB
E84C  CA        DEX  A:00 X:A4 Y:14 P:26 SP:FB
E84D  D0 F8     BNE  A:00 X:A3 Y:14 P:A4 SP:FB
E847  2C 02 20  BIT  A:00 X:A3 Y:14 P:A4 SP:FB
E84A  30 06     BMI  A:00 X:A3 Y:14 P:26 SP:FB
E84C  CA        DEX  A:00 X:A3 Y:14 P:26 SP:FB
E84D  D0 F8     BNE  A:00 X:A2 Y:14 P:A4 SP:FB
E847  2C 02 20  BIT  A:00 X:A2 Y:14 P:A4 SP:FB
E84A  30 06     BMI  A:00 X:A2 Y:14 P:26 SP:FB
E84C  CA        DEX  A:00 X:A2 Y:14 P:26 SP:FB
E84D  D0 F8     BNE  A:00 X:A1 Y:14 P:A4 SP:FB
E847  2C 02 20  BIT  A:00 X:A1 Y:14 P:A4 SP:FB
E84A  30 06     BMI  A:00 X:A1 Y:14 P:26 SP:FB
E84C  CA        DEX  A:00 X:A1 Y:14 P:26 SP:FB
E84D  D0 F8     BNE  A:00 X:A0 Y:14 P:A4 SP:FB
E847  2C 02 20  BIT  A:00 X:A0 Y:14 P:A4 SP:FB
E84A  30 06     BMI  A:00 X:A0 Y:14 P:26 SP:FB
E84C  CA        DEX  A:00 X:A0 Y:14 P:26 SP:FB
E84D  D0 F8     BNE  A:00 X:9F Y:14 P:A4 SP:FB
E847  2C 02 20  BIT  A:00 X:9F Y:14 P:A4 SP:FB
E84A  30 06     BMI  A:00 X:9F Y:14 P:26 SP:FB
E84C  CA        DEX  A:00 X:9F Y:14 P:26 SP:FB
E84D  D0 F8     BNE  A:00 X:9E Y:14 P:A4 SP:FB
E847  2C 02 20  BIT  A:00 X:9E Y:14 P:A4 SP:FB
E84A  30 06     BMI  A:00 X:9E Y:14 P:26 SP:FB
E84C  CA        DEX  A:00 X:9E Y:14 P:26 SP:FB
E84D  D0 F8     BNE  A:00 X:9D Y:14 P:A4 SP:FB
E847  2C 02 20  BIT  A:00 X:9D Y:14 P:A4 SP:FB
E84A  30 06     BMI  A:00 X:9D Y:14 P:26 SP:FB
E84C  CA        DEX  A:00 X:9D Y:14 P:26 SP:FB
E84D  D0 F8     BNE  A:00 X:9C Y:14 P:A4 SP:FB
E847  2C 02 20  BIT  A:00 X:9C Y:14 P:A4 SP:FB
E84A  30 06     BMI  A:00 X:9C Y:14 P:26 SP:FB
E84C  CA        DEX  A:00 X:9C Y:14 P:26 SP:FB
E84D  D0 F8     BNE  A:00 X:9B Y:14 P:A4 SP:FB
E847  2C 02 20  BIT  A:00 X:9B Y:14 P:A4 SP:FB
E84A  30 06     BMI  A:00 X:9B Y:14 P:26 SP:FB
E84C  CA        DEX  A:00 X:9B Y:14 P:26 SP:FB
E84D  D0 F8     BNE  A:00 X:9A Y:14 P:A4 SP:FB
E847  2C 02 20  BIT  A:00 X:9A Y:14 P:A4 SP:FB
E84A  30 06     BMI  A:00 X:9A Y:14 P:26 SP:FB
E84C  CA        DEX  A:00 X:9A Y:14 P:26 SP:FB
E84D  D0 F8     BNE  A:00 X:99 Y:14 P:A4 SP:FB
E847  2C 02 20  BIT  A:00 X:99 Y:14 P:A4 SP:FB
E84A  30 06     BMI  A:00 X:99 Y:14 P:26 SP:FB
E84C  CA        DEX  A:00 X:99 Y:14 P:26 SP:FB
E84D  D0 F8     BNE  A:00 X:98 Y:14 P:A4 SP:FB
E847  2C 02 20  BIT  A:00 X:98 Y:14 P:A4 SP:FB
E84A  30 06     BMI  A:00 X:98 Y:14 P:26 SP:FB
E84C  CA        DEX  A:00 X:98 Y:14 P:26 SP:FB
E84D  D0 F8     BNE  A:00 X:97 Y:14 P:A4 SP:FB
E847  2C 02 20  BIT  A:00 X:97 Y:14 P:A4 SP:FB
E84A  30 06     BMI  A:00 X:97 Y:14 P:26 SP:FB
E84C  CA        DEX  A:00 X:97 Y:14 P:26 SP:FB
E84D  D0 F8     BNE  A:00 X:96 Y:14 P:A4 SP:FB
E847  2C 02 20  BIT  A:00 X:96 Y:14 P:A4 SP:FB
E84A  30 06     BMI  A:00 X:96 Y:14 P:26 SP:FB
E84C  CA        DEX  A:00 X:96 Y:14 P:26 SP:FB
E84D  D0 F8     BNE  A:00 X:95 Y:14 P:A4 SP:FB
E847  2C 02 20  BIT  A:00 X:95 Y:14 P:A4 SP:FB
E84A  30 06     BMI  A:00 X:95 Y:14 P:26 SP:FB
E84C  CA        DEX  A:00 X:95 Y:14 P:26 SP:FB
E84D  D0 F8     BNE  A:00 X:94 Y:14 P:A4 SP:FB
E847  2C 02 20  BIT  A:00 X:94 Y:14 P:A4 SP:FB
E84A  30 06     BMI  A:00 X:94 Y:14 P:26 SP:FB
E84C  CA        DEX  A:00 X:94 Y:14 P:26 SP:FB
E84D  D0 F8     BNE  A:00 X:93 Y:14 P:A4 SP:FB
E847  2C 02 20  BIT  A:00 X:93 Y:14 P:A4 SP:FB
E84A  30 06     BMI  A:00 X:93 Y:14 P:26 SP:FB
E84C  CA        DEX  A:00 X:93 Y:14 P:26 SP:FB
E84D  D0 F8     BNE  A:00 X:92 Y:14 P:A4 SP:FB
E847  2C 02 20  BIT  A:00 X:92 Y:14 P:A4 SP:FB
E84A  30 06     BMI  A:00 X:92 Y:14 P:26 SP:FB
E84C  CA        DEX  A:00 X:92 Y:14 P:26 SP:FB
E84D  D0 F8     BNE  A:00 X:91 Y:14 P:A4 SP:FB
E847  2C 02 20  BIT  A:00 X:91 Y:14 P:A4 SP:FB
E84A  30 06     BMI  A:00 X:91 Y:14 P:26 SP:FB
E84C  CA        DEX  A:00 X:91 Y:14 P:26 SP:FB
E84D  D0 F8     BNE  A:00 X:90 Y:14 P:A4 SP:FB
E847  2C 02 20  BIT  A:00 X:90 Y:14 P:A4 SP:FB
E84A  30 06     BMI  A:00 X:90 Y:14 P:26 SP:FB
E84C  CA        DEX  A:00 X:90 Y:14 P:26 SP:FB
E84D  D0 F8     BNE  A:00 X:8F Y:14 P:A4 SP:FB
E847  2C 02 20  BIT  A:00 X:8F Y:14 P:A4 SP:FB
E84A  30 06     BMI  A:00 X:8F Y:14 P:26 SP:FB
E84C  CA        DEX  A:00 X:8F Y:14 P:26 SP:FB
E84D  D0 F8     BNE  A:00 X:8E Y:14 P:A4 SP:FB
E847  2C 02 20  BIT  A:00 X:8E Y:14 P:A4 SP:FB
E84A  30 06     BMI  A:00 X:8E Y:14 P:26 SP:FB
E84C  CA        DEX  A:00 X:8E Y:14 P:26 SP:FB
E84D  D0 F8     BNE  A:00 X:8D Y:14 P:A4 SP:FB
E847  2C 02 20  BIT  A:00 X:8D Y:14 P:A4 SP:FB
E84A  30 06     BMI  A:00 X:8D Y:14 P:26 SP:FB
E84C  CA        DEX  A:00 X:8D Y:14 P:26 SP:FB
E84D  D0 F8     BNE  A:00 X:8C Y:14 P:A4 SP:FB
E847  2C 02 20  BIT  A:00 X:8C Y:14 P:A4 SP:FB
E84A  30 06     BMI  A:00 X:8C Y:14 P:26 SP:FB
E84C  CA        DEX  A:00 X:8C Y:14 P:26 SP:FB
E84D  D0 F8     BNE  A:00 X:8B Y:14 P:A4 SP:FB
E847  2C 02 20  BIT  A:00 X:8B Y:14 P:A4 SP:FB
E84A  30 06     BMI  A:00 X:8B Y:14 P:26 SP:FB
E84C  CA        DEX  A:00 X:8B Y:14 P:26 SP:FB
E84D  D0 F8     BNE  A:00 X:8A Y:14 P:A4 SP:FB
E847  2C 02 20  BIT  A:00 X:8A Y:14 P:A4 SP:FB
E84A  30 06     BMI  A:00 X:8A Y:14 P:26 SP:FB
E84C  CA        DEX  A:00 X:8A Y:14 P:26 SP:FB
E84D  D0 F8     BNE  A:00 X:89 Y:14 P:A4 SP:FB
E847  2C 02 20  BIT  A:00 X:89 Y:14 P:A4 SP:FB
E84A  30 06     BMI  A:00 X:89 Y:14 P:26 SP:FB
E84C  CA        DEX  A:00 X:89 Y:14 P:26 SP:FB
E84D  D0 F8     BNE  A:00 X:88 Y:14 P:A4 SP:FB
E847  2C 02 20  BIT  A:00 X:88 Y:14 P:A4 SP:FB
E84A  30 06     BMI  A:00 X:88 Y:14 P:26 SP:FB
E84C  CA        DEX  A:00 X:88 Y:14 P:26 SP:FB
E84D  D0 F8     BNE  A:00 X:87 Y:14 P:A4 SP:FB
E847  2C 02 20  BIT  A:00 X:87 Y:14 P:A4 SP:FB
E84A  30 06     BMI  A:00 X:87 Y:14 P:26 SP:FB
E84C  CA        DEX  A:00 X:87 Y:14 P:26 SP:FB
E84D  D0 F8     BNE  A:00 X:86 Y:14 P:A4 SP:FB
E847  2C 02 20  BIT  A:00 X:86 Y:14 P:A4 SP:FB
E84A  30 06     BMI  A:00 X:86 Y:14 P:26 SP:FB
E84C  CA        DEX  A:00 X:86 Y:14 P:26 SP:FB
E84D  D0 F8     BNE  A:00 X:85 Y:14 P:A4 SP:FB
E847  2C 02 20  BIT  A:00 X:85 Y:14 P:A4 SP:FB
E84A  30 06     BMI  A:00 X:85 Y:14 P:26 SP:FB
E84C  CA        DEX  A:00 X:85 Y:14 P:26 SP:FB
E84D  D0 F8     BNE  A:00 X:84 Y:14 P:A4 SP:FB
E847  2C 02 20  BIT  A:00 X:84 Y:14 P:A4 SP:FB
E84A  30 06     BMI  A:00 X:84 Y:14 P:26 SP:FB
E84C  CA        DEX  A:00 X:84 Y:14 P:26 SP:FB
E84D  D0 F8     BNE  A:00 X:83 Y:14 P:A4 SP:FB
E847  2C 02 20  BIT  A:00 X:83 Y:14 P:A4 SP:FB
E84A  30 06     BMI  A:00 X:83 Y:14 P:26 SP:FB
E84C  CA        DEX  A:00 X:83 Y:14 P:26 SP:FB
E84D  D0 F8     BNE  A:00 X:82 Y:14 P:A4 SP:FB
E847  2C 02 20  BIT  A:00 X:82 Y:14 P:A4 SP:FB
E84A  30 06     BMI  A:00 X:82 Y:14 P:26 SP:FB
E84C  CA        DEX  A:00 X:82 Y:14 P:26 SP:FB
E84D  D0 F8     BNE  A:00 X:81 Y:14 P:A4 SP:FB
E847  2C 02 20  BIT  A:00 X:81 Y:14 P:A4 SP:FB
E84A  30 06     BMI  A:00 X:81 Y:14 P:26 SP:FB
E84C  CA        DEX  A:00 X:81 Y:14 P:26 SP:FB
E84D  D0 F8     BNE  A:00 X:80 Y:14 P:A4 SP:FB
E847  2C 02 20  BIT  A:00 X:80 Y:14 P:A4 SP:FB
E84A  30 06     BMI  A:00 X:80 Y:14 P:26 SP:FB
E84C  CA        DEX  A:00 X:80 Y:14 P:26 SP:FB
E84D  D0 F8     BNE  A:00 X:7F Y:14 P:24 SP:FB
E847  2C 02 20  BIT  A:00 X:7F Y:14 P:24 SP:FB
E84A  30 06     BMI  A:00 X:7F Y:14 P:26 SP:FB
E84C  CA        DEX  A:00 X:7F Y:14 P:26 SP:FB
E84D  D0 F8     BNE  A:00 X:7E Y:14 P:24 SP:FB
E847  2C 02 20  BIT  A:00 X:7E Y:14 P:24 SP:FB
E84A  30 06     BMI  A:00 X:7E Y:14 P:26 SP:FB
E84C  CA        DEX  A:00 X:7E Y:14 P:26 SP:FB
E84D  D0 F8     BNE  A:00 X:7D Y:14 P:24 SP:FB
E847  2C 02 20  BIT  A:00 X:7D Y:14 P:24 SP:FB
E84A  30 06     BMI  A:00 X:7D Y:14 P:26 SP:FB
E84C  CA        DEX  A:00 X:7D Y:14 P:26 SP:FB
E84D  D0 F8     BNE  A:00 X:7C Y:14 P:24 SP:FB
E847  2C 02 20  BIT  A:00 X:7C Y:14 P:24 SP:FB
E84A  30 06     BMI  A:00 X:7C Y:14 P:26 SP:FB
E84C  CA        DEX  A:00 X:7C Y:14 P:26 SP:FB
E84D  D0 F8     BNE  A:00 X:7B Y:14 P:24 SP:FB
E847  2C 02 20  BIT  A:00 X:7B Y:14 P:24 SP:FB
E84A  30 06     BMI  A:00 X:7B Y:14 P:26 SP:FB
E84C  CA        DEX  A:00 X:7B Y:14 P:26 SP:FB
E84D  D0 F8     BNE  A:00 X:7A Y:14 P:24 SP:FB
E847  2C 02 20  BIT  A:00 X:7A Y:14 P:24 SP:FB
E84A  30 06     BMI  A:00 X:7A Y:14 P:26 SP:FB
E84C  CA        DEX  A:00 X:7A Y:14 P:26 SP:FB
E84D  D0 F8     BNE  A:00 X:79 Y:14 P:24 SP:FB
E847  2C 02 20  BIT  A:00 X:79 Y:14 P:24 SP:FB
E84A  30 06     BMI  A:00 X:79 Y:14 P:26 SP:FB
E84C  CA        DEX  A:00 X:79 Y:14 P:26 SP:FB
E84D  D0 F8     BNE  A:00 X:78 Y:14 P:24 SP:FB
E847  2C 02 20  BIT  A:00 X:78 Y:14 P:24 SP:FB
E84A  30 06     BMI  A:00 X:78 Y:14 P:26 SP:FB
E84C  CA        DEX  A:00 X:78 Y:14 P:26 SP:FB
E84D  D0 F8     BNE  A:00 X:77 Y:14 P:24 SP:FB
E847  2C 02 20  BIT  A:00 X:77 Y:14 P:24 SP:FB
E84A  30 06     BMI  A:00 X:77 Y:14 P:26 SP:FB
E84C  CA        DEX  A:00 X:77 Y:14 P:26 SP:FB
E84D  D0 F8     BNE  A:00 X:76 Y:14 P:24 SP:FB
E847  2C 02 20  BIT  A:00 X:76 Y:14 P:24 SP:FB
E84A  30 06     BMI  A:00 X:76 Y:14 P:26 SP:FB
E84C  CA        DEX  A:00 X:76 Y:14 P:26 SP:FB
E84D  D0 F8     BNE  A:00 X:75 Y:14 P:24 SP:FB
E847  2C 02 20  BIT  A:00 X:75 Y:14 P:24 SP:FB
E84A  30 06     BMI  A:00 X:75 Y:14 P:26 SP:FB
E84C  CA        DEX  A:00 X:75 Y:14 P:26 SP:FB
E84D  D0 F8     BNE  A:00 X:74 Y:14 P:24 SP:FB
E847  2C 02 20  BIT  A:00 X:74 Y:14 P:24 SP:FB
E84A  30 06     BMI  A:00 X:74 Y:14 P:26 SP:FB
E84C  CA        DEX  A:00 X:74 Y:14 P:26 SP:FB
E84D  D0 F8     BNE  A:00 X:73 Y:14 P:24 SP:FB
E847  2C 02 20  BIT  A:00 X:73 Y:14 P:24 SP:FB
E84A  30 06     BMI  A:00 X:73 Y:14 P:26 SP:FB
E84C  CA        DEX  A:00 X:73 Y:14 P:26 SP:FB
E84D  D0 F8     BNE  A:00 X:72 Y:14 P:24 SP:FB
E847  2C 02 20  BIT  A:00 X:72 Y:14 P:24 SP:FB
E84A  30 06     BMI  A:00 X:72 Y:14 P:26 SP:FB
E84C  CA        DEX  A:00 X:72 Y:14 P:26 SP:FB
E84D  D0 F8     BNE  A:00 X:71 Y:14 P:24 SP:FB
E847  2C 02 20  BIT  A:00 X:71 Y:14 P:24 SP:FB
E84A  30 06     BMI  A:00 X:71 Y:14 P:26 SP:FB
E84C  CA        DEX  A:00 X:71 Y:14 P:26 SP:FB
E84D  D0 F8     BNE  A:00 X:70 Y:14 P:24 SP:FB
E847  2C 02 20  BIT  A:00 X:70 Y:14 P:24 SP:FB
E84A  30 06     BMI  A:00 X:70 Y:14 P:26 SP:FB
E84C  CA        DEX  A:00 X:70 Y:14 P:26 SP:FB
E84D  D0 F8     BNE  A:00 X:6F Y:14 P:24 SP:FB
E847  2C 02 20  BIT  A:00 X:6F Y:14 P:24 SP:FB
E84A  30 06     BMI  A:00 X:6F Y:14 P:26 SP:FB
E84C  CA        DEX  A:00 X:6F Y:14 P:26 SP:FB
E84D  D0 F8     BNE  A:00 X:6E Y:14 P:24 SP:FB
E847  2C 02 20  BIT  A:00 X:6E Y:14 P:24 SP:FB
E84A  30 06     BMI  A:00 X:6E Y:14 P:26 SP:FB
E84C  CA        DEX  A:00 X:6E Y:14 P:26 SP:FB
E84D  D0 F8     BNE  A:00 X:6D Y:14 P:24 SP:FB
E847  2C 02 20  BIT  A:00 X:6D Y:14 P:24 SP:FB
E84A  30 06     BMI  A:00 X:6D Y:14 P:26 SP:FB
E84C  CA        DEX  A:00 X:6D Y:14 P:26 SP:FB
E84D  D0 F8     BNE  A:00 X:6C Y:14 P:24 SP:FB
E847  2C 02 20  BIT  A:00 X:6C Y:14 P:24 SP:FB
E84A  30 06     BMI  A:00 X:6C Y:14 P:26 SP:FB
E84C  CA        DEX  A:00 X:6C Y:14 P:26 SP:FB
E84D  D0 F8     BNE  A:00 X:6B Y:14 P:24 SP:FB
E847  2C 02 20  BIT  A:00 X:6B Y:14 P:24 SP:FB
E84A  30 06     BMI  A:00 X:6B Y:14 P:26 SP:FB
E84C  CA        DEX  A:00 X:6B Y:14 P:26 SP:FB
E84D  D0 F8     BNE  A:00 X:6A Y:14 P:24 SP:FB
E847  2C 02 20  BIT  A:00 X:6A Y:14 P:24 SP:FB
E84A  30 06     BMI  A:00 X:6A Y:14 P:26 SP:FB
E84C  CA        DEX  A:00 X:6A Y:14 P:26 SP:FB
E84D  D0 F8     BNE  A:00 X:69 Y:14 P:24 SP:FB
E847  2C 02 20  BIT  A:00 X:69 Y:14 P:24 SP:FB
E84A  30 06     BMI  A:00 X:69 Y:14 P:26 SP:FB
E84C  CA        DEX  A:00 X:69 Y:14 P:26 SP:FB
E84D  D0 F8     BNE  A:00 X:68 Y:14 P:24 SP:FB
E847  2C 02 20  BIT  A:00 X:68 Y:14 P:24 SP:FB
E84A  30 06     BMI  A:00 X:68 Y:14 P:26 SP:FB
E84C  CA        DEX  A:00 X:68 Y:14 P:26 SP:FB
E84D  D0 F8     BNE  A:00 X:67 Y:14 P:24 SP:FB
E847  2C 02 20  BIT  A:00 X:67 Y:14 P:24 SP:FB
E84A  30 06     BMI  A:00 X:67 Y:14 P:26 SP:FB
E84C  CA        DEX  A:00 X:67 Y:14 P:26 SP:FB
E84D  D0 F8     BNE  A:00 X:66 Y:14 P:24 SP:FB
E847  2C 02 20  BIT  A:00 X:66 Y:14 P:24 SP:FB
E84A  30 06     BMI  A:00 X:66 Y:14 P:26 SP:FB
E84C  CA        DEX  A:00 X:66 Y:14 P:26 SP:FB
E84D  D0 F8     BNE  A:00 X:65 Y:14 P:24 SP:FB
E847  2C 02 20  BIT  A:00 X:65 Y:14 P:24 SP:FB
E84A  30 06     BMI  A:00 X:65 Y:14 P:26 SP:FB
E84C  CA        DEX  A:00 X:65 Y:14 P:26 SP:FB
E84D  D0 F8     BNE  A:00 X:64 Y:14 P:24 SP:FB
E847  2C 02 20  BIT  A:00 X:64 Y:14 P:24 SP:FB
E84A  30 06     BMI  A:00 X:64 Y:14 P:26 SP:FB
E84C  CA        DEX  A:00 X:64 Y:14 P:26 SP:FB
E84D  D0 F8     BNE  A:00 X:63 Y:14 P:24 SP:FB
E847  2C 02 20  BIT  A:00 X:63 Y:14 P:24 SP:FB
E84A  30 06     BMI  A:00 X:63 Y:14 P:26 SP:FB
E84C  CA        DEX  A:00 X:63 Y:14 P:26 SP:FB
E84D  D0 F8     BNE  A:00 X:62 Y:14 P:24 SP:FB
E847  2C 02 20  BIT  A:00 X:62 Y:14 P:24 SP:FB
E84A  30 06     BMI  A:00 X:62 Y:14 P:26 SP:FB
E84C  CA        DEX  A:00 X:62 Y:14 P:26 SP:FB
E84D  D0 F8     BNE  A:00 X:61 Y:14 P:24 SP:FB
E847  2C 02 20  BIT  A:00 X:61 Y:14 P:24 SP:FB
E84A  30 06     BMI  A:00 X:61 Y:14 P:26 SP:FB
E84C  CA        DEX  A:00 X:61 Y:14 P:26 SP:FB
E84D  D0 F8     BNE  A:00 X:60 Y:14 P:24 SP:FB
E847  2C 02 20  BIT  A:00 X:60 Y:14 P:24 SP:FB
E84A  30 06     BMI  A:00 X:60 Y:14 P:26 SP:FB
E84C  CA        DEX  A:00 X:60 Y:14 P:26 SP:FB
E84D  D0 F8     BNE  A:00 X:5F Y:14 P:24 SP:FB
E847  2C 02 20  BIT  A:00 X:5F Y:14 P:24 SP:FB
E84A  30 06     BMI  A:00 X:5F Y:14 P:26 SP:FB
E84C  CA        DEX  A:00 X:5F Y:14 P:26 SP:FB
E84D  D0 F8     BNE  A:00 X:5E Y:14 P:24 SP:FB
E847  2C 02 20  BIT  A:00 X:5E Y:14 P:24 SP:FB
E84A  30 06     BMI  A:00 X:5E Y:14 P:26 SP:FB
E84C  CA        DEX  A:00 X:5E Y:14 P:26 SP:FB
E84D  D0 F8     BNE  A:00 X:5D Y:14 P:24 SP:FB
E847  2C 02 20  BIT  A:00 X:5D Y:14 P:24 SP:FB
E84A  30 06     BMI  A:00 X:5D Y:14 P:26 SP:FB
E84C  CA        DEX  A:00 X:5D Y:14 P:26 SP:FB
E84D  D0 F8     BNE  A:00 X:5C Y:14 P:24 SP:FB
E847  2C 02 20  BIT  A:00 X:5C Y:14 P:24 SP:FB
E84A  30 06     BMI  A:00 X:5C Y:14 P:26 SP:FB
E84C  CA        DEX  A:00 X:5C Y:14 P:26 SP:FB
E84D  D0 F8     BNE  A:00 X:5B Y:14 P:24 SP:FB
E847  2C 02 20  BIT  A:00 X:5B Y:14 P:24 SP:FB
E84A  30 06     BMI  A:00 X:5B Y:14 P:26 SP:FB
E84C  CA        DEX  A:00 X:5B Y:14 P:26 SP:FB
E84D  D0 F8     BNE  A:00 X:5A Y:14 P:24 SP:FB
E847  2C 02 20  BIT  A:00 X:5A Y:14 P:24 SP:FB
E84A  30 06     BMI  A:00 X:5A Y:14 P:26 SP:FB
E84C  CA        DEX  A:00 X:5A Y:14 P:26 SP:FB
E84D  D0 F8     BNE  A:00 X:59 Y:14 P:24 SP:FB
E847  2C 02 20  BIT  A:00 X:59 Y:14 P:24 SP:FB
E84A  30 06     BMI  A:00 X:59 Y:14 P:26 SP:FB
E84C  CA        DEX  A:00 X:59 Y:14 P:26 SP:FB
E84D  D0 F8     BNE  A:00 X:58 Y:14 P:24 SP:FB
E847  2C 02 20  BIT  A:00 X:58 Y:14 P:24 SP:FB
E84A  30 06     BMI  A:00 X:58 Y:14 P:26 SP:FB
E84C  CA        DEX  A:00 X:58 Y:14 P:26 SP:FB
E84D  D0 F8     BNE  A:00 X:57 Y:14 P:24 SP:FB
E847  2C 02 20  BIT  A:00 X:57 Y:14 P:24 SP:FB
E84A  30 06     BMI  A:00 X:57 Y:14 P:26 SP:FB
E84C  CA        DEX  A:00 X:57 Y:14 P:26 SP:FB
E84D  D0 F8     BNE  A:00 X:56 Y:14 P:24 SP:FB
E847  2C 02 20  BIT  A:00 X:56 Y:14 P:24 SP:FB
E84A  30 06     BMI  A:00 X:56 Y:14 P:26 SP:FB
E84C  CA        DEX  A:00 X:56 Y:14 P:26 SP:FB
E84D  D0 F8     BNE  A:00 X:55 Y:14 P:24 SP:FB
E847  2C 02 20  BIT  A:00 X:55 Y:14 P:24 SP:FB
E84A  30 06     BMI  A:00 X:55 Y:14 P:26 SP:FB
E84C  CA        DEX  A:00 X:55 Y:14 P:26 SP:FB
E84D  D0 F8     BNE  A:00 X:54 Y:14 P:24 SP:FB
E847  2C 02 20  BIT  A:00 X:54 Y:14 P:24 SP:FB
E84A  30 06     BMI  A:00 X:54 Y:14 P:26 SP:FB
E84C  CA        DEX  A:00 X:54 Y:14 P:26 SP:FB
E84D  D0 F8     BNE  A:00 X:53 Y:14 P:24 SP:FB
E847  2C 02 20  BIT  A:00 X:53 Y:14 P:24 SP:FB
E84A  30 06     BMI  A:00 X:53 Y:14 P:26 SP:FB
E84C  CA        DEX  A:00 X:53 Y:14 P:26 SP:FB
E84D  D0 F8     BNE  A:00 X:52 Y:14 P:24 SP:FB
E847  2C 02 20  BIT  A:00 X:52 Y:14 P:24 SP:FB
E84A  30 06     BMI  A:00 X:52 Y:14 P:26 SP:FB
E84C  CA        DEX  A:00 X:52 Y:14 P:26 SP:FB
E84D  D0 F8     BNE  A:00 X:51 Y:14 P:24 SP:FB
E847  2C 02 20  BIT  A:00 X:51 Y:14 P:24 SP:FB
E84A  30 06     BMI  A:00 X:51 Y:14 P:26 SP:FB
E84C  CA        DEX  A:00 X:51 Y:14 P:26 SP:FB
E84D  D0 F8     BNE  A:00 X:50 Y:14 P:24 SP:FB
E847  2C 02 20  BIT  A:00 X:50 Y:14 P:24 SP:FB
E84A  30 06     BMI  A:00 X:50 Y:14 P:26 SP:FB
E84C  CA        DEX  A:00 X:50 Y:14 P:26 SP:FB
E84D  D0 F8     BNE  A:00 X:4F Y:14 P:24 SP:FB
E847  2C 02 20  BIT  A:00 X:4F Y:14 P:24 SP:FB
E84A  30 06     BMI  A:00 X:4F Y:14 P:26 SP:FB
E84C  CA        DEX  A:00 X:4F Y:14 P:26 SP:FB
E84D  D0 F8     BNE  A:00 X:4E Y:14 P:24 SP:FB
E847  2C 02 20  BIT  A:00 X:4E Y:14 P:24 SP:FB
E84A  30 06     BMI  A:00 X:4E Y:14 P:26 SP:FB
E84C  CA        DEX  A:00 X:4E Y:14 P:26 SP:FB
E84D  D0 F8     BNE  A:00 X:4D Y:14 P:24 SP:FB
E847  2C 02 20  BIT  A:00 X:4D Y:14 P:24 SP:FB
E84A  30 06     BMI  A:00 X:4D Y:14 P:26 SP:FB
E84C  CA        DEX  A:00 X:4D Y:14 P:26 SP:FB
E84D  D0 F8     BNE  A:00 X:4C Y:14 P:24 SP:FB
E847  2C 02 20  BIT  A:00 X:4C Y:14 P:24 SP:FB
E84A  30 06     BMI  A:00 X:4C Y:14 P:26 SP:FB
E84C  CA        DEX  A:00 X:4C Y:14 P:26 SP:FB
E84D  D0 F8     BNE  A:00 X:4B Y:14 P:24 SP:FB
E847  2C 02 20  BIT  A:00 X:4B Y:14 P:24 SP:FB
E84A  30 06     BMI  A:00 X:4B Y:14 P:26 SP:FB
E84C  CA        DEX  A:00 X:4B Y:14 P:26 SP:FB
E84D  D0 F8     BNE  A:00 X:4A Y:14 P:24 SP:FB
E847  2C 02 20  BIT  A:00 X:4A Y:14 P:24 SP:FB
E84A  30 06     BMI  A:00 X:4A Y:14 P:26 SP:FB
E84C  CA        DEX  A:00 X:4A Y:14 P:26 SP:FB
E84D  D0 F8     BNE  A:00 X:49 Y:14 P:24 SP:FB
E847  2C 02 20  BIT  A:00 X:49 Y:14 P:24 SP:FB
E84A  30 06     BMI  A:00 X:49 Y:14 P:26 SP:FB
E84C  CA        DEX  A:00 X:49 Y:14 P:26 SP:FB
E84D  D0 F8     BNE  A:00 X:48 Y:14 P:24 SP:FB
E847  2C 02 20  BIT  A:00 X:48 Y:14 P:24 SP:FB
E84A  30 06     BMI  A:00 X:48 Y:14 P:26 SP:FB
E84C  CA        DEX  A:00 X:48 Y:14 P:26 SP:FB
E84D  D0 F8     BNE  A:00 X:47 Y:14 P:24 SP:FB
E847  2C 02 20  BIT  A:00 X:47 Y:14 P:24 SP:FB
E84A  30 06     BMI  A:00 X:47 Y:14 P:26 SP:FB
E84C  CA        DEX  A:00 X:47 Y:14 P:26 SP:FB
E84D  D0 F8     BNE  A:00 X:46 Y:14 P:24 SP:FB
E847  2C 02 20  BIT  A:00 X:46 Y:14 P:24 SP:FB
E84A  30 06     BMI  A:00 X:46 Y:14 P:26 SP:FB
E84C  CA        DEX  A:00 X:46 Y:14 P:26 SP:FB
E84D  D0 F8     BNE  A:00 X:45 Y:14 P:24 SP:FB
E847  2C 02 20  BIT  A:00 X:45 Y:14 P:24 SP:FB
E84A  30 06     BMI  A:00 X:45 Y:14 P:26 SP:FB
E84C  CA        DEX  A:00 X:45 Y:14 P:26 SP:FB
E84D  D0 F8     BNE  A:00 X:44 Y:14 P:24 SP:FB
E847  2C 02 20  BIT  A:00 X:44 Y:14 P:24 SP:FB
E84A  30 06     BMI  A:00 X:44 Y:14 P:26 SP:FB
E84C  CA        DEX  A:00 X:44 Y:14 P:26 SP:FB
E84D  D0 F8     BNE  A:00 X:43 Y:14 P:24 SP:FB
E847  2C 02 20  BIT  A:00 X:43 Y:14 P:24 SP:FB
E84A  30 06     BMI  A:00 X:43 Y:14 P:26 SP:FB
E84C  CA        DEX  A:00 X:43 Y:14 P:26 SP:FB
E84D  D0 F8     BNE  A:00 X:42 Y:14 P:24 SP:FB
E847  2C 02 20  BIT  A:00 X:42 Y:14 P:24 SP:FB
E84A  30 06     BMI  A:00 X:42 Y:14 P:26 SP:FB
E84C  CA        DEX  A:00 X:42 Y:14 P:26 SP:FB
E84D  D0 F8     BNE  A:00 X:41 Y:14 P:24 SP:FB
E847  2C 02 20  BIT  A:00 X:41 Y:14 P:24 SP:FB
E84A  30 06     BMI  A:00 X:41 Y:14 P:26 SP:FB
E84C  CA        DEX  A:00 X:41 Y:14 P:26 SP:FB
E84D  D0 F8     BNE  A:00 X:40 Y:14 P:24 SP:FB
E847  2C 02 20  BIT  A:00 X:40 Y:14 P:24 SP:FB
E84A  30 06     BMI  A:00 X:40 Y:14 P:26 SP:FB
E84C  CA        DEX  A:00 X:40 Y:14 P:26 SP:FB
E84D  D0 F8     BNE  A:00 X:3F Y:14 P:24 SP:FB
E847  2C 02 20  BIT  A:00 X:3F Y:14 P:24 SP:FB
E84A  30 06     BMI  A:00 X:3F Y:14 P:26 SP:FB
E84C  CA        DEX  A:00 X:3F Y:14 P:26 SP:FB
E84D  D0 F8     BNE  A:00 X:3E Y:14 P:24 SP:FB
E847  2C 02 20  BIT  A:00 X:3E Y:14 P:24 SP:FB
E84A  30 06     BMI  A:00 X:3E Y:14 P:26 SP:FB
E84C  CA        DEX  A:00 X:3E Y:14 P:26 SP:FB
E84D  D0 F8     BNE  A:00 X:3D Y:14 P:24 SP:FB
E847  2C 02 20  BIT  A:00 X:3D Y:14 P:24 SP:FB
E84A  30 06     BMI  A:00 X:3D Y:14 P:26 SP:FB
E84C  CA        DEX  A:00 X:3D Y:14 P:26 SP:FB
E84D  D0 F8     BNE  A:00 X:3C Y:14 P:24 SP:FB
E847  2C 02 20  BIT  A:00 X:3C Y:14 P:24 SP:FB
E84A  30 06     BMI  A:00 X:3C Y:14 P:26 SP:FB
E84C  CA        DEX  A:00 X:3C Y:14 P:26 SP:FB
E84D  D0 F8     BNE  A:00 X:3B Y:14 P:24 SP:FB
E847  2C 02 20  BIT  A:00 X:3B Y:14 P:24 SP:FB
E84A  30 06     BMI  A:00 X:3B Y:14 P:26 SP:FB
E84C  CA        DEX  A:00 X:3B Y:14 P:26 SP:FB
E84D  D0 F8     BNE  A:00 X:3A Y:14 P:24 SP:FB
E847  2C 02 20  BIT  A:00 X:3A Y:14 P:24 SP:FB
E84A  30 06     BMI  A:00 X:3A Y:14 P:26 SP:FB
E84C  CA        DEX  A:00 X:3A Y:14 P:26 SP:FB
E84D  D0 F8     BNE  A:00 X:39 Y:14 P:24 SP:FB
E847  2C 02 20  BIT  A:00 X:39 Y:14 P:24 SP:FB
E84A  30 06     BMI  A:00 X:39 Y:14 P:26 SP:FB
E84C  CA        DEX  A:00 X:39 Y:14 P:26 SP:FB
E84D  D0 F8     BNE  A:00 X:38 Y:14 P:24 SP:FB
E847  2C 02 20  BIT  A:00 X:38 Y:14 P:24 SP:FB
E84A  30 06     BMI  A:00 X:38 Y:14 P:26 SP:FB
E84C  CA        DEX  A:00 X:38 Y:14 P:26 SP:FB
E84D  D0 F8     BNE  A:00 X:37 Y:14 P:24 SP:FB
E847  2C 02 20  BIT  A:00 X:37 Y:14 P:24 SP:FB
E84A  30 06     BMI  A:00 X:37 Y:14 P:26 SP:FB
E84C  CA        DEX  A:00 X:37 Y:14 P:26 SP:FB
E84D  D0 F8     BNE  A:00 X:36 Y:14 P:24 SP:FB
E847  2C 02 20  BIT  A:00 X:36 Y:14 P:24 SP:FB
E84A  30 06     BMI  A:00 X:36 Y:14 P:26 SP:FB
E84C  CA        DEX  A:00 X:36 Y:14 P:26 SP:FB
E84D  D0 F8     BNE  A:00 X:35 Y:14 P:24 SP:FB
E847  2C 02 20  BIT  A:00 X:35 Y:14 P:24 SP:FB
E84A  30 06     BMI  A:00 X:35 Y:14 P:26 SP:FB
E84C  CA        DEX  A:00 X:35 Y:14 P:26 SP:FB
E84D  D0 F8     BNE  A:00 X:34 Y:14 P:24 SP:FB
E847  2C 02 20  BIT  A:00 X:34 Y:14 P:24 SP:FB
E84A  30 06     BMI  A:00 X:34 Y:14 P:26 SP:FB
E84C  CA        DEX  A:00 X:34 Y:14 P:26 SP:FB
E84D  D0 F8     BNE  A:00 X:33 Y:14 P:24 SP:FB
E847  2C 02 20  BIT  A:00 X:33 Y:14 P:24 SP:FB
E84A  30 06     BMI  A:00 X:33 Y:14 P:26 SP:FB
E84C  CA        DEX  A:00 X:33 Y:14 P:26 SP:FB
E84D  D0 F8     BNE  A:00 X:32 Y:14 P:24 SP:FB
E847  2C 02 20  BIT  A:00 X:32 Y:14 P:24 SP:FB
E84A  30 06     BMI  A:00 X:32 Y:14 P:26 SP:FB
E84C  CA        DEX  A:00 X:32 Y:14 P:26 SP:FB
E84D  D0 F8     BNE  A:00 X:31 Y:14 P:24 SP:FB
E847  2C 02 20  BIT  A:00 X:31 Y:14 P:24 SP:FB
E84A  30 06     BMI  A:00 X:31 Y:14 P:26 SP:FB
E84C  CA        DEX  A:00 X:31 Y:14 P:26 SP:FB
E84D  D0 F8     BNE  A:00 X:30 Y:14 P:24 SP:FB
E847  2C 02 20  BIT  A:00 X:30 Y:14 P:24 SP:FB
E84A  30 06     BMI  A:00 X:30 Y:14 P:26 SP:FB
E84C  CA        DEX  A:00 X:30 Y:14 P:26 SP:FB
E84D  D0 F8     BNE  A:00 X:2F Y:14 P:24 SP:FB
E847  2C 02 20  BIT  A:00 X:2F Y:14 P:24 SP:FB
E84A  30 06     BMI  A:00 X:2F Y:14 P:26 SP:FB
E84C  CA        DEX  A:00 X:2F Y:14 P:26 SP:FB
E84D  D0 F8     BNE  A:00 X:2E Y:14 P:24 SP:FB
E847  2C 02 20  BIT  A:00 X:2E Y:14 P:24 SP:FB
E84A  30 06     BMI  A:00 X:2E Y:14 P:26 SP:FB
E84C  CA        DEX  A:00 X:2E Y:14 P:26 SP:FB
E84D  D0 F8     BNE  A:00 X:2D Y:14 P:24 SP:FB
E847  2C 02 20  BIT  A:00 X:2D Y:14 P:24 SP:FB
E84A  30 06     BMI  A:00 X:2D Y:14 P:26 SP:FB
E84C  CA        DEX  A:00 X:2D Y:14 P:26 SP:FB
E84D  D0 F8     BNE  A:00 X:2C Y:14 P:24 SP:FB
E847  2C 02 20  BIT  A:00 X:2C Y:14 P:24 SP:FB
E84A  30 06     BMI  A:00 X:2C Y:14 P:26 SP:FB
E84C  CA        DEX  A:00 X:2C Y:14 P:26 SP:FB
E84D  D0 F8     BNE  A:00 X:2B Y:14 P:24 SP:FB
E847  2C 02 20  BIT  A:00 X:2B Y:14 P:24 SP:FB
E84A  30 06     BMI  A:00 X:2B Y:14 P:26 SP:FB
E84C  CA        DEX  A:00 X:2B Y:14 P:26 SP:FB
E84D  D0 F8     BNE  A:00 X:2A Y:14 P:24 SP:FB
E847  2C 02 20  BIT  A:00 X:2A Y:14 P:24 SP:FB
E84A  30 06     BMI  A:00 X:2A Y:14 P:26 SP:FB
E84C  CA        DEX  A:00 X:2A Y:14 P:26 SP:FB
E84D  D0 F8     BNE  A:00 X:29 Y:14 P:24 SP:FB
E847  2C 02 20  BIT  A:00 X:29 Y:14 P:24 SP:FB
E84A  30 06     BMI  A:00 X:29 Y:14 P:26 SP:FB
E84C  CA        DEX  A:00 X:29 Y:14 P:26 SP:FB
E84D  D0 F8     BNE  A:00 X:28 Y:14 P:24 SP:FB
E847  2C 02 20  BIT  A:00 X:28 Y:14 P:24 SP:FB
E84A  30 06     BMI  A:00 X:28 Y:14 P:26 SP:FB
E84C  CA        DEX  A:00 X:28 Y:14 P:26 SP:FB
E84D  D0 F8     BNE  A:00 X:27 Y:14 P:24 SP:FB
E847  2C 02 20  BIT  A:00 X:27 Y:14 P:24 SP:FB
E84A  30 06     BMI  A:00 X:27 Y:14 P:26 SP:FB
E84C  CA        DEX  A:00 X:27 Y:14 P:26 SP:FB
E84D  D0 F8     BNE  A:00 X:26 Y:14 P:24 SP:FB
E847  2C 02 20  BIT  A:00 X:26 Y:14 P:24 SP:FB
E84A  30 06     BMI  A:00 X:26 Y:14 P:26 SP:FB
E84C  CA        DEX  A:00 X:26 Y:14 P:26 SP:FB
E84D  D0 F8     BNE  A:00 X:25 Y:14 P:24 SP:FB
E847  2C 02 20  BIT  A:00 X:25 Y:14 P:24 SP:FB
E84A  30 06     BMI  A:00 X:25 Y:14 P:26 SP:FB
E84C  CA        DEX  A:00 X:25 Y:14 P:26 SP:FB
E84D  D0 F8     BNE  A:00 X:24 Y:14 P:24 SP:FB
E847  2C 02 20  BIT  A:00 X:24 Y:14 P:24 SP:FB
E84A  30 06     BMI  A:00 X:24 Y:14 P:26 SP:FB
E84C  CA        DEX  A:00 X:24 Y:14 P:26 SP:FB
E84D  D0 F8     BNE  A:00 X:23 Y:14 P:24 SP:FB
E847  2C 02 20  BIT  A:00 X:23 Y:14 P:24 SP:FB
E84A  30 06     BMI  A:00 X:23 Y:14 P:26 SP:FB
E84C  CA        DEX  A:00 X:23 Y:14 P:26 SP:FB
E84D  D0 F8     BNE  A:00 X:22 Y:14 P:24 SP:FB
E847  2C 02 20  BIT  A:00 X:22 Y:14 P:24 SP:FB
E84A  30 06     BMI  A:00 X:22 Y:14 P:26 SP:FB
E84C  CA        DEX  A:00 X:22 Y:14 P:26 SP:FB
E84D  D0 F8     BNE  A:00 X:21 Y:14 P:24 SP:FB
E847  2C 02 20  BIT  A:00 X:21 Y:14 P:24 SP:FB
E84A  30 06     BMI  A:00 X:21 Y:14 P:26 SP:FB
E84C  CA        DEX  A:00 X:21 Y:14 P:26 SP:FB
E84D  D0 F8     BNE  A:00 X:20 Y:14 P:24 SP:FB
E847  2C 02 20  BIT  A:00 X:20 Y:14 P:24 SP:FB
E84A  30 06     BMI  A:00 X:20 Y:14 P:26 SP:FB
E84C  CA        DEX  A:00 X:20 Y:14 P:26 SP:FB
E84D  D0 F8     BNE  A:00 X:1F Y:14 P:24 SP:FB
E847  2C 02 20  BIT  A:00 X:1F Y:14 P:24 SP:FB
E84A  30 06     BMI  A:00 X:1F Y:14 P:26 SP:FB
E84C  CA        DEX  A:00 X:1F Y:14 P:26 SP:FB
E84D  D0 F8     BNE  A:00 X:1E Y:14 P:24 SP:FB
E847  2C 02 20  BIT  A:00 X:1E Y:14 P:24 SP:FB
E84A  30 06     BMI  A:00 X:1E Y:14 P:26 SP:FB
E84C  CA        DEX  A:00 X:1E Y:14 P:26 SP:FB
E84D  D0 F8     BNE  A:00 X:1D Y:14 P:24 SP:FB
E847  2C 02 20  BIT  A:00 X:1D Y:14 P:24 SP:FB
E84A  30 06     BMI  A:00 X:1D Y:14 P:26 SP:FB
E84C  CA        DEX  A:00 X:1D Y:14 P:26 SP:FB
E84D  D0 F8     BNE  A:00 X:1C Y:14 P:24 SP:FB
E847  2C 02 20  BIT  A:00 X:1C Y:14 P:24 SP:FB
E84A  30 06     BMI  A:00 X:1C Y:14 P:26 SP:FB
E84C  CA        DEX  A:00 X:1C Y:14 P:26 SP:FB
E84D  D0 F8     BNE  A:00 X:1B Y:14 P:24 SP:FB
E847  2C 02 20  BIT  A:00 X:1B Y:14 P:24 SP:FB
E84A  30 06     BMI  A:00 X:1B Y:14 P:26 SP:FB
E84C  CA        DEX  A:00 X:1B Y:14 P:26 SP:FB
E84D  D0 F8     BNE  A:00 X:1A Y:14 P:24 SP:FB
E847  2C 02 20  BIT  A:00 X:1A Y:14 P:24 SP:FB
E84A  30 06     BMI  A:00 X:1A Y:14 P:26 SP:FB
E84C  CA        DEX  A:00 X:1A Y:14 P:26 SP:FB
E84D  D0 F8     BNE  A:00 X:19 Y:14 P:24 SP:FB
E847  2C 02 20  BIT  A:00 X:19 Y:14 P:24 SP:FB
E84A  30 06     BMI  A:00 X:19 Y:14 P:26 SP:FB
E84C  CA        DEX  A:00 X:19 Y:14 P:26 SP:FB
E84D  D0 F8     BNE  A:00 X:18 Y:14 P:24 SP:FB
E847  2C 02 20  BIT  A:00 X:18 Y:14 P:24 SP:FB
E84A  30 06     BMI  A:00 X:18 Y:14 P:26 SP:FB
E84C  CA        DEX  A:00 X:18 Y:14 P:26 SP:FB
E84D  D0 F8     BNE  A:00 X:17 Y:14 P:24 SP:FB
E847  2C 02 20  BIT  A:00 X:17 Y:14 P:24 SP:FB
E84A  30 06     BMI  A:00 X:17 Y:14 P:26 SP:FB
E84C  CA        DEX  A:00 X:17 Y:14 P:26 SP:FB
E84D  D0 F8     BNE  A:00 X:16 Y:14 P:24 SP:FB
E847  2C 02 20  BIT  A:00 X:16 Y:14 P:24 SP:FB
E84A  30 06     BMI  A:00 X:16 Y:14 P:26 SP:FB
E84C  CA        DEX  A:00 X:16 Y:14 P:26 SP:FB
E84D  D0 F8     BNE  A:00 X:15 Y:14 P:24 SP:FB
E847  2C 02 20  BIT  A:00 X:15 Y:14 P:24 SP:FB
E84A  30 06     BMI  A:00 X:15 Y:14 P:26 SP:FB
E84C  CA        DEX  A:00 X:15 Y:14 P:26 SP:FB
E84D  D0 F8     BNE  A:00 X:14 Y:14 P:24 SP:FB
E847  2C 02 20  BIT  A:00 X:14 Y:14 P:24 SP:FB
E84A  30 06     BMI  A:00 X:14 Y:14 P:26 SP:FB
E84C  CA        DEX  A:00 X:14 Y:14 P:26 SP:FB
E84D  D0 F8     BNE  A:00 X:13 Y:14 P:24 SP:FB
E847  2C 02 20  BIT  A:00 X:13 Y:14 P:24 SP:FB
E84A  30 06     BMI  A:00 X:13 Y:14 P:26 SP:FB
E84C  CA        DEX  A:00 X:13 Y:14 P:26 SP:FB
E84D  D0 F8     BNE  A:00 X:12 Y:14 P:24 SP:FB
E847  2C 02 20  BIT  A:00 X:12 Y:14 P:24 SP:FB
E84A  30 06     BMI  A:00 X:12 Y:14 P:26 SP:FB
E84C  CA        DEX  A:00 X:12 Y:14 P:26 SP:FB
E84D  D0 F8     BNE  A:00 X:11 Y:14 P:24 SP:FB
E847  2C 02 20  BIT  A:00 X:11 Y:14 P:24 SP:FB
E84A  30 06     BMI  A:00 X:11 Y:14 P:26 SP:FB
E84C  CA        DEX  A:00 X:11 Y:14 P:26 SP:FB
E84D  D0 F8     BNE  A:00 X:10 Y:14 P:24 SP:FB
E847  2C 02 20  BIT  A:00 X:10 Y:14 P:24 SP:FB
E84A  30 06     BMI  A:00 X:10 Y:14 P:26 SP:FB
E84C  CA        DEX  A:00 X:10 Y:14 P:26 SP:FB
E84D  D0 F8     BNE  A:00 X:0F Y:14 P:24 SP:FB
E847  2C 02 20  BIT  A:00 X:0F Y:14 P:24 SP:FB
E84A  30 06     BMI  A:00 X:0F Y:14 P:26 SP:FB
E84C  CA        DEX  A:00 X:0F Y:14 P:26 SP:FB
E84D  D0 F8     BNE  A:00 X:0E Y:14 P:24 SP:FB
E847  2C 02 20  BIT  A:00 X:0E Y:14 P:24 SP:FB
E84A  30 06     BMI  A:00 X:0E Y:14 P:26 SP:FB
E84C  CA        DEX  A:00 X:0E Y:14 P:26 SP:FB
E84D  D0 F8     BNE  A:00 X:0D Y:14 P:24 SP:FB
E847  2C 02 20  BIT  A:00 X:0D Y:14 P:24 SP:FB
E84A  30 06     BMI  A:00 X:0D Y:14 P:26 SP:FB
E84C  CA        DEX  A:00 X:0D Y:14 P:26 SP:FB
E84D  D0 F8     BNE  A:00 X:0C Y:14 P:24 SP:FB
E847  2C 02 20  BIT  A:00 X:0C Y:14 P:24 SP:FB
E84A  30 06     BMI  A:00 X:0C Y:14 P:26 SP:FB
E84C  CA        DEX  A:00 X:0C Y:14 P:26 SP:FB
E84D  D0 F8     BNE  A:00 X:0B Y:14 P:24 SP:FB
E847  2C 02 20  BIT  A:00 X:0B Y:14 P:24 SP:FB
E84A  30 06     BMI  A:00 X:0B Y:14 P:26 SP:FB
E84C  CA        DEX  A:00 X:0B Y:14 P:26 SP:FB
E84D  D0 F8     BNE  A:00 X:0A Y:14 P:24 SP:FB
E847  2C 02 20  BIT  A:00 X:0A Y:14 P:24 SP:FB
E84A  30 06     BMI  A:00 X:0A Y:14 P:26 SP:FB
E84C  CA        DEX  A:00 X:0A Y:14 P:26 SP:FB
E84D  D0 F8     BNE  A:00 X:09 Y:14 P:24 SP:FB
E847  2C 02 20  BIT  A:00 X:09 Y:14 P:24 SP:FB
E84A  30 06     BMI  A:00 X:09 Y:14 P:26 SP:FB
E84C  CA        DEX  A:00 X:09 Y:14 P:26 SP:FB
E84D  D0 F8     BNE  A:00 X:08 Y:14 P:24 SP:FB
E847  2C 02 20  BIT  A:00 X:08 Y:14 P:24 SP:FB
E84A  30 06     BMI  A:00 X:08 Y:14 P:26 SP:FB
E84C  CA        DEX  A:00 X:08 Y:14 P:26 SP:FB
E84D  D0 F8     BNE  A:00 X:07 Y:14 P:24 SP:FB
E847  2C 02 20  BIT  A:00 X:07 Y:14 P:24 SP:FB
E84A  30 06     BMI  A:00 X:07 Y:14 P:26 SP:FB
E84C  CA        DEX  A:00 X:07 Y:14 P:26 SP:FB
E84D  D0 F8     BNE  A:00 X:06 Y:14 P:24 SP:FB
E847  2C 02 20  BIT  A:00 X:06 Y:14 P:24 SP:FB
E84A  30 06     BMI  A:00 X:06 Y:14 P:26 SP:FB
E84C  CA        DEX  A:00 X:06 Y:14 P:26 SP:FB
E84D  D0 F8     BNE  A:00 X:05 Y:14 P:24 SP:FB
E847  2C 02 20  BIT  A:00 X:05 Y:14 P:24 SP:FB
E84A  30 06     BMI  A:00 X:05 Y:14 P:26 SP:FB
E84C  CA        DEX  A:00 X:05 Y:14 P:26 SP:FB
E84D  D0 F8     BNE  A:00 X:04 Y:14 P:24 SP:FB
E847  2C 02 20  BIT  A:00 X:04 Y:14 P:24 SP:FB
E84A  30 06     BMI  A:00 X:04 Y:14 P:26 SP:FB
E84C  CA        DEX  A:00 X:04 Y:14 P:26 SP:FB
E84D  D0 F8     BNE  A:00 X:03 Y:14 P:24 SP:FB
E847  2C 02 20  BIT  A:00 X:03 Y:14 P:24 SP:FB
E84A  30 06     BMI  A:00 X:03 Y:14 P:26 SP:FB
E84C  CA        DEX  A:00 X:03 Y:14 P:26 SP:FB
E84D  D0 F8     BNE  A:00 X:02 Y:14 P:24 SP:FB
E847  2C 02 20  BIT  A:00 X:02 Y:14 P:24 SP:FB
E84A  30 06     BMI  A:00 X:02 Y:14 P:26 SP:FB
E84C  CA        DEX  A:00 X:02 Y:14 P:26 SP:FB
E84D  D0 F8     BNE  A:00 X:01 Y:14 P:24 SP:FB
E847  2C 02 20  BIT  A:00 X:01 Y:14 P:24 SP:FB
E84A  30 06     BMI  A:00 X:01 Y:14 P:26 SP:FB
E84C  CA        DEX  A:00 X:01 Y:14 P:26 SP:FB
E84D  D0 F8     BNE  A:00 X:00 Y:14 P:26 SP:FB
E84F  88        DEY  A:00 X:00 Y:14 P:26 SP:FB
E850  10 F5     BPL  A:00 X:00 Y:13 P:24 SP:FB
E847  2C 02 20  BIT  A:00 X:00 Y:13 P:24 SP:FB
E84A  30 06     BMI  A:00 X:00 Y:13 P:26 SP:FB
E84C  CA        DEX  A:00 X:00 Y:13 P:26 SP:FB
E84D  D0 F8     BNE  A:00 X:FF Y:13 P:A4 SP:FB
E847  2C 02 20  BIT  A:00 X:FF Y:13 P:A4 SP:FB
E84A  30 06     BMI  A:00 X:FF Y:13 P:26 SP:FB
E84C  CA        DEX  A:00 X:FF Y:13 P:26 SP:FB
E84D  D0 F8     BNE  A:00 X:FE Y:13 P:A4 SP:FB
E847  2C 02 20  BIT  A:00 X:FE Y:13 P:A4 SP:FB
E84A  30 06     BMI  A:00 X:FE Y:13 P:26 SP:FB
E84C  CA        DEX  A:00 X:FE Y:13 P:26 SP:FB
E84D  D0 F8     BNE  A:00 X:FD Y:13 P:A4 SP:FB
E847  2C 02 20  BIT  A:00 X:FD Y:13 P:A4 SP:FB
E84A  30 06     BMI  A:00 X:FD Y:13 P:26 SP:FB
E84C  CA        DEX  A:00 X:FD Y:13 P:26 SP:FB
E84D  D0 F8     BNE  A:00 X:FC Y:13 P:A4 SP:FB
E847  2C 02 20  BIT  A:00 X:FC Y:13 P:A4 SP:FB
E84A  30 06     BMI  A:00 X:FC Y:13 P:26 SP:FB
E84C  CA        DEX  A:00 X:FC Y:13 P:26 SP:FB
E84D  D0 F8     BNE  A:00 X:FB Y:13 P:A4 SP:FB
E847  2C 02 20  BIT  A:00 X:FB Y:13 P:A4 SP:FB
E84A  30 06     BMI  A:00 X:FB Y:13 P:26 SP:FB
E84C  CA        DEX  A:00 X:FB Y:13 P:26 SP:FB
E84D  D0 F8     BNE  A:00 X:FA Y:13 P:A4 SP:FB
E847  2C 02 20  BIT  A:00 X:FA Y:13 P:A4 SP:FB
E84A  30 06     BMI  A:00 X:FA Y:13 P:26 SP:FB
E84C  CA        DEX  A:00 X:FA Y:13 P:26 SP:FB
E84D  D0 F8     BNE  A:00 X:F9 Y:13 P:A4 SP:FB
E847  2C 02 20  BIT  A:00 X:F9 Y:13 P:A4 SP:FB
E84A  30 06     BMI  A:00 X:F9 Y:13 P:26 SP:FB
E84C  CA        DEX  A:00 X:F9 Y:13 P:26 SP:FB
E84D  D0 F8     BNE  A:00 X:F8 Y:13 P:A4 SP:FB
E847  2C 02 20  BIT  A:00 X:F8 Y:13 P:A4 SP:FB
E84A  30 06     BMI  A:00 X:F8 Y:13 P:26 SP:FB
E84C  CA        DEX  A:00 X:F8 Y:13 P:26 SP:FB
E84D  D0 F8     BNE  A:00 X:F7 Y:13 P:A4 SP:FB
E847  2C 02 20  BIT  A:00 X:F7 Y:13 P:A4 SP:FB
E84A  30 06     BMI  A:00 X:F7 Y:13 P:26 SP:FB
E84C  CA        DEX  A:00 X:F7 Y:13 P:26 SP:FB
E84D  D0 F8     BNE  A:00 X:F6 Y:13 P:A4 SP:FB
E847  2C 02 20  BIT  A:00 X:F6 Y:13 P:A4 SP:FB
E84A  30 06     BMI  A:00 X:F6 Y:13 P:26 SP:FB
E84C  CA        DEX  A:00 X:F6 Y:13 P:26 SP:FB
E84D  D0 F8     BNE  A:00 X:F5 Y:13 P:A4 SP:FB
E847  2C 02 20  BIT  A:00 X:F5 Y:13 P:A4 SP:FB
E84A  30 06     BMI  A:00 X:F5 Y:13 P:26 SP:FB
E84C  CA        DEX  A:00 X:F5 Y:13 P:26 SP:FB
E84D  D0 F8     BNE  A:00 X:F4 Y:13 P:A4 SP:FB
E847  2C 02 20  BIT  A:00 X:F4 Y:13 P:A4 SP:FB
E84A  30 06     BMI  A:00 X:F4 Y:13 P:26 SP:FB
E84C  CA        DEX  A:00 X:F4 Y:13 P:26 SP:FB
E84D  D0 F8     BNE  A:00 X:F3 Y:13 P:A4 SP:FB
E847  2C 02 20  BIT  A:00 X:F3 Y:13 P:A4 SP:FB
E84A  30 06     BMI  A:00 X:F3 Y:13 P:26 SP:FB
E84C  CA        DEX  A:00 X:F3 Y:13 P:26 SP:FB
E84D  D0 F8     BNE  A:00 X:F2 Y:13 P:A4 SP:FB
E847  2C 02 20  BIT  A:00 X:F2 Y:13 P:A4 SP:FB
E84A  30 06     BMI  A:00 X:F2 Y:13 P:26 SP:FB
E84C  CA        DEX  A:00 X:F2 Y:13 P:26 SP:FB
E84D  D0 F8     BNE  A:00 X:F1 Y:13 P:A4 SP:FB
E847  2C 02 20  BIT  A:00 X:F1 Y:13 P:A4 SP:FB
E84A  30 06     BMI  A:00 X:F1 Y:13 P:26 SP:FB
E84C  CA        DEX  A:00 X:F1 Y:13 P:26 SP:FB
E84D  D0 F8     BNE  A:00 X:F0 Y:13 P:A4 SP:FB
E847  2C 02 20  BIT  A:00 X:F0 Y:13 P:A4 SP:FB
E84A  30 06     BMI  A:00 X:F0 Y:13 P:26 SP:FB
E84C  CA        DEX  A:00 X:F0 Y:13 P:26 SP:FB
E84D  D0 F8     BNE  A:00 X:EF Y:13 P:A4 SP:FB
E847  2C 02 20  BIT  A:00 X:EF Y:13 P:A4 SP:FB
E84A  30 06     BMI  A:00 X:EF Y:13 P:26 SP:FB
E84C  CA        DEX  A:00 X:EF Y:13 P:26 SP:FB
E84D  D0 F8     BNE  A:00 X:EE Y:13 P:A4 SP:FB
E847  2C 02 20  BIT  A:00 X:EE Y:13 P:A4 SP:FB
E84A  30 06     BMI  A:00 X:EE Y:13 P:26 SP:FB
E84C  CA        DEX  A:00 X:EE Y:13 P:26 SP:FB
E84D  D0 F8     BNE  A:00 X:ED Y:13 P:A4 SP:FB
E847  2C 02 20  BIT  A:00 X:ED Y:13 P:A4 SP:FB
E84A  30 06     BMI  A:00 X:ED Y:13 P:26 SP:FB
E84C  CA        DEX  A:00 X:ED Y:13 P:26 SP:FB
E84D  D0 F8     BNE  A:00 X:EC Y:13 P:A4 SP:FB
E847  2C 02 20  BIT  A:00 X:EC Y:13 P:A4 SP:FB
E84A  30 06     BMI  A:00 X:EC Y:13 P:26 SP:FB
E84C  CA        DEX  A:00 X:EC Y:13 P:26 SP:FB
E84D  D0 F8     BNE  A:00 X:EB Y:13 P:A4 SP:FB
E847  2C 02 20  BIT  A:00 X:EB Y:13 P:A4 SP:FB
E84A  30 06     BMI  A:00 X:EB Y:13 P:26 SP:FB
E84C  CA        DEX  A:00 X:EB Y:13 P:26 SP:FB
E84D  D0 F8     BNE  A:00 X:EA Y:13 P:A4 SP:FB
E847  2C 02 20  BIT  A:00 X:EA Y:13 P:A4 SP:FB
E84A  30 06     BMI  A:00 X:EA Y:13 P:26 SP:FB
E84C  CA        DEX  A:00 X:EA Y:13 P:26 SP:FB
E84D  D0 F8     BNE  A:00 X:E9 Y:13 P:A4 SP:FB
E847  2C 02 20  BIT  A:00 X:E9 Y:13 P:A4 SP:FB
E84A  30 06     BMI  A:00 X:E9 Y:13 P:26 SP:FB
E84C  CA        DEX  A:00 X:E9 Y:13 P:26 SP:FB
E84D  D0 F8     BNE  A:00 X:E8 Y:13 P:A4 SP:FB
E847  2C 02 20  BIT  A:00 X:E8 Y:13 P:A4 SP:FB
E84A  30 06     BMI  A:00 X:E8 Y:13 P:26 SP:FB
E84C  CA        DEX  A:00 X:E8 Y:13 P:26 SP:FB
E84D  D0 F8     BNE  A:00 X:E7 Y:13 P:A4 SP:FB
E847  2C 02 20  BIT  A:00 X:E7 Y:13 P:A4 SP:FB
E84A  30 06     BMI  A:00 X:E7 Y:13 P:26 SP:FB
E84C  CA        DEX  A:00 X:E7 Y:13 P:26 SP:FB
E84D  D0 F8     BNE  A:00 X:E6 Y:13 P:A4 SP:FB
E847  2C 02 20  BIT  A:00 X:E6 Y:13 P:A4 SP:FB
E84A  30 06     BMI  A:00 X:E6 Y:13 P:26 SP:FB
E84C  CA        DEX  A:00 X:E6 Y:13 P:26 SP:FB
E84D  D0 F8     BNE  A:00 X:E5 Y:13 P:A4 SP:FB
E847  2C 02 20  BIT  A:00 X:E5 Y:13 P:A4 SP:FB
E84A  30 06     BMI  A:00 X:E5 Y:13 P:26 SP:FB
E84C  CA        DEX  A:00 X:E5 Y:13 P:26 SP:FB
E84D  D0 F8     BNE  A:00 X:E4 Y:13 P:A4 SP:FB
E847  2C 02 20  BIT  A:00 X:E4 Y:13 P:A4 SP:FB
E84A  30 06     BMI  A:00 X:E4 Y:13 P:26 SP:FB
E84C  CA        DEX  A:00 X:E4 Y:13 P:26 SP:FB
E84D  D0 F8     BNE  A:00 X:E3 Y:13 P:A4 SP:FB
E847  2C 02 20  BIT  A:00 X:E3 Y:13 P:A4 SP:FB
E84A  30 06     BMI  A:00 X:E3 Y:13 P:26 SP:FB
E84C  CA        DEX  A:00 X:E3 Y:13 P:26 SP:FB
E84D  D0 F8     BNE  A:00 X:E2 Y:13 P:A4 SP:FB
E847  2C 02 20  BIT  A:00 X:E2 Y:13 P:A4 SP:FB
E84A  30 06     BMI  A:00 X:E2 Y:13 P:26 SP:FB
E84C  CA        DEX  A:00 X:E2 Y:13 P:26 SP:FB
E84D  D0 F8     BNE  A:00 X:E1 Y:13 P:A4 SP:FB
E847  2C 02 20  BIT  A:00 X:E1 Y:13 P:A4 SP:FB
E84A  30 06     BMI  A:00 X:E1 Y:13 P:26 SP:FB
E84C  CA        DEX  A:00 X:E1 Y:13 P:26 SP:FB
E84D  D0 F8     BNE  A:00 X:E0 Y:13 P:A4 SP:FB
E847  2C 02 20  BIT  A:00 X:E0 Y:13 P:A4 SP:FB
E84A  30 06     BMI  A:00 X:E0 Y:13 P:26 SP:FB
E84C  CA        DEX  A:00 X:E0 Y:13 P:26 SP:FB
E84D  D0 F8     BNE  A:00 X:DF Y:13 P:A4 SP:FB
E847  2C 02 20  BIT  A:00 X:DF Y:13 P:A4 SP:FB
E84A  30 06     BMI  A:00 X:DF Y:13 P:26 SP:FB
E84C  CA        DEX  A:00 X:DF Y:13 P:26 SP:FB
E84D  D0 F8     BNE  A:00 X:DE Y:13 P:A4 SP:FB
E847  2C 02 20  BIT  A:00 X:DE Y:13 P:A4 SP:FB
E84A  30 06     BMI  A:00 X:DE Y:13 P:26 SP:FB
E84C  CA        DEX  A:00 X:DE Y:13 P:26 SP:FB
E84D  D0 F8     BNE  A:00 X:DD Y:13 P:A4 SP:FB
E847  2C 02 20  BIT  A:00 X:DD Y:13 P:A4 SP:FB
E84A  30 06     BMI  A:00 X:DD Y:13 P:26 SP:FB
E84C  CA        DEX  A:00 X:DD Y:13 P:26 SP:FB
E84D  D0 F8     BNE  A:00 X:DC Y:13 P:A4 SP:FB
E847  2C 02 20  BIT  A:00 X:DC Y:13 P:A4 SP:FB
E84A  30 06     BMI  A:00 X:DC Y:13 P:26 SP:FB
E84C  CA        DEX  A:00 X:DC Y:13 P:26 SP:FB
E84D  D0 F8     BNE  A:00 X:DB Y:13 P:A4 SP:FB
E847  2C 02 20  BIT  A:00 X:DB Y:13 P:A4 SP:FB
E84A  30 06     BMI  A:00 X:DB Y:13 P:26 SP:FB
E84C  CA        DEX  A:00 X:DB Y:13 P:26 SP:FB
E84D  D0 F8     BNE  A:00 X:DA Y:13 P:A4 SP:FB
E847  2C 02 20  BIT  A:00 X:DA Y:13 P:A4 SP:FB
E84A  30 06     BMI  A:00 X:DA Y:13 P:26 SP:FB
E84C  CA        DEX  A:00 X:DA Y:13 P:26 SP:FB
E84D  D0 F8     BNE  A:00 X:D9 Y:13 P:A4 SP:FB
E847  2C 02 20  BIT  A:00 X:D9 Y:13 P:A4 SP:FB
E84A  30 06     BMI  A:00 X:D9 Y:13 P:26 SP:FB
E84C  CA        DEX  A:00 X:D9 Y:13 P:26 SP:FB
E84D  D0 F8     BNE  A:00 X:D8 Y:13 P:A4 SP:FB
E847  2C 02 20  BIT  A:00 X:D8 Y:13 P:A4 SP:FB
E84A  30 06     BMI  A:00 X:D8 Y:13 P:26 SP:FB
E84C  CA        DEX  A:00 X:D8 Y:13 P:26 SP:FB
E84D  D0 F8     BNE  A:00 X:D7 Y:13 P:A4 SP:FB
E847  2C 02 20  BIT  A:00 X:D7 Y:13 P:A4 SP:FB
E84A  30 06     BMI  A:00 X:D7 Y:13 P:26 SP:FB
E84C  CA        DEX  A:00 X:D7 Y:13 P:26 SP:FB
E84D  D0 F8     BNE  A:00 X:D6 Y:13 P:A4 SP:FB
E847  2C 02 20  BIT  A:00 X:D6 Y:13 P:A4 SP:FB
E84A  30 06     BMI  A:00 X:D6 Y:13 P:26 SP:FB
E84C  CA        DEX  A:00 X:D6 Y:13 P:26 SP:FB
E84D  D0 F8     BNE  A:00 X:D5 Y:13 P:A4 SP:FB
E847  2C 02 20  BIT  A:00 X:D5 Y:13 P:A4 SP:FB
E84A  30 06     BMI  A:00 X:D5 Y:13 P:26 SP:FB
E84C  CA        DEX  A:00 X:D5 Y:13 P:26 SP:FB
E84D  D0 F8     BNE  A:00 X:D4 Y:13 P:A4 SP:FB
E847  2C 02 20  BIT  A:00 X:D4 Y:13 P:A4 SP:FB
E84A  30 06     BMI  A:00 X:D4 Y:13 P:26 SP:FB
E84C  CA        DEX  A:00 X:D4 Y:13 P:26 SP:FB
E84D  D0 F8     BNE  A:00 X:D3 Y:13 P:A4 SP:FB
E847  2C 02 20  BIT  A:00 X:D3 Y:13 P:A4 SP:FB
E84A  30 06     BMI  A:00 X:D3 Y:13 P:26 SP:FB
E84C  CA        DEX  A:00 X:D3 Y:13 P:26 SP:FB
E84D  D0 F8     BNE  A:00 X:D2 Y:13 P:A4 SP:FB
E847  2C 02 20  BIT  A:00 X:D2 Y:13 P:A4 SP:FB
E84A  30 06     BMI  A:00 X:D2 Y:13 P:26 SP:FB
E84C  CA        DEX  A:00 X:D2 Y:13 P:26 SP:FB
E84D  D0 F8     BNE  A:00 X:D1 Y:13 P:A4 SP:FB
E847  2C 02 20  BIT  A:00 X:D1 Y:13 P:A4 SP:FB
E84A  30 06     BMI  A:00 X:D1 Y:13 P:26 SP:FB
E84C  CA        DEX  A:00 X:D1 Y:13 P:26 SP:FB
E84D  D0 F8     BNE  A:00 X:D0 Y:13 P:A4 SP:FB
E847  2C 02 20  BIT  A:00 X:D0 Y:13 P:A4 SP:FB
E84A  30 06     BMI  A:00 X:D0 Y:13 P:26 SP:FB
E84C  CA        DEX  A:00 X:D0 Y:13 P:26 SP:FB
E84D  D0 F8     BNE  A:00 X:CF Y:13 P:A4 SP:FB
E847  2C 02 20  BIT  A:00 X:CF Y:13 P:A4 SP:FB
E84A  30 06     BMI  A:00 X:CF Y:13 P:26 SP:FB
E84C  CA        DEX  A:00 X:CF Y:13 P:26 SP:FB
E84D  D0 F8     BNE  A:00 X:CE Y:13 P:A4 SP:FB
E847  2C 02 20  BIT  A:00 X:CE Y:13 P:A4 SP:FB
E84A  30 06     BMI  A:00 X:CE Y:13 P:26 SP:FB
E84C  CA        DEX  A:00 X:CE Y:13 P:26 SP:FB
E84D  D0 F8     BNE  A:00 X:CD Y:13 P:A4 SP:FB
E847  2C 02 20  BIT  A:00 X:CD Y:13 P:A4 SP:FB
E84A  30 06     BMI  A:00 X:CD Y:13 P:26 SP:FB
E84C  CA        DEX  A:00 X:CD Y:13 P:26 SP:FB
E84D  D0 F8     BNE  A:00 X:CC Y:13 P:A4 SP:FB
E847  2C 02 20  BIT  A:00 X:CC Y:13 P:A4 SP:FB
E84A  30 06     BMI  A:00 X:CC Y:13 P:26 SP:FB
E84C  CA        DEX  A:00 X:CC Y:13 P:26 SP:FB
E84D  D0 F8     BNE  A:00 X:CB Y:13 P:A4 SP:FB
E847  2C 02 20  BIT  A:00 X:CB Y:13 P:A4 SP:FB
E84A  30 06     BMI  A:00 X:CB Y:13 P:26 SP:FB
E84C  CA        DEX  A:00 X:CB Y:13 P:26 SP:FB
E84D  D0 F8     BNE  A:00 X:CA Y:13 P:A4 SP:FB
E847  2C 02 20  BIT  A:00 X:CA Y:13 P:A4 SP:FB
E84A  30 06     BMI  A:00 X:CA Y:13 P:26 SP:FB
E84C  CA        DEX  A:00 X:CA Y:13 P:26 SP:FB
E84D  D0 F8     BNE  A:00 X:C9 Y:13 P:A4 SP:FB
E847  2C 02 20  BIT  A:00 X:C9 Y:13 P:A4 SP:FB
E84A  30 06     BMI  A:00 X:C9 Y:13 P:26 SP:FB
E84C  CA        DEX  A:00 X:C9 Y:13 P:26 SP:FB
E84D  D0 F8     BNE  A:00 X:C8 Y:13 P:A4 SP:FB
E847  2C 02 20  BIT  A:00 X:C8 Y:13 P:A4 SP:FB
E84A  30 06     BMI  A:00 X:C8 Y:13 P:26 SP:FB
E84C  CA        DEX  A:00 X:C8 Y:13 P:26 SP:FB
E84D  D0 F8     BNE  A:00 X:C7 Y:13 P:A4 SP:FB
E847  2C 02 20  BIT  A:00 X:C7 Y:13 P:A4 SP:FB
E84A  30 06     BMI  A:00 X:C7 Y:13 P:26 SP:FB
E84C  CA        DEX  A:00 X:C7 Y:13 P:26 SP:FB
E84D  D0 F8     BNE  A:00 X:C6 Y:13 P:A4 SP:FB
E847  2C 02 20  BIT  A:00 X:C6 Y:13 P:A4 SP:FB
E84A  30 06     BMI  A:00 X:C6 Y:13 P:26 SP:FB
E84C  CA        DEX  A:00 X:C6 Y:13 P:26 SP:FB
E84D  D0 F8     BNE  A:00 X:C5 Y:13 P:A4 SP:FB
E847  2C 02 20  BIT  A:00 X:C5 Y:13 P:A4 SP:FB
E84A  30 06     BMI  A:00 X:C5 Y:13 P:26 SP:FB
E84C  CA        DEX  A:00 X:C5 Y:13 P:26 SP:FB
E84D  D0 F8     BNE  A:00 X:C4 Y:13 P:A4 SP:FB
E847  2C 02 20  BIT  A:00 X:C4 Y:13 P:A4 SP:FB
E84A  30 06     BMI  A:00 X:C4 Y:13 P:26 SP:FB
E84C  CA        DEX  A:00 X:C4 Y:13 P:26 SP:FB
E84D  D0 F8     BNE  A:00 X:C3 Y:13 P:A4 SP:FB
E847  2C 02 20  BIT  A:00 X:C3 Y:13 P:A4 SP:FB
E84A  30 06     BMI  A:00 X:C3 Y:13 P:26 SP:FB
E84C  CA        DEX  A:00 X:C3 Y:13 P:26 SP:FB
E84D  D0 F8     BNE  A:00 X:C2 Y:13 P:A4 SP:FB
E847  2C 02 20  BIT  A:00 X:C2 Y:13 P:A4 SP:FB
E84A  30 06     BMI  A:00 X:C2 Y:13 P:26 SP:FB
E84C  CA        DEX  A:00 X:C2 Y:13 P:26 SP:FB
E84D  D0 F8     BNE  A:00 X:C1 Y:13 P:A4 SP:FB
E847  2C 02 20  BIT  A:00 X:C1 Y:13 P:A4 SP:FB
E84A  30 06     BMI  A:00 X:C1 Y:13 P:26 SP:FB
E84C  CA        DEX  A:00 X:C1 Y:13 P:26 SP:FB
E84D  D0 F8     BNE  A:00 X:C0 Y:13 P:A4 SP:FB
E847  2C 02 20  BIT  A:00 X:C0 Y:13 P:A4 SP:FB
E84A  30 06     BMI  A:00 X:C0 Y:13 P:26 SP:FB
E84C  CA        DEX  A:00 X:C0 Y:13 P:26 SP:FB
E84D  D0 F8     BNE  A:00 X:BF Y:13 P:A4 SP:FB
E847  2C 02 20  BIT  A:00 X:BF Y:13 P:A4 SP:FB
E84A  30 06     BMI  A:00 X:BF Y:13 P:26 SP:FB
E84C  CA        DEX  A:00 X:BF Y:13 P:26 SP:FB
E84D  D0 F8     BNE  A:00 X:BE Y:13 P:A4 SP:FB
E847  2C 02 20  BIT  A:00 X:BE Y:13 P:A4 SP:FB
E84A  30 06     BMI  A:00 X:BE Y:13 P:26 SP:FB
E84C  CA        DEX  A:00 X:BE Y:13 P:26 SP:FB
E84D  D0 F8     BNE  A:00 X:BD Y:13 P:A4 SP:FB
E847  2C 02 20  BIT  A:00 X:BD Y:13 P:A4 SP:FB
E84A  30 06     BMI  A:00 X:BD Y:13 P:26 SP:FB
E84C  CA        DEX  A:00 X:BD Y:13 P:26 SP:FB
E84D  D0 F8     BNE  A:00 X:BC Y:13 P:A4 SP:FB
E847  2C 02 20  BIT  A:00 X:BC Y:13 P:A4 SP:FB
E84A  30 06     BMI  A:00 X:BC Y:13 P:26 SP:FB
E84C  CA        DEX  A:00 X:BC Y:13 P:26 SP:FB
E84D  D0 F8     BNE  A:00 X:BB Y:13 P:A4 SP:FB
E847  2C 02 20  BIT  A:00 X:BB Y:13 P:A4 SP:FB
E84A  30 06     BMI  A:00 X:BB Y:13 P:26 SP:FB
E84C  CA        DEX  A:00 X:BB Y:13 P:26 SP:FB
E84D  D0 F8     BNE  A:00 X:BA Y:13 P:A4 SP:FB
E847  2C 02 20  BIT  A:00 X:BA Y:13 P:A4 SP:FB
E84A  30 06     BMI  A:00 X:BA Y:13 P:26 SP:FB
E84C  CA        DEX  A:00 X:BA Y:13 P:26 SP:FB
E84D  D0 F8     BNE  A:00 X:B9 Y:13 P:A4 SP:FB
E847  2C 02 20  BIT  A:00 X:B9 Y:13 P:A4 SP:FB
E84A  30 06     BMI  A:00 X:B9 Y:13 P:26 SP:FB
E84C  CA        DEX  A:00 X:B9 Y:13 P:26 SP:FB
E84D  D0 F8     BNE  A:00 X:B8 Y:13 P:A4 SP:FB
E847  2C 02 20  BIT  A:00 X:B8 Y:13 P:A4 SP:FB
E84A  30 06     BMI  A:00 X:B8 Y:13 P:26 SP:FB
E84C  CA        DEX  A:00 X:B8 Y:13 P:26 SP:FB
E84D  D0 F8     BNE  A:00 X:B7 Y:13 P:A4 SP:FB
E847  2C 02 20  BIT  A:00 X:B7 Y:13 P:A4 SP:FB
E84A  30 06     BMI  A:00 X:B7 Y:13 P:26 SP:FB
E84C  CA        DEX  A:00 X:B7 Y:13 P:26 SP:FB
E84D  D0 F8     BNE  A:00 X:B6 Y:13 P:A4 SP:FB
E847  2C 02 20  BIT  A:00 X:B6 Y:13 P:A4 SP:FB
E84A  30 06     BMI  A:00 X:B6 Y:13 P:26 SP:FB
E84C  CA        DEX  A:00 X:B6 Y:13 P:26 SP:FB
E84D  D0 F8     BNE  A:00 X:B5 Y:13 P:A4 SP:FB
E847  2C 02 20  BIT  A:00 X:B5 Y:13 P:A4 SP:FB
E84A  30 06     BMI  A:00 X:B5 Y:13 P:26 SP:FB
E84C  CA        DEX  A:00 X:B5 Y:13 P:26 SP:FB
E84D  D0 F8     BNE  A:00 X:B4 Y:13 P:A4 SP:FB
E847  2C 02 20  BIT  A:00 X:B4 Y:13 P:A4 SP:FB
E84A  30 06     BMI  A:00 X:B4 Y:13 P:26 SP:FB
E84C  CA        DEX  A:00 X:B4 Y:13 P:26 SP:FB
E84D  D0 F8     BNE  A:00 X:B3 Y:13 P:A4 SP:FB
E847  2C 02 20  BIT  A:00 X:B3 Y:13 P:A4 SP:FB
E84A  30 06     BMI  A:00 X:B3 Y:13 P:26 SP:FB
E84C  CA        DEX  A:00 X:B3 Y:13 P:26 SP:FB
E84D  D0 F8     BNE  A:00 X:B2 Y:13 P:A4 SP:FB
E847  2C 02 20  BIT  A:00 X:B2 Y:13 P:A4 SP:FB
E84A  30 06     BMI  A:00 X:B2 Y:13 P:26 SP:FB
E84C  CA        DEX  A:00 X:B2 Y:13 P:26 SP:FB
E84D  D0 F8     BNE  A:00 X:B1 Y:13 P:A4 SP:FB
E847  2C 02 20  BIT  A:00 X:B1 Y:13 P:A4 SP:FB
E84A  30 06     BMI  A:00 X:B1 Y:13 P:26 SP:FB
E84C  CA        DEX  A:00 X:B1 Y:13 P:26 SP:FB
E84D  D0 F8     BNE  A:00 X:B0 Y:13 P:A4 SP:FB
E847  2C 02 20  BIT  A:00 X:B0 Y:13 P:A4 SP:FB
E84A  30 06     BMI  A:00 X:B0 Y:13 P:26 SP:FB
E84C  CA        DEX  A:00 X:B0 Y:13 P:26 SP:FB
E84D  D0 F8     BNE  A:00 X:AF Y:13 P:A4 SP:FB
E847  2C 02 20  BIT  A:00 X:AF Y:13 P:A4 SP:FB
E84A  30 06     BMI  A:00 X:AF Y:13 P:26 SP:FB
E84C  CA        DEX  A:00 X:AF Y:13 P:26 SP:FB
E84D  D0 F8     BNE  A:00 X:AE Y:13 P:A4 SP:FB
E847  2C 02 20  BIT  A:00 X:AE Y:13 P:A4 SP:FB
E84A  30 06     BMI  A:00 X:AE Y:13 P:26 SP:FB
E84C  CA        DEX  A:00 X:AE Y:13 P:26 SP:FB
E84D  D0 F8     BNE  A:00 X:AD Y:13 P:A4 SP:FB
E847  2C 02 20  BIT  A:00 X:AD Y:13 P:A4 SP:FB
E84A  30 06     BMI  A:00 X:AD Y:13 P:26 SP:FB
E84C  CA        DEX  A:00 X:AD Y:13 P:26 SP:FB
E84D  D0 F8     BNE  A:00 X:AC Y:13 P:A4 SP:FB
E847  2C 02 20  BIT  A:00 X:AC Y:13 P:A4 SP:FB
E84A  30 06     BMI  A:00 X:AC Y:13 P:26 SP:FB
E84C  CA        DEX  A:00 X:AC Y:13 P:26 SP:FB
E84D  D0 F8     BNE  A:00 X:AB Y:13 P:A4 SP:FB
E847  2C 02 20  BIT  A:00 X:AB Y:13 P:A4 SP:FB
E84A  30 06     BMI  A:00 X:AB Y:13 P:26 SP:FB
E84C  CA        DEX  A:00 X:AB Y:13 P:26 SP:FB
E84D  D0 F8     BNE  A:00 X:AA Y:13 P:A4 SP:FB
E847  2C 02 20  BIT  A:00 X:AA Y:13 P:A4 SP:FB
E84A  30 06     BMI  A:00 X:AA Y:13 P:26 SP:FB
E84C  CA        DEX  A:00 X:AA Y:13 P:26 SP:FB
E84D  D0 F8     BNE  A:00 X:A9 Y:13 P:A4 SP:FB
E847  2C 02 20  BIT  A:00 X:A9 Y:13 P:A4 SP:FB
E84A  30 06     BMI  A:00 X:A9 Y:13 P:26 SP:FB
E84C  CA        DEX  A:00 X:A9 Y:13 P:26 SP:FB
E84D  D0 F8     BNE  A:00 X:A8 Y:13 P:A4 SP:FB
E847  2C 02 20  BIT  A:00 X:A8 Y:13 P:A4 SP:FB
E84A  30 06     BMI  A:00 X:A8 Y:13 P:26 SP:FB
E84C  CA        DEX  A:00 X:A8 Y:13 P:26 SP:FB
E84D  D0 F8     BNE  A:00 X:A7 Y:13 P:A4 SP:FB
E847  2C 02 20  BIT  A:00 X:A7 Y:13 P:A4 SP:FB
E84A  30 06     BMI  A:00 X:A7 Y:13 P:26 SP:FB
E84C  CA        DEX  A:00 X:A7 Y:13 P:26 SP:FB
E84D  D0 F8     BNE  A:00 X:A6 Y:13 P:A4 SP:FB
E847  2C 02 20  BIT  A:00 X:A6 Y:13 P:A4 SP:FB
E84A  30 06     BMI  A:00 X:A6 Y:13 P:26 SP:FB
E84C  CA        DEX  A:00 X:A6 Y:13 P:26 SP:FB
E84D  D0 F8     BNE  A:00 X:A5 Y:13 P:A4 SP:FB
E847  2C 02 20  BIT  A:00 X:A5 Y:13 P:A4 SP:FB
E84A  30 06     BMI  A:00 X:A5 Y:13 P:26 SP:FB
E84C  CA        DEX  A:00 X:A5 Y:13 P:26 SP:FB
E84D  D0 F8     BNE  A:00 X:A4 Y:13 P:A4 SP:FB
E847  2C 02 20  BIT  A:00 X:A4 Y:13 P:A4 SP:FB
E84A  30 06     BMI  A:00 X:A4 Y:13 P:26 SP:FB
E84C  CA        DEX  A:00 X:A4 Y:13 P:26 SP:FB
E84D  D0 F8     BNE  A:00 X:A3 Y:13 P:A4 SP:FB
E847  2C 02 20  BIT  A:00 X:A3 Y:13 P:A4 SP:FB
E84A  30 06     BMI  A:00 X:A3 Y:13 P:26 SP:FB
E84C  CA        DEX  A:00 X:A3 Y:13 P:26 SP:FB
E84D  D0 F8     BNE  A:00 X:A2 Y:13 P:A4 SP:FB
E847  2C 02 20  BIT  A:00 X:A2 Y:13 P:A4 SP:FB
E84A  30 06     BMI  A:00 X:A2 Y:13 P:26 SP:FB
E84C  CA        DEX  A:00 X:A2 Y:13 P:26 SP:FB
E84D  D0 F8     BNE  A:00 X:A1 Y:13 P:A4 SP:FB
E847  2C 02 20  BIT  A:00 X:A1 Y:13 P:A4 SP:FB
E84A  30 06     BMI  A:00 X:A1 Y:13 P:26 SP:FB
E84C  CA        DEX  A:00 X:A1 Y:13 P:26 SP:FB
E84D  D0 F8     BNE  A:00 X:A0 Y:13 P:A4 SP:FB
E847  2C 02 20  BIT  A:00 X:A0 Y:13 P:A4 SP:FB
E84A  30 06     BMI  A:00 X:A0 Y:13 P:26 SP:FB
E84C  CA        DEX  A:00 X:A0 Y:13 P:26 SP:FB
E84D  D0 F8     BNE  A:00 X:9F Y:13 P:A4 SP:FB
E847  2C 02 20  BIT  A:00 X:9F Y:13 P:A4 SP:FB
E84A  30 06     BMI  A:00 X:9F Y:13 P:26 SP:FB
E84C  CA        DEX  A:00 X:9F Y:13 P:26 SP:FB
E84D  D0 F8     BNE  A:00 X:9E Y:13 P:A4 SP:FB
E847  2C 02 20  BIT  A:00 X:9E Y:13 P:A4 SP:FB
E84A  30 06     BMI  A:00 X:9E Y:13 P:26 SP:FB
E84C  CA        DEX  A:00 X:9E Y:13 P:26 SP:FB
E84D  D0 F8     BNE  A:00 X:9D Y:13 P:A4 SP:FB
E847  2C 02 20  BIT  A:00 X:9D Y:13 P:A4 SP:FB
E84A  30 06     BMI  A:00 X:9D Y:13 P:26 SP:FB
E84C  CA        DEX  A:00 X:9D Y:13 P:26 SP:FB
E84D  D0 F8     BNE  A:00 X:9C Y:13 P:A4 SP:FB
E847  2C 02 20  BIT  A:00 X:9C Y:13 P:A4 SP:FB
E84A  30 06     BMI  A:00 X:9C Y:13 P:26 SP:FB
E84C  CA        DEX  A:00 X:9C Y:13 P:26 SP:FB
E84D  D0 F8     BNE  A:00 X:9B Y:13 P:A4 SP:FB
E847  2C 02 20  BIT  A:00 X:9B Y:13 P:A4 SP:FB
E84A  30 06     BMI  A:00 X:9B Y:13 P:26 SP:FB
E84C  CA        DEX  A:00 X:9B Y:13 P:26 SP:FB
E84D  D0 F8     BNE  A:00 X:9A Y:13 P:A4 SP:FB
E847  2C 02 20  BIT  A:00 X:9A Y:13 P:A4 SP:FB
E84A  30 06     BMI  A:00 X:9A Y:13 P:26 SP:FB
E84C  CA        DEX  A:00 X:9A Y:13 P:26 SP:FB
E84D  D0 F8     BNE  A:00 X:99 Y:13 P:A4 SP:FB
E847  2C 02 20  BIT  A:00 X:99 Y:13 P:A4 SP:FB
E84A  30 06     BMI  A:00 X:99 Y:13 P:26 SP:FB
E84C  CA        DEX  A:00 X:99 Y:13 P:26 SP:FB
E84D  D0 F8     BNE  A:00 X:98 Y:13 P:A4 SP:FB
E847  2C 02 20  BIT  A:00 X:98 Y:13 P:A4 SP:FB
E84A  30 06     BMI  A:00 X:98 Y:13 P:26 SP:FB
E84C  CA        DEX  A:00 X:98 Y:13 P:26 SP:FB
E84D  D0 F8     BNE  A:00 X:97 Y:13 P:A4 SP:FB
E847  2C 02 20  BIT  A:00 X:97 Y:13 P:A4 SP:FB
E84A  30 06     BMI  A:00 X:97 Y:13 P:26 SP:FB
E84C  CA        DEX  A:00 X:97 Y:13 P:26 SP:FB
E84D  D0 F8     BNE  A:00 X:96 Y:13 P:A4 SP:FB
E847  2C 02 20  BIT  A:00 X:96 Y:13 P:A4 SP:FB
E84A  30 06     BMI  A:00 X:96 Y:13 P:26 SP:FB
E84C  CA        DEX  A:00 X:96 Y:13 P:26 SP:FB
E84D  D0 F8     BNE  A:00 X:95 Y:13 P:A4 SP:FB
E847  2C 02 20  BIT  A:00 X:95 Y:13 P:A4 SP:FB
E84A  30 06     BMI  A:00 X:95 Y:13 P:26 SP:FB
E84C  CA        DEX  A:00 X:95 Y:13 P:26 SP:FB
E84D  D0 F8     BNE  A:00 X:94 Y:13 P:A4 SP:FB
E847  2C 02 20  BIT  A:00 X:94 Y:13 P:A4 SP:FB
E84A  30 06     BMI  A:00 X:94 Y:13 P:26 SP:FB
E84C  CA        DEX  A:00 X:94 Y:13 P:26 SP:FB
E84D  D0 F8     BNE  A:00 X:93 Y:13 P:A4 SP:FB
E847  2C 02 20  BIT  A:00 X:93 Y:13 P:A4 SP:FB
E84A  30 06     BMI  A:00 X:93 Y:13 P:26 SP:FB
E84C  CA        DEX  A:00 X:93 Y:13 P:26 SP:FB
E84D  D0 F8     BNE  A:00 X:92 Y:13 P:A4 SP:FB
E847  2C 02 20  BIT  A:00 X:92 Y:13 P:A4 SP:FB
E84A  30 06     BMI  A:00 X:92 Y:13 P:26 SP:FB
E84C  CA        DEX  A:00 X:92 Y:13 P:26 SP:FB
E84D  D0 F8     BNE  A:00 X:91 Y:13 P:A4 SP:FB
E847  2C 02 20  BIT  A:00 X:91 Y:13 P:A4 SP:FB
E84A  30 06     BMI  A:00 X:91 Y:13 P:26 SP:FB
E84C  CA        DEX  A:00 X:91 Y:13 P:26 SP:FB
E84D  D0 F8     BNE  A:00 X:90 Y:13 P:A4 SP:FB
E847  2C 02 20  BIT  A:00 X:90 Y:13 P:A4 SP:FB
E84A  30 06     BMI  A:00 X:90 Y:13 P:26 SP:FB
E84C  CA        DEX  A:00 X:90 Y:13 P:26 SP:FB
E84D  D0 F8     BNE  A:00 X:8F Y:13 P:A4 SP:FB
E847  2C 02 20  BIT  A:00 X:8F Y:13 P:A4 SP:FB
E84A  30 06     BMI  A:00 X:8F Y:13 P:26 SP:FB
E84C  CA        DEX  A:00 X:8F Y:13 P:26 SP:FB
E84D  D0 F8     BNE  A:00 X:8E Y:13 P:A4 SP:FB
E847  2C 02 20  BIT  A:00 X:8E Y:13 P:A4 SP:FB
E84A  30 06     BMI  A:00 X:8E Y:13 P:26 SP:FB
E84C  CA        DEX  A:00 X:8E Y:13 P:26 SP:FB
E84D  D0 F8     BNE  A:00 X:8D Y:13 P:A4 SP:FB
E847  2C 02 20  BIT  A:00 X:8D Y:13 P:A4 SP:FB
E84A  30 06     BMI  A:00 X:8D Y:13 P:26 SP:FB
E84C  CA        DEX  A:00 X:8D Y:13 P:26 SP:FB
E84D  D0 F8     BNE  A:00 X:8C Y:13 P:A4 SP:FB
E847  2C 02 20  BIT  A:00 X:8C Y:13 P:A4 SP:FB
E84A  30 06     BMI  A:00 X:8C Y:13 P:26 SP:FB
E84C  CA        DEX  A:00 X:8C Y:13 P:26 SP:FB
E84D  D0 F8     BNE  A:00 X:8B Y:13 P:A4 SP:FB
E847  2C 02 20  BIT  A:00 X:8B Y:13 P:A4 SP:FB
E84A  30 06     BMI  A:00 X:8B Y:13 P:26 SP:FB
E84C  CA        DEX  A:00 X:8B Y:13 P:26 SP:FB
E84D  D0 F8     BNE  A:00 X:8A Y:13 P:A4 SP:FB
E847  2C 02 20  BIT  A:00 X:8A Y:13 P:A4 SP:FB
E84A  30 06     BMI  A:00 X:8A Y:13 P:26 SP:FB
E84C  CA        DEX  A:00 X:8A Y:13 P:26 SP:FB
E84D  D0 F8     BNE  A:00 X:89 Y:13 P:A4 SP:FB
E847  2C 02 20  BIT  A:00 X:89 Y:13 P:A4 SP:FB
E84A  30 06     BMI  A:00 X:89 Y:13 P:26 SP:FB
E84C  CA        DEX  A:00 X:89 Y:13 P:26 SP:FB
E84D  D0 F8     BNE  A:00 X:88 Y:13 P:A4 SP:FB
E847  2C 02 20  BIT  A:00 X:88 Y:13 P:A4 SP:FB
E84A  30 06     BMI  A:00 X:88 Y:13 P:26 SP:FB
E84C  CA        DEX  A:00 X:88 Y:13 P:26 SP:FB
E84D  D0 F8     BNE  A:00 X:87 Y:13 P:A4 SP:FB
E847  2C 02 20  BIT  A:00 X:87 Y:13 P:A4 SP:FB
E84A  30 06     BMI  A:00 X:87 Y:13 P:26 SP:FB
E84C  CA        DEX  A:00 X:87 Y:13 P:26 SP:FB
E84D  D0 F8     BNE  A:00 X:86 Y:13 P:A4 SP:FB
E847  2C 02 20  BIT  A:00 X:86 Y:13 P:A4 SP:FB
E84A  30 06     BMI  A:00 X:86 Y:13 P:26 SP:FB
E84C  CA        DEX  A:00 X:86 Y:13 P:26 SP:FB
E84D  D0 F8     BNE  A:00 X:85 Y:13 P:A4 SP:FB
E847  2C 02 20  BIT  A:00 X:85 Y:13 P:A4 SP:FB
E84A  30 06     BMI  A:00 X:85 Y:13 P:26 SP:FB
E84C  CA        DEX  A:00 X:85 Y:13 P:26 SP:FB
E84D  D0 F8     BNE  A:00 X:84 Y:13 P:A4 SP:FB
E847  2C 02 20  BIT  A:00 X:84 Y:13 P:A4 SP:FB
E84A  30 06     BMI  A:00 X:84 Y:13 P:26 SP:FB
E84C  CA        DEX  A:00 X:84 Y:13 P:26 SP:FB
E84D  D0 F8     BNE  A:00 X:83 Y:13 P:A4 SP:FB
E847  2C 02 20  BIT  A:00 X:83 Y:13 P:A4 SP:FB
E84A  30 06     BMI  A:00 X:83 Y:13 P:26 SP:FB
E84C  CA        DEX  A:00 X:83 Y:13 P:26 SP:FB
E84D  D0 F8     BNE  A:00 X:82 Y:13 P:A4 SP:FB
E847  2C 02 20  BIT  A:00 X:82 Y:13 P:A4 SP:FB
E84A  30 06     BMI  A:00 X:82 Y:13 P:26 SP:FB
E84C  CA        DEX  A:00 X:82 Y:13 P:26 SP:FB
E84D  D0 F8     BNE  A:00 X:81 Y:13 P:A4 SP:FB
E847  2C 02 20  BIT  A:00 X:81 Y:13 P:A4 SP:FB
E84A  30 06     BMI  A:00 X:81 Y:13 P:26 SP:FB
E84C  CA        DEX  A:00 X:81 Y:13 P:26 SP:FB
E84D  D0 F8     BNE  A:00 X:80 Y:13 P:A4 SP:FB
E847  2C 02 20  BIT  A:00 X:80 Y:13 P:A4 SP:FB
E84A  30 06     BMI  A:00 X:80 Y:13 P:26 SP:FB
E84C  CA        DEX  A:00 X:80 Y:13 P:26 SP:FB
E84D  D0 F8     BNE  A:00 X:7F Y:13 P:24 SP:FB
E847  2C 02 20  BIT  A:00 X:7F Y:13 P:24 SP:FB
E84A  30 06     BMI  A:00 X:7F Y:13 P:26 SP:FB
E84C  CA        DEX  A:00 X:7F Y:13 P:26 SP:FB
E84D  D0 F8     BNE  A:00 X:7E Y:13 P:24 SP:FB
E847  2C 02 20  BIT  A:00 X:7E Y:13 P:24 SP:FB
E84A  30 06     BMI  A:00 X:7E Y:13 P:26 SP:FB
E84C  CA        DEX  A:00 X:7E Y:13 P:26 SP:FB
E84D  D0 F8     BNE  A:00 X:7D Y:13 P:24 SP:FB
E847  2C 02 20  BIT  A:00 X:7D Y:13 P:24 SP:FB
E84A  30 06     BMI  A:00 X:7D Y:13 P:26 SP:FB
E84C  CA        DEX  A:00 X:7D Y:13 P:26 SP:FB
E84D  D0 F8     BNE  A:00 X:7C Y:13 P:24 SP:FB
E847  2C 02 20  BIT  A:00 X:7C Y:13 P:24 SP:FB
E84A  30 06     BMI  A:00 X:7C Y:13 P:26 SP:FB
E84C  CA        DEX  A:00 X:7C Y:13 P:26 SP:FB
E84D  D0 F8     BNE  A:00 X:7B Y:13 P:24 SP:FB
E847  2C 02 20  BIT  A:00 X:7B Y:13 P:24 SP:FB
E84A  30 06     BMI  A:00 X:7B Y:13 P:26 SP:FB
E84C  CA        DEX  A:00 X:7B Y:13 P:26 SP:FB
E84D  D0 F8     BNE  A:00 X:7A Y:13 P:24 SP:FB
E847  2C 02 20  BIT  A:00 X:7A Y:13 P:24 SP:FB
E84A  30 06     BMI  A:00 X:7A Y:13 P:26 SP:FB
E84C  CA        DEX  A:00 X:7A Y:13 P:26 SP:FB
E84D  D0 F8     BNE  A:00 X:79 Y:13 P:24 SP:FB
E847  2C 02 20  BIT  A:00 X:79 Y:13 P:24 SP:FB
E84A  30 06     BMI  A:00 X:79 Y:13 P:26 SP:FB
E84C  CA        DEX  A:00 X:79 Y:13 P:26 SP:FB
E84D  D0 F8     BNE  A:00 X:78 Y:13 P:24 SP:FB
E847  2C 02 20  BIT  A:00 X:78 Y:13 P:24 SP:FB
E84A  30 06     BMI  A:00 X:78 Y:13 P:26 SP:FB
E84C  CA        DEX  A:00 X:78 Y:13 P:26 SP:FB
E84D  D0 F8     BNE  A:00 X:77 Y:13 P:24 SP:FB
E847  2C 02 20  BIT  A:00 X:77 Y:13 P:24 SP:FB
E84A  30 06     BMI  A:00 X:77 Y:13 P:26 SP:FB
E84C  CA        DEX  A:00 X:77 Y:13 P:26 SP:FB
E84D  D0 F8     BNE  A:00 X:76 Y:13 P:24 SP:FB
E847  2C 02 20  BIT  A:00 X:76 Y:13 P:24 SP:FB
E84A  30 06     BMI  A:00 X:76 Y:13 P:26 SP:FB
E84C  CA        DEX  A:00 X:76 Y:13 P:26 SP:FB
E84D  D0 F8     BNE  A:00 X:75 Y:13 P:24 SP:FB
E847  2C 02 20  BIT  A:00 X:75 Y:13 P:24 SP:FB
E84A  30 06     BMI  A:00 X:75 Y:13 P:26 SP:FB
E84C  CA        DEX  A:00 X:75 Y:13 P:26 SP:FB
E84D  D0 F8     BNE  A:00 X:74 Y:13 P:24 SP:FB
E847  2C 02 20  BIT  A:00 X:74 Y:13 P:24 SP:FB
E84A  30 06     BMI  A:00 X:74 Y:13 P:26 SP:FB
E84C  CA        DEX  A:00 X:74 Y:13 P:26 SP:FB
E84D  D0 F8     BNE  A:00 X:73 Y:13 P:24 SP:FB
E847  2C 02 20  BIT  A:00 X:73 Y:13 P:24 SP:FB
E84A  30 06     BMI  A:00 X:73 Y:13 P:26 SP:FB
E84C  CA        DEX  A:00 X:73 Y:13 P:26 SP:FB
E84D  D0 F8     BNE  A:00 X:72 Y:13 P:24 SP:FB
E847  2C 02 20  BIT  A:00 X:72 Y:13 P:24 SP:FB
E84A  30 06     BMI  A:00 X:72 Y:13 P:26 SP:FB
E84C  CA        DEX  A:00 X:72 Y:13 P:26 SP:FB
E84D  D0 F8     BNE  A:00 X:71 Y:13 P:24 SP:FB
E847  2C 02 20  BIT  A:00 X:71 Y:13 P:24 SP:FB
E84A  30 06     BMI  A:00 X:71 Y:13 P:26 SP:FB
E84C  CA        DEX  A:00 X:71 Y:13 P:26 SP:FB
E84D  D0 F8     BNE  A:00 X:70 Y:13 P:24 SP:FB
E847  2C 02 20  BIT  A:00 X:70 Y:13 P:24 SP:FB
E84A  30 06     BMI  A:00 X:70 Y:13 P:26 SP:FB
E84C  CA        DEX  A:00 X:70 Y:13 P:26 SP:FB
E84D  D0 F8     BNE  A:00 X:6F Y:13 P:24 SP:FB
E847  2C 02 20  BIT  A:00 X:6F Y:13 P:24 SP:FB
E84A  30 06     BMI  A:00 X:6F Y:13 P:26 SP:FB
E84C  CA        DEX  A:00 X:6F Y:13 P:26 SP:FB
E84D  D0 F8     BNE  A:00 X:6E Y:13 P:24 SP:FB
E847  2C 02 20  BIT  A:00 X:6E Y:13 P:24 SP:FB
E84A  30 06     BMI  A:00 X:6E Y:13 P:26 SP:FB
E84C  CA        DEX  A:00 X:6E Y:13 P:26 SP:FB
E84D  D0 F8     BNE  A:00 X:6D Y:13 P:24 SP:FB
E847  2C 02 20  BIT  A:00 X:6D Y:13 P:24 SP:FB
E84A  30 06     BMI  A:00 X:6D Y:13 P:26 SP:FB
E84C  CA        DEX  A:00 X:6D Y:13 P:26 SP:FB
E84D  D0 F8     BNE  A:00 X:6C Y:13 P:24 SP:FB
E847  2C 02 20  BIT  A:00 X:6C Y:13 P:24 SP:FB
E84A  30 06     BMI  A:00 X:6C Y:13 P:26 SP:FB
E84C  CA        DEX  A:00 X:6C Y:13 P:26 SP:FB
E84D  D0 F8     BNE  A:00 X:6B Y:13 P:24 SP:FB
E847  2C 02 20  BIT  A:00 X:6B Y:13 P:24 SP:FB
E84A  30 06     BMI  A:00 X:6B Y:13 P:26 SP:FB
E84C  CA        DEX  A:00 X:6B Y:13 P:26 SP:FB
E84D  D0 F8     BNE  A:00 X:6A Y:13 P:24 SP:FB
E847  2C 02 20  BIT  A:00 X:6A Y:13 P:24 SP:FB
E84A  30 06     BMI  A:00 X:6A Y:13 P:26 SP:FB
E84C  CA        DEX  A:00 X:6A Y:13 P:26 SP:FB
E84D  D0 F8     BNE  A:00 X:69 Y:13 P:24 SP:FB
E847  2C 02 20  BIT  A:00 X:69 Y:13 P:24 SP:FB
E84A  30 06     BMI  A:00 X:69 Y:13 P:26 SP:FB
E84C  CA        DEX  A:00 X:69 Y:13 P:26 SP:FB
E84D  D0 F8     BNE  A:00 X:68 Y:13 P:24 SP:FB
E847  2C 02 20  BIT  A:00 X:68 Y:13 P:24 SP:FB
E84A  30 06     BMI  A:00 X:68 Y:13 P:26 SP:FB
E84C  CA        DEX  A:00 X:68 Y:13 P:26 SP:FB
E84D  D0 F8     BNE  A:00 X:67 Y:13 P:24 SP:FB
E847  2C 02 20  BIT  A:00 X:67 Y:13 P:24 SP:FB
E84A  30 06     BMI  A:00 X:67 Y:13 P:26 SP:FB
E84C  CA        DEX  A:00 X:67 Y:13 P:26 SP:FB
E84D  D0 F8     BNE  A:00 X:66 Y:13 P:24 SP:FB
E847  2C 02 20  BIT  A:00 X:66 Y:13 P:24 SP:FB
E84A  30 06     BMI  A:00 X:66 Y:13 P:26 SP:FB
E84C  CA        DEX  A:00 X:66 Y:13 P:26 SP:FB
E84D  D0 F8     BNE  A:00 X:65 Y:13 P:24 SP:FB
E847  2C 02 20  BIT  A:00 X:65 Y:13 P:24 SP:FB
E84A  30 06     BMI  A:00 X:65 Y:13 P:26 SP:FB
E84C  CA        DEX  A:00 X:65 Y:13 P:26 SP:FB
E84D  D0 F8     BNE  A:00 X:64 Y:13 P:24 SP:FB
E847  2C 02 20  BIT  A:00 X:64 Y:13 P:24 SP:FB
E84A  30 06     BMI  A:00 X:64 Y:13 P:26 SP:FB
E84C  CA        DEX  A:00 X:64 Y:13 P:26 SP:FB
E84D  D0 F8     BNE  A:00 X:63 Y:13 P:24 SP:FB
E847  2C 02 20  BIT  A:00 X:63 Y:13 P:24 SP:FB
E84A  30 06     BMI  A:00 X:63 Y:13 P:26 SP:FB
E84C  CA        DEX  A:00 X:63 Y:13 P:26 SP:FB
E84D  D0 F8     BNE  A:00 X:62 Y:13 P:24 SP:FB
E847  2C 02 20  BIT  A:00 X:62 Y:13 P:24 SP:FB
E84A  30 06     BMI  A:00 X:62 Y:13 P:26 SP:FB
E84C  CA        DEX  A:00 X:62 Y:13 P:26 SP:FB
E84D  D0 F8     BNE  A:00 X:61 Y:13 P:24 SP:FB
E847  2C 02 20  BIT  A:00 X:61 Y:13 P:24 SP:FB
E84A  30 06     BMI  A:00 X:61 Y:13 P:26 SP:FB
E84C  CA        DEX  A:00 X:61 Y:13 P:26 SP:FB
E84D  D0 F8     BNE  A:00 X:60 Y:13 P:24 SP:FB
E847  2C 02 20  BIT  A:00 X:60 Y:13 P:24 SP:FB
E84A  30 06     BMI  A:00 X:60 Y:13 P:26 SP:FB
E84C  CA        DEX  A:00 X:60 Y:13 P:26 SP:FB
E84D  D0 F8     BNE  A:00 X:5F Y:13 P:24 SP:FB
E847  2C 02 20  BIT  A:00 X:5F Y:13 P:24 SP:FB
E84A  30 06     BMI  A:00 X:5F Y:13 P:26 SP:FB
E84C  CA        DEX  A:00 X:5F Y:13 P:26 SP:FB
E84D  D0 F8     BNE  A:00 X:5E Y:13 P:24 SP:FB
E847  2C 02 20  BIT  A:00 X:5E Y:13 P:24 SP:FB
E84A  30 06     BMI  A:00 X:5E Y:13 P:26 SP:FB
E84C  CA        DEX  A:00 X:5E Y:13 P:26 SP:FB
E84D  D0 F8     BNE  A:00 X:5D Y:13 P:24 SP:FB
E847  2C 02 20  BIT  A:00 X:5D Y:13 P:24 SP:FB
E84A  30 06     BMI  A:00 X:5D Y:13 P:26 SP:FB
E84C  CA        DEX  A:00 X:5D Y:13 P:26 SP:FB
E84D  D0 F8     BNE  A:00 X:5C Y:13 P:24 SP:FB
E847  2C 02 20  BIT  A:00 X:5C Y:13 P:24 SP:FB
E84A  30 06     BMI  A:00 X:5C Y:13 P:26 SP:FB
E84C  CA        DEX  A:00 X:5C Y:13 P:26 SP:FB
E84D  D0 F8     BNE  A:00 X:5B Y:13 P:24 SP:FB
E847  2C 02 20  BIT  A:00 X:5B Y:13 P:24 SP:FB
E84A  30 06     BMI  A:00 X:5B Y:13 P:26 SP:FB
E84C  CA        DEX  A:00 X:5B Y:13 P:26 SP:FB
E84D  D0 F8     BNE  A:00 X:5A Y:13 P:24 SP:FB
E847  2C 02 20  BIT  A:00 X:5A Y:13 P:24 SP:FB
E84A  30 06     BMI  A:00 X:5A Y:13 P:26 SP:FB
E84C  CA        DEX  A:00 X:5A Y:13 P:26 SP:FB
E84D  D0 F8     BNE  A:00 X:59 Y:13 P:24 SP:FB
E847  2C 02 20  BIT  A:00 X:59 Y:13 P:24 SP:FB
E84A  30 06     BMI  A:00 X:59 Y:13 P:26 SP:FB
E84C  CA        DEX  A:00 X:59 Y:13 P:26 SP:FB
E84D  D0 F8     BNE  A:00 X:58 Y:13 P:24 SP:FB
E847  2C 02 20  BIT  A:00 X:58 Y:13 P:24 SP:FB
E84A  30 06     BMI  A:00 X:58 Y:13 P:26 SP:FB
E84C  CA        DEX  A:00 X:58 Y:13 P:26 SP:FB
E84D  D0 F8     BNE  A:00 X:57 Y:13 P:24 SP:FB
E847  2C 02 20  BIT  A:00 X:57 Y:13 P:24 SP:FB
E84A  30 06     BMI  A:00 X:57 Y:13 P:26 SP:FB
E84C  CA        DEX  A:00 X:57 Y:13 P:26 SP:FB
E84D  D0 F8     BNE  A:00 X:56 Y:13 P:24 SP:FB
E847  2C 02 20  BIT  A:00 X:56 Y:13 P:24 SP:FB
E84A  30 06     BMI  A:00 X:56 Y:13 P:26 SP:FB
E84C  CA        DEX  A:00 X:56 Y:13 P:26 SP:FB
E84D  D0 F8     BNE  A:00 X:55 Y:13 P:24 SP:FB
E847  2C 02 20  BIT  A:00 X:55 Y:13 P:24 SP:FB
E84A  30 06     BMI  A:00 X:55 Y:13 P:26 SP:FB
E84C  CA        DEX  A:00 X:55 Y:13 P:26 SP:FB
E84D  D0 F8     BNE  A:00 X:54 Y:13 P:24 SP:FB
E847  2C 02 20  BIT  A:00 X:54 Y:13 P:24 SP:FB
E84A  30 06     BMI  A:00 X:54 Y:13 P:26 SP:FB
E84C  CA        DEX  A:00 X:54 Y:13 P:26 SP:FB
E84D  D0 F8     BNE  A:00 X:53 Y:13 P:24 SP:FB
E847  2C 02 20  BIT  A:00 X:53 Y:13 P:24 SP:FB
E84A  30 06     BMI  A:00 X:53 Y:13 P:26 SP:FB
E84C  CA        DEX  A:00 X:53 Y:13 P:26 SP:FB
E84D  D0 F8     BNE  A:00 X:52 Y:13 P:24 SP:FB
E847  2C 02 20  BIT  A:00 X:52 Y:13 P:24 SP:FB
E84A  30 06     BMI  A:00 X:52 Y:13 P:26 SP:FB
E84C  CA        DEX  A:00 X:52 Y:13 P:26 SP:FB
E84D  D0 F8     BNE  A:00 X:51 Y:13 P:24 SP:FB
E847  2C 02 20  BIT  A:00 X:51 Y:13 P:24 SP:FB
E84A  30 06     BMI  A:00 X:51 Y:13 P:26 SP:FB
E84C  CA        DEX  A:00 X:51 Y:13 P:26 SP:FB
E84D  D0 F8     BNE  A:00 X:50 Y:13 P:24 SP:FB
E847  2C 02 20  BIT  A:00 X:50 Y:13 P:24 SP:FB
E84A  30 06     BMI  A:00 X:50 Y:13 P:26 SP:FB
E84C  CA        DEX  A:00 X:50 Y:13 P:26 SP:FB
E84D  D0 F8     BNE  A:00 X:4F Y:13 P:24 SP:FB
E847  2C 02 20  BIT  A:00 X:4F Y:13 P:24 SP:FB
E84A  30 06     BMI  A:00 X:4F Y:13 P:26 SP:FB
E84C  CA        DEX  A:00 X:4F Y:13 P:26 SP:FB
E84D  D0 F8     BNE  A:00 X:4E Y:13 P:24 SP:FB
E847  2C 02 20  BIT  A:00 X:4E Y:13 P:24 SP:FB
E84A  30 06     BMI  A:00 X:4E Y:13 P:26 SP:FB
E84C  CA        DEX  A:00 X:4E Y:13 P:26 SP:FB
E84D  D0 F8     BNE  A:00 X:4D Y:13 P:24 SP:FB
E847  2C 02 20  BIT  A:00 X:4D Y:13 P:24 SP:FB
E84A  30 06     BMI  A:00 X:4D Y:13 P:26 SP:FB
E84C  CA        DEX  A:00 X:4D Y:13 P:26 SP:FB
E84D  D0 F8     BNE  A:00 X:4C Y:13 P:24 SP:FB
E847  2C 02 20  BIT  A:00 X:4C Y:13 P:24 SP:FB
E84A  30 06     BMI  A:00 X:4C Y:13 P:26 SP:FB
E84C  CA        DEX  A:00 X:4C Y:13 P:26 SP:FB
E84D  D0 F8     BNE  A:00 X:4B Y:13 P:24 SP:FB
E847  2C 02 20  BIT  A:00 X:4B Y:13 P:24 SP:FB
E84A  30 06     BMI  A:00 X:4B Y:13 P:26 SP:FB
E84C  CA        DEX  A:00 X:4B Y:13 P:26 SP:FB
E84D  D0 F8     BNE  A:00 X:4A Y:13 P:24 SP:FB
E847  2C 02 20  BIT  A:00 X:4A Y:13 P:24 SP:FB
E84A  30 06     BMI  A:00 X:4A Y:13 P:26 SP:FB
E84C  CA        DEX  A:00 X:4A Y:13 P:26 SP:FB
E84D  D0 F8     BNE  A:00 X:49 Y:13 P:24 SP:FB
E847  2C 02 20  BIT  A:00 X:49 Y:13 P:24 SP:FB
E84A  30 06     BMI  A:00 X:49 Y:13 P:26 SP:FB
E84C  CA        DEX  A:00 X:49 Y:13 P:26 SP:FB
E84D  D0 F8     BNE  A:00 X:48 Y:13 P:24 SP:FB
E847  2C 02 20  BIT  A:00 X:48 Y:13 P:24 SP:FB
E84A  30 06     BMI  A:00 X:48 Y:13 P:26 SP:FB
E84C  CA        DEX  A:00 X:48 Y:13 P:26 SP:FB
E84D  D0 F8     BNE  A:00 X:47 Y:13 P:24 SP:FB
E847  2C 02 20  BIT  A:00 X:47 Y:13 P:24 SP:FB
E84A  30 06     BMI  A:00 X:47 Y:13 P:26 SP:FB
E84C  CA        DEX  A:00 X:47 Y:13 P:26 SP:FB
E84D  D0 F8     BNE  A:00 X:46 Y:13 P:24 SP:FB
E847  2C 02 20  BIT  A:00 X:46 Y:13 P:24 SP:FB
E84A  30 06     BMI  A:00 X:46 Y:13 P:26 SP:FB
E84C  CA        DEX  A:00 X:46 Y:13 P:26 SP:FB
E84D  D0 F8     BNE  A:00 X:45 Y:13 P:24 SP:FB
E847  2C 02 20  BIT  A:00 X:45 Y:13 P:24 SP:FB
E84A  30 06     BMI  A:00 X:45 Y:13 P:26 SP:FB
E84C  CA        DEX  A:00 X:45 Y:13 P:26 SP:FB
E84D  D0 F8     BNE  A:00 X:44 Y:13 P:24 SP:FB
E847  2C 02 20  BIT  A:00 X:44 Y:13 P:24 SP:FB
E84A  30 06     BMI  A:00 X:44 Y:13 P:26 SP:FB
E84C  CA        DEX  A:00 X:44 Y:13 P:26 SP:FB
E84D  D0 F8     BNE  A:00 X:43 Y:13 P:24 SP:FB
E847  2C 02 20  BIT  A:00 X:43 Y:13 P:24 SP:FB
E84A  30 06     BMI  A:00 X:43 Y:13 P:26 SP:FB
E84C  CA        DEX  A:00 X:43 Y:13 P:26 SP:FB
E84D  D0 F8     BNE  A:00 X:42 Y:13 P:24 SP:FB
E847  2C 02 20  BIT  A:00 X:42 Y:13 P:24 SP:FB
E84A  30 06     BMI  A:00 X:42 Y:13 P:26 SP:FB
E84C  CA        DEX  A:00 X:42 Y:13 P:26 SP:FB
E84D  D0 F8     BNE  A:00 X:41 Y:13 P:24 SP:FB
E847  2C 02 20  BIT  A:00 X:41 Y:13 P:24 SP:FB
E84A  30 06     BMI  A:00 X:41 Y:13 P:26 SP:FB
E84C  CA        DEX  A:00 X:41 Y:13 P:26 SP:FB
E84D  D0 F8     BNE  A:00 X:40 Y:13 P:24 SP:FB
E847  2C 02 20  BIT  A:00 X:40 Y:13 P:24 SP:FB
E84A  30 06     BMI  A:00 X:40 Y:13 P:26 SP:FB
E84C  CA        DEX  A:00 X:40 Y:13 P:26 SP:FB
E84D  D0 F8     BNE  A:00 X:3F Y:13 P:24 SP:FB
E847  2C 02 20  BIT  A:00 X:3F Y:13 P:24 SP:FB
E84A  30 06     BMI  A:00 X:3F Y:13 P:26 SP:FB
E84C  CA        DEX  A:00 X:3F Y:13 P:26 SP:FB
E84D  D0 F8     BNE  A:00 X:3E Y:13 P:24 SP:FB
E847  2C 02 20  BIT  A:00 X:3E Y:13 P:24 SP:FB
E84A  30 06     BMI  A:00 X:3E Y:13 P:26 SP:FB
E84C  CA        DEX  A:00 X:3E Y:13 P:26 SP:FB
E84D  D0 F8     BNE  A:00 X:3D Y:13 P:24 SP:FB
E847  2C 02 20  BIT  A:00 X:3D Y:13 P:24 SP:FB
E84A  30 06     BMI  A:00 X:3D Y:13 P:26 SP:FB
E84C  CA        DEX  A:00 X:3D Y:13 P:26 SP:FB
E84D  D0 F8     BNE  A:00 X:3C Y:13 P:24 SP:FB
E847  2C 02 20  BIT  A:00 X:3C Y:13 P:24 SP:FB
E84A  30 06     BMI  A:00 X:3C Y:13 P:26 SP:FB
E84C  CA        DEX  A:00 X:3C Y:13 P:26 SP:FB
E84D  D0 F8     BNE  A:00 X:3B Y:13 P:24 SP:FB
E847  2C 02 20  BIT  A:00 X:3B Y:13 P:24 SP:FB
E84A  30 06     BMI  A:00 X:3B Y:13 P:26 SP:FB
E84C  CA        DEX  A:00 X:3B Y:13 P:26 SP:FB
E84D  D0 F8     BNE  A:00 X:3A Y:13 P:24 SP:FB
E847  2C 02 20  BIT  A:00 X:3A Y:13 P:24 SP:FB
E84A  30 06     BMI  A:00 X:3A Y:13 P:26 SP:FB
E84C  CA        DEX  A:00 X:3A Y:13 P:26 SP:FB
E84D  D0 F8     BNE  A:00 X:39 Y:13 P:24 SP:FB
E847  2C 02 20  BIT  A:00 X:39 Y:13 P:24 SP:FB
E84A  30 06     BMI  A:00 X:39 Y:13 P:26 SP:FB
E84C  CA        DEX  A:00 X:39 Y:13 P:26 SP:FB
E84D  D0 F8     BNE  A:00 X:38 Y:13 P:24 SP:FB
E847  2C 02 20  BIT  A:00 X:38 Y:13 P:24 SP:FB
E84A  30 06     BMI  A:00 X:38 Y:13 P:26 SP:FB
E84C  CA        DEX  A:00 X:38 Y:13 P:26 SP:FB
E84D  D0 F8     BNE  A:00 X:37 Y:13 P:24 SP:FB
E847  2C 02 20  BIT  A:00 X:37 Y:13 P:24 SP:FB
E84A  30 06     BMI  A:00 X:37 Y:13 P:26 SP:FB
E84C  CA        DEX  A:00 X:37 Y:13 P:26 SP:FB
E84D  D0 F8     BNE  A:00 X:36 Y:13 P:24 SP:FB
E847  2C 02 20  BIT  A:00 X:36 Y:13 P:24 SP:FB
E84A  30 06     BMI  A:00 X:36 Y:13 P:26 SP:FB
E84C  CA        DEX  A:00 X:36 Y:13 P:26 SP:FB
E84D  D0 F8     BNE  A:00 X:35 Y:13 P:24 SP:FB
E847  2C 02 20  BIT  A:00 X:35 Y:13 P:24 SP:FB
E84A  30 06     BMI  A:00 X:35 Y:13 P:26 SP:FB
E84C  CA        DEX  A:00 X:35 Y:13 P:26 SP:FB
E84D  D0 F8     BNE  A:00 X:34 Y:13 P:24 SP:FB
E847  2C 02 20  BIT  A:00 X:34 Y:13 P:24 SP:FB
E84A  30 06     BMI  A:00 X:34 Y:13 P:26 SP:FB
E84C  CA        DEX  A:00 X:34 Y:13 P:26 SP:FB
E84D  D0 F8     BNE  A:00 X:33 Y:13 P:24 SP:FB
E847  2C 02 20  BIT  A:00 X:33 Y:13 P:24 SP:FB
E84A  30 06     BMI  A:00 X:33 Y:13 P:26 SP:FB
E84C  CA        DEX  A:00 X:33 Y:13 P:26 SP:FB
E84D  D0 F8     BNE  A:00 X:32 Y:13 P:24 SP:FB
E847  2C 02 20  BIT  A:00 X:32 Y:13 P:24 SP:FB
E84A  30 06     BMI  A:00 X:32 Y:13 P:26 SP:FB
E84C  CA        DEX  A:00 X:32 Y:13 P:26 SP:FB
E84D  D0 F8     BNE  A:00 X:31 Y:13 P:24 SP:FB
E847  2C 02 20  BIT  A:00 X:31 Y:13 P:24 SP:FB
E84A  30 06     BMI  A:00 X:31 Y:13 P:26 SP:FB
E84C  CA        DEX  A:00 X:31 Y:13 P:26 SP:FB
E84D  D0 F8     BNE  A:00 X:30 Y:13 P:24 SP:FB
E847  2C 02 20  BIT  A:00 X:30 Y:13 P:24 SP:FB
E84A  30 06     BMI  A:00 X:30 Y:13 P:26 SP:FB
E84C  CA        DEX  A:00 X:30 Y:13 P:26 SP:FB
E84D  D0 F8     BNE  A:00 X:2F Y:13 P:24 SP:FB
E847  2C 02 20  BIT  A:00 X:2F Y:13 P:24 SP:FB
E84A  30 06     BMI  A:00 X:2F Y:13 P:26 SP:FB
E84C  CA        DEX  A:00 X:2F Y:13 P:26 SP:FB
E84D  D0 F8     BNE  A:00 X:2E Y:13 P:24 SP:FB
E847  2C 02 20  BIT  A:00 X:2E Y:13 P:24 SP:FB
E84A  30 06     BMI  A:00 X:2E Y:13 P:26 SP:FB
E84C  CA        DEX  A:00 X:2E Y:13 P:26 SP:FB
E84D  D0 F8     BNE  A:00 X:2D Y:13 P:24 SP:FB
E847  2C 02 20  BIT  A:00 X:2D Y:13 P:24 SP:FB
E84A  30 06     BMI  A:00 X:2D Y:13 P:26 SP:FB
E84C  CA        DEX  A:00 X:2D Y:13 P:26 SP:FB
E84D  D0 F8     BNE  A:00 X:2C Y:13 P:24 SP:FB
E847  2C 02 20  BIT  A:00 X:2C Y:13 P:24 SP:FB
E84A  30 06     BMI  A:00 X:2C Y:13 P:26 SP:FB
E84C  CA        DEX  A:00 X:2C Y:13 P:26 SP:FB
E84D  D0 F8     BNE  A:00 X:2B Y:13 P:24 SP:FB
E847  2C 02 20  BIT  A:00 X:2B Y:13 P:24 SP:FB
E84A  30 06     BMI  A:00 X:2B Y:13 P:26 SP:FB
E84C  CA        DEX  A:00 X:2B Y:13 P:26 SP:FB
E84D  D0 F8     BNE  A:00 X:2A Y:13 P:24 SP:FB
E847  2C 02 20  BIT  A:00 X:2A Y:13 P:24 SP:FB
E84A  30 06     BMI  A:00 X:2A Y:13 P:26 SP:FB
E84C  CA        DEX  A:00 X:2A Y:13 P:26 SP:FB
E84D  D0 F8     BNE  A:00 X:29 Y:13 P:24 SP:FB
E847  2C 02 20  BIT  A:00 X:29 Y:13 P:24 SP:FB
E84A  30 06     BMI  A:00 X:29 Y:13 P:26 SP:FB
E84C  CA        DEX  A:00 X:29 Y:13 P:26 SP:FB
E84D  D0 F8     BNE  A:00 X:28 Y:13 P:24 SP:FB
E847  2C 02 20  BIT  A:00 X:28 Y:13 P:24 SP:FB
E84A  30 06     BMI  A:00 X:28 Y:13 P:26 SP:FB
E84C  CA        DEX  A:00 X:28 Y:13 P:26 SP:FB
E84D  D0 F8     BNE  A:00 X:27 Y:13 P:24 SP:FB
E847  2C 02 20  BIT  A:00 X:27 Y:13 P:24 SP:FB
E84A  30 06     BMI  A:00 X:27 Y:13 P:26 SP:FB
E84C  CA        DEX  A:00 X:27 Y:13 P:26 SP:FB
E84D  D0 F8     BNE  A:00 X:26 Y:13 P:24 SP:FB
E847  2C 02 20  BIT  A:00 X:26 Y:13 P:24 SP:FB
E84A  30 06     BMI  A:00 X:26 Y:13 P:26 SP:FB
E84C  CA        DEX  A:00 X:26 Y:13 P:26 SP:FB
E84D  D0 F8     BNE  A:00 X:25 Y:13 P:24 SP:FB
E847  2C 02 20  BIT  A:00 X:25 Y:13 P:24 SP:FB
E84A  30 06     BMI  A:00 X:25 Y:13 P:26 SP:FB
E84C  CA        DEX  A:00 X:25 Y:13 P:26 SP:FB
E84D  D0 F8     BNE  A:00 X:24 Y:13 P:24 SP:FB
E847  2C 02 20  BIT  A:00 X:24 Y:13 P:24 SP:FB
E84A  30 06     BMI  A:00 X:24 Y:13 P:26 SP:FB
E84C  CA        DEX  A:00 X:24 Y:13 P:26 SP:FB
E84D  D0 F8     BNE  A:00 X:23 Y:13 P:24 SP:FB
E847  2C 02 20  BIT  A:00 X:23 Y:13 P:24 SP:FB
E84A  30 06     BMI  A:00 X:23 Y:13 P:26 SP:FB
E84C  CA        DEX  A:00 X:23 Y:13 P:26 SP:FB
E84D  D0 F8     BNE  A:00 X:22 Y:13 P:24 SP:FB
E847  2C 02 20  BIT  A:00 X:22 Y:13 P:24 SP:FB
E84A  30 06     BMI  A:00 X:22 Y:13 P:26 SP:FB
E84C  CA        DEX  A:00 X:22 Y:13 P:26 SP:FB
E84D  D0 F8     BNE  A:00 X:21 Y:13 P:24 SP:FB
E847  2C 02 20  BIT  A:00 X:21 Y:13 P:24 SP:FB
E84A  30 06     BMI  A:00 X:21 Y:13 P:26 SP:FB
E84C  CA        DEX  A:00 X:21 Y:13 P:26 SP:FB
E84D  D0 F8     BNE  A:00 X:20 Y:13 P:24 SP:FB
E847  2C 02 20  BIT  A:00 X:20 Y:13 P:24 SP:FB
E84A  30 06     BMI  A:00 X:20 Y:13 P:26 SP:FB
E84C  CA        DEX  A:00 X:20 Y:13 P:26 SP:FB
E84D  D0 F8     BNE  A:00 X:1F Y:13 P:24 SP:FB
E847  2C 02 20  BIT  A:00 X:1F Y:13 P:24 SP:FB
E84A  30 06     BMI  A:00 X:1F Y:13 P:26 SP:FB
E84C  CA        DEX  A:00 X:1F Y:13 P:26 SP:FB
E84D  D0 F8     BNE  A:00 X:1E Y:13 P:24 SP:FB
E847  2C 02 20  BIT  A:00 X:1E Y:13 P:24 SP:FB
E84A  30 06     BMI  A:00 X:1E Y:13 P:26 SP:FB
E84C  CA        DEX  A:00 X:1E Y:13 P:26 SP:FB
E84D  D0 F8     BNE  A:00 X:1D Y:13 P:24 SP:FB
E847  2C 02 20  BIT  A:00 X:1D Y:13 P:24 SP:FB
E84A  30 06     BMI  A:00 X:1D Y:13 P:26 SP:FB
E84C  CA        DEX  A:00 X:1D Y:13 P:26 SP:FB
E84D  D0 F8     BNE  A:00 X:1C Y:13 P:24 SP:FB
E847  2C 02 20  BIT  A:00 X:1C Y:13 P:24 SP:FB
E84A  30 06     BMI  A:00 X:1C Y:13 P:26 SP:FB
E84C  CA        DEX  A:00 X:1C Y:13 P:26 SP:FB
E84D  D0 F8     BNE  A:00 X:1B Y:13 P:24 SP:FB
E847  2C 02 20  BIT  A:00 X:1B Y:13 P:24 SP:FB
E84A  30 06     BMI  A:00 X:1B Y:13 P:26 SP:FB
E84C  CA        DEX  A:00 X:1B Y:13 P:26 SP:FB
E84D  D0 F8     BNE  A:00 X:1A Y:13 P:24 SP:FB
E847  2C 02 20  BIT  A:00 X:1A Y:13 P:24 SP:FB
E84A  30 06     BMI  A:00 X:1A Y:13 P:26 SP:FB
E84C  CA        DEX  A:00 X:1A Y:13 P:26 SP:FB
E84D  D0 F8     BNE  A:00 X:19 Y:13 P:24 SP:FB
E847  2C 02 20  BIT  A:00 X:19 Y:13 P:24 SP:FB
E84A  30 06     BMI  A:00 X:19 Y:13 P:26 SP:FB
E84C  CA        DEX  A:00 X:19 Y:13 P:26 SP:FB
E84D  D0 F8     BNE  A:00 X:18 Y:13 P:24 SP:FB
E847  2C 02 20  BIT  A:00 X:18 Y:13 P:24 SP:FB
E84A  30 06     BMI  A:00 X:18 Y:13 P:26 SP:FB
E84C  CA        DEX  A:00 X:18 Y:13 P:26 SP:FB
E84D  D0 F8     BNE  A:00 X:17 Y:13 P:24 SP:FB
E847  2C 02 20  BIT  A:00 X:17 Y:13 P:24 SP:FB
E84A  30 06     BMI  A:00 X:17 Y:13 P:26 SP:FB
E84C  CA        DEX  A:00 X:17 Y:13 P:26 SP:FB
E84D  D0 F8     BNE  A:00 X:16 Y:13 P:24 SP:FB
E847  2C 02 20  BIT  A:00 X:16 Y:13 P:24 SP:FB
E84A  30 06     BMI  A:00 X:16 Y:13 P:26 SP:FB
E84C  CA        DEX  A:00 X:16 Y:13 P:26 SP:FB
E84D  D0 F8     BNE  A:00 X:15 Y:13 P:24 SP:FB
E847  2C 02 20  BIT  A:00 X:15 Y:13 P:24 SP:FB
E84A  30 06     BMI  A:00 X:15 Y:13 P:26 SP:FB
E84C  CA        DEX  A:00 X:15 Y:13 P:26 SP:FB
E84D  D0 F8     BNE  A:00 X:14 Y:13 P:24 SP:FB
E847  2C 02 20  BIT  A:00 X:14 Y:13 P:24 SP:FB
E84A  30 06     BMI  A:00 X:14 Y:13 P:26 SP:FB
E84C  CA        DEX  A:00 X:14 Y:13 P:26 SP:FB
E84D  D0 F8     BNE  A:00 X:13 Y:13 P:24 SP:FB
E847  2C 02 20  BIT  A:00 X:13 Y:13 P:24 SP:FB
E84A  30 06     BMI  A:00 X:13 Y:13 P:26 SP:FB
E84C  CA        DEX  A:00 X:13 Y:13 P:26 SP:FB
E84D  D0 F8     BNE  A:00 X:12 Y:13 P:24 SP:FB
E847  2C 02 20  BIT  A:00 X:12 Y:13 P:24 SP:FB
E84A  30 06     BMI  A:00 X:12 Y:13 P:26 SP:FB
E84C  CA        DEX  A:00 X:12 Y:13 P:26 SP:FB
E84D  D0 F8     BNE  A:00 X:11 Y:13 P:24 SP:FB
E847  2C 02 20  BIT  A:00 X:11 Y:13 P:24 SP:FB
E84A  30 06     BMI  A:00 X:11 Y:13 P:26 SP:FB
E84C  CA        DEX  A:00 X:11 Y:13 P:26 SP:FB
E84D  D0 F8     BNE  A:00 X:10 Y:13 P:24 SP:FB
E847  2C 02 20  BIT  A:00 X:10 Y:13 P:24 SP:FB
E84A  30 06     BMI  A:00 X:10 Y:13 P:26 SP:FB
E84C  CA        DEX  A:00 X:10 Y:13 P:26 SP:FB
E84D  D0 F8     BNE  A:00 X:0F Y:13 P:24 SP:FB
E847  2C 02 20  BIT  A:00 X:0F Y:13 P:24 SP:FB
E84A  30 06     BMI  A:00 X:0F Y:13 P:26 SP:FB
E84C  CA        DEX  A:00 X:0F Y:13 P:26 SP:FB
E84D  D0 F8     BNE  A:00 X:0E Y:13 P:24 SP:FB
E847  2C 02 20  BIT  A:00 X:0E Y:13 P:24 SP:FB
E84A  30 06     BMI  A:00 X:0E Y:13 P:26 SP:FB
E84C  CA        DEX  A:00 X:0E Y:13 P:26 SP:FB
E84D  D0 F8     BNE  A:00 X:0D Y:13 P:24 SP:FB
E847  2C 02 20  BIT  A:00 X:0D Y:13 P:24 SP:FB
E84A  30 06     BMI  A:00 X:0D Y:13 P:26 SP:FB
E84C  CA        DEX  A:00 X:0D Y:13 P:26 SP:FB
E84D  D0 F8     BNE  A:00 X:0C Y:13 P:24 SP:FB
E847  2C 02 20  BIT  A:00 X:0C Y:13 P:24 SP:FB
E84A  30 06     BMI  A:00 X:0C Y:13 P:26 SP:FB
E84C  CA        DEX  A:00 X:0C Y:13 P:26 SP:FB
E84D  D0 F8     BNE  A:00 X:0B Y:13 P:24 SP:FB
E847  2C 02 20  BIT  A:00 X:0B Y:13 P:24 SP:FB
E84A  30 06     BMI  A:00 X:0B Y:13 P:26 SP:FB
E84C  CA        DEX  A:00 X:0B Y:13 P:26 SP:FB
E84D  D0 F8     BNE  A:00 X:0A Y:13 P:24 SP:FB
E847  2C 02 20  BIT  A:00 X:0A Y:13 P:24 SP:FB
E84A  30 06     BMI  A:00 X:0A Y:13 P:26 SP:FB
E84C  CA        DEX  A:00 X:0A Y:13 P:26 SP:FB
E84D  D0 F8     BNE  A:00 X:09 Y:13 P:24 SP:FB
E847  2C 02 20  BIT  A:00 X:09 Y:13 P:24 SP:FB
E84A  30 06     BMI  A:00 X:09 Y:13 P:26 SP:FB
E84C  CA        DEX  A:00 X:09 Y:13 P:26 SP:FB
E84D  D0 F8     BNE  A:00 X:08 Y:13 P:24 SP:FB
E847  2C 02 20  BIT  A:00 X:08 Y:13 P:24 SP:FB
E84A  30 06     BMI  A:00 X:08 Y:13 P:26 SP:FB
E84C  CA        DEX  A:00 X:08 Y:13 P:26 SP:FB
E84D  D0 F8     BNE  A:00 X:07 Y:13 P:24 SP:FB
E847  2C 02 20  BIT  A:00 X:07 Y:13 P:24 SP:FB
E84A  30 06     BMI  A:00 X:07 Y:13 P:26 SP:FB
E84C  CA        DEX  A:00 X:07 Y:13 P:26 SP:FB
E84D  D0 F8     BNE  A:00 X:06 Y:13 P:24 SP:FB
E847  2C 02 20  BIT  A:00 X:06 Y:13 P:24 SP:FB
E84A  30 06     BMI  A:00 X:06 Y:13 P:26 SP:FB
E84C  CA        DEX  A:00 X:06 Y:13 P:26 SP:FB
E84D  D0 F8     BNE  A:00 X:05 Y:13 P:24 SP:FB
E847  2C 02 20  BIT  A:00 X:05 Y:13 P:24 SP:FB
E84A  30 06     BMI  A:00 X:05 Y:13 P:26 SP:FB
E84C  CA        DEX  A:00 X:05 Y:13 P:26 SP:FB
E84D  D0 F8     BNE  A:00 X:04 Y:13 P:24 SP:FB
E847  2C 02 20  BIT  A:00 X:04 Y:13 P:24 SP:FB
E84A  30 06     BMI  A:00 X:04 Y:13 P:26 SP:FB
E84C  CA        DEX  A:00 X:04 Y:13 P:26 SP:FB
E84D  D0 F8     BNE  A:00 X:03 Y:13 P:24 SP:FB
E847  2C 02 20  BIT  A:00 X:03 Y:13 P:24 SP:FB
E84A  30 06     BMI  A:00 X:03 Y:13 P:26 SP:FB
E84C  CA        DEX  A:00 X:03 Y:13 P:26 SP:FB
E84D  D0 F8     BNE  A:00 X:02 Y:13 P:24 SP:FB
E847  2C 02 20  BIT  A:00 X:02 Y:13 P:24 SP:FB
E84A  30 06     BMI  A:00 X:02 Y:13 P:26 SP:FB
E84C  CA        DEX  A:00 X:02 Y:13 P:26 SP:FB
E84D  D0 F8     BNE  A:00 X:01 Y:13 P:24 SP:FB
E847  2C 02 20  BIT  A:00 X:01 Y:13 P:24 SP:FB
E84A  30 06     BMI  A:00 X:01 Y:13 P:26 SP:FB
E84C  CA        DEX  A:00 X:01 Y:13 P:26 SP:FB
E84D  D0 F8     BNE  A:00 X:00 Y:13 P:26 SP:FB
E84F  88        DEY  A:00 X:00 Y:13 P:26 SP:FB
E850  10 F5     BPL  A:00 X:00 Y:12 P:24 SP:FB
E847  2C 02 20  BIT  A:00 X:00 Y:12 P:24 SP:FB
E84A  30 06     BMI  A:00 X:00 Y:12 P:26 SP:FB
E84C  CA        DEX  A:00 X:00 Y:12 P:26 SP:FB
E84D  D0 F8     BNE  A:00 X:FF Y:12 P:A4 SP:FB
E847  2C 02 20  BIT  A:00 X:FF Y:12 P:A4 SP:FB
E84A  30 06     BMI  A:00 X:FF Y:12 P:26 SP:FB
E84C  CA        DEX  A:00 X:FF Y:12 P:26 SP:FB
E84D  D0 F8     BNE  A:00 X:FE Y:12 P:A4 SP:FB
E847  2C 02 20  BIT  A:00 X:FE Y:12 P:A4 SP:FB
E84A  30 06     BMI  A:00 X:FE Y:12 P:26 SP:FB
E84C  CA        DEX  A:00 X:FE Y:12 P:26 SP:FB
E84D  D0 F8     BNE  A:00 X:FD Y:12 P:A4 SP:FB
E847  2C 02 20  BIT  A:00 X:FD Y:12 P:A4 SP:FB
E84A  30 06     BMI  A:00 X:FD Y:12 P:26 SP:FB
E84C  CA        DEX  A:00 X:FD Y:12 P:26 SP:FB
E84D  D0 F8     BNE  A:00 X:FC Y:12 P:A4 SP:FB
E847  2C 02 20  BIT  A:00 X:FC Y:12 P:A4 SP:FB
E84A  30 06     BMI  A:00 X:FC Y:12 P:26 SP:FB
E84C  CA        DEX  A:00 X:FC Y:12 P:26 SP:FB
E84D  D0 F8     BNE  A:00 X:FB Y:12 P:A4 SP:FB
E847  2C 02 20  BIT  A:00 X:FB Y:12 P:A4 SP:FB
E84A  30 06     BMI  A:00 X:FB Y:12 P:26 SP:FB
E84C  CA        DEX  A:00 X:FB Y:12 P:26 SP:FB
E84D  D0 F8     BNE  A:00 X:FA Y:12 P:A4 SP:FB
E847  2C 02 20  BIT  A:00 X:FA Y:12 P:A4 SP:FB
E84A  30 06     BMI  A:00 X:FA Y:12 P:26 SP:FB
E84C  CA        DEX  A:00 X:FA Y:12 P:26 SP:FB
E84D  D0 F8     BNE  A:00 X:F9 Y:12 P:A4 SP:FB
E847  2C 02 20  BIT  A:00 X:F9 Y:12 P:A4 SP:FB
E84A  30 06     BMI  A:00 X:F9 Y:12 P:26 SP:FB
E84C  CA        DEX  A:00 X:F9 Y:12 P:26 SP:FB
E84D  D0 F8     BNE  A:00 X:F8 Y:12 P:A4 SP:FB
E847  2C 02 20  BIT  A:00 X:F8 Y:12 P:A4 SP:FB
E84A  30 06     BMI  A:00 X:F8 Y:12 P:26 SP:FB
E84C  CA        DEX  A:00 X:F8 Y:12 P:26 SP:FB
E84D  D0 F8     BNE  A:00 X:F7 Y:12 P:A4 SP:FB
E847  2C 02 20  BIT  A:00 X:F7 Y:12 P:A4 SP:FB
E84A  30 06     BMI  A:00 X:F7 Y:12 P:26 SP:FB
E84C  CA        DEX  A:00 X:F7 Y:12 P:26 SP:FB
E84D  D0 F8     BNE  A:00 X:F6 Y:12 P:A4 SP:FB
E847  2C 02 20  BIT  A:00 X:F6 Y:12 P:A4 SP:FB
E84A  30 06     BMI  A:00 X:F6 Y:12 P:26 SP:FB
E84C  CA        DEX  A:00 X:F6 Y:12 P:26 SP:FB
E84D  D0 F8     BNE  A:00 X:F5 Y:12 P:A4 SP:FB
E847  2C 02 20  BIT  A:00 X:F5 Y:12 P:A4 SP:FB
E84A  30 06     BMI  A:00 X:F5 Y:12 P:26 SP:FB
E84C  CA        DEX  A:00 X:F5 Y:12 P:26 SP:FB
E84D  D0 F8     BNE  A:00 X:F4 Y:12 P:A4 SP:FB
E847  2C 02 20  BIT  A:00 X:F4 Y:12 P:A4 SP:FB
E84A  30 06     BMI  A:00 X:F4 Y:12 P:26 SP:FB
E84C  CA        DEX  A:00 X:F4 Y:12 P:26 SP:FB
E84D  D0 F8     BNE  A:00 X:F3 Y:12 P:A4 SP:FB
E847  2C 02 20  BIT  A:00 X:F3 Y:12 P:A4 SP:FB
E84A  30 06     BMI  A:00 X:F3 Y:12 P:26 SP:FB
E84C  CA        DEX  A:00 X:F3 Y:12 P:26 SP:FB
E84D  D0 F8     BNE  A:00 X:F2 Y:12 P:A4 SP:FB
E847  2C 02 20  BIT  A:00 X:F2 Y:12 P:A4 SP:FB
E84A  30 06     BMI  A:00 X:F2 Y:12 P:26 SP:FB
E84C  CA        DEX  A:00 X:F2 Y:12 P:26 SP:FB
E84D  D0 F8     BNE  A:00 X:F1 Y:12 P:A4 SP:FB
E847  2C 02 20  BIT  A:00 X:F1 Y:12 P:A4 SP:FB
E84A  30 06     BMI  A:00 X:F1 Y:12 P:26 SP:FB
E84C  CA        DEX  A:00 X:F1 Y:12 P:26 SP:FB
E84D  D0 F8     BNE  A:00 X:F0 Y:12 P:A4 SP:FB
E847  2C 02 20  BIT  A:00 X:F0 Y:12 P:A4 SP:FB
E84A  30 06     BMI  A:00 X:F0 Y:12 P:26 SP:FB
E84C  CA        DEX  A:00 X:F0 Y:12 P:26 SP:FB
E84D  D0 F8     BNE  A:00 X:EF Y:12 P:A4 SP:FB
E847  2C 02 20  BIT  A:00 X:EF Y:12 P:A4 SP:FB
E84A  30 06     BMI  A:00 X:EF Y:12 P:26 SP:FB
E84C  CA        DEX  A:00 X:EF Y:12 P:26 SP:FB
E84D  D0 F8     BNE  A:00 X:EE Y:12 P:A4 SP:FB
E847  2C 02 20  BIT  A:00 X:EE Y:12 P:A4 SP:FB
E84A  30 06     BMI  A:00 X:EE Y:12 P:26 SP:FB
E84C  CA        DEX  A:00 X:EE Y:12 P:26 SP:FB
E84D  D0 F8     BNE  A:00 X:ED Y:12 P:A4 SP:FB
E847  2C 02 20  BIT  A:00 X:ED Y:12 P:A4 SP:FB
E84A  30 06     BMI  A:00 X:ED Y:12 P:26 SP:FB
E84C  CA        DEX  A:00 X:ED Y:12 P:26 SP:FB
E84D  D0 F8     BNE  A:00 X:EC Y:12 P:A4 SP:FB
E847  2C 02 20  BIT  A:00 X:EC Y:12 P:A4 SP:FB
E84A  30 06     BMI  A:00 X:EC Y:12 P:26 SP:FB
E84C  CA        DEX  A:00 X:EC Y:12 P:26 SP:FB
E84D  D0 F8     BNE  A:00 X:EB Y:12 P:A4 SP:FB
E847  2C 02 20  BIT  A:00 X:EB Y:12 P:A4 SP:FB
E84A  30 06     BMI  A:00 X:EB Y:12 P:26 SP:FB
E84C  CA        DEX  A:00 X:EB Y:12 P:26 SP:FB
E84D  D0 F8     BNE  A:00 X:EA Y:12 P:A4 SP:FB
E847  2C 02 20  BIT  A:00 X:EA Y:12 P:A4 SP:FB
E84A  30 06     BMI  A:00 X:EA Y:12 P:26 SP:FB
E84C  CA        DEX  A:00 X:EA Y:12 P:26 SP:FB
E84D  D0 F8     BNE  A:00 X:E9 Y:12 P:A4 SP:FB
E847  2C 02 20  BIT  A:00 X:E9 Y:12 P:A4 SP:FB
E84A  30 06     BMI  A:00 X:E9 Y:12 P:26 SP:FB
E84C  CA        DEX  A:00 X:E9 Y:12 P:26 SP:FB
E84D  D0 F8     BNE  A:00 X:E8 Y:12 P:A4 SP:FB
E847  2C 02 20  BIT  A:00 X:E8 Y:12 P:A4 SP:FB
E84A  30 06     BMI  A:00 X:E8 Y:12 P:26 SP:FB
E84C  CA        DEX  A:00 X:E8 Y:12 P:26 SP:FB
E84D  D0 F8     BNE  A:00 X:E7 Y:12 P:A4 SP:FB
E847  2C 02 20  BIT  A:00 X:E7 Y:12 P:A4 SP:FB
E84A  30 06     BMI  A:00 X:E7 Y:12 P:26 SP:FB
E84C  CA        DEX  A:00 X:E7 Y:12 P:26 SP:FB
E84D  D0 F8     BNE  A:00 X:E6 Y:12 P:A4 SP:FB
E847  2C 02 20  BIT  A:00 X:E6 Y:12 P:A4 SP:FB
E84A  30 06     BMI  A:00 X:E6 Y:12 P:26 SP:FB
E84C  CA        DEX  A:00 X:E6 Y:12 P:26 SP:FB
E84D  D0 F8     BNE  A:00 X:E5 Y:12 P:A4 SP:FB
E847  2C 02 20  BIT  A:00 X:E5 Y:12 P:A4 SP:FB
E84A  30 06     BMI  A:00 X:E5 Y:12 P:26 SP:FB
E84C  CA        DEX  A:00 X:E5 Y:12 P:26 SP:FB
E84D  D0 F8     BNE  A:00 X:E4 Y:12 P:A4 SP:FB
E847  2C 02 20  BIT  A:00 X:E4 Y:12 P:A4 SP:FB
E84A  30 06     BMI  A:00 X:E4 Y:12 P:26 SP:FB
E84C  CA        DEX  A:00 X:E4 Y:12 P:26 SP:FB
E84D  D0 F8     BNE  A:00 X:E3 Y:12 P:A4 SP:FB
E847  2C 02 20  BIT  A:00 X:E3 Y:12 P:A4 SP:FB
E84A  30 06     BMI  A:00 X:E3 Y:12 P:26 SP:FB
E84C  CA        DEX  A:00 X:E3 Y:12 P:26 SP:FB
E84D  D0 F8     BNE  A:00 X:E2 Y:12 P:A4 SP:FB
E847  2C 02 20  BIT  A:00 X:E2 Y:12 P:A4 SP:FB
E84A  30 06     BMI  A:00 X:E2 Y:12 P:26 SP:FB
E84C  CA        DEX  A:00 X:E2 Y:12 P:26 SP:FB
E84D  D0 F8     BNE  A:00 X:E1 Y:12 P:A4 SP:FB
E847  2C 02 20  BIT  A:00 X:E1 Y:12 P:A4 SP:FB
E84A  30 06     BMI  A:00 X:E1 Y:12 P:26 SP:FB
E84C  CA        DEX  A:00 X:E1 Y:12 P:26 SP:FB
E84D  D0 F8     BNE  A:00 X:E0 Y:12 P:A4 SP:FB
E847  2C 02 20  BIT  A:00 X:E0 Y:12 P:A4 SP:FB
E84A  30 06     BMI  A:00 X:E0 Y:12 P:26 SP:FB
E84C  CA        DEX  A:00 X:E0 Y:12 P:26 SP:FB
E84D  D0 F8     BNE  A:00 X:DF Y:12 P:A4 SP:FB
E847  2C 02 20  BIT  A:00 X:DF Y:12 P:A4 SP:FB
E84A  30 06     BMI  A:00 X:DF Y:12 P:26 SP:FB
E84C  CA        DEX  A:00 X:DF Y:12 P:26 SP:FB
E84D  D0 F8     BNE  A:00 X:DE Y:12 P:A4 SP:FB
E847  2C 02 20  BIT  A:00 X:DE Y:12 P:A4 SP:FB
E84A  30 06     BMI  A:00 X:DE Y:12 P:26 SP:FB
E84C  CA        DEX  A:00 X:DE Y:12 P:26 SP:FB
E84D  D0 F8     BNE  A:00 X:DD Y:12 P:A4 SP:FB
E847  2C 02 20  BIT  A:00 X:DD Y:12 P:A4 SP:FB
E84A  30 06     BMI  A:00 X:DD Y:12 P:26 SP:FB
E84C  CA        DEX  A:00 X:DD Y:12 P:26 SP:FB
E84D  D0 F8     BNE  A:00 X:DC Y:12 P:A4 SP:FB
E847  2C 02 20  BIT  A:00 X:DC Y:12 P:A4 SP:FB
E84A  30 06     BMI  A:00 X:DC Y:12 P:26 SP:FB
E84C  CA        DEX  A:00 X:DC Y:12 P:26 SP:FB
E84D  D0 F8     BNE  A:00 X:DB Y:12 P:A4 SP:FB
E847  2C 02 20  BIT  A:00 X:DB Y:12 P:A4 SP:FB
E84A  30 06     BMI  A:00 X:DB Y:12 P:26 SP:FB
E84C  CA        DEX  A:00 X:DB Y:12 P:26 SP:FB
E84D  D0 F8     BNE  A:00 X:DA Y:12 P:A4 SP:FB
E847  2C 02 20  BIT  A:00 X:DA Y:12 P:A4 SP:FB
E84A  30 06     BMI  A:00 X:DA Y:12 P:26 SP:FB
E84C  CA        DEX  A:00 X:DA Y:12 P:26 SP:FB
E84D  D0 F8     BNE  A:00 X:D9 Y:12 P:A4 SP:FB
E847  2C 02 20  BIT  A:00 X:D9 Y:12 P:A4 SP:FB
E84A  30 06     BMI  A:00 X:D9 Y:12 P:26 SP:FB
E84C  CA        DEX  A:00 X:D9 Y:12 P:26 SP:FB
E84D  D0 F8     BNE  A:00 X:D8 Y:12 P:A4 SP:FB
E847  2C 02 20  BIT  A:00 X:D8 Y:12 P:A4 SP:FB
E84A  30 06     BMI  A:00 X:D8 Y:12 P:26 SP:FB
E84C  CA        DEX  A:00 X:D8 Y:12 P:26 SP:FB
E84D  D0 F8     BNE  A:00 X:D7 Y:12 P:A4 SP:FB
E847  2C 02 20  BIT  A:00 X:D7 Y:12 P:A4 SP:FB
E84A  30 06     BMI  A:00 X:D7 Y:12 P:26 SP:FB
E84C  CA        DEX  A:00 X:D7 Y:12 P:26 SP:FB
E84D  D0 F8     BNE  A:00 X:D6 Y:12 P:A4 SP:FB
E847  2C 02 20  BIT  A:00 X:D6 Y:12 P:A4 SP:FB
E84A  30 06     BMI  A:00 X:D6 Y:12 P:26 SP:FB
E84C  CA        DEX  A:00 X:D6 Y:12 P:26 SP:FB
E84D  D0 F8     BNE  A:00 X:D5 Y:12 P:A4 SP:FB
E847  2C 02 20  BIT  A:00 X:D5 Y:12 P:A4 SP:FB
E84A  30 06     BMI  A:00 X:D5 Y:12 P:26 SP:FB
E84C  CA        DEX  A:00 X:D5 Y:12 P:26 SP:FB
E84D  D0 F8     BNE  A:00 X:D4 Y:12 P:A4 SP:FB
E847  2C 02 20  BIT  A:00 X:D4 Y:12 P:A4 SP:FB
E84A  30 06     BMI  A:00 X:D4 Y:12 P:26 SP:FB
E84C  CA        DEX  A:00 X:D4 Y:12 P:26 SP:FB
E84D  D0 F8     BNE  A:00 X:D3 Y:12 P:A4 SP:FB
E847  2C 02 20  BIT  A:00 X:D3 Y:12 P:A4 SP:FB
E84A  30 06     BMI  A:00 X:D3 Y:12 P:26 SP:FB
E84C  CA        DEX  A:00 X:D3 Y:12 P:26 SP:FB
E84D  D0 F8     BNE  A:00 X:D2 Y:12 P:A4 SP:FB
E847  2C 02 20  BIT  A:00 X:D2 Y:12 P:A4 SP:FB
E84A  30 06     BMI  A:00 X:D2 Y:12 P:26 SP:FB
E84C  CA        DEX  A:00 X:D2 Y:12 P:26 SP:FB
E84D  D0 F8     BNE  A:00 X:D1 Y:12 P:A4 SP:FB
E847  2C 02 20  BIT  A:00 X:D1 Y:12 P:A4 SP:FB
E84A  30 06     BMI  A:00 X:D1 Y:12 P:26 SP:FB
E84C  CA        DEX  A:00 X:D1 Y:12 P:26 SP:FB
E84D  D0 F8     BNE  A:00 X:D0 Y:12 P:A4 SP:FB
E847  2C 02 20  BIT  A:00 X:D0 Y:12 P:A4 SP:FB
E84A  30 06     BMI  A:00 X:D0 Y:12 P:26 SP:FB
E84C  CA        DEX  A:00 X:D0 Y:12 P:26 SP:FB
E84D  D0 F8     BNE  A:00 X:CF Y:12 P:A4 SP:FB
E847  2C 02 20  BIT  A:00 X:CF Y:12 P:A4 SP:FB
E84A  30 06     BMI  A:00 X:CF Y:12 P:26 SP:FB
E84C  CA        DEX  A:00 X:CF Y:12 P:26 SP:FB
E84D  D0 F8     BNE  A:00 X:CE Y:12 P:A4 SP:FB
E847  2C 02 20  BIT  A:00 X:CE Y:12 P:A4 SP:FB
E84A  30 06     BMI  A:00 X:CE Y:12 P:26 SP:FB
E84C  CA        DEX  A:00 X:CE Y:12 P:26 SP:FB
E84D  D0 F8     BNE  A:00 X:CD Y:12 P:A4 SP:FB
E847  2C 02 20  BIT  A:00 X:CD Y:12 P:A4 SP:FB
E84A  30 06     BMI  A:00 X:CD Y:12 P:26 SP:FB
E84C  CA        DEX  A:00 X:CD Y:12 P:26 SP:FB
E84D  D0 F8     BNE  A:00 X:CC Y:12 P:A4 SP:FB
E847  2C 02 20  BIT  A:00 X:CC Y:12 P:A4 SP:FB
E84A  30 06     BMI  A:00 X:CC Y:12 P:26 SP:FB
E84C  CA        DEX  A:00 X:CC Y:12 P:26 SP:FB
E84D  D0 F8     BNE  A:00 X:CB Y:12 P:A4 SP:FB
E847  2C 02 20  BIT  A:00 X:CB Y:12 P:A4 SP:FB
E84A  30 06     BMI  A:00 X:CB Y:12 P:26 SP:FB
E84C  CA        DEX  A:00 X:CB Y:12 P:26 SP:FB
E84D  D0 F8     BNE  A:00 X:CA Y:12 P:A4 SP:FB
E847  2C 02 20  BIT  A:00 X:CA Y:12 P:A4 SP:FB
E84A  30 06     BMI  A:00 X:CA Y:12 P:26 SP:FB
E84C  CA        DEX  A:00 X:CA Y:12 P:26 SP:FB
E84D  D0 F8     BNE  A:00 X:C9 Y:12 P:A4 SP:FB
E847  2C 02 20  BIT  A:00 X:C9 Y:12 P:A4 SP:FB
E84A  30 06     BMI  A:00 X:C9 Y:12 P:26 SP:FB
E84C  CA        DEX  A:00 X:C9 Y:12 P:26 SP:FB
E84D  D0 F8     BNE  A:00 X:C8 Y:12 P:A4 SP:FB
E847  2C 02 20  BIT  A:00 X:C8 Y:12 P:A4 SP:FB
E84A  30 06     BMI  A:00 X:C8 Y:12 P:26 SP:FB
E84C  CA        DEX  A:00 X:C8 Y:12 P:26 SP:FB
E84D  D0 F8     BNE  A:00 X:C7 Y:12 P:A4 SP:FB
E847  2C 02 20  BIT  A:00 X:C7 Y:12 P:A4 SP:FB
E84A  30 06     BMI  A:00 X:C7 Y:12 P:26 SP:FB
E84C  CA        DEX  A:00 X:C7 Y:12 P:26 SP:FB
E84D  D0 F8     BNE  A:00 X:C6 Y:12 P:A4 SP:FB
E847  2C 02 20  BIT  A:00 X:C6 Y:12 P:A4 SP:FB
E84A  30 06     BMI  A:00 X:C6 Y:12 P:26 SP:FB
E84C  CA        DEX  A:00 X:C6 Y:12 P:26 SP:FB
E84D  D0 F8     BNE  A:00 X:C5 Y:12 P:A4 SP:FB
E847  2C 02 20  BIT  A:00 X:C5 Y:12 P:A4 SP:FB
E84A  30 06     BMI  A:00 X:C5 Y:12 P:26 SP:FB
E84C  CA        DEX  A:00 X:C5 Y:12 P:26 SP:FB
E84D  D0 F8     BNE  A:00 X:C4 Y:12 P:A4 SP:FB
E847  2C 02 20  BIT  A:00 X:C4 Y:12 P:A4 SP:FB
E84A  30 06     BMI  A:00 X:C4 Y:12 P:26 SP:FB
E84C  CA        DEX  A:00 X:C4 Y:12 P:26 SP:FB
E84D  D0 F8     BNE  A:00 X:C3 Y:12 P:A4 SP:FB
E847  2C 02 20  BIT  A:00 X:C3 Y:12 P:A4 SP:FB
E84A  30 06     BMI  A:00 X:C3 Y:12 P:26 SP:FB
E84C  CA        DEX  A:00 X:C3 Y:12 P:26 SP:FB
E84D  D0 F8     BNE  A:00 X:C2 Y:12 P:A4 SP:FB
E847  2C 02 20  BIT  A:00 X:C2 Y:12 P:A4 SP:FB
E84A  30 06     BMI  A:00 X:C2 Y:12 P:26 SP:FB
E84C  CA        DEX  A:00 X:C2 Y:12 P:26 SP:FB
E84D  D0 F8     BNE  A:00 X:C1 Y:12 P:A4 SP:FB
E847  2C 02 20  BIT  A:00 X:C1 Y:12 P:A4 SP:FB
E84A  30 06     BMI  A:00 X:C1 Y:12 P:26 SP:FB
E84C  CA        DEX  A:00 X:C1 Y:12 P:26 SP:FB
E84D  D0 F8     BNE  A:00 X:C0 Y:12 P:A4 SP:FB
E847  2C 02 20  BIT  A:00 X:C0 Y:12 P:A4 SP:FB
E84A  30 06     BMI  A:00 X:C0 Y:12 P:26 SP:FB
E84C  CA        DEX  A:00 X:C0 Y:12 P:26 SP:FB
E84D  D0 F8     BNE  A:00 X:BF Y:12 P:A4 SP:FB
E847  2C 02 20  BIT  A:00 X:BF Y:12 P:A4 SP:FB
E84A  30 06     BMI  A:00 X:BF Y:12 P:26 SP:FB
E84C  CA        DEX  A:00 X:BF Y:12 P:26 SP:FB
E84D  D0 F8     BNE  A:00 X:BE Y:12 P:A4 SP:FB
E847  2C 02 20  BIT  A:00 X:BE Y:12 P:A4 SP:FB
E84A  30 06     BMI  A:00 X:BE Y:12 P:26 SP:FB
E84C  CA        DEX  A:00 X:BE Y:12 P:26 SP:FB
E84D  D0 F8     BNE  A:00 X:BD Y:12 P:A4 SP:FB
E847  2C 02 20  BIT  A:00 X:BD Y:12 P:A4 SP:FB
E84A  30 06     BMI  A:00 X:BD Y:12 P:26 SP:FB
E84C  CA        DEX  A:00 X:BD Y:12 P:26 SP:FB
E84D  D0 F8     BNE  A:00 X:BC Y:12 P:A4 SP:FB
E847  2C 02 20  BIT  A:00 X:BC Y:12 P:A4 SP:FB
E84A  30 06     BMI  A:00 X:BC Y:12 P:26 SP:FB
E84C  CA        DEX  A:00 X:BC Y:12 P:26 SP:FB
E84D  D0 F8     BNE  A:00 X:BB Y:12 P:A4 SP:FB
E847  2C 02 20  BIT  A:00 X:BB Y:12 P:A4 SP:FB
E84A  30 06     BMI  A:00 X:BB Y:12 P:26 SP:FB
E84C  CA        DEX  A:00 X:BB Y:12 P:26 SP:FB
E84D  D0 F8     BNE  A:00 X:BA Y:12 P:A4 SP:FB
E847  2C 02 20  BIT  A:00 X:BA Y:12 P:A4 SP:FB
E84A  30 06     BMI  A:00 X:BA Y:12 P:26 SP:FB
E84C  CA        DEX  A:00 X:BA Y:12 P:26 SP:FB
E84D  D0 F8     BNE  A:00 X:B9 Y:12 P:A4 SP:FB
E847  2C 02 20  BIT  A:00 X:B9 Y:12 P:A4 SP:FB
E84A  30 06     BMI  A:00 X:B9 Y:12 P:26 SP:FB
E84C  CA        DEX  A:00 X:B9 Y:12 P:26 SP:FB
E84D  D0 F8     BNE  A:00 X:B8 Y:12 P:A4 SP:FB
E847  2C 02 20  BIT  A:00 X:B8 Y:12 P:A4 SP:FB
E84A  30 06     BMI  A:00 X:B8 Y:12 P:26 SP:FB
E84C  CA        DEX  A:00 X:B8 Y:12 P:26 SP:FB
E84D  D0 F8     BNE  A:00 X:B7 Y:12 P:A4 SP:FB
E847  2C 02 20  BIT  A:00 X:B7 Y:12 P:A4 SP:FB
E84A  30 06     BMI  A:00 X:B7 Y:12 P:26 SP:FB
E84C  CA        DEX  A:00 X:B7 Y:12 P:26 SP:FB
E84D  D0 F8     BNE  A:00 X:B6 Y:12 P:A4 SP:FB
E847  2C 02 20  BIT  A:00 X:B6 Y:12 P:A4 SP:FB
E84A  30 06     BMI  A:00 X:B6 Y:12 P:26 SP:FB
E84C  CA        DEX  A:00 X:B6 Y:12 P:26 SP:FB
E84D  D0 F8     BNE  A:00 X:B5 Y:12 P:A4 SP:FB
E847  2C 02 20  BIT  A:00 X:B5 Y:12 P:A4 SP:FB
E84A  30 06     BMI  A:00 X:B5 Y:12 P:26 SP:FB
E84C  CA        DEX  A:00 X:B5 Y:12 P:26 SP:FB
E84D  D0 F8     BNE  A:00 X:B4 Y:12 P:A4 SP:FB
E847  2C 02 20  BIT  A:00 X:B4 Y:12 P:A4 SP:FB
E84A  30 06     BMI  A:00 X:B4 Y:12 P:26 SP:FB
E84C  CA        DEX  A:00 X:B4 Y:12 P:26 SP:FB
E84D  D0 F8     BNE  A:00 X:B3 Y:12 P:A4 SP:FB
E847  2C 02 20  BIT  A:00 X:B3 Y:12 P:A4 SP:FB
E84A  30 06     BMI  A:00 X:B3 Y:12 P:26 SP:FB
E84C  CA        DEX  A:00 X:B3 Y:12 P:26 SP:FB
E84D  D0 F8     BNE  A:00 X:B2 Y:12 P:A4 SP:FB
E847  2C 02 20  BIT  A:00 X:B2 Y:12 P:A4 SP:FB
E84A  30 06     BMI  A:00 X:B2 Y:12 P:26 SP:FB
E84C  CA        DEX  A:00 X:B2 Y:12 P:26 SP:FB
E84D  D0 F8     BNE  A:00 X:B1 Y:12 P:A4 SP:FB
E847  2C 02 20  BIT  A:00 X:B1 Y:12 P:A4 SP:FB
E84A  30 06     BMI  A:00 X:B1 Y:12 P:26 SP:FB
E84C  CA        DEX  A:00 X:B1 Y:12 P:26 SP:FB
E84D  D0 F8     BNE  A:00 X:B0 Y:12 P:A4 SP:FB
E847  2C 02 20  BIT  A:00 X:B0 Y:12 P:A4 SP:FB
E84A  30 06     BMI  A:00 X:B0 Y:12 P:26 SP:FB
E84C  CA        DEX  A:00 X:B0 Y:12 P:26 SP:FB
E84D  D0 F8     BNE  A:00 X:AF Y:12 P:A4 SP:FB
E847  2C 02 20  BIT  A:00 X:AF Y:12 P:A4 SP:FB
E84A  30 06     BMI  A:00 X:AF Y:12 P:26 SP:FB
E84C  CA        DEX  A:00 X:AF Y:12 P:26 SP:FB
E84D  D0 F8     BNE  A:00 X:AE Y:12 P:A4 SP:FB
E847  2C 02 20  BIT  A:00 X:AE Y:12 P:A4 SP:FB
E84A  30 06     BMI  A:00 X:AE Y:12 P:26 SP:FB
E84C  CA        DEX  A:00 X:AE Y:12 P:26 SP:FB
E84D  D0 F8     BNE  A:00 X:AD Y:12 P:A4 SP:FB
E847  2C 02 20  BIT  A:00 X:AD Y:12 P:A4 SP:FB
E84A  30 06     BMI  A:00 X:AD Y:12 P:26 SP:FB
E84C  CA        DEX  A:00 X:AD Y:12 P:26 SP:FB
E84D  D0 F8     BNE  A:00 X:AC Y:12 P:A4 SP:FB
E847  2C 02 20  BIT  A:00 X:AC Y:12 P:A4 SP:FB
E84A  30 06     BMI  A:00 X:AC Y:12 P:26 SP:FB
E84C  CA        DEX  A:00 X:AC Y:12 P:26 SP:FB
E84D  D0 F8     BNE  A:00 X:AB Y:12 P:A4 SP:FB
E847  2C 02 20  BIT  A:00 X:AB Y:12 P:A4 SP:FB
E84A  30 06     BMI  A:00 X:AB Y:12 P:26 SP:FB
E84C  CA        DEX  A:00 X:AB Y:12 P:26 SP:FB
E84D  D0 F8     BNE  A:00 X:AA Y:12 P:A4 SP:FB
E847  2C 02 20  BIT  A:00 X:AA Y:12 P:A4 SP:FB
E84A  30 06     BMI  A:00 X:AA Y:12 P:26 SP:FB
E84C  CA        DEX  A:00 X:AA Y:12 P:26 SP:FB
E84D  D0 F8     BNE  A:00 X:A9 Y:12 P:A4 SP:FB
E847  2C 02 20  BIT  A:00 X:A9 Y:12 P:A4 SP:FB
E84A  30 06     BMI  A:00 X:A9 Y:12 P:26 SP:FB
E84C  CA        DEX  A:00 X:A9 Y:12 P:26 SP:FB
E84D  D0 F8     BNE  A:00 X:A8 Y:12 P:A4 SP:FB
E847  2C 02 20  BIT  A:00 X:A8 Y:12 P:A4 SP:FB
E84A  30 06     BMI  A:00 X:A8 Y:12 P:26 SP:FB
E84C  CA        DEX  A:00 X:A8 Y:12 P:26 SP:FB
E84D  D0 F8     BNE  A:00 X:A7 Y:12 P:A4 SP:FB
E847  2C 02 20  BIT  A:00 X:A7 Y:12 P:A4 SP:FB
E84A  30 06     BMI  A:00 X:A7 Y:12 P:26 SP:FB
E84C  CA        DEX  A:00 X:A7 Y:12 P:26 SP:FB
E84D  D0 F8     BNE  A:00 X:A6 Y:12 P:A4 SP:FB
E847  2C 02 20  BIT  A:00 X:A6 Y:12 P:A4 SP:FB
E84A  30 06     BMI  A:00 X:A6 Y:12 P:26 SP:FB
E84C  CA        DEX  A:00 X:A6 Y:12 P:26 SP:FB
E84D  D0 F8     BNE  A:00 X:A5 Y:12 P:A4 SP:FB
E847  2C 02 20  BIT  A:00 X:A5 Y:12 P:A4 SP:FB
E84A  30 06     BMI  A:00 X:A5 Y:12 P:26 SP:FB
E84C  CA        DEX  A:00 X:A5 Y:12 P:26 SP:FB
E84D  D0 F8     BNE  A:00 X:A4 Y:12 P:A4 SP:FB
E847  2C 02 20  BIT  A:00 X:A4 Y:12 P:A4 SP:FB
E84A  30 06     BMI  A:00 X:A4 Y:12 P:26 SP:FB
E84C  CA        DEX  A:00 X:A4 Y:12 P:26 SP:FB
E84D  D0 F8     BNE  A:00 X:A3 Y:12 P:A4 SP:FB
E847  2C 02 20  BIT  A:00 X:A3 Y:12 P:A4 SP:FB
E84A  30 06     BMI  A:00 X:A3 Y:12 P:26 SP:FB
E84C  CA        DEX  A:00 X:A3 Y:12 P:26 SP:FB
E84D  D0 F8     BNE  A:00 X:A2 Y:12 P:A4 SP:FB
E847  2C 02 20  BIT  A:00 X:A2 Y:12 P:A4 SP:FB
E84A  30 06     BMI  A:00 X:A2 Y:12 P:26 SP:FB
E84C  CA        DEX  A:00 X:A2 Y:12 P:26 SP:FB
E84D  D0 F8     BNE  A:00 X:A1 Y:12 P:A4 SP:FB
E847  2C 02 20  BIT  A:00 X:A1 Y:12 P:A4 SP:FB
E84A  30 06     BMI  A:00 X:A1 Y:12 P:26 SP:FB
E84C  CA        DEX  A:00 X:A1 Y:12 P:26 SP:FB
E84D  D0 F8     BNE  A:00 X:A0 Y:12 P:A4 SP:FB
E847  2C 02 20  BIT  A:00 X:A0 Y:12 P:A4 SP:FB
E84A  30 06     BMI  A:00 X:A0 Y:12 P:26 SP:FB
E84C  CA        DEX  A:00 X:A0 Y:12 P:26 SP:FB
E84D  D0 F8     BNE  A:00 X:9F Y:12 P:A4 SP:FB
E847  2C 02 20  BIT  A:00 X:9F Y:12 P:A4 SP:FB
E84A  30 06     BMI  A:00 X:9F Y:12 P:26 SP:FB
E84C  CA        DEX  A:00 X:9F Y:12 P:26 SP:FB
E84D  D0 F8     BNE  A:00 X:9E Y:12 P:A4 SP:FB
E847  2C 02 20  BIT  A:00 X:9E Y:12 P:A4 SP:FB
E84A  30 06     BMI  A:00 X:9E Y:12 P:26 SP:FB
E84C  CA        DEX  A:00 X:9E Y:12 P:26 SP:FB
E84D  D0 F8     BNE  A:00 X:9D Y:12 P:A4 SP:FB
E847  2C 02 20  BIT  A:00 X:9D Y:12 P:A4 SP:FB
E84A  30 06     BMI  A:00 X:9D Y:12 P:26 SP:FB
E84C  CA        DEX  A:00 X:9D Y:12 P:26 SP:FB
E84D  D0 F8     BNE  A:00 X:9C Y:12 P:A4 SP:FB
E847  2C 02 20  BIT  A:00 X:9C Y:12 P:A4 SP:FB
E84A  30 06     BMI  A:00 X:9C Y:12 P:26 SP:FB
E84C  CA        DEX  A:00 X:9C Y:12 P:26 SP:FB
E84D  D0 F8     BNE  A:00 X:9B Y:12 P:A4 SP:FB
E847  2C 02 20  BIT  A:00 X:9B Y:12 P:A4 SP:FB
E84A  30 06     BMI  A:00 X:9B Y:12 P:26 SP:FB
E84C  CA        DEX  A:00 X:9B Y:12 P:26 SP:FB
E84D  D0 F8     BNE  A:00 X:9A Y:12 P:A4 SP:FB
E847  2C 02 20  BIT  A:00 X:9A Y:12 P:A4 SP:FB
E84A  30 06     BMI  A:00 X:9A Y:12 P:26 SP:FB
E84C  CA        DEX  A:00 X:9A Y:12 P:26 SP:FB
E84D  D0 F8     BNE  A:00 X:99 Y:12 P:A4 SP:FB
E847  2C 02 20  BIT  A:00 X:99 Y:12 P:A4 SP:FB
E84A  30 06     BMI  A:00 X:99 Y:12 P:26 SP:FB
E84C  CA        DEX  A:00 X:99 Y:12 P:26 SP:FB
E84D  D0 F8     BNE  A:00 X:98 Y:12 P:A4 SP:FB
E847  2C 02 20  BIT  A:00 X:98 Y:12 P:A4 SP:FB
E84A  30 06     BMI  A:00 X:98 Y:12 P:26 SP:FB
E84C  CA        DEX  A:00 X:98 Y:12 P:26 SP:FB
E84D  D0 F8     BNE  A:00 X:97 Y:12 P:A4 SP:FB
E847  2C 02 20  BIT  A:00 X:97 Y:12 P:A4 SP:FB
E84A  30 06     BMI  A:00 X:97 Y:12 P:26 SP:FB
E84C  CA        DEX  A:00 X:97 Y:12 P:26 SP:FB
E84D  D0 F8     BNE  A:00 X:96 Y:12 P:A4 SP:FB
E847  2C 02 20  BIT  A:00 X:96 Y:12 P:A4 SP:FB
E84A  30 06     BMI  A:00 X:96 Y:12 P:26 SP:FB
E84C  CA        DEX  A:00 X:96 Y:12 P:26 SP:FB
E84D  D0 F8     BNE  A:00 X:95 Y:12 P:A4 SP:FB
E847  2C 02 20  BIT  A:00 X:95 Y:12 P:A4 SP:FB
E84A  30 06     BMI  A:00 X:95 Y:12 P:26 SP:FB
E84C  CA        DEX  A:00 X:95 Y:12 P:26 SP:FB
E84D  D0 F8     BNE  A:00 X:94 Y:12 P:A4 SP:FB
E847  2C 02 20  BIT  A:00 X:94 Y:12 P:A4 SP:FB
E84A  30 06     BMI  A:00 X:94 Y:12 P:26 SP:FB
E84C  CA        DEX  A:00 X:94 Y:12 P:26 SP:FB
E84D  D0 F8     BNE  A:00 X:93 Y:12 P:A4 SP:FB
E847  2C 02 20  BIT  A:00 X:93 Y:12 P:A4 SP:FB
E84A  30 06     BMI  A:00 X:93 Y:12 P:26 SP:FB
E84C  CA        DEX  A:00 X:93 Y:12 P:26 SP:FB
E84D  D0 F8     BNE  A:00 X:92 Y:12 P:A4 SP:FB
E847  2C 02 20  BIT  A:00 X:92 Y:12 P:A4 SP:FB
E84A  30 06     BMI  A:00 X:92 Y:12 P:26 SP:FB
E84C  CA        DEX  A:00 X:92 Y:12 P:26 SP:FB
E84D  D0 F8     BNE  A:00 X:91 Y:12 P:A4 SP:FB
E847  2C 02 20  BIT  A:00 X:91 Y:12 P:A4 SP:FB
E84A  30 06     BMI  A:00 X:91 Y:12 P:26 SP:FB
E84C  CA        DEX  A:00 X:91 Y:12 P:26 SP:FB
E84D  D0 F8     BNE  A:00 X:90 Y:12 P:A4 SP:FB
E847  2C 02 20  BIT  A:00 X:90 Y:12 P:A4 SP:FB
E84A  30 06     BMI  A:00 X:90 Y:12 P:26 SP:FB
E84C  CA        DEX  A:00 X:90 Y:12 P:26 SP:FB
E84D  D0 F8     BNE  A:00 X:8F Y:12 P:A4 SP:FB
E847  2C 02 20  BIT  A:00 X:8F Y:12 P:A4 SP:FB
E84A  30 06     BMI  A:00 X:8F Y:12 P:26 SP:FB
E84C  CA        DEX  A:00 X:8F Y:12 P:26 SP:FB
E84D  D0 F8     BNE  A:00 X:8E Y:12 P:A4 SP:FB
E847  2C 02 20  BIT  A:00 X:8E Y:12 P:A4 SP:FB
E84A  30 06     BMI  A:00 X:8E Y:12 P:26 SP:FB
E84C  CA        DEX  A:00 X:8E Y:12 P:26 SP:FB
E84D  D0 F8     BNE  A:00 X:8D Y:12 P:A4 SP:FB
E847  2C 02 20  BIT  A:00 X:8D Y:12 P:A4 SP:FB
E84A  30 06     BMI  A:00 X:8D Y:12 P:26 SP:FB
E84C  CA        DEX  A:00 X:8D Y:12 P:26 SP:FB
E84D  D0 F8     BNE  A:00 X:8C Y:12 P:A4 SP:FB
E847  2C 02 20  BIT  A:00 X:8C Y:12 P:A4 SP:FB
E84A  30 06     BMI  A:00 X:8C Y:12 P:26 SP:FB
E84C  CA        DEX  A:00 X:8C Y:12 P:26 SP:FB
E84D  D0 F8     BNE  A:00 X:8B Y:12 P:A4 SP:FB
E847  2C 02 20  BIT  A:00 X:8B Y:12 P:A4 SP:FB
E84A  30 06     BMI  A:00 X:8B Y:12 P:26 SP:FB
E84C  CA        DEX  A:00 X:8B Y:12 P:26 SP:FB
E84D  D0 F8     BNE  A:00 X:8A Y:12 P:A4 SP:FB
E847  2C 02 20  BIT  A:00 X:8A Y:12 P:A4 SP:FB
E84A  30 06     BMI  A:00 X:8A Y:12 P:26 SP:FB
E84C  CA        DEX  A:00 X:8A Y:12 P:26 SP:FB
E84D  D0 F8     BNE  A:00 X:89 Y:12 P:A4 SP:FB
E847  2C 02 20  BIT  A:00 X:89 Y:12 P:A4 SP:FB
E84A  30 06     BMI  A:00 X:89 Y:12 P:26 SP:FB
E84C  CA        DEX  A:00 X:89 Y:12 P:26 SP:FB
E84D  D0 F8     BNE  A:00 X:88 Y:12 P:A4 SP:FB
E847  2C 02 20  BIT  A:00 X:88 Y:12 P:A4 SP:FB
E84A  30 06     BMI  A:00 X:88 Y:12 P:26 SP:FB
E84C  CA        DEX  A:00 X:88 Y:12 P:26 SP:FB
E84D  D0 F8     BNE  A:00 X:87 Y:12 P:A4 SP:FB
E847  2C 02 20  BIT  A:00 X:87 Y:12 P:A4 SP:FB
E84A  30 06     BMI  A:00 X:87 Y:12 P:26 SP:FB
E84C  CA        DEX  A:00 X:87 Y:12 P:26 SP:FB
E84D  D0 F8     BNE  A:00 X:86 Y:12 P:A4 SP:FB
E847  2C 02 20  BIT  A:00 X:86 Y:12 P:A4 SP:FB
E84A  30 06     BMI  A:00 X:86 Y:12 P:26 SP:FB
E84C  CA        DEX  A:00 X:86 Y:12 P:26 SP:FB
E84D  D0 F8     BNE  A:00 X:85 Y:12 P:A4 SP:FB
E847  2C 02 20  BIT  A:00 X:85 Y:12 P:A4 SP:FB
E84A  30 06     BMI  A:00 X:85 Y:12 P:26 SP:FB
E84C  CA        DEX  A:00 X:85 Y:12 P:26 SP:FB
E84D  D0 F8     BNE  A:00 X:84 Y:12 P:A4 SP:FB
E847  2C 02 20  BIT  A:00 X:84 Y:12 P:A4 SP:FB
E84A  30 06     BMI  A:00 X:84 Y:12 P:26 SP:FB
E84C  CA        DEX  A:00 X:84 Y:12 P:26 SP:FB
E84D  D0 F8     BNE  A:00 X:83 Y:12 P:A4 SP:FB
E847  2C 02 20  BIT  A:00 X:83 Y:12 P:A4 SP:FB
E84A  30 06     BMI  A:00 X:83 Y:12 P:26 SP:FB
E84C  CA        DEX  A:00 X:83 Y:12 P:26 SP:FB
E84D  D0 F8     BNE  A:00 X:82 Y:12 P:A4 SP:FB
E847  2C 02 20  BIT  A:00 X:82 Y:12 P:A4 SP:FB
E84A  30 06     BMI  A:00 X:82 Y:12 P:26 SP:FB
E84C  CA        DEX  A:00 X:82 Y:12 P:26 SP:FB
E84D  D0 F8     BNE  A:00 X:81 Y:12 P:A4 SP:FB
E847  2C 02 20  BIT  A:00 X:81 Y:12 P:A4 SP:FB
E84A  30 06     BMI  A:00 X:81 Y:12 P:26 SP:FB
E84C  CA        DEX  A:00 X:81 Y:12 P:26 SP:FB
E84D  D0 F8     BNE  A:00 X:80 Y:12 P:A4 SP:FB
E847  2C 02 20  BIT  A:00 X:80 Y:12 P:A4 SP:FB
E84A  30 06     BMI  A:00 X:80 Y:12 P:26 SP:FB
E84C  CA        DEX  A:00 X:80 Y:12 P:26 SP:FB
E84D  D0 F8     BNE  A:00 X:7F Y:12 P:24 SP:FB
E847  2C 02 20  BIT  A:00 X:7F Y:12 P:24 SP:FB
E84A  30 06     BMI  A:00 X:7F Y:12 P:26 SP:FB
E84C  CA        DEX  A:00 X:7F Y:12 P:26 SP:FB
E84D  D0 F8     BNE  A:00 X:7E Y:12 P:24 SP:FB
E847  2C 02 20  BIT  A:00 X:7E Y:12 P:24 SP:FB
E84A  30 06     BMI  A:00 X:7E Y:12 P:26 SP:FB
E84C  CA        DEX  A:00 X:7E Y:12 P:26 SP:FB
E84D  D0 F8     BNE  A:00 X:7D Y:12 P:24 SP:FB
E847  2C 02 20  BIT  A:00 X:7D Y:12 P:24 SP:FB
E84A  30 06     BMI  A:00 X:7D Y:12 P:26 SP:FB
E84C  CA        DEX  A:00 X:7D Y:12 P:26 SP:FB
E84D  D0 F8     BNE  A:00 X:7C Y:12 P:24 SP:FB
E847  2C 02 20  BIT  A:00 X:7C Y:12 P:24 SP:FB
E84A  30 06     BMI  A:00 X:7C Y:12 P:26 SP:FB
E84C  CA        DEX  A:00 X:7C Y:12 P:26 SP:FB
E84D  D0 F8     BNE  A:00 X:7B Y:12 P:24 SP:FB
E847  2C 02 20  BIT  A:00 X:7B Y:12 P:24 SP:FB
E84A  30 06     BMI  A:00 X:7B Y:12 P:26 SP:FB
E84C  CA        DEX  A:00 X:7B Y:12 P:26 SP:FB
E84D  D0 F8     BNE  A:00 X:7A Y:12 P:24 SP:FB
E847  2C 02 20  BIT  A:00 X:7A Y:12 P:24 SP:FB
E84A  30 06     BMI  A:00 X:7A Y:12 P:26 SP:FB
E84C  CA        DEX  A:00 X:7A Y:12 P:26 SP:FB
E84D  D0 F8     BNE  A:00 X:79 Y:12 P:24 SP:FB
E847  2C 02 20  BIT  A:00 X:79 Y:12 P:24 SP:FB
E84A  30 06     BMI  A:00 X:79 Y:12 P:26 SP:FB
E84C  CA        DEX  A:00 X:79 Y:12 P:26 SP:FB
E84D  D0 F8     BNE  A:00 X:78 Y:12 P:24 SP:FB
E847  2C 02 20  BIT  A:00 X:78 Y:12 P:24 SP:FB
E84A  30 06     BMI  A:00 X:78 Y:12 P:26 SP:FB
E84C  CA        DEX  A:00 X:78 Y:12 P:26 SP:FB
E84D  D0 F8     BNE  A:00 X:77 Y:12 P:24 SP:FB
E847  2C 02 20  BIT  A:00 X:77 Y:12 P:24 SP:FB
E84A  30 06     BMI  A:00 X:77 Y:12 P:26 SP:FB
E84C  CA        DEX  A:00 X:77 Y:12 P:26 SP:FB
E84D  D0 F8     BNE  A:00 X:76 Y:12 P:24 SP:FB
E847  2C 02 20  BIT  A:00 X:76 Y:12 P:24 SP:FB
E84A  30 06     BMI  A:00 X:76 Y:12 P:26 SP:FB
E84C  CA        DEX  A:00 X:76 Y:12 P:26 SP:FB
E84D  D0 F8     BNE  A:00 X:75 Y:12 P:24 SP:FB
E847  2C 02 20  BIT  A:00 X:75 Y:12 P:24 SP:FB
E84A  30 06     BMI  A:00 X:75 Y:12 P:26 SP:FB
E84C  CA        DEX  A:00 X:75 Y:12 P:26 SP:FB
E84D  D0 F8     BNE  A:00 X:74 Y:12 P:24 SP:FB
E847  2C 02 20  BIT  A:00 X:74 Y:12 P:24 SP:FB
E84A  30 06     BMI  A:00 X:74 Y:12 P:26 SP:FB
E84C  CA        DEX  A:00 X:74 Y:12 P:26 SP:FB
E84D  D0 F8     BNE  A:00 X:73 Y:12 P:24 SP:FB
E847  2C 02 20  BIT  A:00 X:73 Y:12 P:24 SP:FB
E84A  30 06     BMI  A:00 X:73 Y:12 P:26 SP:FB
E84C  CA        DEX  A:00 X:73 Y:12 P:26 SP:FB
E84D  D0 F8     BNE  A:00 X:72 Y:12 P:24 SP:FB
E847  2C 02 20  BIT  A:00 X:72 Y:12 P:24 SP:FB
E84A  30 06     BMI  A:00 X:72 Y:12 P:26 SP:FB
E84C  CA        DEX  A:00 X:72 Y:12 P:26 SP:FB
E84D  D0 F8     BNE  A:00 X:71 Y:12 P:24 SP:FB
E847  2C 02 20  BIT  A:00 X:71 Y:12 P:24 SP:FB
E84A  30 06     BMI  A:00 X:71 Y:12 P:26 SP:FB
E84C  CA        DEX  A:00 X:71 Y:12 P:26 SP:FB
E84D  D0 F8     BNE  A:00 X:70 Y:12 P:24 SP:FB
E847  2C 02 20  BIT  A:00 X:70 Y:12 P:24 SP:FB
E84A  30 06     BMI  A:00 X:70 Y:12 P:26 SP:FB
E84C  CA        DEX  A:00 X:70 Y:12 P:26 SP:FB
E84D  D0 F8     BNE  A:00 X:6F Y:12 P:24 SP:FB
E847  2C 02 20  BIT  A:00 X:6F Y:12 P:24 SP:FB
E84A  30 06     BMI  A:00 X:6F Y:12 P:26 SP:FB
E84C  CA        DEX  A:00 X:6F Y:12 P:26 SP:FB
E84D  D0 F8     BNE  A:00 X:6E Y:12 P:24 SP:FB
E847  2C 02 20  BIT  A:00 X:6E Y:12 P:24 SP:FB
E84A  30 06     BMI  A:00 X:6E Y:12 P:26 SP:FB
E84C  CA        DEX  A:00 X:6E Y:12 P:26 SP:FB
E84D  D0 F8     BNE  A:00 X:6D Y:12 P:24 SP:FB
E847  2C 02 20  BIT  A:00 X:6D Y:12 P:24 SP:FB
E84A  30 06     BMI  A:00 X:6D Y:12 P:26 SP:FB
E84C  CA        DEX  A:00 X:6D Y:12 P:26 SP:FB
E84D  D0 F8     BNE  A:00 X:6C Y:12 P:24 SP:FB
E847  2C 02 20  BIT  A:00 X:6C Y:12 P:24 SP:FB
E84A  30 06     BMI  A:00 X:6C Y:12 P:26 SP:FB
E84C  CA        DEX  A:00 X:6C Y:12 P:26 SP:FB
E84D  D0 F8     BNE  A:00 X:6B Y:12 P:24 SP:FB
E847  2C 02 20  BIT  A:00 X:6B Y:12 P:24 SP:FB
E84A  30 06     BMI  A:00 X:6B Y:12 P:26 SP:FB
E84C  CA        DEX  A:00 X:6B Y:12 P:26 SP:FB
E84D  D0 F8     BNE  A:00 X:6A Y:12 P:24 SP:FB
E847  2C 02 20  BIT  A:00 X:6A Y:12 P:24 SP:FB
E84A  30 06     BMI  A:00 X:6A Y:12 P:26 SP:FB
E84C  CA        DEX  A:00 X:6A Y:12 P:26 SP:FB
E84D  D0 F8     BNE  A:00 X:69 Y:12 P:24 SP:FB
E847  2C 02 20  BIT  A:00 X:69 Y:12 P:24 SP:FB
E84A  30 06     BMI  A:00 X:69 Y:12 P:26 SP:FB
E84C  CA        DEX  A:00 X:69 Y:12 P:26 SP:FB
E84D  D0 F8     BNE  A:00 X:68 Y:12 P:24 SP:FB
E847  2C 02 20  BIT  A:00 X:68 Y:12 P:24 SP:FB
E84A  30 06     BMI  A:00 X:68 Y:12 P:26 SP:FB
E84C  CA        DEX  A:00 X:68 Y:12 P:26 SP:FB
E84D  D0 F8     BNE  A:00 X:67 Y:12 P:24 SP:FB
E847  2C 02 20  BIT  A:00 X:67 Y:12 P:24 SP:FB
E84A  30 06     BMI  A:00 X:67 Y:12 P:26 SP:FB
E84C  CA        DEX  A:00 X:67 Y:12 P:26 SP:FB
E84D  D0 F8     BNE  A:00 X:66 Y:12 P:24 SP:FB
E847  2C 02 20  BIT  A:00 X:66 Y:12 P:24 SP:FB
E84A  30 06     BMI  A:00 X:66 Y:12 P:26 SP:FB
E84C  CA        DEX  A:00 X:66 Y:12 P:26 SP:FB
E84D  D0 F8     BNE  A:00 X:65 Y:12 P:24 SP:FB
E847  2C 02 20  BIT  A:00 X:65 Y:12 P:24 SP:FB
E84A  30 06     BMI  A:00 X:65 Y:12 P:26 SP:FB
E84C  CA        DEX  A:00 X:65 Y:12 P:26 SP:FB
E84D  D0 F8     BNE  A:00 X:64 Y:12 P:24 SP:FB
E847  2C 02 20  BIT  A:00 X:64 Y:12 P:24 SP:FB
E84A  30 06     BMI  A:00 X:64 Y:12 P:26 SP:FB
E84C  CA        DEX  A:00 X:64 Y:12 P:26 SP:FB
E84D  D0 F8     BNE  A:00 X:63 Y:12 P:24 SP:FB
E847  2C 02 20  BIT  A:00 X:63 Y:12 P:24 SP:FB
E84A  30 06     BMI  A:00 X:63 Y:12 P:26 SP:FB
E84C  CA        DEX  A:00 X:63 Y:12 P:26 SP:FB
E84D  D0 F8     BNE  A:00 X:62 Y:12 P:24 SP:FB
E847  2C 02 20  BIT  A:00 X:62 Y:12 P:24 SP:FB
E84A  30 06     BMI  A:00 X:62 Y:12 P:26 SP:FB
E84C  CA        DEX  A:00 X:62 Y:12 P:26 SP:FB
E84D  D0 F8     BNE  A:00 X:61 Y:12 P:24 SP:FB
E847  2C 02 20  BIT  A:00 X:61 Y:12 P:24 SP:FB
E84A  30 06     BMI  A:00 X:61 Y:12 P:26 SP:FB
E84C  CA        DEX  A:00 X:61 Y:12 P:26 SP:FB
E84D  D0 F8     BNE  A:00 X:60 Y:12 P:24 SP:FB
E847  2C 02 20  BIT  A:00 X:60 Y:12 P:24 SP:FB
E84A  30 06     BMI  A:00 X:60 Y:12 P:26 SP:FB
E84C  CA        DEX  A:00 X:60 Y:12 P:26 SP:FB
E84D  D0 F8     BNE  A:00 X:5F Y:12 P:24 SP:FB
E847  2C 02 20  BIT  A:00 X:5F Y:12 P:24 SP:FB
E84A  30 06     BMI  A:00 X:5F Y:12 P:26 SP:FB
E84C  CA        DEX  A:00 X:5F Y:12 P:26 SP:FB
E84D  D0 F8     BNE  A:00 X:5E Y:12 P:24 SP:FB
E847  2C 02 20  BIT  A:00 X:5E Y:12 P:24 SP:FB
E84A  30 06     BMI  A:00 X:5E Y:12 P:26 SP:FB
E84C  CA        DEX  A:00 X:5E Y:12 P:26 SP:FB
E84D  D0 F8     BNE  A:00 X:5D Y:12 P:24 SP:FB
E847  2C 02 20  BIT  A:00 X:5D Y:12 P:24 SP:FB
E84A  30 06     BMI  A:00 X:5D Y:12 P:26 SP:FB
E84C  CA        DEX  A:00 X:5D Y:12 P:26 SP:FB
E84D  D0 F8     BNE  A:00 X:5C Y:12 P:24 SP:FB
E847  2C 02 20  BIT  A:00 X:5C Y:12 P:24 SP:FB
E84A  30 06     BMI  A:00 X:5C Y:12 P:26 SP:FB
E84C  CA        DEX  A:00 X:5C Y:12 P:26 SP:FB
E84D  D0 F8     BNE  A:00 X:5B Y:12 P:24 SP:FB
E847  2C 02 20  BIT  A:00 X:5B Y:12 P:24 SP:FB
E84A  30 06     BMI  A:00 X:5B Y:12 P:26 SP:FB
E84C  CA        DEX  A:00 X:5B Y:12 P:26 SP:FB
E84D  D0 F8     BNE  A:00 X:5A Y:12 P:24 SP:FB
E847  2C 02 20  BIT  A:00 X:5A Y:12 P:24 SP:FB
E84A  30 06     BMI  A:00 X:5A Y:12 P:26 SP:FB
E84C  CA        DEX  A:00 X:5A Y:12 P:26 SP:FB
E84D  D0 F8     BNE  A:00 X:59 Y:12 P:24 SP:FB
E847  2C 02 20  BIT  A:00 X:59 Y:12 P:24 SP:FB
E84A  30 06     BMI  A:00 X:59 Y:12 P:26 SP:FB
E84C  CA        DEX  A:00 X:59 Y:12 P:26 SP:FB
E84D  D0 F8     BNE  A:00 X:58 Y:12 P:24 SP:FB
E847  2C 02 20  BIT  A:00 X:58 Y:12 P:24 SP:FB
E84A  30 06     BMI  A:00 X:58 Y:12 P:26 SP:FB
E84C  CA        DEX  A:00 X:58 Y:12 P:26 SP:FB
E84D  D0 F8     BNE  A:00 X:57 Y:12 P:24 SP:FB
E847  2C 02 20  BIT  A:00 X:57 Y:12 P:24 SP:FB
E84A  30 06     BMI  A:00 X:57 Y:12 P:26 SP:FB
E84C  CA        DEX  A:00 X:57 Y:12 P:26 SP:FB
E84D  D0 F8     BNE  A:00 X:56 Y:12 P:24 SP:FB
E847  2C 02 20  BIT  A:00 X:56 Y:12 P:24 SP:FB
E84A  30 06     BMI  A:00 X:56 Y:12 P:26 SP:FB
E84C  CA        DEX  A:00 X:56 Y:12 P:26 SP:FB
E84D  D0 F8     BNE  A:00 X:55 Y:12 P:24 SP:FB
E847  2C 02 20  BIT  A:00 X:55 Y:12 P:24 SP:FB
E84A  30 06     BMI  A:00 X:55 Y:12 P:26 SP:FB
E84C  CA        DEX  A:00 X:55 Y:12 P:26 SP:FB
E84D  D0 F8     BNE  A:00 X:54 Y:12 P:24 SP:FB
E847  2C 02 20  BIT  A:00 X:54 Y:12 P:24 SP:FB
E84A  30 06     BMI  A:00 X:54 Y:12 P:26 SP:FB
E84C  CA        DEX  A:00 X:54 Y:12 P:26 SP:FB
E84D  D0 F8     BNE  A:00 X:53 Y:12 P:24 SP:FB
E847  2C 02 20  BIT  A:00 X:53 Y:12 P:24 SP:FB
E84A  30 06     BMI  A:00 X:53 Y:12 P:26 SP:FB
E84C  CA        DEX  A:00 X:53 Y:12 P:26 SP:FB
E84D  D0 F8     BNE  A:00 X:52 Y:12 P:24 SP:FB
E847  2C 02 20  BIT  A:00 X:52 Y:12 P:24 SP:FB
E84A  30 06     BMI  A:00 X:52 Y:12 P:26 SP:FB
E84C  CA        DEX  A:00 X:52 Y:12 P:26 SP:FB
E84D  D0 F8     BNE  A:00 X:51 Y:12 P:24 SP:FB
E847  2C 02 20  BIT  A:00 X:51 Y:12 P:24 SP:FB
E84A  30 06     BMI  A:00 X:51 Y:12 P:26 SP:FB
E84C  CA        DEX  A:00 X:51 Y:12 P:26 SP:FB
E84D  D0 F8     BNE  A:00 X:50 Y:12 P:24 SP:FB
E847  2C 02 20  BIT  A:00 X:50 Y:12 P:24 SP:FB
E84A  30 06     BMI  A:00 X:50 Y:12 P:26 SP:FB
E84C  CA        DEX  A:00 X:50 Y:12 P:26 SP:FB
E84D  D0 F8     BNE  A:00 X:4F Y:12 P:24 SP:FB
E847  2C 02 20  BIT  A:00 X:4F Y:12 P:24 SP:FB
E84A  30 06     BMI  A:00 X:4F Y:12 P:26 SP:FB
E84C  CA        DEX  A:00 X:4F Y:12 P:26 SP:FB
E84D  D0 F8     BNE  A:00 X:4E Y:12 P:24 SP:FB
E847  2C 02 20  BIT  A:00 X:4E Y:12 P:24 SP:FB
E84A  30 06     BMI  A:00 X:4E Y:12 P:26 SP:FB
E84C  CA        DEX  A:00 X:4E Y:12 P:26 SP:FB
E84D  D0 F8     BNE  A:00 X:4D Y:12 P:24 SP:FB
E847  2C 02 20  BIT  A:00 X:4D Y:12 P:24 SP:FB
E84A  30 06     BMI  A:00 X:4D Y:12 P:26 SP:FB
E84C  CA        DEX  A:00 X:4D Y:12 P:26 SP:FB
E84D  D0 F8     BNE  A:00 X:4C Y:12 P:24 SP:FB
E847  2C 02 20  BIT  A:00 X:4C Y:12 P:24 SP:FB
E84A  30 06     BMI  A:00 X:4C Y:12 P:26 SP:FB
E84C  CA        DEX  A:00 X:4C Y:12 P:26 SP:FB
E84D  D0 F8     BNE  A:00 X:4B Y:12 P:24 SP:FB
E847  2C 02 20  BIT  A:00 X:4B Y:12 P:24 SP:FB
E84A  30 06     BMI  A:00 X:4B Y:12 P:26 SP:FB
E84C  CA        DEX  A:00 X:4B Y:12 P:26 SP:FB
E84D  D0 F8     BNE  A:00 X:4A Y:12 P:24 SP:FB
E847  2C 02 20  BIT  A:00 X:4A Y:12 P:24 SP:FB
E84A  30 06     BMI  A:00 X:4A Y:12 P:26 SP:FB
E84C  CA        DEX  A:00 X:4A Y:12 P:26 SP:FB
E84D  D0 F8     BNE  A:00 X:49 Y:12 P:24 SP:FB
E847  2C 02 20  BIT  A:00 X:49 Y:12 P:24 SP:FB
E84A  30 06     BMI  A:00 X:49 Y:12 P:26 SP:FB
E84C  CA        DEX  A:00 X:49 Y:12 P:26 SP:FB
E84D  D0 F8     BNE  A:00 X:48 Y:12 P:24 SP:FB
E847  2C 02 20  BIT  A:00 X:48 Y:12 P:24 SP:FB
E84A  30 06     BMI  A:00 X:48 Y:12 P:26 SP:FB
E84C  CA        DEX  A:00 X:48 Y:12 P:26 SP:FB
E84D  D0 F8     BNE  A:00 X:47 Y:12 P:24 SP:FB
E847  2C 02 20  BIT  A:00 X:47 Y:12 P:24 SP:FB
E84A  30 06     BMI  A:00 X:47 Y:12 P:26 SP:FB
E84C  CA        DEX  A:00 X:47 Y:12 P:26 SP:FB
E84D  D0 F8     BNE  A:00 X:46 Y:12 P:24 SP:FB
E847  2C 02 20  BIT  A:00 X:46 Y:12 P:24 SP:FB
E84A  30 06     BMI  A:00 X:46 Y:12 P:26 SP:FB
E84C  CA        DEX  A:00 X:46 Y:12 P:26 SP:FB
E84D  D0 F8     BNE  A:00 X:45 Y:12 P:24 SP:FB
E847  2C 02 20  BIT  A:00 X:45 Y:12 P:24 SP:FB
E84A  30 06     BMI  A:00 X:45 Y:12 P:26 SP:FB
E84C  CA        DEX  A:00 X:45 Y:12 P:26 SP:FB
E84D  D0 F8     BNE  A:00 X:44 Y:12 P:24 SP:FB
E847  2C 02 20  BIT  A:00 X:44 Y:12 P:24 SP:FB
E84A  30 06     BMI  A:00 X:44 Y:12 P:26 SP:FB
E84C  CA        DEX  A:00 X:44 Y:12 P:26 SP:FB
E84D  D0 F8     BNE  A:00 X:43 Y:12 P:24 SP:FB
E847  2C 02 20  BIT  A:00 X:43 Y:12 P:24 SP:FB
E84A  30 06     BMI  A:00 X:43 Y:12 P:26 SP:FB
E84C  CA        DEX  A:00 X:43 Y:12 P:26 SP:FB
E84D  D0 F8     BNE  A:00 X:42 Y:12 P:24 SP:FB
E847  2C 02 20  BIT  A:00 X:42 Y:12 P:24 SP:FB
E84A  30 06     BMI  A:00 X:42 Y:12 P:26 SP:FB
E84C  CA        DEX  A:00 X:42 Y:12 P:26 SP:FB
E84D  D0 F8     BNE  A:00 X:41 Y:12 P:24 SP:FB
E847  2C 02 20  BIT  A:00 X:41 Y:12 P:24 SP:FB
E84A  30 06     BMI  A:00 X:41 Y:12 P:26 SP:FB
E84C  CA        DEX  A:00 X:41 Y:12 P:26 SP:FB
E84D  D0 F8     BNE  A:00 X:40 Y:12 P:24 SP:FB
E847  2C 02 20  BIT  A:00 X:40 Y:12 P:24 SP:FB
E84A  30 06     BMI  A:00 X:40 Y:12 P:26 SP:FB
E84C  CA        DEX  A:00 X:40 Y:12 P:26 SP:FB
E84D  D0 F8     BNE  A:00 X:3F Y:12 P:24 SP:FB
E847  2C 02 20  BIT  A:00 X:3F Y:12 P:24 SP:FB
E84A  30 06     BMI  A:00 X:3F Y:12 P:26 SP:FB
E84C  CA        DEX  A:00 X:3F Y:12 P:26 SP:FB
E84D  D0 F8     BNE  A:00 X:3E Y:12 P:24 SP:FB
E847  2C 02 20  BIT  A:00 X:3E Y:12 P:24 SP:FB
E84A  30 06     BMI  A:00 X:3E Y:12 P:26 SP:FB
E84C  CA        DEX  A:00 X:3E Y:12 P:26 SP:FB
E84D  D0 F8     BNE  A:00 X:3D Y:12 P:24 SP:FB
E847  2C 02 20  BIT  A:00 X:3D Y:12 P:24 SP:FB
E84A  30 06     BMI  A:00 X:3D Y:12 P:26 SP:FB
E84C  CA        DEX  A:00 X:3D Y:12 P:26 SP:FB
E84D  D0 F8     BNE  A:00 X:3C Y:12 P:24 SP:FB
E847  2C 02 20  BIT  A:00 X:3C Y:12 P:24 SP:FB
E84A  30 06     BMI  A:00 X:3C Y:12 P:26 SP:FB
E84C  CA        DEX  A:00 X:3C Y:12 P:26 SP:FB
E84D  D0 F8     BNE  A:00 X:3B Y:12 P:24 SP:FB
E847  2C 02 20  BIT  A:00 X:3B Y:12 P:24 SP:FB
E84A  30 06     BMI  A:00 X:3B Y:12 P:26 SP:FB
E84C  CA        DEX  A:00 X:3B Y:12 P:26 SP:FB
E84D  D0 F8     BNE  A:00 X:3A Y:12 P:24 SP:FB
E847  2C 02 20  BIT  A:00 X:3A Y:12 P:24 SP:FB
E84A  30 06     BMI  A:00 X:3A Y:12 P:26 SP:FB
E84C  CA        DEX  A:00 X:3A Y:12 P:26 SP:FB
E84D  D0 F8     BNE  A:00 X:39 Y:12 P:24 SP:FB
E847  2C 02 20  BIT  A:00 X:39 Y:12 P:24 SP:FB
E84A  30 06     BMI  A:00 X:39 Y:12 P:26 SP:FB
E84C  CA        DEX  A:00 X:39 Y:12 P:26 SP:FB
E84D  D0 F8     BNE  A:00 X:38 Y:12 P:24 SP:FB
E847  2C 02 20  BIT  A:00 X:38 Y:12 P:24 SP:FB
E84A  30 06     BMI  A:00 X:38 Y:12 P:26 SP:FB
E84C  CA        DEX  A:00 X:38 Y:12 P:26 SP:FB
E84D  D0 F8     BNE  A:00 X:37 Y:12 P:24 SP:FB
E847  2C 02 20  BIT  A:00 X:37 Y:12 P:24 SP:FB
E84A  30 06     BMI  A:00 X:37 Y:12 P:26 SP:FB
E84C  CA        DEX  A:00 X:37 Y:12 P:26 SP:FB
E84D  D0 F8     BNE  A:00 X:36 Y:12 P:24 SP:FB
E847  2C 02 20  BIT  A:00 X:36 Y:12 P:24 SP:FB
E84A  30 06     BMI  A:00 X:36 Y:12 P:26 SP:FB
E84C  CA        DEX  A:00 X:36 Y:12 P:26 SP:FB
E84D  D0 F8     BNE  A:00 X:35 Y:12 P:24 SP:FB
E847  2C 02 20  BIT  A:00 X:35 Y:12 P:24 SP:FB
E84A  30 06     BMI  A:00 X:35 Y:12 P:26 SP:FB
E84C  CA        DEX  A:00 X:35 Y:12 P:26 SP:FB
E84D  D0 F8     BNE  A:00 X:34 Y:12 P:24 SP:FB
E847  2C 02 20  BIT  A:00 X:34 Y:12 P:24 SP:FB
E84A  30 06     BMI  A:00 X:34 Y:12 P:26 SP:FB
E84C  CA        DEX  A:00 X:34 Y:12 P:26 SP:FB
E84D  D0 F8     BNE  A:00 X:33 Y:12 P:24 SP:FB
E847  2C 02 20  BIT  A:00 X:33 Y:12 P:24 SP:FB
E84A  30 06     BMI  A:00 X:33 Y:12 P:26 SP:FB
E84C  CA        DEX  A:00 X:33 Y:12 P:26 SP:FB
E84D  D0 F8     BNE  A:00 X:32 Y:12 P:24 SP:FB
E847  2C 02 20  BIT  A:00 X:32 Y:12 P:24 SP:FB
E84A  30 06     BMI  A:00 X:32 Y:12 P:26 SP:FB
E84C  CA        DEX  A:00 X:32 Y:12 P:26 SP:FB
E84D  D0 F8     BNE  A:00 X:31 Y:12 P:24 SP:FB
E847  2C 02 20  BIT  A:00 X:31 Y:12 P:24 SP:FB
E84A  30 06     BMI  A:00 X:31 Y:12 P:26 SP:FB
E84C  CA        DEX  A:00 X:31 Y:12 P:26 SP:FB
E84D  D0 F8     BNE  A:00 X:30 Y:12 P:24 SP:FB
E847  2C 02 20  BIT  A:00 X:30 Y:12 P:24 SP:FB
E84A  30 06     BMI  A:00 X:30 Y:12 P:26 SP:FB
E84C  CA        DEX  A:00 X:30 Y:12 P:26 SP:FB
E84D  D0 F8     BNE  A:00 X:2F Y:12 P:24 SP:FB
E847  2C 02 20  BIT  A:00 X:2F Y:12 P:24 SP:FB
E84A  30 06     BMI  A:00 X:2F Y:12 P:26 SP:FB
E84C  CA        DEX  A:00 X:2F Y:12 P:26 SP:FB
E84D  D0 F8     BNE  A:00 X:2E Y:12 P:24 SP:FB
E847  2C 02 20  BIT  A:00 X:2E Y:12 P:24 SP:FB
E84A  30 06     BMI  A:00 X:2E Y:12 P:26 SP:FB
E84C  CA        DEX  A:00 X:2E Y:12 P:26 SP:FB
E84D  D0 F8     BNE  A:00 X:2D Y:12 P:24 SP:FB
E847  2C 02 20  BIT  A:00 X:2D Y:12 P:24 SP:FB
E84A  30 06     BMI  A:00 X:2D Y:12 P:26 SP:FB
E84C  CA        DEX  A:00 X:2D Y:12 P:26 SP:FB
E84D  D0 F8     BNE  A:00 X:2C Y:12 P:24 SP:FB
E847  2C 02 20  BIT  A:00 X:2C Y:12 P:24 SP:FB
E84A  30 06     BMI  A:00 X:2C Y:12 P:26 SP:FB
E84C  CA        DEX  A:00 X:2C Y:12 P:26 SP:FB
E84D  D0 F8     BNE  A:00 X:2B Y:12 P:24 SP:FB
E847  2C 02 20  BIT  A:00 X:2B Y:12 P:24 SP:FB
E84A  30 06     BMI  A:00 X:2B Y:12 P:26 SP:FB
E84C  CA        DEX  A:00 X:2B Y:12 P:26 SP:FB
E84D  D0 F8     BNE  A:00 X:2A Y:12 P:24 SP:FB
E847  2C 02 20  BIT  A:00 X:2A Y:12 P:24 SP:FB
E84A  30 06     BMI  A:00 X:2A Y:12 P:26 SP:FB
E84C  CA        DEX  A:00 X:2A Y:12 P:26 SP:FB
E84D  D0 F8     BNE  A:00 X:29 Y:12 P:24 SP:FB
E847  2C 02 20  BIT  A:00 X:29 Y:12 P:24 SP:FB
E84A  30 06     BMI  A:00 X:29 Y:12 P:26 SP:FB
E84C  CA        DEX  A:00 X:29 Y:12 P:26 SP:FB
E84D  D0 F8     BNE  A:00 X:28 Y:12 P:24 SP:FB
E847  2C 02 20  BIT  A:00 X:28 Y:12 P:24 SP:FB
E84A  30 06     BMI  A:00 X:28 Y:12 P:26 SP:FB
E84C  CA        DEX  A:00 X:28 Y:12 P:26 SP:FB
E84D  D0 F8     BNE  A:00 X:27 Y:12 P:24 SP:FB
E847  2C 02 20  BIT  A:00 X:27 Y:12 P:24 SP:FB
E84A  30 06     BMI  A:00 X:27 Y:12 P:26 SP:FB
E84C  CA        DEX  A:00 X:27 Y:12 P:26 SP:FB
E84D  D0 F8     BNE  A:00 X:26 Y:12 P:24 SP:FB
E847  2C 02 20  BIT  A:00 X:26 Y:12 P:24 SP:FB
E84A  30 06     BMI  A:00 X:26 Y:12 P:26 SP:FB
E84C  CA        DEX  A:00 X:26 Y:12 P:26 SP:FB
E84D  D0 F8     BNE  A:00 X:25 Y:12 P:24 SP:FB
E847  2C 02 20  BIT  A:00 X:25 Y:12 P:24 SP:FB
E84A  30 06     BMI  A:00 X:25 Y:12 P:26 SP:FB
E84C  CA        DEX  A:00 X:25 Y:12 P:26 SP:FB
E84D  D0 F8     BNE  A:00 X:24 Y:12 P:24 SP:FB
E847  2C 02 20  BIT  A:00 X:24 Y:12 P:24 SP:FB
E84A  30 06     BMI  A:00 X:24 Y:12 P:26 SP:FB
E84C  CA        DEX  A:00 X:24 Y:12 P:26 SP:FB
E84D  D0 F8     BNE  A:00 X:23 Y:12 P:24 SP:FB
E847  2C 02 20  BIT  A:00 X:23 Y:12 P:24 SP:FB
E84A  30 06     BMI  A:00 X:23 Y:12 P:26 SP:FB
E84C  CA        DEX  A:00 X:23 Y:12 P:26 SP:FB
E84D  D0 F8     BNE  A:00 X:22 Y:12 P:24 SP:FB
E847  2C 02 20  BIT  A:00 X:22 Y:12 P:24 SP:FB
E84A  30 06     BMI  A:00 X:22 Y:12 P:26 SP:FB
E84C  CA        DEX  A:00 X:22 Y:12 P:26 SP:FB
E84D  D0 F8     BNE  A:00 X:21 Y:12 P:24 SP:FB
E847  2C 02 20  BIT  A:00 X:21 Y:12 P:24 SP:FB
E84A  30 06     BMI  A:00 X:21 Y:12 P:26 SP:FB
E84C  CA        DEX  A:00 X:21 Y:12 P:26 SP:FB
E84D  D0 F8     BNE  A:00 X:20 Y:12 P:24 SP:FB
E847  2C 02 20  BIT  A:00 X:20 Y:12 P:24 SP:FB
E84A  30 06     BMI  A:00 X:20 Y:12 P:26 SP:FB
E84C  CA        DEX  A:00 X:20 Y:12 P:26 SP:FB
E84D  D0 F8     BNE  A:00 X:1F Y:12 P:24 SP:FB
E847  2C 02 20  BIT  A:00 X:1F Y:12 P:24 SP:FB
E84A  30 06     BMI  A:00 X:1F Y:12 P:26 SP:FB
E84C  CA        DEX  A:00 X:1F Y:12 P:26 SP:FB
E84D  D0 F8     BNE  A:00 X:1E Y:12 P:24 SP:FB
E847  2C 02 20  BIT  A:00 X:1E Y:12 P:24 SP:FB
E84A  30 06     BMI  A:00 X:1E Y:12 P:26 SP:FB
E84C  CA        DEX  A:00 X:1E Y:12 P:26 SP:FB
E84D  D0 F8     BNE  A:00 X:1D Y:12 P:24 SP:FB
E847  2C 02 20  BIT  A:00 X:1D Y:12 P:24 SP:FB
E84A  30 06     BMI  A:00 X:1D Y:12 P:26 SP:FB
E84C  CA        DEX  A:00 X:1D Y:12 P:26 SP:FB
E84D  D0 F8     BNE  A:00 X:1C Y:12 P:24 SP:FB
E847  2C 02 20  BIT  A:00 X:1C Y:12 P:24 SP:FB
E84A  30 06     BMI  A:00 X:1C Y:12 P:26 SP:FB
E84C  CA        DEX  A:00 X:1C Y:12 P:26 SP:FB
E84D  D0 F8     BNE  A:00 X:1B Y:12 P:24 SP:FB
E847  2C 02 20  BIT  A:00 X:1B Y:12 P:24 SP:FB
E84A  30 06     BMI  A:00 X:1B Y:12 P:26 SP:FB
E84C  CA        DEX  A:00 X:1B Y:12 P:26 SP:FB
E84D  D0 F8     BNE  A:00 X:1A Y:12 P:24 SP:FB
E847  2C 02 20  BIT  A:00 X:1A Y:12 P:24 SP:FB
E84A  30 06     BMI  A:00 X:1A Y:12 P:26 SP:FB
E84C  CA        DEX  A:00 X:1A Y:12 P:26 SP:FB
E84D  D0 F8     BNE  A:00 X:19 Y:12 P:24 SP:FB
E847  2C 02 20  BIT  A:00 X:19 Y:12 P:24 SP:FB
E84A  30 06     BMI  A:00 X:19 Y:12 P:26 SP:FB
E84C  CA        DEX  A:00 X:19 Y:12 P:26 SP:FB
E84D  D0 F8     BNE  A:00 X:18 Y:12 P:24 SP:FB
E847  2C 02 20  BIT  A:00 X:18 Y:12 P:24 SP:FB
E84A  30 06     BMI  A:00 X:18 Y:12 P:26 SP:FB
E84C  CA        DEX  A:00 X:18 Y:12 P:26 SP:FB
E84D  D0 F8     BNE  A:00 X:17 Y:12 P:24 SP:FB
E847  2C 02 20  BIT  A:00 X:17 Y:12 P:24 SP:FB
E84A  30 06     BMI  A:00 X:17 Y:12 P:26 SP:FB
E84C  CA        DEX  A:00 X:17 Y:12 P:26 SP:FB
E84D  D0 F8     BNE  A:00 X:16 Y:12 P:24 SP:FB
E847  2C 02 20  BIT  A:00 X:16 Y:12 P:24 SP:FB
E84A  30 06     BMI  A:00 X:16 Y:12 P:26 SP:FB
E84C  CA        DEX  A:00 X:16 Y:12 P:26 SP:FB
E84D  D0 F8     BNE  A:00 X:15 Y:12 P:24 SP:FB
E847  2C 02 20  BIT  A:00 X:15 Y:12 P:24 SP:FB
E84A  30 06     BMI  A:00 X:15 Y:12 P:26 SP:FB
E84C  CA        DEX  A:00 X:15 Y:12 P:26 SP:FB
E84D  D0 F8     BNE  A:00 X:14 Y:12 P:24 SP:FB
E847  2C 02 20  BIT  A:00 X:14 Y:12 P:24 SP:FB
E84A  30 06     BMI  A:00 X:14 Y:12 P:26 SP:FB
E84C  CA        DEX  A:00 X:14 Y:12 P:26 SP:FB
E84D  D0 F8     BNE  A:00 X:13 Y:12 P:24 SP:FB
E847  2C 02 20  BIT  A:00 X:13 Y:12 P:24 SP:FB
E84A  30 06     BMI  A:00 X:13 Y:12 P:26 SP:FB
E84C  CA        DEX  A:00 X:13 Y:12 P:26 SP:FB
E84D  D0 F8     BNE  A:00 X:12 Y:12 P:24 SP:FB
E847  2C 02 20  BIT  A:00 X:12 Y:12 P:24 SP:FB
E84A  30 06     BMI  A:00 X:12 Y:12 P:26 SP:FB
E84C  CA        DEX  A:00 X:12 Y:12 P:26 SP:FB
E84D  D0 F8     BNE  A:00 X:11 Y:12 P:24 SP:FB
E847  2C 02 20  BIT  A:00 X:11 Y:12 P:24 SP:FB
E84A  30 06     BMI  A:00 X:11 Y:12 P:26 SP:FB
E84C  CA        DEX  A:00 X:11 Y:12 P:26 SP:FB
E84D  D0 F8     BNE  A:00 X:10 Y:12 P:24 SP:FB
E847  2C 02 20  BIT  A:00 X:10 Y:12 P:24 SP:FB
E84A  30 06     BMI  A:00 X:10 Y:12 P:26 SP:FB
E84C  CA        DEX  A:00 X:10 Y:12 P:26 SP:FB
E84D  D0 F8     BNE  A:00 X:0F Y:12 P:24 SP:FB
E847  2C 02 20  BIT  A:00 X:0F Y:12 P:24 SP:FB
E84A  30 06     BMI  A:00 X:0F Y:12 P:26 SP:FB
E84C  CA        DEX  A:00 X:0F Y:12 P:26 SP:FB
E84D  D0 F8     BNE  A:00 X:0E Y:12 P:24 SP:FB
E847  2C 02 20  BIT  A:00 X:0E Y:12 P:24 SP:FB
E84A  30 06     BMI  A:00 X:0E Y:12 P:26 SP:FB
E84C  CA        DEX  A:00 X:0E Y:12 P:26 SP:FB
E84D  D0 F8     BNE  A:00 X:0D Y:12 P:24 SP:FB
E847  2C 02 20  BIT  A:00 X:0D Y:12 P:24 SP:FB
E84A  30 06     BMI  A:00 X:0D Y:12 P:26 SP:FB
E84C  CA        DEX  A:00 X:0D Y:12 P:26 SP:FB
E84D  D0 F8     BNE  A:00 X:0C Y:12 P:24 SP:FB
E847  2C 02 20  BIT  A:00 X:0C Y:12 P:24 SP:FB
E84A  30 06     BMI  A:00 X:0C Y:12 P:26 SP:FB
E84C  CA        DEX  A:00 X:0C Y:12 P:26 SP:FB
E84D  D0 F8     BNE  A:00 X:0B Y:12 P:24 SP:FB
E847  2C 02 20  BIT  A:00 X:0B Y:12 P:24 SP:FB
E84A  30 06     BMI  A:00 X:0B Y:12 P:26 SP:FB
E84C  CA        DEX  A:00 X:0B Y:12 P:26 SP:FB
E84D  D0 F8     BNE  A:00 X:0A Y:12 P:24 SP:FB
E847  2C 02 20  BIT  A:00 X:0A Y:12 P:24 SP:FB
E84A  30 06     BMI  A:00 X:0A Y:12 P:26 SP:FB
E84C  CA        DEX  A:00 X:0A Y:12 P:26 SP:FB
E84D  D0 F8     BNE  A:00 X:09 Y:12 P:24 SP:FB
E847  2C 02 20  BIT  A:00 X:09 Y:12 P:24 SP:FB
E84A  30 06     BMI  A:00 X:09 Y:12 P:26 SP:FB
E84C  CA        DEX  A:00 X:09 Y:12 P:26 SP:FB
E84D  D0 F8     BNE  A:00 X:08 Y:12 P:24 SP:FB
E847  2C 02 20  BIT  A:00 X:08 Y:12 P:24 SP:FB
E84A  30 06     BMI  A:00 X:08 Y:12 P:26 SP:FB
E84C  CA        DEX  A:00 X:08 Y:12 P:26 SP:FB
E84D  D0 F8     BNE  A:00 X:07 Y:12 P:24 SP:FB
E847  2C 02 20  BIT  A:00 X:07 Y:12 P:24 SP:FB
E84A  30 06     BMI  A:00 X:07 Y:12 P:26 SP:FB
E84C  CA        DEX  A:00 X:07 Y:12 P:26 SP:FB
E84D  D0 F8     BNE  A:00 X:06 Y:12 P:24 SP:FB
E847  2C 02 20  BIT  A:00 X:06 Y:12 P:24 SP:FB
E84A  30 06     BMI  A:00 X:06 Y:12 P:26 SP:FB
E84C  CA        DEX  A:00 X:06 Y:12 P:26 SP:FB
E84D  D0 F8     BNE  A:00 X:05 Y:12 P:24 SP:FB
E847  2C 02 20  BIT  A:00 X:05 Y:12 P:24 SP:FB
E84A  30 06     BMI  A:00 X:05 Y:12 P:26 SP:FB
E84C  CA        DEX  A:00 X:05 Y:12 P:26 SP:FB
E84D  D0 F8     BNE  A:00 X:04 Y:12 P:24 SP:FB
E847  2C 02 20  BIT  A:00 X:04 Y:12 P:24 SP:FB
E84A  30 06     BMI  A:00 X:04 Y:12 P:26 SP:FB
E84C  CA        DEX  A:00 X:04 Y:12 P:26 SP:FB
E84D  D0 F8     BNE  A:00 X:03 Y:12 P:24 SP:FB
E847  2C 02 20  BIT  A:00 X:03 Y:12 P:24 SP:FB
E84A  30 06     BMI  A:00 X:03 Y:12 P:26 SP:FB
E84C  CA        DEX  A:00 X:03 Y:12 P:26 SP:FB
E84D  D0 F8     BNE  A:00 X:02 Y:12 P:24 SP:FB
E847  2C 02 20  BIT  A:00 X:02 Y:12 P:24 SP:FB
E84A  30 06     BMI  A:00 X:02 Y:12 P:26 SP:FB
E84C  CA        DEX  A:00 X:02 Y:12 P:26 SP:FB
E84D  D0 F8     BNE  A:00 X:01 Y:12 P:24 SP:FB
E847  2C 02 20  BIT  A:00 X:01 Y:12 P:24 SP:FB
E84A  30 06     BMI  A:00 X:01 Y:12 P:26 SP:FB
E84C  CA        DEX  A:00 X:01 Y:12 P:26 SP:FB
E84D  D0 F8     BNE  A:00 X:00 Y:12 P:26 SP:FB
E84F  88        DEY  A:00 X:00 Y:12 P:26 SP:FB
E850  10 F5     BPL  A:00 X:00 Y:11 P:24 SP:FB
E847  2C 02 20  BIT  A:00 X:00 Y:11 P:24 SP:FB
E84A  30 06     BMI  A:00 X:00 Y:11 P:26 SP:FB
E84C  CA        DEX  A:00 X:00 Y:11 P:26 SP:FB
E84D  D0 F8     BNE  A:00 X:FF Y:11 P:A4 SP:FB
E847  2C 02 20  BIT  A:00 X:FF Y:11 P:A4 SP:FB
E84A  30 06     BMI  A:00 X:FF Y:11 P:26 SP:FB
E84C  CA        DEX  A:00 X:FF Y:11 P:26 SP:FB
E84D  D0 F8     BNE  A:00 X:FE Y:11 P:A4 SP:FB
E847  2C 02 20  BIT  A:00 X:FE Y:11 P:A4 SP:FB
E84A  30 06     BMI  A:00 X:FE Y:11 P:26 SP:FB
E84C  CA        DEX  A:00 X:FE Y:11 P:26 SP:FB
E84D  D0 F8     BNE  A:00 X:FD Y:11 P:A4 SP:FB
E847  2C 02 20  BIT  A:00 X:FD Y:11 P:A4 SP:FB
E84A  30 06     BMI  A:00 X:FD Y:11 P:26 SP:FB
E84C  CA        DEX  A:00 X:FD Y:11 P:26 SP:FB
E84D  D0 F8     BNE  A:00 X:FC Y:11 P:A4 SP:FB
E847  2C 02 20  BIT  A:00 X:FC Y:11 P:A4 SP:FB
E84A  30 06     BMI  A:00 X:FC Y:11 P:26 SP:FB
E84C  CA        DEX  A:00 X:FC Y:11 P:26 SP:FB
E84D  D0 F8     BNE  A:00 X:FB Y:11 P:A4 SP:FB
E847  2C 02 20  BIT  A:00 X:FB Y:11 P:A4 SP:FB
E84A  30 06     BMI  A:00 X:FB Y:11 P:26 SP:FB
E84C  CA        DEX  A:00 X:FB Y:11 P:26 SP:FB
E84D  D0 F8     BNE  A:00 X:FA Y:11 P:A4 SP:FB
E847  2C 02 20  BIT  A:00 X:FA Y:11 P:A4 SP:FB
E84A  30 06     BMI  A:00 X:FA Y:11 P:26 SP:FB
E84C  CA        DEX  A:00 X:FA Y:11 P:26 SP:FB
E84D  D0 F8     BNE  A:00 X:F9 Y:11 P:A4 SP:FB
E847  2C 02 20  BIT  A:00 X:F9 Y:11 P:A4 SP:FB
E84A  30 06     BMI  A:00 X:F9 Y:11 P:26 SP:FB
E84C  CA        DEX  A:00 X:F9 Y:11 P:26 SP:FB
E84D  D0 F8     BNE  A:00 X:F8 Y:11 P:A4 SP:FB
E847  2C 02 20  BIT  A:00 X:F8 Y:11 P:A4 SP:FB
E84A  30 06     BMI  A:00 X:F8 Y:11 P:26 SP:FB
E84C  CA        DEX  A:00 X:F8 Y:11 P:26 SP:FB
E84D  D0 F8     BNE  A:00 X:F7 Y:11 P:A4 SP:FB
E847  2C 02 20  BIT  A:00 X:F7 Y:11 P:A4 SP:FB
E84A  30 06     BMI  A:00 X:F7 Y:11 P:26 SP:FB
E84C  CA        DEX  A:00 X:F7 Y:11 P:26 SP:FB
E84D  D0 F8     BNE  A:00 X:F6 Y:11 P:A4 SP:FB
E847  2C 02 20  BIT  A:00 X:F6 Y:11 P:A4 SP:FB
E84A  30 06     BMI  A:00 X:F6 Y:11 P:26 SP:FB
E84C  CA        DEX  A:00 X:F6 Y:11 P:26 SP:FB
E84D  D0 F8     BNE  A:00 X:F5 Y:11 P:A4 SP:FB
E847  2C 02 20  BIT  A:00 X:F5 Y:11 P:A4 SP:FB
E84A  30 06     BMI  A:00 X:F5 Y:11 P:26 SP:FB
E84C  CA        DEX  A:00 X:F5 Y:11 P:26 SP:FB
E84D  D0 F8     BNE  A:00 X:F4 Y:11 P:A4 SP:FB
E847  2C 02 20  BIT  A:00 X:F4 Y:11 P:A4 SP:FB
E84A  30 06     BMI  A:00 X:F4 Y:11 P:26 SP:FB
E84C  CA        DEX  A:00 X:F4 Y:11 P:26 SP:FB
E84D  D0 F8     BNE  A:00 X:F3 Y:11 P:A4 SP:FB
E847  2C 02 20  BIT  A:00 X:F3 Y:11 P:A4 SP:FB
E84A  30 06     BMI  A:00 X:F3 Y:11 P:26 SP:FB
E84C  CA        DEX  A:00 X:F3 Y:11 P:26 SP:FB
E84D  D0 F8     BNE  A:00 X:F2 Y:11 P:A4 SP:FB
E847  2C 02 20  BIT  A:00 X:F2 Y:11 P:A4 SP:FB
E84A  30 06     BMI  A:00 X:F2 Y:11 P:26 SP:FB
E84C  CA        DEX  A:00 X:F2 Y:11 P:26 SP:FB
E84D  D0 F8     BNE  A:00 X:F1 Y:11 P:A4 SP:FB
E847  2C 02 20  BIT  A:00 X:F1 Y:11 P:A4 SP:FB
E84A  30 06     BMI  A:00 X:F1 Y:11 P:26 SP:FB
E84C  CA        DEX  A:00 X:F1 Y:11 P:26 SP:FB
E84D  D0 F8     BNE  A:00 X:F0 Y:11 P:A4 SP:FB
E847  2C 02 20  BIT  A:00 X:F0 Y:11 P:A4 SP:FB
E84A  30 06     BMI  A:00 X:F0 Y:11 P:26 SP:FB
E84C  CA        DEX  A:00 X:F0 Y:11 P:26 SP:FB
E84D  D0 F8     BNE  A:00 X:EF Y:11 P:A4 SP:FB
E847  2C 02 20  BIT  A:00 X:EF Y:11 P:A4 SP:FB
E84A  30 06     BMI  A:00 X:EF Y:11 P:26 SP:FB
E84C  CA        DEX  A:00 X:EF Y:11 P:26 SP:FB
E84D  D0 F8     BNE  A:00 X:EE Y:11 P:A4 SP:FB
E847  2C 02 20  BIT  A:00 X:EE Y:11 P:A4 SP:FB
E84A  30 06     BMI  A:00 X:EE Y:11 P:26 SP:FB
E84C  CA        DEX  A:00 X:EE Y:11 P:26 SP:FB
E84D  D0 F8     BNE  A:00 X:ED Y:11 P:A4 SP:FB
E847  2C 02 20  BIT  A:00 X:ED Y:11 P:A4 SP:FB
E84A  30 06     BMI  A:00 X:ED Y:11 P:26 SP:FB
E84C  CA        DEX  A:00 X:ED Y:11 P:26 SP:FB
E84D  D0 F8     BNE  A:00 X:EC Y:11 P:A4 SP:FB
E847  2C 02 20  BIT  A:00 X:EC Y:11 P:A4 SP:FB
E84A  30 06     BMI  A:00 X:EC Y:11 P:26 SP:FB
E84C  CA        DEX  A:00 X:EC Y:11 P:26 SP:FB
E84D  D0 F8     BNE  A:00 X:EB Y:11 P:A4 SP:FB
E847  2C 02 20  BIT  A:00 X:EB Y:11 P:A4 SP:FB
E84A  30 06     BMI  A:00 X:EB Y:11 P:26 SP:FB
E84C  CA        DEX  A:00 X:EB Y:11 P:26 SP:FB
E84D  D0 F8     BNE  A:00 X:EA Y:11 P:A4 SP:FB
E847  2C 02 20  BIT  A:00 X:EA Y:11 P:A4 SP:FB
E84A  30 06     BMI  A:00 X:EA Y:11 P:26 SP:FB
E84C  CA        DEX  A:00 X:EA Y:11 P:26 SP:FB
E84D  D0 F8     BNE  A:00 X:E9 Y:11 P:A4 SP:FB
E847  2C 02 20  BIT  A:00 X:E9 Y:11 P:A4 SP:FB
E84A  30 06     BMI  A:00 X:E9 Y:11 P:26 SP:FB
E84C  CA        DEX  A:00 X:E9 Y:11 P:26 SP:FB
E84D  D0 F8     BNE  A:00 X:E8 Y:11 P:A4 SP:FB
E847  2C 02 20  BIT  A:00 X:E8 Y:11 P:A4 SP:FB
E84A  30 06     BMI  A:00 X:E8 Y:11 P:26 SP:FB
E84C  CA        DEX  A:00 X:E8 Y:11 P:26 SP:FB
E84D  D0 F8     BNE  A:00 X:E7 Y:11 P:A4 SP:FB
E847  2C 02 20  BIT  A:00 X:E7 Y:11 P:A4 SP:FB
E84A  30 06     BMI  A:00 X:E7 Y:11 P:26 SP:FB
E84C  CA        DEX  A:00 X:E7 Y:11 P:26 SP:FB
E84D  D0 F8     BNE  A:00 X:E6 Y:11 P:A4 SP:FB
E847  2C 02 20  BIT  A:00 X:E6 Y:11 P:A4 SP:FB
E84A  30 06     BMI  A:00 X:E6 Y:11 P:26 SP:FB
E84C  CA        DEX  A:00 X:E6 Y:11 P:26 SP:FB
E84D  D0 F8     BNE  A:00 X:E5 Y:11 P:A4 SP:FB
E847  2C 02 20  BIT  A:00 X:E5 Y:11 P:A4 SP:FB
E84A  30 06     BMI  A:00 X:E5 Y:11 P:26 SP:FB
E84C  CA        DEX  A:00 X:E5 Y:11 P:26 SP:FB
E84D  D0 F8     BNE  A:00 X:E4 Y:11 P:A4 SP:FB
E847  2C 02 20  BIT  A:00 X:E4 Y:11 P:A4 SP:FB
E84A  30 06     BMI  A:00 X:E4 Y:11 P:26 SP:FB
E84C  CA        DEX  A:00 X:E4 Y:11 P:26 SP:FB
E84D  D0 F8     BNE  A:00 X:E3 Y:11 P:A4 SP:FB
E847  2C 02 20  BIT  A:00 X:E3 Y:11 P:A4 SP:FB
E84A  30 06     BMI  A:00 X:E3 Y:11 P:26 SP:FB
E84C  CA        DEX  A:00 X:E3 Y:11 P:26 SP:FB
E84D  D0 F8     BNE  A:00 X:E2 Y:11 P:A4 SP:FB
E847  2C 02 20  BIT  A:00 X:E2 Y:11 P:A4 SP:FB
E84A  30 06     BMI  A:00 X:E2 Y:11 P:26 SP:FB
E84C  CA        DEX  A:00 X:E2 Y:11 P:26 SP:FB
E84D  D0 F8     BNE  A:00 X:E1 Y:11 P:A4 SP:FB
E847  2C 02 20  BIT  A:00 X:E1 Y:11 P:A4 SP:FB
E84A  30 06     BMI  A:00 X:E1 Y:11 P:26 SP:FB
E84C  CA        DEX  A:00 X:E1 Y:11 P:26 SP:FB
E84D  D0 F8     BNE  A:00 X:E0 Y:11 P:A4 SP:FB
E847  2C 02 20  BIT  A:00 X:E0 Y:11 P:A4 SP:FB
E84A  30 06     BMI  A:00 X:E0 Y:11 P:26 SP:FB
E84C  CA        DEX  A:00 X:E0 Y:11 P:26 SP:FB
E84D  D0 F8     BNE  A:00 X:DF Y:11 P:A4 SP:FB
E847  2C 02 20  BIT  A:00 X:DF Y:11 P:A4 SP:FB
E84A  30 06     BMI  A:00 X:DF Y:11 P:26 SP:FB
E84C  CA        DEX  A:00 X:DF Y:11 P:26 SP:FB
E84D  D0 F8     BNE  A:00 X:DE Y:11 P:A4 SP:FB
E847  2C 02 20  BIT  A:00 X:DE Y:11 P:A4 SP:FB
E84A  30 06     BMI  A:00 X:DE Y:11 P:26 SP:FB
E84C  CA        DEX  A:00 X:DE Y:11 P:26 SP:FB
E84D  D0 F8     BNE  A:00 X:DD Y:11 P:A4 SP:FB
E847  2C 02 20  BIT  A:00 X:DD Y:11 P:A4 SP:FB
E84A  30 06     BMI  A:00 X:DD Y:11 P:26 SP:FB
E84C  CA        DEX  A:00 X:DD Y:11 P:26 SP:FB
E84D  D0 F8     BNE  A:00 X:DC Y:11 P:A4 SP:FB
E847  2C 02 20  BIT  A:00 X:DC Y:11 P:A4 SP:FB
E84A  30 06     BMI  A:00 X:DC Y:11 P:26 SP:FB
E84C  CA        DEX  A:00 X:DC Y:11 P:26 SP:FB
E84D  D0 F8     BNE  A:00 X:DB Y:11 P:A4 SP:FB
E847  2C 02 20  BIT  A:00 X:DB Y:11 P:A4 SP:FB
E84A  30 06     BMI  A:00 X:DB Y:11 P:26 SP:FB
E84C  CA        DEX  A:00 X:DB Y:11 P:26 SP:FB
E84D  D0 F8     BNE  A:00 X:DA Y:11 P:A4 SP:FB
E847  2C 02 20  BIT  A:00 X:DA Y:11 P:A4 SP:FB
E84A  30 06     BMI  A:00 X:DA Y:11 P:26 SP:FB
E84C  CA        DEX  A:00 X:DA Y:11 P:26 SP:FB
E84D  D0 F8     BNE  A:00 X:D9 Y:11 P:A4 SP:FB
E847  2C 02 20  BIT  A:00 X:D9 Y:11 P:A4 SP:FB
E84A  30 06     BMI  A:00 X:D9 Y:11 P:26 SP:FB
E84C  CA        DEX  A:00 X:D9 Y:11 P:26 SP:FB
E84D  D0 F8     BNE  A:00 X:D8 Y:11 P:A4 SP:FB
E847  2C 02 20  BIT  A:00 X:D8 Y:11 P:A4 SP:FB
E84A  30 06     BMI  A:00 X:D8 Y:11 P:26 SP:FB
E84C  CA        DEX  A:00 X:D8 Y:11 P:26 SP:FB
E84D  D0 F8     BNE  A:00 X:D7 Y:11 P:A4 SP:FB
E847  2C 02 20  BIT  A:00 X:D7 Y:11 P:A4 SP:FB
E84A  30 06     BMI  A:00 X:D7 Y:11 P:26 SP:FB
E84C  CA        DEX  A:00 X:D7 Y:11 P:26 SP:FB
E84D  D0 F8     BNE  A:00 X:D6 Y:11 P:A4 SP:FB
E847  2C 02 20  BIT  A:00 X:D6 Y:11 P:A4 SP:FB
E84A  30 06     BMI  A:00 X:D6 Y:11 P:26 SP:FB
E84C  CA        DEX  A:00 X:D6 Y:11 P:26 SP:FB
E84D  D0 F8     BNE  A:00 X:D5 Y:11 P:A4 SP:FB
E847  2C 02 20  BIT  A:00 X:D5 Y:11 P:A4 SP:FB
E84A  30 06     BMI  A:00 X:D5 Y:11 P:26 SP:FB
E84C  CA        DEX  A:00 X:D5 Y:11 P:26 SP:FB
E84D  D0 F8     BNE  A:00 X:D4 Y:11 P:A4 SP:FB
E847  2C 02 20  BIT  A:00 X:D4 Y:11 P:A4 SP:FB
E84A  30 06     BMI  A:00 X:D4 Y:11 P:26 SP:FB
E84C  CA        DEX  A:00 X:D4 Y:11 P:26 SP:FB
E84D  D0 F8     BNE  A:00 X:D3 Y:11 P:A4 SP:FB
E847  2C 02 20  BIT  A:00 X:D3 Y:11 P:A4 SP:FB
E84A  30 06     BMI  A:00 X:D3 Y:11 P:26 SP:FB
E84C  CA        DEX  A:00 X:D3 Y:11 P:26 SP:FB
E84D  D0 F8     BNE  A:00 X:D2 Y:11 P:A4 SP:FB
E847  2C 02 20  BIT  A:00 X:D2 Y:11 P:A4 SP:FB
E84A  30 06     BMI  A:00 X:D2 Y:11 P:26 SP:FB
E84C  CA        DEX  A:00 X:D2 Y:11 P:26 SP:FB
E84D  D0 F8     BNE  A:00 X:D1 Y:11 P:A4 SP:FB
E847  2C 02 20  BIT  A:00 X:D1 Y:11 P:A4 SP:FB
E84A  30 06     BMI  A:00 X:D1 Y:11 P:26 SP:FB
E84C  CA        DEX  A:00 X:D1 Y:11 P:26 SP:FB
E84D  D0 F8     BNE  A:00 X:D0 Y:11 P:A4 SP:FB
E847  2C 02 20  BIT  A:00 X:D0 Y:11 P:A4 SP:FB
E84A  30 06     BMI  A:00 X:D0 Y:11 P:26 SP:FB
E84C  CA        DEX  A:00 X:D0 Y:11 P:26 SP:FB
E84D  D0 F8     BNE  A:00 X:CF Y:11 P:A4 SP:FB
E847  2C 02 20  BIT  A:00 X:CF Y:11 P:A4 SP:FB
E84A  30 06     BMI  A:00 X:CF Y:11 P:26 SP:FB
E84C  CA        DEX  A:00 X:CF Y:11 P:26 SP:FB
E84D  D0 F8     BNE  A:00 X:CE Y:11 P:A4 SP:FB
E847  2C 02 20  BIT  A:00 X:CE Y:11 P:A4 SP:FB
E84A  30 06     BMI  A:00 X:CE Y:11 P:26 SP:FB
E84C  CA        DEX  A:00 X:CE Y:11 P:26 SP:FB
E84D  D0 F8     BNE  A:00 X:CD Y:11 P:A4 SP:FB
E847  2C 02 20  BIT  A:00 X:CD Y:11 P:A4 SP:FB
E84A  30 06     BMI  A:00 X:CD Y:11 P:26 SP:FB
E84C  CA        DEX  A:00 X:CD Y:11 P:26 SP:FB
E84D  D0 F8     BNE  A:00 X:CC Y:11 P:A4 SP:FB
E847  2C 02 20  BIT  A:00 X:CC Y:11 P:A4 SP:FB
E84A  30 06     BMI  A:00 X:CC Y:11 P:26 SP:FB
E84C  CA        DEX  A:00 X:CC Y:11 P:26 SP:FB
E84D  D0 F8     BNE  A:00 X:CB Y:11 P:A4 SP:FB
E847  2C 02 20  BIT  A:00 X:CB Y:11 P:A4 SP:FB
E84A  30 06     BMI  A:00 X:CB Y:11 P:26 SP:FB
E84C  CA        DEX  A:00 X:CB Y:11 P:26 SP:FB
E84D  D0 F8     BNE  A:00 X:CA Y:11 P:A4 SP:FB
E847  2C 02 20  BIT  A:00 X:CA Y:11 P:A4 SP:FB
E84A  30 06     BMI  A:00 X:CA Y:11 P:26 SP:FB
E84C  CA        DEX  A:00 X:CA Y:11 P:26 SP:FB
E84D  D0 F8     BNE  A:00 X:C9 Y:11 P:A4 SP:FB
E847  2C 02 20  BIT  A:00 X:C9 Y:11 P:A4 SP:FB
E84A  30 06     BMI  A:00 X:C9 Y:11 P:26 SP:FB
E84C  CA        DEX  A:00 X:C9 Y:11 P:26 SP:FB
E84D  D0 F8     BNE  A:00 X:C8 Y:11 P:A4 SP:FB
E847  2C 02 20  BIT  A:00 X:C8 Y:11 P:A4 SP:FB
E84A  30 06     BMI  A:00 X:C8 Y:11 P:26 SP:FB
E84C  CA        DEX  A:00 X:C8 Y:11 P:26 SP:FB
E84D  D0 F8     BNE  A:00 X:C7 Y:11 P:A4 SP:FB
E847  2C 02 20  BIT  A:00 X:C7 Y:11 P:A4 SP:FB
E84A  30 06     BMI  A:00 X:C7 Y:11 P:26 SP:FB
E84C  CA        DEX  A:00 X:C7 Y:11 P:26 SP:FB
E84D  D0 F8     BNE  A:00 X:C6 Y:11 P:A4 SP:FB
E847  2C 02 20  BIT  A:00 X:C6 Y:11 P:A4 SP:FB
E84A  30 06     BMI  A:00 X:C6 Y:11 P:26 SP:FB
E84C  CA        DEX  A:00 X:C6 Y:11 P:26 SP:FB
E84D  D0 F8     BNE  A:00 X:C5 Y:11 P:A4 SP:FB
E847  2C 02 20  BIT  A:00 X:C5 Y:11 P:A4 SP:FB
E84A  30 06     BMI  A:00 X:C5 Y:11 P:26 SP:FB
E84C  CA        DEX  A:00 X:C5 Y:11 P:26 SP:FB
E84D  D0 F8     BNE  A:00 X:C4 Y:11 P:A4 SP:FB
E847  2C 02 20  BIT  A:00 X:C4 Y:11 P:A4 SP:FB
E84A  30 06     BMI  A:00 X:C4 Y:11 P:26 SP:FB
E84C  CA        DEX  A:00 X:C4 Y:11 P:26 SP:FB
E84D  D0 F8     BNE  A:00 X:C3 Y:11 P:A4 SP:FB
E847  2C 02 20  BIT  A:00 X:C3 Y:11 P:A4 SP:FB
E84A  30 06     BMI  A:00 X:C3 Y:11 P:26 SP:FB
E84C  CA        DEX  A:00 X:C3 Y:11 P:26 SP:FB
E84D  D0 F8     BNE  A:00 X:C2 Y:11 P:A4 SP:FB
E847  2C 02 20  BIT  A:00 X:C2 Y:11 P:A4 SP:FB
E84A  30 06     BMI  A:00 X:C2 Y:11 P:26 SP:FB
E84C  CA        DEX  A:00 X:C2 Y:11 P:26 SP:FB
E84D  D0 F8     BNE  A:00 X:C1 Y:11 P:A4 SP:FB
E847  2C 02 20  BIT  A:00 X:C1 Y:11 P:A4 SP:FB
E84A  30 06     BMI  A:00 X:C1 Y:11 P:26 SP:FB
E84C  CA        DEX  A:00 X:C1 Y:11 P:26 SP:FB
E84D  D0 F8     BNE  A:00 X:C0 Y:11 P:A4 SP:FB
E847  2C 02 20  BIT  A:00 X:C0 Y:11 P:A4 SP:FB
E84A  30 06     BMI  A:00 X:C0 Y:11 P:26 SP:FB
E84C  CA        DEX  A:00 X:C0 Y:11 P:26 SP:FB
E84D  D0 F8     BNE  A:00 X:BF Y:11 P:A4 SP:FB
E847  2C 02 20  BIT  A:00 X:BF Y:11 P:A4 SP:FB
E84A  30 06     BMI  A:00 X:BF Y:11 P:26 SP:FB
E84C  CA        DEX  A:00 X:BF Y:11 P:26 SP:FB
E84D  D0 F8     BNE  A:00 X:BE Y:11 P:A4 SP:FB
E847  2C 02 20  BIT  A:00 X:BE Y:11 P:A4 SP:FB
E84A  30 06     BMI  A:00 X:BE Y:11 P:26 SP:FB
E84C  CA        DEX  A:00 X:BE Y:11 P:26 SP:FB
E84D  D0 F8     BNE  A:00 X:BD Y:11 P:A4 SP:FB
E847  2C 02 20  BIT  A:00 X:BD Y:11 P:A4 SP:FB
E84A  30 06     BMI  A:00 X:BD Y:11 P:26 SP:FB
E84C  CA        DEX  A:00 X:BD Y:11 P:26 SP:FB
E84D  D0 F8     BNE  A:00 X:BC Y:11 P:A4 SP:FB
E847  2C 02 20  BIT  A:00 X:BC Y:11 P:A4 SP:FB
E84A  30 06     BMI  A:00 X:BC Y:11 P:26 SP:FB
E84C  CA        DEX  A:00 X:BC Y:11 P:26 SP:FB
E84D  D0 F8     BNE  A:00 X:BB Y:11 P:A4 SP:FB
E847  2C 02 20  BIT  A:00 X:BB Y:11 P:A4 SP:FB
E84A  30 06     BMI  A:00 X:BB Y:11 P:26 SP:FB
E84C  CA        DEX  A:00 X:BB Y:11 P:26 SP:FB
E84D  D0 F8     BNE  A:00 X:BA Y:11 P:A4 SP:FB
E847  2C 02 20  BIT  A:00 X:BA Y:11 P:A4 SP:FB
E84A  30 06     BMI  A:00 X:BA Y:11 P:26 SP:FB
E84C  CA        DEX  A:00 X:BA Y:11 P:26 SP:FB
E84D  D0 F8     BNE  A:00 X:B9 Y:11 P:A4 SP:FB
E847  2C 02 20  BIT  A:00 X:B9 Y:11 P:A4 SP:FB
E84A  30 06     BMI  A:00 X:B9 Y:11 P:26 SP:FB
E84C  CA        DEX  A:00 X:B9 Y:11 P:26 SP:FB
E84D  D0 F8     BNE  A:00 X:B8 Y:11 P:A4 SP:FB
E847  2C 02 20  BIT  A:00 X:B8 Y:11 P:A4 SP:FB
E84A  30 06     BMI  A:00 X:B8 Y:11 P:26 SP:FB
E84C  CA        DEX  A:00 X:B8 Y:11 P:26 SP:FB
E84D  D0 F8     BNE  A:00 X:B7 Y:11 P:A4 SP:FB
E847  2C 02 20  BIT  A:00 X:B7 Y:11 P:A4 SP:FB
E84A  30 06     BMI  A:00 X:B7 Y:11 P:26 SP:FB
E84C  CA        DEX  A:00 X:B7 Y:11 P:26 SP:FB
E84D  D0 F8     BNE  A:00 X:B6 Y:11 P:A4 SP:FB
E847  2C 02 20  BIT  A:00 X:B6 Y:11 P:A4 SP:FB
E84A  30 06     BMI  A:00 X:B6 Y:11 P:26 SP:FB
E84C  CA        DEX  A:00 X:B6 Y:11 P:26 SP:FB
E84D  D0 F8     BNE  A:00 X:B5 Y:11 P:A4 SP:FB
E847  2C 02 20  BIT  A:00 X:B5 Y:11 P:A4 SP:FB
E84A  30 06     BMI  A:00 X:B5 Y:11 P:26 SP:FB
E84C  CA        DEX  A:00 X:B5 Y:11 P:26 SP:FB
E84D  D0 F8     BNE  A:00 X:B4 Y:11 P:A4 SP:FB
E847  2C 02 20  BIT  A:00 X:B4 Y:11 P:A4 SP:FB
E84A  30 06     BMI  A:00 X:B4 Y:11 P:26 SP:FB
E84C  CA        DEX  A:00 X:B4 Y:11 P:26 SP:FB
E84D  D0 F8     BNE  A:00 X:B3 Y:11 P:A4 SP:FB
E847  2C 02 20  BIT  A:00 X:B3 Y:11 P:A4 SP:FB
E84A  30 06     BMI  A:00 X:B3 Y:11 P:26 SP:FB
E84C  CA        DEX  A:00 X:B3 Y:11 P:26 SP:FB
E84D  D0 F8     BNE  A:00 X:B2 Y:11 P:A4 SP:FB
E847  2C 02 20  BIT  A:00 X:B2 Y:11 P:A4 SP:FB
E84A  30 06     BMI  A:00 X:B2 Y:11 P:26 SP:FB
E84C  CA        DEX  A:00 X:B2 Y:11 P:26 SP:FB
E84D  D0 F8     BNE  A:00 X:B1 Y:11 P:A4 SP:FB
E847  2C 02 20  BIT  A:00 X:B1 Y:11 P:A4 SP:FB
E84A  30 06     BMI  A:00 X:B1 Y:11 P:26 SP:FB
E84C  CA        DEX  A:00 X:B1 Y:11 P:26 SP:FB
E84D  D0 F8     BNE  A:00 X:B0 Y:11 P:A4 SP:FB
E847  2C 02 20  BIT  A:00 X:B0 Y:11 P:A4 SP:FB
E84A  30 06     BMI  A:00 X:B0 Y:11 P:26 SP:FB
E84C  CA        DEX  A:00 X:B0 Y:11 P:26 SP:FB
E84D  D0 F8     BNE  A:00 X:AF Y:11 P:A4 SP:FB
E847  2C 02 20  BIT  A:00 X:AF Y:11 P:A4 SP:FB
E84A  30 06     BMI  A:00 X:AF Y:11 P:26 SP:FB
E84C  CA        DEX  A:00 X:AF Y:11 P:26 SP:FB
E84D  D0 F8     BNE  A:00 X:AE Y:11 P:A4 SP:FB
E847  2C 02 20  BIT  A:00 X:AE Y:11 P:A4 SP:FB
E84A  30 06     BMI  A:00 X:AE Y:11 P:26 SP:FB
E84C  CA        DEX  A:00 X:AE Y:11 P:26 SP:FB
E84D  D0 F8     BNE  A:00 X:AD Y:11 P:A4 SP:FB
E847  2C 02 20  BIT  A:00 X:AD Y:11 P:A4 SP:FB
E84A  30 06     BMI  A:00 X:AD Y:11 P:26 SP:FB
E84C  CA        DEX  A:00 X:AD Y:11 P:26 SP:FB
E84D  D0 F8     BNE  A:00 X:AC Y:11 P:A4 SP:FB
E847  2C 02 20  BIT  A:00 X:AC Y:11 P:A4 SP:FB
E84A  30 06     BMI  A:00 X:AC Y:11 P:26 SP:FB
E84C  CA        DEX  A:00 X:AC Y:11 P:26 SP:FB
E84D  D0 F8     BNE  A:00 X:AB Y:11 P:A4 SP:FB
E847  2C 02 20  BIT  A:00 X:AB Y:11 P:A4 SP:FB
E84A  30 06     BMI  A:00 X:AB Y:11 P:26 SP:FB
E84C  CA        DEX  A:00 X:AB Y:11 P:26 SP:FB
E84D  D0 F8     BNE  A:00 X:AA Y:11 P:A4 SP:FB
E847  2C 02 20  BIT  A:00 X:AA Y:11 P:A4 SP:FB
E84A  30 06     BMI  A:00 X:AA Y:11 P:26 SP:FB
E84C  CA        DEX  A:00 X:AA Y:11 P:26 SP:FB
E84D  D0 F8     BNE  A:00 X:A9 Y:11 P:A4 SP:FB
E847  2C 02 20  BIT  A:00 X:A9 Y:11 P:A4 SP:FB
E84A  30 06     BMI  A:00 X:A9 Y:11 P:26 SP:FB
E84C  CA        DEX  A:00 X:A9 Y:11 P:26 SP:FB
E84D  D0 F8     BNE  A:00 X:A8 Y:11 P:A4 SP:FB
E847  2C 02 20  BIT  A:00 X:A8 Y:11 P:A4 SP:FB
E84A  30 06     BMI  A:00 X:A8 Y:11 P:26 SP:FB
E84C  CA        DEX  A:00 X:A8 Y:11 P:26 SP:FB
E84D  D0 F8     BNE  A:00 X:A7 Y:11 P:A4 SP:FB
E847  2C 02 20  BIT  A:00 X:A7 Y:11 P:A4 SP:FB
E84A  30 06     BMI  A:00 X:A7 Y:11 P:26 SP:FB
E84C  CA        DEX  A:00 X:A7 Y:11 P:26 SP:FB
E84D  D0 F8     BNE  A:00 X:A6 Y:11 P:A4 SP:FB
E847  2C 02 20  BIT  A:00 X:A6 Y:11 P:A4 SP:FB
E84A  30 06     BMI  A:00 X:A6 Y:11 P:26 SP:FB
E84C  CA        DEX  A:00 X:A6 Y:11 P:26 SP:FB
E84D  D0 F8     BNE  A:00 X:A5 Y:11 P:A4 SP:FB
E847  2C 02 20  BIT  A:00 X:A5 Y:11 P:A4 SP:FB
E84A  30 06     BMI  A:00 X:A5 Y:11 P:26 SP:FB
E84C  CA        DEX  A:00 X:A5 Y:11 P:26 SP:FB
E84D  D0 F8     BNE  A:00 X:A4 Y:11 P:A4 SP:FB
E847  2C 02 20  BIT  A:00 X:A4 Y:11 P:A4 SP:FB
E84A  30 06     BMI  A:00 X:A4 Y:11 P:26 SP:FB
E84C  CA        DEX  A:00 X:A4 Y:11 P:26 SP:FB
E84D  D0 F8     BNE  A:00 X:A3 Y:11 P:A4 SP:FB
E847  2C 02 20  BIT  A:00 X:A3 Y:11 P:A4 SP:FB
E84A  30 06     BMI  A:00 X:A3 Y:11 P:26 SP:FB
E84C  CA        DEX  A:00 X:A3 Y:11 P:26 SP:FB
E84D  D0 F8     BNE  A:00 X:A2 Y:11 P:A4 SP:FB
E847  2C 02 20  BIT  A:00 X:A2 Y:11 P:A4 SP:FB
E84A  30 06     BMI  A:00 X:A2 Y:11 P:26 SP:FB
E84C  CA        DEX  A:00 X:A2 Y:11 P:26 SP:FB
E84D  D0 F8     BNE  A:00 X:A1 Y:11 P:A4 SP:FB
E847  2C 02 20  BIT  A:00 X:A1 Y:11 P:A4 SP:FB
E84A  30 06     BMI  A:00 X:A1 Y:11 P:26 SP:FB
E84C  CA        DEX  A:00 X:A1 Y:11 P:26 SP:FB
E84D  D0 F8     BNE  A:00 X:A0 Y:11 P:A4 SP:FB
E847  2C 02 20  BIT  A:00 X:A0 Y:11 P:A4 SP:FB
E84A  30 06     BMI  A:00 X:A0 Y:11 P:26 SP:FB
E84C  CA        DEX  A:00 X:A0 Y:11 P:26 SP:FB
E84D  D0 F8     BNE  A:00 X:9F Y:11 P:A4 SP:FB
E847  2C 02 20  BIT  A:00 X:9F Y:11 P:A4 SP:FB
E84A  30 06     BMI  A:00 X:9F Y:11 P:26 SP:FB
E84C  CA        DEX  A:00 X:9F Y:11 P:26 SP:FB
E84D  D0 F8     BNE  A:00 X:9E Y:11 P:A4 SP:FB
E847  2C 02 20  BIT  A:00 X:9E Y:11 P:A4 SP:FB
E84A  30 06     BMI  A:00 X:9E Y:11 P:26 SP:FB
E84C  CA        DEX  A:00 X:9E Y:11 P:26 SP:FB
E84D  D0 F8     BNE  A:00 X:9D Y:11 P:A4 SP:FB
E847  2C 02 20  BIT  A:00 X:9D Y:11 P:A4 SP:FB
E84A  30 06     BMI  A:00 X:9D Y:11 P:26 SP:FB
E84C  CA        DEX  A:00 X:9D Y:11 P:26 SP:FB
E84D  D0 F8     BNE  A:00 X:9C Y:11 P:A4 SP:FB
E847  2C 02 20  BIT  A:00 X:9C Y:11 P:A4 SP:FB
E84A  30 06     BMI  A:00 X:9C Y:11 P:26 SP:FB
E84C  CA        DEX  A:00 X:9C Y:11 P:26 SP:FB
E84D  D0 F8     BNE  A:00 X:9B Y:11 P:A4 SP:FB
E847  2C 02 20  BIT  A:00 X:9B Y:11 P:A4 SP:FB
E84A  30 06     BMI  A:00 X:9B Y:11 P:26 SP:FB
E84C  CA        DEX  A:00 X:9B Y:11 P:26 SP:FB
E84D  D0 F8     BNE  A:00 X:9A Y:11 P:A4 SP:FB
E847  2C 02 20  BIT  A:00 X:9A Y:11 P:A4 SP:FB
E84A  30 06     BMI  A:00 X:9A Y:11 P:26 SP:FB
E84C  CA        DEX  A:00 X:9A Y:11 P:26 SP:FB
E84D  D0 F8     BNE  A:00 X:99 Y:11 P:A4 SP:FB
E847  2C 02 20  BIT  A:00 X:99 Y:11 P:A4 SP:FB
E84A  30 06     BMI  A:00 X:99 Y:11 P:26 SP:FB
E84C  CA        DEX  A:00 X:99 Y:11 P:26 SP:FB
E84D  D0 F8     BNE  A:00 X:98 Y:11 P:A4 SP:FB
E847  2C 02 20  BIT  A:00 X:98 Y:11 P:A4 SP:FB
E84A  30 06     BMI  A:00 X:98 Y:11 P:26 SP:FB
E84C  CA        DEX  A:00 X:98 Y:11 P:26 SP:FB
E84D  D0 F8     BNE  A:00 X:97 Y:11 P:A4 SP:FB
E847  2C 02 20  BIT  A:00 X:97 Y:11 P:A4 SP:FB
E84A  30 06     BMI  A:00 X:97 Y:11 P:26 SP:FB
E84C  CA        DEX  A:00 X:97 Y:11 P:26 SP:FB
E84D  D0 F8     BNE  A:00 X:96 Y:11 P:A4 SP:FB
E847  2C 02 20  BIT  A:00 X:96 Y:11 P:A4 SP:FB
E84A  30 06     BMI  A:00 X:96 Y:11 P:26 SP:FB
E84C  CA        DEX  A:00 X:96 Y:11 P:26 SP:FB
E84D  D0 F8     BNE  A:00 X:95 Y:11 P:A4 SP:FB
E847  2C 02 20  BIT  A:00 X:95 Y:11 P:A4 SP:FB
E84A  30 06     BMI  A:00 X:95 Y:11 P:26 SP:FB
E84C  CA        DEX  A:00 X:95 Y:11 P:26 SP:FB
E84D  D0 F8     BNE  A:00 X:94 Y:11 P:A4 SP:FB
E847  2C 02 20  BIT  A:00 X:94 Y:11 P:A4 SP:FB
E84A  30 06     BMI  A:00 X:94 Y:11 P:26 SP:FB
E84C  CA        DEX  A:00 X:94 Y:11 P:26 SP:FB
E84D  D0 F8     BNE  A:00 X:93 Y:11 P:A4 SP:FB
E847  2C 02 20  BIT  A:00 X:93 Y:11 P:A4 SP:FB
E84A  30 06     BMI  A:00 X:93 Y:11 P:26 SP:FB
E84C  CA        DEX  A:00 X:93 Y:11 P:26 SP:FB
E84D  D0 F8     BNE  A:00 X:92 Y:11 P:A4 SP:FB
E847  2C 02 20  BIT  A:00 X:92 Y:11 P:A4 SP:FB
E84A  30 06     BMI  A:00 X:92 Y:11 P:26 SP:FB
E84C  CA        DEX  A:00 X:92 Y:11 P:26 SP:FB
E84D  D0 F8     BNE  A:00 X:91 Y:11 P:A4 SP:FB
E847  2C 02 20  BIT  A:00 X:91 Y:11 P:A4 SP:FB
E84A  30 06     BMI  A:00 X:91 Y:11 P:26 SP:FB
E84C  CA        DEX  A:00 X:91 Y:11 P:26 SP:FB
E84D  D0 F8     BNE  A:00 X:90 Y:11 P:A4 SP:FB
E847  2C 02 20  BIT  A:00 X:90 Y:11 P:A4 SP:FB
E84A  30 06     BMI  A:00 X:90 Y:11 P:26 SP:FB
E84C  CA        DEX  A:00 X:90 Y:11 P:26 SP:FB
E84D  D0 F8     BNE  A:00 X:8F Y:11 P:A4 SP:FB
E847  2C 02 20  BIT  A:00 X:8F Y:11 P:A4 SP:FB
E84A  30 06     BMI  A:00 X:8F Y:11 P:26 SP:FB
E84C  CA        DEX  A:00 X:8F Y:11 P:26 SP:FB
E84D  D0 F8     BNE  A:00 X:8E Y:11 P:A4 SP:FB
E847  2C 02 20  BIT  A:00 X:8E Y:11 P:A4 SP:FB
E84A  30 06     BMI  A:00 X:8E Y:11 P:26 SP:FB
E84C  CA        DEX  A:00 X:8E Y:11 P:26 SP:FB
E84D  D0 F8     BNE  A:00 X:8D Y:11 P:A4 SP:FB
E847  2C 02 20  BIT  A:00 X:8D Y:11 P:A4 SP:FB
E84A  30 06     BMI  A:00 X:8D Y:11 P:26 SP:FB
E84C  CA        DEX  A:00 X:8D Y:11 P:26 SP:FB
E84D  D0 F8     BNE  A:00 X:8C Y:11 P:A4 SP:FB
E847  2C 02 20  BIT  A:00 X:8C Y:11 P:A4 SP:FB
E84A  30 06     BMI  A:00 X:8C Y:11 P:26 SP:FB
E84C  CA        DEX  A:00 X:8C Y:11 P:26 SP:FB
E84D  D0 F8     BNE  A:00 X:8B Y:11 P:A4 SP:FB
E847  2C 02 20  BIT  A:00 X:8B Y:11 P:A4 SP:FB
E84A  30 06     BMI  A:00 X:8B Y:11 P:26 SP:FB
E84C  CA        DEX  A:00 X:8B Y:11 P:26 SP:FB
E84D  D0 F8     BNE  A:00 X:8A Y:11 P:A4 SP:FB
E847  2C 02 20  BIT  A:00 X:8A Y:11 P:A4 SP:FB
E84A  30 06     BMI  A:00 X:8A Y:11 P:26 SP:FB
E84C  CA        DEX  A:00 X:8A Y:11 P:26 SP:FB
E84D  D0 F8     BNE  A:00 X:89 Y:11 P:A4 SP:FB
E847  2C 02 20  BIT  A:00 X:89 Y:11 P:A4 SP:FB
E84A  30 06     BMI  A:00 X:89 Y:11 P:26 SP:FB
E84C  CA        DEX  A:00 X:89 Y:11 P:26 SP:FB
E84D  D0 F8     BNE  A:00 X:88 Y:11 P:A4 SP:FB
E847  2C 02 20  BIT  A:00 X:88 Y:11 P:A4 SP:FB
E84A  30 06     BMI  A:00 X:88 Y:11 P:26 SP:FB
E84C  CA        DEX  A:00 X:88 Y:11 P:26 SP:FB
E84D  D0 F8     BNE  A:00 X:87 Y:11 P:A4 SP:FB
E847  2C 02 20  BIT  A:00 X:87 Y:11 P:A4 SP:FB
E84A  30 06     BMI  A:00 X:87 Y:11 P:26 SP:FB
E84C  CA        DEX  A:00 X:87 Y:11 P:26 SP:FB
E84D  D0 F8     BNE  A:00 X:86 Y:11 P:A4 SP:FB
E847  2C 02 20  BIT  A:00 X:86 Y:11 P:A4 SP:FB
E84A  30 06     BMI  A:00 X:86 Y:11 P:26 SP:FB
E84C  CA        DEX  A:00 X:86 Y:11 P:26 SP:FB
E84D  D0 F8     BNE  A:00 X:85 Y:11 P:A4 SP:FB
E847  2C 02 20  BIT  A:00 X:85 Y:11 P:A4 SP:FB
E84A  30 06     BMI  A:00 X:85 Y:11 P:26 SP:FB
E84C  CA        DEX  A:00 X:85 Y:11 P:26 SP:FB
E84D  D0 F8     BNE  A:00 X:84 Y:11 P:A4 SP:FB
E847  2C 02 20  BIT  A:00 X:84 Y:11 P:A4 SP:FB
E84A  30 06     BMI  A:00 X:84 Y:11 P:26 SP:FB
E84C  CA        DEX  A:00 X:84 Y:11 P:26 SP:FB
E84D  D0 F8     BNE  A:00 X:83 Y:11 P:A4 SP:FB
E847  2C 02 20  BIT  A:00 X:83 Y:11 P:A4 SP:FB
E84A  30 06     BMI  A:00 X:83 Y:11 P:26 SP:FB
E84C  CA        DEX  A:00 X:83 Y:11 P:26 SP:FB
E84D  D0 F8     BNE  A:00 X:82 Y:11 P:A4 SP:FB
E847  2C 02 20  BIT  A:00 X:82 Y:11 P:A4 SP:FB
E84A  30 06     BMI  A:00 X:82 Y:11 P:26 SP:FB
E84C  CA        DEX  A:00 X:82 Y:11 P:26 SP:FB
E84D  D0 F8     BNE  A:00 X:81 Y:11 P:A4 SP:FB
E847  2C 02 20  BIT  A:00 X:81 Y:11 P:A4 SP:FB
E84A  30 06     BMI  A:00 X:81 Y:11 P:26 SP:FB
E84C  CA        DEX  A:00 X:81 Y:11 P:26 SP:FB
E84D  D0 F8     BNE  A:00 X:80 Y:11 P:A4 SP:FB
E847  2C 02 20  BIT  A:00 X:80 Y:11 P:A4 SP:FB
E84A  30 06     BMI  A:00 X:80 Y:11 P:26 SP:FB
E84C  CA        DEX  A:00 X:80 Y:11 P:26 SP:FB
E84D  D0 F8     BNE  A:00 X:7F Y:11 P:24 SP:FB
E847  2C 02 20  BIT  A:00 X:7F Y:11 P:24 SP:FB
E84A  30 06     BMI  A:00 X:7F Y:11 P:26 SP:FB
E84C  CA        DEX  A:00 X:7F Y:11 P:26 SP:FB
E84D  D0 F8     BNE  A:00 X:7E Y:11 P:24 SP:FB
E847  2C 02 20  BIT  A:00 X:7E Y:11 P:24 SP:FB
E84A  30 06     BMI  A:00 X:7E Y:11 P:26 SP:FB
E84C  CA        DEX  A:00 X:7E Y:11 P:26 SP:FB
E84D  D0 F8     BNE  A:00 X:7D Y:11 P:24 SP:FB
E847  2C 02 20  BIT  A:00 X:7D Y:11 P:24 SP:FB
E84A  30 06     BMI  A:00 X:7D Y:11 P:26 SP:FB
E84C  CA        DEX  A:00 X:7D Y:11 P:26 SP:FB
E84D  D0 F8     BNE  A:00 X:7C Y:11 P:24 SP:FB
E847  2C 02 20  BIT  A:00 X:7C Y:11 P:24 SP:FB
E84A  30 06     BMI  A:00 X:7C Y:11 P:26 SP:FB
E84C  CA        DEX  A:00 X:7C Y:11 P:26 SP:FB
E84D  D0 F8     BNE  A:00 X:7B Y:11 P:24 SP:FB
E847  2C 02 20  BIT  A:00 X:7B Y:11 P:24 SP:FB
E84A  30 06     BMI  A:00 X:7B Y:11 P:26 SP:FB
E84C  CA        DEX  A:00 X:7B Y:11 P:26 SP:FB
E84D  D0 F8     BNE  A:00 X:7A Y:11 P:24 SP:FB
E847  2C 02 20  BIT  A:00 X:7A Y:11 P:24 SP:FB
E84A  30 06     BMI  A:00 X:7A Y:11 P:26 SP:FB
E84C  CA        DEX  A:00 X:7A Y:11 P:26 SP:FB
E84D  D0 F8     BNE  A:00 X:79 Y:11 P:24 SP:FB
E847  2C 02 20  BIT  A:00 X:79 Y:11 P:24 SP:FB
E84A  30 06     BMI  A:00 X:79 Y:11 P:26 SP:FB
E84C  CA        DEX  A:00 X:79 Y:11 P:26 SP:FB
E84D  D0 F8     BNE  A:00 X:78 Y:11 P:24 SP:FB
E847  2C 02 20  BIT  A:00 X:78 Y:11 P:24 SP:FB
E84A  30 06     BMI  A:00 X:78 Y:11 P:26 SP:FB
E84C  CA        DEX  A:00 X:78 Y:11 P:26 SP:FB
E84D  D0 F8     BNE  A:00 X:77 Y:11 P:24 SP:FB
E847  2C 02 20  BIT  A:00 X:77 Y:11 P:24 SP:FB
E84A  30 06     BMI  A:00 X:77 Y:11 P:26 SP:FB
E84C  CA        DEX  A:00 X:77 Y:11 P:26 SP:FB
E84D  D0 F8     BNE  A:00 X:76 Y:11 P:24 SP:FB
E847  2C 02 20  BIT  A:00 X:76 Y:11 P:24 SP:FB
E84A  30 06     BMI  A:00 X:76 Y:11 P:26 SP:FB
E84C  CA        DEX  A:00 X:76 Y:11 P:26 SP:FB
E84D  D0 F8     BNE  A:00 X:75 Y:11 P:24 SP:FB
E847  2C 02 20  BIT  A:00 X:75 Y:11 P:24 SP:FB
E84A  30 06     BMI  A:00 X:75 Y:11 P:26 SP:FB
E84C  CA        DEX  A:00 X:75 Y:11 P:26 SP:FB
E84D  D0 F8     BNE  A:00 X:74 Y:11 P:24 SP:FB
E847  2C 02 20  BIT  A:00 X:74 Y:11 P:24 SP:FB
E84A  30 06     BMI  A:00 X:74 Y:11 P:26 SP:FB
E84C  CA        DEX  A:00 X:74 Y:11 P:26 SP:FB
E84D  D0 F8     BNE  A:00 X:73 Y:11 P:24 SP:FB
E847  2C 02 20  BIT  A:00 X:73 Y:11 P:24 SP:FB
E84A  30 06     BMI  A:00 X:73 Y:11 P:26 SP:FB
E84C  CA        DEX  A:00 X:73 Y:11 P:26 SP:FB
E84D  D0 F8     BNE  A:00 X:72 Y:11 P:24 SP:FB
E847  2C 02 20  BIT  A:00 X:72 Y:11 P:24 SP:FB
E84A  30 06     BMI  A:00 X:72 Y:11 P:26 SP:FB
E84C  CA        DEX  A:00 X:72 Y:11 P:26 SP:FB
E84D  D0 F8     BNE  A:00 X:71 Y:11 P:24 SP:FB
E847  2C 02 20  BIT  A:00 X:71 Y:11 P:24 SP:FB
E84A  30 06     BMI  A:00 X:71 Y:11 P:26 SP:FB
E84C  CA        DEX  A:00 X:71 Y:11 P:26 SP:FB
E84D  D0 F8     BNE  A:00 X:70 Y:11 P:24 SP:FB
E847  2C 02 20  BIT  A:00 X:70 Y:11 P:24 SP:FB
E84A  30 06     BMI  A:00 X:70 Y:11 P:26 SP:FB
E84C  CA        DEX  A:00 X:70 Y:11 P:26 SP:FB
E84D  D0 F8     BNE  A:00 X:6F Y:11 P:24 SP:FB
E847  2C 02 20  BIT  A:00 X:6F Y:11 P:24 SP:FB
E84A  30 06     BMI  A:00 X:6F Y:11 P:26 SP:FB
E84C  CA        DEX  A:00 X:6F Y:11 P:26 SP:FB
E84D  D0 F8     BNE  A:00 X:6E Y:11 P:24 SP:FB
E847  2C 02 20  BIT  A:00 X:6E Y:11 P:24 SP:FB
E84A  30 06     BMI  A:00 X:6E Y:11 P:26 SP:FB
E84C  CA        DEX  A:00 X:6E Y:11 P:26 SP:FB
E84D  D0 F8     BNE  A:00 X:6D Y:11 P:24 SP:FB
E847  2C 02 20  BIT  A:00 X:6D Y:11 P:24 SP:FB
E84A  30 06     BMI  A:00 X:6D Y:11 P:26 SP:FB
E84C  CA        DEX  A:00 X:6D Y:11 P:26 SP:FB
E84D  D0 F8     BNE  A:00 X:6C Y:11 P:24 SP:FB
E847  2C 02 20  BIT  A:00 X:6C Y:11 P:24 SP:FB
E84A  30 06     BMI  A:00 X:6C Y:11 P:26 SP:FB
E84C  CA        DEX  A:00 X:6C Y:11 P:26 SP:FB
E84D  D0 F8     BNE  A:00 X:6B Y:11 P:24 SP:FB
E847  2C 02 20  BIT  A:00 X:6B Y:11 P:24 SP:FB
E84A  30 06     BMI  A:00 X:6B Y:11 P:26 SP:FB
E84C  CA        DEX  A:00 X:6B Y:11 P:26 SP:FB
E84D  D0 F8     BNE  A:00 X:6A Y:11 P:24 SP:FB
E847  2C 02 20  BIT  A:00 X:6A Y:11 P:24 SP:FB
E84A  30 06     BMI  A:00 X:6A Y:11 P:26 SP:FB
E84C  CA        DEX  A:00 X:6A Y:11 P:26 SP:FB
E84D  D0 F8     BNE  A:00 X:69 Y:11 P:24 SP:FB
E847  2C 02 20  BIT  A:00 X:69 Y:11 P:24 SP:FB
E84A  30 06     BMI  A:00 X:69 Y:11 P:26 SP:FB
E84C  CA        DEX  A:00 X:69 Y:11 P:26 SP:FB
E84D  D0 F8     BNE  A:00 X:68 Y:11 P:24 SP:FB
E847  2C 02 20  BIT  A:00 X:68 Y:11 P:24 SP:FB
E84A  30 06     BMI  A:00 X:68 Y:11 P:26 SP:FB
E84C  CA        DEX  A:00 X:68 Y:11 P:26 SP:FB
E84D  D0 F8     BNE  A:00 X:67 Y:11 P:24 SP:FB
E847  2C 02 20  BIT  A:00 X:67 Y:11 P:24 SP:FB
E84A  30 06     BMI  A:00 X:67 Y:11 P:26 SP:FB
E84C  CA        DEX  A:00 X:67 Y:11 P:26 SP:FB
E84D  D0 F8     BNE  A:00 X:66 Y:11 P:24 SP:FB
E847  2C 02 20  BIT  A:00 X:66 Y:11 P:24 SP:FB
E84A  30 06     BMI  A:00 X:66 Y:11 P:26 SP:FB
E84C  CA        DEX  A:00 X:66 Y:11 P:26 SP:FB
E84D  D0 F8     BNE  A:00 X:65 Y:11 P:24 SP:FB
E847  2C 02 20  BIT  A:00 X:65 Y:11 P:24 SP:FB
E84A  30 06     BMI  A:00 X:65 Y:11 P:26 SP:FB
E84C  CA        DEX  A:00 X:65 Y:11 P:26 SP:FB
E84D  D0 F8     BNE  A:00 X:64 Y:11 P:24 SP:FB
E847  2C 02 20  BIT  A:00 X:64 Y:11 P:24 SP:FB
E84A  30 06     BMI  A:00 X:64 Y:11 P:26 SP:FB
E84C  CA        DEX  A:00 X:64 Y:11 P:26 SP:FB
E84D  D0 F8     BNE  A:00 X:63 Y:11 P:24 SP:FB
E847  2C 02 20  BIT  A:00 X:63 Y:11 P:24 SP:FB
E84A  30 06     BMI  A:00 X:63 Y:11 P:26 SP:FB
E84C  CA        DEX  A:00 X:63 Y:11 P:26 SP:FB
E84D  D0 F8     BNE  A:00 X:62 Y:11 P:24 SP:FB
E847  2C 02 20  BIT  A:00 X:62 Y:11 P:24 SP:FB
E84A  30 06     BMI  A:00 X:62 Y:11 P:26 SP:FB
E84C  CA        DEX  A:00 X:62 Y:11 P:26 SP:FB
E84D  D0 F8     BNE  A:00 X:61 Y:11 P:24 SP:FB
E847  2C 02 20  BIT  A:00 X:61 Y:11 P:24 SP:FB
E84A  30 06     BMI  A:00 X:61 Y:11 P:26 SP:FB
E84C  CA        DEX  A:00 X:61 Y:11 P:26 SP:FB
E84D  D0 F8     BNE  A:00 X:60 Y:11 P:24 SP:FB
E847  2C 02 20  BIT  A:00 X:60 Y:11 P:24 SP:FB
E84A  30 06     BMI  A:00 X:60 Y:11 P:26 SP:FB
E84C  CA        DEX  A:00 X:60 Y:11 P:26 SP:FB
E84D  D0 F8     BNE  A:00 X:5F Y:11 P:24 SP:FB
E847  2C 02 20  BIT  A:00 X:5F Y:11 P:24 SP:FB
E84A  30 06     BMI  A:00 X:5F Y:11 P:26 SP:FB
E84C  CA        DEX  A:00 X:5F Y:11 P:26 SP:FB
E84D  D0 F8     BNE  A:00 X:5E Y:11 P:24 SP:FB
E847  2C 02 20  BIT  A:00 X:5E Y:11 P:24 SP:FB
E84A  30 06     BMI  A:00 X:5E Y:11 P:26 SP:FB
E84C  CA        DEX  A:00 X:5E Y:11 P:26 SP:FB
E84D  D0 F8     BNE  A:00 X:5D Y:11 P:24 SP:FB
E847  2C 02 20  BIT  A:00 X:5D Y:11 P:24 SP:FB
E84A  30 06     BMI  A:00 X:5D Y:11 P:26 SP:FB
E84C  CA        DEX  A:00 X:5D Y:11 P:26 SP:FB
E84D  D0 F8     BNE  A:00 X:5C Y:11 P:24 SP:FB
E847  2C 02 20  BIT  A:00 X:5C Y:11 P:24 SP:FB
E84A  30 06     BMI  A:00 X:5C Y:11 P:26 SP:FB
E84C  CA        DEX  A:00 X:5C Y:11 P:26 SP:FB
E84D  D0 F8     BNE  A:00 X:5B Y:11 P:24 SP:FB
E847  2C 02 20  BIT  A:00 X:5B Y:11 P:24 SP:FB
E84A  30 06     BMI  A:00 X:5B Y:11 P:26 SP:FB
E84C  CA        DEX  A:00 X:5B Y:11 P:26 SP:FB
E84D  D0 F8     BNE  A:00 X:5A Y:11 P:24 SP:FB
E847  2C 02 20  BIT  A:00 X:5A Y:11 P:24 SP:FB
E84A  30 06     BMI  A:00 X:5A Y:11 P:26 SP:FB
E84C  CA        DEX  A:00 X:5A Y:11 P:26 SP:FB
E84D  D0 F8     BNE  A:00 X:59 Y:11 P:24 SP:FB
E847  2C 02 20  BIT  A:00 X:59 Y:11 P:24 SP:FB
E84A  30 06     BMI  A:00 X:59 Y:11 P:26 SP:FB
E84C  CA        DEX  A:00 X:59 Y:11 P:26 SP:FB
E84D  D0 F8     BNE  A:00 X:58 Y:11 P:24 SP:FB
E847  2C 02 20  BIT  A:00 X:58 Y:11 P:24 SP:FB
E84A  30 06     BMI  A:00 X:58 Y:11 P:26 SP:FB
E84C  CA        DEX  A:00 X:58 Y:11 P:26 SP:FB
E84D  D0 F8     BNE  A:00 X:57 Y:11 P:24 SP:FB
E847  2C 02 20  BIT  A:00 X:57 Y:11 P:24 SP:FB
E84A  30 06     BMI  A:00 X:57 Y:11 P:26 SP:FB
E84C  CA        DEX  A:00 X:57 Y:11 P:26 SP:FB
E84D  D0 F8     BNE  A:00 X:56 Y:11 P:24 SP:FB
E847  2C 02 20  BIT  A:00 X:56 Y:11 P:24 SP:FB
E84A  30 06     BMI  A:00 X:56 Y:11 P:26 SP:FB
E84C  CA        DEX  A:00 X:56 Y:11 P:26 SP:FB
E84D  D0 F8     BNE  A:00 X:55 Y:11 P:24 SP:FB
E847  2C 02 20  BIT  A:00 X:55 Y:11 P:24 SP:FB
E84A  30 06     BMI  A:00 X:55 Y:11 P:26 SP:FB
E84C  CA        DEX  A:00 X:55 Y:11 P:26 SP:FB
E84D  D0 F8     BNE  A:00 X:54 Y:11 P:24 SP:FB
E847  2C 02 20  BIT  A:00 X:54 Y:11 P:24 SP:FB
E84A  30 06     BMI  A:00 X:54 Y:11 P:26 SP:FB
E84C  CA        DEX  A:00 X:54 Y:11 P:26 SP:FB
E84D  D0 F8     BNE  A:00 X:53 Y:11 P:24 SP:FB
E847  2C 02 20  BIT  A:00 X:53 Y:11 P:24 SP:FB
E84A  30 06     BMI  A:00 X:53 Y:11 P:26 SP:FB
E84C  CA        DEX  A:00 X:53 Y:11 P:26 SP:FB
E84D  D0 F8     BNE  A:00 X:52 Y:11 P:24 SP:FB
E847  2C 02 20  BIT  A:00 X:52 Y:11 P:24 SP:FB
E84A  30 06     BMI  A:00 X:52 Y:11 P:26 SP:FB
E84C  CA        DEX  A:00 X:52 Y:11 P:26 SP:FB
E84D  D0 F8     BNE  A:00 X:51 Y:11 P:24 SP:FB
E847  2C 02 20  BIT  A:00 X:51 Y:11 P:24 SP:FB
E84A  30 06     BMI  A:00 X:51 Y:11 P:26 SP:FB
E84C  CA        DEX  A:00 X:51 Y:11 P:26 SP:FB
E84D  D0 F8     BNE  A:00 X:50 Y:11 P:24 SP:FB
E847  2C 02 20  BIT  A:00 X:50 Y:11 P:24 SP:FB
E84A  30 06     BMI  A:00 X:50 Y:11 P:26 SP:FB
E84C  CA        DEX  A:00 X:50 Y:11 P:26 SP:FB
E84D  D0 F8     BNE  A:00 X:4F Y:11 P:24 SP:FB
E847  2C 02 20  BIT  A:00 X:4F Y:11 P:24 SP:FB
E84A  30 06     BMI  A:00 X:4F Y:11 P:26 SP:FB
E84C  CA        DEX  A:00 X:4F Y:11 P:26 SP:FB
E84D  D0 F8     BNE  A:00 X:4E Y:11 P:24 SP:FB
E847  2C 02 20  BIT  A:00 X:4E Y:11 P:24 SP:FB
E84A  30 06     BMI  A:00 X:4E Y:11 P:26 SP:FB
E84C  CA        DEX  A:00 X:4E Y:11 P:26 SP:FB
E84D  D0 F8     BNE  A:00 X:4D Y:11 P:24 SP:FB
E847  2C 02 20  BIT  A:00 X:4D Y:11 P:24 SP:FB
E84A  30 06     BMI  A:00 X:4D Y:11 P:26 SP:FB
E84C  CA        DEX  A:00 X:4D Y:11 P:26 SP:FB
E84D  D0 F8     BNE  A:00 X:4C Y:11 P:24 SP:FB
E847  2C 02 20  BIT  A:00 X:4C Y:11 P:24 SP:FB
E84A  30 06     BMI  A:00 X:4C Y:11 P:26 SP:FB
E84C  CA        DEX  A:00 X:4C Y:11 P:26 SP:FB
E84D  D0 F8     BNE  A:00 X:4B Y:11 P:24 SP:FB
E847  2C 02 20  BIT  A:00 X:4B Y:11 P:24 SP:FB
E84A  30 06     BMI  A:00 X:4B Y:11 P:26 SP:FB
E84C  CA        DEX  A:00 X:4B Y:11 P:26 SP:FB
E84D  D0 F8     BNE  A:00 X:4A Y:11 P:24 SP:FB
E847  2C 02 20  BIT  A:00 X:4A Y:11 P:24 SP:FB
E84A  30 06     BMI  A:00 X:4A Y:11 P:26 SP:FB
E84C  CA        DEX  A:00 X:4A Y:11 P:26 SP:FB
E84D  D0 F8     BNE  A:00 X:49 Y:11 P:24 SP:FB
E847  2C 02 20  BIT  A:00 X:49 Y:11 P:24 SP:FB
E84A  30 06     BMI  A:00 X:49 Y:11 P:26 SP:FB
E84C  CA        DEX  A:00 X:49 Y:11 P:26 SP:FB
E84D  D0 F8     BNE  A:00 X:48 Y:11 P:24 SP:FB
E847  2C 02 20  BIT  A:00 X:48 Y:11 P:24 SP:FB
E84A  30 06     BMI  A:00 X:48 Y:11 P:26 SP:FB
E84C  CA        DEX  A:00 X:48 Y:11 P:26 SP:FB
E84D  D0 F8     BNE  A:00 X:47 Y:11 P:24 SP:FB
E847  2C 02 20  BIT  A:00 X:47 Y:11 P:24 SP:FB
E84A  30 06     BMI  A:00 X:47 Y:11 P:26 SP:FB
E84C  CA        DEX  A:00 X:47 Y:11 P:26 SP:FB
E84D  D0 F8     BNE  A:00 X:46 Y:11 P:24 SP:FB
E847  2C 02 20  BIT  A:00 X:46 Y:11 P:24 SP:FB
E84A  30 06     BMI  A:00 X:46 Y:11 P:26 SP:FB
E84C  CA        DEX  A:00 X:46 Y:11 P:26 SP:FB
E84D  D0 F8     BNE  A:00 X:45 Y:11 P:24 SP:FB
E847  2C 02 20  BIT  A:00 X:45 Y:11 P:24 SP:FB
E84A  30 06     BMI  A:00 X:45 Y:11 P:26 SP:FB
E84C  CA        DEX  A:00 X:45 Y:11 P:26 SP:FB
E84D  D0 F8     BNE  A:00 X:44 Y:11 P:24 SP:FB
E847  2C 02 20  BIT  A:00 X:44 Y:11 P:24 SP:FB
E84A  30 06     BMI  A:00 X:44 Y:11 P:26 SP:FB
E84C  CA        DEX  A:00 X:44 Y:11 P:26 SP:FB
E84D  D0 F8     BNE  A:00 X:43 Y:11 P:24 SP:FB
E847  2C 02 20  BIT  A:00 X:43 Y:11 P:24 SP:FB
E84A  30 06     BMI  A:00 X:43 Y:11 P:26 SP:FB
E84C  CA        DEX  A:00 X:43 Y:11 P:26 SP:FB
E84D  D0 F8     BNE  A:00 X:42 Y:11 P:24 SP:FB
E847  2C 02 20  BIT  A:00 X:42 Y:11 P:24 SP:FB
E84A  30 06     BMI  A:00 X:42 Y:11 P:26 SP:FB
E84C  CA        DEX  A:00 X:42 Y:11 P:26 SP:FB
E84D  D0 F8     BNE  A:00 X:41 Y:11 P:24 SP:FB
E847  2C 02 20  BIT  A:00 X:41 Y:11 P:24 SP:FB
E84A  30 06     BMI  A:00 X:41 Y:11 P:26 SP:FB
E84C  CA        DEX  A:00 X:41 Y:11 P:26 SP:FB
E84D  D0 F8     BNE  A:00 X:40 Y:11 P:24 SP:FB
E847  2C 02 20  BIT  A:00 X:40 Y:11 P:24 SP:FB
E84A  30 06     BMI  A:00 X:40 Y:11 P:26 SP:FB
E84C  CA        DEX  A:00 X:40 Y:11 P:26 SP:FB
E84D  D0 F8     BNE  A:00 X:3F Y:11 P:24 SP:FB
E847  2C 02 20  BIT  A:00 X:3F Y:11 P:24 SP:FB
E84A  30 06     BMI  A:00 X:3F Y:11 P:26 SP:FB
E84C  CA        DEX  A:00 X:3F Y:11 P:26 SP:FB
E84D  D0 F8     BNE  A:00 X:3E Y:11 P:24 SP:FB
E847  2C 02 20  BIT  A:00 X:3E Y:11 P:24 SP:FB
E84A  30 06     BMI  A:00 X:3E Y:11 P:26 SP:FB
E84C  CA        DEX  A:00 X:3E Y:11 P:26 SP:FB
E84D  D0 F8     BNE  A:00 X:3D Y:11 P:24 SP:FB
E847  2C 02 20  BIT  A:00 X:3D Y:11 P:24 SP:FB
E84A  30 06     BMI  A:00 X:3D Y:11 P:26 SP:FB
E84C  CA        DEX  A:00 X:3D Y:11 P:26 SP:FB
E84D  D0 F8     BNE  A:00 X:3C Y:11 P:24 SP:FB
E847  2C 02 20  BIT  A:00 X:3C Y:11 P:24 SP:FB
E84A  30 06     BMI  A:00 X:3C Y:11 P:26 SP:FB
E84C  CA        DEX  A:00 X:3C Y:11 P:26 SP:FB
E84D  D0 F8     BNE  A:00 X:3B Y:11 P:24 SP:FB
E847  2C 02 20  BIT  A:00 X:3B Y:11 P:24 SP:FB
E84A  30 06     BMI  A:00 X:3B Y:11 P:26 SP:FB
E84C  CA        DEX  A:00 X:3B Y:11 P:26 SP:FB
E84D  D0 F8     BNE  A:00 X:3A Y:11 P:24 SP:FB
E847  2C 02 20  BIT  A:00 X:3A Y:11 P:24 SP:FB
E84A  30 06     BMI  A:00 X:3A Y:11 P:26 SP:FB
E84C  CA        DEX  A:00 X:3A Y:11 P:26 SP:FB
E84D  D0 F8     BNE  A:00 X:39 Y:11 P:24 SP:FB
E847  2C 02 20  BIT  A:00 X:39 Y:11 P:24 SP:FB
E84A  30 06     BMI  A:00 X:39 Y:11 P:26 SP:FB
E84C  CA        DEX  A:00 X:39 Y:11 P:26 SP:FB
E84D  D0 F8     BNE  A:00 X:38 Y:11 P:24 SP:FB
E847  2C 02 20  BIT  A:00 X:38 Y:11 P:24 SP:FB
E84A  30 06     BMI  A:00 X:38 Y:11 P:26 SP:FB
E84C  CA        DEX  A:00 X:38 Y:11 P:26 SP:FB
E84D  D0 F8     BNE  A:00 X:37 Y:11 P:24 SP:FB
E847  2C 02 20  BIT  A:00 X:37 Y:11 P:24 SP:FB
E84A  30 06     BMI  A:00 X:37 Y:11 P:26 SP:FB
E84C  CA        DEX  A:00 X:37 Y:11 P:26 SP:FB
E84D  D0 F8     BNE  A:00 X:36 Y:11 P:24 SP:FB
E847  2C 02 20  BIT  A:00 X:36 Y:11 P:24 SP:FB
E84A  30 06     BMI  A:00 X:36 Y:11 P:26 SP:FB
E84C  CA        DEX  A:00 X:36 Y:11 P:26 SP:FB
E84D  D0 F8     BNE  A:00 X:35 Y:11 P:24 SP:FB
E847  2C 02 20  BIT  A:00 X:35 Y:11 P:24 SP:FB
E84A  30 06     BMI  A:00 X:35 Y:11 P:26 SP:FB
E84C  CA        DEX  A:00 X:35 Y:11 P:26 SP:FB
E84D  D0 F8     BNE  A:00 X:34 Y:11 P:24 SP:FB
E847  2C 02 20  BIT  A:00 X:34 Y:11 P:24 SP:FB
E84A  30 06     BMI  A:00 X:34 Y:11 P:26 SP:FB
E84C  CA        DEX  A:00 X:34 Y:11 P:26 SP:FB
E84D  D0 F8     BNE  A:00 X:33 Y:11 P:24 SP:FB
E847  2C 02 20  BIT  A:00 X:33 Y:11 P:24 SP:FB
E84A  30 06     BMI  A:00 X:33 Y:11 P:26 SP:FB
E84C  CA        DEX  A:00 X:33 Y:11 P:26 SP:FB
E84D  D0 F8     BNE  A:00 X:32 Y:11 P:24 SP:FB
E847  2C 02 20  BIT  A:00 X:32 Y:11 P:24 SP:FB
E84A  30 06     BMI  A:00 X:32 Y:11 P:26 SP:FB
E84C  CA        DEX  A:00 X:32 Y:11 P:26 SP:FB
E84D  D0 F8     BNE  A:00 X:31 Y:11 P:24 SP:FB
E847  2C 02 20  BIT  A:00 X:31 Y:11 P:24 SP:FB
E84A  30 06     BMI  A:00 X:31 Y:11 P:26 SP:FB
E84C  CA        DEX  A:00 X:31 Y:11 P:26 SP:FB
E84D  D0 F8     BNE  A:00 X:30 Y:11 P:24 SP:FB
E847  2C 02 20  BIT  A:00 X:30 Y:11 P:24 SP:FB
E84A  30 06     BMI  A:00 X:30 Y:11 P:26 SP:FB
E84C  CA        DEX  A:00 X:30 Y:11 P:26 SP:FB
E84D  D0 F8     BNE  A:00 X:2F Y:11 P:24 SP:FB
E847  2C 02 20  BIT  A:00 X:2F Y:11 P:24 SP:FB
E84A  30 06     BMI  A:00 X:2F Y:11 P:26 SP:FB
E84C  CA        DEX  A:00 X:2F Y:11 P:26 SP:FB
E84D  D0 F8     BNE  A:00 X:2E Y:11 P:24 SP:FB
E847  2C 02 20  BIT  A:00 X:2E Y:11 P:24 SP:FB
E84A  30 06     BMI  A:00 X:2E Y:11 P:26 SP:FB
E84C  CA        DEX  A:00 X:2E Y:11 P:26 SP:FB
E84D  D0 F8     BNE  A:00 X:2D Y:11 P:24 SP:FB
E847  2C 02 20  BIT  A:00 X:2D Y:11 P:24 SP:FB
E84A  30 06     BMI  A:00 X:2D Y:11 P:26 SP:FB
E84C  CA        DEX  A:00 X:2D Y:11 P:26 SP:FB
E84D  D0 F8     BNE  A:00 X:2C Y:11 P:24 SP:FB
E847  2C 02 20  BIT  A:00 X:2C Y:11 P:24 SP:FB
E84A  30 06     BMI  A:00 X:2C Y:11 P:26 SP:FB
E84C  CA        DEX  A:00 X:2C Y:11 P:26 SP:FB
E84D  D0 F8     BNE  A:00 X:2B Y:11 P:24 SP:FB
E847  2C 02 20  BIT  A:00 X:2B Y:11 P:24 SP:FB
E84A  30 06     BMI  A:00 X:2B Y:11 P:26 SP:FB
E84C  CA        DEX  A:00 X:2B Y:11 P:26 SP:FB
E84D  D0 F8     BNE  A:00 X:2A Y:11 P:24 SP:FB
E847  2C 02 20  BIT  A:00 X:2A Y:11 P:24 SP:FB
E84A  30 06     BMI  A:00 X:2A Y:11 P:26 SP:FB
E84C  CA        DEX  A:00 X:2A Y:11 P:26 SP:FB
E84D  D0 F8     BNE  A:00 X:29 Y:11 P:24 SP:FB
E847  2C 02 20  BIT  A:00 X:29 Y:11 P:24 SP:FB
E84A  30 06     BMI  A:00 X:29 Y:11 P:26 SP:FB
E84C  CA        DEX  A:00 X:29 Y:11 P:26 SP:FB
E84D  D0 F8     BNE  A:00 X:28 Y:11 P:24 SP:FB
E847  2C 02 20  BIT  A:00 X:28 Y:11 P:24 SP:FB
E84A  30 06     BMI  A:00 X:28 Y:11 P:26 SP:FB
E84C  CA        DEX  A:00 X:28 Y:11 P:26 SP:FB
E84D  D0 F8     BNE  A:00 X:27 Y:11 P:24 SP:FB
E847  2C 02 20  BIT  A:00 X:27 Y:11 P:24 SP:FB
E84A  30 06     BMI  A:00 X:27 Y:11 P:26 SP:FB
E84C  CA        DEX  A:00 X:27 Y:11 P:26 SP:FB
E84D  D0 F8     BNE  A:00 X:26 Y:11 P:24 SP:FB
E847  2C 02 20  BIT  A:00 X:26 Y:11 P:24 SP:FB
E84A  30 06     BMI  A:00 X:26 Y:11 P:26 SP:FB
E84C  CA        DEX  A:00 X:26 Y:11 P:26 SP:FB
E84D  D0 F8     BNE  A:00 X:25 Y:11 P:24 SP:FB
E847  2C 02 20  BIT  A:00 X:25 Y:11 P:24 SP:FB
E84A  30 06     BMI  A:00 X:25 Y:11 P:26 SP:FB
E84C  CA        DEX  A:00 X:25 Y:11 P:26 SP:FB
E84D  D0 F8     BNE  A:00 X:24 Y:11 P:24 SP:FB
E847  2C 02 20  BIT  A:00 X:24 Y:11 P:24 SP:FB
E84A  30 06     BMI  A:00 X:24 Y:11 P:26 SP:FB
E84C  CA        DEX  A:00 X:24 Y:11 P:26 SP:FB
E84D  D0 F8     BNE  A:00 X:23 Y:11 P:24 SP:FB
E847  2C 02 20  BIT  A:00 X:23 Y:11 P:24 SP:FB
E84A  30 06     BMI  A:00 X:23 Y:11 P:26 SP:FB
E84C  CA        DEX  A:00 X:23 Y:11 P:26 SP:FB
E84D  D0 F8     BNE  A:00 X:22 Y:11 P:24 SP:FB
E847  2C 02 20  BIT  A:00 X:22 Y:11 P:24 SP:FB
E84A  30 06     BMI  A:00 X:22 Y:11 P:26 SP:FB
E84C  CA        DEX  A:00 X:22 Y:11 P:26 SP:FB
E84D  D0 F8     BNE  A:00 X:21 Y:11 P:24 SP:FB
E847  2C 02 20  BIT  A:00 X:21 Y:11 P:24 SP:FB
E84A  30 06     BMI  A:00 X:21 Y:11 P:26 SP:FB
E84C  CA        DEX  A:00 X:21 Y:11 P:26 SP:FB
E84D  D0 F8     BNE  A:00 X:20 Y:11 P:24 SP:FB
E847  2C 02 20  BIT  A:00 X:20 Y:11 P:24 SP:FB
E84A  30 06     BMI  A:00 X:20 Y:11 P:26 SP:FB
E84C  CA        DEX  A:00 X:20 Y:11 P:26 SP:FB
E84D  D0 F8     BNE  A:00 X:1F Y:11 P:24 SP:FB
E847  2C 02 20  BIT  A:00 X:1F Y:11 P:24 SP:FB
E84A  30 06     BMI  A:00 X:1F Y:11 P:26 SP:FB
E84C  CA        DEX  A:00 X:1F Y:11 P:26 SP:FB
E84D  D0 F8     BNE  A:00 X:1E Y:11 P:24 SP:FB
E847  2C 02 20  BIT  A:00 X:1E Y:11 P:24 SP:FB
E84A  30 06     BMI  A:00 X:1E Y:11 P:26 SP:FB
E84C  CA        DEX  A:00 X:1E Y:11 P:26 SP:FB
E84D  D0 F8     BNE  A:00 X:1D Y:11 P:24 SP:FB
E847  2C 02 20  BIT  A:00 X:1D Y:11 P:24 SP:FB
E84A  30 06     BMI  A:00 X:1D Y:11 P:26 SP:FB
E84C  CA        DEX  A:00 X:1D Y:11 P:26 SP:FB
E84D  D0 F8     BNE  A:00 X:1C Y:11 P:24 SP:FB
E847  2C 02 20  BIT  A:00 X:1C Y:11 P:24 SP:FB
E84A  30 06     BMI  A:00 X:1C Y:11 P:26 SP:FB
E84C  CA        DEX  A:00 X:1C Y:11 P:26 SP:FB
E84D  D0 F8     BNE  A:00 X:1B Y:11 P:24 SP:FB
E847  2C 02 20  BIT  A:00 X:1B Y:11 P:24 SP:FB
E84A  30 06     BMI  A:00 X:1B Y:11 P:26 SP:FB
E84C  CA        DEX  A:00 X:1B Y:11 P:26 SP:FB
E84D  D0 F8     BNE  A:00 X:1A Y:11 P:24 SP:FB
E847  2C 02 20  BIT  A:00 X:1A Y:11 P:24 SP:FB
E84A  30 06     BMI  A:00 X:1A Y:11 P:26 SP:FB
E84C  CA        DEX  A:00 X:1A Y:11 P:26 SP:FB
E84D  D0 F8     BNE  A:00 X:19 Y:11 P:24 SP:FB
E847  2C 02 20  BIT  A:00 X:19 Y:11 P:24 SP:FB
E84A  30 06     BMI  A:00 X:19 Y:11 P:26 SP:FB
E84C  CA        DEX  A:00 X:19 Y:11 P:26 SP:FB
E84D  D0 F8     BNE  A:00 X:18 Y:11 P:24 SP:FB
E847  2C 02 20  BIT  A:00 X:18 Y:11 P:24 SP:FB
E84A  30 06     BMI  A:00 X:18 Y:11 P:26 SP:FB
E84C  CA        DEX  A:00 X:18 Y:11 P:26 SP:FB
E84D  D0 F8     BNE  A:00 X:17 Y:11 P:24 SP:FB
E847  2C 02 20  BIT  A:00 X:17 Y:11 P:24 SP:FB
E84A  30 06     BMI  A:00 X:17 Y:11 P:26 SP:FB
E84C  CA        DEX  A:00 X:17 Y:11 P:26 SP:FB
E84D  D0 F8     BNE  A:00 X:16 Y:11 P:24 SP:FB
E847  2C 02 20  BIT  A:00 X:16 Y:11 P:24 SP:FB
E84A  30 06     BMI  A:00 X:16 Y:11 P:26 SP:FB
E84C  CA        DEX  A:00 X:16 Y:11 P:26 SP:FB
E84D  D0 F8     BNE  A:00 X:15 Y:11 P:24 SP:FB
E847  2C 02 20  BIT  A:00 X:15 Y:11 P:24 SP:FB
E84A  30 06     BMI  A:00 X:15 Y:11 P:26 SP:FB
E84C  CA        DEX  A:00 X:15 Y:11 P:26 SP:FB
E84D  D0 F8     BNE  A:00 X:14 Y:11 P:24 SP:FB
E847  2C 02 20  BIT  A:00 X:14 Y:11 P:24 SP:FB
E84A  30 06     BMI  A:00 X:14 Y:11 P:26 SP:FB
E84C  CA        DEX  A:00 X:14 Y:11 P:26 SP:FB
E84D  D0 F8     BNE  A:00 X:13 Y:11 P:24 SP:FB
E847  2C 02 20  BIT  A:00 X:13 Y:11 P:24 SP:FB
E84A  30 06     BMI  A:00 X:13 Y:11 P:26 SP:FB
E84C  CA        DEX  A:00 X:13 Y:11 P:26 SP:FB
E84D  D0 F8     BNE  A:00 X:12 Y:11 P:24 SP:FB
E847  2C 02 20  BIT  A:00 X:12 Y:11 P:24 SP:FB
E84A  30 06     BMI  A:00 X:12 Y:11 P:26 SP:FB
E84C  CA        DEX  A:00 X:12 Y:11 P:26 SP:FB
E84D  D0 F8     BNE  A:00 X:11 Y:11 P:24 SP:FB
E847  2C 02 20  BIT  A:00 X:11 Y:11 P:24 SP:FB
E84A  30 06     BMI  A:00 X:11 Y:11 P:26 SP:FB
E84C  CA        DEX  A:00 X:11 Y:11 P:26 SP:FB
E84D  D0 F8     BNE  A:00 X:10 Y:11 P:24 SP:FB
E847  2C 02 20  BIT  A:00 X:10 Y:11 P:24 SP:FB
E84A  30 06     BMI  A:00 X:10 Y:11 P:26 SP:FB
E84C  CA        DEX  A:00 X:10 Y:11 P:26 SP:FB
E84D  D0 F8     BNE  A:00 X:0F Y:11 P:24 SP:FB
E847  2C 02 20  BIT  A:00 X:0F Y:11 P:24 SP:FB
E84A  30 06     BMI  A:00 X:0F Y:11 P:26 SP:FB
E84C  CA        DEX  A:00 X:0F Y:11 P:26 SP:FB
E84D  D0 F8     BNE  A:00 X:0E Y:11 P:24 SP:FB
E847  2C 02 20  BIT  A:00 X:0E Y:11 P:24 SP:FB
E84A  30 06     BMI  A:00 X:0E Y:11 P:26 SP:FB
E84C  CA        DEX  A:00 X:0E Y:11 P:26 SP:FB
E84D  D0 F8     BNE  A:00 X:0D Y:11 P:24 SP:FB
E847  2C 02 20  BIT  A:00 X:0D Y:11 P:24 SP:FB
E84A  30 06     BMI  A:00 X:0D Y:11 P:26 SP:FB
E84C  CA        DEX  A:00 X:0D Y:11 P:26 SP:FB
E84D  D0 F8     BNE  A:00 X:0C Y:11 P:24 SP:FB
E847  2C 02 20  BIT  A:00 X:0C Y:11 P:24 SP:FB
E84A  30 06     BMI  A:00 X:0C Y:11 P:26 SP:FB
E84C  CA        DEX  A:00 X:0C Y:11 P:26 SP:FB
E84D  D0 F8     BNE  A:00 X:0B Y:11 P:24 SP:FB
E847  2C 02 20  BIT  A:00 X:0B Y:11 P:24 SP:FB
E84A  30 06     BMI  A:00 X:0B Y:11 P:26 SP:FB
E84C  CA        DEX  A:00 X:0B Y:11 P:26 SP:FB
E84D  D0 F8     BNE  A:00 X:0A Y:11 P:24 SP:FB
E847  2C 02 20  BIT  A:00 X:0A Y:11 P:24 SP:FB
E84A  30 06     BMI  A:00 X:0A Y:11 P:26 SP:FB
E84C  CA        DEX  A:00 X:0A Y:11 P:26 SP:FB
E84D  D0 F8     BNE  A:00 X:09 Y:11 P:24 SP:FB
E847  2C 02 20  BIT  A:00 X:09 Y:11 P:24 SP:FB
E84A  30 06     BMI  A:00 X:09 Y:11 P:26 SP:FB
E84C  CA        DEX  A:00 X:09 Y:11 P:26 SP:FB
E84D  D0 F8     BNE  A:00 X:08 Y:11 P:24 SP:FB
E847  2C 02 20  BIT  A:00 X:08 Y:11 P:24 SP:FB
E84A  30 06     BMI  A:00 X:08 Y:11 P:26 SP:FB
E84C  CA        DEX  A:00 X:08 Y:11 P:26 SP:FB
E84D  D0 F8     BNE  A:00 X:07 Y:11 P:24 SP:FB
E847  2C 02 20  BIT  A:00 X:07 Y:11 P:24 SP:FB
E84A  30 06     BMI  A:00 X:07 Y:11 P:26 SP:FB
E84C  CA        DEX  A:00 X:07 Y:11 P:26 SP:FB
E84D  D0 F8     BNE  A:00 X:06 Y:11 P:24 SP:FB
E847  2C 02 20  BIT  A:00 X:06 Y:11 P:24 SP:FB
E84A  30 06     BMI  A:00 X:06 Y:11 P:26 SP:FB
E84C  CA        DEX  A:00 X:06 Y:11 P:26 SP:FB
E84D  D0 F8     BNE  A:00 X:05 Y:11 P:24 SP:FB
E847  2C 02 20  BIT  A:00 X:05 Y:11 P:24 SP:FB
E84A  30 06     BMI  A:00 X:05 Y:11 P:26 SP:FB
E84C  CA        DEX  A:00 X:05 Y:11 P:26 SP:FB
E84D  D0 F8     BNE  A:00 X:04 Y:11 P:24 SP:FB
E847  2C 02 20  BIT  A:00 X:04 Y:11 P:24 SP:FB
E84A  30 06     BMI  A:00 X:04 Y:11 P:26 SP:FB
E84C  CA        DEX  A:00 X:04 Y:11 P:26 SP:FB
E84D  D0 F8     BNE  A:00 X:03 Y:11 P:24 SP:FB
E847  2C 02 20  BIT  A:00 X:03 Y:11 P:24 SP:FB
E84A  30 06     BMI  A:00 X:03 Y:11 P:26 SP:FB
E84C  CA        DEX  A:00 X:03 Y:11 P:26 SP:FB
E84D  D0 F8     BNE  A:00 X:02 Y:11 P:24 SP:FB
E847  2C 02 20  BIT  A:00 X:02 Y:11 P:24 SP:FB
E84A  30 06     BMI  A:00 X:02 Y:11 P:26 SP:FB
E84C  CA        DEX  A:00 X:02 Y:11 P:26 SP:FB
E84D  D0 F8     BNE  A:00 X:01 Y:11 P:24 SP:FB
E847  2C 02 20  BIT  A:00 X:01 Y:11 P:24 SP:FB
E84A  30 06     BMI  A:00 X:01 Y:11 P:26 SP:FB
E84C  CA        DEX  A:00 X:01 Y:11 P:26 SP:FB
E84D  D0 F8     BNE  A:00 X:00 Y:11 P:26 SP:FB
E84F  88        DEY  A:00 X:00 Y:11 P:26 SP:FB
E850  10 F5     BPL  A:00 X:00 Y:10 P:24 SP:FB
E847  2C 02 20  BIT  A:00 X:00 Y:10 P:24 SP:FB
E84A  30 06     BMI  A:00 X:00 Y:10 P:26 SP:FB
E84C  CA        DEX  A:00 X:00 Y:10 P:26 SP:FB
E84D  D0 F8     BNE  A:00 X:FF Y:10 P:A4 SP:FB
E847  2C 02 20  BIT  A:00 X:FF Y:10 P:A4 SP:FB
E84A  30 06     BMI  A:00 X:FF Y:10 P:26 SP:FB
E84C  CA        DEX  A:00 X:FF Y:10 P:26 SP:FB
E84D  D0 F8     BNE  A:00 X:FE Y:10 P:A4 SP:FB
E847  2C 02 20  BIT  A:00 X:FE Y:10 P:A4 SP:FB
E84A  30 06     BMI  A:00 X:FE Y:10 P:26 SP:FB
E84C  CA        DEX  A:00 X:FE Y:10 P:26 SP:FB
E84D  D0 F8     BNE  A:00 X:FD Y:10 P:A4 SP:FB
E847  2C 02 20  BIT  A:00 X:FD Y:10 P:A4 SP:FB
E84A  30 06     BMI  A:00 X:FD Y:10 P:26 SP:FB
E84C  CA        DEX  A:00 X:FD Y:10 P:26 SP:FB
E84D  D0 F8     BNE  A:00 X:FC Y:10 P:A4 SP:FB
E847  2C 02 20  BIT  A:00 X:FC Y:10 P:A4 SP:FB
E84A  30 06     BMI  A:00 X:FC Y:10 P:26 SP:FB
E84C  CA        DEX  A:00 X:FC Y:10 P:26 SP:FB
E84D  D0 F8     BNE  A:00 X:FB Y:10 P:A4 SP:FB
E847  2C 02 20  BIT  A:00 X:FB Y:10 P:A4 SP:FB
E84A  30 06     BMI  A:00 X:FB Y:10 P:26 SP:FB
E84C  CA        DEX  A:00 X:FB Y:10 P:26 SP:FB
E84D  D0 F8     BNE  A:00 X:FA Y:10 P:A4 SP:FB
E847  2C 02 20  BIT  A:00 X:FA Y:10 P:A4 SP:FB
E84A  30 06     BMI  A:00 X:FA Y:10 P:26 SP:FB
E84C  CA        DEX  A:00 X:FA Y:10 P:26 SP:FB
E84D  D0 F8     BNE  A:00 X:F9 Y:10 P:A4 SP:FB
E847  2C 02 20  BIT  A:00 X:F9 Y:10 P:A4 SP:FB
E84A  30 06     BMI  A:00 X:F9 Y:10 P:26 SP:FB
E84C  CA        DEX  A:00 X:F9 Y:10 P:26 SP:FB
E84D  D0 F8     BNE  A:00 X:F8 Y:10 P:A4 SP:FB
E847  2C 02 20  BIT  A:00 X:F8 Y:10 P:A4 SP:FB
E84A  30 06     BMI  A:00 X:F8 Y:10 P:26 SP:FB
E84C  CA        DEX  A:00 X:F8 Y:10 P:26 SP:FB
E84D  D0 F8     BNE  A:00 X:F7 Y:10 P:A4 SP:FB
E847  2C 02 20  BIT  A:00 X:F7 Y:10 P:A4 SP:FB
E84A  30 06     BMI  A:00 X:F7 Y:10 P:26 SP:FB
E84C  CA        DEX  A:00 X:F7 Y:10 P:26 SP:FB
E84D  D0 F8     BNE  A:00 X:F6 Y:10 P:A4 SP:FB
E847  2C 02 20  BIT  A:00 X:F6 Y:10 P:A4 SP:FB
E84A  30 06     BMI  A:00 X:F6 Y:10 P:26 SP:FB
E84C  CA        DEX  A:00 X:F6 Y:10 P:26 SP:FB
E84D  D0 F8     BNE  A:00 X:F5 Y:10 P:A4 SP:FB
E847  2C 02 20  BIT  A:00 X:F5 Y:10 P:A4 SP:FB
E84A  30 06     BMI  A:00 X:F5 Y:10 P:26 SP:FB
E84C  CA        DEX  A:00 X:F5 Y:10 P:26 SP:FB
E84D  D0 F8     BNE  A:00 X:F4 Y:10 P:A4 SP:FB
E847  2C 02 20  BIT  A:00 X:F4 Y:10 P:A4 SP:FB
E84A  30 06     BMI  A:00 X:F4 Y:10 P:26 SP:FB
E84C  CA        DEX  A:00 X:F4 Y:10 P:26 SP:FB
E84D  D0 F8     BNE  A:00 X:F3 Y:10 P:A4 SP:FB
E847  2C 02 20  BIT  A:00 X:F3 Y:10 P:A4 SP:FB
E84A  30 06     BMI  A:00 X:F3 Y:10 P:26 SP:FB
E84C  CA        DEX  A:00 X:F3 Y:10 P:26 SP:FB
E84D  D0 F8     BNE  A:00 X:F2 Y:10 P:A4 SP:FB
E847  2C 02 20  BIT  A:00 X:F2 Y:10 P:A4 SP:FB
E84A  30 06     BMI  A:00 X:F2 Y:10 P:26 SP:FB
E84C  CA        DEX  A:00 X:F2 Y:10 P:26 SP:FB
E84D  D0 F8     BNE  A:00 X:F1 Y:10 P:A4 SP:FB
E847  2C 02 20  BIT  A:00 X:F1 Y:10 P:A4 SP:FB
E84A  30 06     BMI  A:00 X:F1 Y:10 P:26 SP:FB
E84C  CA        DEX  A:00 X:F1 Y:10 P:26 SP:FB
E84D  D0 F8     BNE  A:00 X:F0 Y:10 P:A4 SP:FB
E847  2C 02 20  BIT  A:00 X:F0 Y:10 P:A4 SP:FB
E84A  30 06     BMI  A:00 X:F0 Y:10 P:26 SP:FB
E84C  CA        DEX  A:00 X:F0 Y:10 P:26 SP:FB
E84D  D0 F8     BNE  A:00 X:EF Y:10 P:A4 SP:FB
E847  2C 02 20  BIT  A:00 X:EF Y:10 P:A4 SP:FB
E84A  30 06     BMI  A:00 X:EF Y:10 P:26 SP:FB
E84C  CA        DEX  A:00 X:EF Y:10 P:26 SP:FB
E84D  D0 F8     BNE  A:00 X:EE Y:10 P:A4 SP:FB
E847  2C 02 20  BIT  A:00 X:EE Y:10 P:A4 SP:FB
E84A  30 06     BMI  A:00 X:EE Y:10 P:26 SP:FB
E84C  CA        DEX  A:00 X:EE Y:10 P:26 SP:FB
E84D  D0 F8     BNE  A:00 X:ED Y:10 P:A4 SP:FB
E847  2C 02 20  BIT  A:00 X:ED Y:10 P:A4 SP:FB
E84A  30 06     BMI  A:00 X:ED Y:10 P:26 SP:FB
E84C  CA        DEX  A:00 X:ED Y:10 P:26 SP:FB
E84D  D0 F8     BNE  A:00 X:EC Y:10 P:A4 SP:FB
E847  2C 02 20  BIT  A:00 X:EC Y:10 P:A4 SP:FB
E84A  30 06     BMI  A:00 X:EC Y:10 P:26 SP:FB
E84C  CA        DEX  A:00 X:EC Y:10 P:26 SP:FB
E84D  D0 F8     BNE  A:00 X:EB Y:10 P:A4 SP:FB
E847  2C 02 20  BIT  A:00 X:EB Y:10 P:A4 SP:FB
E84A  30 06     BMI  A:00 X:EB Y:10 P:26 SP:FB
E84C  CA        DEX  A:00 X:EB Y:10 P:26 SP:FB
E84D  D0 F8     BNE  A:00 X:EA Y:10 P:A4 SP:FB
E847  2C 02 20  BIT  A:00 X:EA Y:10 P:A4 SP:FB
E84A  30 06     BMI  A:00 X:EA Y:10 P:26 SP:FB
E84C  CA        DEX  A:00 X:EA Y:10 P:26 SP:FB
E84D  D0 F8     BNE  A:00 X:E9 Y:10 P:A4 SP:FB
E847  2C 02 20  BIT  A:00 X:E9 Y:10 P:A4 SP:FB
E84A  30 06     BMI  A:00 X:E9 Y:10 P:26 SP:FB
E84C  CA        DEX  A:00 X:E9 Y:10 P:26 SP:FB
E84D  D0 F8     BNE  A:00 X:E8 Y:10 P:A4 SP:FB
E847  2C 02 20  BIT  A:00 X:E8 Y:10 P:A4 SP:FB
E84A  30 06     BMI  A:00 X:E8 Y:10 P:26 SP:FB
E84C  CA        DEX  A:00 X:E8 Y:10 P:26 SP:FB
E84D  D0 F8     BNE  A:00 X:E7 Y:10 P:A4 SP:FB
E847  2C 02 20  BIT  A:00 X:E7 Y:10 P:A4 SP:FB
E84A  30 06     BMI  A:00 X:E7 Y:10 P:26 SP:FB
E84C  CA        DEX  A:00 X:E7 Y:10 P:26 SP:FB
E84D  D0 F8     BNE  A:00 X:E6 Y:10 P:A4 SP:FB
E847  2C 02 20  BIT  A:00 X:E6 Y:10 P:A4 SP:FB
E84A  30 06     BMI  A:00 X:E6 Y:10 P:26 SP:FB
E84C  CA        DEX  A:00 X:E6 Y:10 P:26 SP:FB
E84D  D0 F8     BNE  A:00 X:E5 Y:10 P:A4 SP:FB
E847  2C 02 20  BIT  A:00 X:E5 Y:10 P:A4 SP:FB
E84A  30 06     BMI  A:00 X:E5 Y:10 P:26 SP:FB
E84C  CA        DEX  A:00 X:E5 Y:10 P:26 SP:FB
E84D  D0 F8     BNE  A:00 X:E4 Y:10 P:A4 SP:FB
E847  2C 02 20  BIT  A:00 X:E4 Y:10 P:A4 SP:FB
E84A  30 06     BMI  A:00 X:E4 Y:10 P:26 SP:FB
E84C  CA        DEX  A:00 X:E4 Y:10 P:26 SP:FB
E84D  D0 F8     BNE  A:00 X:E3 Y:10 P:A4 SP:FB
E847  2C 02 20  BIT  A:00 X:E3 Y:10 P:A4 SP:FB
E84A  30 06     BMI  A:00 X:E3 Y:10 P:26 SP:FB
E84C  CA        DEX  A:00 X:E3 Y:10 P:26 SP:FB
E84D  D0 F8     BNE  A:00 X:E2 Y:10 P:A4 SP:FB
E847  2C 02 20  BIT  A:00 X:E2 Y:10 P:A4 SP:FB
E84A  30 06     BMI  A:00 X:E2 Y:10 P:26 SP:FB
E84C  CA        DEX  A:00 X:E2 Y:10 P:26 SP:FB
E84D  D0 F8     BNE  A:00 X:E1 Y:10 P:A4 SP:FB
E847  2C 02 20  BIT  A:00 X:E1 Y:10 P:A4 SP:FB
E84A  30 06     BMI  A:00 X:E1 Y:10 P:26 SP:FB
E84C  CA        DEX  A:00 X:E1 Y:10 P:26 SP:FB
E84D  D0 F8     BNE  A:00 X:E0 Y:10 P:A4 SP:FB
E847  2C 02 20  BIT  A:00 X:E0 Y:10 P:A4 SP:FB
E84A  30 06     BMI  A:00 X:E0 Y:10 P:26 SP:FB
E84C  CA        DEX  A:00 X:E0 Y:10 P:26 SP:FB
E84D  D0 F8     BNE  A:00 X:DF Y:10 P:A4 SP:FB
E847  2C 02 20  BIT  A:00 X:DF Y:10 P:A4 SP:FB
E84A  30 06     BMI  A:00 X:DF Y:10 P:26 SP:FB
E84C  CA        DEX  A:00 X:DF Y:10 P:26 SP:FB
E84D  D0 F8     BNE  A:00 X:DE Y:10 P:A4 SP:FB
E847  2C 02 20  BIT  A:00 X:DE Y:10 P:A4 SP:FB
E84A  30 06     BMI  A:00 X:DE Y:10 P:26 SP:FB
E84C  CA        DEX  A:00 X:DE Y:10 P:26 SP:FB
E84D  D0 F8     BNE  A:00 X:DD Y:10 P:A4 SP:FB
E847  2C 02 20  BIT  A:00 X:DD Y:10 P:A4 SP:FB
E84A  30 06     BMI  A:00 X:DD Y:10 P:26 SP:FB
E84C  CA        DEX  A:00 X:DD Y:10 P:26 SP:FB
E84D  D0 F8     BNE  A:00 X:DC Y:10 P:A4 SP:FB
E847  2C 02 20  BIT  A:00 X:DC Y:10 P:A4 SP:FB
E84A  30 06     BMI  A:00 X:DC Y:10 P:26 SP:FB
E84C  CA        DEX  A:00 X:DC Y:10 P:26 SP:FB
E84D  D0 F8     BNE  A:00 X:DB Y:10 P:A4 SP:FB
E847  2C 02 20  BIT  A:00 X:DB Y:10 P:A4 SP:FB
E84A  30 06     BMI  A:00 X:DB Y:10 P:26 SP:FB
E84C  CA        DEX  A:00 X:DB Y:10 P:26 SP:FB
E84D  D0 F8     BNE  A:00 X:DA Y:10 P:A4 SP:FB
E847  2C 02 20  BIT  A:00 X:DA Y:10 P:A4 SP:FB
E84A  30 06     BMI  A:00 X:DA Y:10 P:26 SP:FB
E84C  CA        DEX  A:00 X:DA Y:10 P:26 SP:FB
E84D  D0 F8     BNE  A:00 X:D9 Y:10 P:A4 SP:FB
E847  2C 02 20  BIT  A:00 X:D9 Y:10 P:A4 SP:FB
E84A  30 06     BMI  A:00 X:D9 Y:10 P:26 SP:FB
E84C  CA        DEX  A:00 X:D9 Y:10 P:26 SP:FB
E84D  D0 F8     BNE  A:00 X:D8 Y:10 P:A4 SP:FB
E847  2C 02 20  BIT  A:00 X:D8 Y:10 P:A4 SP:FB
E84A  30 06     BMI  A:00 X:D8 Y:10 P:26 SP:FB
E84C  CA        DEX  A:00 X:D8 Y:10 P:26 SP:FB
E84D  D0 F8     BNE  A:00 X:D7 Y:10 P:A4 SP:FB
E847  2C 02 20  BIT  A:00 X:D7 Y:10 P:A4 SP:FB
E84A  30 06     BMI  A:00 X:D7 Y:10 P:26 SP:FB
E84C  CA        DEX  A:00 X:D7 Y:10 P:26 SP:FB
E84D  D0 F8     BNE  A:00 X:D6 Y:10 P:A4 SP:FB
E847  2C 02 20  BIT  A:00 X:D6 Y:10 P:A4 SP:FB
E84A  30 06     BMI  A:00 X:D6 Y:10 P:26 SP:FB
E84C  CA        DEX  A:00 X:D6 Y:10 P:26 SP:FB
E84D  D0 F8     BNE  A:00 X:D5 Y:10 P:A4 SP:FB
E847  2C 02 20  BIT  A:00 X:D5 Y:10 P:A4 SP:FB
E84A  30 06     BMI  A:00 X:D5 Y:10 P:26 SP:FB
E84C  CA        DEX  A:00 X:D5 Y:10 P:26 SP:FB
E84D  D0 F8     BNE  A:00 X:D4 Y:10 P:A4 SP:FB
E847  2C 02 20  BIT  A:00 X:D4 Y:10 P:A4 SP:FB
E84A  30 06     BMI  A:00 X:D4 Y:10 P:26 SP:FB
E84C  CA        DEX  A:00 X:D4 Y:10 P:26 SP:FB
E84D  D0 F8     BNE  A:00 X:D3 Y:10 P:A4 SP:FB
E847  2C 02 20  BIT  A:00 X:D3 Y:10 P:A4 SP:FB
E84A  30 06     BMI  A:00 X:D3 Y:10 P:26 SP:FB
E84C  CA        DEX  A:00 X:D3 Y:10 P:26 SP:FB
E84D  D0 F8     BNE  A:00 X:D2 Y:10 P:A4 SP:FB
E847  2C 02 20  BIT  A:00 X:D2 Y:10 P:A4 SP:FB
E84A  30 06     BMI  A:00 X:D2 Y:10 P:26 SP:FB
E84C  CA        DEX  A:00 X:D2 Y:10 P:26 SP:FB
E84D  D0 F8     BNE  A:00 X:D1 Y:10 P:A4 SP:FB
E847  2C 02 20  BIT  A:00 X:D1 Y:10 P:A4 SP:FB
E84A  30 06     BMI  A:00 X:D1 Y:10 P:26 SP:FB
E84C  CA        DEX  A:00 X:D1 Y:10 P:26 SP:FB
E84D  D0 F8     BNE  A:00 X:D0 Y:10 P:A4 SP:FB
E847  2C 02 20  BIT  A:00 X:D0 Y:10 P:A4 SP:FB
E84A  30 06     BMI  A:00 X:D0 Y:10 P:26 SP:FB
E84C  CA        DEX  A:00 X:D0 Y:10 P:26 SP:FB
E84D  D0 F8     BNE  A:00 X:CF Y:10 P:A4 SP:FB
E847  2C 02 20  BIT  A:00 X:CF Y:10 P:A4 SP:FB
E84A  30 06     BMI  A:00 X:CF Y:10 P:26 SP:FB
E84C  CA        DEX  A:00 X:CF Y:10 P:26 SP:FB
E84D  D0 F8     BNE  A:00 X:CE Y:10 P:A4 SP:FB
E847  2C 02 20  BIT  A:00 X:CE Y:10 P:A4 SP:FB
E84A  30 06     BMI  A:00 X:CE Y:10 P:26 SP:FB
E84C  CA        DEX  A:00 X:CE Y:10 P:26 SP:FB
E84D  D0 F8     BNE  A:00 X:CD Y:10 P:A4 SP:FB
E847  2C 02 20  BIT  A:00 X:CD Y:10 P:A4 SP:FB
E84A  30 06     BMI  A:00 X:CD Y:10 P:26 SP:FB
E84C  CA        DEX  A:00 X:CD Y:10 P:26 SP:FB
E84D  D0 F8     BNE  A:00 X:CC Y:10 P:A4 SP:FB
E847  2C 02 20  BIT  A:00 X:CC Y:10 P:A4 SP:FB
E84A  30 06     BMI  A:00 X:CC Y:10 P:26 SP:FB
E84C  CA        DEX  A:00 X:CC Y:10 P:26 SP:FB
E84D  D0 F8     BNE  A:00 X:CB Y:10 P:A4 SP:FB
E847  2C 02 20  BIT  A:00 X:CB Y:10 P:A4 SP:FB
E84A  30 06     BMI  A:00 X:CB Y:10 P:26 SP:FB
E84C  CA        DEX  A:00 X:CB Y:10 P:26 SP:FB
E84D  D0 F8     BNE  A:00 X:CA Y:10 P:A4 SP:FB
E847  2C 02 20  BIT  A:00 X:CA Y:10 P:A4 SP:FB
E84A  30 06     BMI  A:00 X:CA Y:10 P:26 SP:FB
E84C  CA        DEX  A:00 X:CA Y:10 P:26 SP:FB
E84D  D0 F8     BNE  A:00 X:C9 Y:10 P:A4 SP:FB
E847  2C 02 20  BIT  A:00 X:C9 Y:10 P:A4 SP:FB
E84A  30 06     BMI  A:00 X:C9 Y:10 P:26 SP:FB
E84C  CA        DEX  A:00 X:C9 Y:10 P:26 SP:FB
E84D  D0 F8     BNE  A:00 X:C8 Y:10 P:A4 SP:FB
E847  2C 02 20  BIT  A:00 X:C8 Y:10 P:A4 SP:FB
E84A  30 06     BMI  A:00 X:C8 Y:10 P:26 SP:FB
E84C  CA        DEX  A:00 X:C8 Y:10 P:26 SP:FB
E84D  D0 F8     BNE  A:00 X:C7 Y:10 P:A4 SP:FB
E847  2C 02 20  BIT  A:00 X:C7 Y:10 P:A4 SP:FB
E84A  30 06     BMI  A:00 X:C7 Y:10 P:26 SP:FB
E84C  CA        DEX  A:00 X:C7 Y:10 P:26 SP:FB
E84D  D0 F8     BNE  A:00 X:C6 Y:10 P:A4 SP:FB
E847  2C 02 20  BIT  A:00 X:C6 Y:10 P:A4 SP:FB
E84A  30 06     BMI  A:00 X:C6 Y:10 P:26 SP:FB
E84C  CA        DEX  A:00 X:C6 Y:10 P:26 SP:FB
E84D  D0 F8     BNE  A:00 X:C5 Y:10 P:A4 SP:FB
E847  2C 02 20  BIT  A:00 X:C5 Y:10 P:A4 SP:FB
E84A  30 06     BMI  A:00 X:C5 Y:10 P:26 SP:FB
E84C  CA        DEX  A:00 X:C5 Y:10 P:26 SP:FB
E84D  D0 F8     BNE  A:00 X:C4 Y:10 P:A4 SP:FB
E847  2C 02 20  BIT  A:00 X:C4 Y:10 P:A4 SP:FB
E84A  30 06     BMI  A:00 X:C4 Y:10 P:26 SP:FB
E84C  CA        DEX  A:00 X:C4 Y:10 P:26 SP:FB
E84D  D0 F8     BNE  A:00 X:C3 Y:10 P:A4 SP:FB
E847  2C 02 20  BIT  A:00 X:C3 Y:10 P:A4 SP:FB
E84A  30 06     BMI  A:00 X:C3 Y:10 P:26 SP:FB
E84C  CA        DEX  A:00 X:C3 Y:10 P:26 SP:FB
E84D  D0 F8     BNE  A:00 X:C2 Y:10 P:A4 SP:FB
E847  2C 02 20  BIT  A:00 X:C2 Y:10 P:A4 SP:FB
E84A  30 06     BMI  A:00 X:C2 Y:10 P:26 SP:FB
E84C  CA        DEX  A:00 X:C2 Y:10 P:26 SP:FB
E84D  D0 F8     BNE  A:00 X:C1 Y:10 P:A4 SP:FB
E847  2C 02 20  BIT  A:00 X:C1 Y:10 P:A4 SP:FB
E84A  30 06     BMI  A:00 X:C1 Y:10 P:26 SP:FB
E84C  CA        DEX  A:00 X:C1 Y:10 P:26 SP:FB
E84D  D0 F8     BNE  A:00 X:C0 Y:10 P:A4 SP:FB
E847  2C 02 20  BIT  A:00 X:C0 Y:10 P:A4 SP:FB
E84A  30 06     BMI  A:00 X:C0 Y:10 P:26 SP:FB
E84C  CA        DEX  A:00 X:C0 Y:10 P:26 SP:FB
E84D  D0 F8     BNE  A:00 X:BF Y:10 P:A4 SP:FB
E847  2C 02 20  BIT  A:00 X:BF Y:10 P:A4 SP:FB
E84A  30 06     BMI  A:00 X:BF Y:10 P:26 SP:FB
E84C  CA        DEX  A:00 X:BF Y:10 P:26 SP:FB
E84D  D0 F8     BNE  A:00 X:BE Y:10 P:A4 SP:FB
E847  2C 02 20  BIT  A:00 X:BE Y:10 P:A4 SP:FB
E84A  30 06     BMI  A:00 X:BE Y:10 P:26 SP:FB
E84C  CA        DEX  A:00 X:BE Y:10 P:26 SP:FB
E84D  D0 F8     BNE  A:00 X:BD Y:10 P:A4 SP:FB
E847  2C 02 20  BIT  A:00 X:BD Y:10 P:A4 SP:FB
E84A  30 06     BMI  A:00 X:BD Y:10 P:26 SP:FB
E84C  CA        DEX  A:00 X:BD Y:10 P:26 SP:FB
E84D  D0 F8     BNE  A:00 X:BC Y:10 P:A4 SP:FB
E847  2C 02 20  BIT  A:00 X:BC Y:10 P:A4 SP:FB
E84A  30 06     BMI  A:00 X:BC Y:10 P:26 SP:FB
E84C  CA        DEX  A:00 X:BC Y:10 P:26 SP:FB
E84D  D0 F8     BNE  A:00 X:BB Y:10 P:A4 SP:FB
E847  2C 02 20  BIT  A:00 X:BB Y:10 P:A4 SP:FB
E84A  30 06     BMI  A:00 X:BB Y:10 P:26 SP:FB
E84C  CA        DEX  A:00 X:BB Y:10 P:26 SP:FB
E84D  D0 F8     BNE  A:00 X:BA Y:10 P:A4 SP:FB
E847  2C 02 20  BIT  A:00 X:BA Y:10 P:A4 SP:FB
E84A  30 06     BMI  A:00 X:BA Y:10 P:26 SP:FB
E84C  CA        DEX  A:00 X:BA Y:10 P:26 SP:FB
E84D  D0 F8     BNE  A:00 X:B9 Y:10 P:A4 SP:FB
E847  2C 02 20  BIT  A:00 X:B9 Y:10 P:A4 SP:FB
E84A  30 06     BMI  A:00 X:B9 Y:10 P:26 SP:FB
E84C  CA        DEX  A:00 X:B9 Y:10 P:26 SP:FB
E84D  D0 F8     BNE  A:00 X:B8 Y:10 P:A4 SP:FB
E847  2C 02 20  BIT  A:00 X:B8 Y:10 P:A4 SP:FB
E84A  30 06     BMI  A:00 X:B8 Y:10 P:26 SP:FB
E84C  CA        DEX  A:00 X:B8 Y:10 P:26 SP:FB
E84D  D0 F8     BNE  A:00 X:B7 Y:10 P:A4 SP:FB
E847  2C 02 20  BIT  A:00 X:B7 Y:10 P:A4 SP:FB
E84A  30 06     BMI  A:00 X:B7 Y:10 P:26 SP:FB
E84C  CA        DEX  A:00 X:B7 Y:10 P:26 SP:FB
E84D  D0 F8     BNE  A:00 X:B6 Y:10 P:A4 SP:FB
E847  2C 02 20  BIT  A:00 X:B6 Y:10 P:A4 SP:FB
E84A  30 06     BMI  A:00 X:B6 Y:10 P:26 SP:FB
E84C  CA        DEX  A:00 X:B6 Y:10 P:26 SP:FB
E84D  D0 F8     BNE  A:00 X:B5 Y:10 P:A4 SP:FB
E847  2C 02 20  BIT  A:00 X:B5 Y:10 P:A4 SP:FB
E84A  30 06     BMI  A:00 X:B5 Y:10 P:26 SP:FB
E84C  CA        DEX  A:00 X:B5 Y:10 P:26 SP:FB
E84D  D0 F8     BNE  A:00 X:B4 Y:10 P:A4 SP:FB
E847  2C 02 20  BIT  A:00 X:B4 Y:10 P:A4 SP:FB
E84A  30 06     BMI  A:00 X:B4 Y:10 P:26 SP:FB
E84C  CA        DEX  A:00 X:B4 Y:10 P:26 SP:FB
E84D  D0 F8     BNE  A:00 X:B3 Y:10 P:A4 SP:FB
E847  2C 02 20  BIT  A:00 X:B3 Y:10 P:A4 SP:FB
E84A  30 06     BMI  A:00 X:B3 Y:10 P:26 SP:FB
E84C  CA        DEX  A:00 X:B3 Y:10 P:26 SP:FB
E84D  D0 F8     BNE  A:00 X:B2 Y:10 P:A4 SP:FB
E847  2C 02 20  BIT  A:00 X:B2 Y:10 P:A4 SP:FB
E84A  30 06     BMI  A:00 X:B2 Y:10 P:26 SP:FB
E84C  CA        DEX  A:00 X:B2 Y:10 P:26 SP:FB
E84D  D0 F8     BNE  A:00 X:B1 Y:10 P:A4 SP:FB
E847  2C 02 20  BIT  A:00 X:B1 Y:10 P:A4 SP:FB
E84A  30 06     BMI  A:00 X:B1 Y:10 P:26 SP:FB
E84C  CA        DEX  A:00 X:B1 Y:10 P:26 SP:FB
E84D  D0 F8     BNE  A:00 X:B0 Y:10 P:A4 SP:FB
E847  2C 02 20  BIT  A:00 X:B0 Y:10 P:A4 SP:FB
E84A  30 06     BMI  A:00 X:B0 Y:10 P:26 SP:FB
E84C  CA        DEX  A:00 X:B0 Y:10 P:26 SP:FB
E84D  D0 F8     BNE  A:00 X:AF Y:10 P:A4 SP:FB
E847  2C 02 20  BIT  A:00 X:AF Y:10 P:A4 SP:FB
E84A  30 06     BMI  A:00 X:AF Y:10 P:26 SP:FB
E84C  CA        DEX  A:00 X:AF Y:10 P:26 SP:FB
E84D  D0 F8     BNE  A:00 X:AE Y:10 P:A4 SP:FB
E847  2C 02 20  BIT  A:00 X:AE Y:10 P:A4 SP:FB
E84A  30 06     BMI  A:00 X:AE Y:10 P:26 SP:FB
E84C  CA        DEX  A:00 X:AE Y:10 P:26 SP:FB
E84D  D0 F8     BNE  A:00 X:AD Y:10 P:A4 SP:FB
E847  2C 02 20  BIT  A:00 X:AD Y:10 P:A4 SP:FB
E84A  30 06     BMI  A:00 X:AD Y:10 P:26 SP:FB
E84C  CA        DEX  A:00 X:AD Y:10 P:26 SP:FB
E84D  D0 F8     BNE  A:00 X:AC Y:10 P:A4 SP:FB
E847  2C 02 20  BIT  A:00 X:AC Y:10 P:A4 SP:FB
E84A  30 06     BMI  A:00 X:AC Y:10 P:26 SP:FB
E84C  CA        DEX  A:00 X:AC Y:10 P:26 SP:FB
E84D  D0 F8     BNE  A:00 X:AB Y:10 P:A4 SP:FB
E847  2C 02 20  BIT  A:00 X:AB Y:10 P:A4 SP:FB
E84A  30 06     BMI  A:00 X:AB Y:10 P:26 SP:FB
E84C  CA        DEX  A:00 X:AB Y:10 P:26 SP:FB
E84D  D0 F8     BNE  A:00 X:AA Y:10 P:A4 SP:FB
E847  2C 02 20  BIT  A:00 X:AA Y:10 P:A4 SP:FB
E84A  30 06     BMI  A:00 X:AA Y:10 P:26 SP:FB
E84C  CA        DEX  A:00 X:AA Y:10 P:26 SP:FB
E84D  D0 F8     BNE  A:00 X:A9 Y:10 P:A4 SP:FB
E847  2C 02 20  BIT  A:00 X:A9 Y:10 P:A4 SP:FB
E84A  30 06     BMI  A:00 X:A9 Y:10 P:26 SP:FB
E84C  CA        DEX  A:00 X:A9 Y:10 P:26 SP:FB
E84D  D0 F8     BNE  A:00 X:A8 Y:10 P:A4 SP:FB
E847  2C 02 20  BIT  A:00 X:A8 Y:10 P:A4 SP:FB
E84A  30 06     BMI  A:00 X:A8 Y:10 P:26 SP:FB
E84C  CA        DEX  A:00 X:A8 Y:10 P:26 SP:FB
E84D  D0 F8     BNE  A:00 X:A7 Y:10 P:A4 SP:FB
E847  2C 02 20  BIT  A:00 X:A7 Y:10 P:A4 SP:FB
E84A  30 06     BMI  A:00 X:A7 Y:10 P:26 SP:FB
E84C  CA        DEX  A:00 X:A7 Y:10 P:26 SP:FB
E84D  D0 F8     BNE  A:00 X:A6 Y:10 P:A4 SP:FB
E847  2C 02 20  BIT  A:00 X:A6 Y:10 P:A4 SP:FB
E84A  30 06     BMI  A:00 X:A6 Y:10 P:26 SP:FB
E84C  CA        DEX  A:00 X:A6 Y:10 P:26 SP:FB
E84D  D0 F8     BNE  A:00 X:A5 Y:10 P:A4 SP:FB
E847  2C 02 20  BIT  A:00 X:A5 Y:10 P:A4 SP:FB
E84A  30 06     BMI  A:00 X:A5 Y:10 P:26 SP:FB
E84C  CA        DEX  A:00 X:A5 Y:10 P:26 SP:FB
E84D  D0 F8     BNE  A:00 X:A4 Y:10 P:A4 SP:FB
E847  2C 02 20  BIT  A:00 X:A4 Y:10 P:A4 SP:FB
E84A  30 06     BMI  A:00 X:A4 Y:10 P:26 SP:FB
E84C  CA        DEX  A:00 X:A4 Y:10 P:26 SP:FB
E84D  D0 F8     BNE  A:00 X:A3 Y:10 P:A4 SP:FB
E847  2C 02 20  BIT  A:00 X:A3 Y:10 P:A4 SP:FB
E84A  30 06     BMI  A:00 X:A3 Y:10 P:26 SP:FB
E84C  CA        DEX  A:00 X:A3 Y:10 P:26 SP:FB
E84D  D0 F8     BNE  A:00 X:A2 Y:10 P:A4 SP:FB
E847  2C 02 20  BIT  A:00 X:A2 Y:10 P:A4 SP:FB
E84A  30 06     BMI  A:00 X:A2 Y:10 P:26 SP:FB
E84C  CA        DEX  A:00 X:A2 Y:10 P:26 SP:FB
E84D  D0 F8     BNE  A:00 X:A1 Y:10 P:A4 SP:FB
E847  2C 02 20  BIT  A:00 X:A1 Y:10 P:A4 SP:FB
E84A  30 06     BMI  A:00 X:A1 Y:10 P:26 SP:FB
E84C  CA        DEX  A:00 X:A1 Y:10 P:26 SP:FB
E84D  D0 F8     BNE  A:00 X:A0 Y:10 P:A4 SP:FB
E847  2C 02 20  BIT  A:00 X:A0 Y:10 P:A4 SP:FB
E84A  30 06     BMI  A:00 X:A0 Y:10 P:26 SP:FB
E84C  CA        DEX  A:00 X:A0 Y:10 P:26 SP:FB
E84D  D0 F8     BNE  A:00 X:9F Y:10 P:A4 SP:FB
E847  2C 02 20  BIT  A:00 X:9F Y:10 P:A4 SP:FB
E84A  30 06     BMI  A:00 X:9F Y:10 P:26 SP:FB
E84C  CA        DEX  A:00 X:9F Y:10 P:26 SP:FB
E84D  D0 F8     BNE  A:00 X:9E Y:10 P:A4 SP:FB
E847  2C 02 20  BIT  A:00 X:9E Y:10 P:A4 SP:FB
E84A  30 06     BMI  A:00 X:9E Y:10 P:26 SP:FB
E84C  CA        DEX  A:00 X:9E Y:10 P:26 SP:FB
E84D  D0 F8     BNE  A:00 X:9D Y:10 P:A4 SP:FB
E847  2C 02 20  BIT  A:00 X:9D Y:10 P:A4 SP:FB
E84A  30 06     BMI  A:00 X:9D Y:10 P:26 SP:FB
E84C  CA        DEX  A:00 X:9D Y:10 P:26 SP:FB
E84D  D0 F8     BNE  A:00 X:9C Y:10 P:A4 SP:FB
E847  2C 02 20  BIT  A:00 X:9C Y:10 P:A4 SP:FB
E84A  30 06     BMI  A:00 X:9C Y:10 P:26 SP:FB
E84C  CA        DEX  A:00 X:9C Y:10 P:26 SP:FB
E84D  D0 F8     BNE  A:00 X:9B Y:10 P:A4 SP:FB
E847  2C 02 20  BIT  A:00 X:9B Y:10 P:A4 SP:FB
E84A  30 06     BMI  A:00 X:9B Y:10 P:26 SP:FB
E84C  CA        DEX  A:00 X:9B Y:10 P:26 SP:FB
E84D  D0 F8     BNE  A:00 X:9A Y:10 P:A4 SP:FB
E847  2C 02 20  BIT  A:00 X:9A Y:10 P:A4 SP:FB
E84A  30 06     BMI  A:00 X:9A Y:10 P:26 SP:FB
E84C  CA        DEX  A:00 X:9A Y:10 P:26 SP:FB
E84D  D0 F8     BNE  A:00 X:99 Y:10 P:A4 SP:FB
E847  2C 02 20  BIT  A:00 X:99 Y:10 P:A4 SP:FB
E84A  30 06     BMI  A:00 X:99 Y:10 P:26 SP:FB
E84C  CA        DEX  A:00 X:99 Y:10 P:26 SP:FB
E84D  D0 F8     BNE  A:00 X:98 Y:10 P:A4 SP:FB
E847  2C 02 20  BIT  A:00 X:98 Y:10 P:A4 SP:FB
E84A  30 06     BMI  A:00 X:98 Y:10 P:26 SP:FB
E84C  CA        DEX  A:00 X:98 Y:10 P:26 SP:FB
E84D  D0 F8     BNE  A:00 X:97 Y:10 P:A4 SP:FB
E847  2C 02 20  BIT  A:00 X:97 Y:10 P:A4 SP:FB
E84A  30 06     BMI  A:00 X:97 Y:10 P:26 SP:FB
E84C  CA        DEX  A:00 X:97 Y:10 P:26 SP:FB
E84D  D0 F8     BNE  A:00 X:96 Y:10 P:A4 SP:FB
E847  2C 02 20  BIT  A:00 X:96 Y:10 P:A4 SP:FB
E84A  30 06     BMI  A:00 X:96 Y:10 P:26 SP:FB
E84C  CA        DEX  A:00 X:96 Y:10 P:26 SP:FB
E84D  D0 F8     BNE  A:00 X:95 Y:10 P:A4 SP:FB
E847  2C 02 20  BIT  A:00 X:95 Y:10 P:A4 SP:FB
E84A  30 06     BMI  A:00 X:95 Y:10 P:26 SP:FB
E84C  CA        DEX  A:00 X:95 Y:10 P:26 SP:FB
E84D  D0 F8     BNE  A:00 X:94 Y:10 P:A4 SP:FB
E847  2C 02 20  BIT  A:00 X:94 Y:10 P:A4 SP:FB
E84A  30 06     BMI  A:00 X:94 Y:10 P:26 SP:FB
E84C  CA        DEX  A:00 X:94 Y:10 P:26 SP:FB
E84D  D0 F8     BNE  A:00 X:93 Y:10 P:A4 SP:FB
E847  2C 02 20  BIT  A:00 X:93 Y:10 P:A4 SP:FB
E84A  30 06     BMI  A:00 X:93 Y:10 P:26 SP:FB
E84C  CA        DEX  A:00 X:93 Y:10 P:26 SP:FB
E84D  D0 F8     BNE  A:00 X:92 Y:10 P:A4 SP:FB
E847  2C 02 20  BIT  A:00 X:92 Y:10 P:A4 SP:FB
E84A  30 06     BMI  A:00 X:92 Y:10 P:26 SP:FB
E84C  CA        DEX  A:00 X:92 Y:10 P:26 SP:FB
E84D  D0 F8     BNE  A:00 X:91 Y:10 P:A4 SP:FB
E847  2C 02 20  BIT  A:00 X:91 Y:10 P:A4 SP:FB
E84A  30 06     BMI  A:00 X:91 Y:10 P:26 SP:FB
E84C  CA        DEX  A:00 X:91 Y:10 P:26 SP:FB
E84D  D0 F8     BNE  A:00 X:90 Y:10 P:A4 SP:FB
E847  2C 02 20  BIT  A:00 X:90 Y:10 P:A4 SP:FB
E84A  30 06     BMI  A:00 X:90 Y:10 P:26 SP:FB
E84C  CA        DEX  A:00 X:90 Y:10 P:26 SP:FB
E84D  D0 F8     BNE  A:00 X:8F Y:10 P:A4 SP:FB
E847  2C 02 20  BIT  A:00 X:8F Y:10 P:A4 SP:FB
E84A  30 06     BMI  A:00 X:8F Y:10 P:26 SP:FB
E84C  CA        DEX  A:00 X:8F Y:10 P:26 SP:FB
E84D  D0 F8     BNE  A:00 X:8E Y:10 P:A4 SP:FB
E847  2C 02 20  BIT  A:00 X:8E Y:10 P:A4 SP:FB
E84A  30 06     BMI  A:00 X:8E Y:10 P:26 SP:FB
E84C  CA        DEX  A:00 X:8E Y:10 P:26 SP:FB
E84D  D0 F8     BNE  A:00 X:8D Y:10 P:A4 SP:FB
E847  2C 02 20  BIT  A:00 X:8D Y:10 P:A4 SP:FB
E84A  30 06     BMI  A:00 X:8D Y:10 P:26 SP:FB
E84C  CA        DEX  A:00 X:8D Y:10 P:26 SP:FB
E84D  D0 F8     BNE  A:00 X:8C Y:10 P:A4 SP:FB
E847  2C 02 20  BIT  A:00 X:8C Y:10 P:A4 SP:FB
E84A  30 06     BMI  A:00 X:8C Y:10 P:26 SP:FB
E84C  CA        DEX  A:00 X:8C Y:10 P:26 SP:FB
E84D  D0 F8     BNE  A:00 X:8B Y:10 P:A4 SP:FB
E847  2C 02 20  BIT  A:00 X:8B Y:10 P:A4 SP:FB
E84A  30 06     BMI  A:00 X:8B Y:10 P:26 SP:FB
E84C  CA        DEX  A:00 X:8B Y:10 P:26 SP:FB
E84D  D0 F8     BNE  A:00 X:8A Y:10 P:A4 SP:FB
E847  2C 02 20  BIT  A:00 X:8A Y:10 P:A4 SP:FB
E84A  30 06     BMI  A:00 X:8A Y:10 P:26 SP:FB
E84C  CA        DEX  A:00 X:8A Y:10 P:26 SP:FB
E84D  D0 F8     BNE  A:00 X:89 Y:10 P:A4 SP:FB
E847  2C 02 20  BIT  A:00 X:89 Y:10 P:A4 SP:FB
E84A  30 06     BMI  A:00 X:89 Y:10 P:26 SP:FB
E84C  CA        DEX  A:00 X:89 Y:10 P:26 SP:FB
E84D  D0 F8     BNE  A:00 X:88 Y:10 P:A4 SP:FB
E847  2C 02 20  BIT  A:00 X:88 Y:10 P:A4 SP:FB
E84A  30 06     BMI  A:00 X:88 Y:10 P:26 SP:FB
E84C  CA        DEX  A:00 X:88 Y:10 P:26 SP:FB
E84D  D0 F8     BNE  A:00 X:87 Y:10 P:A4 SP:FB
E847  2C 02 20  BIT  A:00 X:87 Y:10 P:A4 SP:FB
E84A  30 06     BMI  A:00 X:87 Y:10 P:26 SP:FB
E84C  CA        DEX  A:00 X:87 Y:10 P:26 SP:FB
E84D  D0 F8     BNE  A:00 X:86 Y:10 P:A4 SP:FB
E847  2C 02 20  BIT  A:00 X:86 Y:10 P:A4 SP:FB
E84A  30 06     BMI  A:00 X:86 Y:10 P:26 SP:FB
E84C  CA        DEX  A:00 X:86 Y:10 P:26 SP:FB
E84D  D0 F8     BNE  A:00 X:85 Y:10 P:A4 SP:FB
E847  2C 02 20  BIT  A:00 X:85 Y:10 P:A4 SP:FB
E84A  30 06     BMI  A:00 X:85 Y:10 P:26 SP:FB
E84C  CA        DEX  A:00 X:85 Y:10 P:26 SP:FB
E84D  D0 F8     BNE  A:00 X:84 Y:10 P:A4 SP:FB
E847  2C 02 20  BIT  A:00 X:84 Y:10 P:A4 SP:FB
E84A  30 06     BMI  A:00 X:84 Y:10 P:26 SP:FB
E84C  CA        DEX  A:00 X:84 Y:10 P:26 SP:FB
E84D  D0 F8     BNE  A:00 X:83 Y:10 P:A4 SP:FB
E847  2C 02 20  BIT  A:00 X:83 Y:10 P:A4 SP:FB
E84A  30 06     BMI  A:00 X:83 Y:10 P:26 SP:FB
E84C  CA        DEX  A:00 X:83 Y:10 P:26 SP:FB
E84D  D0 F8     BNE  A:00 X:82 Y:10 P:A4 SP:FB
E847  2C 02 20  BIT  A:00 X:82 Y:10 P:A4 SP:FB
E84A  30 06     BMI  A:00 X:82 Y:10 P:26 SP:FB
E84C  CA        DEX  A:00 X:82 Y:10 P:26 SP:FB
E84D  D0 F8     BNE  A:00 X:81 Y:10 P:A4 SP:FB
E847  2C 02 20  BIT  A:00 X:81 Y:10 P:A4 SP:FB
E84A  30 06     BMI  A:00 X:81 Y:10 P:26 SP:FB
E84C  CA        DEX  A:00 X:81 Y:10 P:26 SP:FB
E84D  D0 F8     BNE  A:00 X:80 Y:10 P:A4 SP:FB
E847  2C 02 20  BIT  A:00 X:80 Y:10 P:A4 SP:FB
E84A  30 06     BMI  A:00 X:80 Y:10 P:26 SP:FB
E84C  CA        DEX  A:00 X:80 Y:10 P:26 SP:FB
E84D  D0 F8     BNE  A:00 X:7F Y:10 P:24 SP:FB
E847  2C 02 20  BIT  A:00 X:7F Y:10 P:24 SP:FB
E84A  30 06     BMI  A:00 X:7F Y:10 P:26 SP:FB
E84C  CA        DEX  A:00 X:7F Y:10 P:26 SP:FB
E84D  D0 F8     BNE  A:00 X:7E Y:10 P:24 SP:FB
E847  2C 02 20  BIT  A:00 X:7E Y:10 P:24 SP:FB
E84A  30 06     BMI  A:00 X:7E Y:10 P:26 SP:FB
E84C  CA        DEX  A:00 X:7E Y:10 P:26 SP:FB
E84D  D0 F8     BNE  A:00 X:7D Y:10 P:24 SP:FB
E847  2C 02 20  BIT  A:00 X:7D Y:10 P:24 SP:FB
E84A  30 06     BMI  A:00 X:7D Y:10 P:26 SP:FB
E84C  CA        DEX  A:00 X:7D Y:10 P:26 SP:FB
E84D  D0 F8     BNE  A:00 X:7C Y:10 P:24 SP:FB
E847  2C 02 20  BIT  A:00 X:7C Y:10 P:24 SP:FB
E84A  30 06     BMI  A:00 X:7C Y:10 P:26 SP:FB
E84C  CA        DEX  A:00 X:7C Y:10 P:26 SP:FB
E84D  D0 F8     BNE  A:00 X:7B Y:10 P:24 SP:FB
E847  2C 02 20  BIT  A:00 X:7B Y:10 P:24 SP:FB
E84A  30 06     BMI  A:00 X:7B Y:10 P:26 SP:FB
E84C  CA        DEX  A:00 X:7B Y:10 P:26 SP:FB
E84D  D0 F8     BNE  A:00 X:7A Y:10 P:24 SP:FB
E847  2C 02 20  BIT  A:00 X:7A Y:10 P:24 SP:FB
E84A  30 06     BMI  A:00 X:7A Y:10 P:26 SP:FB
E84C  CA        DEX  A:00 X:7A Y:10 P:26 SP:FB
E84D  D0 F8     BNE  A:00 X:79 Y:10 P:24 SP:FB
E847  2C 02 20  BIT  A:00 X:79 Y:10 P:24 SP:FB
E84A  30 06     BMI  A:00 X:79 Y:10 P:26 SP:FB
E84C  CA        DEX  A:00 X:79 Y:10 P:26 SP:FB
E84D  D0 F8     BNE  A:00 X:78 Y:10 P:24 SP:FB
E847  2C 02 20  BIT  A:00 X:78 Y:10 P:24 SP:FB
E84A  30 06     BMI  A:00 X:78 Y:10 P:26 SP:FB
E84C  CA        DEX  A:00 X:78 Y:10 P:26 SP:FB
E84D  D0 F8     BNE  A:00 X:77 Y:10 P:24 SP:FB
E847  2C 02 20  BIT  A:00 X:77 Y:10 P:24 SP:FB
E84A  30 06     BMI  A:00 X:77 Y:10 P:26 SP:FB
E84C  CA        DEX  A:00 X:77 Y:10 P:26 SP:FB
E84D  D0 F8     BNE  A:00 X:76 Y:10 P:24 SP:FB
E847  2C 02 20  BIT  A:00 X:76 Y:10 P:24 SP:FB
E84A  30 06     BMI  A:00 X:76 Y:10 P:26 SP:FB
E84C  CA        DEX  A:00 X:76 Y:10 P:26 SP:FB
E84D  D0 F8     BNE  A:00 X:75 Y:10 P:24 SP:FB
E847  2C 02 20  BIT  A:00 X:75 Y:10 P:24 SP:FB
E84A  30 06     BMI  A:00 X:75 Y:10 P:26 SP:FB
E84C  CA        DEX  A:00 X:75 Y:10 P:26 SP:FB
E84D  D0 F8     BNE  A:00 X:74 Y:10 P:24 SP:FB
E847  2C 02 20  BIT  A:00 X:74 Y:10 P:24 SP:FB
E84A  30 06     BMI  A:00 X:74 Y:10 P:26 SP:FB
E84C  CA        DEX  A:00 X:74 Y:10 P:26 SP:FB
E84D  D0 F8     BNE  A:00 X:73 Y:10 P:24 SP:FB
E847  2C 02 20  BIT  A:00 X:73 Y:10 P:24 SP:FB
E84A  30 06     BMI  A:00 X:73 Y:10 P:26 SP:FB
E84C  CA        DEX  A:00 X:73 Y:10 P:26 SP:FB
E84D  D0 F8     BNE  A:00 X:72 Y:10 P:24 SP:FB
E847  2C 02 20  BIT  A:00 X:72 Y:10 P:24 SP:FB
E84A  30 06     BMI  A:00 X:72 Y:10 P:26 SP:FB
E84C  CA        DEX  A:00 X:72 Y:10 P:26 SP:FB
E84D  D0 F8     BNE  A:00 X:71 Y:10 P:24 SP:FB
E847  2C 02 20  BIT  A:00 X:71 Y:10 P:24 SP:FB
E84A  30 06     BMI  A:00 X:71 Y:10 P:26 SP:FB
E84C  CA        DEX  A:00 X:71 Y:10 P:26 SP:FB
E84D  D0 F8     BNE  A:00 X:70 Y:10 P:24 SP:FB
E847  2C 02 20  BIT  A:00 X:70 Y:10 P:24 SP:FB
E84A  30 06     BMI  A:00 X:70 Y:10 P:26 SP:FB
E84C  CA        DEX  A:00 X:70 Y:10 P:26 SP:FB
E84D  D0 F8     BNE  A:00 X:6F Y:10 P:24 SP:FB
E847  2C 02 20  BIT  A:00 X:6F Y:10 P:24 SP:FB
E84A  30 06     BMI  A:00 X:6F Y:10 P:26 SP:FB
E84C  CA        DEX  A:00 X:6F Y:10 P:26 SP:FB
E84D  D0 F8     BNE  A:00 X:6E Y:10 P:24 SP:FB
E847  2C 02 20  BIT  A:00 X:6E Y:10 P:24 SP:FB
E84A  30 06     BMI  A:00 X:6E Y:10 P:26 SP:FB
E84C  CA        DEX  A:00 X:6E Y:10 P:26 SP:FB
E84D  D0 F8     BNE  A:00 X:6D Y:10 P:24 SP:FB
E847  2C 02 20  BIT  A:00 X:6D Y:10 P:24 SP:FB
E84A  30 06     BMI  A:00 X:6D Y:10 P:26 SP:FB
E84C  CA        DEX  A:00 X:6D Y:10 P:26 SP:FB
E84D  D0 F8     BNE  A:00 X:6C Y:10 P:24 SP:FB
E847  2C 02 20  BIT  A:00 X:6C Y:10 P:24 SP:FB
E84A  30 06     BMI  A:00 X:6C Y:10 P:26 SP:FB
E84C  CA        DEX  A:00 X:6C Y:10 P:26 SP:FB
E84D  D0 F8     BNE  A:00 X:6B Y:10 P:24 SP:FB
E847  2C 02 20  BIT  A:00 X:6B Y:10 P:24 SP:FB
E84A  30 06     BMI  A:00 X:6B Y:10 P:26 SP:FB
E84C  CA        DEX  A:00 X:6B Y:10 P:26 SP:FB
E84D  D0 F8     BNE  A:00 X:6A Y:10 P:24 SP:FB
E847  2C 02 20  BIT  A:00 X:6A Y:10 P:24 SP:FB
E84A  30 06     BMI  A:00 X:6A Y:10 P:26 SP:FB
E84C  CA        DEX  A:00 X:6A Y:10 P:26 SP:FB
E84D  D0 F8     BNE  A:00 X:69 Y:10 P:24 SP:FB
E847  2C 02 20  BIT  A:00 X:69 Y:10 P:24 SP:FB
E84A  30 06     BMI  A:00 X:69 Y:10 P:26 SP:FB
E84C  CA        DEX  A:00 X:69 Y:10 P:26 SP:FB
E84D  D0 F8     BNE  A:00 X:68 Y:10 P:24 SP:FB
E847  2C 02 20  BIT  A:00 X:68 Y:10 P:24 SP:FB
E84A  30 06     BMI  A:00 X:68 Y:10 P:26 SP:FB
E84C  CA        DEX  A:00 X:68 Y:10 P:26 SP:FB
E84D  D0 F8     BNE  A:00 X:67 Y:10 P:24 SP:FB
E847  2C 02 20  BIT  A:00 X:67 Y:10 P:24 SP:FB
E84A  30 06     BMI  A:00 X:67 Y:10 P:26 SP:FB
E84C  CA        DEX  A:00 X:67 Y:10 P:26 SP:FB
E84D  D0 F8     BNE  A:00 X:66 Y:10 P:24 SP:FB
E847  2C 02 20  BIT  A:00 X:66 Y:10 P:24 SP:FB
E84A  30 06     BMI  A:00 X:66 Y:10 P:26 SP:FB
E84C  CA        DEX  A:00 X:66 Y:10 P:26 SP:FB
E84D  D0 F8     BNE  A:00 X:65 Y:10 P:24 SP:FB
E847  2C 02 20  BIT  A:00 X:65 Y:10 P:24 SP:FB
E84A  30 06     BMI  A:00 X:65 Y:10 P:26 SP:FB
E84C  CA        DEX  A:00 X:65 Y:10 P:26 SP:FB
E84D  D0 F8     BNE  A:00 X:64 Y:10 P:24 SP:FB
E847  2C 02 20  BIT  A:00 X:64 Y:10 P:24 SP:FB
E84A  30 06     BMI  A:00 X:64 Y:10 P:26 SP:FB
E84C  CA        DEX  A:00 X:64 Y:10 P:26 SP:FB
E84D  D0 F8     BNE  A:00 X:63 Y:10 P:24 SP:FB
E847  2C 02 20  BIT  A:00 X:63 Y:10 P:24 SP:FB
E84A  30 06     BMI  A:00 X:63 Y:10 P:26 SP:FB
E84C  CA        DEX  A:00 X:63 Y:10 P:26 SP:FB
E84D  D0 F8     BNE  A:00 X:62 Y:10 P:24 SP:FB
E847  2C 02 20  BIT  A:00 X:62 Y:10 P:24 SP:FB
E84A  30 06     BMI  A:00 X:62 Y:10 P:26 SP:FB
E84C  CA        DEX  A:00 X:62 Y:10 P:26 SP:FB
E84D  D0 F8     BNE  A:00 X:61 Y:10 P:24 SP:FB
E847  2C 02 20  BIT  A:00 X:61 Y:10 P:24 SP:FB
E84A  30 06     BMI  A:00 X:61 Y:10 P:26 SP:FB
E84C  CA        DEX  A:00 X:61 Y:10 P:26 SP:FB
E84D  D0 F8     BNE  A:00 X:60 Y:10 P:24 SP:FB
E847  2C 02 20  BIT  A:00 X:60 Y:10 P:24 SP:FB
E84A  30 06     BMI  A:00 X:60 Y:10 P:26 SP:FB
E84C  CA        DEX  A:00 X:60 Y:10 P:26 SP:FB
E84D  D0 F8     BNE  A:00 X:5F Y:10 P:24 SP:FB
E847  2C 02 20  BIT  A:00 X:5F Y:10 P:24 SP:FB
E84A  30 06     BMI  A:00 X:5F Y:10 P:26 SP:FB
E84C  CA        DEX  A:00 X:5F Y:10 P:26 SP:FB
E84D  D0 F8     BNE  A:00 X:5E Y:10 P:24 SP:FB
E847  2C 02 20  BIT  A:00 X:5E Y:10 P:24 SP:FB
E84A  30 06     BMI  A:00 X:5E Y:10 P:26 SP:FB
E84C  CA        DEX  A:00 X:5E Y:10 P:26 SP:FB
E84D  D0 F8     BNE  A:00 X:5D Y:10 P:24 SP:FB
E847  2C 02 20  BIT  A:00 X:5D Y:10 P:24 SP:FB
E84A  30 06     BMI  A:00 X:5D Y:10 P:26 SP:FB
E84C  CA        DEX  A:00 X:5D Y:10 P:26 SP:FB
E84D  D0 F8     BNE  A:00 X:5C Y:10 P:24 SP:FB
E847  2C 02 20  BIT  A:00 X:5C Y:10 P:24 SP:FB
E84A  30 06     BMI  A:00 X:5C Y:10 P:26 SP:FB
E84C  CA        DEX  A:00 X:5C Y:10 P:26 SP:FB
E84D  D0 F8     BNE  A:00 X:5B Y:10 P:24 SP:FB
E847  2C 02 20  BIT  A:00 X:5B Y:10 P:24 SP:FB
E84A  30 06     BMI  A:00 X:5B Y:10 P:26 SP:FB
E84C  CA        DEX  A:00 X:5B Y:10 P:26 SP:FB
E84D  D0 F8     BNE  A:00 X:5A Y:10 P:24 SP:FB
E847  2C 02 20  BIT  A:00 X:5A Y:10 P:24 SP:FB
E84A  30 06     BMI  A:00 X:5A Y:10 P:26 SP:FB
E84C  CA        DEX  A:00 X:5A Y:10 P:26 SP:FB
E84D  D0 F8     BNE  A:00 X:59 Y:10 P:24 SP:FB
E847  2C 02 20  BIT  A:00 X:59 Y:10 P:24 SP:FB
E84A  30 06     BMI  A:00 X:59 Y:10 P:26 SP:FB
E84C  CA        DEX  A:00 X:59 Y:10 P:26 SP:FB
E84D  D0 F8     BNE  A:00 X:58 Y:10 P:24 SP:FB
E847  2C 02 20  BIT  A:00 X:58 Y:10 P:24 SP:FB
E84A  30 06     BMI  A:00 X:58 Y:10 P:26 SP:FB
E84C  CA        DEX  A:00 X:58 Y:10 P:26 SP:FB
E84D  D0 F8     BNE  A:00 X:57 Y:10 P:24 SP:FB
E847  2C 02 20  BIT  A:00 X:57 Y:10 P:24 SP:FB
E84A  30 06     BMI  A:00 X:57 Y:10 P:26 SP:FB
E84C  CA        DEX  A:00 X:57 Y:10 P:26 SP:FB
E84D  D0 F8     BNE  A:00 X:56 Y:10 P:24 SP:FB
E847  2C 02 20  BIT  A:00 X:56 Y:10 P:24 SP:FB
E84A  30 06     BMI  A:00 X:56 Y:10 P:26 SP:FB
E84C  CA        DEX  A:00 X:56 Y:10 P:26 SP:FB
E84D  D0 F8     BNE  A:00 X:55 Y:10 P:24 SP:FB
E847  2C 02 20  BIT  A:00 X:55 Y:10 P:24 SP:FB
E84A  30 06     BMI  A:00 X:55 Y:10 P:26 SP:FB
E84C  CA        DEX  A:00 X:55 Y:10 P:26 SP:FB
E84D  D0 F8     BNE  A:00 X:54 Y:10 P:24 SP:FB
E847  2C 02 20  BIT  A:00 X:54 Y:10 P:24 SP:FB
E84A  30 06     BMI  A:00 X:54 Y:10 P:26 SP:FB
E84C  CA        DEX  A:00 X:54 Y:10 P:26 SP:FB
E84D  D0 F8     BNE  A:00 X:53 Y:10 P:24 SP:FB
E847  2C 02 20  BIT  A:00 X:53 Y:10 P:24 SP:FB
E84A  30 06     BMI  A:00 X:53 Y:10 P:26 SP:FB
E84C  CA        DEX  A:00 X:53 Y:10 P:26 SP:FB
E84D  D0 F8     BNE  A:00 X:52 Y:10 P:24 SP:FB
E847  2C 02 20  BIT  A:00 X:52 Y:10 P:24 SP:FB
E84A  30 06     BMI  A:00 X:52 Y:10 P:26 SP:FB
E84C  CA        DEX  A:00 X:52 Y:10 P:26 SP:FB
E84D  D0 F8     BNE  A:00 X:51 Y:10 P:24 SP:FB
E847  2C 02 20  BIT  A:00 X:51 Y:10 P:24 SP:FB
E84A  30 06     BMI  A:00 X:51 Y:10 P:26 SP:FB
E84C  CA        DEX  A:00 X:51 Y:10 P:26 SP:FB
E84D  D0 F8     BNE  A:00 X:50 Y:10 P:24 SP:FB
E847  2C 02 20  BIT  A:00 X:50 Y:10 P:24 SP:FB
E84A  30 06     BMI  A:00 X:50 Y:10 P:26 SP:FB
E84C  CA        DEX  A:00 X:50 Y:10 P:26 SP:FB
E84D  D0 F8     BNE  A:00 X:4F Y:10 P:24 SP:FB
E847  2C 02 20  BIT  A:00 X:4F Y:10 P:24 SP:FB
E84A  30 06     BMI  A:00 X:4F Y:10 P:26 SP:FB
E84C  CA        DEX  A:00 X:4F Y:10 P:26 SP:FB
E84D  D0 F8     BNE  A:00 X:4E Y:10 P:24 SP:FB
E847  2C 02 20  BIT  A:00 X:4E Y:10 P:24 SP:FB
E84A  30 06     BMI  A:00 X:4E Y:10 P:26 SP:FB
E84C  CA        DEX  A:00 X:4E Y:10 P:26 SP:FB
E84D  D0 F8     BNE  A:00 X:4D Y:10 P:24 SP:FB
E847  2C 02 20  BIT  A:00 X:4D Y:10 P:24 SP:FB
E84A  30 06     BMI  A:00 X:4D Y:10 P:26 SP:FB
E84C  CA        DEX  A:00 X:4D Y:10 P:26 SP:FB
E84D  D0 F8     BNE  A:00 X:4C Y:10 P:24 SP:FB
E847  2C 02 20  BIT  A:00 X:4C Y:10 P:24 SP:FB
E84A  30 06     BMI  A:00 X:4C Y:10 P:26 SP:FB
E84C  CA        DEX  A:00 X:4C Y:10 P:26 SP:FB
E84D  D0 F8     BNE  A:00 X:4B Y:10 P:24 SP:FB
E847  2C 02 20  BIT  A:00 X:4B Y:10 P:24 SP:FB
E84A  30 06     BMI  A:00 X:4B Y:10 P:26 SP:FB
E84C  CA        DEX  A:00 X:4B Y:10 P:26 SP:FB
E84D  D0 F8     BNE  A:00 X:4A Y:10 P:24 SP:FB
E847  2C 02 20  BIT  A:00 X:4A Y:10 P:24 SP:FB
E84A  30 06     BMI  A:00 X:4A Y:10 P:26 SP:FB
E84C  CA        DEX  A:00 X:4A Y:10 P:26 SP:FB
E84D  D0 F8     BNE  A:00 X:49 Y:10 P:24 SP:FB
E847  2C 02 20  BIT  A:00 X:49 Y:10 P:24 SP:FB
E84A  30 06     BMI  A:00 X:49 Y:10 P:26 SP:FB
E84C  CA        DEX  A:00 X:49 Y:10 P:26 SP:FB
E84D  D0 F8     BNE  A:00 X:48 Y:10 P:24 SP:FB
E847  2C 02 20  BIT  A:00 X:48 Y:10 P:24 SP:FB
E84A  30 06     BMI  A:00 X:48 Y:10 P:26 SP:FB
E84C  CA        DEX  A:00 X:48 Y:10 P:26 SP:FB
E84D  D0 F8     BNE  A:00 X:47 Y:10 P:24 SP:FB
E847  2C 02 20  BIT  A:00 X:47 Y:10 P:24 SP:FB
E84A  30 06     BMI  A:00 X:47 Y:10 P:26 SP:FB
E84C  CA        DEX  A:00 X:47 Y:10 P:26 SP:FB
E84D  D0 F8     BNE  A:00 X:46 Y:10 P:24 SP:FB
E847  2C 02 20  BIT  A:00 X:46 Y:10 P:24 SP:FB
E84A  30 06     BMI  A:00 X:46 Y:10 P:26 SP:FB
E84C  CA        DEX  A:00 X:46 Y:10 P:26 SP:FB
E84D  D0 F8     BNE  A:00 X:45 Y:10 P:24 SP:FB
E847  2C 02 20  BIT  A:00 X:45 Y:10 P:24 SP:FB
E84A  30 06     BMI  A:00 X:45 Y:10 P:26 SP:FB
E84C  CA        DEX  A:00 X:45 Y:10 P:26 SP:FB
E84D  D0 F8     BNE  A:00 X:44 Y:10 P:24 SP:FB
E847  2C 02 20  BIT  A:00 X:44 Y:10 P:24 SP:FB
E84A  30 06     BMI  A:00 X:44 Y:10 P:26 SP:FB
E84C  CA        DEX  A:00 X:44 Y:10 P:26 SP:FB
E84D  D0 F8     BNE  A:00 X:43 Y:10 P:24 SP:FB
E847  2C 02 20  BIT  A:00 X:43 Y:10 P:24 SP:FB
E84A  30 06     BMI  A:00 X:43 Y:10 P:26 SP:FB
E84C  CA        DEX  A:00 X:43 Y:10 P:26 SP:FB
E84D  D0 F8     BNE  A:00 X:42 Y:10 P:24 SP:FB
E847  2C 02 20  BIT  A:00 X:42 Y:10 P:24 SP:FB
E84A  30 06     BMI  A:00 X:42 Y:10 P:26 SP:FB
E84C  CA        DEX  A:00 X:42 Y:10 P:26 SP:FB
E84D  D0 F8     BNE  A:00 X:41 Y:10 P:24 SP:FB
E847  2C 02 20  BIT  A:00 X:41 Y:10 P:24 SP:FB
E84A  30 06     BMI  A:00 X:41 Y:10 P:26 SP:FB
E84C  CA        DEX  A:00 X:41 Y:10 P:26 SP:FB
E84D  D0 F8     BNE  A:00 X:40 Y:10 P:24 SP:FB
E847  2C 02 20  BIT  A:00 X:40 Y:10 P:24 SP:FB
E84A  30 06     BMI  A:00 X:40 Y:10 P:26 SP:FB
E84C  CA        DEX  A:00 X:40 Y:10 P:26 SP:FB
E84D  D0 F8     BNE  A:00 X:3F Y:10 P:24 SP:FB
E847  2C 02 20  BIT  A:00 X:3F Y:10 P:24 SP:FB
E84A  30 06     BMI  A:00 X:3F Y:10 P:26 SP:FB
E84C  CA        DEX  A:00 X:3F Y:10 P:26 SP:FB
E84D  D0 F8     BNE  A:00 X:3E Y:10 P:24 SP:FB
E847  2C 02 20  BIT  A:00 X:3E Y:10 P:24 SP:FB
E84A  30 06     BMI  A:00 X:3E Y:10 P:26 SP:FB
E84C  CA        DEX  A:00 X:3E Y:10 P:26 SP:FB
E84D  D0 F8     BNE  A:00 X:3D Y:10 P:24 SP:FB
E847  2C 02 20  BIT  A:00 X:3D Y:10 P:24 SP:FB
E84A  30 06     BMI  A:00 X:3D Y:10 P:26 SP:FB
E84C  CA        DEX  A:00 X:3D Y:10 P:26 SP:FB
E84D  D0 F8     BNE  A:00 X:3C Y:10 P:24 SP:FB
E847  2C 02 20  BIT  A:00 X:3C Y:10 P:24 SP:FB
E84A  30 06     BMI  A:00 X:3C Y:10 P:26 SP:FB
E84C  CA        DEX  A:00 X:3C Y:10 P:26 SP:FB
E84D  D0 F8     BNE  A:00 X:3B Y:10 P:24 SP:FB
E847  2C 02 20  BIT  A:00 X:3B Y:10 P:24 SP:FB
E84A  30 06     BMI  A:00 X:3B Y:10 P:26 SP:FB
E84C  CA        DEX  A:00 X:3B Y:10 P:26 SP:FB
E84D  D0 F8     BNE  A:00 X:3A Y:10 P:24 SP:FB
E847  2C 02 20  BIT  A:00 X:3A Y:10 P:24 SP:FB
E84A  30 06     BMI  A:00 X:3A Y:10 P:26 SP:FB
E84C  CA        DEX  A:00 X:3A Y:10 P:26 SP:FB
E84D  D0 F8     BNE  A:00 X:39 Y:10 P:24 SP:FB
E847  2C 02 20  BIT  A:00 X:39 Y:10 P:24 SP:FB
E84A  30 06     BMI  A:00 X:39 Y:10 P:26 SP:FB
E84C  CA        DEX  A:00 X:39 Y:10 P:26 SP:FB
E84D  D0 F8     BNE  A:00 X:38 Y:10 P:24 SP:FB
E847  2C 02 20  BIT  A:00 X:38 Y:10 P:24 SP:FB
E84A  30 06     BMI  A:00 X:38 Y:10 P:26 SP:FB
E84C  CA        DEX  A:00 X:38 Y:10 P:26 SP:FB
E84D  D0 F8     BNE  A:00 X:37 Y:10 P:24 SP:FB
E847  2C 02 20  BIT  A:00 X:37 Y:10 P:24 SP:FB
E84A  30 06     BMI  A:00 X:37 Y:10 P:26 SP:FB
E84C  CA        DEX  A:00 X:37 Y:10 P:26 SP:FB
E84D  D0 F8     BNE  A:00 X:36 Y:10 P:24 SP:FB
E847  2C 02 20  BIT  A:00 X:36 Y:10 P:24 SP:FB
E84A  30 06     BMI  A:00 X:36 Y:10 P:26 SP:FB
E84C  CA        DEX  A:00 X:36 Y:10 P:26 SP:FB
E84D  D0 F8     BNE  A:00 X:35 Y:10 P:24 SP:FB
E847  2C 02 20  BIT  A:00 X:35 Y:10 P:24 SP:FB
E84A  30 06     BMI  A:00 X:35 Y:10 P:26 SP:FB
E84C  CA        DEX  A:00 X:35 Y:10 P:26 SP:FB
E84D  D0 F8     BNE  A:00 X:34 Y:10 P:24 SP:FB
E847  2C 02 20  BIT  A:00 X:34 Y:10 P:24 SP:FB
E84A  30 06     BMI  A:00 X:34 Y:10 P:26 SP:FB
E84C  CA        DEX  A:00 X:34 Y:10 P:26 SP:FB
E84D  D0 F8     BNE  A:00 X:33 Y:10 P:24 SP:FB
E847  2C 02 20  BIT  A:00 X:33 Y:10 P:24 SP:FB
E84A  30 06     BMI  A:00 X:33 Y:10 P:26 SP:FB
E84C  CA        DEX  A:00 X:33 Y:10 P:26 SP:FB
E84D  D0 F8     BNE  A:00 X:32 Y:10 P:24 SP:FB
E847  2C 02 20  BIT  A:00 X:32 Y:10 P:24 SP:FB
E84A  30 06     BMI  A:00 X:32 Y:10 P:26 SP:FB
E84C  CA        DEX  A:00 X:32 Y:10 P:26 SP:FB
E84D  D0 F8     BNE  A:00 X:31 Y:10 P:24 SP:FB
E847  2C 02 20  BIT  A:00 X:31 Y:10 P:24 SP:FB
E84A  30 06     BMI  A:00 X:31 Y:10 P:26 SP:FB
E84C  CA        DEX  A:00 X:31 Y:10 P:26 SP:FB
E84D  D0 F8     BNE  A:00 X:30 Y:10 P:24 SP:FB
E847  2C 02 20  BIT  A:00 X:30 Y:10 P:24 SP:FB
E84A  30 06     BMI  A:00 X:30 Y:10 P:26 SP:FB
E84C  CA        DEX  A:00 X:30 Y:10 P:26 SP:FB
E84D  D0 F8     BNE  A:00 X:2F Y:10 P:24 SP:FB
E847  2C 02 20  BIT  A:00 X:2F Y:10 P:24 SP:FB
E84A  30 06     BMI  A:00 X:2F Y:10 P:26 SP:FB
E84C  CA        DEX  A:00 X:2F Y:10 P:26 SP:FB
E84D  D0 F8     BNE  A:00 X:2E Y:10 P:24 SP:FB
E847  2C 02 20  BIT  A:00 X:2E Y:10 P:24 SP:FB
E84A  30 06     BMI  A:00 X:2E Y:10 P:26 SP:FB
E84C  CA        DEX  A:00 X:2E Y:10 P:26 SP:FB
E84D  D0 F8     BNE  A:00 X:2D Y:10 P:24 SP:FB
E847  2C 02 20  BIT  A:00 X:2D Y:10 P:24 SP:FB
E84A  30 06     BMI  A:00 X:2D Y:10 P:26 SP:FB
E84C  CA        DEX  A:00 X:2D Y:10 P:26 SP:FB
E84D  D0 F8     BNE  A:00 X:2C Y:10 P:24 SP:FB
E847  2C 02 20  BIT  A:00 X:2C Y:10 P:24 SP:FB
E84A  30 06     BMI  A:00 X:2C Y:10 P:26 SP:FB
E84C  CA        DEX  A:00 X:2C Y:10 P:26 SP:FB
E84D  D0 F8     BNE  A:00 X:2B Y:10 P:24 SP:FB
E847  2C 02 20  BIT  A:00 X:2B Y:10 P:24 SP:FB
E84A  30 06     BMI  A:00 X:2B Y:10 P:26 SP:FB
E84C  CA        DEX  A:00 X:2B Y:10 P:26 SP:FB
E84D  D0 F8     BNE  A:00 X:2A Y:10 P:24 SP:FB
E847  2C 02 20  BIT  A:00 X:2A Y:10 P:24 SP:FB
E84A  30 06     BMI  A:00 X:2A Y:10 P:26 SP:FB
E84C  CA        DEX  A:00 X:2A Y:10 P:26 SP:FB
E84D  D0 F8     BNE  A:00 X:29 Y:10 P:24 SP:FB
E847  2C 02 20  BIT  A:00 X:29 Y:10 P:24 SP:FB
E84A  30 06     BMI  A:00 X:29 Y:10 P:26 SP:FB
E84C  CA        DEX  A:00 X:29 Y:10 P:26 SP:FB
E84D  D0 F8     BNE  A:00 X:28 Y:10 P:24 SP:FB
E847  2C 02 20  BIT  A:00 X:28 Y:10 P:24 SP:FB
E84A  30 06     BMI  A:00 X:28 Y:10 P:26 SP:FB
E84C  CA        DEX  A:00 X:28 Y:10 P:26 SP:FB
E84D  D0 F8     BNE  A:00 X:27 Y:10 P:24 SP:FB
E847  2C 02 20  BIT  A:00 X:27 Y:10 P:24 SP:FB
E84A  30 06     BMI  A:00 X:27 Y:10 P:26 SP:FB
E84C  CA        DEX  A:00 X:27 Y:10 P:26 SP:FB
E84D  D0 F8     BNE  A:00 X:26 Y:10 P:24 SP:FB
E847  2C 02 20  BIT  A:00 X:26 Y:10 P:24 SP:FB
E84A  30 06     BMI  A:00 X:26 Y:10 P:26 SP:FB
E84C  CA        DEX  A:00 X:26 Y:10 P:26 SP:FB
E84D  D0 F8     BNE  A:00 X:25 Y:10 P:24 SP:FB
E847  2C 02 20  BIT  A:00 X:25 Y:10 P:24 SP:FB
E84A  30 06     BMI  A:00 X:25 Y:10 P:26 SP:FB
E84C  CA        DEX  A:00 X:25 Y:10 P:26 SP:FB
E84D  D0 F8     BNE  A:00 X:24 Y:10 P:24 SP:FB
E847  2C 02 20  BIT  A:00 X:24 Y:10 P:24 SP:FB
E84A  30 06     BMI  A:00 X:24 Y:10 P:26 SP:FB
E84C  CA        DEX  A:00 X:24 Y:10 P:26 SP:FB
E84D  D0 F8     BNE  A:00 X:23 Y:10 P:24 SP:FB
E847  2C 02 20  BIT  A:00 X:23 Y:10 P:24 SP:FB
E84A  30 06     BMI  A:00 X:23 Y:10 P:26 SP:FB
E84C  CA        DEX  A:00 X:23 Y:10 P:26 SP:FB
E84D  D0 F8     BNE  A:00 X:22 Y:10 P:24 SP:FB
E847  2C 02 20  BIT  A:00 X:22 Y:10 P:24 SP:FB
E84A  30 06     BMI  A:00 X:22 Y:10 P:26 SP:FB
E84C  CA        DEX  A:00 X:22 Y:10 P:26 SP:FB
E84D  D0 F8     BNE  A:00 X:21 Y:10 P:24 SP:FB
E847  2C 02 20  BIT  A:00 X:21 Y:10 P:24 SP:FB
E84A  30 06     BMI  A:00 X:21 Y:10 P:26 SP:FB
E84C  CA        DEX  A:00 X:21 Y:10 P:26 SP:FB
E84D  D0 F8     BNE  A:00 X:20 Y:10 P:24 SP:FB
E847  2C 02 20  BIT  A:00 X:20 Y:10 P:24 SP:FB
E84A  30 06     BMI  A:00 X:20 Y:10 P:26 SP:FB
E84C  CA        DEX  A:00 X:20 Y:10 P:26 SP:FB
E84D  D0 F8     BNE  A:00 X:1F Y:10 P:24 SP:FB
E847  2C 02 20  BIT  A:00 X:1F Y:10 P:24 SP:FB
E84A  30 06     BMI  A:00 X:1F Y:10 P:26 SP:FB
E84C  CA        DEX  A:00 X:1F Y:10 P:26 SP:FB
E84D  D0 F8     BNE  A:00 X:1E Y:10 P:24 SP:FB
E847  2C 02 20  BIT  A:00 X:1E Y:10 P:24 SP:FB
E84A  30 06     BMI  A:00 X:1E Y:10 P:26 SP:FB
E84C  CA        DEX  A:00 X:1E Y:10 P:26 SP:FB
E84D  D0 F8     BNE  A:00 X:1D Y:10 P:24 SP:FB
E847  2C 02 20  BIT  A:00 X:1D Y:10 P:24 SP:FB
E84A  30 06     BMI  A:00 X:1D Y:10 P:26 SP:FB
E84C  CA        DEX  A:00 X:1D Y:10 P:26 SP:FB
E84D  D0 F8     BNE  A:00 X:1C Y:10 P:24 SP:FB
E847  2C 02 20  BIT  A:00 X:1C Y:10 P:24 SP:FB
E84A  30 06     BMI  A:00 X:1C Y:10 P:26 SP:FB
E84C  CA        DEX  A:00 X:1C Y:10 P:26 SP:FB
E84D  D0 F8     BNE  A:00 X:1B Y:10 P:24 SP:FB
E847  2C 02 20  BIT  A:00 X:1B Y:10 P:24 SP:FB
E84A  30 06     BMI  A:00 X:1B Y:10 P:26 SP:FB
E84C  CA        DEX  A:00 X:1B Y:10 P:26 SP:FB
E84D  D0 F8     BNE  A:00 X:1A Y:10 P:24 SP:FB
E847  2C 02 20  BIT  A:00 X:1A Y:10 P:24 SP:FB
E84A  30 06     BMI  A:00 X:1A Y:10 P:26 SP:FB
E84C  CA        DEX  A:00 X:1A Y:10 P:26 SP:FB
E84D  D0 F8     BNE  A:00 X:19 Y:10 P:24 SP:FB
E847  2C 02 20  BIT  A:00 X:19 Y:10 P:24 SP:FB
E84A  30 06     BMI  A:00 X:19 Y:10 P:26 SP:FB
E84C  CA        DEX  A:00 X:19 Y:10 P:26 SP:FB
E84D  D0 F8     BNE  A:00 X:18 Y:10 P:24 SP:FB
E847  2C 02 20  BIT  A:00 X:18 Y:10 P:24 SP:FB
E84A  30 06     BMI  A:00 X:18 Y:10 P:26 SP:FB
E84C  CA        DEX  A:00 X:18 Y:10 P:26 SP:FB
E84D  D0 F8     BNE  A:00 X:17 Y:10 P:24 SP:FB
E847  2C 02 20  BIT  A:00 X:17 Y:10 P:24 SP:FB
E84A  30 06     BMI  A:00 X:17 Y:10 P:26 SP:FB
E84C  CA        DEX  A:00 X:17 Y:10 P:26 SP:FB
E84D  D0 F8     BNE  A:00 X:16 Y:10 P:24 SP:FB
E847  2C 02 20  BIT  A:00 X:16 Y:10 P:24 SP:FB
E84A  30 06     BMI  A:00 X:16 Y:10 P:26 SP:FB
E84C  CA        DEX  A:00 X:16 Y:10 P:26 SP:FB
E84D  D0 F8     BNE  A:00 X:15 Y:10 P:24 SP:FB
E847  2C 02 20  BIT  A:00 X:15 Y:10 P:24 SP:FB
E84A  30 06     BMI  A:00 X:15 Y:10 P:26 SP:FB
E84C  CA        DEX  A:00 X:15 Y:10 P:26 SP:FB
E84D  D0 F8     BNE  A:00 X:14 Y:10 P:24 SP:FB
E847  2C 02 20  BIT  A:00 X:14 Y:10 P:24 SP:FB
E84A  30 06     BMI  A:00 X:14 Y:10 P:26 SP:FB
E84C  CA        DEX  A:00 X:14 Y:10 P:26 SP:FB
E84D  D0 F8     BNE  A:00 X:13 Y:10 P:24 SP:FB
E847  2C 02 20  BIT  A:00 X:13 Y:10 P:24 SP:FB
E84A  30 06     BMI  A:00 X:13 Y:10 P:26 SP:FB
E84C  CA        DEX  A:00 X:13 Y:10 P:26 SP:FB
E84D  D0 F8     BNE  A:00 X:12 Y:10 P:24 SP:FB
E847  2C 02 20  BIT  A:00 X:12 Y:10 P:24 SP:FB
E84A  30 06     BMI  A:00 X:12 Y:10 P:26 SP:FB
E84C  CA        DEX  A:00 X:12 Y:10 P:26 SP:FB
E84D  D0 F8     BNE  A:00 X:11 Y:10 P:24 SP:FB
E847  2C 02 20  BIT  A:00 X:11 Y:10 P:24 SP:FB
E84A  30 06     BMI  A:00 X:11 Y:10 P:26 SP:FB
E84C  CA        DEX  A:00 X:11 Y:10 P:26 SP:FB
E84D  D0 F8     BNE  A:00 X:10 Y:10 P:24 SP:FB
E847  2C 02 20  BIT  A:00 X:10 Y:10 P:24 SP:FB
E84A  30 06     BMI  A:00 X:10 Y:10 P:26 SP:FB
E84C  CA        DEX  A:00 X:10 Y:10 P:26 SP:FB
E84D  D0 F8     BNE  A:00 X:0F Y:10 P:24 SP:FB
E847  2C 02 20  BIT  A:00 X:0F Y:10 P:24 SP:FB
E84A  30 06     BMI  A:00 X:0F Y:10 P:26 SP:FB
E84C  CA        DEX  A:00 X:0F Y:10 P:26 SP:FB
E84D  D0 F8     BNE  A:00 X:0E Y:10 P:24 SP:FB
E847  2C 02 20  BIT  A:00 X:0E Y:10 P:24 SP:FB
E84A  30 06     BMI  A:00 X:0E Y:10 P:26 SP:FB
E84C  CA        DEX  A:00 X:0E Y:10 P:26 SP:FB
E84D  D0 F8     BNE  A:00 X:0D Y:10 P:24 SP:FB
E847  2C 02 20  BIT  A:00 X:0D Y:10 P:24 SP:FB
E84A  30 06     BMI  A:00 X:0D Y:10 P:26 SP:FB
E84C  CA        DEX  A:00 X:0D Y:10 P:26 SP:FB
E84D  D0 F8     BNE  A:00 X:0C Y:10 P:24 SP:FB
E847  2C 02 20  BIT  A:00 X:0C Y:10 P:24 SP:FB
E84A  30 06     BMI  A:00 X:0C Y:10 P:26 SP:FB
E84C  CA        DEX  A:00 X:0C Y:10 P:26 SP:FB
E84D  D0 F8     BNE  A:00 X:0B Y:10 P:24 SP:FB
E847  2C 02 20  BIT  A:00 X:0B Y:10 P:24 SP:FB
E84A  30 06     BMI  A:00 X:0B Y:10 P:26 SP:FB
E84C  CA        DEX  A:00 X:0B Y:10 P:26 SP:FB
E84D  D0 F8     BNE  A:00 X:0A Y:10 P:24 SP:FB
E847  2C 02 20  BIT  A:00 X:0A Y:10 P:24 SP:FB
E84A  30 06     BMI  A:00 X:0A Y:10 P:26 SP:FB
E84C  CA        DEX  A:00 X:0A Y:10 P:26 SP:FB
E84D  D0 F8     BNE  A:00 X:09 Y:10 P:24 SP:FB
E847  2C 02 20  BIT  A:00 X:09 Y:10 P:24 SP:FB
E84A  30 06     BMI  A:00 X:09 Y:10 P:26 SP:FB
E84C  CA        DEX  A:00 X:09 Y:10 P:26 SP:FB
E84D  D0 F8     BNE  A:00 X:08 Y:10 P:24 SP:FB
E847  2C 02 20  BIT  A:00 X:08 Y:10 P:24 SP:FB
E84A  30 06     BMI  A:00 X:08 Y:10 P:26 SP:FB
E84C  CA        DEX  A:00 X:08 Y:10 P:26 SP:FB
E84D  D0 F8     BNE  A:00 X:07 Y:10 P:24 SP:FB
E847  2C 02 20  BIT  A:00 X:07 Y:10 P:24 SP:FB
E84A  30 06     BMI  A:00 X:07 Y:10 P:26 SP:FB
E84C  CA        DEX  A:00 X:07 Y:10 P:26 SP:FB
E84D  D0 F8     BNE  A:00 X:06 Y:10 P:24 SP:FB
E847  2C 02 20  BIT  A:00 X:06 Y:10 P:24 SP:FB
E84A  30 06     BMI  A:00 X:06 Y:10 P:26 SP:FB
E84C  CA        DEX  A:00 X:06 Y:10 P:26 SP:FB
E84D  D0 F8     BNE  A:00 X:05 Y:10 P:24 SP:FB
E847  2C 02 20  BIT  A:00 X:05 Y:10 P:24 SP:FB
E84A  30 06     BMI  A:00 X:05 Y:10 P:26 SP:FB
E84C  CA        DEX  A:00 X:05 Y:10 P:26 SP:FB
E84D  D0 F8     BNE  A:00 X:04 Y:10 P:24 SP:FB
E847  2C 02 20  BIT  A:00 X:04 Y:10 P:24 SP:FB
E84A  30 06     BMI  A:00 X:04 Y:10 P:26 SP:FB
E84C  CA        DEX  A:00 X:04 Y:10 P:26 SP:FB
E84D  D0 F8     BNE  A:00 X:03 Y:10 P:24 SP:FB
E847  2C 02 20  BIT  A:00 X:03 Y:10 P:24 SP:FB
E84A  30 06     BMI  A:00 X:03 Y:10 P:26 SP:FB
E84C  CA        DEX  A:00 X:03 Y:10 P:26 SP:FB
E84D  D0 F8     BNE  A:00 X:02 Y:10 P:24 SP:FB
E847  2C 02 20  BIT  A:00 X:02 Y:10 P:24 SP:FB
E84A  30 06     BMI  A:00 X:02 Y:10 P:26 SP:FB
E84C  CA        DEX  A:00 X:02 Y:10 P:26 SP:FB
E84D  D0 F8     BNE  A:00 X:01 Y:10 P:24 SP:FB
E847  2C 02 20  BIT  A:00 X:01 Y:10 P:24 SP:FB
E84A  30 06     BMI  A:00 X:01 Y:10 P:26 SP:FB
E84C  CA        DEX  A:00 X:01 Y:10 P:26 SP:FB
E84D  D0 F8     BNE  A:00 X:00 Y:10 P:26 SP:FB
E84F  88        DEY  A:00 X:00 Y:10 P:26 SP:FB
E850  10 F5     BPL  A:00 X:00 Y:0F P:24 SP:FB
E847  2C 02 20  BIT  A:00 X:00 Y:0F P:24 SP:FB
E84A  30 06     BMI  A:00 X:00 Y:0F P:26 SP:FB
E84C  CA        DEX  A:00 X:00 Y:0F P:26 SP:FB
E84D  D0 F8     BNE  A:00 X:FF Y:0F P:A4 SP:FB
E847  2C 02 20  BIT  A:00 X:FF Y:0F P:A4 SP:FB
E84A  30 06     BMI  A:00 X:FF Y:0F P:26 SP:FB
E84C  CA        DEX  A:00 X:FF Y:0F P:26 SP:FB
E84D  D0 F8     BNE  A:00 X:FE Y:0F P:A4 SP:FB
E847  2C 02 20  BIT  A:00 X:FE Y:0F P:A4 SP:FB
E84A  30 06     BMI  A:00 X:FE Y:0F P:26 SP:FB
E84C  CA        DEX  A:00 X:FE Y:0F P:26 SP:FB
E84D  D0 F8     BNE  A:00 X:FD Y:0F P:A4 SP:FB
E847  2C 02 20  BIT  A:00 X:FD Y:0F P:A4 SP:FB
E84A  30 06     BMI  A:00 X:FD Y:0F P:26 SP:FB
E84C  CA        DEX  A:00 X:FD Y:0F P:26 SP:FB
E84D  D0 F8     BNE  A:00 X:FC Y:0F P:A4 SP:FB
E847  2C 02 20  BIT  A:00 X:FC Y:0F P:A4 SP:FB
E84A  30 06     BMI  A:00 X:FC Y:0F P:26 SP:FB
E84C  CA        DEX  A:00 X:FC Y:0F P:26 SP:FB
E84D  D0 F8     BNE  A:00 X:FB Y:0F P:A4 SP:FB
E847  2C 02 20  BIT  A:00 X:FB Y:0F P:A4 SP:FB
E84A  30 06     BMI  A:00 X:FB Y:0F P:26 SP:FB
E84C  CA        DEX  A:00 X:FB Y:0F P:26 SP:FB
E84D  D0 F8     BNE  A:00 X:FA Y:0F P:A4 SP:FB
E847  2C 02 20  BIT  A:00 X:FA Y:0F P:A4 SP:FB
E84A  30 06     BMI  A:00 X:FA Y:0F P:26 SP:FB
E84C  CA        DEX  A:00 X:FA Y:0F P:26 SP:FB
E84D  D0 F8     BNE  A:00 X:F9 Y:0F P:A4 SP:FB
E847  2C 02 20  BIT  A:00 X:F9 Y:0F P:A4 SP:FB
E84A  30 06     BMI  A:00 X:F9 Y:0F P:26 SP:FB
E84C  CA        DEX  A:00 X:F9 Y:0F P:26 SP:FB
E84D  D0 F8     BNE  A:00 X:F8 Y:0F P:A4 SP:FB
E847  2C 02 20  BIT  A:00 X:F8 Y:0F P:A4 SP:FB
E84A  30 06     BMI  A:00 X:F8 Y:0F P:26 SP:FB
E84C  CA        DEX  A:00 X:F8 Y:0F P:26 SP:FB
E84D  D0 F8     BNE  A:00 X:F7 Y:0F P:A4 SP:FB
E847  2C 02 20  BIT  A:00 X:F7 Y:0F P:A4 SP:FB
E84A  30 06     BMI  A:00 X:F7 Y:0F P:26 SP:FB
E84C  CA        DEX  A:00 X:F7 Y:0F P:26 SP:FB
E84D  D0 F8     BNE  A:00 X:F6 Y:0F P:A4 SP:FB
E847  2C 02 20  BIT  A:00 X:F6 Y:0F P:A4 SP:FB
E84A  30 06     BMI  A:00 X:F6 Y:0F P:26 SP:FB
E84C  CA        DEX  A:00 X:F6 Y:0F P:26 SP:FB
E84D  D0 F8     BNE  A:00 X:F5 Y:0F P:A4 SP:FB
E847  2C 02 20  BIT  A:00 X:F5 Y:0F P:A4 SP:FB
E84A  30 06     BMI  A:00 X:F5 Y:0F P:26 SP:FB
E84C  CA        DEX  A:00 X:F5 Y:0F P:26 SP:FB
E84D  D0 F8     BNE  A:00 X:F4 Y:0F P:A4 SP:FB
E847  2C 02 20  BIT  A:00 X:F4 Y:0F P:A4 SP:FB
E84A  30 06     BMI  A:00 X:F4 Y:0F P:26 SP:FB
E84C  CA        DEX  A:00 X:F4 Y:0F P:26 SP:FB
E84D  D0 F8     BNE  A:00 X:F3 Y:0F P:A4 SP:FB
E847  2C 02 20  BIT  A:00 X:F3 Y:0F P:A4 SP:FB
E84A  30 06     BMI  A:00 X:F3 Y:0F P:26 SP:FB
E84C  CA        DEX  A:00 X:F3 Y:0F P:26 SP:FB
E84D  D0 F8     BNE  A:00 X:F2 Y:0F P:A4 SP:FB
E847  2C 02 20  BIT  A:00 X:F2 Y:0F P:A4 SP:FB
E84A  30 06     BMI  A:00 X:F2 Y:0F P:26 SP:FB
E84C  CA        DEX  A:00 X:F2 Y:0F P:26 SP:FB
E84D  D0 F8     BNE  A:00 X:F1 Y:0F P:A4 SP:FB
E847  2C 02 20  BIT  A:00 X:F1 Y:0F P:A4 SP:FB
E84A  30 06     BMI  A:00 X:F1 Y:0F P:26 SP:FB
E84C  CA        DEX  A:00 X:F1 Y:0F P:26 SP:FB
E84D  D0 F8     BNE  A:00 X:F0 Y:0F P:A4 SP:FB
E847  2C 02 20  BIT  A:00 X:F0 Y:0F P:A4 SP:FB
E84A  30 06     BMI  A:00 X:F0 Y:0F P:26 SP:FB
E84C  CA        DEX  A:00 X:F0 Y:0F P:26 SP:FB
E84D  D0 F8     BNE  A:00 X:EF Y:0F P:A4 SP:FB
E847  2C 02 20  BIT  A:00 X:EF Y:0F P:A4 SP:FB
E84A  30 06     BMI  A:00 X:EF Y:0F P:26 SP:FB
E84C  CA        DEX  A:00 X:EF Y:0F P:26 SP:FB
E84D  D0 F8     BNE  A:00 X:EE Y:0F P:A4 SP:FB
E847  2C 02 20  BIT  A:00 X:EE Y:0F P:A4 SP:FB
E84A  30 06     BMI  A:00 X:EE Y:0F P:26 SP:FB
E84C  CA        DEX  A:00 X:EE Y:0F P:26 SP:FB
E84D  D0 F8     BNE  A:00 X:ED Y:0F P:A4 SP:FB
E847  2C 02 20  BIT  A:00 X:ED Y:0F P:A4 SP:FB
E84A  30 06     BMI  A:00 X:ED Y:0F P:26 SP:FB
E84C  CA        DEX  A:00 X:ED Y:0F P:26 SP:FB
E84D  D0 F8     BNE  A:00 X:EC Y:0F P:A4 SP:FB
E847  2C 02 20  BIT  A:00 X:EC Y:0F P:A4 SP:FB
E84A  30 06     BMI  A:00 X:EC Y:0F P:26 SP:FB
E84C  CA        DEX  A:00 X:EC Y:0F P:26 SP:FB
E84D  D0 F8     BNE  A:00 X:EB Y:0F P:A4 SP:FB
E847  2C 02 20  BIT  A:00 X:EB Y:0F P:A4 SP:FB
E84A  30 06     BMI  A:00 X:EB Y:0F P:26 SP:FB
E84C  CA        DEX  A:00 X:EB Y:0F P:26 SP:FB
E84D  D0 F8     BNE  A:00 X:EA Y:0F P:A4 SP:FB
E847  2C 02 20  BIT  A:00 X:EA Y:0F P:A4 SP:FB
E84A  30 06     BMI  A:00 X:EA Y:0F P:26 SP:FB
E84C  CA        DEX  A:00 X:EA Y:0F P:26 SP:FB
E84D  D0 F8     BNE  A:00 X:E9 Y:0F P:A4 SP:FB
E847  2C 02 20  BIT  A:00 X:E9 Y:0F P:A4 SP:FB
E84A  30 06     BMI  A:00 X:E9 Y:0F P:26 SP:FB
E84C  CA        DEX  A:00 X:E9 Y:0F P:26 SP:FB
E84D  D0 F8     BNE  A:00 X:E8 Y:0F P:A4 SP:FB
E847  2C 02 20  BIT  A:00 X:E8 Y:0F P:A4 SP:FB
E84A  30 06     BMI  A:00 X:E8 Y:0F P:26 SP:FB
E84C  CA        DEX  A:00 X:E8 Y:0F P:26 SP:FB
E84D  D0 F8     BNE  A:00 X:E7 Y:0F P:A4 SP:FB
E847  2C 02 20  BIT  A:00 X:E7 Y:0F P:A4 SP:FB
E84A  30 06     BMI  A:00 X:E7 Y:0F P:26 SP:FB
E84C  CA        DEX  A:00 X:E7 Y:0F P:26 SP:FB
E84D  D0 F8     BNE  A:00 X:E6 Y:0F P:A4 SP:FB
E847  2C 02 20  BIT  A:00 X:E6 Y:0F P:A4 SP:FB
E84A  30 06     BMI  A:00 X:E6 Y:0F P:26 SP:FB
E84C  CA        DEX  A:00 X:E6 Y:0F P:26 SP:FB
E84D  D0 F8     BNE  A:00 X:E5 Y:0F P:A4 SP:FB
E847  2C 02 20  BIT  A:00 X:E5 Y:0F P:A4 SP:FB
E84A  30 06     BMI  A:00 X:E5 Y:0F P:26 SP:FB
E84C  CA        DEX  A:00 X:E5 Y:0F P:26 SP:FB
E84D  D0 F8     BNE  A:00 X:E4 Y:0F P:A4 SP:FB
E847  2C 02 20  BIT  A:00 X:E4 Y:0F P:A4 SP:FB
E84A  30 06     BMI  A:00 X:E4 Y:0F P:26 SP:FB
E84C  CA        DEX  A:00 X:E4 Y:0F P:26 SP:FB
E84D  D0 F8     BNE  A:00 X:E3 Y:0F P:A4 SP:FB
E847  2C 02 20  BIT  A:00 X:E3 Y:0F P:A4 SP:FB
E84A  30 06     BMI  A:00 X:E3 Y:0F P:26 SP:FB
E84C  CA        DEX  A:00 X:E3 Y:0F P:26 SP:FB
E84D  D0 F8     BNE  A:00 X:E2 Y:0F P:A4 SP:FB
E847  2C 02 20  BIT  A:00 X:E2 Y:0F P:A4 SP:FB
E84A  30 06     BMI  A:00 X:E2 Y:0F P:26 SP:FB
E84C  CA        DEX  A:00 X:E2 Y:0F P:26 SP:FB
E84D  D0 F8     BNE  A:00 X:E1 Y:0F P:A4 SP:FB
E847  2C 02 20  BIT  A:00 X:E1 Y:0F P:A4 SP:FB
E84A  30 06     BMI  A:00 X:E1 Y:0F P:26 SP:FB
E84C  CA        DEX  A:00 X:E1 Y:0F P:26 SP:FB
E84D  D0 F8     BNE  A:00 X:E0 Y:0F P:A4 SP:FB
E847  2C 02 20  BIT  A:00 X:E0 Y:0F P:A4 SP:FB
E84A  30 06     BMI  A:00 X:E0 Y:0F P:26 SP:FB
E84C  CA        DEX  A:00 X:E0 Y:0F P:26 SP:FB
E84D  D0 F8     BNE  A:00 X:DF Y:0F P:A4 SP:FB
E847  2C 02 20  BIT  A:00 X:DF Y:0F P:A4 SP:FB
E84A  30 06     BMI  A:00 X:DF Y:0F P:26 SP:FB
E84C  CA        DEX  A:00 X:DF Y:0F P:26 SP:FB
E84D  D0 F8     BNE  A:00 X:DE Y:0F P:A4 SP:FB
E847  2C 02 20  BIT  A:00 X:DE Y:0F P:A4 SP:FB
E84A  30 06     BMI  A:00 X:DE Y:0F P:26 SP:FB
E84C  CA        DEX  A:00 X:DE Y:0F P:26 SP:FB
E84D  D0 F8     BNE  A:00 X:DD Y:0F P:A4 SP:FB
E847  2C 02 20  BIT  A:00 X:DD Y:0F P:A4 SP:FB
E84A  30 06     BMI  A:00 X:DD Y:0F P:26 SP:FB
E84C  CA        DEX  A:00 X:DD Y:0F P:26 SP:FB
E84D  D0 F8     BNE  A:00 X:DC Y:0F P:A4 SP:FB
E847  2C 02 20  BIT  A:00 X:DC Y:0F P:A4 SP:FB
E84A  30 06     BMI  A:00 X:DC Y:0F P:26 SP:FB
E84C  CA        DEX  A:00 X:DC Y:0F P:26 SP:FB
E84D  D0 F8     BNE  A:00 X:DB Y:0F P:A4 SP:FB
E847  2C 02 20  BIT  A:00 X:DB Y:0F P:A4 SP:FB
E84A  30 06     BMI  A:00 X:DB Y:0F P:26 SP:FB
E84C  CA        DEX  A:00 X:DB Y:0F P:26 SP:FB
E84D  D0 F8     BNE  A:00 X:DA Y:0F P:A4 SP:FB
E847  2C 02 20  BIT  A:00 X:DA Y:0F P:A4 SP:FB
E84A  30 06     BMI  A:00 X:DA Y:0F P:26 SP:FB
E84C  CA        DEX  A:00 X:DA Y:0F P:26 SP:FB
E84D  D0 F8     BNE  A:00 X:D9 Y:0F P:A4 SP:FB
E847  2C 02 20  BIT  A:00 X:D9 Y:0F P:A4 SP:FB
E84A  30 06     BMI  A:00 X:D9 Y:0F P:26 SP:FB
E84C  CA        DEX  A:00 X:D9 Y:0F P:26 SP:FB
E84D  D0 F8     BNE  A:00 X:D8 Y:0F P:A4 SP:FB
E847  2C 02 20  BIT  A:00 X:D8 Y:0F P:A4 SP:FB
E84A  30 06     BMI  A:00 X:D8 Y:0F P:26 SP:FB
E84C  CA        DEX  A:00 X:D8 Y:0F P:26 SP:FB
E84D  D0 F8     BNE  A:00 X:D7 Y:0F P:A4 SP:FB
E847  2C 02 20  BIT  A:00 X:D7 Y:0F P:A4 SP:FB
E84A  30 06     BMI  A:00 X:D7 Y:0F P:26 SP:FB
E84C  CA        DEX  A:00 X:D7 Y:0F P:26 SP:FB
E84D  D0 F8     BNE  A:00 X:D6 Y:0F P:A4 SP:FB
E847  2C 02 20  BIT  A:00 X:D6 Y:0F P:A4 SP:FB
E84A  30 06     BMI  A:00 X:D6 Y:0F P:26 SP:FB
E84C  CA        DEX  A:00 X:D6 Y:0F P:26 SP:FB
E84D  D0 F8     BNE  A:00 X:D5 Y:0F P:A4 SP:FB
E847  2C 02 20  BIT  A:00 X:D5 Y:0F P:A4 SP:FB
E84A  30 06     BMI  A:00 X:D5 Y:0F P:26 SP:FB
E84C  CA        DEX  A:00 X:D5 Y:0F P:26 SP:FB
E84D  D0 F8     BNE  A:00 X:D4 Y:0F P:A4 SP:FB
E847  2C 02 20  BIT  A:00 X:D4 Y:0F P:A4 SP:FB
E84A  30 06     BMI  A:00 X:D4 Y:0F P:26 SP:FB
E84C  CA        DEX  A:00 X:D4 Y:0F P:26 SP:FB
E84D  D0 F8     BNE  A:00 X:D3 Y:0F P:A4 SP:FB
E847  2C 02 20  BIT  A:00 X:D3 Y:0F P:A4 SP:FB
E84A  30 06     BMI  A:00 X:D3 Y:0F P:26 SP:FB
E84C  CA        DEX  A:00 X:D3 Y:0F P:26 SP:FB
E84D  D0 F8     BNE  A:00 X:D2 Y:0F P:A4 SP:FB
E847  2C 02 20  BIT  A:00 X:D2 Y:0F P:A4 SP:FB
E84A  30 06     BMI  A:00 X:D2 Y:0F P:26 SP:FB
E84C  CA        DEX  A:00 X:D2 Y:0F P:26 SP:FB
E84D  D0 F8     BNE  A:00 X:D1 Y:0F P:A4 SP:FB
E847  2C 02 20  BIT  A:00 X:D1 Y:0F P:A4 SP:FB
E84A  30 06     BMI  A:00 X:D1 Y:0F P:26 SP:FB
E84C  CA        DEX  A:00 X:D1 Y:0F P:26 SP:FB
E84D  D0 F8     BNE  A:00 X:D0 Y:0F P:A4 SP:FB
E847  2C 02 20  BIT  A:00 X:D0 Y:0F P:A4 SP:FB
E84A  30 06     BMI  A:00 X:D0 Y:0F P:26 SP:FB
E84C  CA        DEX  A:00 X:D0 Y:0F P:26 SP:FB
E84D  D0 F8     BNE  A:00 X:CF Y:0F P:A4 SP:FB
E847  2C 02 20  BIT  A:00 X:CF Y:0F P:A4 SP:FB
E84A  30 06     BMI  A:00 X:CF Y:0F P:26 SP:FB
E84C  CA        DEX  A:00 X:CF Y:0F P:26 SP:FB
E84D  D0 F8     BNE  A:00 X:CE Y:0F P:A4 SP:FB
E847  2C 02 20  BIT  A:00 X:CE Y:0F P:A4 SP:FB
E84A  30 06     BMI  A:00 X:CE Y:0F P:26 SP:FB
E84C  CA        DEX  A:00 X:CE Y:0F P:26 SP:FB
E84D  D0 F8     BNE  A:00 X:CD Y:0F P:A4 SP:FB
E847  2C 02 20  BIT  A:00 X:CD Y:0F P:A4 SP:FB
E84A  30 06     BMI  A:00 X:CD Y:0F P:26 SP:FB
E84C  CA        DEX  A:00 X:CD Y:0F P:26 SP:FB
E84D  D0 F8     BNE  A:00 X:CC Y:0F P:A4 SP:FB
E847  2C 02 20  BIT  A:00 X:CC Y:0F P:A4 SP:FB
E84A  30 06     BMI  A:00 X:CC Y:0F P:26 SP:FB
E84C  CA        DEX  A:00 X:CC Y:0F P:26 SP:FB
E84D  D0 F8     BNE  A:00 X:CB Y:0F P:A4 SP:FB
E847  2C 02 20  BIT  A:00 X:CB Y:0F P:A4 SP:FB
E84A  30 06     BMI  A:00 X:CB Y:0F P:26 SP:FB
E84C  CA        DEX  A:00 X:CB Y:0F P:26 SP:FB
E84D  D0 F8     BNE  A:00 X:CA Y:0F P:A4 SP:FB
E847  2C 02 20  BIT  A:00 X:CA Y:0F P:A4 SP:FB
E84A  30 06     BMI  A:00 X:CA Y:0F P:26 SP:FB
E84C  CA        DEX  A:00 X:CA Y:0F P:26 SP:FB
E84D  D0 F8     BNE  A:00 X:C9 Y:0F P:A4 SP:FB
E847  2C 02 20  BIT  A:00 X:C9 Y:0F P:A4 SP:FB
E84A  30 06     BMI  A:00 X:C9 Y:0F P:26 SP:FB
E84C  CA        DEX  A:00 X:C9 Y:0F P:26 SP:FB
E84D  D0 F8     BNE  A:00 X:C8 Y:0F P:A4 SP:FB
E847  2C 02 20  BIT  A:00 X:C8 Y:0F P:A4 SP:FB
E84A  30 06     BMI  A:00 X:C8 Y:0F P:26 SP:FB
E84C  CA        DEX  A:00 X:C8 Y:0F P:26 SP:FB
E84D  D0 F8     BNE  A:00 X:C7 Y:0F P:A4 SP:FB
E847  2C 02 20  BIT  A:00 X:C7 Y:0F P:A4 SP:FB
E84A  30 06     BMI  A:00 X:C7 Y:0F P:26 SP:FB
E84C  CA        DEX  A:00 X:C7 Y:0F P:26 SP:FB
E84D  D0 F8     BNE  A:00 X:C6 Y:0F P:A4 SP:FB
E847  2C 02 20  BIT  A:00 X:C6 Y:0F P:A4 SP:FB
E84A  30 06     BMI  A:00 X:C6 Y:0F P:26 SP:FB
E84C  CA        DEX  A:00 X:C6 Y:0F P:26 SP:FB
E84D  D0 F8     BNE  A:00 X:C5 Y:0F P:A4 SP:FB
E847  2C 02 20  BIT  A:00 X:C5 Y:0F P:A4 SP:FB
E84A  30 06     BMI  A:00 X:C5 Y:0F P:26 SP:FB
E84C  CA        DEX  A:00 X:C5 Y:0F P:26 SP:FB
E84D  D0 F8     BNE  A:00 X:C4 Y:0F P:A4 SP:FB
E847  2C 02 20  BIT  A:00 X:C4 Y:0F P:A4 SP:FB
E84A  30 06     BMI  A:00 X:C4 Y:0F P:26 SP:FB
E84C  CA        DEX  A:00 X:C4 Y:0F P:26 SP:FB
E84D  D0 F8     BNE  A:00 X:C3 Y:0F P:A4 SP:FB
E847  2C 02 20  BIT  A:00 X:C3 Y:0F P:A4 SP:FB
E84A  30 06     BMI  A:00 X:C3 Y:0F P:26 SP:FB
E84C  CA        DEX  A:00 X:C3 Y:0F P:26 SP:FB
E84D  D0 F8     BNE  A:00 X:C2 Y:0F P:A4 SP:FB
E847  2C 02 20  BIT  A:00 X:C2 Y:0F P:A4 SP:FB
E84A  30 06     BMI  A:00 X:C2 Y:0F P:26 SP:FB
E84C  CA        DEX  A:00 X:C2 Y:0F P:26 SP:FB
E84D  D0 F8     BNE  A:00 X:C1 Y:0F P:A4 SP:FB
E847  2C 02 20  BIT  A:00 X:C1 Y:0F P:A4 SP:FB
E84A  30 06     BMI  A:00 X:C1 Y:0F P:26 SP:FB
E84C  CA        DEX  A:00 X:C1 Y:0F P:26 SP:FB
E84D  D0 F8     BNE  A:00 X:C0 Y:0F P:A4 SP:FB
E847  2C 02 20  BIT  A:00 X:C0 Y:0F P:A4 SP:FB
E84A  30 06     BMI  A:00 X:C0 Y:0F P:26 SP:FB
E84C  CA        DEX  A:00 X:C0 Y:0F P:26 SP:FB
E84D  D0 F8     BNE  A:00 X:BF Y:0F P:A4 SP:FB
E847  2C 02 20  BIT  A:00 X:BF Y:0F P:A4 SP:FB
E84A  30 06     BMI  A:00 X:BF Y:0F P:26 SP:FB
E84C  CA        DEX  A:00 X:BF Y:0F P:26 SP:FB
E84D  D0 F8     BNE  A:00 X:BE Y:0F P:A4 SP:FB
E847  2C 02 20  BIT  A:00 X:BE Y:0F P:A4 SP:FB
E84A  30 06     BMI  A:00 X:BE Y:0F P:26 SP:FB
E84C  CA        DEX  A:00 X:BE Y:0F P:26 SP:FB
E84D  D0 F8     BNE  A:00 X:BD Y:0F P:A4 SP:FB
E847  2C 02 20  BIT  A:00 X:BD Y:0F P:A4 SP:FB
E84A  30 06     BMI  A:00 X:BD Y:0F P:26 SP:FB
E84C  CA        DEX  A:00 X:BD Y:0F P:26 SP:FB
E84D  D0 F8     BNE  A:00 X:BC Y:0F P:A4 SP:FB
E847  2C 02 20  BIT  A:00 X:BC Y:0F P:A4 SP:FB
E84A  30 06     BMI  A:00 X:BC Y:0F P:26 SP:FB
E84C  CA        DEX  A:00 X:BC Y:0F P:26 SP:FB
E84D  D0 F8     BNE  A:00 X:BB Y:0F P:A4 SP:FB
E847  2C 02 20  BIT  A:00 X:BB Y:0F P:A4 SP:FB
E84A  30 06     BMI  A:00 X:BB Y:0F P:26 SP:FB
E84C  CA        DEX  A:00 X:BB Y:0F P:26 SP:FB
E84D  D0 F8     BNE  A:00 X:BA Y:0F P:A4 SP:FB
E847  2C 02 20  BIT  A:00 X:BA Y:0F P:A4 SP:FB
E84A  30 06     BMI  A:00 X:BA Y:0F P:26 SP:FB
E84C  CA        DEX  A:00 X:BA Y:0F P:26 SP:FB
E84D  D0 F8     BNE  A:00 X:B9 Y:0F P:A4 SP:FB
E847  2C 02 20  BIT  A:00 X:B9 Y:0F P:A4 SP:FB
E84A  30 06     BMI  A:00 X:B9 Y:0F P:26 SP:FB
E84C  CA        DEX  A:00 X:B9 Y:0F P:26 SP:FB
E84D  D0 F8     BNE  A:00 X:B8 Y:0F P:A4 SP:FB
E847  2C 02 20  BIT  A:00 X:B8 Y:0F P:A4 SP:FB
E84A  30 06     BMI  A:00 X:B8 Y:0F P:26 SP:FB
E84C  CA        DEX  A:00 X:B8 Y:0F P:26 SP:FB
E84D  D0 F8     BNE  A:00 X:B7 Y:0F P:A4 SP:FB
E847  2C 02 20  BIT  A:00 X:B7 Y:0F P:A4 SP:FB
E84A  30 06     BMI  A:00 X:B7 Y:0F P:26 SP:FB
E84C  CA        DEX  A:00 X:B7 Y:0F P:26 SP:FB
E84D  D0 F8     BNE  A:00 X:B6 Y:0F P:A4 SP:FB
E847  2C 02 20  BIT  A:00 X:B6 Y:0F P:A4 SP:FB
E84A  30 06     BMI  A:00 X:B6 Y:0F P:26 SP:FB
E84C  CA        DEX  A:00 X:B6 Y:0F P:26 SP:FB
E84D  D0 F8     BNE  A:00 X:B5 Y:0F P:A4 SP:FB
E847  2C 02 20  BIT  A:00 X:B5 Y:0F P:A4 SP:FB
E84A  30 06     BMI  A:00 X:B5 Y:0F P:26 SP:FB
E84C  CA        DEX  A:00 X:B5 Y:0F P:26 SP:FB
E84D  D0 F8     BNE  A:00 X:B4 Y:0F P:A4 SP:FB
E847  2C 02 20  BIT  A:00 X:B4 Y:0F P:A4 SP:FB
E84A  30 06     BMI  A:00 X:B4 Y:0F P:26 SP:FB
E84C  CA        DEX  A:00 X:B4 Y:0F P:26 SP:FB
E84D  D0 F8     BNE  A:00 X:B3 Y:0F P:A4 SP:FB
E847  2C 02 20  BIT  A:00 X:B3 Y:0F P:A4 SP:FB
E84A  30 06     BMI  A:00 X:B3 Y:0F P:26 SP:FB
E84C  CA        DEX  A:00 X:B3 Y:0F P:26 SP:FB
E84D  D0 F8     BNE  A:00 X:B2 Y:0F P:A4 SP:FB
E847  2C 02 20  BIT  A:00 X:B2 Y:0F P:A4 SP:FB
E84A  30 06     BMI  A:00 X:B2 Y:0F P:26 SP:FB
E84C  CA        DEX  A:00 X:B2 Y:0F P:26 SP:FB
E84D  D0 F8     BNE  A:00 X:B1 Y:0F P:A4 SP:FB
E847  2C 02 20  BIT  A:00 X:B1 Y:0F P:A4 SP:FB
E84A  30 06     BMI  A:00 X:B1 Y:0F P:26 SP:FB
E84C  CA        DEX  A:00 X:B1 Y:0F P:26 SP:FB
E84D  D0 F8     BNE  A:00 X:B0 Y:0F P:A4 SP:FB
E847  2C 02 20  BIT  A:00 X:B0 Y:0F P:A4 SP:FB
E84A  30 06     BMI  A:00 X:B0 Y:0F P:26 SP:FB
E84C  CA        DEX  A:00 X:B0 Y:0F P:26 SP:FB
E84D  D0 F8     BNE  A:00 X:AF Y:0F P:A4 SP:FB
E847  2C 02 20  BIT  A:00 X:AF Y:0F P:A4 SP:FB
E84A  30 06     BMI  A:00 X:AF Y:0F P:26 SP:FB
E84C  CA        DEX  A:00 X:AF Y:0F P:26 SP:FB
E84D  D0 F8     BNE  A:00 X:AE Y:0F P:A4 SP:FB
E847  2C 02 20  BIT  A:00 X:AE Y:0F P:A4 SP:FB
E84A  30 06     BMI  A:00 X:AE Y:0F P:26 SP:FB
E84C  CA        DEX  A:00 X:AE Y:0F P:26 SP:FB
E84D  D0 F8     BNE  A:00 X:AD Y:0F P:A4 SP:FB
E847  2C 02 20  BIT  A:00 X:AD Y:0F P:A4 SP:FB
E84A  30 06     BMI  A:00 X:AD Y:0F P:26 SP:FB
E84C  CA        DEX  A:00 X:AD Y:0F P:26 SP:FB
E84D  D0 F8     BNE  A:00 X:AC Y:0F P:A4 SP:FB
E847  2C 02 20  BIT  A:00 X:AC Y:0F P:A4 SP:FB
E84A  30 06     BMI  A:00 X:AC Y:0F P:26 SP:FB
E84C  CA        DEX  A:00 X:AC Y:0F P:26 SP:FB
E84D  D0 F8     BNE  A:00 X:AB Y:0F P:A4 SP:FB
E847  2C 02 20  BIT  A:00 X:AB Y:0F P:A4 SP:FB
E84A  30 06     BMI  A:00 X:AB Y:0F P:26 SP:FB
E84C  CA        DEX  A:00 X:AB Y:0F P:26 SP:FB
E84D  D0 F8     BNE  A:00 X:AA Y:0F P:A4 SP:FB
E847  2C 02 20  BIT  A:00 X:AA Y:0F P:A4 SP:FB
E84A  30 06     BMI  A:00 X:AA Y:0F P:26 SP:FB
E84C  CA        DEX  A:00 X:AA Y:0F P:26 SP:FB
E84D  D0 F8     BNE  A:00 X:A9 Y:0F P:A4 SP:FB
E847  2C 02 20  BIT  A:00 X:A9 Y:0F P:A4 SP:FB
E84A  30 06     BMI  A:00 X:A9 Y:0F P:26 SP:FB
E84C  CA        DEX  A:00 X:A9 Y:0F P:26 SP:FB
E84D  D0 F8     BNE  A:00 X:A8 Y:0F P:A4 SP:FB
E847  2C 02 20  BIT  A:00 X:A8 Y:0F P:A4 SP:FB
E84A  30 06     BMI  A:00 X:A8 Y:0F P:26 SP:FB
E84C  CA        DEX  A:00 X:A8 Y:0F P:26 SP:FB
E84D  D0 F8     BNE  A:00 X:A7 Y:0F P:A4 SP:FB
E847  2C 02 20  BIT  A:00 X:A7 Y:0F P:A4 SP:FB
E84A  30 06     BMI  A:00 X:A7 Y:0F P:26 SP:FB
E84C  CA        DEX  A:00 X:A7 Y:0F P:26 SP:FB
E84D  D0 F8     BNE  A:00 X:A6 Y:0F P:A4 SP:FB
E847  2C 02 20  BIT  A:00 X:A6 Y:0F P:A4 SP:FB
E84A  30 06     BMI  A:00 X:A6 Y:0F P:26 SP:FB
E84C  CA        DEX  A:00 X:A6 Y:0F P:26 SP:FB
E84D  D0 F8     BNE  A:00 X:A5 Y:0F P:A4 SP:FB
E847  2C 02 20  BIT  A:00 X:A5 Y:0F P:A4 SP:FB
E84A  30 06     BMI  A:00 X:A5 Y:0F P:26 SP:FB
E84C  CA        DEX  A:00 X:A5 Y:0F P:26 SP:FB
E84D  D0 F8     BNE  A:00 X:A4 Y:0F P:A4 SP:FB
E847  2C 02 20  BIT  A:00 X:A4 Y:0F P:A4 SP:FB
E84A  30 06     BMI  A:00 X:A4 Y:0F P:26 SP:FB
E84C  CA        DEX  A:00 X:A4 Y:0F P:26 SP:FB
E84D  D0 F8     BNE  A:00 X:A3 Y:0F P:A4 SP:FB
E847  2C 02 20  BIT  A:00 X:A3 Y:0F P:A4 SP:FB
E84A  30 06     BMI  A:00 X:A3 Y:0F P:26 SP:FB
E84C  CA        DEX  A:00 X:A3 Y:0F P:26 SP:FB
E84D  D0 F8     BNE  A:00 X:A2 Y:0F P:A4 SP:FB
E847  2C 02 20  BIT  A:00 X:A2 Y:0F P:A4 SP:FB
E84A  30 06     BMI  A:00 X:A2 Y:0F P:26 SP:FB
E84C  CA        DEX  A:00 X:A2 Y:0F P:26 SP:FB
E84D  D0 F8     BNE  A:00 X:A1 Y:0F P:A4 SP:FB
E847  2C 02 20  BIT  A:00 X:A1 Y:0F P:A4 SP:FB
E84A  30 06     BMI  A:00 X:A1 Y:0F P:26 SP:FB
E84C  CA        DEX  A:00 X:A1 Y:0F P:26 SP:FB
E84D  D0 F8     BNE  A:00 X:A0 Y:0F P:A4 SP:FB
E847  2C 02 20  BIT  A:00 X:A0 Y:0F P:A4 SP:FB
E84A  30 06     BMI  A:00 X:A0 Y:0F P:26 SP:FB
E84C  CA        DEX  A:00 X:A0 Y:0F P:26 SP:FB
E84D  D0 F8     BNE  A:00 X:9F Y:0F P:A4 SP:FB
E847  2C 02 20  BIT  A:00 X:9F Y:0F P:A4 SP:FB
E84A  30 06     BMI  A:00 X:9F Y:0F P:26 SP:FB
E84C  CA        DEX  A:00 X:9F Y:0F P:26 SP:FB
E84D  D0 F8     BNE  A:00 X:9E Y:0F P:A4 SP:FB
E847  2C 02 20  BIT  A:00 X:9E Y:0F P:A4 SP:FB
E84A  30 06     BMI  A:00 X:9E Y:0F P:26 SP:FB
E84C  CA        DEX  A:00 X:9E Y:0F P:26 SP:FB
E84D  D0 F8     BNE  A:00 X:9D Y:0F P:A4 SP:FB
E847  2C 02 20  BIT  A:00 X:9D Y:0F P:A4 SP:FB
E84A  30 06     BMI  A:00 X:9D Y:0F P:26 SP:FB
E84C  CA        DEX  A:00 X:9D Y:0F P:26 SP:FB
E84D  D0 F8     BNE  A:00 X:9C Y:0F P:A4 SP:FB
E847  2C 02 20  BIT  A:00 X:9C Y:0F P:A4 SP:FB
E84A  30 06     BMI  A:00 X:9C Y:0F P:26 SP:FB
E84C  CA        DEX  A:00 X:9C Y:0F P:26 SP:FB
E84D  D0 F8     BNE  A:00 X:9B Y:0F P:A4 SP:FB
E847  2C 02 20  BIT  A:00 X:9B Y:0F P:A4 SP:FB
E84A  30 06     BMI  A:00 X:9B Y:0F P:26 SP:FB
E84C  CA        DEX  A:00 X:9B Y:0F P:26 SP:FB
E84D  D0 F8     BNE  A:00 X:9A Y:0F P:A4 SP:FB
E847  2C 02 20  BIT  A:00 X:9A Y:0F P:A4 SP:FB
E84A  30 06     BMI  A:00 X:9A Y:0F P:26 SP:FB
E84C  CA        DEX  A:00 X:9A Y:0F P:26 SP:FB
E84D  D0 F8     BNE  A:00 X:99 Y:0F P:A4 SP:FB
E847  2C 02 20  BIT  A:00 X:99 Y:0F P:A4 SP:FB
E84A  30 06     BMI  A:00 X:99 Y:0F P:26 SP:FB
E84C  CA        DEX  A:00 X:99 Y:0F P:26 SP:FB
E84D  D0 F8     BNE  A:00 X:98 Y:0F P:A4 SP:FB
E847  2C 02 20  BIT  A:00 X:98 Y:0F P:A4 SP:FB
E84A  30 06     BMI  A:00 X:98 Y:0F P:26 SP:FB
E84C  CA        DEX  A:00 X:98 Y:0F P:26 SP:FB
E84D  D0 F8     BNE  A:00 X:97 Y:0F P:A4 SP:FB
E847  2C 02 20  BIT  A:00 X:97 Y:0F P:A4 SP:FB
E84A  30 06     BMI  A:00 X:97 Y:0F P:26 SP:FB
E84C  CA        DEX  A:00 X:97 Y:0F P:26 SP:FB
E84D  D0 F8     BNE  A:00 X:96 Y:0F P:A4 SP:FB
E847  2C 02 20  BIT  A:00 X:96 Y:0F P:A4 SP:FB
E84A  30 06     BMI  A:00 X:96 Y:0F P:26 SP:FB
E84C  CA        DEX  A:00 X:96 Y:0F P:26 SP:FB
E84D  D0 F8     BNE  A:00 X:95 Y:0F P:A4 SP:FB
E847  2C 02 20  BIT  A:00 X:95 Y:0F P:A4 SP:FB
E84A  30 06     BMI  A:00 X:95 Y:0F P:26 SP:FB
E84C  CA        DEX  A:00 X:95 Y:0F P:26 SP:FB
E84D  D0 F8     BNE  A:00 X:94 Y:0F P:A4 SP:FB
E847  2C 02 20  BIT  A:00 X:94 Y:0F P:A4 SP:FB
E84A  30 06     BMI  A:00 X:94 Y:0F P:26 SP:FB
E84C  CA        DEX  A:00 X:94 Y:0F P:26 SP:FB
E84D  D0 F8     BNE  A:00 X:93 Y:0F P:A4 SP:FB
E847  2C 02 20  BIT  A:00 X:93 Y:0F P:A4 SP:FB
E84A  30 06     BMI  A:00 X:93 Y:0F P:26 SP:FB
E84C  CA        DEX  A:00 X:93 Y:0F P:26 SP:FB
E84D  D0 F8     BNE  A:00 X:92 Y:0F P:A4 SP:FB
E847  2C 02 20  BIT  A:00 X:92 Y:0F P:A4 SP:FB
E84A  30 06     BMI  A:00 X:92 Y:0F P:26 SP:FB
E84C  CA        DEX  A:00 X:92 Y:0F P:26 SP:FB
E84D  D0 F8     BNE  A:00 X:91 Y:0F P:A4 SP:FB
E847  2C 02 20  BIT  A:00 X:91 Y:0F P:A4 SP:FB
E84A  30 06     BMI  A:00 X:91 Y:0F P:26 SP:FB
E84C  CA        DEX  A:00 X:91 Y:0F P:26 SP:FB
E84D  D0 F8     BNE  A:00 X:90 Y:0F P:A4 SP:FB
E847  2C 02 20  BIT  A:00 X:90 Y:0F P:A4 SP:FB
E84A  30 06     BMI  A:00 X:90 Y:0F P:26 SP:FB
E84C  CA        DEX  A:00 X:90 Y:0F P:26 SP:FB
E84D  D0 F8     BNE  A:00 X:8F Y:0F P:A4 SP:FB
E847  2C 02 20  BIT  A:00 X:8F Y:0F P:A4 SP:FB
E84A  30 06     BMI  A:00 X:8F Y:0F P:26 SP:FB
E84C  CA        DEX  A:00 X:8F Y:0F P:26 SP:FB
E84D  D0 F8     BNE  A:00 X:8E Y:0F P:A4 SP:FB
E847  2C 02 20  BIT  A:00 X:8E Y:0F P:A4 SP:FB
E84A  30 06     BMI  A:00 X:8E Y:0F P:26 SP:FB
E84C  CA        DEX  A:00 X:8E Y:0F P:26 SP:FB
E84D  D0 F8     BNE  A:00 X:8D Y:0F P:A4 SP:FB
E847  2C 02 20  BIT  A:00 X:8D Y:0F P:A4 SP:FB
E84A  30 06     BMI  A:00 X:8D Y:0F P:26 SP:FB
E84C  CA        DEX  A:00 X:8D Y:0F P:26 SP:FB
E84D  D0 F8     BNE  A:00 X:8C Y:0F P:A4 SP:FB
E847  2C 02 20  BIT  A:00 X:8C Y:0F P:A4 SP:FB
E84A  30 06     BMI  A:00 X:8C Y:0F P:26 SP:FB
E84C  CA        DEX  A:00 X:8C Y:0F P:26 SP:FB
E84D  D0 F8     BNE  A:00 X:8B Y:0F P:A4 SP:FB
E847  2C 02 20  BIT  A:00 X:8B Y:0F P:A4 SP:FB
E84A  30 06     BMI  A:00 X:8B Y:0F P:26 SP:FB
E84C  CA        DEX  A:00 X:8B Y:0F P:26 SP:FB
E84D  D0 F8     BNE  A:00 X:8A Y:0F P:A4 SP:FB
E847  2C 02 20  BIT  A:00 X:8A Y:0F P:A4 SP:FB
E84A  30 06     BMI  A:00 X:8A Y:0F P:26 SP:FB
E84C  CA        DEX  A:00 X:8A Y:0F P:26 SP:FB
E84D  D0 F8     BNE  A:00 X:89 Y:0F P:A4 SP:FB
E847  2C 02 20  BIT  A:00 X:89 Y:0F P:A4 SP:FB
E84A  30 06     BMI  A:00 X:89 Y:0F P:26 SP:FB
E84C  CA        DEX  A:00 X:89 Y:0F P:26 SP:FB
E84D  D0 F8     BNE  A:00 X:88 Y:0F P:A4 SP:FB
E847  2C 02 20  BIT  A:00 X:88 Y:0F P:A4 SP:FB
E84A  30 06     BMI  A:00 X:88 Y:0F P:26 SP:FB
E84C  CA        DEX  A:00 X:88 Y:0F P:26 SP:FB
E84D  D0 F8     BNE  A:00 X:87 Y:0F P:A4 SP:FB
E847  2C 02 20  BIT  A:00 X:87 Y:0F P:A4 SP:FB
E84A  30 06     BMI  A:00 X:87 Y:0F P:26 SP:FB
E84C  CA        DEX  A:00 X:87 Y:0F P:26 SP:FB
E84D  D0 F8     BNE  A:00 X:86 Y:0F P:A4 SP:FB
E847  2C 02 20  BIT  A:00 X:86 Y:0F P:A4 SP:FB
E84A  30 06     BMI  A:00 X:86 Y:0F P:26 SP:FB
E84C  CA        DEX  A:00 X:86 Y:0F P:26 SP:FB
E84D  D0 F8     BNE  A:00 X:85 Y:0F P:A4 SP:FB
E847  2C 02 20  BIT  A:00 X:85 Y:0F P:A4 SP:FB
E84A  30 06     BMI  A:00 X:85 Y:0F P:26 SP:FB
E84C  CA        DEX  A:00 X:85 Y:0F P:26 SP:FB
E84D  D0 F8     BNE  A:00 X:84 Y:0F P:A4 SP:FB
E847  2C 02 20  BIT  A:00 X:84 Y:0F P:A4 SP:FB
E84A  30 06     BMI  A:00 X:84 Y:0F P:26 SP:FB
E84C  CA        DEX  A:00 X:84 Y:0F P:26 SP:FB
E84D  D0 F8     BNE  A:00 X:83 Y:0F P:A4 SP:FB
E847  2C 02 20  BIT  A:00 X:83 Y:0F P:A4 SP:FB
E84A  30 06     BMI  A:00 X:83 Y:0F P:26 SP:FB
E84C  CA        DEX  A:00 X:83 Y:0F P:26 SP:FB
E84D  D0 F8     BNE  A:00 X:82 Y:0F P:A4 SP:FB
E847  2C 02 20  BIT  A:00 X:82 Y:0F P:A4 SP:FB
E84A  30 06     BMI  A:00 X:82 Y:0F P:26 SP:FB
E84C  CA        DEX  A:00 X:82 Y:0F P:26 SP:FB
E84D  D0 F8     BNE  A:00 X:81 Y:0F P:A4 SP:FB
E847  2C 02 20  BIT  A:00 X:81 Y:0F P:A4 SP:FB
E84A  30 06     BMI  A:00 X:81 Y:0F P:26 SP:FB
E84C  CA        DEX  A:00 X:81 Y:0F P:26 SP:FB
E84D  D0 F8     BNE  A:00 X:80 Y:0F P:A4 SP:FB
E847  2C 02 20  BIT  A:00 X:80 Y:0F P:A4 SP:FB
E84A  30 06     BMI  A:00 X:80 Y:0F P:26 SP:FB
E84C  CA        DEX  A:00 X:80 Y:0F P:26 SP:FB
E84D  D0 F8     BNE  A:00 X:7F Y:0F P:24 SP:FB
E847  2C 02 20  BIT  A:00 X:7F Y:0F P:24 SP:FB
E84A  30 06     BMI  A:00 X:7F Y:0F P:26 SP:FB
E84C  CA        DEX  A:00 X:7F Y:0F P:26 SP:FB
E84D  D0 F8     BNE  A:00 X:7E Y:0F P:24 SP:FB
E847  2C 02 20  BIT  A:00 X:7E Y:0F P:24 SP:FB
E84A  30 06     BMI  A:00 X:7E Y:0F P:26 SP:FB
E84C  CA        DEX  A:00 X:7E Y:0F P:26 SP:FB
E84D  D0 F8     BNE  A:00 X:7D Y:0F P:24 SP:FB
E847  2C 02 20  BIT  A:00 X:7D Y:0F P:24 SP:FB
E84A  30 06     BMI  A:00 X:7D Y:0F P:26 SP:FB
E84C  CA        DEX  A:00 X:7D Y:0F P:26 SP:FB
E84D  D0 F8     BNE  A:00 X:7C Y:0F P:24 SP:FB
E847  2C 02 20  BIT  A:00 X:7C Y:0F P:24 SP:FB
E84A  30 06     BMI  A:00 X:7C Y:0F P:26 SP:FB
E84C  CA        DEX  A:00 X:7C Y:0F P:26 SP:FB
E84D  D0 F8     BNE  A:00 X:7B Y:0F P:24 SP:FB
E847  2C 02 20  BIT  A:00 X:7B Y:0F P:24 SP:FB
E84A  30 06     BMI  A:00 X:7B Y:0F P:26 SP:FB
E84C  CA        DEX  A:00 X:7B Y:0F P:26 SP:FB
E84D  D0 F8     BNE  A:00 X:7A Y:0F P:24 SP:FB
E847  2C 02 20  BIT  A:00 X:7A Y:0F P:24 SP:FB
E84A  30 06     BMI  A:00 X:7A Y:0F P:26 SP:FB
E84C  CA        DEX  A:00 X:7A Y:0F P:26 SP:FB
E84D  D0 F8     BNE  A:00 X:79 Y:0F P:24 SP:FB
E847  2C 02 20  BIT  A:00 X:79 Y:0F P:24 SP:FB
E84A  30 06     BMI  A:00 X:79 Y:0F P:26 SP:FB
E84C  CA        DEX  A:00 X:79 Y:0F P:26 SP:FB
E84D  D0 F8     BNE  A:00 X:78 Y:0F P:24 SP:FB
E847  2C 02 20  BIT  A:00 X:78 Y:0F P:24 SP:FB
E84A  30 06     BMI  A:00 X:78 Y:0F P:26 SP:FB
E84C  CA        DEX  A:00 X:78 Y:0F P:26 SP:FB
E84D  D0 F8     BNE  A:00 X:77 Y:0F P:24 SP:FB
E847  2C 02 20  BIT  A:00 X:77 Y:0F P:24 SP:FB
E84A  30 06     BMI  A:00 X:77 Y:0F P:26 SP:FB
E84C  CA        DEX  A:00 X:77 Y:0F P:26 SP:FB
E84D  D0 F8     BNE  A:00 X:76 Y:0F P:24 SP:FB
E847  2C 02 20  BIT  A:00 X:76 Y:0F P:24 SP:FB
E84A  30 06     BMI  A:00 X:76 Y:0F P:26 SP:FB
E84C  CA        DEX  A:00 X:76 Y:0F P:26 SP:FB
E84D  D0 F8     BNE  A:00 X:75 Y:0F P:24 SP:FB
E847  2C 02 20  BIT  A:00 X:75 Y:0F P:24 SP:FB
E84A  30 06     BMI  A:00 X:75 Y:0F P:26 SP:FB
E84C  CA        DEX  A:00 X:75 Y:0F P:26 SP:FB
E84D  D0 F8     BNE  A:00 X:74 Y:0F P:24 SP:FB
E847  2C 02 20  BIT  A:00 X:74 Y:0F P:24 SP:FB
E84A  30 06     BMI  A:00 X:74 Y:0F P:26 SP:FB
E84C  CA        DEX  A:00 X:74 Y:0F P:26 SP:FB
E84D  D0 F8     BNE  A:00 X:73 Y:0F P:24 SP:FB
E847  2C 02 20  BIT  A:00 X:73 Y:0F P:24 SP:FB
E84A  30 06     BMI  A:00 X:73 Y:0F P:26 SP:FB
E84C  CA        DEX  A:00 X:73 Y:0F P:26 SP:FB
E84D  D0 F8     BNE  A:00 X:72 Y:0F P:24 SP:FB
E847  2C 02 20  BIT  A:00 X:72 Y:0F P:24 SP:FB
E84A  30 06     BMI  A:00 X:72 Y:0F P:26 SP:FB
E84C  CA        DEX  A:00 X:72 Y:0F P:26 SP:FB
E84D  D0 F8     BNE  A:00 X:71 Y:0F P:24 SP:FB
E847  2C 02 20  BIT  A:00 X:71 Y:0F P:24 SP:FB
E84A  30 06     BMI  A:00 X:71 Y:0F P:26 SP:FB
E84C  CA        DEX  A:00 X:71 Y:0F P:26 SP:FB
E84D  D0 F8     BNE  A:00 X:70 Y:0F P:24 SP:FB
E847  2C 02 20  BIT  A:00 X:70 Y:0F P:24 SP:FB
E84A  30 06     BMI  A:00 X:70 Y:0F P:26 SP:FB
E84C  CA        DEX  A:00 X:70 Y:0F P:26 SP:FB
E84D  D0 F8     BNE  A:00 X:6F Y:0F P:24 SP:FB
E847  2C 02 20  BIT  A:00 X:6F Y:0F P:24 SP:FB
E84A  30 06     BMI  A:00 X:6F Y:0F P:26 SP:FB
E84C  CA        DEX  A:00 X:6F Y:0F P:26 SP:FB
E84D  D0 F8     BNE  A:00 X:6E Y:0F P:24 SP:FB
E847  2C 02 20  BIT  A:00 X:6E Y:0F P:24 SP:FB
E84A  30 06     BMI  A:00 X:6E Y:0F P:26 SP:FB
E84C  CA        DEX  A:00 X:6E Y:0F P:26 SP:FB
E84D  D0 F8     BNE  A:00 X:6D Y:0F P:24 SP:FB
E847  2C 02 20  BIT  A:00 X:6D Y:0F P:24 SP:FB
E84A  30 06     BMI  A:00 X:6D Y:0F P:26 SP:FB
E84C  CA        DEX  A:00 X:6D Y:0F P:26 SP:FB
E84D  D0 F8     BNE  A:00 X:6C Y:0F P:24 SP:FB
E847  2C 02 20  BIT  A:00 X:6C Y:0F P:24 SP:FB
E84A  30 06     BMI  A:00 X:6C Y:0F P:26 SP:FB
E84C  CA        DEX  A:00 X:6C Y:0F P:26 SP:FB
E84D  D0 F8     BNE  A:00 X:6B Y:0F P:24 SP:FB
E847  2C 02 20  BIT  A:00 X:6B Y:0F P:24 SP:FB
E84A  30 06     BMI  A:00 X:6B Y:0F P:26 SP:FB
E84C  CA        DEX  A:00 X:6B Y:0F P:26 SP:FB
E84D  D0 F8     BNE  A:00 X:6A Y:0F P:24 SP:FB
E847  2C 02 20  BIT  A:00 X:6A Y:0F P:24 SP:FB
E84A  30 06     BMI  A:00 X:6A Y:0F P:26 SP:FB
E84C  CA        DEX  A:00 X:6A Y:0F P:26 SP:FB
E84D  D0 F8     BNE  A:00 X:69 Y:0F P:24 SP:FB
E847  2C 02 20  BIT  A:00 X:69 Y:0F P:24 SP:FB
E84A  30 06     BMI  A:00 X:69 Y:0F P:26 SP:FB
E84C  CA        DEX  A:00 X:69 Y:0F P:26 SP:FB
E84D  D0 F8     BNE  A:00 X:68 Y:0F P:24 SP:FB
E847  2C 02 20  BIT  A:00 X:68 Y:0F P:24 SP:FB
E84A  30 06     BMI  A:00 X:68 Y:0F P:26 SP:FB
E84C  CA        DEX  A:00 X:68 Y:0F P:26 SP:FB
E84D  D0 F8     BNE  A:00 X:67 Y:0F P:24 SP:FB
E847  2C 02 20  BIT  A:00 X:67 Y:0F P:24 SP:FB
E84A  30 06     BMI  A:00 X:67 Y:0F P:26 SP:FB
E84C  CA        DEX  A:00 X:67 Y:0F P:26 SP:FB
E84D  D0 F8     BNE  A:00 X:66 Y:0F P:24 SP:FB
E847  2C 02 20  BIT  A:00 X:66 Y:0F P:24 SP:FB
E84A  30 06     BMI  A:00 X:66 Y:0F P:26 SP:FB
E84C  CA        DEX  A:00 X:66 Y:0F P:26 SP:FB
E84D  D0 F8     BNE  A:00 X:65 Y:0F P:24 SP:FB
E847  2C 02 20  BIT  A:00 X:65 Y:0F P:24 SP:FB
E84A  30 06     BMI  A:00 X:65 Y:0F P:26 SP:FB
E84C  CA        DEX  A:00 X:65 Y:0F P:26 SP:FB
E84D  D0 F8     BNE  A:00 X:64 Y:0F P:24 SP:FB
E847  2C 02 20  BIT  A:00 X:64 Y:0F P:24 SP:FB
E84A  30 06     BMI  A:00 X:64 Y:0F P:26 SP:FB
E84C  CA        DEX  A:00 X:64 Y:0F P:26 SP:FB
E84D  D0 F8     BNE  A:00 X:63 Y:0F P:24 SP:FB
E847  2C 02 20  BIT  A:00 X:63 Y:0F P:24 SP:FB
E84A  30 06     BMI  A:00 X:63 Y:0F P:26 SP:FB
E84C  CA        DEX  A:00 X:63 Y:0F P:26 SP:FB
E84D  D0 F8     BNE  A:00 X:62 Y:0F P:24 SP:FB
E847  2C 02 20  BIT  A:00 X:62 Y:0F P:24 SP:FB
E84A  30 06     BMI  A:00 X:62 Y:0F P:26 SP:FB
E84C  CA        DEX  A:00 X:62 Y:0F P:26 SP:FB
E84D  D0 F8     BNE  A:00 X:61 Y:0F P:24 SP:FB
E847  2C 02 20  BIT  A:00 X:61 Y:0F P:24 SP:FB
E84A  30 06     BMI  A:00 X:61 Y:0F P:26 SP:FB
E84C  CA        DEX  A:00 X:61 Y:0F P:26 SP:FB
E84D  D0 F8     BNE  A:00 X:60 Y:0F P:24 SP:FB
E847  2C 02 20  BIT  A:00 X:60 Y:0F P:24 SP:FB
E84A  30 06     BMI  A:00 X:60 Y:0F P:26 SP:FB
E84C  CA        DEX  A:00 X:60 Y:0F P:26 SP:FB
E84D  D0 F8     BNE  A:00 X:5F Y:0F P:24 SP:FB
E847  2C 02 20  BIT  A:00 X:5F Y:0F P:24 SP:FB
E84A  30 06     BMI  A:00 X:5F Y:0F P:26 SP:FB
E84C  CA        DEX  A:00 X:5F Y:0F P:26 SP:FB
E84D  D0 F8     BNE  A:00 X:5E Y:0F P:24 SP:FB
E847  2C 02 20  BIT  A:00 X:5E Y:0F P:24 SP:FB
E84A  30 06     BMI  A:00 X:5E Y:0F P:26 SP:FB
E84C  CA        DEX  A:00 X:5E Y:0F P:26 SP:FB
E84D  D0 F8     BNE  A:00 X:5D Y:0F P:24 SP:FB
E847  2C 02 20  BIT  A:00 X:5D Y:0F P:24 SP:FB
E84A  30 06     BMI  A:00 X:5D Y:0F P:26 SP:FB
E84C  CA        DEX  A:00 X:5D Y:0F P:26 SP:FB
E84D  D0 F8     BNE  A:00 X:5C Y:0F P:24 SP:FB
E847  2C 02 20  BIT  A:00 X:5C Y:0F P:24 SP:FB
E84A  30 06     BMI  A:00 X:5C Y:0F P:26 SP:FB
E84C  CA        DEX  A:00 X:5C Y:0F P:26 SP:FB
E84D  D0 F8     BNE  A:00 X:5B Y:0F P:24 SP:FB
E847  2C 02 20  BIT  A:00 X:5B Y:0F P:24 SP:FB
E84A  30 06     BMI  A:00 X:5B Y:0F P:26 SP:FB
E84C  CA        DEX  A:00 X:5B Y:0F P:26 SP:FB
E84D  D0 F8     BNE  A:00 X:5A Y:0F P:24 SP:FB
E847  2C 02 20  BIT  A:00 X:5A Y:0F P:24 SP:FB
E84A  30 06     BMI  A:00 X:5A Y:0F P:26 SP:FB
E84C  CA        DEX  A:00 X:5A Y:0F P:26 SP:FB
E84D  D0 F8     BNE  A:00 X:59 Y:0F P:24 SP:FB
E847  2C 02 20  BIT  A:00 X:59 Y:0F P:24 SP:FB
E84A  30 06     BMI  A:00 X:59 Y:0F P:26 SP:FB
E84C  CA        DEX  A:00 X:59 Y:0F P:26 SP:FB
E84D  D0 F8     BNE  A:00 X:58 Y:0F P:24 SP:FB
E847  2C 02 20  BIT  A:00 X:58 Y:0F P:24 SP:FB
E84A  30 06     BMI  A:00 X:58 Y:0F P:26 SP:FB
E84C  CA        DEX  A:00 X:58 Y:0F P:26 SP:FB
E84D  D0 F8     BNE  A:00 X:57 Y:0F P:24 SP:FB
E847  2C 02 20  BIT  A:00 X:57 Y:0F P:24 SP:FB
E84A  30 06     BMI  A:00 X:57 Y:0F P:26 SP:FB
E84C  CA        DEX  A:00 X:57 Y:0F P:26 SP:FB
E84D  D0 F8     BNE  A:00 X:56 Y:0F P:24 SP:FB
E847  2C 02 20  BIT  A:00 X:56 Y:0F P:24 SP:FB
E84A  30 06     BMI  A:00 X:56 Y:0F P:26 SP:FB
E84C  CA        DEX  A:00 X:56 Y:0F P:26 SP:FB
E84D  D0 F8     BNE  A:00 X:55 Y:0F P:24 SP:FB
E847  2C 02 20  BIT  A:00 X:55 Y:0F P:24 SP:FB
E84A  30 06     BMI  A:00 X:55 Y:0F P:26 SP:FB
E84C  CA        DEX  A:00 X:55 Y:0F P:26 SP:FB
E84D  D0 F8     BNE  A:00 X:54 Y:0F P:24 SP:FB
E847  2C 02 20  BIT  A:00 X:54 Y:0F P:24 SP:FB
E84A  30 06     BMI  A:00 X:54 Y:0F P:26 SP:FB
E84C  CA        DEX  A:00 X:54 Y:0F P:26 SP:FB
E84D  D0 F8     BNE  A:00 X:53 Y:0F P:24 SP:FB
E847  2C 02 20  BIT  A:00 X:53 Y:0F P:24 SP:FB
E84A  30 06     BMI  A:00 X:53 Y:0F P:26 SP:FB
E84C  CA        DEX  A:00 X:53 Y:0F P:26 SP:FB
E84D  D0 F8     BNE  A:00 X:52 Y:0F P:24 SP:FB
E847  2C 02 20  BIT  A:00 X:52 Y:0F P:24 SP:FB
E84A  30 06     BMI  A:00 X:52 Y:0F P:26 SP:FB
E84C  CA        DEX  A:00 X:52 Y:0F P:26 SP:FB
E84D  D0 F8     BNE  A:00 X:51 Y:0F P:24 SP:FB
E847  2C 02 20  BIT  A:00 X:51 Y:0F P:24 SP:FB
E84A  30 06     BMI  A:00 X:51 Y:0F P:26 SP:FB
E84C  CA        DEX  A:00 X:51 Y:0F P:26 SP:FB
E84D  D0 F8     BNE  A:00 X:50 Y:0F P:24 SP:FB
E847  2C 02 20  BIT  A:00 X:50 Y:0F P:24 SP:FB
E84A  30 06     BMI  A:00 X:50 Y:0F P:26 SP:FB
E84C  CA        DEX  A:00 X:50 Y:0F P:26 SP:FB
E84D  D0 F8     BNE  A:00 X:4F Y:0F P:24 SP:FB
E847  2C 02 20  BIT  A:00 X:4F Y:0F P:24 SP:FB
E84A  30 06     BMI  A:00 X:4F Y:0F P:26 SP:FB
E84C  CA        DEX  A:00 X:4F Y:0F P:26 SP:FB
E84D  D0 F8     BNE  A:00 X:4E Y:0F P:24 SP:FB
E847  2C 02 20  BIT  A:00 X:4E Y:0F P:24 SP:FB
E84A  30 06     BMI  A:00 X:4E Y:0F P:26 SP:FB
E84C  CA        DEX  A:00 X:4E Y:0F P:26 SP:FB
E84D  D0 F8     BNE  A:00 X:4D Y:0F P:24 SP:FB
E847  2C 02 20  BIT  A:00 X:4D Y:0F P:24 SP:FB
E84A  30 06     BMI  A:00 X:4D Y:0F P:26 SP:FB
E84C  CA        DEX  A:00 X:4D Y:0F P:26 SP:FB
E84D  D0 F8     BNE  A:00 X:4C Y:0F P:24 SP:FB
E847  2C 02 20  BIT  A:00 X:4C Y:0F P:24 SP:FB
E84A  30 06     BMI  A:00 X:4C Y:0F P:26 SP:FB
E84C  CA        DEX  A:00 X:4C Y:0F P:26 SP:FB
E84D  D0 F8     BNE  A:00 X:4B Y:0F P:24 SP:FB
E847  2C 02 20  BIT  A:00 X:4B Y:0F P:24 SP:FB
E84A  30 06     BMI  A:00 X:4B Y:0F P:26 SP:FB
E84C  CA        DEX  A:00 X:4B Y:0F P:26 SP:FB
E84D  D0 F8     BNE  A:00 X:4A Y:0F P:24 SP:FB
E847  2C 02 20  BIT  A:00 X:4A Y:0F P:24 SP:FB
E84A  30 06     BMI  A:00 X:4A Y:0F P:26 SP:FB
E84C  CA        DEX  A:00 X:4A Y:0F P:26 SP:FB
E84D  D0 F8     BNE  A:00 X:49 Y:0F P:24 SP:FB
E847  2C 02 20  BIT  A:00 X:49 Y:0F P:24 SP:FB
E84A  30 06     BMI  A:00 X:49 Y:0F P:26 SP:FB
E84C  CA        DEX  A:00 X:49 Y:0F P:26 SP:FB
E84D  D0 F8     BNE  A:00 X:48 Y:0F P:24 SP:FB
E847  2C 02 20  BIT  A:00 X:48 Y:0F P:24 SP:FB
E84A  30 06     BMI  A:00 X:48 Y:0F P:26 SP:FB
E84C  CA        DEX  A:00 X:48 Y:0F P:26 SP:FB
E84D  D0 F8     BNE  A:00 X:47 Y:0F P:24 SP:FB
E847  2C 02 20  BIT  A:00 X:47 Y:0F P:24 SP:FB
E84A  30 06     BMI  A:00 X:47 Y:0F P:26 SP:FB
E84C  CA        DEX  A:00 X:47 Y:0F P:26 SP:FB
E84D  D0 F8     BNE  A:00 X:46 Y:0F P:24 SP:FB
E847  2C 02 20  BIT  A:00 X:46 Y:0F P:24 SP:FB
E84A  30 06     BMI  A:00 X:46 Y:0F P:26 SP:FB
E84C  CA        DEX  A:00 X:46 Y:0F P:26 SP:FB
E84D  D0 F8     BNE  A:00 X:45 Y:0F P:24 SP:FB
E847  2C 02 20  BIT  A:00 X:45 Y:0F P:24 SP:FB
E84A  30 06     BMI  A:00 X:45 Y:0F P:26 SP:FB
E84C  CA        DEX  A:00 X:45 Y:0F P:26 SP:FB
E84D  D0 F8     BNE  A:00 X:44 Y:0F P:24 SP:FB
E847  2C 02 20  BIT  A:00 X:44 Y:0F P:24 SP:FB
E84A  30 06     BMI  A:00 X:44 Y:0F P:26 SP:FB
E84C  CA        DEX  A:00 X:44 Y:0F P:26 SP:FB
E84D  D0 F8     BNE  A:00 X:43 Y:0F P:24 SP:FB
E847  2C 02 20  BIT  A:00 X:43 Y:0F P:24 SP:FB
E84A  30 06     BMI  A:00 X:43 Y:0F P:26 SP:FB
E84C  CA        DEX  A:00 X:43 Y:0F P:26 SP:FB
E84D  D0 F8     BNE  A:00 X:42 Y:0F P:24 SP:FB
E847  2C 02 20  BIT  A:00 X:42 Y:0F P:24 SP:FB
E84A  30 06     BMI  A:00 X:42 Y:0F P:26 SP:FB
E84C  CA        DEX  A:00 X:42 Y:0F P:26 SP:FB
E84D  D0 F8     BNE  A:00 X:41 Y:0F P:24 SP:FB
E847  2C 02 20  BIT  A:00 X:41 Y:0F P:24 SP:FB
E84A  30 06     BMI  A:00 X:41 Y:0F P:26 SP:FB
E84C  CA        DEX  A:00 X:41 Y:0F P:26 SP:FB
E84D  D0 F8     BNE  A:00 X:40 Y:0F P:24 SP:FB
E847  2C 02 20  BIT  A:00 X:40 Y:0F P:24 SP:FB
E84A  30 06     BMI  A:00 X:40 Y:0F P:26 SP:FB
E84C  CA        DEX  A:00 X:40 Y:0F P:26 SP:FB
E84D  D0 F8     BNE  A:00 X:3F Y:0F P:24 SP:FB
E847  2C 02 20  BIT  A:00 X:3F Y:0F P:24 SP:FB
E84A  30 06     BMI  A:00 X:3F Y:0F P:26 SP:FB
E84C  CA        DEX  A:00 X:3F Y:0F P:26 SP:FB
E84D  D0 F8     BNE  A:00 X:3E Y:0F P:24 SP:FB
E847  2C 02 20  BIT  A:00 X:3E Y:0F P:24 SP:FB
E84A  30 06     BMI  A:00 X:3E Y:0F P:26 SP:FB
E84C  CA        DEX  A:00 X:3E Y:0F P:26 SP:FB
E84D  D0 F8     BNE  A:00 X:3D Y:0F P:24 SP:FB
E847  2C 02 20  BIT  A:00 X:3D Y:0F P:24 SP:FB
E84A  30 06     BMI  A:00 X:3D Y:0F P:26 SP:FB
E84C  CA        DEX  A:00 X:3D Y:0F P:26 SP:FB
E84D  D0 F8     BNE  A:00 X:3C Y:0F P:24 SP:FB
E847  2C 02 20  BIT  A:00 X:3C Y:0F P:24 SP:FB
E84A  30 06     BMI  A:00 X:3C Y:0F P:26 SP:FB
E84C  CA        DEX  A:00 X:3C Y:0F P:26 SP:FB
E84D  D0 F8     BNE  A:00 X:3B Y:0F P:24 SP:FB
E847  2C 02 20  BIT  A:00 X:3B Y:0F P:24 SP:FB
E84A  30 06     BMI  A:00 X:3B Y:0F P:26 SP:FB
E84C  CA        DEX  A:00 X:3B Y:0F P:26 SP:FB
E84D  D0 F8     BNE  A:00 X:3A Y:0F P:24 SP:FB
E847  2C 02 20  BIT  A:00 X:3A Y:0F P:24 SP:FB
E84A  30 06     BMI  A:00 X:3A Y:0F P:26 SP:FB
E84C  CA        DEX  A:00 X:3A Y:0F P:26 SP:FB
E84D  D0 F8     BNE  A:00 X:39 Y:0F P:24 SP:FB
E847  2C 02 20  BIT  A:00 X:39 Y:0F P:24 SP:FB
E84A  30 06     BMI  A:00 X:39 Y:0F P:26 SP:FB
E84C  CA        DEX  A:00 X:39 Y:0F P:26 SP:FB
E84D  D0 F8     BNE  A:00 X:38 Y:0F P:24 SP:FB
E847  2C 02 20  BIT  A:00 X:38 Y:0F P:24 SP:FB
E84A  30 06     BMI  A:00 X:38 Y:0F P:26 SP:FB
E84C  CA        DEX  A:00 X:38 Y:0F P:26 SP:FB
E84D  D0 F8     BNE  A:00 X:37 Y:0F P:24 SP:FB
E847  2C 02 20  BIT  A:00 X:37 Y:0F P:24 SP:FB
E84A  30 06     BMI  A:00 X:37 Y:0F P:26 SP:FB
E84C  CA        DEX  A:00 X:37 Y:0F P:26 SP:FB
E84D  D0 F8     BNE  A:00 X:36 Y:0F P:24 SP:FB
E847  2C 02 20  BIT  A:00 X:36 Y:0F P:24 SP:FB
E84A  30 06     BMI  A:00 X:36 Y:0F P:26 SP:FB
E84C  CA        DEX  A:00 X:36 Y:0F P:26 SP:FB
E84D  D0 F8     BNE  A:00 X:35 Y:0F P:24 SP:FB
E847  2C 02 20  BIT  A:00 X:35 Y:0F P:24 SP:FB
E84A  30 06     BMI  A:00 X:35 Y:0F P:26 SP:FB
E84C  CA        DEX  A:00 X:35 Y:0F P:26 SP:FB
E84D  D0 F8     BNE  A:00 X:34 Y:0F P:24 SP:FB
E847  2C 02 20  BIT  A:00 X:34 Y:0F P:24 SP:FB
E84A  30 06     BMI  A:00 X:34 Y:0F P:26 SP:FB
E84C  CA        DEX  A:00 X:34 Y:0F P:26 SP:FB
E84D  D0 F8     BNE  A:00 X:33 Y:0F P:24 SP:FB
E847  2C 02 20  BIT  A:00 X:33 Y:0F P:24 SP:FB
E84A  30 06     BMI  A:00 X:33 Y:0F P:26 SP:FB
E84C  CA        DEX  A:00 X:33 Y:0F P:26 SP:FB
E84D  D0 F8     BNE  A:00 X:32 Y:0F P:24 SP:FB
E847  2C 02 20  BIT  A:00 X:32 Y:0F P:24 SP:FB
E84A  30 06     BMI  A:00 X:32 Y:0F P:26 SP:FB
E84C  CA        DEX  A:00 X:32 Y:0F P:26 SP:FB
E84D  D0 F8     BNE  A:00 X:31 Y:0F P:24 SP:FB
E847  2C 02 20  BIT  A:00 X:31 Y:0F P:24 SP:FB
E84A  30 06     BMI  A:00 X:31 Y:0F P:26 SP:FB
E84C  CA        DEX  A:00 X:31 Y:0F P:26 SP:FB
E84D  D0 F8     BNE  A:00 X:30 Y:0F P:24 SP:FB
E847  2C 02 20  BIT  A:00 X:30 Y:0F P:24 SP:FB
E84A  30 06     BMI  A:00 X:30 Y:0F P:26 SP:FB
E84C  CA        DEX  A:00 X:30 Y:0F P:26 SP:FB
E84D  D0 F8     BNE  A:00 X:2F Y:0F P:24 SP:FB
E847  2C 02 20  BIT  A:00 X:2F Y:0F P:24 SP:FB
E84A  30 06     BMI  A:00 X:2F Y:0F P:26 SP:FB
E84C  CA        DEX  A:00 X:2F Y:0F P:26 SP:FB
E84D  D0 F8     BNE  A:00 X:2E Y:0F P:24 SP:FB
E847  2C 02 20  BIT  A:00 X:2E Y:0F P:24 SP:FB
E84A  30 06     BMI  A:00 X:2E Y:0F P:26 SP:FB
E84C  CA        DEX  A:00 X:2E Y:0F P:26 SP:FB
E84D  D0 F8     BNE  A:00 X:2D Y:0F P:24 SP:FB
E847  2C 02 20  BIT  A:00 X:2D Y:0F P:24 SP:FB
E84A  30 06     BMI  A:00 X:2D Y:0F P:26 SP:FB
E84C  CA        DEX  A:00 X:2D Y:0F P:26 SP:FB
E84D  D0 F8     BNE  A:00 X:2C Y:0F P:24 SP:FB
E847  2C 02 20  BIT  A:00 X:2C Y:0F P:24 SP:FB
E84A  30 06     BMI  A:00 X:2C Y:0F P:26 SP:FB
E84C  CA        DEX  A:00 X:2C Y:0F P:26 SP:FB
E84D  D0 F8     BNE  A:00 X:2B Y:0F P:24 SP:FB
E847  2C 02 20  BIT  A:00 X:2B Y:0F P:24 SP:FB
E84A  30 06     BMI  A:00 X:2B Y:0F P:26 SP:FB
E84C  CA        DEX  A:00 X:2B Y:0F P:26 SP:FB
E84D  D0 F8     BNE  A:00 X:2A Y:0F P:24 SP:FB
E847  2C 02 20  BIT  A:00 X:2A Y:0F P:24 SP:FB
E84A  30 06     BMI  A:00 X:2A Y:0F P:26 SP:FB
E84C  CA        DEX  A:00 X:2A Y:0F P:26 SP:FB
E84D  D0 F8     BNE  A:00 X:29 Y:0F P:24 SP:FB
E847  2C 02 20  BIT  A:00 X:29 Y:0F P:24 SP:FB
E84A  30 06     BMI  A:00 X:29 Y:0F P:26 SP:FB
E84C  CA        DEX  A:00 X:29 Y:0F P:26 SP:FB
E84D  D0 F8     BNE  A:00 X:28 Y:0F P:24 SP:FB
E847  2C 02 20  BIT  A:00 X:28 Y:0F P:24 SP:FB
E84A  30 06     BMI  A:00 X:28 Y:0F P:26 SP:FB
E84C  CA        DEX  A:00 X:28 Y:0F P:26 SP:FB
E84D  D0 F8     BNE  A:00 X:27 Y:0F P:24 SP:FB
E847  2C 02 20  BIT  A:00 X:27 Y:0F P:24 SP:FB
E84A  30 06     BMI  A:00 X:27 Y:0F P:26 SP:FB
E84C  CA        DEX  A:00 X:27 Y:0F P:26 SP:FB
E84D  D0 F8     BNE  A:00 X:26 Y:0F P:24 SP:FB
E847  2C 02 20  BIT  A:00 X:26 Y:0F P:24 SP:FB
E84A  30 06     BMI  A:00 X:26 Y:0F P:26 SP:FB
E84C  CA        DEX  A:00 X:26 Y:0F P:26 SP:FB
E84D  D0 F8     BNE  A:00 X:25 Y:0F P:24 SP:FB
E847  2C 02 20  BIT  A:00 X:25 Y:0F P:24 SP:FB
E84A  30 06     BMI  A:00 X:25 Y:0F P:26 SP:FB
E84C  CA        DEX  A:00 X:25 Y:0F P:26 SP:FB
E84D  D0 F8     BNE  A:00 X:24 Y:0F P:24 SP:FB
E847  2C 02 20  BIT  A:00 X:24 Y:0F P:24 SP:FB
E84A  30 06     BMI  A:00 X:24 Y:0F P:26 SP:FB
E84C  CA        DEX  A:00 X:24 Y:0F P:26 SP:FB
E84D  D0 F8     BNE  A:00 X:23 Y:0F P:24 SP:FB
E847  2C 02 20  BIT  A:00 X:23 Y:0F P:24 SP:FB
E84A  30 06     BMI  A:00 X:23 Y:0F P:26 SP:FB
E84C  CA        DEX  A:00 X:23 Y:0F P:26 SP:FB
E84D  D0 F8     BNE  A:00 X:22 Y:0F P:24 SP:FB
E847  2C 02 20  BIT  A:00 X:22 Y:0F P:24 SP:FB
E84A  30 06     BMI  A:00 X:22 Y:0F P:26 SP:FB
E84C  CA        DEX  A:00 X:22 Y:0F P:26 SP:FB
E84D  D0 F8     BNE  A:00 X:21 Y:0F P:24 SP:FB
E847  2C 02 20  BIT  A:00 X:21 Y:0F P:24 SP:FB
E84A  30 06     BMI  A:00 X:21 Y:0F P:26 SP:FB
E84C  CA        DEX  A:00 X:21 Y:0F P:26 SP:FB
E84D  D0 F8     BNE  A:00 X:20 Y:0F P:24 SP:FB
E847  2C 02 20  BIT  A:00 X:20 Y:0F P:24 SP:FB
E84A  30 06     BMI  A:00 X:20 Y:0F P:26 SP:FB
E84C  CA        DEX  A:00 X:20 Y:0F P:26 SP:FB
E84D  D0 F8     BNE  A:00 X:1F Y:0F P:24 SP:FB
E847  2C 02 20  BIT  A:00 X:1F Y:0F P:24 SP:FB
E84A  30 06     BMI  A:00 X:1F Y:0F P:26 SP:FB
E84C  CA        DEX  A:00 X:1F Y:0F P:26 SP:FB
E84D  D0 F8     BNE  A:00 X:1E Y:0F P:24 SP:FB
E847  2C 02 20  BIT  A:00 X:1E Y:0F P:24 SP:FB
E84A  30 06     BMI  A:00 X:1E Y:0F P:26 SP:FB
E84C  CA        DEX  A:00 X:1E Y:0F P:26 SP:FB
E84D  D0 F8     BNE  A:00 X:1D Y:0F P:24 SP:FB
E847  2C 02 20  BIT  A:00 X:1D Y:0F P:24 SP:FB
E84A  30 06     BMI  A:00 X:1D Y:0F P:26 SP:FB
E84C  CA        DEX  A:00 X:1D Y:0F P:26 SP:FB
E84D  D0 F8     BNE  A:00 X:1C Y:0F P:24 SP:FB
E847  2C 02 20  BIT  A:00 X:1C Y:0F P:24 SP:FB
E84A  30 06     BMI  A:00 X:1C Y:0F P:26 SP:FB
E84C  CA        DEX  A:00 X:1C Y:0F P:26 SP:FB
E84D  D0 F8     BNE  A:00 X:1B Y:0F P:24 SP:FB
E847  2C 02 20  BIT  A:00 X:1B Y:0F P:24 SP:FB
E84A  30 06     BMI  A:00 X:1B Y:0F P:26 SP:FB
E84C  CA        DEX  A:00 X:1B Y:0F P:26 SP:FB
E84D  D0 F8     BNE  A:00 X:1A Y:0F P:24 SP:FB
E847  2C 02 20  BIT  A:00 X:1A Y:0F P:24 SP:FB
E84A  30 06     BMI  A:00 X:1A Y:0F P:26 SP:FB
E84C  CA        DEX  A:00 X:1A Y:0F P:26 SP:FB
E84D  D0 F8     BNE  A:00 X:19 Y:0F P:24 SP:FB
E847  2C 02 20  BIT  A:00 X:19 Y:0F P:24 SP:FB
E84A  30 06     BMI  A:00 X:19 Y:0F P:26 SP:FB
E84C  CA        DEX  A:00 X:19 Y:0F P:26 SP:FB
E84D  D0 F8     BNE  A:00 X:18 Y:0F P:24 SP:FB
E847  2C 02 20  BIT  A:00 X:18 Y:0F P:24 SP:FB
E84A  30 06     BMI  A:00 X:18 Y:0F P:26 SP:FB
E84C  CA        DEX  A:00 X:18 Y:0F P:26 SP:FB
E84D  D0 F8     BNE  A:00 X:17 Y:0F P:24 SP:FB
E847  2C 02 20  BIT  A:00 X:17 Y:0F P:24 SP:FB
E84A  30 06     BMI  A:00 X:17 Y:0F P:26 SP:FB
E84C  CA        DEX  A:00 X:17 Y:0F P:26 SP:FB
E84D  D0 F8     BNE  A:00 X:16 Y:0F P:24 SP:FB
E847  2C 02 20  BIT  A:00 X:16 Y:0F P:24 SP:FB
E84A  30 06     BMI  A:00 X:16 Y:0F P:26 SP:FB
E84C  CA        DEX  A:00 X:16 Y:0F P:26 SP:FB
E84D  D0 F8     BNE  A:00 X:15 Y:0F P:24 SP:FB
E847  2C 02 20  BIT  A:00 X:15 Y:0F P:24 SP:FB
E84A  30 06     BMI  A:00 X:15 Y:0F P:26 SP:FB
E84C  CA        DEX  A:00 X:15 Y:0F P:26 SP:FB
E84D  D0 F8     BNE  A:00 X:14 Y:0F P:24 SP:FB
E847  2C 02 20  BIT  A:00 X:14 Y:0F P:24 SP:FB
E84A  30 06     BMI  A:00 X:14 Y:0F P:26 SP:FB
E84C  CA        DEX  A:00 X:14 Y:0F P:26 SP:FB
E84D  D0 F8     BNE  A:00 X:13 Y:0F P:24 SP:FB
E847  2C 02 20  BIT  A:00 X:13 Y:0F P:24 SP:FB
E84A  30 06     BMI  A:00 X:13 Y:0F P:26 SP:FB
E84C  CA        DEX  A:00 X:13 Y:0F P:26 SP:FB
E84D  D0 F8     BNE  A:00 X:12 Y:0F P:24 SP:FB
E847  2C 02 20  BIT  A:00 X:12 Y:0F P:24 SP:FB
E84A  30 06     BMI  A:00 X:12 Y:0F P:26 SP:FB
E84C  CA        DEX  A:00 X:12 Y:0F P:26 SP:FB
E84D  D0 F8     BNE  A:00 X:11 Y:0F P:24 SP:FB
E847  2C 02 20  BIT  A:00 X:11 Y:0F P:24 SP:FB
E84A  30 06     BMI  A:00 X:11 Y:0F P:26 SP:FB
E84C  CA        DEX  A:00 X:11 Y:0F P:26 SP:FB
E84D  D0 F8     BNE  A:00 X:10 Y:0F P:24 SP:FB
E847  2C 02 20  BIT  A:00 X:10 Y:0F P:24 SP:FB
E84A  30 06     BMI  A:00 X:10 Y:0F P:26 SP:FB
E84C  CA        DEX  A:00 X:10 Y:0F P:26 SP:FB
E84D  D0 F8     BNE  A:00 X:0F Y:0F P:24 SP:FB
E847  2C 02 20  BIT  A:00 X:0F Y:0F P:24 SP:FB
E84A  30 06     BMI  A:00 X:0F Y:0F P:26 SP:FB
E84C  CA        DEX  A:00 X:0F Y:0F P:26 SP:FB
E84D  D0 F8     BNE  A:00 X:0E Y:0F P:24 SP:FB
E847  2C 02 20  BIT  A:00 X:0E Y:0F P:24 SP:FB
E84A  30 06     BMI  A:00 X:0E Y:0F P:26 SP:FB
E84C  CA        DEX  A:00 X:0E Y:0F P:26 SP:FB
E84D  D0 F8     BNE  A:00 X:0D Y:0F P:24 SP:FB
E847  2C 02 20  BIT  A:00 X:0D Y:0F P:24 SP:FB
E84A  30 06     BMI  A:00 X:0D Y:0F P:26 SP:FB
E84C  CA        DEX  A:00 X:0D Y:0F P:26 SP:FB
E84D  D0 F8     BNE  A:00 X:0C Y:0F P:24 SP:FB
E847  2C 02 20  BIT  A:00 X:0C Y:0F P:24 SP:FB
E84A  30 06     BMI  A:00 X:0C Y:0F P:26 SP:FB
E84C  CA        DEX  A:00 X:0C Y:0F P:26 SP:FB
E84D  D0 F8     BNE  A:00 X:0B Y:0F P:24 SP:FB
E847  2C 02 20  BIT  A:00 X:0B Y:0F P:24 SP:FB
E84A  30 06     BMI  A:00 X:0B Y:0F P:26 SP:FB
E84C  CA        DEX  A:00 X:0B Y:0F P:26 SP:FB
E84D  D0 F8     BNE  A:00 X:0A Y:0F P:24 SP:FB
E847  2C 02 20  BIT  A:00 X:0A Y:0F P:24 SP:FB
E84A  30 06     BMI  A:00 X:0A Y:0F P:26 SP:FB
E84C  CA        DEX  A:00 X:0A Y:0F P:26 SP:FB
E84D  D0 F8     BNE  A:00 X:09 Y:0F P:24 SP:FB
E847  2C 02 20  BIT  A:00 X:09 Y:0F P:24 SP:FB
E84A  30 06     BMI  A:00 X:09 Y:0F P:26 SP:FB
E84C  CA        DEX  A:00 X:09 Y:0F P:26 SP:FB
E84D  D0 F8     BNE  A:00 X:08 Y:0F P:24 SP:FB
E847  2C 02 20  BIT  A:00 X:08 Y:0F P:24 SP:FB
E84A  30 06     BMI  A:00 X:08 Y:0F P:26 SP:FB
E84C  CA        DEX  A:00 X:08 Y:0F P:26 SP:FB
E84D  D0 F8     BNE  A:00 X:07 Y:0F P:24 SP:FB
E847  2C 02 20  BIT  A:00 X:07 Y:0F P:24 SP:FB
E84A  30 06     BMI  A:00 X:07 Y:0F P:26 SP:FB
E84C  CA        DEX  A:00 X:07 Y:0F P:26 SP:FB
E84D  D0 F8     BNE  A:00 X:06 Y:0F P:24 SP:FB
E847  2C 02 20  BIT  A:00 X:06 Y:0F P:24 SP:FB
E84A  30 06     BMI  A:00 X:06 Y:0F P:26 SP:FB
E84C  CA        DEX  A:00 X:06 Y:0F P:26 SP:FB
E84D  D0 F8     BNE  A:00 X:05 Y:0F P:24 SP:FB
E847  2C 02 20  BIT  A:00 X:05 Y:0F P:24 SP:FB
E84A  30 06     BMI  A:00 X:05 Y:0F P:26 SP:FB
E84C  CA        DEX  A:00 X:05 Y:0F P:26 SP:FB
E84D  D0 F8     BNE  A:00 X:04 Y:0F P:24 SP:FB
E847  2C 02 20  BIT  A:00 X:04 Y:0F P:24 SP:FB
E84A  30 06     BMI  A:00 X:04 Y:0F P:26 SP:FB
E84C  CA        DEX  A:00 X:04 Y:0F P:26 SP:FB
E84D  D0 F8     BNE  A:00 X:03 Y:0F P:24 SP:FB
E847  2C 02 20  BIT  A:00 X:03 Y:0F P:24 SP:FB
E84A  30 06     BMI  A:00 X:03 Y:0F P:26 SP:FB
E84C  CA        DEX  A:00 X:03 Y:0F P:26 SP:FB
E84D  D0 F8     BNE  A:00 X:02 Y:0F P:24 SP:FB
E847  2C 02 20  BIT  A:00 X:02 Y:0F P:24 SP:FB
E84A  30 06     BMI  A:00 X:02 Y:0F P:26 SP:FB
E84C  CA        DEX  A:00 X:02 Y:0F P:26 SP:FB
E84D  D0 F8     BNE  A:00 X:01 Y:0F P:24 SP:FB
E847  2C 02 20  BIT  A:00 X:01 Y:0F P:24 SP:FB
E84A  30 06     BMI  A:00 X:01 Y:0F P:26 SP:FB
E84C  CA        DEX  A:00 X:01 Y:0F P:26 SP:FB
E84D  D0 F8     BNE  A:00 X:00 Y:0F P:26 SP:FB
E84F  88        DEY  A:00 X:00 Y:0F P:26 SP:FB
E850  10 F5     BPL  A:00 X:00 Y:0E P:24 SP:FB
E847  2C 02 20  BIT  A:00 X:00 Y:0E P:24 SP:FB
E84A  30 06     BMI  A:00 X:00 Y:0E P:26 SP:FB
E84C  CA        DEX  A:00 X:00 Y:0E P:26 SP:FB
E84D  D0 F8     BNE  A:00 X:FF Y:0E P:A4 SP:FB
E847  2C 02 20  BIT  A:00 X:FF Y:0E P:A4 SP:FB
E84A  30 06     BMI  A:00 X:FF Y:0E P:26 SP:FB
E84C  CA        DEX  A:00 X:FF Y:0E P:26 SP:FB
E84D  D0 F8     BNE  A:00 X:FE Y:0E P:A4 SP:FB
E847  2C 02 20  BIT  A:00 X:FE Y:0E P:A4 SP:FB
E84A  30 06     BMI  A:00 X:FE Y:0E P:26 SP:FB
E84C  CA        DEX  A:00 X:FE Y:0E P:26 SP:FB
E84D  D0 F8     BNE  A:00 X:FD Y:0E P:A4 SP:FB
E847  2C 02 20  BIT  A:00 X:FD Y:0E P:A4 SP:FB
E84A  30 06     BMI  A:00 X:FD Y:0E P:26 SP:FB
E84C  CA        DEX  A:00 X:FD Y:0E P:26 SP:FB
E84D  D0 F8     BNE  A:00 X:FC Y:0E P:A4 SP:FB
E847  2C 02 20  BIT  A:00 X:FC Y:0E P:A4 SP:FB
E84A  30 06     BMI  A:00 X:FC Y:0E P:26 SP:FB
E84C  CA        DEX  A:00 X:FC Y:0E P:26 SP:FB
E84D  D0 F8     BNE  A:00 X:FB Y:0E P:A4 SP:FB
E847  2C 02 20  BIT  A:00 X:FB Y:0E P:A4 SP:FB
E84A  30 06     BMI  A:00 X:FB Y:0E P:26 SP:FB
E84C  CA        DEX  A:00 X:FB Y:0E P:26 SP:FB
E84D  D0 F8     BNE  A:00 X:FA Y:0E P:A4 SP:FB
E847  2C 02 20  BIT  A:00 X:FA Y:0E P:A4 SP:FB
E84A  30 06     BMI  A:00 X:FA Y:0E P:26 SP:FB
E84C  CA        DEX  A:00 X:FA Y:0E P:26 SP:FB
E84D  D0 F8     BNE  A:00 X:F9 Y:0E P:A4 SP:FB
E847  2C 02 20  BIT  A:00 X:F9 Y:0E P:A4 SP:FB
E84A  30 06     BMI  A:00 X:F9 Y:0E P:26 SP:FB
E84C  CA        DEX  A:00 X:F9 Y:0E P:26 SP:FB
E84D  D0 F8     BNE  A:00 X:F8 Y:0E P:A4 SP:FB
E847  2C 02 20  BIT  A:00 X:F8 Y:0E P:A4 SP:FB
E84A  30 06     BMI  A:00 X:F8 Y:0E P:26 SP:FB
E84C  CA        DEX  A:00 X:F8 Y:0E P:26 SP:FB
E84D  D0 F8     BNE  A:00 X:F7 Y:0E P:A4 SP:FB
E847  2C 02 20  BIT  A:00 X:F7 Y:0E P:A4 SP:FB
E84A  30 06     BMI  A:00 X:F7 Y:0E P:26 SP:FB
E84C  CA        DEX  A:00 X:F7 Y:0E P:26 SP:FB
E84D  D0 F8     BNE  A:00 X:F6 Y:0E P:A4 SP:FB
E847  2C 02 20  BIT  A:00 X:F6 Y:0E P:A4 SP:FB
E84A  30 06     BMI  A:00 X:F6 Y:0E P:26 SP:FB
E84C  CA        DEX  A:00 X:F6 Y:0E P:26 SP:FB
E84D  D0 F8     BNE  A:00 X:F5 Y:0E P:A4 SP:FB
E847  2C 02 20  BIT  A:00 X:F5 Y:0E P:A4 SP:FB
E84A  30 06     BMI  A:00 X:F5 Y:0E P:26 SP:FB
E84C  CA        DEX  A:00 X:F5 Y:0E P:26 SP:FB
E84D  D0 F8     BNE  A:00 X:F4 Y:0E P:A4 SP:FB
E847  2C 02 20  BIT  A:00 X:F4 Y:0E P:A4 SP:FB
E84A  30 06     BMI  A:00 X:F4 Y:0E P:26 SP:FB
E84C  CA        DEX  A:00 X:F4 Y:0E P:26 SP:FB
E84D  D0 F8     BNE  A:00 X:F3 Y:0E P:A4 SP:FB
E847  2C 02 20  BIT  A:00 X:F3 Y:0E P:A4 SP:FB
E84A  30 06     BMI  A:00 X:F3 Y:0E P:26 SP:FB
E84C  CA        DEX  A:00 X:F3 Y:0E P:26 SP:FB
E84D  D0 F8     BNE  A:00 X:F2 Y:0E P:A4 SP:FB
E847  2C 02 20  BIT  A:00 X:F2 Y:0E P:A4 SP:FB
E84A  30 06     BMI  A:00 X:F2 Y:0E P:26 SP:FB
E84C  CA        DEX  A:00 X:F2 Y:0E P:26 SP:FB
E84D  D0 F8     BNE  A:00 X:F1 Y:0E P:A4 SP:FB
E847  2C 02 20  BIT  A:00 X:F1 Y:0E P:A4 SP:FB
E84A  30 06     BMI  A:00 X:F1 Y:0E P:26 SP:FB
E84C  CA        DEX  A:00 X:F1 Y:0E P:26 SP:FB
E84D  D0 F8     BNE  A:00 X:F0 Y:0E P:A4 SP:FB
E847  2C 02 20  BIT  A:00 X:F0 Y:0E P:A4 SP:FB
E84A  30 06     BMI  A:00 X:F0 Y:0E P:26 SP:FB
E84C  CA        DEX  A:00 X:F0 Y:0E P:26 SP:FB
E84D  D0 F8     BNE  A:00 X:EF Y:0E P:A4 SP:FB
E847  2C 02 20  BIT  A:00 X:EF Y:0E P:A4 SP:FB
E84A  30 06     BMI  A:00 X:EF Y:0E P:26 SP:FB
E84C  CA        DEX  A:00 X:EF Y:0E P:26 SP:FB
E84D  D0 F8     BNE  A:00 X:EE Y:0E P:A4 SP:FB
E847  2C 02 20  BIT  A:00 X:EE Y:0E P:A4 SP:FB
E84A  30 06     BMI  A:00 X:EE Y:0E P:26 SP:FB
E84C  CA        DEX  A:00 X:EE Y:0E P:26 SP:FB
E84D  D0 F8     BNE  A:00 X:ED Y:0E P:A4 SP:FB
E847  2C 02 20  BIT  A:00 X:ED Y:0E P:A4 SP:FB
E84A  30 06     BMI  A:00 X:ED Y:0E P:26 SP:FB
E84C  CA        DEX  A:00 X:ED Y:0E P:26 SP:FB
E84D  D0 F8     BNE  A:00 X:EC Y:0E P:A4 SP:FB
E847  2C 02 20  BIT  A:00 X:EC Y:0E P:A4 SP:FB
E84A  30 06     BMI  A:00 X:EC Y:0E P:26 SP:FB
E84C  CA        DEX  A:00 X:EC Y:0E P:26 SP:FB
E84D  D0 F8     BNE  A:00 X:EB Y:0E P:A4 SP:FB
E847  2C 02 20  BIT  A:00 X:EB Y:0E P:A4 SP:FB
E84A  30 06     BMI  A:00 X:EB Y:0E P:26 SP:FB
E84C  CA        DEX  A:00 X:EB Y:0E P:26 SP:FB
E84D  D0 F8     BNE  A:00 X:EA Y:0E P:A4 SP:FB
E847  2C 02 20  BIT  A:00 X:EA Y:0E P:A4 SP:FB
E84A  30 06     BMI  A:00 X:EA Y:0E P:26 SP:FB
E84C  CA        DEX  A:00 X:EA Y:0E P:26 SP:FB
E84D  D0 F8     BNE  A:00 X:E9 Y:0E P:A4 SP:FB
E847  2C 02 20  BIT  A:00 X:E9 Y:0E P:A4 SP:FB
E84A  30 06     BMI  A:00 X:E9 Y:0E P:26 SP:FB
E84C  CA        DEX  A:00 X:E9 Y:0E P:26 SP:FB
E84D  D0 F8     BNE  A:00 X:E8 Y:0E P:A4 SP:FB
E847  2C 02 20  BIT  A:00 X:E8 Y:0E P:A4 SP:FB
E84A  30 06     BMI  A:00 X:E8 Y:0E P:26 SP:FB
E84C  CA        DEX  A:00 X:E8 Y:0E P:26 SP:FB
E84D  D0 F8     BNE  A:00 X:E7 Y:0E P:A4 SP:FB
E847  2C 02 20  BIT  A:00 X:E7 Y:0E P:A4 SP:FB
E84A  30 06     BMI  A:00 X:E7 Y:0E P:26 SP:FB
E84C  CA        DEX  A:00 X:E7 Y:0E P:26 SP:FB
E84D  D0 F8     BNE  A:00 X:E6 Y:0E P:A4 SP:FB
E847  2C 02 20  BIT  A:00 X:E6 Y:0E P:A4 SP:FB
E84A  30 06     BMI  A:00 X:E6 Y:0E P:26 SP:FB
E84C  CA        DEX  A:00 X:E6 Y:0E P:26 SP:FB
E84D  D0 F8     BNE  A:00 X:E5 Y:0E P:A4 SP:FB
E847  2C 02 20  BIT  A:00 X:E5 Y:0E P:A4 SP:FB
E84A  30 06     BMI  A:00 X:E5 Y:0E P:26 SP:FB
E84C  CA        DEX  A:00 X:E5 Y:0E P:26 SP:FB
E84D  D0 F8     BNE  A:00 X:E4 Y:0E P:A4 SP:FB
E847  2C 02 20  BIT  A:00 X:E4 Y:0E P:A4 SP:FB
E84A  30 06     BMI  A:00 X:E4 Y:0E P:26 SP:FB
E84C  CA        DEX  A:00 X:E4 Y:0E P:26 SP:FB
E84D  D0 F8     BNE  A:00 X:E3 Y:0E P:A4 SP:FB
E847  2C 02 20  BIT  A:00 X:E3 Y:0E P:A4 SP:FB
E84A  30 06     BMI  A:00 X:E3 Y:0E P:26 SP:FB
E84C  CA        DEX  A:00 X:E3 Y:0E P:26 SP:FB
E84D  D0 F8     BNE  A:00 X:E2 Y:0E P:A4 SP:FB
E847  2C 02 20  BIT  A:00 X:E2 Y:0E P:A4 SP:FB
E84A  30 06     BMI  A:00 X:E2 Y:0E P:26 SP:FB
E84C  CA        DEX  A:00 X:E2 Y:0E P:26 SP:FB
E84D  D0 F8     BNE  A:00 X:E1 Y:0E P:A4 SP:FB
E847  2C 02 20  BIT  A:00 X:E1 Y:0E P:A4 SP:FB
E84A  30 06     BMI  A:00 X:E1 Y:0E P:26 SP:FB
E84C  CA        DEX  A:00 X:E1 Y:0E P:26 SP:FB
E84D  D0 F8     BNE  A:00 X:E0 Y:0E P:A4 SP:FB
E847  2C 02 20  BIT  A:00 X:E0 Y:0E P:A4 SP:FB
E84A  30 06     BMI  A:00 X:E0 Y:0E P:26 SP:FB
E84C  CA        DEX  A:00 X:E0 Y:0E P:26 SP:FB
E84D  D0 F8     BNE  A:00 X:DF Y:0E P:A4 SP:FB
E847  2C 02 20  BIT  A:00 X:DF Y:0E P:A4 SP:FB
E84A  30 06     BMI  A:00 X:DF Y:0E P:26 SP:FB
E84C  CA        DEX  A:00 X:DF Y:0E P:26 SP:FB
E84D  D0 F8     BNE  A:00 X:DE Y:0E P:A4 SP:FB
E847  2C 02 20  BIT  A:00 X:DE Y:0E P:A4 SP:FB
E84A  30 06     BMI  A:00 X:DE Y:0E P:26 SP:FB
E84C  CA        DEX  A:00 X:DE Y:0E P:26 SP:FB
E84D  D0 F8     BNE  A:00 X:DD Y:0E P:A4 SP:FB
E847  2C 02 20  BIT  A:00 X:DD Y:0E P:A4 SP:FB
E84A  30 06     BMI  A:00 X:DD Y:0E P:26 SP:FB
E84C  CA        DEX  A:00 X:DD Y:0E P:26 SP:FB
E84D  D0 F8     BNE  A:00 X:DC Y:0E P:A4 SP:FB
E847  2C 02 20  BIT  A:00 X:DC Y:0E P:A4 SP:FB
E84A  30 06     BMI  A:00 X:DC Y:0E P:26 SP:FB
E84C  CA        DEX  A:00 X:DC Y:0E P:26 SP:FB
E84D  D0 F8     BNE  A:00 X:DB Y:0E P:A4 SP:FB
E847  2C 02 20  BIT  A:00 X:DB Y:0E P:A4 SP:FB
E84A  30 06     BMI  A:00 X:DB Y:0E P:26 SP:FB
E84C  CA        DEX  A:00 X:DB Y:0E P:26 SP:FB
E84D  D0 F8     BNE  A:00 X:DA Y:0E P:A4 SP:FB
E847  2C 02 20  BIT  A:00 X:DA Y:0E P:A4 SP:FB
E84A  30 06     BMI  A:00 X:DA Y:0E P:26 SP:FB
E84C  CA        DEX  A:00 X:DA Y:0E P:26 SP:FB
E84D  D0 F8     BNE  A:00 X:D9 Y:0E P:A4 SP:FB
E847  2C 02 20  BIT  A:00 X:D9 Y:0E P:A4 SP:FB
E84A  30 06     BMI  A:00 X:D9 Y:0E P:26 SP:FB
E84C  CA        DEX  A:00 X:D9 Y:0E P:26 SP:FB
E84D  D0 F8     BNE  A:00 X:D8 Y:0E P:A4 SP:FB
E847  2C 02 20  BIT  A:00 X:D8 Y:0E P:A4 SP:FB
E84A  30 06     BMI  A:00 X:D8 Y:0E P:26 SP:FB
E84C  CA        DEX  A:00 X:D8 Y:0E P:26 SP:FB
E84D  D0 F8     BNE  A:00 X:D7 Y:0E P:A4 SP:FB
E847  2C 02 20  BIT  A:00 X:D7 Y:0E P:A4 SP:FB
E84A  30 06     BMI  A:00 X:D7 Y:0E P:26 SP:FB
E84C  CA        DEX  A:00 X:D7 Y:0E P:26 SP:FB
E84D  D0 F8     BNE  A:00 X:D6 Y:0E P:A4 SP:FB
E847  2C 02 20  BIT  A:00 X:D6 Y:0E P:A4 SP:FB
E84A  30 06     BMI  A:00 X:D6 Y:0E P:26 SP:FB
E84C  CA        DEX  A:00 X:D6 Y:0E P:26 SP:FB
E84D  D0 F8     BNE  A:00 X:D5 Y:0E P:A4 SP:FB
E847  2C 02 20  BIT  A:00 X:D5 Y:0E P:A4 SP:FB
E84A  30 06     BMI  A:00 X:D5 Y:0E P:26 SP:FB
E84C  CA        DEX  A:00 X:D5 Y:0E P:26 SP:FB
E84D  D0 F8     BNE  A:00 X:D4 Y:0E P:A4 SP:FB
E847  2C 02 20  BIT  A:00 X:D4 Y:0E P:A4 SP:FB
E84A  30 06     BMI  A:00 X:D4 Y:0E P:26 SP:FB
E84C  CA        DEX  A:00 X:D4 Y:0E P:26 SP:FB
E84D  D0 F8     BNE  A:00 X:D3 Y:0E P:A4 SP:FB
E847  2C 02 20  BIT  A:00 X:D3 Y:0E P:A4 SP:FB
E84A  30 06     BMI  A:00 X:D3 Y:0E P:26 SP:FB
E84C  CA        DEX  A:00 X:D3 Y:0E P:26 SP:FB
E84D  D0 F8     BNE  A:00 X:D2 Y:0E P:A4 SP:FB
E847  2C 02 20  BIT  A:00 X:D2 Y:0E P:A4 SP:FB
E84A  30 06     BMI  A:00 X:D2 Y:0E P:26 SP:FB
E84C  CA        DEX  A:00 X:D2 Y:0E P:26 SP:FB
E84D  D0 F8     BNE  A:00 X:D1 Y:0E P:A4 SP:FB
E847  2C 02 20  BIT  A:00 X:D1 Y:0E P:A4 SP:FB
E84A  30 06     BMI  A:00 X:D1 Y:0E P:26 SP:FB
E84C  CA        DEX  A:00 X:D1 Y:0E P:26 SP:FB
E84D  D0 F8     BNE  A:00 X:D0 Y:0E P:A4 SP:FB
E847  2C 02 20  BIT  A:00 X:D0 Y:0E P:A4 SP:FB
E84A  30 06     BMI  A:00 X:D0 Y:0E P:26 SP:FB
E84C  CA        DEX  A:00 X:D0 Y:0E P:26 SP:FB
E84D  D0 F8     BNE  A:00 X:CF Y:0E P:A4 SP:FB
E847  2C 02 20  BIT  A:00 X:CF Y:0E P:A4 SP:FB
E84A  30 06     BMI  A:00 X:CF Y:0E P:26 SP:FB
E84C  CA        DEX  A:00 X:CF Y:0E P:26 SP:FB
E84D  D0 F8     BNE  A:00 X:CE Y:0E P:A4 SP:FB
E847  2C 02 20  BIT  A:00 X:CE Y:0E P:A4 SP:FB
E84A  30 06     BMI  A:00 X:CE Y:0E P:26 SP:FB
E84C  CA        DEX  A:00 X:CE Y:0E P:26 SP:FB
E84D  D0 F8     BNE  A:00 X:CD Y:0E P:A4 SP:FB
E847  2C 02 20  BIT  A:00 X:CD Y:0E P:A4 SP:FB
E84A  30 06     BMI  A:00 X:CD Y:0E P:26 SP:FB
E84C  CA        DEX  A:00 X:CD Y:0E P:26 SP:FB
E84D  D0 F8     BNE  A:00 X:CC Y:0E P:A4 SP:FB
E847  2C 02 20  BIT  A:00 X:CC Y:0E P:A4 SP:FB
E84A  30 06     BMI  A:00 X:CC Y:0E P:26 SP:FB
E84C  CA        DEX  A:00 X:CC Y:0E P:26 SP:FB
E84D  D0 F8     BNE  A:00 X:CB Y:0E P:A4 SP:FB
E847  2C 02 20  BIT  A:00 X:CB Y:0E P:A4 SP:FB
E84A  30 06     BMI  A:00 X:CB Y:0E P:26 SP:FB
E84C  CA        DEX  A:00 X:CB Y:0E P:26 SP:FB
E84D  D0 F8     BNE  A:00 X:CA Y:0E P:A4 SP:FB
E847  2C 02 20  BIT  A:00 X:CA Y:0E P:A4 SP:FB
E84A  30 06     BMI  A:00 X:CA Y:0E P:26 SP:FB
E84C  CA        DEX  A:00 X:CA Y:0E P:26 SP:FB
E84D  D0 F8     BNE  A:00 X:C9 Y:0E P:A4 SP:FB
E847  2C 02 20  BIT  A:00 X:C9 Y:0E P:A4 SP:FB
E84A  30 06     BMI  A:00 X:C9 Y:0E P:26 SP:FB
E84C  CA        DEX  A:00 X:C9 Y:0E P:26 SP:FB
E84D  D0 F8     BNE  A:00 X:C8 Y:0E P:A4 SP:FB
E847  2C 02 20  BIT  A:00 X:C8 Y:0E P:A4 SP:FB
E84A  30 06     BMI  A:00 X:C8 Y:0E P:26 SP:FB
E84C  CA        DEX  A:00 X:C8 Y:0E P:26 SP:FB
E84D  D0 F8     BNE  A:00 X:C7 Y:0E P:A4 SP:FB
E847  2C 02 20  BIT  A:00 X:C7 Y:0E P:A4 SP:FB
E84A  30 06     BMI  A:00 X:C7 Y:0E P:26 SP:FB
E84C  CA        DEX  A:00 X:C7 Y:0E P:26 SP:FB
E84D  D0 F8     BNE  A:00 X:C6 Y:0E P:A4 SP:FB
E847  2C 02 20  BIT  A:00 X:C6 Y:0E P:A4 SP:FB
E84A  30 06     BMI  A:00 X:C6 Y:0E P:26 SP:FB
E84C  CA        DEX  A:00 X:C6 Y:0E P:26 SP:FB
E84D  D0 F8     BNE  A:00 X:C5 Y:0E P:A4 SP:FB
E847  2C 02 20  BIT  A:00 X:C5 Y:0E P:A4 SP:FB
E84A  30 06     BMI  A:00 X:C5 Y:0E P:26 SP:FB
E84C  CA        DEX  A:00 X:C5 Y:0E P:26 SP:FB
E84D  D0 F8     BNE  A:00 X:C4 Y:0E P:A4 SP:FB
E847  2C 02 20  BIT  A:00 X:C4 Y:0E P:A4 SP:FB
E84A  30 06     BMI  A:00 X:C4 Y:0E P:26 SP:FB
E84C  CA        DEX  A:00 X:C4 Y:0E P:26 SP:FB
E84D  D0 F8     BNE  A:00 X:C3 Y:0E P:A4 SP:FB
E847  2C 02 20  BIT  A:00 X:C3 Y:0E P:A4 SP:FB
E84A  30 06     BMI  A:00 X:C3 Y:0E P:26 SP:FB
E84C  CA        DEX  A:00 X:C3 Y:0E P:26 SP:FB
E84D  D0 F8     BNE  A:00 X:C2 Y:0E P:A4 SP:FB
E847  2C 02 20  BIT  A:00 X:C2 Y:0E P:A4 SP:FB
E84A  30 06     BMI  A:00 X:C2 Y:0E P:26 SP:FB
E84C  CA        DEX  A:00 X:C2 Y:0E P:26 SP:FB
E84D  D0 F8     BNE  A:00 X:C1 Y:0E P:A4 SP:FB
E847  2C 02 20  BIT  A:00 X:C1 Y:0E P:A4 SP:FB
E84A  30 06     BMI  A:00 X:C1 Y:0E P:26 SP:FB
E84C  CA        DEX  A:00 X:C1 Y:0E P:26 SP:FB
E84D  D0 F8     BNE  A:00 X:C0 Y:0E P:A4 SP:FB
E847  2C 02 20  BIT  A:00 X:C0 Y:0E P:A4 SP:FB
E84A  30 06     BMI  A:00 X:C0 Y:0E P:26 SP:FB
E84C  CA        DEX  A:00 X:C0 Y:0E P:26 SP:FB
E84D  D0 F8     BNE  A:00 X:BF Y:0E P:A4 SP:FB
E847  2C 02 20  BIT  A:00 X:BF Y:0E P:A4 SP:FB
E84A  30 06     BMI  A:00 X:BF Y:0E P:26 SP:FB
E84C  CA        DEX  A:00 X:BF Y:0E P:26 SP:FB
E84D  D0 F8     BNE  A:00 X:BE Y:0E P:A4 SP:FB
E847  2C 02 20  BIT  A:00 X:BE Y:0E P:A4 SP:FB
E84A  30 06     BMI  A:00 X:BE Y:0E P:26 SP:FB
E84C  CA        DEX  A:00 X:BE Y:0E P:26 SP:FB
E84D  D0 F8     BNE  A:00 X:BD Y:0E P:A4 SP:FB
E847  2C 02 20  BIT  A:00 X:BD Y:0E P:A4 SP:FB
E84A  30 06     BMI  A:00 X:BD Y:0E P:26 SP:FB
E84C  CA        DEX  A:00 X:BD Y:0E P:26 SP:FB
E84D  D0 F8     BNE  A:00 X:BC Y:0E P:A4 SP:FB
E847  2C 02 20  BIT  A:00 X:BC Y:0E P:A4 SP:FB
E84A  30 06     BMI  A:00 X:BC Y:0E P:26 SP:FB
E84C  CA        DEX  A:00 X:BC Y:0E P:26 SP:FB
E84D  D0 F8     BNE  A:00 X:BB Y:0E P:A4 SP:FB
E847  2C 02 20  BIT  A:00 X:BB Y:0E P:A4 SP:FB
E84A  30 06     BMI  A:00 X:BB Y:0E P:26 SP:FB
E84C  CA        DEX  A:00 X:BB Y:0E P:26 SP:FB
E84D  D0 F8     BNE  A:00 X:BA Y:0E P:A4 SP:FB
E847  2C 02 20  BIT  A:00 X:BA Y:0E P:A4 SP:FB
E84A  30 06     BMI  A:00 X:BA Y:0E P:26 SP:FB
E84C  CA        DEX  A:00 X:BA Y:0E P:26 SP:FB
E84D  D0 F8     BNE  A:00 X:B9 Y:0E P:A4 SP:FB
E847  2C 02 20  BIT  A:00 X:B9 Y:0E P:A4 SP:FB
E84A  30 06     BMI  A:00 X:B9 Y:0E P:26 SP:FB
E84C  CA        DEX  A:00 X:B9 Y:0E P:26 SP:FB
E84D  D0 F8     BNE  A:00 X:B8 Y:0E P:A4 SP:FB
E847  2C 02 20  BIT  A:00 X:B8 Y:0E P:A4 SP:FB
E84A  30 06     BMI  A:00 X:B8 Y:0E P:26 SP:FB
E84C  CA        DEX  A:00 X:B8 Y:0E P:26 SP:FB
E84D  D0 F8     BNE  A:00 X:B7 Y:0E P:A4 SP:FB
E847  2C 02 20  BIT  A:00 X:B7 Y:0E P:A4 SP:FB
E84A  30 06     BMI  A:00 X:B7 Y:0E P:26 SP:FB
E84C  CA        DEX  A:00 X:B7 Y:0E P:26 SP:FB
E84D  D0 F8     BNE  A:00 X:B6 Y:0E P:A4 SP:FB
E847  2C 02 20  BIT  A:00 X:B6 Y:0E P:A4 SP:FB
E84A  30 06     BMI  A:00 X:B6 Y:0E P:26 SP:FB
E84C  CA        DEX  A:00 X:B6 Y:0E P:26 SP:FB
E84D  D0 F8     BNE  A:00 X:B5 Y:0E P:A4 SP:FB
E847  2C 02 20  BIT  A:00 X:B5 Y:0E P:A4 SP:FB
E84A  30 06     BMI  A:00 X:B5 Y:0E P:26 SP:FB
E84C  CA        DEX  A:00 X:B5 Y:0E P:26 SP:FB
E84D  D0 F8     BNE  A:00 X:B4 Y:0E P:A4 SP:FB
E847  2C 02 20  BIT  A:00 X:B4 Y:0E P:A4 SP:FB
E84A  30 06     BMI  A:00 X:B4 Y:0E P:26 SP:FB
E84C  CA        DEX  A:00 X:B4 Y:0E P:26 SP:FB
E84D  D0 F8     BNE  A:00 X:B3 Y:0E P:A4 SP:FB
E847  2C 02 20  BIT  A:00 X:B3 Y:0E P:A4 SP:FB
E84A  30 06     BMI  A:00 X:B3 Y:0E P:26 SP:FB
E84C  CA        DEX  A:00 X:B3 Y:0E P:26 SP:FB
E84D  D0 F8     BNE  A:00 X:B2 Y:0E P:A4 SP:FB
E847  2C 02 20  BIT  A:00 X:B2 Y:0E P:A4 SP:FB
E84A  30 06     BMI  A:00 X:B2 Y:0E P:26 SP:FB
E84C  CA        DEX  A:00 X:B2 Y:0E P:26 SP:FB
E84D  D0 F8     BNE  A:00 X:B1 Y:0E P:A4 SP:FB
E847  2C 02 20  BIT  A:00 X:B1 Y:0E P:A4 SP:FB
E84A  30 06     BMI  A:00 X:B1 Y:0E P:26 SP:FB
E84C  CA        DEX  A:00 X:B1 Y:0E P:26 SP:FB
E84D  D0 F8     BNE  A:00 X:B0 Y:0E P:A4 SP:FB
E847  2C 02 20  BIT  A:00 X:B0 Y:0E P:A4 SP:FB
E84A  30 06     BMI  A:00 X:B0 Y:0E P:26 SP:FB
E84C  CA        DEX  A:00 X:B0 Y:0E P:26 SP:FB
E84D  D0 F8     BNE  A:00 X:AF Y:0E P:A4 SP:FB
E847  2C 02 20  BIT  A:00 X:AF Y:0E P:A4 SP:FB
E84A  30 06     BMI  A:00 X:AF Y:0E P:26 SP:FB
E84C  CA        DEX  A:00 X:AF Y:0E P:26 SP:FB
E84D  D0 F8     BNE  A:00 X:AE Y:0E P:A4 SP:FB
E847  2C 02 20  BIT  A:00 X:AE Y:0E P:A4 SP:FB
E84A  30 06     BMI  A:00 X:AE Y:0E P:26 SP:FB
E84C  CA        DEX  A:00 X:AE Y:0E P:26 SP:FB
E84D  D0 F8     BNE  A:00 X:AD Y:0E P:A4 SP:FB
E847  2C 02 20  BIT  A:00 X:AD Y:0E P:A4 SP:FB
E84A  30 06     BMI  A:00 X:AD Y:0E P:26 SP:FB
E84C  CA        DEX  A:00 X:AD Y:0E P:26 SP:FB
E84D  D0 F8     BNE  A:00 X:AC Y:0E P:A4 SP:FB
E847  2C 02 20  BIT  A:00 X:AC Y:0E P:A4 SP:FB
E84A  30 06     BMI  A:00 X:AC Y:0E P:26 SP:FB
E84C  CA        DEX  A:00 X:AC Y:0E P:26 SP:FB
E84D  D0 F8     BNE  A:00 X:AB Y:0E P:A4 SP:FB
E847  2C 02 20  BIT  A:00 X:AB Y:0E P:A4 SP:FB
E84A  30 06     BMI  A:00 X:AB Y:0E P:26 SP:FB
E84C  CA        DEX  A:00 X:AB Y:0E P:26 SP:FB
E84D  D0 F8     BNE  A:00 X:AA Y:0E P:A4 SP:FB
E847  2C 02 20  BIT  A:00 X:AA Y:0E P:A4 SP:FB
E84A  30 06     BMI  A:00 X:AA Y:0E P:26 SP:FB
E84C  CA        DEX  A:00 X:AA Y:0E P:26 SP:FB
E84D  D0 F8     BNE  A:00 X:A9 Y:0E P:A4 SP:FB
E847  2C 02 20  BIT  A:00 X:A9 Y:0E P:A4 SP:FB
E84A  30 06     BMI  A:00 X:A9 Y:0E P:26 SP:FB
E84C  CA        DEX  A:00 X:A9 Y:0E P:26 SP:FB
E84D  D0 F8     BNE  A:00 X:A8 Y:0E P:A4 SP:FB
E847  2C 02 20  BIT  A:00 X:A8 Y:0E P:A4 SP:FB
E84A  30 06     BMI  A:00 X:A8 Y:0E P:26 SP:FB
E84C  CA        DEX  A:00 X:A8 Y:0E P:26 SP:FB
E84D  D0 F8     BNE  A:00 X:A7 Y:0E P:A4 SP:FB
E847  2C 02 20  BIT  A:00 X:A7 Y:0E P:A4 SP:FB
E84A  30 06     BMI  A:00 X:A7 Y:0E P:26 SP:FB
E84C  CA        DEX  A:00 X:A7 Y:0E P:26 SP:FB
E84D  D0 F8     BNE  A:00 X:A6 Y:0E P:A4 SP:FB
E847  2C 02 20  BIT  A:00 X:A6 Y:0E P:A4 SP:FB
E84A  30 06     BMI  A:00 X:A6 Y:0E P:26 SP:FB
E84C  CA        DEX  A:00 X:A6 Y:0E P:26 SP:FB
E84D  D0 F8     BNE  A:00 X:A5 Y:0E P:A4 SP:FB
E847  2C 02 20  BIT  A:00 X:A5 Y:0E P:A4 SP:FB
E84A  30 06     BMI  A:00 X:A5 Y:0E P:26 SP:FB
E84C  CA        DEX  A:00 X:A5 Y:0E P:26 SP:FB
E84D  D0 F8     BNE  A:00 X:A4 Y:0E P:A4 SP:FB
E847  2C 02 20  BIT  A:00 X:A4 Y:0E P:A4 SP:FB
E84A  30 06     BMI  A:00 X:A4 Y:0E P:26 SP:FB
E84C  CA        DEX  A:00 X:A4 Y:0E P:26 SP:FB
E84D  D0 F8     BNE  A:00 X:A3 Y:0E P:A4 SP:FB
E847  2C 02 20  BIT  A:00 X:A3 Y:0E P:A4 SP:FB
E84A  30 06     BMI  A:00 X:A3 Y:0E P:26 SP:FB
E84C  CA        DEX  A:00 X:A3 Y:0E P:26 SP:FB
E84D  D0 F8     BNE  A:00 X:A2 Y:0E P:A4 SP:FB
E847  2C 02 20  BIT  A:00 X:A2 Y:0E P:A4 SP:FB
E84A  30 06     BMI  A:00 X:A2 Y:0E P:26 SP:FB
E84C  CA        DEX  A:00 X:A2 Y:0E P:26 SP:FB
E84D  D0 F8     BNE  A:00 X:A1 Y:0E P:A4 SP:FB
E847  2C 02 20  BIT  A:00 X:A1 Y:0E P:A4 SP:FB
E84A  30 06     BMI  A:00 X:A1 Y:0E P:26 SP:FB
E84C  CA        DEX  A:00 X:A1 Y:0E P:26 SP:FB
E84D  D0 F8     BNE  A:00 X:A0 Y:0E P:A4 SP:FB
E847  2C 02 20  BIT  A:00 X:A0 Y:0E P:A4 SP:FB
E84A  30 06     BMI  A:00 X:A0 Y:0E P:26 SP:FB
E84C  CA        DEX  A:00 X:A0 Y:0E P:26 SP:FB
E84D  D0 F8     BNE  A:00 X:9F Y:0E P:A4 SP:FB
E847  2C 02 20  BIT  A:00 X:9F Y:0E P:A4 SP:FB
E84A  30 06     BMI  A:00 X:9F Y:0E P:26 SP:FB
E84C  CA        DEX  A:00 X:9F Y:0E P:26 SP:FB
E84D  D0 F8     BNE  A:00 X:9E Y:0E P:A4 SP:FB
E847  2C 02 20  BIT  A:00 X:9E Y:0E P:A4 SP:FB
E84A  30 06     BMI  A:00 X:9E Y:0E P:26 SP:FB
E84C  CA        DEX  A:00 X:9E Y:0E P:26 SP:FB
E84D  D0 F8     BNE  A:00 X:9D Y:0E P:A4 SP:FB
E847  2C 02 20  BIT  A:00 X:9D Y:0E P:A4 SP:FB
E84A  30 06     BMI  A:00 X:9D Y:0E P:26 SP:FB
E84C  CA        DEX  A:00 X:9D Y:0E P:26 SP:FB
E84D  D0 F8     BNE  A:00 X:9C Y:0E P:A4 SP:FB
E847  2C 02 20  BIT  A:00 X:9C Y:0E P:A4 SP:FB
E84A  30 06     BMI  A:00 X:9C Y:0E P:26 SP:FB
E84C  CA        DEX  A:00 X:9C Y:0E P:26 SP:FB
E84D  D0 F8     BNE  A:00 X:9B Y:0E P:A4 SP:FB
E847  2C 02 20  BIT  A:00 X:9B Y:0E P:A4 SP:FB
E84A  30 06     BMI  A:00 X:9B Y:0E P:26 SP:FB
E84C  CA        DEX  A:00 X:9B Y:0E P:26 SP:FB
E84D  D0 F8     BNE  A:00 X:9A Y:0E P:A4 SP:FB
E847  2C 02 20  BIT  A:00 X:9A Y:0E P:A4 SP:FB
E84A  30 06     BMI  A:00 X:9A Y:0E P:26 SP:FB
E84C  CA        DEX  A:00 X:9A Y:0E P:26 SP:FB
E84D  D0 F8     BNE  A:00 X:99 Y:0E P:A4 SP:FB
E847  2C 02 20  BIT  A:00 X:99 Y:0E P:A4 SP:FB
E84A  30 06     BMI  A:00 X:99 Y:0E P:26 SP:FB
E84C  CA        DEX  A:00 X:99 Y:0E P:26 SP:FB
E84D  D0 F8     BNE  A:00 X:98 Y:0E P:A4 SP:FB
E847  2C 02 20  BIT  A:00 X:98 Y:0E P:A4 SP:FB
E84A  30 06     BMI  A:00 X:98 Y:0E P:26 SP:FB
E84C  CA        DEX  A:00 X:98 Y:0E P:26 SP:FB
E84D  D0 F8     BNE  A:00 X:97 Y:0E P:A4 SP:FB
E847  2C 02 20  BIT  A:00 X:97 Y:0E P:A4 SP:FB
E84A  30 06     BMI  A:00 X:97 Y:0E P:26 SP:FB
E84C  CA        DEX  A:00 X:97 Y:0E P:26 SP:FB
E84D  D0 F8     BNE  A:00 X:96 Y:0E P:A4 SP:FB
E847  2C 02 20  BIT  A:00 X:96 Y:0E P:A4 SP:FB
E84A  30 06     BMI  A:00 X:96 Y:0E P:26 SP:FB
E84C  CA        DEX  A:00 X:96 Y:0E P:26 SP:FB
E84D  D0 F8     BNE  A:00 X:95 Y:0E P:A4 SP:FB
E847  2C 02 20  BIT  A:00 X:95 Y:0E P:A4 SP:FB
E84A  30 06     BMI  A:00 X:95 Y:0E P:26 SP:FB
E84C  CA        DEX  A:00 X:95 Y:0E P:26 SP:FB
E84D  D0 F8     BNE  A:00 X:94 Y:0E P:A4 SP:FB
E847  2C 02 20  BIT  A:00 X:94 Y:0E P:A4 SP:FB
E84A  30 06     BMI  A:00 X:94 Y:0E P:26 SP:FB
E84C  CA        DEX  A:00 X:94 Y:0E P:26 SP:FB
E84D  D0 F8     BNE  A:00 X:93 Y:0E P:A4 SP:FB
E847  2C 02 20  BIT  A:00 X:93 Y:0E P:A4 SP:FB
E84A  30 06     BMI  A:00 X:93 Y:0E P:26 SP:FB
E84C  CA        DEX  A:00 X:93 Y:0E P:26 SP:FB
E84D  D0 F8     BNE  A:00 X:92 Y:0E P:A4 SP:FB
E847  2C 02 20  BIT  A:00 X:92 Y:0E P:A4 SP:FB
E84A  30 06     BMI  A:00 X:92 Y:0E P:26 SP:FB
E84C  CA        DEX  A:00 X:92 Y:0E P:26 SP:FB
E84D  D0 F8     BNE  A:00 X:91 Y:0E P:A4 SP:FB
E847  2C 02 20  BIT  A:00 X:91 Y:0E P:A4 SP:FB
E84A  30 06     BMI  A:00 X:91 Y:0E P:26 SP:FB
E84C  CA        DEX  A:00 X:91 Y:0E P:26 SP:FB
E84D  D0 F8     BNE  A:00 X:90 Y:0E P:A4 SP:FB
E847  2C 02 20  BIT  A:00 X:90 Y:0E P:A4 SP:FB
E84A  30 06     BMI  A:00 X:90 Y:0E P:26 SP:FB
E84C  CA        DEX  A:00 X:90 Y:0E P:26 SP:FB
E84D  D0 F8     BNE  A:00 X:8F Y:0E P:A4 SP:FB
E847  2C 02 20  BIT  A:00 X:8F Y:0E P:A4 SP:FB
E84A  30 06     BMI  A:00 X:8F Y:0E P:26 SP:FB
E84C  CA        DEX  A:00 X:8F Y:0E P:26 SP:FB
E84D  D0 F8     BNE  A:00 X:8E Y:0E P:A4 SP:FB
E847  2C 02 20  BIT  A:00 X:8E Y:0E P:A4 SP:FB
E84A  30 06     BMI  A:00 X:8E Y:0E P:26 SP:FB
E84C  CA        DEX  A:00 X:8E Y:0E P:26 SP:FB
E84D  D0 F8     BNE  A:00 X:8D Y:0E P:A4 SP:FB
E847  2C 02 20  BIT  A:00 X:8D Y:0E P:A4 SP:FB
E84A  30 06     BMI  A:00 X:8D Y:0E P:26 SP:FB
E84C  CA        DEX  A:00 X:8D Y:0E P:26 SP:FB
E84D  D0 F8     BNE  A:00 X:8C Y:0E P:A4 SP:FB
E847  2C 02 20  BIT  A:00 X:8C Y:0E P:A4 SP:FB
E84A  30 06     BMI  A:00 X:8C Y:0E P:26 SP:FB
E84C  CA        DEX  A:00 X:8C Y:0E P:26 SP:FB
E84D  D0 F8     BNE  A:00 X:8B Y:0E P:A4 SP:FB
E847  2C 02 20  BIT  A:00 X:8B Y:0E P:A4 SP:FB
E84A  30 06     BMI  A:00 X:8B Y:0E P:26 SP:FB
E84C  CA        DEX  A:00 X:8B Y:0E P:26 SP:FB
E84D  D0 F8     BNE  A:00 X:8A Y:0E P:A4 SP:FB
E847  2C 02 20  BIT  A:00 X:8A Y:0E P:A4 SP:FB
E84A  30 06     BMI  A:00 X:8A Y:0E P:26 SP:FB
E84C  CA        DEX  A:00 X:8A Y:0E P:26 SP:FB
E84D  D0 F8     BNE  A:00 X:89 Y:0E P:A4 SP:FB
E847  2C 02 20  BIT  A:00 X:89 Y:0E P:A4 SP:FB
E84A  30 06     BMI  A:00 X:89 Y:0E P:26 SP:FB
E84C  CA        DEX  A:00 X:89 Y:0E P:26 SP:FB
E84D  D0 F8     BNE  A:00 X:88 Y:0E P:A4 SP:FB
E847  2C 02 20  BIT  A:00 X:88 Y:0E P:A4 SP:FB
E84A  30 06     BMI  A:00 X:88 Y:0E P:26 SP:FB
E84C  CA        DEX  A:00 X:88 Y:0E P:26 SP:FB
E84D  D0 F8     BNE  A:00 X:87 Y:0E P:A4 SP:FB
E847  2C 02 20  BIT  A:00 X:87 Y:0E P:A4 SP:FB
E84A  30 06     BMI  A:00 X:87 Y:0E P:26 SP:FB
E84C  CA        DEX  A:00 X:87 Y:0E P:26 SP:FB
E84D  D0 F8     BNE  A:00 X:86 Y:0E P:A4 SP:FB
E847  2C 02 20  BIT  A:00 X:86 Y:0E P:A4 SP:FB
E84A  30 06     BMI  A:00 X:86 Y:0E P:26 SP:FB
E84C  CA        DEX  A:00 X:86 Y:0E P:26 SP:FB
E84D  D0 F8     BNE  A:00 X:85 Y:0E P:A4 SP:FB
E847  2C 02 20  BIT  A:00 X:85 Y:0E P:A4 SP:FB
E84A  30 06     BMI  A:00 X:85 Y:0E P:26 SP:FB
E84C  CA        DEX  A:00 X:85 Y:0E P:26 SP:FB
E84D  D0 F8     BNE  A:00 X:84 Y:0E P:A4 SP:FB
E847  2C 02 20  BIT  A:00 X:84 Y:0E P:A4 SP:FB
E84A  30 06     BMI  A:00 X:84 Y:0E P:26 SP:FB
E84C  CA        DEX  A:00 X:84 Y:0E P:26 SP:FB
E84D  D0 F8     BNE  A:00 X:83 Y:0E P:A4 SP:FB
E847  2C 02 20  BIT  A:00 X:83 Y:0E P:A4 SP:FB
E84A  30 06     BMI  A:00 X:83 Y:0E P:26 SP:FB
E84C  CA        DEX  A:00 X:83 Y:0E P:26 SP:FB
E84D  D0 F8     BNE  A:00 X:82 Y:0E P:A4 SP:FB
E847  2C 02 20  BIT  A:00 X:82 Y:0E P:A4 SP:FB
E84A  30 06     BMI  A:00 X:82 Y:0E P:26 SP:FB
E84C  CA        DEX  A:00 X:82 Y:0E P:26 SP:FB
E84D  D0 F8     BNE  A:00 X:81 Y:0E P:A4 SP:FB
E847  2C 02 20  BIT  A:00 X:81 Y:0E P:A4 SP:FB
E84A  30 06     BMI  A:00 X:81 Y:0E P:26 SP:FB
E84C  CA        DEX  A:00 X:81 Y:0E P:26 SP:FB
E84D  D0 F8     BNE  A:00 X:80 Y:0E P:A4 SP:FB
E847  2C 02 20  BIT  A:00 X:80 Y:0E P:A4 SP:FB
E84A  30 06     BMI  A:00 X:80 Y:0E P:26 SP:FB
E84C  CA        DEX  A:00 X:80 Y:0E P:26 SP:FB
E84D  D0 F8     BNE  A:00 X:7F Y:0E P:24 SP:FB
E847  2C 02 20  BIT  A:00 X:7F Y:0E P:24 SP:FB
E84A  30 06     BMI  A:00 X:7F Y:0E P:26 SP:FB
E84C  CA        DEX  A:00 X:7F Y:0E P:26 SP:FB
E84D  D0 F8     BNE  A:00 X:7E Y:0E P:24 SP:FB
E847  2C 02 20  BIT  A:00 X:7E Y:0E P:24 SP:FB
E84A  30 06     BMI  A:00 X:7E Y:0E P:26 SP:FB
E84C  CA        DEX  A:00 X:7E Y:0E P:26 SP:FB
E84D  D0 F8     BNE  A:00 X:7D Y:0E P:24 SP:FB
E847  2C 02 20  BIT  A:00 X:7D Y:0E P:24 SP:FB
E84A  30 06     BMI  A:00 X:7D Y:0E P:26 SP:FB
E84C  CA        DEX  A:00 X:7D Y:0E P:26 SP:FB
E84D  D0 F8     BNE  A:00 X:7C Y:0E P:24 SP:FB
E847  2C 02 20  BIT  A:00 X:7C Y:0E P:24 SP:FB
E84A  30 06     BMI  A:00 X:7C Y:0E P:26 SP:FB
E84C  CA        DEX  A:00 X:7C Y:0E P:26 SP:FB
E84D  D0 F8     BNE  A:00 X:7B Y:0E P:24 SP:FB
E847  2C 02 20  BIT  A:00 X:7B Y:0E P:24 SP:FB
E84A  30 06     BMI  A:00 X:7B Y:0E P:26 SP:FB
E84C  CA        DEX  A:00 X:7B Y:0E P:26 SP:FB
E84D  D0 F8     BNE  A:00 X:7A Y:0E P:24 SP:FB
E847  2C 02 20  BIT  A:00 X:7A Y:0E P:24 SP:FB
E84A  30 06     BMI  A:00 X:7A Y:0E P:26 SP:FB
E84C  CA        DEX  A:00 X:7A Y:0E P:26 SP:FB
E84D  D0 F8     BNE  A:00 X:79 Y:0E P:24 SP:FB
E847  2C 02 20  BIT  A:00 X:79 Y:0E P:24 SP:FB
E84A  30 06     BMI  A:00 X:79 Y:0E P:26 SP:FB
E84C  CA        DEX  A:00 X:79 Y:0E P:26 SP:FB
E84D  D0 F8     BNE  A:00 X:78 Y:0E P:24 SP:FB
E847  2C 02 20  BIT  A:00 X:78 Y:0E P:24 SP:FB
E84A  30 06     BMI  A:00 X:78 Y:0E P:26 SP:FB
E84C  CA        DEX  A:00 X:78 Y:0E P:26 SP:FB
E84D  D0 F8     BNE  A:00 X:77 Y:0E P:24 SP:FB
E847  2C 02 20  BIT  A:00 X:77 Y:0E P:24 SP:FB
E84A  30 06     BMI  A:00 X:77 Y:0E P:26 SP:FB
E84C  CA        DEX  A:00 X:77 Y:0E P:26 SP:FB
E84D  D0 F8     BNE  A:00 X:76 Y:0E P:24 SP:FB
E847  2C 02 20  BIT  A:00 X:76 Y:0E P:24 SP:FB
E84A  30 06     BMI  A:00 X:76 Y:0E P:26 SP:FB
E84C  CA        DEX  A:00 X:76 Y:0E P:26 SP:FB
E84D  D0 F8     BNE  A:00 X:75 Y:0E P:24 SP:FB
E847  2C 02 20  BIT  A:00 X:75 Y:0E P:24 SP:FB
E84A  30 06     BMI  A:00 X:75 Y:0E P:26 SP:FB
E84C  CA        DEX  A:00 X:75 Y:0E P:26 SP:FB
E84D  D0 F8     BNE  A:00 X:74 Y:0E P:24 SP:FB
E847  2C 02 20  BIT  A:00 X:74 Y:0E P:24 SP:FB
E84A  30 06     BMI  A:00 X:74 Y:0E P:26 SP:FB
E84C  CA        DEX  A:00 X:74 Y:0E P:26 SP:FB
E84D  D0 F8     BNE  A:00 X:73 Y:0E P:24 SP:FB
E847  2C 02 20  BIT  A:00 X:73 Y:0E P:24 SP:FB
E84A  30 06     BMI  A:00 X:73 Y:0E P:26 SP:FB
E84C  CA        DEX  A:00 X:73 Y:0E P:26 SP:FB
E84D  D0 F8     BNE  A:00 X:72 Y:0E P:24 SP:FB
E847  2C 02 20  BIT  A:00 X:72 Y:0E P:24 SP:FB
E84A  30 06     BMI  A:00 X:72 Y:0E P:26 SP:FB
E84C  CA        DEX  A:00 X:72 Y:0E P:26 SP:FB
E84D  D0 F8     BNE  A:00 X:71 Y:0E P:24 SP:FB
E847  2C 02 20  BIT  A:00 X:71 Y:0E P:24 SP:FB
E84A  30 06     BMI  A:00 X:71 Y:0E P:26 SP:FB
E84C  CA        DEX  A:00 X:71 Y:0E P:26 SP:FB
E84D  D0 F8     BNE  A:00 X:70 Y:0E P:24 SP:FB
E847  2C 02 20  BIT  A:00 X:70 Y:0E P:24 SP:FB
E84A  30 06     BMI  A:00 X:70 Y:0E P:26 SP:FB
E84C  CA        DEX  A:00 X:70 Y:0E P:26 SP:FB
E84D  D0 F8     BNE  A:00 X:6F Y:0E P:24 SP:FB
E847  2C 02 20  BIT  A:00 X:6F Y:0E P:24 SP:FB
E84A  30 06     BMI  A:00 X:6F Y:0E P:26 SP:FB
E84C  CA        DEX  A:00 X:6F Y:0E P:26 SP:FB
E84D  D0 F8     BNE  A:00 X:6E Y:0E P:24 SP:FB
E847  2C 02 20  BIT  A:00 X:6E Y:0E P:24 SP:FB
E84A  30 06     BMI  A:00 X:6E Y:0E P:26 SP:FB
E84C  CA        DEX  A:00 X:6E Y:0E P:26 SP:FB
E84D  D0 F8     BNE  A:00 X:6D Y:0E P:24 SP:FB
E847  2C 02 20  BIT  A:00 X:6D Y:0E P:24 SP:FB
E84A  30 06     BMI  A:00 X:6D Y:0E P:26 SP:FB
E84C  CA        DEX  A:00 X:6D Y:0E P:26 SP:FB
E84D  D0 F8     BNE  A:00 X:6C Y:0E P:24 SP:FB
E847  2C 02 20  BIT  A:00 X:6C Y:0E P:24 SP:FB
E84A  30 06     BMI  A:00 X:6C Y:0E P:26 SP:FB
E84C  CA        DEX  A:00 X:6C Y:0E P:26 SP:FB
E84D  D0 F8     BNE  A:00 X:6B Y:0E P:24 SP:FB
E847  2C 02 20  BIT  A:00 X:6B Y:0E P:24 SP:FB
E84A  30 06     BMI  A:00 X:6B Y:0E P:26 SP:FB
E84C  CA        DEX  A:00 X:6B Y:0E P:26 SP:FB
E84D  D0 F8     BNE  A:00 X:6A Y:0E P:24 SP:FB
E847  2C 02 20  BIT  A:00 X:6A Y:0E P:24 SP:FB
E84A  30 06     BMI  A:00 X:6A Y:0E P:26 SP:FB
E84C  CA        DEX  A:00 X:6A Y:0E P:26 SP:FB
E84D  D0 F8     BNE  A:00 X:69 Y:0E P:24 SP:FB
E847  2C 02 20  BIT  A:00 X:69 Y:0E P:24 SP:FB
E84A  30 06     BMI  A:00 X:69 Y:0E P:26 SP:FB
E84C  CA        DEX  A:00 X:69 Y:0E P:26 SP:FB
E84D  D0 F8     BNE  A:00 X:68 Y:0E P:24 SP:FB
E847  2C 02 20  BIT  A:00 X:68 Y:0E P:24 SP:FB
E84A  30 06     BMI  A:00 X:68 Y:0E P:26 SP:FB
E84C  CA        DEX  A:00 X:68 Y:0E P:26 SP:FB
E84D  D0 F8     BNE  A:00 X:67 Y:0E P:24 SP:FB
E847  2C 02 20  BIT  A:00 X:67 Y:0E P:24 SP:FB
E84A  30 06     BMI  A:00 X:67 Y:0E P:26 SP:FB
E84C  CA        DEX  A:00 X:67 Y:0E P:26 SP:FB
E84D  D0 F8     BNE  A:00 X:66 Y:0E P:24 SP:FB
E847  2C 02 20  BIT  A:00 X:66 Y:0E P:24 SP:FB
E84A  30 06     BMI  A:00 X:66 Y:0E P:26 SP:FB
E84C  CA        DEX  A:00 X:66 Y:0E P:26 SP:FB
E84D  D0 F8     BNE  A:00 X:65 Y:0E P:24 SP:FB
E847  2C 02 20  BIT  A:00 X:65 Y:0E P:24 SP:FB
E84A  30 06     BMI  A:00 X:65 Y:0E P:26 SP:FB
E84C  CA        DEX  A:00 X:65 Y:0E P:26 SP:FB
E84D  D0 F8     BNE  A:00 X:64 Y:0E P:24 SP:FB
E847  2C 02 20  BIT  A:00 X:64 Y:0E P:24 SP:FB
E84A  30 06     BMI  A:00 X:64 Y:0E P:26 SP:FB
E84C  CA        DEX  A:00 X:64 Y:0E P:26 SP:FB
E84D  D0 F8     BNE  A:00 X:63 Y:0E P:24 SP:FB
E847  2C 02 20  BIT  A:00 X:63 Y:0E P:24 SP:FB
E84A  30 06     BMI  A:00 X:63 Y:0E P:26 SP:FB
E84C  CA        DEX  A:00 X:63 Y:0E P:26 SP:FB
E84D  D0 F8     BNE  A:00 X:62 Y:0E P:24 SP:FB
E847  2C 02 20  BIT  A:00 X:62 Y:0E P:24 SP:FB
E84A  30 06     BMI  A:00 X:62 Y:0E P:26 SP:FB
E84C  CA        DEX  A:00 X:62 Y:0E P:26 SP:FB
E84D  D0 F8     BNE  A:00 X:61 Y:0E P:24 SP:FB
E847  2C 02 20  BIT  A:00 X:61 Y:0E P:24 SP:FB
E84A  30 06     BMI  A:00 X:61 Y:0E P:26 SP:FB
E84C  CA        DEX  A:00 X:61 Y:0E P:26 SP:FB
E84D  D0 F8     BNE  A:00 X:60 Y:0E P:24 SP:FB
E847  2C 02 20  BIT  A:00 X:60 Y:0E P:24 SP:FB
E84A  30 06     BMI  A:00 X:60 Y:0E P:26 SP:FB
E84C  CA        DEX  A:00 X:60 Y:0E P:26 SP:FB
E84D  D0 F8     BNE  A:00 X:5F Y:0E P:24 SP:FB
E847  2C 02 20  BIT  A:00 X:5F Y:0E P:24 SP:FB
E84A  30 06     BMI  A:00 X:5F Y:0E P:26 SP:FB
E84C  CA        DEX  A:00 X:5F Y:0E P:26 SP:FB
E84D  D0 F8     BNE  A:00 X:5E Y:0E P:24 SP:FB
E847  2C 02 20  BIT  A:00 X:5E Y:0E P:24 SP:FB
E84A  30 06     BMI  A:00 X:5E Y:0E P:26 SP:FB
E84C  CA        DEX  A:00 X:5E Y:0E P:26 SP:FB
E84D  D0 F8     BNE  A:00 X:5D Y:0E P:24 SP:FB
E847  2C 02 20  BIT  A:00 X:5D Y:0E P:24 SP:FB
E84A  30 06     BMI  A:00 X:5D Y:0E P:26 SP:FB
E84C  CA        DEX  A:00 X:5D Y:0E P:26 SP:FB
E84D  D0 F8     BNE  A:00 X:5C Y:0E P:24 SP:FB
E847  2C 02 20  BIT  A:00 X:5C Y:0E P:24 SP:FB
E84A  30 06     BMI  A:00 X:5C Y:0E P:26 SP:FB
E84C  CA        DEX  A:00 X:5C Y:0E P:26 SP:FB
E84D  D0 F8     BNE  A:00 X:5B Y:0E P:24 SP:FB
E847  2C 02 20  BIT  A:00 X:5B Y:0E P:24 SP:FB
E84A  30 06     BMI  A:00 X:5B Y:0E P:26 SP:FB
E84C  CA        DEX  A:00 X:5B Y:0E P:26 SP:FB
E84D  D0 F8     BNE  A:00 X:5A Y:0E P:24 SP:FB
E847  2C 02 20  BIT  A:00 X:5A Y:0E P:24 SP:FB
E84A  30 06     BMI  A:00 X:5A Y:0E P:26 SP:FB
E84C  CA        DEX  A:00 X:5A Y:0E P:26 SP:FB
E84D  D0 F8     BNE  A:00 X:59 Y:0E P:24 SP:FB
E847  2C 02 20  BIT  A:00 X:59 Y:0E P:24 SP:FB
E84A  30 06     BMI  A:00 X:59 Y:0E P:26 SP:FB
E84C  CA        DEX  A:00 X:59 Y:0E P:26 SP:FB
E84D  D0 F8     BNE  A:00 X:58 Y:0E P:24 SP:FB
E847  2C 02 20  BIT  A:00 X:58 Y:0E P:24 SP:FB
E84A  30 06     BMI  A:00 X:58 Y:0E P:26 SP:FB
E84C  CA        DEX  A:00 X:58 Y:0E P:26 SP:FB
E84D  D0 F8     BNE  A:00 X:57 Y:0E P:24 SP:FB
E847  2C 02 20  BIT  A:00 X:57 Y:0E P:24 SP:FB
E84A  30 06     BMI  A:00 X:57 Y:0E P:26 SP:FB
E84C  CA        DEX  A:00 X:57 Y:0E P:26 SP:FB
E84D  D0 F8     BNE  A:00 X:56 Y:0E P:24 SP:FB
E847  2C 02 20  BIT  A:00 X:56 Y:0E P:24 SP:FB
E84A  30 06     BMI  A:00 X:56 Y:0E P:26 SP:FB
E84C  CA        DEX  A:00 X:56 Y:0E P:26 SP:FB
E84D  D0 F8     BNE  A:00 X:55 Y:0E P:24 SP:FB
E847  2C 02 20  BIT  A:00 X:55 Y:0E P:24 SP:FB
E84A  30 06     BMI  A:00 X:55 Y:0E P:26 SP:FB
E84C  CA        DEX  A:00 X:55 Y:0E P:26 SP:FB
E84D  D0 F8     BNE  A:00 X:54 Y:0E P:24 SP:FB
E847  2C 02 20  BIT  A:00 X:54 Y:0E P:24 SP:FB
E84A  30 06     BMI  A:00 X:54 Y:0E P:26 SP:FB
E84C  CA        DEX  A:00 X:54 Y:0E P:26 SP:FB
E84D  D0 F8     BNE  A:00 X:53 Y:0E P:24 SP:FB
E847  2C 02 20  BIT  A:00 X:53 Y:0E P:24 SP:FB
E84A  30 06     BMI  A:00 X:53 Y:0E P:26 SP:FB
E84C  CA        DEX  A:00 X:53 Y:0E P:26 SP:FB
E84D  D0 F8     BNE  A:00 X:52 Y:0E P:24 SP:FB
E847  2C 02 20  BIT  A:00 X:52 Y:0E P:24 SP:FB
E84A  30 06     BMI  A:00 X:52 Y:0E P:26 SP:FB
E84C  CA        DEX  A:00 X:52 Y:0E P:26 SP:FB
E84D  D0 F8     BNE  A:00 X:51 Y:0E P:24 SP:FB
E847  2C 02 20  BIT  A:00 X:51 Y:0E P:24 SP:FB
E84A  30 06     BMI  A:00 X:51 Y:0E P:26 SP:FB
E84C  CA        DEX  A:00 X:51 Y:0E P:26 SP:FB
E84D  D0 F8     BNE  A:00 X:50 Y:0E P:24 SP:FB
E847  2C 02 20  BIT  A:00 X:50 Y:0E P:24 SP:FB
E84A  30 06     BMI  A:00 X:50 Y:0E P:26 SP:FB
E84C  CA        DEX  A:00 X:50 Y:0E P:26 SP:FB
E84D  D0 F8     BNE  A:00 X:4F Y:0E P:24 SP:FB
E847  2C 02 20  BIT  A:00 X:4F Y:0E P:24 SP:FB
E84A  30 06     BMI  A:00 X:4F Y:0E P:26 SP:FB
E84C  CA        DEX  A:00 X:4F Y:0E P:26 SP:FB
E84D  D0 F8     BNE  A:00 X:4E Y:0E P:24 SP:FB
E847  2C 02 20  BIT  A:00 X:4E Y:0E P:24 SP:FB
E84A  30 06     BMI  A:00 X:4E Y:0E P:26 SP:FB
E84C  CA        DEX  A:00 X:4E Y:0E P:26 SP:FB
E84D  D0 F8     BNE  A:00 X:4D Y:0E P:24 SP:FB
E847  2C 02 20  BIT  A:00 X:4D Y:0E P:24 SP:FB
E84A  30 06     BMI  A:00 X:4D Y:0E P:26 SP:FB
E84C  CA        DEX  A:00 X:4D Y:0E P:26 SP:FB
E84D  D0 F8     BNE  A:00 X:4C Y:0E P:24 SP:FB
E847  2C 02 20  BIT  A:00 X:4C Y:0E P:24 SP:FB
E84A  30 06     BMI  A:00 X:4C Y:0E P:26 SP:FB
E84C  CA        DEX  A:00 X:4C Y:0E P:26 SP:FB
E84D  D0 F8     BNE  A:00 X:4B Y:0E P:24 SP:FB
E847  2C 02 20  BIT  A:00 X:4B Y:0E P:24 SP:FB
E84A  30 06     BMI  A:00 X:4B Y:0E P:26 SP:FB
E84C  CA        DEX  A:00 X:4B Y:0E P:26 SP:FB
E84D  D0 F8     BNE  A:00 X:4A Y:0E P:24 SP:FB
E847  2C 02 20  BIT  A:00 X:4A Y:0E P:24 SP:FB
E84A  30 06     BMI  A:00 X:4A Y:0E P:26 SP:FB
E84C  CA        DEX  A:00 X:4A Y:0E P:26 SP:FB
E84D  D0 F8     BNE  A:00 X:49 Y:0E P:24 SP:FB
E847  2C 02 20  BIT  A:00 X:49 Y:0E P:24 SP:FB
E84A  30 06     BMI  A:00 X:49 Y:0E P:26 SP:FB
E84C  CA        DEX  A:00 X:49 Y:0E P:26 SP:FB
E84D  D0 F8     BNE  A:00 X:48 Y:0E P:24 SP:FB
E847  2C 02 20  BIT  A:00 X:48 Y:0E P:24 SP:FB
E84A  30 06     BMI  A:00 X:48 Y:0E P:26 SP:FB
E84C  CA        DEX  A:00 X:48 Y:0E P:26 SP:FB
E84D  D0 F8     BNE  A:00 X:47 Y:0E P:24 SP:FB
E847  2C 02 20  BIT  A:00 X:47 Y:0E P:24 SP:FB
E84A  30 06     BMI  A:00 X:47 Y:0E P:26 SP:FB
E84C  CA        DEX  A:00 X:47 Y:0E P:26 SP:FB
E84D  D0 F8     BNE  A:00 X:46 Y:0E P:24 SP:FB
E847  2C 02 20  BIT  A:00 X:46 Y:0E P:24 SP:FB
E84A  30 06     BMI  A:00 X:46 Y:0E P:26 SP:FB
E84C  CA        DEX  A:00 X:46 Y:0E P:26 SP:FB
E84D  D0 F8     BNE  A:00 X:45 Y:0E P:24 SP:FB
E847  2C 02 20  BIT  A:00 X:45 Y:0E P:24 SP:FB
E84A  30 06     BMI  A:00 X:45 Y:0E P:26 SP:FB
E84C  CA        DEX  A:00 X:45 Y:0E P:26 SP:FB
E84D  D0 F8     BNE  A:00 X:44 Y:0E P:24 SP:FB
E847  2C 02 20  BIT  A:00 X:44 Y:0E P:24 SP:FB
E84A  30 06     BMI  A:00 X:44 Y:0E P:26 SP:FB
E84C  CA        DEX  A:00 X:44 Y:0E P:26 SP:FB
E84D  D0 F8     BNE  A:00 X:43 Y:0E P:24 SP:FB
E847  2C 02 20  BIT  A:00 X:43 Y:0E P:24 SP:FB
E84A  30 06     BMI  A:00 X:43 Y:0E P:26 SP:FB
E84C  CA        DEX  A:00 X:43 Y:0E P:26 SP:FB
E84D  D0 F8     BNE  A:00 X:42 Y:0E P:24 SP:FB
E847  2C 02 20  BIT  A:00 X:42 Y:0E P:24 SP:FB
E84A  30 06     BMI  A:00 X:42 Y:0E P:26 SP:FB
E84C  CA        DEX  A:00 X:42 Y:0E P:26 SP:FB
E84D  D0 F8     BNE  A:00 X:41 Y:0E P:24 SP:FB
E847  2C 02 20  BIT  A:00 X:41 Y:0E P:24 SP:FB
E84A  30 06     BMI  A:00 X:41 Y:0E P:26 SP:FB
E84C  CA        DEX  A:00 X:41 Y:0E P:26 SP:FB
E84D  D0 F8     BNE  A:00 X:40 Y:0E P:24 SP:FB
E847  2C 02 20  BIT  A:00 X:40 Y:0E P:24 SP:FB
E84A  30 06     BMI  A:00 X:40 Y:0E P:26 SP:FB
E84C  CA        DEX  A:00 X:40 Y:0E P:26 SP:FB
E84D  D0 F8     BNE  A:00 X:3F Y:0E P:24 SP:FB
E847  2C 02 20  BIT  A:00 X:3F Y:0E P:24 SP:FB
E84A  30 06     BMI  A:00 X:3F Y:0E P:26 SP:FB
E84C  CA        DEX  A:00 X:3F Y:0E P:26 SP:FB
E84D  D0 F8     BNE  A:00 X:3E Y:0E P:24 SP:FB
E847  2C 02 20  BIT  A:00 X:3E Y:0E P:24 SP:FB
E84A  30 06     BMI  A:00 X:3E Y:0E P:26 SP:FB
E84C  CA        DEX  A:00 X:3E Y:0E P:26 SP:FB
E84D  D0 F8     BNE  A:00 X:3D Y:0E P:24 SP:FB
E847  2C 02 20  BIT  A:00 X:3D Y:0E P:24 SP:FB
E84A  30 06     BMI  A:00 X:3D Y:0E P:26 SP:FB
E84C  CA        DEX  A:00 X:3D Y:0E P:26 SP:FB
E84D  D0 F8     BNE  A:00 X:3C Y:0E P:24 SP:FB
E847  2C 02 20  BIT  A:00 X:3C Y:0E P:24 SP:FB
E84A  30 06     BMI  A:00 X:3C Y:0E P:26 SP:FB
E84C  CA        DEX  A:00 X:3C Y:0E P:26 SP:FB
E84D  D0 F8     BNE  A:00 X:3B Y:0E P:24 SP:FB
E847  2C 02 20  BIT  A:00 X:3B Y:0E P:24 SP:FB
E84A  30 06     BMI  A:00 X:3B Y:0E P:26 SP:FB
E84C  CA        DEX  A:00 X:3B Y:0E P:26 SP:FB
E84D  D0 F8     BNE  A:00 X:3A Y:0E P:24 SP:FB
E847  2C 02 20  BIT  A:00 X:3A Y:0E P:24 SP:FB
E84A  30 06     BMI  A:00 X:3A Y:0E P:26 SP:FB
E84C  CA        DEX  A:00 X:3A Y:0E P:26 SP:FB
E84D  D0 F8     BNE  A:00 X:39 Y:0E P:24 SP:FB
E847  2C 02 20  BIT  A:00 X:39 Y:0E P:24 SP:FB
E84A  30 06     BMI  A:00 X:39 Y:0E P:26 SP:FB
E84C  CA        DEX  A:00 X:39 Y:0E P:26 SP:FB
E84D  D0 F8     BNE  A:00 X:38 Y:0E P:24 SP:FB
E847  2C 02 20  BIT  A:00 X:38 Y:0E P:24 SP:FB
E84A  30 06     BMI  A:00 X:38 Y:0E P:26 SP:FB
E84C  CA        DEX  A:00 X:38 Y:0E P:26 SP:FB
E84D  D0 F8     BNE  A:00 X:37 Y:0E P:24 SP:FB
E847  2C 02 20  BIT  A:00 X:37 Y:0E P:24 SP:FB
E84A  30 06     BMI  A:00 X:37 Y:0E P:26 SP:FB
E84C  CA        DEX  A:00 X:37 Y:0E P:26 SP:FB
E84D  D0 F8     BNE  A:00 X:36 Y:0E P:24 SP:FB
E847  2C 02 20  BIT  A:00 X:36 Y:0E P:24 SP:FB
E84A  30 06     BMI  A:00 X:36 Y:0E P:26 SP:FB
E84C  CA        DEX  A:00 X:36 Y:0E P:26 SP:FB
E84D  D0 F8     BNE  A:00 X:35 Y:0E P:24 SP:FB
E847  2C 02 20  BIT  A:00 X:35 Y:0E P:24 SP:FB
E84A  30 06     BMI  A:00 X:35 Y:0E P:26 SP:FB
E84C  CA        DEX  A:00 X:35 Y:0E P:26 SP:FB
E84D  D0 F8     BNE  A:00 X:34 Y:0E P:24 SP:FB
E847  2C 02 20  BIT  A:00 X:34 Y:0E P:24 SP:FB
E84A  30 06     BMI  A:00 X:34 Y:0E P:26 SP:FB
E84C  CA        DEX  A:00 X:34 Y:0E P:26 SP:FB
E84D  D0 F8     BNE  A:00 X:33 Y:0E P:24 SP:FB
E847  2C 02 20  BIT  A:00 X:33 Y:0E P:24 SP:FB
E84A  30 06     BMI  A:00 X:33 Y:0E P:26 SP:FB
E84C  CA        DEX  A:00 X:33 Y:0E P:26 SP:FB
E84D  D0 F8     BNE  A:00 X:32 Y:0E P:24 SP:FB
E847  2C 02 20  BIT  A:00 X:32 Y:0E P:24 SP:FB
E84A  30 06     BMI  A:00 X:32 Y:0E P:26 SP:FB
E84C  CA        DEX  A:00 X:32 Y:0E P:26 SP:FB
E84D  D0 F8     BNE  A:00 X:31 Y:0E P:24 SP:FB
E847  2C 02 20  BIT  A:00 X:31 Y:0E P:24 SP:FB
E84A  30 06     BMI  A:00 X:31 Y:0E P:26 SP:FB
E84C  CA        DEX  A:00 X:31 Y:0E P:26 SP:FB
E84D  D0 F8     BNE  A:00 X:30 Y:0E P:24 SP:FB
E847  2C 02 20  BIT  A:00 X:30 Y:0E P:24 SP:FB
E84A  30 06     BMI  A:00 X:30 Y:0E P:26 SP:FB
E84C  CA        DEX  A:00 X:30 Y:0E P:26 SP:FB
E84D  D0 F8     BNE  A:00 X:2F Y:0E P:24 SP:FB
E847  2C 02 20  BIT  A:00 X:2F Y:0E P:24 SP:FB
E84A  30 06     BMI  A:00 X:2F Y:0E P:26 SP:FB
E84C  CA        DEX  A:00 X:2F Y:0E P:26 SP:FB
E84D  D0 F8     BNE  A:00 X:2E Y:0E P:24 SP:FB
E847  2C 02 20  BIT  A:00 X:2E Y:0E P:24 SP:FB
E84A  30 06     BMI  A:00 X:2E Y:0E P:26 SP:FB
E84C  CA        DEX  A:00 X:2E Y:0E P:26 SP:FB
E84D  D0 F8     BNE  A:00 X:2D Y:0E P:24 SP:FB
E847  2C 02 20  BIT  A:00 X:2D Y:0E P:24 SP:FB
E84A  30 06     BMI  A:00 X:2D Y:0E P:26 SP:FB
E84C  CA        DEX  A:00 X:2D Y:0E P:26 SP:FB
E84D  D0 F8     BNE  A:00 X:2C Y:0E P:24 SP:FB
E847  2C 02 20  BIT  A:00 X:2C Y:0E P:24 SP:FB
E84A  30 06     BMI  A:00 X:2C Y:0E P:26 SP:FB
E84C  CA        DEX  A:00 X:2C Y:0E P:26 SP:FB
E84D  D0 F8     BNE  A:00 X:2B Y:0E P:24 SP:FB
E847  2C 02 20  BIT  A:00 X:2B Y:0E P:24 SP:FB
E84A  30 06     BMI  A:00 X:2B Y:0E P:26 SP:FB
E84C  CA        DEX  A:00 X:2B Y:0E P:26 SP:FB
E84D  D0 F8     BNE  A:00 X:2A Y:0E P:24 SP:FB
E847  2C 02 20  BIT  A:00 X:2A Y:0E P:24 SP:FB
E84A  30 06     BMI  A:00 X:2A Y:0E P:26 SP:FB
E84C  CA        DEX  A:00 X:2A Y:0E P:26 SP:FB
E84D  D0 F8     BNE  A:00 X:29 Y:0E P:24 SP:FB
E847  2C 02 20  BIT  A:00 X:29 Y:0E P:24 SP:FB
E84A  30 06     BMI  A:00 X:29 Y:0E P:26 SP:FB
E84C  CA        DEX  A:00 X:29 Y:0E P:26 SP:FB
E84D  D0 F8     BNE  A:00 X:28 Y:0E P:24 SP:FB
E847  2C 02 20  BIT  A:00 X:28 Y:0E P:24 SP:FB
E84A  30 06     BMI  A:00 X:28 Y:0E P:26 SP:FB
E84C  CA        DEX  A:00 X:28 Y:0E P:26 SP:FB
E84D  D0 F8     BNE  A:00 X:27 Y:0E P:24 SP:FB
E847  2C 02 20  BIT  A:00 X:27 Y:0E P:24 SP:FB
E84A  30 06     BMI  A:00 X:27 Y:0E P:26 SP:FB
E84C  CA        DEX  A:00 X:27 Y:0E P:26 SP:FB
E84D  D0 F8     BNE  A:00 X:26 Y:0E P:24 SP:FB
E847  2C 02 20  BIT  A:00 X:26 Y:0E P:24 SP:FB
E84A  30 06     BMI  A:00 X:26 Y:0E P:26 SP:FB
E84C  CA        DEX  A:00 X:26 Y:0E P:26 SP:FB
E84D  D0 F8     BNE  A:00 X:25 Y:0E P:24 SP:FB
E847  2C 02 20  BIT  A:00 X:25 Y:0E P:24 SP:FB
E84A  30 06     BMI  A:00 X:25 Y:0E P:26 SP:FB
E84C  CA        DEX  A:00 X:25 Y:0E P:26 SP:FB
E84D  D0 F8     BNE  A:00 X:24 Y:0E P:24 SP:FB
E847  2C 02 20  BIT  A:00 X:24 Y:0E P:24 SP:FB
E84A  30 06     BMI  A:00 X:24 Y:0E P:26 SP:FB
E84C  CA        DEX  A:00 X:24 Y:0E P:26 SP:FB
E84D  D0 F8     BNE  A:00 X:23 Y:0E P:24 SP:FB
E847  2C 02 20  BIT  A:00 X:23 Y:0E P:24 SP:FB
E84A  30 06     BMI  A:00 X:23 Y:0E P:26 SP:FB
E84C  CA        DEX  A:00 X:23 Y:0E P:26 SP:FB
E84D  D0 F8     BNE  A:00 X:22 Y:0E P:24 SP:FB
E847  2C 02 20  BIT  A:00 X:22 Y:0E P:24 SP:FB
E84A  30 06     BMI  A:00 X:22 Y:0E P:26 SP:FB
E84C  CA        DEX  A:00 X:22 Y:0E P:26 SP:FB
E84D  D0 F8     BNE  A:00 X:21 Y:0E P:24 SP:FB
E847  2C 02 20  BIT  A:00 X:21 Y:0E P:24 SP:FB
E84A  30 06     BMI  A:00 X:21 Y:0E P:26 SP:FB
E84C  CA        DEX  A:00 X:21 Y:0E P:26 SP:FB
E84D  D0 F8     BNE  A:00 X:20 Y:0E P:24 SP:FB
E847  2C 02 20  BIT  A:00 X:20 Y:0E P:24 SP:FB
E84A  30 06     BMI  A:00 X:20 Y:0E P:26 SP:FB
E84C  CA        DEX  A:00 X:20 Y:0E P:26 SP:FB
E84D  D0 F8     BNE  A:00 X:1F Y:0E P:24 SP:FB
E847  2C 02 20  BIT  A:00 X:1F Y:0E P:24 SP:FB
E84A  30 06     BMI  A:00 X:1F Y:0E P:26 SP:FB
E84C  CA        DEX  A:00 X:1F Y:0E P:26 SP:FB
E84D  D0 F8     BNE  A:00 X:1E Y:0E P:24 SP:FB
E847  2C 02 20  BIT  A:00 X:1E Y:0E P:24 SP:FB
E84A  30 06     BMI  A:00 X:1E Y:0E P:26 SP:FB
E84C  CA        DEX  A:00 X:1E Y:0E P:26 SP:FB
E84D  D0 F8     BNE  A:00 X:1D Y:0E P:24 SP:FB
E847  2C 02 20  BIT  A:00 X:1D Y:0E P:24 SP:FB
E84A  30 06     BMI  A:00 X:1D Y:0E P:26 SP:FB
E84C  CA        DEX  A:00 X:1D Y:0E P:26 SP:FB
E84D  D0 F8     BNE  A:00 X:1C Y:0E P:24 SP:FB
E847  2C 02 20  BIT  A:00 X:1C Y:0E P:24 SP:FB
E84A  30 06     BMI  A:00 X:1C Y:0E P:26 SP:FB
E84C  CA        DEX  A:00 X:1C Y:0E P:26 SP:FB
E84D  D0 F8     BNE  A:00 X:1B Y:0E P:24 SP:FB
E847  2C 02 20  BIT  A:00 X:1B Y:0E P:24 SP:FB
E84A  30 06     BMI  A:00 X:1B Y:0E P:26 SP:FB
E84C  CA        DEX  A:00 X:1B Y:0E P:26 SP:FB
E84D  D0 F8     BNE  A:00 X:1A Y:0E P:24 SP:FB
E847  2C 02 20  BIT  A:00 X:1A Y:0E P:24 SP:FB
E84A  30 06     BMI  A:00 X:1A Y:0E P:26 SP:FB
E84C  CA        DEX  A:00 X:1A Y:0E P:26 SP:FB
E84D  D0 F8     BNE  A:00 X:19 Y:0E P:24 SP:FB
E847  2C 02 20  BIT  A:00 X:19 Y:0E P:24 SP:FB
E84A  30 06     BMI  A:00 X:19 Y:0E P:26 SP:FB
E84C  CA        DEX  A:00 X:19 Y:0E P:26 SP:FB
E84D  D0 F8     BNE  A:00 X:18 Y:0E P:24 SP:FB
E847  2C 02 20  BIT  A:00 X:18 Y:0E P:24 SP:FB
E84A  30 06     BMI  A:00 X:18 Y:0E P:26 SP:FB
E84C  CA        DEX  A:00 X:18 Y:0E P:26 SP:FB
E84D  D0 F8     BNE  A:00 X:17 Y:0E P:24 SP:FB
E847  2C 02 20  BIT  A:00 X:17 Y:0E P:24 SP:FB
E84A  30 06     BMI  A:00 X:17 Y:0E P:26 SP:FB
E84C  CA        DEX  A:00 X:17 Y:0E P:26 SP:FB
E84D  D0 F8     BNE  A:00 X:16 Y:0E P:24 SP:FB
E847  2C 02 20  BIT  A:00 X:16 Y:0E P:24 SP:FB
E84A  30 06     BMI  A:00 X:16 Y:0E P:26 SP:FB
E84C  CA        DEX  A:00 X:16 Y:0E P:26 SP:FB
E84D  D0 F8     BNE  A:00 X:15 Y:0E P:24 SP:FB
E847  2C 02 20  BIT  A:00 X:15 Y:0E P:24 SP:FB
E84A  30 06     BMI  A:00 X:15 Y:0E P:26 SP:FB
E84C  CA        DEX  A:00 X:15 Y:0E P:26 SP:FB
E84D  D0 F8     BNE  A:00 X:14 Y:0E P:24 SP:FB
E847  2C 02 20  BIT  A:00 X:14 Y:0E P:24 SP:FB
E84A  30 06     BMI  A:00 X:14 Y:0E P:26 SP:FB
E84C  CA        DEX  A:00 X:14 Y:0E P:26 SP:FB
E84D  D0 F8     BNE  A:00 X:13 Y:0E P:24 SP:FB
E847  2C 02 20  BIT  A:00 X:13 Y:0E P:24 SP:FB
E84A  30 06     BMI  A:00 X:13 Y:0E P:26 SP:FB
E84C  CA        DEX  A:00 X:13 Y:0E P:26 SP:FB
E84D  D0 F8     BNE  A:00 X:12 Y:0E P:24 SP:FB
E847  2C 02 20  BIT  A:00 X:12 Y:0E P:24 SP:FB
E84A  30 06     BMI  A:00 X:12 Y:0E P:26 SP:FB
E84C  CA        DEX  A:00 X:12 Y:0E P:26 SP:FB
E84D  D0 F8     BNE  A:00 X:11 Y:0E P:24 SP:FB
E847  2C 02 20  BIT  A:00 X:11 Y:0E P:24 SP:FB
E84A  30 06     BMI  A:00 X:11 Y:0E P:26 SP:FB
E84C  CA        DEX  A:00 X:11 Y:0E P:26 SP:FB
E84D  D0 F8     BNE  A:00 X:10 Y:0E P:24 SP:FB
E847  2C 02 20  BIT  A:00 X:10 Y:0E P:24 SP:FB
E84A  30 06     BMI  A:00 X:10 Y:0E P:26 SP:FB
E84C  CA        DEX  A:00 X:10 Y:0E P:26 SP:FB
E84D  D0 F8     BNE  A:00 X:0F Y:0E P:24 SP:FB
E847  2C 02 20  BIT  A:00 X:0F Y:0E P:24 SP:FB
E84A  30 06     BMI  A:00 X:0F Y:0E P:26 SP:FB
E84C  CA        DEX  A:00 X:0F Y:0E P:26 SP:FB
E84D  D0 F8     BNE  A:00 X:0E Y:0E P:24 SP:FB
E847  2C 02 20  BIT  A:00 X:0E Y:0E P:24 SP:FB
E84A  30 06     BMI  A:00 X:0E Y:0E P:26 SP:FB
E84C  CA        DEX  A:00 X:0E Y:0E P:26 SP:FB
E84D  D0 F8     BNE  A:00 X:0D Y:0E P:24 SP:FB
E847  2C 02 20  BIT  A:00 X:0D Y:0E P:24 SP:FB
E84A  30 06     BMI  A:00 X:0D Y:0E P:26 SP:FB
E84C  CA        DEX  A:00 X:0D Y:0E P:26 SP:FB
E84D  D0 F8     BNE  A:00 X:0C Y:0E P:24 SP:FB
E847  2C 02 20  BIT  A:00 X:0C Y:0E P:24 SP:FB
E84A  30 06     BMI  A:00 X:0C Y:0E P:26 SP:FB
E84C  CA        DEX  A:00 X:0C Y:0E P:26 SP:FB
E84D  D0 F8     BNE  A:00 X:0B Y:0E P:24 SP:FB
E847  2C 02 20  BIT  A:00 X:0B Y:0E P:24 SP:FB
E84A  30 06     BMI  A:00 X:0B Y:0E P:26 SP:FB
E84C  CA        DEX  A:00 X:0B Y:0E P:26 SP:FB
E84D  D0 F8     BNE  A:00 X:0A Y:0E P:24 SP:FB
E847  2C 02 20  BIT  A:00 X:0A Y:0E P:24 SP:FB
E84A  30 06     BMI  A:00 X:0A Y:0E P:26 SP:FB
E84C  CA        DEX  A:00 X:0A Y:0E P:26 SP:FB
E84D  D0 F8     BNE  A:00 X:09 Y:0E P:24 SP:FB
E847  2C 02 20  BIT  A:00 X:09 Y:0E P:24 SP:FB
E84A  30 06     BMI  A:00 X:09 Y:0E P:26 SP:FB
E84C  CA        DEX  A:00 X:09 Y:0E P:26 SP:FB
E84D  D0 F8     BNE  A:00 X:08 Y:0E P:24 SP:FB
E847  2C 02 20  BIT  A:00 X:08 Y:0E P:24 SP:FB
E84A  30 06     BMI  A:00 X:08 Y:0E P:26 SP:FB
E84C  CA        DEX  A:00 X:08 Y:0E P:26 SP:FB
E84D  D0 F8     BNE  A:00 X:07 Y:0E P:24 SP:FB
E847  2C 02 20  BIT  A:00 X:07 Y:0E P:24 SP:FB
E84A  30 06     BMI  A:00 X:07 Y:0E P:26 SP:FB
E84C  CA        DEX  A:00 X:07 Y:0E P:26 SP:FB
E84D  D0 F8     BNE  A:00 X:06 Y:0E P:24 SP:FB
E847  2C 02 20  BIT  A:00 X:06 Y:0E P:24 SP:FB
E84A  30 06     BMI  A:00 X:06 Y:0E P:26 SP:FB
E84C  CA        DEX  A:00 X:06 Y:0E P:26 SP:FB
E84D  D0 F8     BNE  A:00 X:05 Y:0E P:24 SP:FB
E847  2C 02 20  BIT  A:00 X:05 Y:0E P:24 SP:FB
E84A  30 06     BMI  A:00 X:05 Y:0E P:26 SP:FB
E84C  CA        DEX  A:00 X:05 Y:0E P:26 SP:FB
E84D  D0 F8     BNE  A:00 X:04 Y:0E P:24 SP:FB
E847  2C 02 20  BIT  A:00 X:04 Y:0E P:24 SP:FB
E84A  30 06     BMI  A:00 X:04 Y:0E P:26 SP:FB
E84C  CA        DEX  A:00 X:04 Y:0E P:26 SP:FB
E84D  D0 F8     BNE  A:00 X:03 Y:0E P:24 SP:FB
E847  2C 02 20  BIT  A:00 X:03 Y:0E P:24 SP:FB
E84A  30 06     BMI  A:00 X:03 Y:0E P:26 SP:FB
E84C  CA        DEX  A:00 X:03 Y:0E P:26 SP:FB
E84D  D0 F8     BNE  A:00 X:02 Y:0E P:24 SP:FB
E847  2C 02 20  BIT  A:00 X:02 Y:0E P:24 SP:FB
E84A  30 06     BMI  A:00 X:02 Y:0E P:26 SP:FB
E84C  CA        DEX  A:00 X:02 Y:0E P:26 SP:FB
E84D  D0 F8     BNE  A:00 X:01 Y:0E P:24 SP:FB
E847  2C 02 20  BIT  A:00 X:01 Y:0E P:24 SP:FB
E84A  30 06     BMI  A:00 X:01 Y:0E P:26 SP:FB
E84C  CA        DEX  A:00 X:01 Y:0E P:26 SP:FB
E84D  D0 F8     BNE  A:00 X:00 Y:0E P:26 SP:FB
E84F  88        DEY  A:00 X:00 Y:0E P:26 SP:FB
E850  10 F5     BPL  A:00 X:00 Y:0D P:24 SP:FB
E847  2C 02 20  BIT  A:00 X:00 Y:0D P:24 SP:FB
E84A  30 06     BMI  A:00 X:00 Y:0D P:26 SP:FB
E84C  CA        DEX  A:00 X:00 Y:0D P:26 SP:FB
E84D  D0 F8     BNE  A:00 X:FF Y:0D P:A4 SP:FB
E847  2C 02 20  BIT  A:00 X:FF Y:0D P:A4 SP:FB
E84A  30 06     BMI  A:00 X:FF Y:0D P:26 SP:FB
E84C  CA        DEX  A:00 X:FF Y:0D P:26 SP:FB
E84D  D0 F8     BNE  A:00 X:FE Y:0D P:A4 SP:FB
E847  2C 02 20  BIT  A:00 X:FE Y:0D P:A4 SP:FB
E84A  30 06     BMI  A:00 X:FE Y:0D P:26 SP:FB
E84C  CA        DEX  A:00 X:FE Y:0D P:26 SP:FB
E84D  D0 F8     BNE  A:00 X:FD Y:0D P:A4 SP:FB
E847  2C 02 20  BIT  A:00 X:FD Y:0D P:A4 SP:FB
E84A  30 06     BMI  A:00 X:FD Y:0D P:26 SP:FB
E84C  CA        DEX  A:00 X:FD Y:0D P:26 SP:FB
E84D  D0 F8     BNE  A:00 X:FC Y:0D P:A4 SP:FB
E847  2C 02 20  BIT  A:00 X:FC Y:0D P:A4 SP:FB
E84A  30 06     BMI  A:00 X:FC Y:0D P:26 SP:FB
E84C  CA        DEX  A:00 X:FC Y:0D P:26 SP:FB
E84D  D0 F8     BNE  A:00 X:FB Y:0D P:A4 SP:FB
E847  2C 02 20  BIT  A:00 X:FB Y:0D P:A4 SP:FB
E84A  30 06     BMI  A:00 X:FB Y:0D P:26 SP:FB
E84C  CA        DEX  A:00 X:FB Y:0D P:26 SP:FB
E84D  D0 F8     BNE  A:00 X:FA Y:0D P:A4 SP:FB
E847  2C 02 20  BIT  A:00 X:FA Y:0D P:A4 SP:FB
E84A  30 06     BMI  A:00 X:FA Y:0D P:26 SP:FB
E84C  CA        DEX  A:00 X:FA Y:0D P:26 SP:FB
E84D  D0 F8     BNE  A:00 X:F9 Y:0D P:A4 SP:FB
E847  2C 02 20  BIT  A:00 X:F9 Y:0D P:A4 SP:FB
E84A  30 06     BMI  A:00 X:F9 Y:0D P:26 SP:FB
E84C  CA        DEX  A:00 X:F9 Y:0D P:26 SP:FB
E84D  D0 F8     BNE  A:00 X:F8 Y:0D P:A4 SP:FB
E847  2C 02 20  BIT  A:00 X:F8 Y:0D P:A4 SP:FB
E84A  30 06     BMI  A:00 X:F8 Y:0D P:26 SP:FB
E84C  CA        DEX  A:00 X:F8 Y:0D P:26 SP:FB
E84D  D0 F8     BNE  A:00 X:F7 Y:0D P:A4 SP:FB
E847  2C 02 20  BIT  A:00 X:F7 Y:0D P:A4 SP:FB
E84A  30 06     BMI  A:00 X:F7 Y:0D P:26 SP:FB
E84C  CA        DEX  A:00 X:F7 Y:0D P:26 SP:FB
E84D  D0 F8     BNE  A:00 X:F6 Y:0D P:A4 SP:FB
E847  2C 02 20  BIT  A:00 X:F6 Y:0D P:A4 SP:FB
E84A  30 06     BMI  A:00 X:F6 Y:0D P:26 SP:FB
E84C  CA        DEX  A:00 X:F6 Y:0D P:26 SP:FB
E84D  D0 F8     BNE  A:00 X:F5 Y:0D P:A4 SP:FB
E847  2C 02 20  BIT  A:00 X:F5 Y:0D P:A4 SP:FB
E84A  30 06     BMI  A:00 X:F5 Y:0D P:26 SP:FB
E84C  CA        DEX  A:00 X:F5 Y:0D P:26 SP:FB
E84D  D0 F8     BNE  A:00 X:F4 Y:0D P:A4 SP:FB
E847  2C 02 20  BIT  A:00 X:F4 Y:0D P:A4 SP:FB
E84A  30 06     BMI  A:00 X:F4 Y:0D P:26 SP:FB
E84C  CA        DEX  A:00 X:F4 Y:0D P:26 SP:FB
E84D  D0 F8     BNE  A:00 X:F3 Y:0D P:A4 SP:FB
E847  2C 02 20  BIT  A:00 X:F3 Y:0D P:A4 SP:FB
E84A  30 06     BMI  A:00 X:F3 Y:0D P:26 SP:FB
E84C  CA        DEX  A:00 X:F3 Y:0D P:26 SP:FB
E84D  D0 F8     BNE  A:00 X:F2 Y:0D P:A4 SP:FB
E847  2C 02 20  BIT  A:00 X:F2 Y:0D P:A4 SP:FB
E84A  30 06     BMI  A:00 X:F2 Y:0D P:26 SP:FB
E84C  CA        DEX  A:00 X:F2 Y:0D P:26 SP:FB
E84D  D0 F8     BNE  A:00 X:F1 Y:0D P:A4 SP:FB
E847  2C 02 20  BIT  A:00 X:F1 Y:0D P:A4 SP:FB
E84A  30 06     BMI  A:00 X:F1 Y:0D P:26 SP:FB
E84C  CA        DEX  A:00 X:F1 Y:0D P:26 SP:FB
E84D  D0 F8     BNE  A:00 X:F0 Y:0D P:A4 SP:FB
E847  2C 02 20  BIT  A:00 X:F0 Y:0D P:A4 SP:FB
E84A  30 06     BMI  A:00 X:F0 Y:0D P:26 SP:FB
E84C  CA        DEX  A:00 X:F0 Y:0D P:26 SP:FB
E84D  D0 F8     BNE  A:00 X:EF Y:0D P:A4 SP:FB
E847  2C 02 20  BIT  A:00 X:EF Y:0D P:A4 SP:FB
E84A  30 06     BMI  A:00 X:EF Y:0D P:26 SP:FB
E84C  CA        DEX  A:00 X:EF Y:0D P:26 SP:FB
E84D  D0 F8     BNE  A:00 X:EE Y:0D P:A4 SP:FB
E847  2C 02 20  BIT  A:00 X:EE Y:0D P:A4 SP:FB
E84A  30 06     BMI  A:00 X:EE Y:0D P:26 SP:FB
E84C  CA        DEX  A:00 X:EE Y:0D P:26 SP:FB
E84D  D0 F8     BNE  A:00 X:ED Y:0D P:A4 SP:FB
E847  2C 02 20  BIT  A:00 X:ED Y:0D P:A4 SP:FB
E84A  30 06     BMI  A:00 X:ED Y:0D P:26 SP:FB
E84C  CA        DEX  A:00 X:ED Y:0D P:26 SP:FB
E84D  D0 F8     BNE  A:00 X:EC Y:0D P:A4 SP:FB
E847  2C 02 20  BIT  A:00 X:EC Y:0D P:A4 SP:FB
E84A  30 06     BMI  A:00 X:EC Y:0D P:26 SP:FB
E84C  CA        DEX  A:00 X:EC Y:0D P:26 SP:FB
E84D  D0 F8     BNE  A:00 X:EB Y:0D P:A4 SP:FB
E847  2C 02 20  BIT  A:00 X:EB Y:0D P:A4 SP:FB
E84A  30 06     BMI  A:00 X:EB Y:0D P:26 SP:FB
E84C  CA        DEX  A:00 X:EB Y:0D P:26 SP:FB
E84D  D0 F8     BNE  A:00 X:EA Y:0D P:A4 SP:FB
E847  2C 02 20  BIT  A:00 X:EA Y:0D P:A4 SP:FB
E84A  30 06     BMI  A:00 X:EA Y:0D P:26 SP:FB
E84C  CA        DEX  A:00 X:EA Y:0D P:26 SP:FB
E84D  D0 F8     BNE  A:00 X:E9 Y:0D P:A4 SP:FB
E847  2C 02 20  BIT  A:00 X:E9 Y:0D P:A4 SP:FB
E84A  30 06     BMI  A:00 X:E9 Y:0D P:26 SP:FB
E84C  CA        DEX  A:00 X:E9 Y:0D P:26 SP:FB
E84D  D0 F8     BNE  A:00 X:E8 Y:0D P:A4 SP:FB
E847  2C 02 20  BIT  A:00 X:E8 Y:0D P:A4 SP:FB
E84A  30 06     BMI  A:00 X:E8 Y:0D P:26 SP:FB
E84C  CA        DEX  A:00 X:E8 Y:0D P:26 SP:FB
E84D  D0 F8     BNE  A:00 X:E7 Y:0D P:A4 SP:FB
E847  2C 02 20  BIT  A:00 X:E7 Y:0D P:A4 SP:FB
E84A  30 06     BMI  A:00 X:E7 Y:0D P:26 SP:FB
E84C  CA        DEX  A:00 X:E7 Y:0D P:26 SP:FB
E84D  D0 F8     BNE  A:00 X:E6 Y:0D P:A4 SP:FB
E847  2C 02 20  BIT  A:00 X:E6 Y:0D P:A4 SP:FB
E84A  30 06     BMI  A:00 X:E6 Y:0D P:26 SP:FB
E84C  CA        DEX  A:00 X:E6 Y:0D P:26 SP:FB
E84D  D0 F8     BNE  A:00 X:E5 Y:0D P:A4 SP:FB
E847  2C 02 20  BIT  A:00 X:E5 Y:0D P:A4 SP:FB
E84A  30 06     BMI  A:00 X:E5 Y:0D P:26 SP:FB
E84C  CA        DEX  A:00 X:E5 Y:0D P:26 SP:FB
E84D  D0 F8     BNE  A:00 X:E4 Y:0D P:A4 SP:FB
E847  2C 02 20  BIT  A:00 X:E4 Y:0D P:A4 SP:FB
E84A  30 06     BMI  A:00 X:E4 Y:0D P:26 SP:FB
E84C  CA        DEX  A:00 X:E4 Y:0D P:26 SP:FB
E84D  D0 F8     BNE  A:00 X:E3 Y:0D P:A4 SP:FB
E847  2C 02 20  BIT  A:00 X:E3 Y:0D P:A4 SP:FB
E84A  30 06     BMI  A:00 X:E3 Y:0D P:26 SP:FB
E84C  CA        DEX  A:00 X:E3 Y:0D P:26 SP:FB
E84D  D0 F8     BNE  A:00 X:E2 Y:0D P:A4 SP:FB
E847  2C 02 20  BIT  A:00 X:E2 Y:0D P:A4 SP:FB
E84A  30 06     BMI  A:00 X:E2 Y:0D P:26 SP:FB
E84C  CA        DEX  A:00 X:E2 Y:0D P:26 SP:FB
E84D  D0 F8     BNE  A:00 X:E1 Y:0D P:A4 SP:FB
E847  2C 02 20  BIT  A:00 X:E1 Y:0D P:A4 SP:FB
E84A  30 06     BMI  A:00 X:E1 Y:0D P:26 SP:FB
E84C  CA        DEX  A:00 X:E1 Y:0D P:26 SP:FB
E84D  D0 F8     BNE  A:00 X:E0 Y:0D P:A4 SP:FB
E847  2C 02 20  BIT  A:00 X:E0 Y:0D P:A4 SP:FB
E84A  30 06     BMI  A:00 X:E0 Y:0D P:26 SP:FB
E84C  CA        DEX  A:00 X:E0 Y:0D P:26 SP:FB
E84D  D0 F8     BNE  A:00 X:DF Y:0D P:A4 SP:FB
E847  2C 02 20  BIT  A:00 X:DF Y:0D P:A4 SP:FB
E84A  30 06     BMI  A:00 X:DF Y:0D P:26 SP:FB
E84C  CA        DEX  A:00 X:DF Y:0D P:26 SP:FB
E84D  D0 F8     BNE  A:00 X:DE Y:0D P:A4 SP:FB
E847  2C 02 20  BIT  A:00 X:DE Y:0D P:A4 SP:FB
E84A  30 06     BMI  A:00 X:DE Y:0D P:26 SP:FB
E84C  CA        DEX  A:00 X:DE Y:0D P:26 SP:FB
E84D  D0 F8     BNE  A:00 X:DD Y:0D P:A4 SP:FB
E847  2C 02 20  BIT  A:00 X:DD Y:0D P:A4 SP:FB
E84A  30 06     BMI  A:00 X:DD Y:0D P:26 SP:FB
E84C  CA        DEX  A:00 X:DD Y:0D P:26 SP:FB
E84D  D0 F8     BNE  A:00 X:DC Y:0D P:A4 SP:FB
E847  2C 02 20  BIT  A:00 X:DC Y:0D P:A4 SP:FB
E84A  30 06     BMI  A:00 X:DC Y:0D P:26 SP:FB
E84C  CA        DEX  A:00 X:DC Y:0D P:26 SP:FB
E84D  D0 F8     BNE  A:00 X:DB Y:0D P:A4 SP:FB
E847  2C 02 20  BIT  A:00 X:DB Y:0D P:A4 SP:FB
E84A  30 06     BMI  A:00 X:DB Y:0D P:26 SP:FB
E84C  CA        DEX  A:00 X:DB Y:0D P:26 SP:FB
E84D  D0 F8     BNE  A:00 X:DA Y:0D P:A4 SP:FB
E847  2C 02 20  BIT  A:00 X:DA Y:0D P:A4 SP:FB
E84A  30 06     BMI  A:00 X:DA Y:0D P:26 SP:FB
E84C  CA        DEX  A:00 X:DA Y:0D P:26 SP:FB
E84D  D0 F8     BNE  A:00 X:D9 Y:0D P:A4 SP:FB
E847  2C 02 20  BIT  A:00 X:D9 Y:0D P:A4 SP:FB
E84A  30 06     BMI  A:00 X:D9 Y:0D P:26 SP:FB
E84C  CA        DEX  A:00 X:D9 Y:0D P:26 SP:FB
E84D  D0 F8     BNE  A:00 X:D8 Y:0D P:A4 SP:FB
E847  2C 02 20  BIT  A:00 X:D8 Y:0D P:A4 SP:FB
E84A  30 06     BMI  A:00 X:D8 Y:0D P:26 SP:FB
E84C  CA        DEX  A:00 X:D8 Y:0D P:26 SP:FB
E84D  D0 F8     BNE  A:00 X:D7 Y:0D P:A4 SP:FB
E847  2C 02 20  BIT  A:00 X:D7 Y:0D P:A4 SP:FB
E84A  30 06     BMI  A:00 X:D7 Y:0D P:26 SP:FB
E84C  CA        DEX  A:00 X:D7 Y:0D P:26 SP:FB
E84D  D0 F8     BNE  A:00 X:D6 Y:0D P:A4 SP:FB
E847  2C 02 20  BIT  A:00 X:D6 Y:0D P:A4 SP:FB
E84A  30 06     BMI  A:00 X:D6 Y:0D P:26 SP:FB
E84C  CA        DEX  A:00 X:D6 Y:0D P:26 SP:FB
E84D  D0 F8     BNE  A:00 X:D5 Y:0D P:A4 SP:FB
E847  2C 02 20  BIT  A:00 X:D5 Y:0D P:A4 SP:FB
E84A  30 06     BMI  A:00 X:D5 Y:0D P:26 SP:FB
E84C  CA        DEX  A:00 X:D5 Y:0D P:26 SP:FB
E84D  D0 F8     BNE  A:00 X:D4 Y:0D P:A4 SP:FB
E847  2C 02 20  BIT  A:00 X:D4 Y:0D P:A4 SP:FB
E84A  30 06     BMI  A:00 X:D4 Y:0D P:26 SP:FB
E84C  CA        DEX  A:00 X:D4 Y:0D P:26 SP:FB
E84D  D0 F8     BNE  A:00 X:D3 Y:0D P:A4 SP:FB
E847  2C 02 20  BIT  A:00 X:D3 Y:0D P:A4 SP:FB
E84A  30 06     BMI  A:00 X:D3 Y:0D P:26 SP:FB
E84C  CA        DEX  A:00 X:D3 Y:0D P:26 SP:FB
E84D  D0 F8     BNE  A:00 X:D2 Y:0D P:A4 SP:FB
E847  2C 02 20  BIT  A:00 X:D2 Y:0D P:A4 SP:FB
E84A  30 06     BMI  A:00 X:D2 Y:0D P:26 SP:FB
E84C  CA        DEX  A:00 X:D2 Y:0D P:26 SP:FB
E84D  D0 F8     BNE  A:00 X:D1 Y:0D P:A4 SP:FB
E847  2C 02 20  BIT  A:00 X:D1 Y:0D P:A4 SP:FB
E84A  30 06     BMI  A:00 X:D1 Y:0D P:26 SP:FB
E84C  CA        DEX  A:00 X:D1 Y:0D P:26 SP:FB
E84D  D0 F8     BNE  A:00 X:D0 Y:0D P:A4 SP:FB
E847  2C 02 20  BIT  A:00 X:D0 Y:0D P:A4 SP:FB
E84A  30 06     BMI  A:00 X:D0 Y:0D P:26 SP:FB
E84C  CA        DEX  A:00 X:D0 Y:0D P:26 SP:FB
E84D  D0 F8     BNE  A:00 X:CF Y:0D P:A4 SP:FB
E847  2C 02 20  BIT  A:00 X:CF Y:0D P:A4 SP:FB
E84A  30 06     BMI  A:00 X:CF Y:0D P:26 SP:FB
E84C  CA        DEX  A:00 X:CF Y:0D P:26 SP:FB
E84D  D0 F8     BNE  A:00 X:CE Y:0D P:A4 SP:FB
E847  2C 02 20  BIT  A:00 X:CE Y:0D P:A4 SP:FB
E84A  30 06     BMI  A:00 X:CE Y:0D P:26 SP:FB
E84C  CA        DEX  A:00 X:CE Y:0D P:26 SP:FB
E84D  D0 F8     BNE  A:00 X:CD Y:0D P:A4 SP:FB
E847  2C 02 20  BIT  A:00 X:CD Y:0D P:A4 SP:FB
E84A  30 06     BMI  A:00 X:CD Y:0D P:26 SP:FB
E84C  CA        DEX  A:00 X:CD Y:0D P:26 SP:FB
E84D  D0 F8     BNE  A:00 X:CC Y:0D P:A4 SP:FB
E847  2C 02 20  BIT  A:00 X:CC Y:0D P:A4 SP:FB
E84A  30 06     BMI  A:00 X:CC Y:0D P:26 SP:FB
E84C  CA        DEX  A:00 X:CC Y:0D P:26 SP:FB
E84D  D0 F8     BNE  A:00 X:CB Y:0D P:A4 SP:FB
E847  2C 02 20  BIT  A:00 X:CB Y:0D P:A4 SP:FB
E84A  30 06     BMI  A:00 X:CB Y:0D P:26 SP:FB
E84C  CA        DEX  A:00 X:CB Y:0D P:26 SP:FB
E84D  D0 F8     BNE  A:00 X:CA Y:0D P:A4 SP:FB
E847  2C 02 20  BIT  A:00 X:CA Y:0D P:A4 SP:FB
E84A  30 06     BMI  A:00 X:CA Y:0D P:26 SP:FB
E84C  CA        DEX  A:00 X:CA Y:0D P:26 SP:FB
E84D  D0 F8     BNE  A:00 X:C9 Y:0D P:A4 SP:FB
E847  2C 02 20  BIT  A:00 X:C9 Y:0D P:A4 SP:FB
E84A  30 06     BMI  A:00 X:C9 Y:0D P:26 SP:FB
E84C  CA        DEX  A:00 X:C9 Y:0D P:26 SP:FB
E84D  D0 F8     BNE  A:00 X:C8 Y:0D P:A4 SP:FB
E847  2C 02 20  BIT  A:00 X:C8 Y:0D P:A4 SP:FB
E84A  30 06     BMI  A:00 X:C8 Y:0D P:26 SP:FB
E84C  CA        DEX  A:00 X:C8 Y:0D P:26 SP:FB
E84D  D0 F8     BNE  A:00 X:C7 Y:0D P:A4 SP:FB
E847  2C 02 20  BIT  A:00 X:C7 Y:0D P:A4 SP:FB
E84A  30 06     BMI  A:00 X:C7 Y:0D P:26 SP:FB
E84C  CA        DEX  A:00 X:C7 Y:0D P:26 SP:FB
E84D  D0 F8     BNE  A:00 X:C6 Y:0D P:A4 SP:FB
E847  2C 02 20  BIT  A:00 X:C6 Y:0D P:A4 SP:FB
E84A  30 06     BMI  A:00 X:C6 Y:0D P:26 SP:FB
E84C  CA        DEX  A:00 X:C6 Y:0D P:26 SP:FB
E84D  D0 F8     BNE  A:00 X:C5 Y:0D P:A4 SP:FB
E847  2C 02 20  BIT  A:00 X:C5 Y:0D P:A4 SP:FB
E84A  30 06     BMI  A:00 X:C5 Y:0D P:26 SP:FB
E84C  CA        DEX  A:00 X:C5 Y:0D P:26 SP:FB
E84D  D0 F8     BNE  A:00 X:C4 Y:0D P:A4 SP:FB
E847  2C 02 20  BIT  A:00 X:C4 Y:0D P:A4 SP:FB
E84A  30 06     BMI  A:00 X:C4 Y:0D P:26 SP:FB
E84C  CA        DEX  A:00 X:C4 Y:0D P:26 SP:FB
E84D  D0 F8     BNE  A:00 X:C3 Y:0D P:A4 SP:FB
E847  2C 02 20  BIT  A:00 X:C3 Y:0D P:A4 SP:FB
E84A  30 06     BMI  A:00 X:C3 Y:0D P:26 SP:FB
E84C  CA        DEX  A:00 X:C3 Y:0D P:26 SP:FB
E84D  D0 F8     BNE  A:00 X:C2 Y:0D P:A4 SP:FB
E847  2C 02 20  BIT  A:00 X:C2 Y:0D P:A4 SP:FB
E84A  30 06     BMI  A:00 X:C2 Y:0D P:26 SP:FB
E84C  CA        DEX  A:00 X:C2 Y:0D P:26 SP:FB
E84D  D0 F8     BNE  A:00 X:C1 Y:0D P:A4 SP:FB
E847  2C 02 20  BIT  A:00 X:C1 Y:0D P:A4 SP:FB
E84A  30 06     BMI  A:00 X:C1 Y:0D P:26 SP:FB
E84C  CA        DEX  A:00 X:C1 Y:0D P:26 SP:FB
E84D  D0 F8     BNE  A:00 X:C0 Y:0D P:A4 SP:FB
E847  2C 02 20  BIT  A:00 X:C0 Y:0D P:A4 SP:FB
E84A  30 06     BMI  A:00 X:C0 Y:0D P:26 SP:FB
E84C  CA        DEX  A:00 X:C0 Y:0D P:26 SP:FB
E84D  D0 F8     BNE  A:00 X:BF Y:0D P:A4 SP:FB
E847  2C 02 20  BIT  A:00 X:BF Y:0D P:A4 SP:FB
E84A  30 06     BMI  A:00 X:BF Y:0D P:26 SP:FB
E84C  CA        DEX  A:00 X:BF Y:0D P:26 SP:FB
E84D  D0 F8     BNE  A:00 X:BE Y:0D P:A4 SP:FB
E847  2C 02 20  BIT  A:00 X:BE Y:0D P:A4 SP:FB
E84A  30 06     BMI  A:00 X:BE Y:0D P:26 SP:FB
E84C  CA        DEX  A:00 X:BE Y:0D P:26 SP:FB
E84D  D0 F8     BNE  A:00 X:BD Y:0D P:A4 SP:FB
E847  2C 02 20  BIT  A:00 X:BD Y:0D P:A4 SP:FB
E84A  30 06     BMI  A:00 X:BD Y:0D P:26 SP:FB
E84C  CA        DEX  A:00 X:BD Y:0D P:26 SP:FB
E84D  D0 F8     BNE  A:00 X:BC Y:0D P:A4 SP:FB
E847  2C 02 20  BIT  A:00 X:BC Y:0D P:A4 SP:FB
E84A  30 06     BMI  A:00 X:BC Y:0D P:26 SP:FB
E84C  CA        DEX  A:00 X:BC Y:0D P:26 SP:FB
E84D  D0 F8     BNE  A:00 X:BB Y:0D P:A4 SP:FB
E847  2C 02 20  BIT  A:00 X:BB Y:0D P:A4 SP:FB
E84A  30 06     BMI  A:00 X:BB Y:0D P:26 SP:FB
E84C  CA        DEX  A:00 X:BB Y:0D P:26 SP:FB
E84D  D0 F8     BNE  A:00 X:BA Y:0D P:A4 SP:FB
E847  2C 02 20  BIT  A:00 X:BA Y:0D P:A4 SP:FB
E84A  30 06     BMI  A:00 X:BA Y:0D P:26 SP:FB
E84C  CA        DEX  A:00 X:BA Y:0D P:26 SP:FB
E84D  D0 F8     BNE  A:00 X:B9 Y:0D P:A4 SP:FB
E847  2C 02 20  BIT  A:00 X:B9 Y:0D P:A4 SP:FB
E84A  30 06     BMI  A:00 X:B9 Y:0D P:26 SP:FB
E84C  CA        DEX  A:00 X:B9 Y:0D P:26 SP:FB
E84D  D0 F8     BNE  A:00 X:B8 Y:0D P:A4 SP:FB
E847  2C 02 20  BIT  A:00 X:B8 Y:0D P:A4 SP:FB
E84A  30 06     BMI  A:00 X:B8 Y:0D P:26 SP:FB
E84C  CA        DEX  A:00 X:B8 Y:0D P:26 SP:FB
E84D  D0 F8     BNE  A:00 X:B7 Y:0D P:A4 SP:FB
E847  2C 02 20  BIT  A:00 X:B7 Y:0D P:A4 SP:FB
E84A  30 06     BMI  A:00 X:B7 Y:0D P:26 SP:FB
E84C  CA        DEX  A:00 X:B7 Y:0D P:26 SP:FB
E84D  D0 F8     BNE  A:00 X:B6 Y:0D P:A4 SP:FB
E847  2C 02 20  BIT  A:00 X:B6 Y:0D P:A4 SP:FB
E84A  30 06     BMI  A:00 X:B6 Y:0D P:26 SP:FB
E84C  CA        DEX  A:00 X:B6 Y:0D P:26 SP:FB
E84D  D0 F8     BNE  A:00 X:B5 Y:0D P:A4 SP:FB
E847  2C 02 20  BIT  A:00 X:B5 Y:0D P:A4 SP:FB
E84A  30 06     BMI  A:00 X:B5 Y:0D P:26 SP:FB
E84C  CA        DEX  A:00 X:B5 Y:0D P:26 SP:FB
E84D  D0 F8     BNE  A:00 X:B4 Y:0D P:A4 SP:FB
E847  2C 02 20  BIT  A:00 X:B4 Y:0D P:A4 SP:FB
E84A  30 06     BMI  A:00 X:B4 Y:0D P:26 SP:FB
E84C  CA        DEX  A:00 X:B4 Y:0D P:26 SP:FB
E84D  D0 F8     BNE  A:00 X:B3 Y:0D P:A4 SP:FB
E847  2C 02 20  BIT  A:00 X:B3 Y:0D P:A4 SP:FB
E84A  30 06     BMI  A:00 X:B3 Y:0D P:26 SP:FB
E84C  CA        DEX  A:00 X:B3 Y:0D P:26 SP:FB
E84D  D0 F8     BNE  A:00 X:B2 Y:0D P:A4 SP:FB
E847  2C 02 20  BIT  A:00 X:B2 Y:0D P:A4 SP:FB
E84A  30 06     BMI  A:00 X:B2 Y:0D P:26 SP:FB
E84C  CA        DEX  A:00 X:B2 Y:0D P:26 SP:FB
E84D  D0 F8     BNE  A:00 X:B1 Y:0D P:A4 SP:FB
E847  2C 02 20  BIT  A:00 X:B1 Y:0D P:A4 SP:FB
E84A  30 06     BMI  A:00 X:B1 Y:0D P:26 SP:FB
E84C  CA        DEX  A:00 X:B1 Y:0D P:26 SP:FB
E84D  D0 F8     BNE  A:00 X:B0 Y:0D P:A4 SP:FB
E847  2C 02 20  BIT  A:00 X:B0 Y:0D P:A4 SP:FB
E84A  30 06     BMI  A:00 X:B0 Y:0D P:26 SP:FB
E84C  CA        DEX  A:00 X:B0 Y:0D P:26 SP:FB
E84D  D0 F8     BNE  A:00 X:AF Y:0D P:A4 SP:FB
E847  2C 02 20  BIT  A:00 X:AF Y:0D P:A4 SP:FB
E84A  30 06     BMI  A:00 X:AF Y:0D P:26 SP:FB
E84C  CA        DEX  A:00 X:AF Y:0D P:26 SP:FB
E84D  D0 F8     BNE  A:00 X:AE Y:0D P:A4 SP:FB
E847  2C 02 20  BIT  A:00 X:AE Y:0D P:A4 SP:FB
E84A  30 06     BMI  A:00 X:AE Y:0D P:26 SP:FB
E84C  CA        DEX  A:00 X:AE Y:0D P:26 SP:FB
E84D  D0 F8     BNE  A:00 X:AD Y:0D P:A4 SP:FB
E847  2C 02 20  BIT  A:00 X:AD Y:0D P:A4 SP:FB
E84A  30 06     BMI  A:00 X:AD Y:0D P:26 SP:FB
E84C  CA        DEX  A:00 X:AD Y:0D P:26 SP:FB
E84D  D0 F8     BNE  A:00 X:AC Y:0D P:A4 SP:FB
E847  2C 02 20  BIT  A:00 X:AC Y:0D P:A4 SP:FB
E84A  30 06     BMI  A:00 X:AC Y:0D P:26 SP:FB
E84C  CA        DEX  A:00 X:AC Y:0D P:26 SP:FB
E84D  D0 F8     BNE  A:00 X:AB Y:0D P:A4 SP:FB
E847  2C 02 20  BIT  A:00 X:AB Y:0D P:A4 SP:FB
E84A  30 06     BMI  A:00 X:AB Y:0D P:26 SP:FB
E84C  CA        DEX  A:00 X:AB Y:0D P:26 SP:FB
E84D  D0 F8     BNE  A:00 X:AA Y:0D P:A4 SP:FB
E847  2C 02 20  BIT  A:00 X:AA Y:0D P:A4 SP:FB
E84A  30 06     BMI  A:00 X:AA Y:0D P:26 SP:FB
E84C  CA        DEX  A:00 X:AA Y:0D P:26 SP:FB
E84D  D0 F8     BNE  A:00 X:A9 Y:0D P:A4 SP:FB
E847  2C 02 20  BIT  A:00 X:A9 Y:0D P:A4 SP:FB
E84A  30 06     BMI  A:00 X:A9 Y:0D P:26 SP:FB
E84C  CA        DEX  A:00 X:A9 Y:0D P:26 SP:FB
E84D  D0 F8     BNE  A:00 X:A8 Y:0D P:A4 SP:FB
E847  2C 02 20  BIT  A:00 X:A8 Y:0D P:A4 SP:FB
E84A  30 06     BMI  A:00 X:A8 Y:0D P:26 SP:FB
E84C  CA        DEX  A:00 X:A8 Y:0D P:26 SP:FB
E84D  D0 F8     BNE  A:00 X:A7 Y:0D P:A4 SP:FB
E847  2C 02 20  BIT  A:00 X:A7 Y:0D P:A4 SP:FB
E84A  30 06     BMI  A:00 X:A7 Y:0D P:26 SP:FB
E84C  CA        DEX  A:00 X:A7 Y:0D P:26 SP:FB
E84D  D0 F8     BNE  A:00 X:A6 Y:0D P:A4 SP:FB
E847  2C 02 20  BIT  A:00 X:A6 Y:0D P:A4 SP:FB
E84A  30 06     BMI  A:00 X:A6 Y:0D P:26 SP:FB
E84C  CA        DEX  A:00 X:A6 Y:0D P:26 SP:FB
E84D  D0 F8     BNE  A:00 X:A5 Y:0D P:A4 SP:FB
E847  2C 02 20  BIT  A:00 X:A5 Y:0D P:A4 SP:FB
E84A  30 06     BMI  A:00 X:A5 Y:0D P:26 SP:FB
E84C  CA        DEX  A:00 X:A5 Y:0D P:26 SP:FB
E84D  D0 F8     BNE  A:00 X:A4 Y:0D P:A4 SP:FB
E847  2C 02 20  BIT  A:00 X:A4 Y:0D P:A4 SP:FB
E84A  30 06     BMI  A:00 X:A4 Y:0D P:26 SP:FB
E84C  CA        DEX  A:00 X:A4 Y:0D P:26 SP:FB
E84D  D0 F8     BNE  A:00 X:A3 Y:0D P:A4 SP:FB
E847  2C 02 20  BIT  A:00 X:A3 Y:0D P:A4 SP:FB
E84A  30 06     BMI  A:00 X:A3 Y:0D P:26 SP:FB
E84C  CA        DEX  A:00 X:A3 Y:0D P:26 SP:FB
E84D  D0 F8     BNE  A:00 X:A2 Y:0D P:A4 SP:FB
E847  2C 02 20  BIT  A:00 X:A2 Y:0D P:A4 SP:FB
E84A  30 06     BMI  A:00 X:A2 Y:0D P:26 SP:FB
E84C  CA        DEX  A:00 X:A2 Y:0D P:26 SP:FB
E84D  D0 F8     BNE  A:00 X:A1 Y:0D P:A4 SP:FB
E847  2C 02 20  BIT  A:00 X:A1 Y:0D P:A4 SP:FB
E84A  30 06     BMI  A:00 X:A1 Y:0D P:26 SP:FB
E84C  CA        DEX  A:00 X:A1 Y:0D P:26 SP:FB
E84D  D0 F8     BNE  A:00 X:A0 Y:0D P:A4 SP:FB
E847  2C 02 20  BIT  A:00 X:A0 Y:0D P:A4 SP:FB
E84A  30 06     BMI  A:00 X:A0 Y:0D P:26 SP:FB
E84C  CA        DEX  A:00 X:A0 Y:0D P:26 SP:FB
E84D  D0 F8     BNE  A:00 X:9F Y:0D P:A4 SP:FB
E847  2C 02 20  BIT  A:00 X:9F Y:0D P:A4 SP:FB
E84A  30 06     BMI  A:00 X:9F Y:0D P:26 SP:FB
E84C  CA        DEX  A:00 X:9F Y:0D P:26 SP:FB
E84D  D0 F8     BNE  A:00 X:9E Y:0D P:A4 SP:FB
E847  2C 02 20  BIT  A:00 X:9E Y:0D P:A4 SP:FB
E84A  30 06     BMI  A:00 X:9E Y:0D P:26 SP:FB
E84C  CA        DEX  A:00 X:9E Y:0D P:26 SP:FB
E84D  D0 F8     BNE  A:00 X:9D Y:0D P:A4 SP:FB
E847  2C 02 20  BIT  A:00 X:9D Y:0D P:A4 SP:FB
E84A  30 06     BMI  A:00 X:9D Y:0D P:26 SP:FB
E84C  CA        DEX  A:00 X:9D Y:0D P:26 SP:FB
E84D  D0 F8     BNE  A:00 X:9C Y:0D P:A4 SP:FB
E847  2C 02 20  BIT  A:00 X:9C Y:0D P:A4 SP:FB
E84A  30 06     BMI  A:00 X:9C Y:0D P:26 SP:FB
E84C  CA        DEX  A:00 X:9C Y:0D P:26 SP:FB
E84D  D0 F8     BNE  A:00 X:9B Y:0D P:A4 SP:FB
E847  2C 02 20  BIT  A:00 X:9B Y:0D P:A4 SP:FB
E84A  30 06     BMI  A:00 X:9B Y:0D P:26 SP:FB
E84C  CA        DEX  A:00 X:9B Y:0D P:26 SP:FB
E84D  D0 F8     BNE  A:00 X:9A Y:0D P:A4 SP:FB
E847  2C 02 20  BIT  A:00 X:9A Y:0D P:A4 SP:FB
E84A  30 06     BMI  A:00 X:9A Y:0D P:26 SP:FB
E84C  CA        DEX  A:00 X:9A Y:0D P:26 SP:FB
E84D  D0 F8     BNE  A:00 X:99 Y:0D P:A4 SP:FB
E847  2C 02 20  BIT  A:00 X:99 Y:0D P:A4 SP:FB
E84A  30 06     BMI  A:00 X:99 Y:0D P:26 SP:FB
E84C  CA        DEX  A:00 X:99 Y:0D P:26 SP:FB
E84D  D0 F8     BNE  A:00 X:98 Y:0D P:A4 SP:FB
E847  2C 02 20  BIT  A:00 X:98 Y:0D P:A4 SP:FB
E84A  30 06     BMI  A:00 X:98 Y:0D P:26 SP:FB
E84C  CA        DEX  A:00 X:98 Y:0D P:26 SP:FB
E84D  D0 F8     BNE  A:00 X:97 Y:0D P:A4 SP:FB
E847  2C 02 20  BIT  A:00 X:97 Y:0D P:A4 SP:FB
E84A  30 06     BMI  A:00 X:97 Y:0D P:26 SP:FB
E84C  CA        DEX  A:00 X:97 Y:0D P:26 SP:FB
E84D  D0 F8     BNE  A:00 X:96 Y:0D P:A4 SP:FB
E847  2C 02 20  BIT  A:00 X:96 Y:0D P:A4 SP:FB
E84A  30 06     BMI  A:00 X:96 Y:0D P:26 SP:FB
E84C  CA        DEX  A:00 X:96 Y:0D P:26 SP:FB
E84D  D0 F8     BNE  A:00 X:95 Y:0D P:A4 SP:FB
E847  2C 02 20  BIT  A:00 X:95 Y:0D P:A4 SP:FB
E84A  30 06     BMI  A:00 X:95 Y:0D P:26 SP:FB
E84C  CA        DEX  A:00 X:95 Y:0D P:26 SP:FB
E84D  D0 F8     BNE  A:00 X:94 Y:0D P:A4 SP:FB
E847  2C 02 20  BIT  A:00 X:94 Y:0D P:A4 SP:FB
E84A  30 06     BMI  A:00 X:94 Y:0D P:26 SP:FB
E84C  CA        DEX  A:00 X:94 Y:0D P:26 SP:FB
E84D  D0 F8     BNE  A:00 X:93 Y:0D P:A4 SP:FB
E847  2C 02 20  BIT  A:00 X:93 Y:0D P:A4 SP:FB
E84A  30 06     BMI  A:00 X:93 Y:0D P:26 SP:FB
E84C  CA        DEX  A:00 X:93 Y:0D P:26 SP:FB
E84D  D0 F8     BNE  A:00 X:92 Y:0D P:A4 SP:FB
E847  2C 02 20  BIT  A:00 X:92 Y:0D P:A4 SP:FB
E84A  30 06     BMI  A:00 X:92 Y:0D P:26 SP:FB
E84C  CA        DEX  A:00 X:92 Y:0D P:26 SP:FB
E84D  D0 F8     BNE  A:00 X:91 Y:0D P:A4 SP:FB
E847  2C 02 20  BIT  A:00 X:91 Y:0D P:A4 SP:FB
E84A  30 06     BMI  A:00 X:91 Y:0D P:26 SP:FB
E84C  CA        DEX  A:00 X:91 Y:0D P:26 SP:FB
E84D  D0 F8     BNE  A:00 X:90 Y:0D P:A4 SP:FB
E847  2C 02 20  BIT  A:00 X:90 Y:0D P:A4 SP:FB
E84A  30 06     BMI  A:00 X:90 Y:0D P:26 SP:FB
E84C  CA        DEX  A:00 X:90 Y:0D P:26 SP:FB
E84D  D0 F8     BNE  A:00 X:8F Y:0D P:A4 SP:FB
E847  2C 02 20  BIT  A:00 X:8F Y:0D P:A4 SP:FB
E84A  30 06     BMI  A:00 X:8F Y:0D P:26 SP:FB
E84C  CA        DEX  A:00 X:8F Y:0D P:26 SP:FB
E84D  D0 F8     BNE  A:00 X:8E Y:0D P:A4 SP:FB
E847  2C 02 20  BIT  A:00 X:8E Y:0D P:A4 SP:FB
E84A  30 06     BMI  A:00 X:8E Y:0D P:26 SP:FB
E84C  CA        DEX  A:00 X:8E Y:0D P:26 SP:FB
E84D  D0 F8     BNE  A:00 X:8D Y:0D P:A4 SP:FB
E847  2C 02 20  BIT  A:00 X:8D Y:0D P:A4 SP:FB
E84A  30 06     BMI  A:00 X:8D Y:0D P:26 SP:FB
E84C  CA        DEX  A:00 X:8D Y:0D P:26 SP:FB
E84D  D0 F8     BNE  A:00 X:8C Y:0D P:A4 SP:FB
E847  2C 02 20  BIT  A:00 X:8C Y:0D P:A4 SP:FB
E84A  30 06     BMI  A:00 X:8C Y:0D P:26 SP:FB
E84C  CA        DEX  A:00 X:8C Y:0D P:26 SP:FB
E84D  D0 F8     BNE  A:00 X:8B Y:0D P:A4 SP:FB
E847  2C 02 20  BIT  A:00 X:8B Y:0D P:A4 SP:FB
E84A  30 06     BMI  A:00 X:8B Y:0D P:26 SP:FB
E84C  CA        DEX  A:00 X:8B Y:0D P:26 SP:FB
E84D  D0 F8     BNE  A:00 X:8A Y:0D P:A4 SP:FB
E847  2C 02 20  BIT  A:00 X:8A Y:0D P:A4 SP:FB
E84A  30 06     BMI  A:00 X:8A Y:0D P:26 SP:FB
E84C  CA        DEX  A:00 X:8A Y:0D P:26 SP:FB
E84D  D0 F8     BNE  A:00 X:89 Y:0D P:A4 SP:FB
E847  2C 02 20  BIT  A:00 X:89 Y:0D P:A4 SP:FB
E84A  30 06     BMI  A:00 X:89 Y:0D P:26 SP:FB
E84C  CA        DEX  A:00 X:89 Y:0D P:26 SP:FB
E84D  D0 F8     BNE  A:00 X:88 Y:0D P:A4 SP:FB
E847  2C 02 20  BIT  A:00 X:88 Y:0D P:A4 SP:FB
E84A  30 06     BMI  A:00 X:88 Y:0D P:26 SP:FB
E84C  CA        DEX  A:00 X:88 Y:0D P:26 SP:FB
E84D  D0 F8     BNE  A:00 X:87 Y:0D P:A4 SP:FB
E847  2C 02 20  BIT  A:00 X:87 Y:0D P:A4 SP:FB
E84A  30 06     BMI  A:00 X:87 Y:0D P:26 SP:FB
E84C  CA        DEX  A:00 X:87 Y:0D P:26 SP:FB
E84D  D0 F8     BNE  A:00 X:86 Y:0D P:A4 SP:FB
E847  2C 02 20  BIT  A:00 X:86 Y:0D P:A4 SP:FB
E84A  30 06     BMI  A:00 X:86 Y:0D P:26 SP:FB
E84C  CA        DEX  A:00 X:86 Y:0D P:26 SP:FB
E84D  D0 F8     BNE  A:00 X:85 Y:0D P:A4 SP:FB
E847  2C 02 20  BIT  A:00 X:85 Y:0D P:A4 SP:FB
E84A  30 06     BMI  A:00 X:85 Y:0D P:26 SP:FB
E84C  CA        DEX  A:00 X:85 Y:0D P:26 SP:FB
E84D  D0 F8     BNE  A:00 X:84 Y:0D P:A4 SP:FB
E847  2C 02 20  BIT  A:00 X:84 Y:0D P:A4 SP:FB
E84A  30 06     BMI  A:00 X:84 Y:0D P:26 SP:FB
E84C  CA        DEX  A:00 X:84 Y:0D P:26 SP:FB
E84D  D0 F8     BNE  A:00 X:83 Y:0D P:A4 SP:FB
E847  2C 02 20  BIT  A:00 X:83 Y:0D P:A4 SP:FB
E84A  30 06     BMI  A:00 X:83 Y:0D P:26 SP:FB
E84C  CA        DEX  A:00 X:83 Y:0D P:26 SP:FB
E84D  D0 F8     BNE  A:00 X:82 Y:0D P:A4 SP:FB
E847  2C 02 20  BIT  A:00 X:82 Y:0D P:A4 SP:FB
E84A  30 06     BMI  A:00 X:82 Y:0D P:26 SP:FB
E84C  CA        DEX  A:00 X:82 Y:0D P:26 SP:FB
E84D  D0 F8     BNE  A:00 X:81 Y:0D P:A4 SP:FB
E847  2C 02 20  BIT  A:00 X:81 Y:0D P:A4 SP:FB
E84A  30 06     BMI  A:00 X:81 Y:0D P:26 SP:FB
E84C  CA        DEX  A:00 X:81 Y:0D P:26 SP:FB
E84D  D0 F8     BNE  A:00 X:80 Y:0D P:A4 SP:FB
E847  2C 02 20  BIT  A:00 X:80 Y:0D P:A4 SP:FB
E84A  30 06     BMI  A:00 X:80 Y:0D P:26 SP:FB
E84C  CA        DEX  A:00 X:80 Y:0D P:26 SP:FB
E84D  D0 F8     BNE  A:00 X:7F Y:0D P:24 SP:FB
E847  2C 02 20  BIT  A:00 X:7F Y:0D P:24 SP:FB
E84A  30 06     BMI  A:00 X:7F Y:0D P:26 SP:FB
E84C  CA        DEX  A:00 X:7F Y:0D P:26 SP:FB
E84D  D0 F8     BNE  A:00 X:7E Y:0D P:24 SP:FB
E847  2C 02 20  BIT  A:00 X:7E Y:0D P:24 SP:FB
E84A  30 06     BMI  A:00 X:7E Y:0D P:26 SP:FB
E84C  CA        DEX  A:00 X:7E Y:0D P:26 SP:FB
E84D  D0 F8     BNE  A:00 X:7D Y:0D P:24 SP:FB
E847  2C 02 20  BIT  A:00 X:7D Y:0D P:24 SP:FB
E84A  30 06     BMI  A:00 X:7D Y:0D P:26 SP:FB
E84C  CA        DEX  A:00 X:7D Y:0D P:26 SP:FB
E84D  D0 F8     BNE  A:00 X:7C Y:0D P:24 SP:FB
E847  2C 02 20  BIT  A:00 X:7C Y:0D P:24 SP:FB
E84A  30 06     BMI  A:00 X:7C Y:0D P:26 SP:FB
E84C  CA        DEX  A:00 X:7C Y:0D P:26 SP:FB
E84D  D0 F8     BNE  A:00 X:7B Y:0D P:24 SP:FB
E847  2C 02 20  BIT  A:00 X:7B Y:0D P:24 SP:FB
E84A  30 06     BMI  A:00 X:7B Y:0D P:26 SP:FB
E84C  CA        DEX  A:00 X:7B Y:0D P:26 SP:FB
E84D  D0 F8     BNE  A:00 X:7A Y:0D P:24 SP:FB
E847  2C 02 20  BIT  A:00 X:7A Y:0D P:24 SP:FB
E84A  30 06     BMI  A:00 X:7A Y:0D P:26 SP:FB
E84C  CA        DEX  A:00 X:7A Y:0D P:26 SP:FB
E84D  D0 F8     BNE  A:00 X:79 Y:0D P:24 SP:FB
E847  2C 02 20  BIT  A:00 X:79 Y:0D P:24 SP:FB
E84A  30 06     BMI  A:00 X:79 Y:0D P:26 SP:FB
E84C  CA        DEX  A:00 X:79 Y:0D P:26 SP:FB
E84D  D0 F8     BNE  A:00 X:78 Y:0D P:24 SP:FB
E847  2C 02 20  BIT  A:00 X:78 Y:0D P:24 SP:FB
E84A  30 06     BMI  A:00 X:78 Y:0D P:26 SP:FB
E84C  CA        DEX  A:00 X:78 Y:0D P:26 SP:FB
E84D  D0 F8     BNE  A:00 X:77 Y:0D P:24 SP:FB
E847  2C 02 20  BIT  A:00 X:77 Y:0D P:24 SP:FB
E84A  30 06     BMI  A:00 X:77 Y:0D P:26 SP:FB
E84C  CA        DEX  A:00 X:77 Y:0D P:26 SP:FB
E84D  D0 F8     BNE  A:00 X:76 Y:0D P:24 SP:FB
E847  2C 02 20  BIT  A:00 X:76 Y:0D P:24 SP:FB
E84A  30 06     BMI  A:00 X:76 Y:0D P:26 SP:FB
E84C  CA        DEX  A:00 X:76 Y:0D P:26 SP:FB
E84D  D0 F8     BNE  A:00 X:75 Y:0D P:24 SP:FB
E847  2C 02 20  BIT  A:00 X:75 Y:0D P:24 SP:FB
E84A  30 06     BMI  A:00 X:75 Y:0D P:26 SP:FB
E84C  CA        DEX  A:00 X:75 Y:0D P:26 SP:FB
E84D  D0 F8     BNE  A:00 X:74 Y:0D P:24 SP:FB
E847  2C 02 20  BIT  A:00 X:74 Y:0D P:24 SP:FB
E84A  30 06     BMI  A:00 X:74 Y:0D P:26 SP:FB
E84C  CA        DEX  A:00 X:74 Y:0D P:26 SP:FB
E84D  D0 F8     BNE  A:00 X:73 Y:0D P:24 SP:FB
E847  2C 02 20  BIT  A:00 X:73 Y:0D P:24 SP:FB
E84A  30 06     BMI  A:00 X:73 Y:0D P:26 SP:FB
E84C  CA        DEX  A:00 X:73 Y:0D P:26 SP:FB
E84D  D0 F8     BNE  A:00 X:72 Y:0D P:24 SP:FB
E847  2C 02 20  BIT  A:00 X:72 Y:0D P:24 SP:FB
E84A  30 06     BMI  A:00 X:72 Y:0D P:26 SP:FB
E84C  CA        DEX  A:00 X:72 Y:0D P:26 SP:FB
E84D  D0 F8     BNE  A:00 X:71 Y:0D P:24 SP:FB
E847  2C 02 20  BIT  A:00 X:71 Y:0D P:24 SP:FB
E84A  30 06     BMI  A:00 X:71 Y:0D P:26 SP:FB
E84C  CA        DEX  A:00 X:71 Y:0D P:26 SP:FB
E84D  D0 F8     BNE  A:00 X:70 Y:0D P:24 SP:FB
E847  2C 02 20  BIT  A:00 X:70 Y:0D P:24 SP:FB
E84A  30 06     BMI  A:00 X:70 Y:0D P:26 SP:FB
E84C  CA        DEX  A:00 X:70 Y:0D P:26 SP:FB
E84D  D0 F8     BNE  A:00 X:6F Y:0D P:24 SP:FB
E847  2C 02 20  BIT  A:00 X:6F Y:0D P:24 SP:FB
E84A  30 06     BMI  A:00 X:6F Y:0D P:26 SP:FB
E84C  CA        DEX  A:00 X:6F Y:0D P:26 SP:FB
E84D  D0 F8     BNE  A:00 X:6E Y:0D P:24 SP:FB
E847  2C 02 20  BIT  A:00 X:6E Y:0D P:24 SP:FB
E84A  30 06     BMI  A:00 X:6E Y:0D P:26 SP:FB
E84C  CA        DEX  A:00 X:6E Y:0D P:26 SP:FB
E84D  D0 F8     BNE  A:00 X:6D Y:0D P:24 SP:FB
E847  2C 02 20  BIT  A:00 X:6D Y:0D P:24 SP:FB
E84A  30 06     BMI  A:00 X:6D Y:0D P:26 SP:FB
E84C  CA        DEX  A:00 X:6D Y:0D P:26 SP:FB
E84D  D0 F8     BNE  A:00 X:6C Y:0D P:24 SP:FB
E847  2C 02 20  BIT  A:00 X:6C Y:0D P:24 SP:FB
E84A  30 06     BMI  A:00 X:6C Y:0D P:26 SP:FB
E84C  CA        DEX  A:00 X:6C Y:0D P:26 SP:FB
E84D  D0 F8     BNE  A:00 X:6B Y:0D P:24 SP:FB
E847  2C 02 20  BIT  A:00 X:6B Y:0D P:24 SP:FB
E84A  30 06     BMI  A:00 X:6B Y:0D P:26 SP:FB
E84C  CA        DEX  A:00 X:6B Y:0D P:26 SP:FB
E84D  D0 F8     BNE  A:00 X:6A Y:0D P:24 SP:FB
E847  2C 02 20  BIT  A:00 X:6A Y:0D P:24 SP:FB
E84A  30 06     BMI  A:00 X:6A Y:0D P:26 SP:FB
E84C  CA        DEX  A:00 X:6A Y:0D P:26 SP:FB
E84D  D0 F8     BNE  A:00 X:69 Y:0D P:24 SP:FB
E847  2C 02 20  BIT  A:00 X:69 Y:0D P:24 SP:FB
E84A  30 06     BMI  A:00 X:69 Y:0D P:26 SP:FB
E84C  CA        DEX  A:00 X:69 Y:0D P:26 SP:FB
E84D  D0 F8     BNE  A:00 X:68 Y:0D P:24 SP:FB
E847  2C 02 20  BIT  A:00 X:68 Y:0D P:24 SP:FB
E84A  30 06     BMI  A:00 X:68 Y:0D P:26 SP:FB
E84C  CA        DEX  A:00 X:68 Y:0D P:26 SP:FB
E84D  D0 F8     BNE  A:00 X:67 Y:0D P:24 SP:FB
E847  2C 02 20  BIT  A:00 X:67 Y:0D P:24 SP:FB
E84A  30 06     BMI  A:00 X:67 Y:0D P:26 SP:FB
E84C  CA        DEX  A:00 X:67 Y:0D P:26 SP:FB
E84D  D0 F8     BNE  A:00 X:66 Y:0D P:24 SP:FB
E847  2C 02 20  BIT  A:00 X:66 Y:0D P:24 SP:FB
E84A  30 06     BMI  A:00 X:66 Y:0D P:26 SP:FB
E84C  CA        DEX  A:00 X:66 Y:0D P:26 SP:FB
E84D  D0 F8     BNE  A:00 X:65 Y:0D P:24 SP:FB
E847  2C 02 20  BIT  A:00 X:65 Y:0D P:24 SP:FB
E84A  30 06     BMI  A:00 X:65 Y:0D P:26 SP:FB
E84C  CA        DEX  A:00 X:65 Y:0D P:26 SP:FB
E84D  D0 F8     BNE  A:00 X:64 Y:0D P:24 SP:FB
E847  2C 02 20  BIT  A:00 X:64 Y:0D P:24 SP:FB
E84A  30 06     BMI  A:00 X:64 Y:0D P:26 SP:FB
E84C  CA        DEX  A:00 X:64 Y:0D P:26 SP:FB
E84D  D0 F8     BNE  A:00 X:63 Y:0D P:24 SP:FB
E847  2C 02 20  BIT  A:00 X:63 Y:0D P:24 SP:FB
E84A  30 06     BMI  A:00 X:63 Y:0D P:26 SP:FB
E84C  CA        DEX  A:00 X:63 Y:0D P:26 SP:FB
E84D  D0 F8     BNE  A:00 X:62 Y:0D P:24 SP:FB
E847  2C 02 20  BIT  A:00 X:62 Y:0D P:24 SP:FB
E84A  30 06     BMI  A:00 X:62 Y:0D P:26 SP:FB
E84C  CA        DEX  A:00 X:62 Y:0D P:26 SP:FB
E84D  D0 F8     BNE  A:00 X:61 Y:0D P:24 SP:FB
E847  2C 02 20  BIT  A:00 X:61 Y:0D P:24 SP:FB
E84A  30 06     BMI  A:00 X:61 Y:0D P:26 SP:FB
E84C  CA        DEX  A:00 X:61 Y:0D P:26 SP:FB
E84D  D0 F8     BNE  A:00 X:60 Y:0D P:24 SP:FB
E847  2C 02 20  BIT  A:00 X:60 Y:0D P:24 SP:FB
E84A  30 06     BMI  A:00 X:60 Y:0D P:26 SP:FB
E84C  CA        DEX  A:00 X:60 Y:0D P:26 SP:FB
E84D  D0 F8     BNE  A:00 X:5F Y:0D P:24 SP:FB
E847  2C 02 20  BIT  A:00 X:5F Y:0D P:24 SP:FB
E84A  30 06     BMI  A:00 X:5F Y:0D P:26 SP:FB
E84C  CA        DEX  A:00 X:5F Y:0D P:26 SP:FB
E84D  D0 F8     BNE  A:00 X:5E Y:0D P:24 SP:FB
E847  2C 02 20  BIT  A:00 X:5E Y:0D P:24 SP:FB
E84A  30 06     BMI  A:00 X:5E Y:0D P:26 SP:FB
E84C  CA        DEX  A:00 X:5E Y:0D P:26 SP:FB
E84D  D0 F8     BNE  A:00 X:5D Y:0D P:24 SP:FB
E847  2C 02 20  BIT  A:00 X:5D Y:0D P:24 SP:FB
E84A  30 06     BMI  A:00 X:5D Y:0D P:26 SP:FB
E84C  CA        DEX  A:00 X:5D Y:0D P:26 SP:FB
E84D  D0 F8     BNE  A:00 X:5C Y:0D P:24 SP:FB
E847  2C 02 20  BIT  A:00 X:5C Y:0D P:24 SP:FB
E84A  30 06     BMI  A:00 X:5C Y:0D P:26 SP:FB
E84C  CA        DEX  A:00 X:5C Y:0D P:26 SP:FB
E84D  D0 F8     BNE  A:00 X:5B Y:0D P:24 SP:FB
E847  2C 02 20  BIT  A:00 X:5B Y:0D P:24 SP:FB
E84A  30 06     BMI  A:00 X:5B Y:0D P:26 SP:FB
E84C  CA        DEX  A:00 X:5B Y:0D P:26 SP:FB
E84D  D0 F8     BNE  A:00 X:5A Y:0D P:24 SP:FB
E847  2C 02 20  BIT  A:00 X:5A Y:0D P:24 SP:FB
E84A  30 06     BMI  A:00 X:5A Y:0D P:26 SP:FB
E84C  CA        DEX  A:00 X:5A Y:0D P:26 SP:FB
E84D  D0 F8     BNE  A:00 X:59 Y:0D P:24 SP:FB
E847  2C 02 20  BIT  A:00 X:59 Y:0D P:24 SP:FB
E84A  30 06     BMI  A:00 X:59 Y:0D P:26 SP:FB
E84C  CA        DEX  A:00 X:59 Y:0D P:26 SP:FB
E84D  D0 F8     BNE  A:00 X:58 Y:0D P:24 SP:FB
E847  2C 02 20  BIT  A:00 X:58 Y:0D P:24 SP:FB
E84A  30 06     BMI  A:00 X:58 Y:0D P:26 SP:FB
E84C  CA        DEX  A:00 X:58 Y:0D P:26 SP:FB
E84D  D0 F8     BNE  A:00 X:57 Y:0D P:24 SP:FB
E847  2C 02 20  BIT  A:00 X:57 Y:0D P:24 SP:FB
E84A  30 06     BMI  A:00 X:57 Y:0D P:26 SP:FB
E84C  CA        DEX  A:00 X:57 Y:0D P:26 SP:FB
E84D  D0 F8     BNE  A:00 X:56 Y:0D P:24 SP:FB
E847  2C 02 20  BIT  A:00 X:56 Y:0D P:24 SP:FB
E84A  30 06     BMI  A:00 X:56 Y:0D P:26 SP:FB
E84C  CA        DEX  A:00 X:56 Y:0D P:26 SP:FB
E84D  D0 F8     BNE  A:00 X:55 Y:0D P:24 SP:FB
E847  2C 02 20  BIT  A:00 X:55 Y:0D P:24 SP:FB
E84A  30 06     BMI  A:00 X:55 Y:0D P:26 SP:FB
E84C  CA        DEX  A:00 X:55 Y:0D P:26 SP:FB
E84D  D0 F8     BNE  A:00 X:54 Y:0D P:24 SP:FB
E847  2C 02 20  BIT  A:00 X:54 Y:0D P:24 SP:FB
E84A  30 06     BMI  A:00 X:54 Y:0D P:26 SP:FB
E84C  CA        DEX  A:00 X:54 Y:0D P:26 SP:FB
E84D  D0 F8     BNE  A:00 X:53 Y:0D P:24 SP:FB
E847  2C 02 20  BIT  A:00 X:53 Y:0D P:24 SP:FB
E84A  30 06     BMI  A:00 X:53 Y:0D P:26 SP:FB
E84C  CA        DEX  A:00 X:53 Y:0D P:26 SP:FB
E84D  D0 F8     BNE  A:00 X:52 Y:0D P:24 SP:FB
E847  2C 02 20  BIT  A:00 X:52 Y:0D P:24 SP:FB
E84A  30 06     BMI  A:00 X:52 Y:0D P:26 SP:FB
E84C  CA        DEX  A:00 X:52 Y:0D P:26 SP:FB
E84D  D0 F8     BNE  A:00 X:51 Y:0D P:24 SP:FB
E847  2C 02 20  BIT  A:00 X:51 Y:0D P:24 SP:FB
E84A  30 06     BMI  A:00 X:51 Y:0D P:26 SP:FB
E84C  CA        DEX  A:00 X:51 Y:0D P:26 SP:FB
E84D  D0 F8     BNE  A:00 X:50 Y:0D P:24 SP:FB
E847  2C 02 20  BIT  A:00 X:50 Y:0D P:24 SP:FB
E84A  30 06     BMI  A:00 X:50 Y:0D P:26 SP:FB
E84C  CA        DEX  A:00 X:50 Y:0D P:26 SP:FB
E84D  D0 F8     BNE  A:00 X:4F Y:0D P:24 SP:FB
E847  2C 02 20  BIT  A:00 X:4F Y:0D P:24 SP:FB
E84A  30 06     BMI  A:00 X:4F Y:0D P:26 SP:FB
E84C  CA        DEX  A:00 X:4F Y:0D P:26 SP:FB
E84D  D0 F8     BNE  A:00 X:4E Y:0D P:24 SP:FB
E847  2C 02 20  BIT  A:00 X:4E Y:0D P:24 SP:FB
E84A  30 06     BMI  A:00 X:4E Y:0D P:26 SP:FB
E84C  CA        DEX  A:00 X:4E Y:0D P:26 SP:FB
E84D  D0 F8     BNE  A:00 X:4D Y:0D P:24 SP:FB
E847  2C 02 20  BIT  A:00 X:4D Y:0D P:24 SP:FB
E84A  30 06     BMI  A:00 X:4D Y:0D P:26 SP:FB
E84C  CA        DEX  A:00 X:4D Y:0D P:26 SP:FB
E84D  D0 F8     BNE  A:00 X:4C Y:0D P:24 SP:FB
E847  2C 02 20  BIT  A:00 X:4C Y:0D P:24 SP:FB
E84A  30 06     BMI  A:00 X:4C Y:0D P:26 SP:FB
E84C  CA        DEX  A:00 X:4C Y:0D P:26 SP:FB
E84D  D0 F8     BNE  A:00 X:4B Y:0D P:24 SP:FB
E847  2C 02 20  BIT  A:00 X:4B Y:0D P:24 SP:FB
E84A  30 06     BMI  A:00 X:4B Y:0D P:26 SP:FB
E84C  CA        DEX  A:00 X:4B Y:0D P:26 SP:FB
E84D  D0 F8     BNE  A:00 X:4A Y:0D P:24 SP:FB
E847  2C 02 20  BIT  A:00 X:4A Y:0D P:24 SP:FB
E84A  30 06     BMI  A:00 X:4A Y:0D P:26 SP:FB
E84C  CA        DEX  A:00 X:4A Y:0D P:26 SP:FB
E84D  D0 F8     BNE  A:00 X:49 Y:0D P:24 SP:FB
E847  2C 02 20  BIT  A:00 X:49 Y:0D P:24 SP:FB
E84A  30 06     BMI  A:00 X:49 Y:0D P:26 SP:FB
E84C  CA        DEX  A:00 X:49 Y:0D P:26 SP:FB
E84D  D0 F8     BNE  A:00 X:48 Y:0D P:24 SP:FB
E847  2C 02 20  BIT  A:00 X:48 Y:0D P:24 SP:FB
E84A  30 06     BMI  A:00 X:48 Y:0D P:26 SP:FB
E84C  CA        DEX  A:00 X:48 Y:0D P:26 SP:FB
E84D  D0 F8     BNE  A:00 X:47 Y:0D P:24 SP:FB
E847  2C 02 20  BIT  A:00 X:47 Y:0D P:24 SP:FB
E84A  30 06     BMI  A:00 X:47 Y:0D P:26 SP:FB
E84C  CA        DEX  A:00 X:47 Y:0D P:26 SP:FB
E84D  D0 F8     BNE  A:00 X:46 Y:0D P:24 SP:FB
E847  2C 02 20  BIT  A:00 X:46 Y:0D P:24 SP:FB
E84A  30 06     BMI  A:00 X:46 Y:0D P:26 SP:FB
E84C  CA        DEX  A:00 X:46 Y:0D P:26 SP:FB
E84D  D0 F8     BNE  A:00 X:45 Y:0D P:24 SP:FB
E847  2C 02 20  BIT  A:00 X:45 Y:0D P:24 SP:FB
E84A  30 06     BMI  A:00 X:45 Y:0D P:26 SP:FB
E84C  CA        DEX  A:00 X:45 Y:0D P:26 SP:FB
E84D  D0 F8     BNE  A:00 X:44 Y:0D P:24 SP:FB
E847  2C 02 20  BIT  A:00 X:44 Y:0D P:24 SP:FB
E84A  30 06     BMI  A:00 X:44 Y:0D P:26 SP:FB
E84C  CA        DEX  A:00 X:44 Y:0D P:26 SP:FB
E84D  D0 F8     BNE  A:00 X:43 Y:0D P:24 SP:FB
E847  2C 02 20  BIT  A:00 X:43 Y:0D P:24 SP:FB
E84A  30 06     BMI  A:00 X:43 Y:0D P:26 SP:FB
E84C  CA        DEX  A:00 X:43 Y:0D P:26 SP:FB
E84D  D0 F8     BNE  A:00 X:42 Y:0D P:24 SP:FB
E847  2C 02 20  BIT  A:00 X:42 Y:0D P:24 SP:FB
E84A  30 06     BMI  A:00 X:42 Y:0D P:26 SP:FB
E84C  CA        DEX  A:00 X:42 Y:0D P:26 SP:FB
E84D  D0 F8     BNE  A:00 X:41 Y:0D P:24 SP:FB
E847  2C 02 20  BIT  A:00 X:41 Y:0D P:24 SP:FB
E84A  30 06     BMI  A:00 X:41 Y:0D P:26 SP:FB
E84C  CA        DEX  A:00 X:41 Y:0D P:26 SP:FB
E84D  D0 F8     BNE  A:00 X:40 Y:0D P:24 SP:FB
E847  2C 02 20  BIT  A:00 X:40 Y:0D P:24 SP:FB
E84A  30 06     BMI  A:00 X:40 Y:0D P:26 SP:FB
E84C  CA        DEX  A:00 X:40 Y:0D P:26 SP:FB
E84D  D0 F8     BNE  A:00 X:3F Y:0D P:24 SP:FB
E847  2C 02 20  BIT  A:00 X:3F Y:0D P:24 SP:FB
E84A  30 06     BMI  A:00 X:3F Y:0D P:26 SP:FB
E84C  CA        DEX  A:00 X:3F Y:0D P:26 SP:FB
E84D  D0 F8     BNE  A:00 X:3E Y:0D P:24 SP:FB
E847  2C 02 20  BIT  A:00 X:3E Y:0D P:24 SP:FB
E84A  30 06     BMI  A:00 X:3E Y:0D P:26 SP:FB
E84C  CA        DEX  A:00 X:3E Y:0D P:26 SP:FB
E84D  D0 F8     BNE  A:00 X:3D Y:0D P:24 SP:FB
E847  2C 02 20  BIT  A:00 X:3D Y:0D P:24 SP:FB
E84A  30 06     BMI  A:00 X:3D Y:0D P:26 SP:FB
E84C  CA        DEX  A:00 X:3D Y:0D P:26 SP:FB
E84D  D0 F8     BNE  A:00 X:3C Y:0D P:24 SP:FB
E847  2C 02 20  BIT  A:00 X:3C Y:0D P:24 SP:FB
E84A  30 06     BMI  A:00 X:3C Y:0D P:26 SP:FB
E84C  CA        DEX  A:00 X:3C Y:0D P:26 SP:FB
E84D  D0 F8     BNE  A:00 X:3B Y:0D P:24 SP:FB
E847  2C 02 20  BIT  A:00 X:3B Y:0D P:24 SP:FB
E84A  30 06     BMI  A:00 X:3B Y:0D P:26 SP:FB
E84C  CA        DEX  A:00 X:3B Y:0D P:26 SP:FB
E84D  D0 F8     BNE  A:00 X:3A Y:0D P:24 SP:FB
E847  2C 02 20  BIT  A:00 X:3A Y:0D P:24 SP:FB
E84A  30 06     BMI  A:00 X:3A Y:0D P:26 SP:FB
E84C  CA        DEX  A:00 X:3A Y:0D P:26 SP:FB
E84D  D0 F8     BNE  A:00 X:39 Y:0D P:24 SP:FB
E847  2C 02 20  BIT  A:00 X:39 Y:0D P:24 SP:FB
E84A  30 06     BMI  A:00 X:39 Y:0D P:26 SP:FB
E84C  CA        DEX  A:00 X:39 Y:0D P:26 SP:FB
E84D  D0 F8     BNE  A:00 X:38 Y:0D P:24 SP:FB
E847  2C 02 20  BIT  A:00 X:38 Y:0D P:24 SP:FB
E84A  30 06     BMI  A:00 X:38 Y:0D P:26 SP:FB
E84C  CA        DEX  A:00 X:38 Y:0D P:26 SP:FB
E84D  D0 F8     BNE  A:00 X:37 Y:0D P:24 SP:FB
E847  2C 02 20  BIT  A:00 X:37 Y:0D P:24 SP:FB
E84A  30 06     BMI  A:00 X:37 Y:0D P:26 SP:FB
E84C  CA        DEX  A:00 X:37 Y:0D P:26 SP:FB
E84D  D0 F8     BNE  A:00 X:36 Y:0D P:24 SP:FB
E847  2C 02 20  BIT  A:00 X:36 Y:0D P:24 SP:FB
E84A  30 06     BMI  A:00 X:36 Y:0D P:26 SP:FB
E84C  CA        DEX  A:00 X:36 Y:0D P:26 SP:FB
E84D  D0 F8     BNE  A:00 X:35 Y:0D P:24 SP:FB
E847  2C 02 20  BIT  A:00 X:35 Y:0D P:24 SP:FB
E84A  30 06     BMI  A:00 X:35 Y:0D P:26 SP:FB
E84C  CA        DEX  A:00 X:35 Y:0D P:26 SP:FB
E84D  D0 F8     BNE  A:00 X:34 Y:0D P:24 SP:FB
E847  2C 02 20  BIT  A:00 X:34 Y:0D P:24 SP:FB
E84A  30 06     BMI  A:00 X:34 Y:0D P:26 SP:FB
E84C  CA        DEX  A:00 X:34 Y:0D P:26 SP:FB
E84D  D0 F8     BNE  A:00 X:33 Y:0D P:24 SP:FB
E847  2C 02 20  BIT  A:00 X:33 Y:0D P:24 SP:FB
E84A  30 06     BMI  A:00 X:33 Y:0D P:26 SP:FB
E84C  CA        DEX  A:00 X:33 Y:0D P:26 SP:FB
E84D  D0 F8     BNE  A:00 X:32 Y:0D P:24 SP:FB
E847  2C 02 20  BIT  A:00 X:32 Y:0D P:24 SP:FB
E84A  30 06     BMI  A:00 X:32 Y:0D P:26 SP:FB
E84C  CA        DEX  A:00 X:32 Y:0D P:26 SP:FB
E84D  D0 F8     BNE  A:00 X:31 Y:0D P:24 SP:FB
E847  2C 02 20  BIT  A:00 X:31 Y:0D P:24 SP:FB
E84A  30 06     BMI  A:00 X:31 Y:0D P:26 SP:FB
E84C  CA        DEX  A:00 X:31 Y:0D P:26 SP:FB
E84D  D0 F8     BNE  A:00 X:30 Y:0D P:24 SP:FB
E847  2C 02 20  BIT  A:00 X:30 Y:0D P:24 SP:FB
E84A  30 06     BMI  A:00 X:30 Y:0D P:26 SP:FB
E84C  CA        DEX  A:00 X:30 Y:0D P:26 SP:FB
E84D  D0 F8     BNE  A:00 X:2F Y:0D P:24 SP:FB
E847  2C 02 20  BIT  A:00 X:2F Y:0D P:24 SP:FB
E84A  30 06     BMI  A:00 X:2F Y:0D P:26 SP:FB
E84C  CA        DEX  A:00 X:2F Y:0D P:26 SP:FB
E84D  D0 F8     BNE  A:00 X:2E Y:0D P:24 SP:FB
E847  2C 02 20  BIT  A:00 X:2E Y:0D P:24 SP:FB
E84A  30 06     BMI  A:00 X:2E Y:0D P:26 SP:FB
E84C  CA        DEX  A:00 X:2E Y:0D P:26 SP:FB
E84D  D0 F8     BNE  A:00 X:2D Y:0D P:24 SP:FB
E847  2C 02 20  BIT  A:00 X:2D Y:0D P:24 SP:FB
E84A  30 06     BMI  A:00 X:2D Y:0D P:26 SP:FB
E84C  CA        DEX  A:00 X:2D Y:0D P:26 SP:FB
E84D  D0 F8     BNE  A:00 X:2C Y:0D P:24 SP:FB
E847  2C 02 20  BIT  A:00 X:2C Y:0D P:24 SP:FB
E84A  30 06     BMI  A:00 X:2C Y:0D P:26 SP:FB
E84C  CA        DEX  A:00 X:2C Y:0D P:26 SP:FB
E84D  D0 F8     BNE  A:00 X:2B Y:0D P:24 SP:FB
E847  2C 02 20  BIT  A:00 X:2B Y:0D P:24 SP:FB
E84A  30 06     BMI  A:00 X:2B Y:0D P:26 SP:FB
E84C  CA        DEX  A:00 X:2B Y:0D P:26 SP:FB
E84D  D0 F8     BNE  A:00 X:2A Y:0D P:24 SP:FB
E847  2C 02 20  BIT  A:00 X:2A Y:0D P:24 SP:FB
E84A  30 06     BMI  A:00 X:2A Y:0D P:26 SP:FB
E84C  CA        DEX  A:00 X:2A Y:0D P:26 SP:FB
E84D  D0 F8     BNE  A:00 X:29 Y:0D P:24 SP:FB
E847  2C 02 20  BIT  A:00 X:29 Y:0D P:24 SP:FB
E84A  30 06     BMI  A:00 X:29 Y:0D P:26 SP:FB
E84C  CA        DEX  A:00 X:29 Y:0D P:26 SP:FB
E84D  D0 F8     BNE  A:00 X:28 Y:0D P:24 SP:FB
E847  2C 02 20  BIT  A:00 X:28 Y:0D P:24 SP:FB
E84A  30 06     BMI  A:00 X:28 Y:0D P:26 SP:FB
E84C  CA        DEX  A:00 X:28 Y:0D P:26 SP:FB
E84D  D0 F8     BNE  A:00 X:27 Y:0D P:24 SP:FB
E847  2C 02 20  BIT  A:00 X:27 Y:0D P:24 SP:FB
E84A  30 06     BMI  A:00 X:27 Y:0D P:26 SP:FB
E84C  CA        DEX  A:00 X:27 Y:0D P:26 SP:FB
E84D  D0 F8     BNE  A:00 X:26 Y:0D P:24 SP:FB
E847  2C 02 20  BIT  A:00 X:26 Y:0D P:24 SP:FB
E84A  30 06     BMI  A:00 X:26 Y:0D P:26 SP:FB
E84C  CA        DEX  A:00 X:26 Y:0D P:26 SP:FB
E84D  D0 F8     BNE  A:00 X:25 Y:0D P:24 SP:FB
E847  2C 02 20  BIT  A:00 X:25 Y:0D P:24 SP:FB
E84A  30 06     BMI  A:00 X:25 Y:0D P:26 SP:FB
E84C  CA        DEX  A:00 X:25 Y:0D P:26 SP:FB
E84D  D0 F8     BNE  A:00 X:24 Y:0D P:24 SP:FB
E847  2C 02 20  BIT  A:00 X:24 Y:0D P:24 SP:FB
E84A  30 06     BMI  A:00 X:24 Y:0D P:26 SP:FB
E84C  CA        DEX  A:00 X:24 Y:0D P:26 SP:FB
E84D  D0 F8     BNE  A:00 X:23 Y:0D P:24 SP:FB
E847  2C 02 20  BIT  A:00 X:23 Y:0D P:24 SP:FB
E84A  30 06     BMI  A:00 X:23 Y:0D P:26 SP:FB
E84C  CA        DEX  A:00 X:23 Y:0D P:26 SP:FB
E84D  D0 F8     BNE  A:00 X:22 Y:0D P:24 SP:FB
E847  2C 02 20  BIT  A:00 X:22 Y:0D P:24 SP:FB
E84A  30 06     BMI  A:00 X:22 Y:0D P:26 SP:FB
E84C  CA        DEX  A:00 X:22 Y:0D P:26 SP:FB
E84D  D0 F8     BNE  A:00 X:21 Y:0D P:24 SP:FB
E847  2C 02 20  BIT  A:00 X:21 Y:0D P:24 SP:FB
E84A  30 06     BMI  A:00 X:21 Y:0D P:26 SP:FB
E84C  CA        DEX  A:00 X:21 Y:0D P:26 SP:FB
E84D  D0 F8     BNE  A:00 X:20 Y:0D P:24 SP:FB
E847  2C 02 20  BIT  A:00 X:20 Y:0D P:24 SP:FB
E84A  30 06     BMI  A:00 X:20 Y:0D P:26 SP:FB
E84C  CA        DEX  A:00 X:20 Y:0D P:26 SP:FB
E84D  D0 F8     BNE  A:00 X:1F Y:0D P:24 SP:FB
E847  2C 02 20  BIT  A:00 X:1F Y:0D P:24 SP:FB
E84A  30 06     BMI  A:00 X:1F Y:0D P:26 SP:FB
E84C  CA        DEX  A:00 X:1F Y:0D P:26 SP:FB
E84D  D0 F8     BNE  A:00 X:1E Y:0D P:24 SP:FB
E847  2C 02 20  BIT  A:00 X:1E Y:0D P:24 SP:FB
E84A  30 06     BMI  A:00 X:1E Y:0D P:26 SP:FB
E84C  CA        DEX  A:00 X:1E Y:0D P:26 SP:FB
E84D  D0 F8     BNE  A:00 X:1D Y:0D P:24 SP:FB
E847  2C 02 20  BIT  A:00 X:1D Y:0D P:24 SP:FB
E84A  30 06     BMI  A:00 X:1D Y:0D P:26 SP:FB
E84C  CA        DEX  A:00 X:1D Y:0D P:26 SP:FB
E84D  D0 F8     BNE  A:00 X:1C Y:0D P:24 SP:FB
E847  2C 02 20  BIT  A:00 X:1C Y:0D P:24 SP:FB
E84A  30 06     BMI  A:00 X:1C Y:0D P:26 SP:FB
E84C  CA        DEX  A:00 X:1C Y:0D P:26 SP:FB
E84D  D0 F8     BNE  A:00 X:1B Y:0D P:24 SP:FB
E847  2C 02 20  BIT  A:00 X:1B Y:0D P:24 SP:FB
E84A  30 06     BMI  A:00 X:1B Y:0D P:26 SP:FB
E84C  CA        DEX  A:00 X:1B Y:0D P:26 SP:FB
E84D  D0 F8     BNE  A:00 X:1A Y:0D P:24 SP:FB
E847  2C 02 20  BIT  A:00 X:1A Y:0D P:24 SP:FB
E84A  30 06     BMI  A:00 X:1A Y:0D P:26 SP:FB
E84C  CA        DEX  A:00 X:1A Y:0D P:26 SP:FB
E84D  D0 F8     BNE  A:00 X:19 Y:0D P:24 SP:FB
E847  2C 02 20  BIT  A:00 X:19 Y:0D P:24 SP:FB
E84A  30 06     BMI  A:00 X:19 Y:0D P:26 SP:FB
E84C  CA        DEX  A:00 X:19 Y:0D P:26 SP:FB
E84D  D0 F8     BNE  A:00 X:18 Y:0D P:24 SP:FB
E847  2C 02 20  BIT  A:00 X:18 Y:0D P:24 SP:FB
E84A  30 06     BMI  A:00 X:18 Y:0D P:26 SP:FB
E84C  CA        DEX  A:00 X:18 Y:0D P:26 SP:FB
E84D  D0 F8     BNE  A:00 X:17 Y:0D P:24 SP:FB
E847  2C 02 20  BIT  A:00 X:17 Y:0D P:24 SP:FB
E84A  30 06     BMI  A:00 X:17 Y:0D P:26 SP:FB
E84C  CA        DEX  A:00 X:17 Y:0D P:26 SP:FB
E84D  D0 F8     BNE  A:00 X:16 Y:0D P:24 SP:FB
E847  2C 02 20  BIT  A:00 X:16 Y:0D P:24 SP:FB
E84A  30 06     BMI  A:00 X:16 Y:0D P:26 SP:FB
E84C  CA        DEX  A:00 X:16 Y:0D P:26 SP:FB
E84D  D0 F8     BNE  A:00 X:15 Y:0D P:24 SP:FB
E847  2C 02 20  BIT  A:00 X:15 Y:0D P:24 SP:FB
E84A  30 06     BMI  A:00 X:15 Y:0D P:26 SP:FB
E84C  CA        DEX  A:00 X:15 Y:0D P:26 SP:FB
E84D  D0 F8     BNE  A:00 X:14 Y:0D P:24 SP:FB
E847  2C 02 20  BIT  A:00 X:14 Y:0D P:24 SP:FB
E84A  30 06     BMI  A:00 X:14 Y:0D P:26 SP:FB
E84C  CA        DEX  A:00 X:14 Y:0D P:26 SP:FB
E84D  D0 F8     BNE  A:00 X:13 Y:0D P:24 SP:FB
E847  2C 02 20  BIT  A:00 X:13 Y:0D P:24 SP:FB
E84A  30 06     BMI  A:00 X:13 Y:0D P:26 SP:FB
E84C  CA        DEX  A:00 X:13 Y:0D P:26 SP:FB
E84D  D0 F8     BNE  A:00 X:12 Y:0D P:24 SP:FB
E847  2C 02 20  BIT  A:00 X:12 Y:0D P:24 SP:FB
E84A  30 06     BMI  A:00 X:12 Y:0D P:26 SP:FB
E84C  CA        DEX  A:00 X:12 Y:0D P:26 SP:FB
E84D  D0 F8     BNE  A:00 X:11 Y:0D P:24 SP:FB
E847  2C 02 20  BIT  A:00 X:11 Y:0D P:24 SP:FB
E84A  30 06     BMI  A:00 X:11 Y:0D P:26 SP:FB
E84C  CA        DEX  A:00 X:11 Y:0D P:26 SP:FB
E84D  D0 F8     BNE  A:00 X:10 Y:0D P:24 SP:FB
E847  2C 02 20  BIT  A:00 X:10 Y:0D P:24 SP:FB
E84A  30 06     BMI  A:00 X:10 Y:0D P:26 SP:FB
E84C  CA        DEX  A:00 X:10 Y:0D P:26 SP:FB
E84D  D0 F8     BNE  A:00 X:0F Y:0D P:24 SP:FB
E847  2C 02 20  BIT  A:00 X:0F Y:0D P:24 SP:FB
E84A  30 06     BMI  A:00 X:0F Y:0D P:26 SP:FB
E84C  CA        DEX  A:00 X:0F Y:0D P:26 SP:FB
E84D  D0 F8     BNE  A:00 X:0E Y:0D P:24 SP:FB
E847  2C 02 20  BIT  A:00 X:0E Y:0D P:24 SP:FB
E84A  30 06     BMI  A:00 X:0E Y:0D P:26 SP:FB
E84C  CA        DEX  A:00 X:0E Y:0D P:26 SP:FB
E84D  D0 F8     BNE  A:00 X:0D Y:0D P:24 SP:FB
E847  2C 02 20  BIT  A:00 X:0D Y:0D P:24 SP:FB
E84A  30 06     BMI  A:00 X:0D Y:0D P:26 SP:FB
E84C  CA        DEX  A:00 X:0D Y:0D P:26 SP:FB
E84D  D0 F8     BNE  A:00 X:0C Y:0D P:24 SP:FB
E847  2C 02 20  BIT  A:00 X:0C Y:0D P:24 SP:FB
E84A  30 06     BMI  A:00 X:0C Y:0D P:26 SP:FB
E84C  CA        DEX  A:00 X:0C Y:0D P:26 SP:FB
E84D  D0 F8     BNE  A:00 X:0B Y:0D P:24 SP:FB
E847  2C 02 20  BIT  A:00 X:0B Y:0D P:24 SP:FB
E84A  30 06     BMI  A:00 X:0B Y:0D P:26 SP:FB
E84C  CA        DEX  A:00 X:0B Y:0D P:26 SP:FB
E84D  D0 F8     BNE  A:00 X:0A Y:0D P:24 SP:FB
E847  2C 02 20  BIT  A:00 X:0A Y:0D P:24 SP:FB
E84A  30 06     BMI  A:00 X:0A Y:0D P:26 SP:FB
E84C  CA        DEX  A:00 X:0A Y:0D P:26 SP:FB
E84D  D0 F8     BNE  A:00 X:09 Y:0D P:24 SP:FB
E847  2C 02 20  BIT  A:00 X:09 Y:0D P:24 SP:FB
E84A  30 06     BMI  A:00 X:09 Y:0D P:26 SP:FB
E84C  CA        DEX  A:00 X:09 Y:0D P:26 SP:FB
E84D  D0 F8     BNE  A:00 X:08 Y:0D P:24 SP:FB
E847  2C 02 20  BIT  A:00 X:08 Y:0D P:24 SP:FB
E84A  30 06     BMI  A:00 X:08 Y:0D P:26 SP:FB
E84C  CA        DEX  A:00 X:08 Y:0D P:26 SP:FB
E84D  D0 F8     BNE  A:00 X:07 Y:0D P:24 SP:FB
E847  2C 02 20  BIT  A:00 X:07 Y:0D P:24 SP:FB
E84A  30 06     BMI  A:00 X:07 Y:0D P:26 SP:FB
E84C  CA        DEX  A:00 X:07 Y:0D P:26 SP:FB
E84D  D0 F8     BNE  A:00 X:06 Y:0D P:24 SP:FB
E847  2C 02 20  BIT  A:00 X:06 Y:0D P:24 SP:FB
E84A  30 06     BMI  A:00 X:06 Y:0D P:26 SP:FB
E84C  CA        DEX  A:00 X:06 Y:0D P:26 SP:FB
E84D  D0 F8     BNE  A:00 X:05 Y:0D P:24 SP:FB
E847  2C 02 20  BIT  A:00 X:05 Y:0D P:24 SP:FB
E84A  30 06     BMI  A:00 X:05 Y:0D P:26 SP:FB
E84C  CA        DEX  A:00 X:05 Y:0D P:26 SP:FB
E84D  D0 F8     BNE  A:00 X:04 Y:0D P:24 SP:FB
E847  2C 02 20  BIT  A:00 X:04 Y:0D P:24 SP:FB
E84A  30 06     BMI  A:00 X:04 Y:0D P:26 SP:FB
E84C  CA        DEX  A:00 X:04 Y:0D P:26 SP:FB
E84D  D0 F8     BNE  A:00 X:03 Y:0D P:24 SP:FB
E847  2C 02 20  BIT  A:00 X:03 Y:0D P:24 SP:FB
E84A  30 06     BMI  A:00 X:03 Y:0D P:26 SP:FB
E84C  CA        DEX  A:00 X:03 Y:0D P:26 SP:FB
E84D  D0 F8     BNE  A:00 X:02 Y:0D P:24 SP:FB
E847  2C 02 20  BIT  A:00 X:02 Y:0D P:24 SP:FB
E84A  30 06     BMI  A:00 X:02 Y:0D P:26 SP:FB
E84C  CA        DEX  A:00 X:02 Y:0D P:26 SP:FB
E84D  D0 F8     BNE  A:00 X:01 Y:0D P:24 SP:FB
E847  2C 02 20  BIT  A:00 X:01 Y:0D P:24 SP:FB
E84A  30 06     BMI  A:00 X:01 Y:0D P:26 SP:FB
E84C  CA        DEX  A:00 X:01 Y:0D P:26 SP:FB
E84D  D0 F8     BNE  A:00 X:00 Y:0D P:26 SP:FB
E84F  88        DEY  A:00 X:00 Y:0D P:26 SP:FB
E850  10 F5     BPL  A:00 X:00 Y:0C P:24 SP:FB
E847  2C 02 20  BIT  A:00 X:00 Y:0C P:24 SP:FB
E84A  30 06     BMI  A:00 X:00 Y:0C P:26 SP:FB
E84C  CA        DEX  A:00 X:00 Y:0C P:26 SP:FB
E84D  D0 F8     BNE  A:00 X:FF Y:0C P:A4 SP:FB
E847  2C 02 20  BIT  A:00 X:FF Y:0C P:A4 SP:FB
E84A  30 06     BMI  A:00 X:FF Y:0C P:26 SP:FB
E84C  CA        DEX  A:00 X:FF Y:0C P:26 SP:FB
E84D  D0 F8     BNE  A:00 X:FE Y:0C P:A4 SP:FB
E847  2C 02 20  BIT  A:00 X:FE Y:0C P:A4 SP:FB
E84A  30 06     BMI  A:00 X:FE Y:0C P:26 SP:FB
E84C  CA        DEX  A:00 X:FE Y:0C P:26 SP:FB
E84D  D0 F8     BNE  A:00 X:FD Y:0C P:A4 SP:FB
E847  2C 02 20  BIT  A:00 X:FD Y:0C P:A4 SP:FB
E84A  30 06     BMI  A:00 X:FD Y:0C P:26 SP:FB
E84C  CA        DEX  A:00 X:FD Y:0C P:26 SP:FB
E84D  D0 F8     BNE  A:00 X:FC Y:0C P:A4 SP:FB
E847  2C 02 20  BIT  A:00 X:FC Y:0C P:A4 SP:FB
E84A  30 06     BMI  A:00 X:FC Y:0C P:26 SP:FB
E84C  CA        DEX  A:00 X:FC Y:0C P:26 SP:FB
E84D  D0 F8     BNE  A:00 X:FB Y:0C P:A4 SP:FB
E847  2C 02 20  BIT  A:00 X:FB Y:0C P:A4 SP:FB
E84A  30 06     BMI  A:00 X:FB Y:0C P:26 SP:FB
E84C  CA        DEX  A:00 X:FB Y:0C P:26 SP:FB
E84D  D0 F8     BNE  A:00 X:FA Y:0C P:A4 SP:FB
E847  2C 02 20  BIT  A:00 X:FA Y:0C P:A4 SP:FB
E84A  30 06     BMI  A:00 X:FA Y:0C P:26 SP:FB
E84C  CA        DEX  A:00 X:FA Y:0C P:26 SP:FB
E84D  D0 F8     BNE  A:00 X:F9 Y:0C P:A4 SP:FB
E847  2C 02 20  BIT  A:00 X:F9 Y:0C P:A4 SP:FB
E84A  30 06     BMI  A:00 X:F9 Y:0C P:26 SP:FB
E84C  CA        DEX  A:00 X:F9 Y:0C P:26 SP:FB
E84D  D0 F8     BNE  A:00 X:F8 Y:0C P:A4 SP:FB
E847  2C 02 20  BIT  A:00 X:F8 Y:0C P:A4 SP:FB
E84A  30 06     BMI  A:00 X:F8 Y:0C P:26 SP:FB
E84C  CA        DEX  A:00 X:F8 Y:0C P:26 SP:FB
E84D  D0 F8     BNE  A:00 X:F7 Y:0C P:A4 SP:FB
E847  2C 02 20  BIT  A:00 X:F7 Y:0C P:A4 SP:FB
E84A  30 06     BMI  A:00 X:F7 Y:0C P:26 SP:FB
E84C  CA        DEX  A:00 X:F7 Y:0C P:26 SP:FB
E84D  D0 F8     BNE  A:00 X:F6 Y:0C P:A4 SP:FB
E847  2C 02 20  BIT  A:00 X:F6 Y:0C P:A4 SP:FB
E84A  30 06     BMI  A:00 X:F6 Y:0C P:26 SP:FB
E84C  CA        DEX  A:00 X:F6 Y:0C P:26 SP:FB
E84D  D0 F8     BNE  A:00 X:F5 Y:0C P:A4 SP:FB
E847  2C 02 20  BIT  A:00 X:F5 Y:0C P:A4 SP:FB
E84A  30 06     BMI  A:00 X:F5 Y:0C P:26 SP:FB
E84C  CA        DEX  A:00 X:F5 Y:0C P:26 SP:FB
E84D  D0 F8     BNE  A:00 X:F4 Y:0C P:A4 SP:FB
E847  2C 02 20  BIT  A:00 X:F4 Y:0C P:A4 SP:FB
E84A  30 06     BMI  A:00 X:F4 Y:0C P:26 SP:FB
E84C  CA        DEX  A:00 X:F4 Y:0C P:26 SP:FB
E84D  D0 F8     BNE  A:00 X:F3 Y:0C P:A4 SP:FB
E847  2C 02 20  BIT  A:00 X:F3 Y:0C P:A4 SP:FB
E84A  30 06     BMI  A:00 X:F3 Y:0C P:26 SP:FB
E84C  CA        DEX  A:00 X:F3 Y:0C P:26 SP:FB
E84D  D0 F8     BNE  A:00 X:F2 Y:0C P:A4 SP:FB
E847  2C 02 20  BIT  A:00 X:F2 Y:0C P:A4 SP:FB
E84A  30 06     BMI  A:00 X:F2 Y:0C P:26 SP:FB
E84C  CA        DEX  A:00 X:F2 Y:0C P:26 SP:FB
E84D  D0 F8     BNE  A:00 X:F1 Y:0C P:A4 SP:FB
E847  2C 02 20  BIT  A:00 X:F1 Y:0C P:A4 SP:FB
E84A  30 06     BMI  A:00 X:F1 Y:0C P:26 SP:FB
E84C  CA        DEX  A:00 X:F1 Y:0C P:26 SP:FB
E84D  D0 F8     BNE  A:00 X:F0 Y:0C P:A4 SP:FB
E847  2C 02 20  BIT  A:00 X:F0 Y:0C P:A4 SP:FB
E84A  30 06     BMI  A:00 X:F0 Y:0C P:26 SP:FB
E84C  CA        DEX  A:00 X:F0 Y:0C P:26 SP:FB
E84D  D0 F8     BNE  A:00 X:EF Y:0C P:A4 SP:FB
E847  2C 02 20  BIT  A:00 X:EF Y:0C P:A4 SP:FB
E84A  30 06     BMI  A:00 X:EF Y:0C P:26 SP:FB
E84C  CA        DEX  A:00 X:EF Y:0C P:26 SP:FB
E84D  D0 F8     BNE  A:00 X:EE Y:0C P:A4 SP:FB
E847  2C 02 20  BIT  A:00 X:EE Y:0C P:A4 SP:FB
E84A  30 06     BMI  A:00 X:EE Y:0C P:26 SP:FB
E84C  CA        DEX  A:00 X:EE Y:0C P:26 SP:FB
E84D  D0 F8     BNE  A:00 X:ED Y:0C P:A4 SP:FB
E847  2C 02 20  BIT  A:00 X:ED Y:0C P:A4 SP:FB
E84A  30 06     BMI  A:00 X:ED Y:0C P:26 SP:FB
E84C  CA        DEX  A:00 X:ED Y:0C P:26 SP:FB
E84D  D0 F8     BNE  A:00 X:EC Y:0C P:A4 SP:FB
E847  2C 02 20  BIT  A:00 X:EC Y:0C P:A4 SP:FB
E84A  30 06     BMI  A:00 X:EC Y:0C P:26 SP:FB
E84C  CA        DEX  A:00 X:EC Y:0C P:26 SP:FB
E84D  D0 F8     BNE  A:00 X:EB Y:0C P:A4 SP:FB
E847  2C 02 20  BIT  A:00 X:EB Y:0C P:A4 SP:FB
E84A  30 06     BMI  A:00 X:EB Y:0C P:26 SP:FB
E84C  CA        DEX  A:00 X:EB Y:0C P:26 SP:FB
E84D  D0 F8     BNE  A:00 X:EA Y:0C P:A4 SP:FB
E847  2C 02 20  BIT  A:00 X:EA Y:0C P:A4 SP:FB
E84A  30 06     BMI  A:00 X:EA Y:0C P:26 SP:FB
E84C  CA        DEX  A:00 X:EA Y:0C P:26 SP:FB
E84D  D0 F8     BNE  A:00 X:E9 Y:0C P:A4 SP:FB
E847  2C 02 20  BIT  A:00 X:E9 Y:0C P:A4 SP:FB
E84A  30 06     BMI  A:00 X:E9 Y:0C P:26 SP:FB
E84C  CA        DEX  A:00 X:E9 Y:0C P:26 SP:FB
E84D  D0 F8     BNE  A:00 X:E8 Y:0C P:A4 SP:FB
E847  2C 02 20  BIT  A:00 X:E8 Y:0C P:A4 SP:FB
E84A  30 06     BMI  A:00 X:E8 Y:0C P:26 SP:FB
E84C  CA        DEX  A:00 X:E8 Y:0C P:26 SP:FB
E84D  D0 F8     BNE  A:00 X:E7 Y:0C P:A4 SP:FB
E847  2C 02 20  BIT  A:00 X:E7 Y:0C P:A4 SP:FB
E84A  30 06     BMI  A:00 X:E7 Y:0C P:26 SP:FB
E84C  CA        DEX  A:00 X:E7 Y:0C P:26 SP:FB
E84D  D0 F8     BNE  A:00 X:E6 Y:0C P:A4 SP:FB
E847  2C 02 20  BIT  A:00 X:E6 Y:0C P:A4 SP:FB
E84A  30 06     BMI  A:00 X:E6 Y:0C P:26 SP:FB
E84C  CA        DEX  A:00 X:E6 Y:0C P:26 SP:FB
E84D  D0 F8     BNE  A:00 X:E5 Y:0C P:A4 SP:FB
E847  2C 02 20  BIT  A:00 X:E5 Y:0C P:A4 SP:FB
E84A  30 06     BMI  A:00 X:E5 Y:0C P:26 SP:FB
E84C  CA        DEX  A:00 X:E5 Y:0C P:26 SP:FB
E84D  D0 F8     BNE  A:00 X:E4 Y:0C P:A4 SP:FB
E847  2C 02 20  BIT  A:00 X:E4 Y:0C P:A4 SP:FB
E84A  30 06     BMI  A:00 X:E4 Y:0C P:26 SP:FB
E84C  CA        DEX  A:00 X:E4 Y:0C P:26 SP:FB
E84D  D0 F8     BNE  A:00 X:E3 Y:0C P:A4 SP:FB
E847  2C 02 20  BIT  A:00 X:E3 Y:0C P:A4 SP:FB
E84A  30 06     BMI  A:00 X:E3 Y:0C P:26 SP:FB
E84C  CA        DEX  A:00 X:E3 Y:0C P:26 SP:FB
E84D  D0 F8     BNE  A:00 X:E2 Y:0C P:A4 SP:FB
E847  2C 02 20  BIT  A:00 X:E2 Y:0C P:A4 SP:FB
E84A  30 06     BMI  A:00 X:E2 Y:0C P:26 SP:FB
E84C  CA        DEX  A:00 X:E2 Y:0C P:26 SP:FB
E84D  D0 F8     BNE  A:00 X:E1 Y:0C P:A4 SP:FB
E847  2C 02 20  BIT  A:00 X:E1 Y:0C P:A4 SP:FB
E84A  30 06     BMI  A:00 X:E1 Y:0C P:26 SP:FB
E84C  CA        DEX  A:00 X:E1 Y:0C P:26 SP:FB
E84D  D0 F8     BNE  A:00 X:E0 Y:0C P:A4 SP:FB
E847  2C 02 20  BIT  A:00 X:E0 Y:0C P:A4 SP:FB
E84A  30 06     BMI  A:00 X:E0 Y:0C P:26 SP:FB
E84C  CA        DEX  A:00 X:E0 Y:0C P:26 SP:FB
E84D  D0 F8     BNE  A:00 X:DF Y:0C P:A4 SP:FB
E847  2C 02 20  BIT  A:00 X:DF Y:0C P:A4 SP:FB
E84A  30 06     BMI  A:00 X:DF Y:0C P:26 SP:FB
E84C  CA        DEX  A:00 X:DF Y:0C P:26 SP:FB
E84D  D0 F8     BNE  A:00 X:DE Y:0C P:A4 SP:FB
E847  2C 02 20  BIT  A:00 X:DE Y:0C P:A4 SP:FB
E84A  30 06     BMI  A:00 X:DE Y:0C P:26 SP:FB
E84C  CA        DEX  A:00 X:DE Y:0C P:26 SP:FB
E84D  D0 F8     BNE  A:00 X:DD Y:0C P:A4 SP:FB
E847  2C 02 20  BIT  A:00 X:DD Y:0C P:A4 SP:FB
E84A  30 06     BMI  A:00 X:DD Y:0C P:26 SP:FB
E84C  CA        DEX  A:00 X:DD Y:0C P:26 SP:FB
E84D  D0 F8     BNE  A:00 X:DC Y:0C P:A4 SP:FB
E847  2C 02 20  BIT  A:00 X:DC Y:0C P:A4 SP:FB
E84A  30 06     BMI  A:00 X:DC Y:0C P:26 SP:FB
E84C  CA        DEX  A:00 X:DC Y:0C P:26 SP:FB
E84D  D0 F8     BNE  A:00 X:DB Y:0C P:A4 SP:FB
E847  2C 02 20  BIT  A:00 X:DB Y:0C P:A4 SP:FB
E84A  30 06     BMI  A:00 X:DB Y:0C P:26 SP:FB
E84C  CA        DEX  A:00 X:DB Y:0C P:26 SP:FB
E84D  D0 F8     BNE  A:00 X:DA Y:0C P:A4 SP:FB
E847  2C 02 20  BIT  A:00 X:DA Y:0C P:A4 SP:FB
E84A  30 06     BMI  A:00 X:DA Y:0C P:26 SP:FB
E84C  CA        DEX  A:00 X:DA Y:0C P:26 SP:FB
E84D  D0 F8     BNE  A:00 X:D9 Y:0C P:A4 SP:FB
E847  2C 02 20  BIT  A:00 X:D9 Y:0C P:A4 SP:FB
E84A  30 06     BMI  A:00 X:D9 Y:0C P:26 SP:FB
E84C  CA        DEX  A:00 X:D9 Y:0C P:26 SP:FB
E84D  D0 F8     BNE  A:00 X:D8 Y:0C P:A4 SP:FB
E847  2C 02 20  BIT  A:00 X:D8 Y:0C P:A4 SP:FB
E84A  30 06     BMI  A:00 X:D8 Y:0C P:26 SP:FB
E84C  CA        DEX  A:00 X:D8 Y:0C P:26 SP:FB
E84D  D0 F8     BNE  A:00 X:D7 Y:0C P:A4 SP:FB
E847  2C 02 20  BIT  A:00 X:D7 Y:0C P:A4 SP:FB
E84A  30 06     BMI  A:00 X:D7 Y:0C P:26 SP:FB
E84C  CA        DEX  A:00 X:D7 Y:0C P:26 SP:FB
E84D  D0 F8     BNE  A:00 X:D6 Y:0C P:A4 SP:FB
E847  2C 02 20  BIT  A:00 X:D6 Y:0C P:A4 SP:FB
E84A  30 06     BMI  A:00 X:D6 Y:0C P:26 SP:FB
E84C  CA        DEX  A:00 X:D6 Y:0C P:26 SP:FB
E84D  D0 F8     BNE  A:00 X:D5 Y:0C P:A4 SP:FB
E847  2C 02 20  BIT  A:00 X:D5 Y:0C P:A4 SP:FB
E84A  30 06     BMI  A:00 X:D5 Y:0C P:26 SP:FB
E84C  CA        DEX  A:00 X:D5 Y:0C P:26 SP:FB
E84D  D0 F8     BNE  A:00 X:D4 Y:0C P:A4 SP:FB
E847  2C 02 20  BIT  A:00 X:D4 Y:0C P:A4 SP:FB
E84A  30 06     BMI  A:00 X:D4 Y:0C P:26 SP:FB
E84C  CA        DEX  A:00 X:D4 Y:0C P:26 SP:FB
E84D  D0 F8     BNE  A:00 X:D3 Y:0C P:A4 SP:FB
E847  2C 02 20  BIT  A:00 X:D3 Y:0C P:A4 SP:FB
E84A  30 06     BMI  A:00 X:D3 Y:0C P:26 SP:FB
E84C  CA        DEX  A:00 X:D3 Y:0C P:26 SP:FB
E84D  D0 F8     BNE  A:00 X:D2 Y:0C P:A4 SP:FB
E847  2C 02 20  BIT  A:00 X:D2 Y:0C P:A4 SP:FB
E84A  30 06     BMI  A:00 X:D2 Y:0C P:26 SP:FB
E84C  CA        DEX  A:00 X:D2 Y:0C P:26 SP:FB
E84D  D0 F8     BNE  A:00 X:D1 Y:0C P:A4 SP:FB
E847  2C 02 20  BIT  A:00 X:D1 Y:0C P:A4 SP:FB
E84A  30 06     BMI  A:00 X:D1 Y:0C P:26 SP:FB
E84C  CA        DEX  A:00 X:D1 Y:0C P:26 SP:FB
E84D  D0 F8     BNE  A:00 X:D0 Y:0C P:A4 SP:FB
E847  2C 02 20  BIT  A:00 X:D0 Y:0C P:A4 SP:FB
E84A  30 06     BMI  A:00 X:D0 Y:0C P:26 SP:FB
E84C  CA        DEX  A:00 X:D0 Y:0C P:26 SP:FB
E84D  D0 F8     BNE  A:00 X:CF Y:0C P:A4 SP:FB
E847  2C 02 20  BIT  A:00 X:CF Y:0C P:A4 SP:FB
E84A  30 06     BMI  A:00 X:CF Y:0C P:26 SP:FB
E84C  CA        DEX  A:00 X:CF Y:0C P:26 SP:FB
E84D  D0 F8     BNE  A:00 X:CE Y:0C P:A4 SP:FB
E847  2C 02 20  BIT  A:00 X:CE Y:0C P:A4 SP:FB
E84A  30 06     BMI  A:00 X:CE Y:0C P:26 SP:FB
E84C  CA        DEX  A:00 X:CE Y:0C P:26 SP:FB
E84D  D0 F8     BNE  A:00 X:CD Y:0C P:A4 SP:FB
E847  2C 02 20  BIT  A:00 X:CD Y:0C P:A4 SP:FB
E84A  30 06     BMI  A:00 X:CD Y:0C P:26 SP:FB
E84C  CA        DEX  A:00 X:CD Y:0C P:26 SP:FB
E84D  D0 F8     BNE  A:00 X:CC Y:0C P:A4 SP:FB
E847  2C 02 20  BIT  A:00 X:CC Y:0C P:A4 SP:FB
E84A  30 06     BMI  A:00 X:CC Y:0C P:26 SP:FB
E84C  CA        DEX  A:00 X:CC Y:0C P:26 SP:FB
E84D  D0 F8     BNE  A:00 X:CB Y:0C P:A4 SP:FB
E847  2C 02 20  BIT  A:00 X:CB Y:0C P:A4 SP:FB
E84A  30 06     BMI  A:00 X:CB Y:0C P:26 SP:FB
E84C  CA        DEX  A:00 X:CB Y:0C P:26 SP:FB
E84D  D0 F8     BNE  A:00 X:CA Y:0C P:A4 SP:FB
E847  2C 02 20  BIT  A:00 X:CA Y:0C P:A4 SP:FB
E84A  30 06     BMI  A:00 X:CA Y:0C P:26 SP:FB
E84C  CA        DEX  A:00 X:CA Y:0C P:26 SP:FB
E84D  D0 F8     BNE  A:00 X:C9 Y:0C P:A4 SP:FB
E847  2C 02 20  BIT  A:00 X:C9 Y:0C P:A4 SP:FB
E84A  30 06     BMI  A:00 X:C9 Y:0C P:26 SP:FB
E84C  CA        DEX  A:00 X:C9 Y:0C P:26 SP:FB
E84D  D0 F8     BNE  A:00 X:C8 Y:0C P:A4 SP:FB
E847  2C 02 20  BIT  A:00 X:C8 Y:0C P:A4 SP:FB
E84A  30 06     BMI  A:00 X:C8 Y:0C P:26 SP:FB
E84C  CA        DEX  A:00 X:C8 Y:0C P:26 SP:FB
E84D  D0 F8     BNE  A:00 X:C7 Y:0C P:A4 SP:FB
E847  2C 02 20  BIT  A:00 X:C7 Y:0C P:A4 SP:FB
E84A  30 06     BMI  A:00 X:C7 Y:0C P:26 SP:FB
E84C  CA        DEX  A:00 X:C7 Y:0C P:26 SP:FB
E84D  D0 F8     BNE  A:00 X:C6 Y:0C P:A4 SP:FB
E847  2C 02 20  BIT  A:00 X:C6 Y:0C P:A4 SP:FB
E84A  30 06     BMI  A:00 X:C6 Y:0C P:26 SP:FB
E84C  CA        DEX  A:00 X:C6 Y:0C P:26 SP:FB
E84D  D0 F8     BNE  A:00 X:C5 Y:0C P:A4 SP:FB
E847  2C 02 20  BIT  A:00 X:C5 Y:0C P:A4 SP:FB
E84A  30 06     BMI  A:00 X:C5 Y:0C P:26 SP:FB
E84C  CA        DEX  A:00 X:C5 Y:0C P:26 SP:FB
E84D  D0 F8     BNE  A:00 X:C4 Y:0C P:A4 SP:FB
E847  2C 02 20  BIT  A:00 X:C4 Y:0C P:A4 SP:FB
E84A  30 06     BMI  A:00 X:C4 Y:0C P:26 SP:FB
E84C  CA        DEX  A:00 X:C4 Y:0C P:26 SP:FB
E84D  D0 F8     BNE  A:00 X:C3 Y:0C P:A4 SP:FB
E847  2C 02 20  BIT  A:00 X:C3 Y:0C P:A4 SP:FB
E84A  30 06     BMI  A:00 X:C3 Y:0C P:26 SP:FB
E84C  CA        DEX  A:00 X:C3 Y:0C P:26 SP:FB
E84D  D0 F8     BNE  A:00 X:C2 Y:0C P:A4 SP:FB
E847  2C 02 20  BIT  A:00 X:C2 Y:0C P:A4 SP:FB
E84A  30 06     BMI  A:00 X:C2 Y:0C P:26 SP:FB
E84C  CA        DEX  A:00 X:C2 Y:0C P:26 SP:FB
E84D  D0 F8     BNE  A:00 X:C1 Y:0C P:A4 SP:FB
E847  2C 02 20  BIT  A:00 X:C1 Y:0C P:A4 SP:FB
E84A  30 06     BMI  A:00 X:C1 Y:0C P:26 SP:FB
E84C  CA        DEX  A:00 X:C1 Y:0C P:26 SP:FB
E84D  D0 F8     BNE  A:00 X:C0 Y:0C P:A4 SP:FB
E847  2C 02 20  BIT  A:00 X:C0 Y:0C P:A4 SP:FB
E84A  30 06     BMI  A:00 X:C0 Y:0C P:26 SP:FB
E84C  CA        DEX  A:00 X:C0 Y:0C P:26 SP:FB
E84D  D0 F8     BNE  A:00 X:BF Y:0C P:A4 SP:FB
E847  2C 02 20  BIT  A:00 X:BF Y:0C P:A4 SP:FB
E84A  30 06     BMI  A:00 X:BF Y:0C P:26 SP:FB
E84C  CA        DEX  A:00 X:BF Y:0C P:26 SP:FB
E84D  D0 F8     BNE  A:00 X:BE Y:0C P:A4 SP:FB
E847  2C 02 20  BIT  A:00 X:BE Y:0C P:A4 SP:FB
E84A  30 06     BMI  A:00 X:BE Y:0C P:26 SP:FB
E84C  CA        DEX  A:00 X:BE Y:0C P:26 SP:FB
E84D  D0 F8     BNE  A:00 X:BD Y:0C P:A4 SP:FB
E847  2C 02 20  BIT  A:00 X:BD Y:0C P:A4 SP:FB
E84A  30 06     BMI  A:00 X:BD Y:0C P:26 SP:FB
E84C  CA        DEX  A:00 X:BD Y:0C P:26 SP:FB
E84D  D0 F8     BNE  A:00 X:BC Y:0C P:A4 SP:FB
E847  2C 02 20  BIT  A:00 X:BC Y:0C P:A4 SP:FB
E84A  30 06     BMI  A:00 X:BC Y:0C P:26 SP:FB
E84C  CA        DEX  A:00 X:BC Y:0C P:26 SP:FB
E84D  D0 F8     BNE  A:00 X:BB Y:0C P:A4 SP:FB
E847  2C 02 20  BIT  A:00 X:BB Y:0C P:A4 SP:FB
E84A  30 06     BMI  A:00 X:BB Y:0C P:26 SP:FB
E84C  CA        DEX  A:00 X:BB Y:0C P:26 SP:FB
E84D  D0 F8     BNE  A:00 X:BA Y:0C P:A4 SP:FB
E847  2C 02 20  BIT  A:00 X:BA Y:0C P:A4 SP:FB
E84A  30 06     BMI  A:00 X:BA Y:0C P:26 SP:FB
E84C  CA        DEX  A:00 X:BA Y:0C P:26 SP:FB
E84D  D0 F8     BNE  A:00 X:B9 Y:0C P:A4 SP:FB
E847  2C 02 20  BIT  A:00 X:B9 Y:0C P:A4 SP:FB
E84A  30 06     BMI  A:00 X:B9 Y:0C P:26 SP:FB
E84C  CA        DEX  A:00 X:B9 Y:0C P:26 SP:FB
E84D  D0 F8     BNE  A:00 X:B8 Y:0C P:A4 SP:FB
E847  2C 02 20  BIT  A:00 X:B8 Y:0C P:A4 SP:FB
E84A  30 06     BMI  A:00 X:B8 Y:0C P:26 SP:FB
E84C  CA        DEX  A:00 X:B8 Y:0C P:26 SP:FB
E84D  D0 F8     BNE  A:00 X:B7 Y:0C P:A4 SP:FB
E847  2C 02 20  BIT  A:00 X:B7 Y:0C P:A4 SP:FB
E84A  30 06     BMI  A:00 X:B7 Y:0C P:26 SP:FB
E84C  CA        DEX  A:00 X:B7 Y:0C P:26 SP:FB
E84D  D0 F8     BNE  A:00 X:B6 Y:0C P:A4 SP:FB
E847  2C 02 20  BIT  A:00 X:B6 Y:0C P:A4 SP:FB
E84A  30 06     BMI  A:00 X:B6 Y:0C P:26 SP:FB
E84C  CA        DEX  A:00 X:B6 Y:0C P:26 SP:FB
E84D  D0 F8     BNE  A:00 X:B5 Y:0C P:A4 SP:FB
E847  2C 02 20  BIT  A:00 X:B5 Y:0C P:A4 SP:FB
E84A  30 06     BMI  A:00 X:B5 Y:0C P:26 SP:FB
E84C  CA        DEX  A:00 X:B5 Y:0C P:26 SP:FB
E84D  D0 F8     BNE  A:00 X:B4 Y:0C P:A4 SP:FB
E847  2C 02 20  BIT  A:00 X:B4 Y:0C P:A4 SP:FB
E84A  30 06     BMI  A:00 X:B4 Y:0C P:26 SP:FB
E84C  CA        DEX  A:00 X:B4 Y:0C P:26 SP:FB
E84D  D0 F8     BNE  A:00 X:B3 Y:0C P:A4 SP:FB
E847  2C 02 20  BIT  A:00 X:B3 Y:0C P:A4 SP:FB
E84A  30 06     BMI  A:00 X:B3 Y:0C P:26 SP:FB
E84C  CA        DEX  A:00 X:B3 Y:0C P:26 SP:FB
E84D  D0 F8     BNE  A:00 X:B2 Y:0C P:A4 SP:FB
E847  2C 02 20  BIT  A:00 X:B2 Y:0C P:A4 SP:FB
E84A  30 06     BMI  A:00 X:B2 Y:0C P:26 SP:FB
E84C  CA        DEX  A:00 X:B2 Y:0C P:26 SP:FB
E84D  D0 F8     BNE  A:00 X:B1 Y:0C P:A4 SP:FB
E847  2C 02 20  BIT  A:00 X:B1 Y:0C P:A4 SP:FB
E84A  30 06     BMI  A:00 X:B1 Y:0C P:26 SP:FB
E84C  CA        DEX  A:00 X:B1 Y:0C P:26 SP:FB
E84D  D0 F8     BNE  A:00 X:B0 Y:0C P:A4 SP:FB
E847  2C 02 20  BIT  A:00 X:B0 Y:0C P:A4 SP:FB
E84A  30 06     BMI  A:00 X:B0 Y:0C P:26 SP:FB
E84C  CA        DEX  A:00 X:B0 Y:0C P:26 SP:FB
E84D  D0 F8     BNE  A:00 X:AF Y:0C P:A4 SP:FB
E847  2C 02 20  BIT  A:00 X:AF Y:0C P:A4 SP:FB
E84A  30 06     BMI  A:00 X:AF Y:0C P:26 SP:FB
E84C  CA        DEX  A:00 X:AF Y:0C P:26 SP:FB
E84D  D0 F8     BNE  A:00 X:AE Y:0C P:A4 SP:FB
E847  2C 02 20  BIT  A:00 X:AE Y:0C P:A4 SP:FB
E84A  30 06     BMI  A:00 X:AE Y:0C P:26 SP:FB
E84C  CA        DEX  A:00 X:AE Y:0C P:26 SP:FB
E84D  D0 F8     BNE  A:00 X:AD Y:0C P:A4 SP:FB
E847  2C 02 20  BIT  A:00 X:AD Y:0C P:A4 SP:FB
E84A  30 06     BMI  A:00 X:AD Y:0C P:26 SP:FB
E84C  CA        DEX  A:00 X:AD Y:0C P:26 SP:FB
E84D  D0 F8     BNE  A:00 X:AC Y:0C P:A4 SP:FB
E847  2C 02 20  BIT  A:00 X:AC Y:0C P:A4 SP:FB
E84A  30 06     BMI  A:00 X:AC Y:0C P:26 SP:FB
E84C  CA        DEX  A:00 X:AC Y:0C P:26 SP:FB
E84D  D0 F8     BNE  A:00 X:AB Y:0C P:A4 SP:FB
E847  2C 02 20  BIT  A:00 X:AB Y:0C P:A4 SP:FB
E84A  30 06     BMI  A:00 X:AB Y:0C P:26 SP:FB
E84C  CA        DEX  A:00 X:AB Y:0C P:26 SP:FB
E84D  D0 F8     BNE  A:00 X:AA Y:0C P:A4 SP:FB
E847  2C 02 20  BIT  A:00 X:AA Y:0C P:A4 SP:FB
E84A  30 06     BMI  A:00 X:AA Y:0C P:26 SP:FB
E84C  CA        DEX  A:00 X:AA Y:0C P:26 SP:FB
E84D  D0 F8     BNE  A:00 X:A9 Y:0C P:A4 SP:FB
E847  2C 02 20  BIT  A:00 X:A9 Y:0C P:A4 SP:FB
E84A  30 06     BMI  A:00 X:A9 Y:0C P:26 SP:FB
E84C  CA        DEX  A:00 X:A9 Y:0C P:26 SP:FB
E84D  D0 F8     BNE  A:00 X:A8 Y:0C P:A4 SP:FB
E847  2C 02 20  BIT  A:00 X:A8 Y:0C P:A4 SP:FB
E84A  30 06     BMI  A:00 X:A8 Y:0C P:26 SP:FB
E84C  CA        DEX  A:00 X:A8 Y:0C P:26 SP:FB
E84D  D0 F8     BNE  A:00 X:A7 Y:0C P:A4 SP:FB
E847  2C 02 20  BIT  A:00 X:A7 Y:0C P:A4 SP:FB
E84A  30 06     BMI  A:00 X:A7 Y:0C P:26 SP:FB
E84C  CA        DEX  A:00 X:A7 Y:0C P:26 SP:FB
E84D  D0 F8     BNE  A:00 X:A6 Y:0C P:A4 SP:FB
E847  2C 02 20  BIT  A:00 X:A6 Y:0C P:A4 SP:FB
E84A  30 06     BMI  A:00 X:A6 Y:0C P:26 SP:FB
E84C  CA        DEX  A:00 X:A6 Y:0C P:26 SP:FB
E84D  D0 F8     BNE  A:00 X:A5 Y:0C P:A4 SP:FB
E847  2C 02 20  BIT  A:00 X:A5 Y:0C P:A4 SP:FB
E84A  30 06     BMI  A:00 X:A5 Y:0C P:26 SP:FB
E84C  CA        DEX  A:00 X:A5 Y:0C P:26 SP:FB
E84D  D0 F8     BNE  A:00 X:A4 Y:0C P:A4 SP:FB
E847  2C 02 20  BIT  A:00 X:A4 Y:0C P:A4 SP:FB
E84A  30 06     BMI  A:00 X:A4 Y:0C P:26 SP:FB
E84C  CA        DEX  A:00 X:A4 Y:0C P:26 SP:FB
E84D  D0 F8     BNE  A:00 X:A3 Y:0C P:A4 SP:FB
E847  2C 02 20  BIT  A:00 X:A3 Y:0C P:A4 SP:FB
E84A  30 06     BMI  A:00 X:A3 Y:0C P:26 SP:FB
E84C  CA        DEX  A:00 X:A3 Y:0C P:26 SP:FB
E84D  D0 F8     BNE  A:00 X:A2 Y:0C P:A4 SP:FB
E847  2C 02 20  BIT  A:00 X:A2 Y:0C P:A4 SP:FB
E84A  30 06     BMI  A:00 X:A2 Y:0C P:26 SP:FB
E84C  CA        DEX  A:00 X:A2 Y:0C P:26 SP:FB
E84D  D0 F8     BNE  A:00 X:A1 Y:0C P:A4 SP:FB
E847  2C 02 20  BIT  A:00 X:A1 Y:0C P:A4 SP:FB
E84A  30 06     BMI  A:00 X:A1 Y:0C P:26 SP:FB
E84C  CA        DEX  A:00 X:A1 Y:0C P:26 SP:FB
E84D  D0 F8     BNE  A:00 X:A0 Y:0C P:A4 SP:FB
E847  2C 02 20  BIT  A:00 X:A0 Y:0C P:A4 SP:FB
E84A  30 06     BMI  A:00 X:A0 Y:0C P:26 SP:FB
E84C  CA        DEX  A:00 X:A0 Y:0C P:26 SP:FB
E84D  D0 F8     BNE  A:00 X:9F Y:0C P:A4 SP:FB
E847  2C 02 20  BIT  A:00 X:9F Y:0C P:A4 SP:FB
E84A  30 06     BMI  A:00 X:9F Y:0C P:26 SP:FB
E84C  CA        DEX  A:00 X:9F Y:0C P:26 SP:FB
E84D  D0 F8     BNE  A:00 X:9E Y:0C P:A4 SP:FB
E847  2C 02 20  BIT  A:00 X:9E Y:0C P:A4 SP:FB
E84A  30 06     BMI  A:00 X:9E Y:0C P:26 SP:FB
E84C  CA        DEX  A:00 X:9E Y:0C P:26 SP:FB
E84D  D0 F8     BNE  A:00 X:9D Y:0C P:A4 SP:FB
E847  2C 02 20  BIT  A:00 X:9D Y:0C P:A4 SP:FB
E84A  30 06     BMI  A:00 X:9D Y:0C P:26 SP:FB
E84C  CA        DEX  A:00 X:9D Y:0C P:26 SP:FB
E84D  D0 F8     BNE  A:00 X:9C Y:0C P:A4 SP:FB
E847  2C 02 20  BIT  A:00 X:9C Y:0C P:A4 SP:FB
E84A  30 06     BMI  A:00 X:9C Y:0C P:26 SP:FB
E84C  CA        DEX  A:00 X:9C Y:0C P:26 SP:FB
E84D  D0 F8     BNE  A:00 X:9B Y:0C P:A4 SP:FB
E847  2C 02 20  BIT  A:00 X:9B Y:0C P:A4 SP:FB
E84A  30 06     BMI  A:00 X:9B Y:0C P:26 SP:FB
E84C  CA        DEX  A:00 X:9B Y:0C P:26 SP:FB
E84D  D0 F8     BNE  A:00 X:9A Y:0C P:A4 SP:FB
E847  2C 02 20  BIT  A:00 X:9A Y:0C P:A4 SP:FB
E84A  30 06     BMI  A:00 X:9A Y:0C P:26 SP:FB
E84C  CA        DEX  A:00 X:9A Y:0C P:26 SP:FB
E84D  D0 F8     BNE  A:00 X:99 Y:0C P:A4 SP:FB
E847  2C 02 20  BIT  A:00 X:99 Y:0C P:A4 SP:FB
E84A  30 06     BMI  A:00 X:99 Y:0C P:26 SP:FB
E84C  CA        DEX  A:00 X:99 Y:0C P:26 SP:FB
E84D  D0 F8     BNE  A:00 X:98 Y:0C P:A4 SP:FB
E847  2C 02 20  BIT  A:00 X:98 Y:0C P:A4 SP:FB
E84A  30 06     BMI  A:00 X:98 Y:0C P:26 SP:FB
E84C  CA        DEX  A:00 X:98 Y:0C P:26 SP:FB
E84D  D0 F8     BNE  A:00 X:97 Y:0C P:A4 SP:FB
E847  2C 02 20  BIT  A:00 X:97 Y:0C P:A4 SP:FB
E84A  30 06     BMI  A:00 X:97 Y:0C P:26 SP:FB
E84C  CA        DEX  A:00 X:97 Y:0C P:26 SP:FB
E84D  D0 F8     BNE  A:00 X:96 Y:0C P:A4 SP:FB
E847  2C 02 20  BIT  A:00 X:96 Y:0C P:A4 SP:FB
E84A  30 06     BMI  A:00 X:96 Y:0C P:26 SP:FB
E84C  CA        DEX  A:00 X:96 Y:0C P:26 SP:FB
E84D  D0 F8     BNE  A:00 X:95 Y:0C P:A4 SP:FB
E847  2C 02 20  BIT  A:00 X:95 Y:0C P:A4 SP:FB
E84A  30 06     BMI  A:00 X:95 Y:0C P:26 SP:FB
E84C  CA        DEX  A:00 X:95 Y:0C P:26 SP:FB
E84D  D0 F8     BNE  A:00 X:94 Y:0C P:A4 SP:FB
E847  2C 02 20  BIT  A:00 X:94 Y:0C P:A4 SP:FB
E84A  30 06     BMI  A:00 X:94 Y:0C P:26 SP:FB
E84C  CA        DEX  A:00 X:94 Y:0C P:26 SP:FB
E84D  D0 F8     BNE  A:00 X:93 Y:0C P:A4 SP:FB
E847  2C 02 20  BIT  A:00 X:93 Y:0C P:A4 SP:FB
E84A  30 06     BMI  A:00 X:93 Y:0C P:26 SP:FB
E84C  CA        DEX  A:00 X:93 Y:0C P:26 SP:FB
E84D  D0 F8     BNE  A:00 X:92 Y:0C P:A4 SP:FB
E847  2C 02 20  BIT  A:00 X:92 Y:0C P:A4 SP:FB
E84A  30 06     BMI  A:00 X:92 Y:0C P:26 SP:FB
E84C  CA        DEX  A:00 X:92 Y:0C P:26 SP:FB
E84D  D0 F8     BNE  A:00 X:91 Y:0C P:A4 SP:FB
E847  2C 02 20  BIT  A:00 X:91 Y:0C P:A4 SP:FB
E84A  30 06     BMI  A:00 X:91 Y:0C P:26 SP:FB
E84C  CA        DEX  A:00 X:91 Y:0C P:26 SP:FB
E84D  D0 F8     BNE  A:00 X:90 Y:0C P:A4 SP:FB
E847  2C 02 20  BIT  A:00 X:90 Y:0C P:A4 SP:FB
E84A  30 06     BMI  A:00 X:90 Y:0C P:26 SP:FB
E84C  CA        DEX  A:00 X:90 Y:0C P:26 SP:FB
E84D  D0 F8     BNE  A:00 X:8F Y:0C P:A4 SP:FB
E847  2C 02 20  BIT  A:00 X:8F Y:0C P:A4 SP:FB
E84A  30 06     BMI  A:00 X:8F Y:0C P:26 SP:FB
E84C  CA        DEX  A:00 X:8F Y:0C P:26 SP:FB
E84D  D0 F8     BNE  A:00 X:8E Y:0C P:A4 SP:FB
E847  2C 02 20  BIT  A:00 X:8E Y:0C P:A4 SP:FB
E84A  30 06     BMI  A:00 X:8E Y:0C P:26 SP:FB
E84C  CA        DEX  A:00 X:8E Y:0C P:26 SP:FB
E84D  D0 F8     BNE  A:00 X:8D Y:0C P:A4 SP:FB
E847  2C 02 20  BIT  A:00 X:8D Y:0C P:A4 SP:FB
E84A  30 06     BMI  A:00 X:8D Y:0C P:26 SP:FB
E84C  CA        DEX  A:00 X:8D Y:0C P:26 SP:FB
E84D  D0 F8     BNE  A:00 X:8C Y:0C P:A4 SP:FB
E847  2C 02 20  BIT  A:00 X:8C Y:0C P:A4 SP:FB
E84A  30 06     BMI  A:00 X:8C Y:0C P:26 SP:FB
E84C  CA        DEX  A:00 X:8C Y:0C P:26 SP:FB
E84D  D0 F8     BNE  A:00 X:8B Y:0C P:A4 SP:FB
E847  2C 02 20  BIT  A:00 X:8B Y:0C P:A4 SP:FB
E84A  30 06     BMI  A:00 X:8B Y:0C P:26 SP:FB
E84C  CA        DEX  A:00 X:8B Y:0C P:26 SP:FB
E84D  D0 F8     BNE  A:00 X:8A Y:0C P:A4 SP:FB
E847  2C 02 20  BIT  A:00 X:8A Y:0C P:A4 SP:FB
E84A  30 06     BMI  A:00 X:8A Y:0C P:26 SP:FB
E84C  CA        DEX  A:00 X:8A Y:0C P:26 SP:FB
E84D  D0 F8     BNE  A:00 X:89 Y:0C P:A4 SP:FB
E847  2C 02 20  BIT  A:00 X:89 Y:0C P:A4 SP:FB
E84A  30 06     BMI  A:00 X:89 Y:0C P:26 SP:FB
E84C  CA        DEX  A:00 X:89 Y:0C P:26 SP:FB
E84D  D0 F8     BNE  A:00 X:88 Y:0C P:A4 SP:FB
E847  2C 02 20  BIT  A:00 X:88 Y:0C P:A4 SP:FB
E84A  30 06     BMI  A:00 X:88 Y:0C P:26 SP:FB
E84C  CA        DEX  A:00 X:88 Y:0C P:26 SP:FB
E84D  D0 F8     BNE  A:00 X:87 Y:0C P:A4 SP:FB
E847  2C 02 20  BIT  A:00 X:87 Y:0C P:A4 SP:FB
E84A  30 06     BMI  A:00 X:87 Y:0C P:26 SP:FB
E84C  CA        DEX  A:00 X:87 Y:0C P:26 SP:FB
E84D  D0 F8     BNE  A:00 X:86 Y:0C P:A4 SP:FB
E847  2C 02 20  BIT  A:00 X:86 Y:0C P:A4 SP:FB
E84A  30 06     BMI  A:00 X:86 Y:0C P:26 SP:FB
E84C  CA        DEX  A:00 X:86 Y:0C P:26 SP:FB
E84D  D0 F8     BNE  A:00 X:85 Y:0C P:A4 SP:FB
E847  2C 02 20  BIT  A:00 X:85 Y:0C P:A4 SP:FB
E84A  30 06     BMI  A:00 X:85 Y:0C P:26 SP:FB
E84C  CA        DEX  A:00 X:85 Y:0C P:26 SP:FB
E84D  D0 F8     BNE  A:00 X:84 Y:0C P:A4 SP:FB
E847  2C 02 20  BIT  A:00 X:84 Y:0C P:A4 SP:FB
E84A  30 06     BMI  A:00 X:84 Y:0C P:26 SP:FB
E84C  CA        DEX  A:00 X:84 Y:0C P:26 SP:FB
E84D  D0 F8     BNE  A:00 X:83 Y:0C P:A4 SP:FB
E847  2C 02 20  BIT  A:00 X:83 Y:0C P:A4 SP:FB
E84A  30 06     BMI  A:00 X:83 Y:0C P:26 SP:FB
E84C  CA        DEX  A:00 X:83 Y:0C P:26 SP:FB
E84D  D0 F8     BNE  A:00 X:82 Y:0C P:A4 SP:FB
E847  2C 02 20  BIT  A:00 X:82 Y:0C P:A4 SP:FB
E84A  30 06     BMI  A:00 X:82 Y:0C P:26 SP:FB
E84C  CA        DEX  A:00 X:82 Y:0C P:26 SP:FB
E84D  D0 F8     BNE  A:00 X:81 Y:0C P:A4 SP:FB
E847  2C 02 20  BIT  A:00 X:81 Y:0C P:A4 SP:FB
E84A  30 06     BMI  A:00 X:81 Y:0C P:26 SP:FB
E84C  CA        DEX  A:00 X:81 Y:0C P:26 SP:FB
E84D  D0 F8     BNE  A:00 X:80 Y:0C P:A4 SP:FB
E847  2C 02 20  BIT  A:00 X:80 Y:0C P:A4 SP:FB
E84A  30 06     BMI  A:00 X:80 Y:0C P:26 SP:FB
E84C  CA        DEX  A:00 X:80 Y:0C P:26 SP:FB
E84D  D0 F8     BNE  A:00 X:7F Y:0C P:24 SP:FB
E847  2C 02 20  BIT  A:00 X:7F Y:0C P:24 SP:FB
E84A  30 06     BMI  A:00 X:7F Y:0C P:26 SP:FB
E84C  CA        DEX  A:00 X:7F Y:0C P:26 SP:FB
E84D  D0 F8     BNE  A:00 X:7E Y:0C P:24 SP:FB
E847  2C 02 20  BIT  A:00 X:7E Y:0C P:24 SP:FB
E84A  30 06     BMI  A:00 X:7E Y:0C P:26 SP:FB
E84C  CA        DEX  A:00 X:7E Y:0C P:26 SP:FB
E84D  D0 F8     BNE  A:00 X:7D Y:0C P:24 SP:FB
E847  2C 02 20  BIT  A:00 X:7D Y:0C P:24 SP:FB
E84A  30 06     BMI  A:00 X:7D Y:0C P:26 SP:FB
E84C  CA        DEX  A:00 X:7D Y:0C P:26 SP:FB
E84D  D0 F8     BNE  A:00 X:7C Y:0C P:24 SP:FB
E847  2C 02 20  BIT  A:00 X:7C Y:0C P:24 SP:FB
E84A  30 06     BMI  A:00 X:7C Y:0C P:26 SP:FB
E84C  CA        DEX  A:00 X:7C Y:0C P:26 SP:FB
E84D  D0 F8     BNE  A:00 X:7B Y:0C P:24 SP:FB
E847  2C 02 20  BIT  A:00 X:7B Y:0C P:24 SP:FB
E84A  30 06     BMI  A:00 X:7B Y:0C P:26 SP:FB
E84C  CA        DEX  A:00 X:7B Y:0C P:26 SP:FB
E84D  D0 F8     BNE  A:00 X:7A Y:0C P:24 SP:FB
E847  2C 02 20  BIT  A:00 X:7A Y:0C P:24 SP:FB
E84A  30 06     BMI  A:00 X:7A Y:0C P:26 SP:FB
E84C  CA        DEX  A:00 X:7A Y:0C P:26 SP:FB
E84D  D0 F8     BNE  A:00 X:79 Y:0C P:24 SP:FB
E847  2C 02 20  BIT  A:00 X:79 Y:0C P:24 SP:FB
E84A  30 06     BMI  A:00 X:79 Y:0C P:26 SP:FB
E84C  CA        DEX  A:00 X:79 Y:0C P:26 SP:FB
E84D  D0 F8     BNE  A:00 X:78 Y:0C P:24 SP:FB
E847  2C 02 20  BIT  A:00 X:78 Y:0C P:24 SP:FB
E84A  30 06     BMI  A:00 X:78 Y:0C P:26 SP:FB
E84C  CA        DEX  A:00 X:78 Y:0C P:26 SP:FB
E84D  D0 F8     BNE  A:00 X:77 Y:0C P:24 SP:FB
E847  2C 02 20  BIT  A:00 X:77 Y:0C P:24 SP:FB
E84A  30 06     BMI  A:00 X:77 Y:0C P:26 SP:FB
E84C  CA        DEX  A:00 X:77 Y:0C P:26 SP:FB
E84D  D0 F8     BNE  A:00 X:76 Y:0C P:24 SP:FB
E847  2C 02 20  BIT  A:00 X:76 Y:0C P:24 SP:FB
E84A  30 06     BMI  A:00 X:76 Y:0C P:26 SP:FB
E84C  CA        DEX  A:00 X:76 Y:0C P:26 SP:FB
E84D  D0 F8     BNE  A:00 X:75 Y:0C P:24 SP:FB
E847  2C 02 20  BIT  A:00 X:75 Y:0C P:24 SP:FB
E84A  30 06     BMI  A:00 X:75 Y:0C P:26 SP:FB
E84C  CA        DEX  A:00 X:75 Y:0C P:26 SP:FB
E84D  D0 F8     BNE  A:00 X:74 Y:0C P:24 SP:FB
E847  2C 02 20  BIT  A:00 X:74 Y:0C P:24 SP:FB
E84A  30 06     BMI  A:00 X:74 Y:0C P:26 SP:FB
E84C  CA        DEX  A:00 X:74 Y:0C P:26 SP:FB
E84D  D0 F8     BNE  A:00 X:73 Y:0C P:24 SP:FB
E847  2C 02 20  BIT  A:00 X:73 Y:0C P:24 SP:FB
E84A  30 06     BMI  A:00 X:73 Y:0C P:26 SP:FB
E84C  CA        DEX  A:00 X:73 Y:0C P:26 SP:FB
E84D  D0 F8     BNE  A:00 X:72 Y:0C P:24 SP:FB
E847  2C 02 20  BIT  A:00 X:72 Y:0C P:24 SP:FB
E84A  30 06     BMI  A:00 X:72 Y:0C P:26 SP:FB
E84C  CA        DEX  A:00 X:72 Y:0C P:26 SP:FB
E84D  D0 F8     BNE  A:00 X:71 Y:0C P:24 SP:FB
E847  2C 02 20  BIT  A:00 X:71 Y:0C P:24 SP:FB
E84A  30 06     BMI  A:00 X:71 Y:0C P:26 SP:FB
E84C  CA        DEX  A:00 X:71 Y:0C P:26 SP:FB
E84D  D0 F8     BNE  A:00 X:70 Y:0C P:24 SP:FB
E847  2C 02 20  BIT  A:00 X:70 Y:0C P:24 SP:FB
E84A  30 06     BMI  A:00 X:70 Y:0C P:26 SP:FB
E84C  CA        DEX  A:00 X:70 Y:0C P:26 SP:FB
E84D  D0 F8     BNE  A:00 X:6F Y:0C P:24 SP:FB
E847  2C 02 20  BIT  A:00 X:6F Y:0C P:24 SP:FB
E84A  30 06     BMI  A:00 X:6F Y:0C P:26 SP:FB
E84C  CA        DEX  A:00 X:6F Y:0C P:26 SP:FB
E84D  D0 F8     BNE  A:00 X:6E Y:0C P:24 SP:FB
E847  2C 02 20  BIT  A:00 X:6E Y:0C P:24 SP:FB
E84A  30 06     BMI  A:00 X:6E Y:0C P:26 SP:FB
E84C  CA        DEX  A:00 X:6E Y:0C P:26 SP:FB
E84D  D0 F8     BNE  A:00 X:6D Y:0C P:24 SP:FB
E847  2C 02 20  BIT  A:00 X:6D Y:0C P:24 SP:FB
E84A  30 06     BMI  A:00 X:6D Y:0C P:26 SP:FB
E84C  CA        DEX  A:00 X:6D Y:0C P:26 SP:FB
E84D  D0 F8     BNE  A:00 X:6C Y:0C P:24 SP:FB
E847  2C 02 20  BIT  A:00 X:6C Y:0C P:24 SP:FB
E84A  30 06     BMI  A:00 X:6C Y:0C P:26 SP:FB
E84C  CA        DEX  A:00 X:6C Y:0C P:26 SP:FB
E84D  D0 F8     BNE  A:00 X:6B Y:0C P:24 SP:FB
E847  2C 02 20  BIT  A:00 X:6B Y:0C P:24 SP:FB
E84A  30 06     BMI  A:00 X:6B Y:0C P:26 SP:FB
E84C  CA        DEX  A:00 X:6B Y:0C P:26 SP:FB
E84D  D0 F8     BNE  A:00 X:6A Y:0C P:24 SP:FB
E847  2C 02 20  BIT  A:00 X:6A Y:0C P:24 SP:FB
E84A  30 06     BMI  A:00 X:6A Y:0C P:26 SP:FB
E84C  CA        DEX  A:00 X:6A Y:0C P:26 SP:FB
E84D  D0 F8     BNE  A:00 X:69 Y:0C P:24 SP:FB
E847  2C 02 20  BIT  A:00 X:69 Y:0C P:24 SP:FB
E84A  30 06     BMI  A:00 X:69 Y:0C P:26 SP:FB
E84C  CA        DEX  A:00 X:69 Y:0C P:26 SP:FB
E84D  D0 F8     BNE  A:00 X:68 Y:0C P:24 SP:FB
E847  2C 02 20  BIT  A:00 X:68 Y:0C P:24 SP:FB
E84A  30 06     BMI  A:00 X:68 Y:0C P:26 SP:FB
E84C  CA        DEX  A:00 X:68 Y:0C P:26 SP:FB
E84D  D0 F8     BNE  A:00 X:67 Y:0C P:24 SP:FB
E847  2C 02 20  BIT  A:00 X:67 Y:0C P:24 SP:FB
E84A  30 06     BMI  A:00 X:67 Y:0C P:26 SP:FB
E84C  CA        DEX  A:00 X:67 Y:0C P:26 SP:FB
E84D  D0 F8     BNE  A:00 X:66 Y:0C P:24 SP:FB
E847  2C 02 20  BIT  A:00 X:66 Y:0C P:24 SP:FB
E84A  30 06     BMI  A:00 X:66 Y:0C P:26 SP:FB
E84C  CA        DEX  A:00 X:66 Y:0C P:26 SP:FB
E84D  D0 F8     BNE  A:00 X:65 Y:0C P:24 SP:FB
E847  2C 02 20  BIT  A:00 X:65 Y:0C P:24 SP:FB
E84A  30 06     BMI  A:00 X:65 Y:0C P:26 SP:FB
E84C  CA        DEX  A:00 X:65 Y:0C P:26 SP:FB
E84D  D0 F8     BNE  A:00 X:64 Y:0C P:24 SP:FB
E847  2C 02 20  BIT  A:00 X:64 Y:0C P:24 SP:FB
E84A  30 06     BMI  A:00 X:64 Y:0C P:26 SP:FB
E84C  CA        DEX  A:00 X:64 Y:0C P:26 SP:FB
E84D  D0 F8     BNE  A:00 X:63 Y:0C P:24 SP:FB
E847  2C 02 20  BIT  A:00 X:63 Y:0C P:24 SP:FB
E84A  30 06     BMI  A:00 X:63 Y:0C P:26 SP:FB
E84C  CA        DEX  A:00 X:63 Y:0C P:26 SP:FB
E84D  D0 F8     BNE  A:00 X:62 Y:0C P:24 SP:FB
E847  2C 02 20  BIT  A:00 X:62 Y:0C P:24 SP:FB
E84A  30 06     BMI  A:00 X:62 Y:0C P:26 SP:FB
E84C  CA        DEX  A:00 X:62 Y:0C P:26 SP:FB
E84D  D0 F8     BNE  A:00 X:61 Y:0C P:24 SP:FB
E847  2C 02 20  BIT  A:00 X:61 Y:0C P:24 SP:FB
E84A  30 06     BMI  A:00 X:61 Y:0C P:26 SP:FB
E84C  CA        DEX  A:00 X:61 Y:0C P:26 SP:FB
E84D  D0 F8     BNE  A:00 X:60 Y:0C P:24 SP:FB
E847  2C 02 20  BIT  A:00 X:60 Y:0C P:24 SP:FB
E84A  30 06     BMI  A:00 X:60 Y:0C P:26 SP:FB
E84C  CA        DEX  A:00 X:60 Y:0C P:26 SP:FB
E84D  D0 F8     BNE  A:00 X:5F Y:0C P:24 SP:FB
E847  2C 02 20  BIT  A:00 X:5F Y:0C P:24 SP:FB
E84A  30 06     BMI  A:00 X:5F Y:0C P:26 SP:FB
E84C  CA        DEX  A:00 X:5F Y:0C P:26 SP:FB
E84D  D0 F8     BNE  A:00 X:5E Y:0C P:24 SP:FB
E847  2C 02 20  BIT  A:00 X:5E Y:0C P:24 SP:FB
E84A  30 06     BMI  A:00 X:5E Y:0C P:26 SP:FB
E84C  CA        DEX  A:00 X:5E Y:0C P:26 SP:FB
E84D  D0 F8     BNE  A:00 X:5D Y:0C P:24 SP:FB
E847  2C 02 20  BIT  A:00 X:5D Y:0C P:24 SP:FB
E84A  30 06     BMI  A:00 X:5D Y:0C P:26 SP:FB
E84C  CA        DEX  A:00 X:5D Y:0C P:26 SP:FB
E84D  D0 F8     BNE  A:00 X:5C Y:0C P:24 SP:FB
E847  2C 02 20  BIT  A:00 X:5C Y:0C P:24 SP:FB
E84A  30 06     BMI  A:00 X:5C Y:0C P:26 SP:FB
E84C  CA        DEX  A:00 X:5C Y:0C P:26 SP:FB
E84D  D0 F8     BNE  A:00 X:5B Y:0C P:24 SP:FB
E847  2C 02 20  BIT  A:00 X:5B Y:0C P:24 SP:FB
E84A  30 06     BMI  A:00 X:5B Y:0C P:26 SP:FB
E84C  CA        DEX  A:00 X:5B Y:0C P:26 SP:FB
E84D  D0 F8     BNE  A:00 X:5A Y:0C P:24 SP:FB
E847  2C 02 20  BIT  A:00 X:5A Y:0C P:24 SP:FB
E84A  30 06     BMI  A:00 X:5A Y:0C P:26 SP:FB
E84C  CA        DEX  A:00 X:5A Y:0C P:26 SP:FB
E84D  D0 F8     BNE  A:00 X:59 Y:0C P:24 SP:FB
E847  2C 02 20  BIT  A:00 X:59 Y:0C P:24 SP:FB
E84A  30 06     BMI  A:00 X:59 Y:0C P:26 SP:FB
E84C  CA        DEX  A:00 X:59 Y:0C P:26 SP:FB
E84D  D0 F8     BNE  A:00 X:58 Y:0C P:24 SP:FB
E847  2C 02 20  BIT  A:00 X:58 Y:0C P:24 SP:FB
E84A  30 06     BMI  A:00 X:58 Y:0C P:26 SP:FB
E84C  CA        DEX  A:00 X:58 Y:0C P:26 SP:FB
E84D  D0 F8     BNE  A:00 X:57 Y:0C P:24 SP:FB
E847  2C 02 20  BIT  A:00 X:57 Y:0C P:24 SP:FB
E84A  30 06     BMI  A:00 X:57 Y:0C P:26 SP:FB
E84C  CA        DEX  A:00 X:57 Y:0C P:26 SP:FB
E84D  D0 F8     BNE  A:00 X:56 Y:0C P:24 SP:FB
E847  2C 02 20  BIT  A:00 X:56 Y:0C P:24 SP:FB
E84A  30 06     BMI  A:00 X:56 Y:0C P:26 SP:FB
E84C  CA        DEX  A:00 X:56 Y:0C P:26 SP:FB
E84D  D0 F8     BNE  A:00 X:55 Y:0C P:24 SP:FB
E847  2C 02 20  BIT  A:00 X:55 Y:0C P:24 SP:FB
E84A  30 06     BMI  A:00 X:55 Y:0C P:26 SP:FB
E84C  CA        DEX  A:00 X:55 Y:0C P:26 SP:FB
E84D  D0 F8     BNE  A:00 X:54 Y:0C P:24 SP:FB
E847  2C 02 20  BIT  A:00 X:54 Y:0C P:24 SP:FB
E84A  30 06     BMI  A:00 X:54 Y:0C P:26 SP:FB
E84C  CA        DEX  A:00 X:54 Y:0C P:26 SP:FB
E84D  D0 F8     BNE  A:00 X:53 Y:0C P:24 SP:FB
E847  2C 02 20  BIT  A:00 X:53 Y:0C P:24 SP:FB
E84A  30 06     BMI  A:00 X:53 Y:0C P:26 SP:FB
E84C  CA        DEX  A:00 X:53 Y:0C P:26 SP:FB
E84D  D0 F8     BNE  A:00 X:52 Y:0C P:24 SP:FB
E847  2C 02 20  BIT  A:00 X:52 Y:0C P:24 SP:FB
E84A  30 06     BMI  A:00 X:52 Y:0C P:26 SP:FB
E84C  CA        DEX  A:00 X:52 Y:0C P:26 SP:FB
E84D  D0 F8     BNE  A:00 X:51 Y:0C P:24 SP:FB
E847  2C 02 20  BIT  A:00 X:51 Y:0C P:24 SP:FB
E84A  30 06     BMI  A:00 X:51 Y:0C P:26 SP:FB
E84C  CA        DEX  A:00 X:51 Y:0C P:26 SP:FB
E84D  D0 F8     BNE  A:00 X:50 Y:0C P:24 SP:FB
E847  2C 02 20  BIT  A:00 X:50 Y:0C P:24 SP:FB
E84A  30 06     BMI  A:00 X:50 Y:0C P:26 SP:FB
E84C  CA        DEX  A:00 X:50 Y:0C P:26 SP:FB
E84D  D0 F8     BNE  A:00 X:4F Y:0C P:24 SP:FB
E847  2C 02 20  BIT  A:00 X:4F Y:0C P:24 SP:FB
E84A  30 06     BMI  A:00 X:4F Y:0C P:26 SP:FB
E84C  CA        DEX  A:00 X:4F Y:0C P:26 SP:FB
E84D  D0 F8     BNE  A:00 X:4E Y:0C P:24 SP:FB
E847  2C 02 20  BIT  A:00 X:4E Y:0C P:24 SP:FB
E84A  30 06     BMI  A:00 X:4E Y:0C P:26 SP:FB
E84C  CA        DEX  A:00 X:4E Y:0C P:26 SP:FB
E84D  D0 F8     BNE  A:00 X:4D Y:0C P:24 SP:FB
E847  2C 02 20  BIT  A:00 X:4D Y:0C P:24 SP:FB
E84A  30 06     BMI  A:00 X:4D Y:0C P:26 SP:FB
E84C  CA        DEX  A:00 X:4D Y:0C P:26 SP:FB
E84D  D0 F8     BNE  A:00 X:4C Y:0C P:24 SP:FB
E847  2C 02 20  BIT  A:00 X:4C Y:0C P:24 SP:FB
E84A  30 06     BMI  A:00 X:4C Y:0C P:26 SP:FB
E84C  CA        DEX  A:00 X:4C Y:0C P:26 SP:FB
E84D  D0 F8     BNE  A:00 X:4B Y:0C P:24 SP:FB
E847  2C 02 20  BIT  A:00 X:4B Y:0C P:24 SP:FB
E84A  30 06     BMI  A:00 X:4B Y:0C P:26 SP:FB
E84C  CA        DEX  A:00 X:4B Y:0C P:26 SP:FB
E84D  D0 F8     BNE  A:00 X:4A Y:0C P:24 SP:FB
E847  2C 02 20  BIT  A:00 X:4A Y:0C P:24 SP:FB
E84A  30 06     BMI  A:00 X:4A Y:0C P:26 SP:FB
E84C  CA        DEX  A:00 X:4A Y:0C P:26 SP:FB
E84D  D0 F8     BNE  A:00 X:49 Y:0C P:24 SP:FB
E847  2C 02 20  BIT  A:00 X:49 Y:0C P:24 SP:FB
E84A  30 06     BMI  A:00 X:49 Y:0C P:26 SP:FB
E84C  CA        DEX  A:00 X:49 Y:0C P:26 SP:FB
E84D  D0 F8     BNE  A:00 X:48 Y:0C P:24 SP:FB
E847  2C 02 20  BIT  A:00 X:48 Y:0C P:24 SP:FB
E84A  30 06     BMI  A:00 X:48 Y:0C P:26 SP:FB
E84C  CA        DEX  A:00 X:48 Y:0C P:26 SP:FB
E84D  D0 F8     BNE  A:00 X:47 Y:0C P:24 SP:FB
E847  2C 02 20  BIT  A:00 X:47 Y:0C P:24 SP:FB
E84A  30 06     BMI  A:00 X:47 Y:0C P:26 SP:FB
E84C  CA        DEX  A:00 X:47 Y:0C P:26 SP:FB
E84D  D0 F8     BNE  A:00 X:46 Y:0C P:24 SP:FB
E847  2C 02 20  BIT  A:00 X:46 Y:0C P:24 SP:FB
E84A  30 06     BMI  A:00 X:46 Y:0C P:26 SP:FB
E84C  CA        DEX  A:00 X:46 Y:0C P:26 SP:FB
E84D  D0 F8     BNE  A:00 X:45 Y:0C P:24 SP:FB
E847  2C 02 20  BIT  A:00 X:45 Y:0C P:24 SP:FB
E84A  30 06     BMI  A:00 X:45 Y:0C P:26 SP:FB
E84C  CA        DEX  A:00 X:45 Y:0C P:26 SP:FB
E84D  D0 F8     BNE  A:00 X:44 Y:0C P:24 SP:FB
E847  2C 02 20  BIT  A:00 X:44 Y:0C P:24 SP:FB
E84A  30 06     BMI  A:00 X:44 Y:0C P:26 SP:FB
E84C  CA        DEX  A:00 X:44 Y:0C P:26 SP:FB
E84D  D0 F8     BNE  A:00 X:43 Y:0C P:24 SP:FB
E847  2C 02 20  BIT  A:00 X:43 Y:0C P:24 SP:FB
E84A  30 06     BMI  A:00 X:43 Y:0C P:26 SP:FB
E84C  CA        DEX  A:00 X:43 Y:0C P:26 SP:FB
E84D  D0 F8     BNE  A:00 X:42 Y:0C P:24 SP:FB
E847  2C 02 20  BIT  A:00 X:42 Y:0C P:24 SP:FB
E84A  30 06     BMI  A:00 X:42 Y:0C P:26 SP:FB
E84C  CA        DEX  A:00 X:42 Y:0C P:26 SP:FB
E84D  D0 F8     BNE  A:00 X:41 Y:0C P:24 SP:FB
E847  2C 02 20  BIT  A:00 X:41 Y:0C P:24 SP:FB
E84A  30 06     BMI  A:00 X:41 Y:0C P:26 SP:FB
E84C  CA        DEX  A:00 X:41 Y:0C P:26 SP:FB
E84D  D0 F8     BNE  A:00 X:40 Y:0C P:24 SP:FB
E847  2C 02 20  BIT  A:00 X:40 Y:0C P:24 SP:FB
E84A  30 06     BMI  A:00 X:40 Y:0C P:26 SP:FB
E84C  CA        DEX  A:00 X:40 Y:0C P:26 SP:FB
E84D  D0 F8     BNE  A:00 X:3F Y:0C P:24 SP:FB
E847  2C 02 20  BIT  A:00 X:3F Y:0C P:24 SP:FB
E84A  30 06     BMI  A:00 X:3F Y:0C P:26 SP:FB
E84C  CA        DEX  A:00 X:3F Y:0C P:26 SP:FB
E84D  D0 F8     BNE  A:00 X:3E Y:0C P:24 SP:FB
E847  2C 02 20  BIT  A:00 X:3E Y:0C P:24 SP:FB
E84A  30 06     BMI  A:00 X:3E Y:0C P:26 SP:FB
E84C  CA        DEX  A:00 X:3E Y:0C P:26 SP:FB
E84D  D0 F8     BNE  A:00 X:3D Y:0C P:24 SP:FB
E847  2C 02 20  BIT  A:00 X:3D Y:0C P:24 SP:FB
E84A  30 06     BMI  A:00 X:3D Y:0C P:26 SP:FB
E84C  CA        DEX  A:00 X:3D Y:0C P:26 SP:FB
E84D  D0 F8     BNE  A:00 X:3C Y:0C P:24 SP:FB
E847  2C 02 20  BIT  A:00 X:3C Y:0C P:24 SP:FB
E84A  30 06     BMI  A:00 X:3C Y:0C P:26 SP:FB
E84C  CA        DEX  A:00 X:3C Y:0C P:26 SP:FB
E84D  D0 F8     BNE  A:00 X:3B Y:0C P:24 SP:FB
E847  2C 02 20  BIT  A:00 X:3B Y:0C P:24 SP:FB
E84A  30 06     BMI  A:00 X:3B Y:0C P:26 SP:FB
E84C  CA        DEX  A:00 X:3B Y:0C P:26 SP:FB
E84D  D0 F8     BNE  A:00 X:3A Y:0C P:24 SP:FB
E847  2C 02 20  BIT  A:00 X:3A Y:0C P:24 SP:FB
E84A  30 06     BMI  A:00 X:3A Y:0C P:26 SP:FB
E84C  CA        DEX  A:00 X:3A Y:0C P:26 SP:FB
E84D  D0 F8     BNE  A:00 X:39 Y:0C P:24 SP:FB
E847  2C 02 20  BIT  A:00 X:39 Y:0C P:24 SP:FB
E84A  30 06     BMI  A:00 X:39 Y:0C P:26 SP:FB
E84C  CA        DEX  A:00 X:39 Y:0C P:26 SP:FB
E84D  D0 F8     BNE  A:00 X:38 Y:0C P:24 SP:FB
E847  2C 02 20  BIT  A:00 X:38 Y:0C P:24 SP:FB
E84A  30 06     BMI  A:00 X:38 Y:0C P:26 SP:FB
E84C  CA        DEX  A:00 X:38 Y:0C P:26 SP:FB
E84D  D0 F8     BNE  A:00 X:37 Y:0C P:24 SP:FB
E847  2C 02 20  BIT  A:00 X:37 Y:0C P:24 SP:FB
E84A  30 06     BMI  A:00 X:37 Y:0C P:26 SP:FB
E84C  CA        DEX  A:00 X:37 Y:0C P:26 SP:FB
E84D  D0 F8     BNE  A:00 X:36 Y:0C P:24 SP:FB
E847  2C 02 20  BIT  A:00 X:36 Y:0C P:24 SP:FB
E84A  30 06     BMI  A:00 X:36 Y:0C P:26 SP:FB
E84C  CA        DEX  A:00 X:36 Y:0C P:26 SP:FB
E84D  D0 F8     BNE  A:00 X:35 Y:0C P:24 SP:FB
E847  2C 02 20  BIT  A:00 X:35 Y:0C P:24 SP:FB
E84A  30 06     BMI  A:00 X:35 Y:0C P:26 SP:FB
E84C  CA        DEX  A:00 X:35 Y:0C P:26 SP:FB
E84D  D0 F8     BNE  A:00 X:34 Y:0C P:24 SP:FB
E847  2C 02 20  BIT  A:00 X:34 Y:0C P:24 SP:FB
E84A  30 06     BMI  A:00 X:34 Y:0C P:26 SP:FB
E84C  CA        DEX  A:00 X:34 Y:0C P:26 SP:FB
E84D  D0 F8     BNE  A:00 X:33 Y:0C P:24 SP:FB
E847  2C 02 20  BIT  A:00 X:33 Y:0C P:24 SP:FB
E84A  30 06     BMI  A:00 X:33 Y:0C P:26 SP:FB
E84C  CA        DEX  A:00 X:33 Y:0C P:26 SP:FB
E84D  D0 F8     BNE  A:00 X:32 Y:0C P:24 SP:FB
E847  2C 02 20  BIT  A:00 X:32 Y:0C P:24 SP:FB
E84A  30 06     BMI  A:00 X:32 Y:0C P:26 SP:FB
E84C  CA        DEX  A:00 X:32 Y:0C P:26 SP:FB
E84D  D0 F8     BNE  A:00 X:31 Y:0C P:24 SP:FB
E847  2C 02 20  BIT  A:00 X:31 Y:0C P:24 SP:FB
E84A  30 06     BMI  A:00 X:31 Y:0C P:26 SP:FB
E84C  CA        DEX  A:00 X:31 Y:0C P:26 SP:FB
E84D  D0 F8     BNE  A:00 X:30 Y:0C P:24 SP:FB
E847  2C 02 20  BIT  A:00 X:30 Y:0C P:24 SP:FB
E84A  30 06     BMI  A:00 X:30 Y:0C P:26 SP:FB
E84C  CA        DEX  A:00 X:30 Y:0C P:26 SP:FB
E84D  D0 F8     BNE  A:00 X:2F Y:0C P:24 SP:FB
E847  2C 02 20  BIT  A:00 X:2F Y:0C P:24 SP:FB
E84A  30 06     BMI  A:00 X:2F Y:0C P:26 SP:FB
E84C  CA        DEX  A:00 X:2F Y:0C P:26 SP:FB
E84D  D0 F8     BNE  A:00 X:2E Y:0C P:24 SP:FB
E847  2C 02 20  BIT  A:00 X:2E Y:0C P:24 SP:FB
E84A  30 06     BMI  A:00 X:2E Y:0C P:26 SP:FB
E84C  CA        DEX  A:00 X:2E Y:0C P:26 SP:FB
E84D  D0 F8     BNE  A:00 X:2D Y:0C P:24 SP:FB
E847  2C 02 20  BIT  A:00 X:2D Y:0C P:24 SP:FB
E84A  30 06     BMI  A:00 X:2D Y:0C P:26 SP:FB
E84C  CA        DEX  A:00 X:2D Y:0C P:26 SP:FB
E84D  D0 F8     BNE  A:00 X:2C Y:0C P:24 SP:FB
E847  2C 02 20  BIT  A:00 X:2C Y:0C P:24 SP:FB
E84A  30 06     BMI  A:00 X:2C Y:0C P:26 SP:FB
E84C  CA        DEX  A:00 X:2C Y:0C P:26 SP:FB
E84D  D0 F8     BNE  A:00 X:2B Y:0C P:24 SP:FB
E847  2C 02 20  BIT  A:00 X:2B Y:0C P:24 SP:FB
E84A  30 06     BMI  A:00 X:2B Y:0C P:26 SP:FB
E84C  CA        DEX  A:00 X:2B Y:0C P:26 SP:FB
E84D  D0 F8     BNE  A:00 X:2A Y:0C P:24 SP:FB
E847  2C 02 20  BIT  A:00 X:2A Y:0C P:24 SP:FB
E84A  30 06     BMI  A:00 X:2A Y:0C P:26 SP:FB
E84C  CA        DEX  A:00 X:2A Y:0C P:26 SP:FB
E84D  D0 F8     BNE  A:00 X:29 Y:0C P:24 SP:FB
E847  2C 02 20  BIT  A:00 X:29 Y:0C P:24 SP:FB
E84A  30 06     BMI  A:00 X:29 Y:0C P:26 SP:FB
E84C  CA        DEX  A:00 X:29 Y:0C P:26 SP:FB
E84D  D0 F8     BNE  A:00 X:28 Y:0C P:24 SP:FB
E847  2C 02 20  BIT  A:00 X:28 Y:0C P:24 SP:FB
E84A  30 06     BMI  A:00 X:28 Y:0C P:26 SP:FB
E84C  CA        DEX  A:00 X:28 Y:0C P:26 SP:FB
E84D  D0 F8     BNE  A:00 X:27 Y:0C P:24 SP:FB
E847  2C 02 20  BIT  A:00 X:27 Y:0C P:24 SP:FB
E84A  30 06     BMI  A:00 X:27 Y:0C P:26 SP:FB
E84C  CA        DEX  A:00 X:27 Y:0C P:26 SP:FB
E84D  D0 F8     BNE  A:00 X:26 Y:0C P:24 SP:FB
E847  2C 02 20  BIT  A:00 X:26 Y:0C P:24 SP:FB
E84A  30 06     BMI  A:00 X:26 Y:0C P:26 SP:FB
E84C  CA        DEX  A:00 X:26 Y:0C P:26 SP:FB
E84D  D0 F8     BNE  A:00 X:25 Y:0C P:24 SP:FB
E847  2C 02 20  BIT  A:00 X:25 Y:0C P:24 SP:FB
E84A  30 06     BMI  A:00 X:25 Y:0C P:26 SP:FB
E84C  CA        DEX  A:00 X:25 Y:0C P:26 SP:FB
E84D  D0 F8     BNE  A:00 X:24 Y:0C P:24 SP:FB
E847  2C 02 20  BIT  A:00 X:24 Y:0C P:24 SP:FB
E84A  30 06     BMI  A:00 X:24 Y:0C P:26 SP:FB
E84C  CA        DEX  A:00 X:24 Y:0C P:26 SP:FB
E84D  D0 F8     BNE  A:00 X:23 Y:0C P:24 SP:FB
E847  2C 02 20  BIT  A:00 X:23 Y:0C P:24 SP:FB
E84A  30 06     BMI  A:00 X:23 Y:0C P:26 SP:FB
E84C  CA        DEX  A:00 X:23 Y:0C P:26 SP:FB
E84D  D0 F8     BNE  A:00 X:22 Y:0C P:24 SP:FB
E847  2C 02 20  BIT  A:00 X:22 Y:0C P:24 SP:FB
E84A  30 06     BMI  A:00 X:22 Y:0C P:26 SP:FB
E84C  CA        DEX  A:00 X:22 Y:0C P:26 SP:FB
E84D  D0 F8     BNE  A:00 X:21 Y:0C P:24 SP:FB
E847  2C 02 20  BIT  A:00 X:21 Y:0C P:24 SP:FB
E84A  30 06     BMI  A:00 X:21 Y:0C P:26 SP:FB
E84C  CA        DEX  A:00 X:21 Y:0C P:26 SP:FB
E84D  D0 F8     BNE  A:00 X:20 Y:0C P:24 SP:FB
E847  2C 02 20  BIT  A:00 X:20 Y:0C P:24 SP:FB
E84A  30 06     BMI  A:00 X:20 Y:0C P:26 SP:FB
E84C  CA        DEX  A:00 X:20 Y:0C P:26 SP:FB
E84D  D0 F8     BNE  A:00 X:1F Y:0C P:24 SP:FB
E847  2C 02 20  BIT  A:00 X:1F Y:0C P:24 SP:FB
E84A  30 06     BMI  A:00 X:1F Y:0C P:26 SP:FB
E84C  CA        DEX  A:00 X:1F Y:0C P:26 SP:FB
E84D  D0 F8     BNE  A:00 X:1E Y:0C P:24 SP:FB
E847  2C 02 20  BIT  A:00 X:1E Y:0C P:24 SP:FB
E84A  30 06     BMI  A:00 X:1E Y:0C P:26 SP:FB
E84C  CA        DEX  A:00 X:1E Y:0C P:26 SP:FB
E84D  D0 F8     BNE  A:00 X:1D Y:0C P:24 SP:FB
E847  2C 02 20  BIT  A:00 X:1D Y:0C P:24 SP:FB
E84A  30 06     BMI  A:00 X:1D Y:0C P:26 SP:FB
E84C  CA        DEX  A:00 X:1D Y:0C P:26 SP:FB
E84D  D0 F8     BNE  A:00 X:1C Y:0C P:24 SP:FB
E847  2C 02 20  BIT  A:00 X:1C Y:0C P:24 SP:FB
E84A  30 06     BMI  A:00 X:1C Y:0C P:26 SP:FB
E84C  CA        DEX  A:00 X:1C Y:0C P:26 SP:FB
E84D  D0 F8     BNE  A:00 X:1B Y:0C P:24 SP:FB
E847  2C 02 20  BIT  A:00 X:1B Y:0C P:24 SP:FB
E84A  30 06     BMI  A:00 X:1B Y:0C P:26 SP:FB
E84C  CA        DEX  A:00 X:1B Y:0C P:26 SP:FB
E84D  D0 F8     BNE  A:00 X:1A Y:0C P:24 SP:FB
E847  2C 02 20  BIT  A:00 X:1A Y:0C P:24 SP:FB
E84A  30 06     BMI  A:00 X:1A Y:0C P:26 SP:FB
E84C  CA        DEX  A:00 X:1A Y:0C P:26 SP:FB
E84D  D0 F8     BNE  A:00 X:19 Y:0C P:24 SP:FB
E847  2C 02 20  BIT  A:00 X:19 Y:0C P:24 SP:FB
E84A  30 06     BMI  A:00 X:19 Y:0C P:26 SP:FB
E84C  CA        DEX  A:00 X:19 Y:0C P:26 SP:FB
E84D  D0 F8     BNE  A:00 X:18 Y:0C P:24 SP:FB
E847  2C 02 20  BIT  A:00 X:18 Y:0C P:24 SP:FB
E84A  30 06     BMI  A:00 X:18 Y:0C P:26 SP:FB
E84C  CA        DEX  A:00 X:18 Y:0C P:26 SP:FB
E84D  D0 F8     BNE  A:00 X:17 Y:0C P:24 SP:FB
E847  2C 02 20  BIT  A:00 X:17 Y:0C P:24 SP:FB
E84A  30 06     BMI  A:00 X:17 Y:0C P:26 SP:FB
E84C  CA        DEX  A:00 X:17 Y:0C P:26 SP:FB
E84D  D0 F8     BNE  A:00 X:16 Y:0C P:24 SP:FB
E847  2C 02 20  BIT  A:00 X:16 Y:0C P:24 SP:FB
E84A  30 06     BMI  A:00 X:16 Y:0C P:26 SP:FB
E84C  CA        DEX  A:00 X:16 Y:0C P:26 SP:FB
E84D  D0 F8     BNE  A:00 X:15 Y:0C P:24 SP:FB
E847  2C 02 20  BIT  A:00 X:15 Y:0C P:24 SP:FB
E84A  30 06     BMI  A:00 X:15 Y:0C P:26 SP:FB
E84C  CA        DEX  A:00 X:15 Y:0C P:26 SP:FB
E84D  D0 F8     BNE  A:00 X:14 Y:0C P:24 SP:FB
E847  2C 02 20  BIT  A:00 X:14 Y:0C P:24 SP:FB
E84A  30 06     BMI  A:00 X:14 Y:0C P:26 SP:FB
E84C  CA        DEX  A:00 X:14 Y:0C P:26 SP:FB
E84D  D0 F8     BNE  A:00 X:13 Y:0C P:24 SP:FB
E847  2C 02 20  BIT  A:00 X:13 Y:0C P:24 SP:FB
E84A  30 06     BMI  A:00 X:13 Y:0C P:26 SP:FB
E84C  CA        DEX  A:00 X:13 Y:0C P:26 SP:FB
E84D  D0 F8     BNE  A:00 X:12 Y:0C P:24 SP:FB
E847  2C 02 20  BIT  A:00 X:12 Y:0C P:24 SP:FB
E84A  30 06     BMI  A:00 X:12 Y:0C P:26 SP:FB
E84C  CA        DEX  A:00 X:12 Y:0C P:26 SP:FB
E84D  D0 F8     BNE  A:00 X:11 Y:0C P:24 SP:FB
E847  2C 02 20  BIT  A:00 X:11 Y:0C P:24 SP:FB
E84A  30 06     BMI  A:00 X:11 Y:0C P:26 SP:FB
E84C  CA        DEX  A:00 X:11 Y:0C P:26 SP:FB
E84D  D0 F8     BNE  A:00 X:10 Y:0C P:24 SP:FB
E847  2C 02 20  BIT  A:00 X:10 Y:0C P:24 SP:FB
E84A  30 06     BMI  A:00 X:10 Y:0C P:26 SP:FB
E84C  CA        DEX  A:00 X:10 Y:0C P:26 SP:FB
E84D  D0 F8     BNE  A:00 X:0F Y:0C P:24 SP:FB
E847  2C 02 20  BIT  A:00 X:0F Y:0C P:24 SP:FB
E84A  30 06     BMI  A:00 X:0F Y:0C P:26 SP:FB
E84C  CA        DEX  A:00 X:0F Y:0C P:26 SP:FB
E84D  D0 F8     BNE  A:00 X:0E Y:0C P:24 SP:FB
E847  2C 02 20  BIT  A:00 X:0E Y:0C P:24 SP:FB
E84A  30 06     BMI  A:00 X:0E Y:0C P:26 SP:FB
E84C  CA        DEX  A:00 X:0E Y:0C P:26 SP:FB
E84D  D0 F8     BNE  A:00 X:0D Y:0C P:24 SP:FB
E847  2C 02 20  BIT  A:00 X:0D Y:0C P:24 SP:FB
E84A  30 06     BMI  A:00 X:0D Y:0C P:26 SP:FB
E84C  CA        DEX  A:00 X:0D Y:0C P:26 SP:FB
E84D  D0 F8     BNE  A:00 X:0C Y:0C P:24 SP:FB
E847  2C 02 20  BIT  A:00 X:0C Y:0C P:24 SP:FB
E84A  30 06     BMI  A:00 X:0C Y:0C P:26 SP:FB
E84C  CA        DEX  A:00 X:0C Y:0C P:26 SP:FB
E84D  D0 F8     BNE  A:00 X:0B Y:0C P:24 SP:FB
E847  2C 02 20  BIT  A:00 X:0B Y:0C P:24 SP:FB
E84A  30 06     BMI  A:00 X:0B Y:0C P:26 SP:FB
E84C  CA        DEX  A:00 X:0B Y:0C P:26 SP:FB
E84D  D0 F8     BNE  A:00 X:0A Y:0C P:24 SP:FB
E847  2C 02 20  BIT  A:00 X:0A Y:0C P:24 SP:FB
E84A  30 06     BMI  A:00 X:0A Y:0C P:26 SP:FB
E84C  CA        DEX  A:00 X:0A Y:0C P:26 SP:FB
E84D  D0 F8     BNE  A:00 X:09 Y:0C P:24 SP:FB
E847  2C 02 20  BIT  A:00 X:09 Y:0C P:24 SP:FB
E84A  30 06     BMI  A:00 X:09 Y:0C P:26 SP:FB
E84C  CA        DEX  A:00 X:09 Y:0C P:26 SP:FB
E84D  D0 F8     BNE  A:00 X:08 Y:0C P:24 SP:FB
E847  2C 02 20  BIT  A:00 X:08 Y:0C P:24 SP:FB
E84A  30 06     BMI  A:00 X:08 Y:0C P:26 SP:FB
E84C  CA        DEX  A:00 X:08 Y:0C P:26 SP:FB
E84D  D0 F8     BNE  A:00 X:07 Y:0C P:24 SP:FB
E847  2C 02 20  BIT  A:00 X:07 Y:0C P:24 SP:FB
E84A  30 06     BMI  A:00 X:07 Y:0C P:26 SP:FB
E84C  CA        DEX  A:00 X:07 Y:0C P:26 SP:FB
E84D  D0 F8     BNE  A:00 X:06 Y:0C P:24 SP:FB
E847  2C 02 20  BIT  A:00 X:06 Y:0C P:24 SP:FB
E84A  30 06     BMI  A:00 X:06 Y:0C P:26 SP:FB
E84C  CA        DEX  A:00 X:06 Y:0C P:26 SP:FB
E84D  D0 F8     BNE  A:00 X:05 Y:0C P:24 SP:FB
E847  2C 02 20  BIT  A:00 X:05 Y:0C P:24 SP:FB
E84A  30 06     BMI  A:00 X:05 Y:0C P:26 SP:FB
E84C  CA        DEX  A:00 X:05 Y:0C P:26 SP:FB
E84D  D0 F8     BNE  A:00 X:04 Y:0C P:24 SP:FB
E847  2C 02 20  BIT  A:00 X:04 Y:0C P:24 SP:FB
E84A  30 06     BMI  A:00 X:04 Y:0C P:26 SP:FB
E84C  CA        DEX  A:00 X:04 Y:0C P:26 SP:FB
E84D  D0 F8     BNE  A:00 X:03 Y:0C P:24 SP:FB
E847  2C 02 20  BIT  A:00 X:03 Y:0C P:24 SP:FB
E84A  30 06     BMI  A:00 X:03 Y:0C P:26 SP:FB
E84C  CA        DEX  A:00 X:03 Y:0C P:26 SP:FB
E84D  D0 F8     BNE  A:00 X:02 Y:0C P:24 SP:FB
E847  2C 02 20  BIT  A:00 X:02 Y:0C P:24 SP:FB
E84A  30 06     BMI  A:00 X:02 Y:0C P:26 SP:FB
E84C  CA        DEX  A:00 X:02 Y:0C P:26 SP:FB
E84D  D0 F8     BNE  A:00 X:01 Y:0C P:24 SP:FB
E847  2C 02 20  BIT  A:00 X:01 Y:0C P:24 SP:FB
E84A  30 06     BMI  A:00 X:01 Y:0C P:26 SP:FB
E84C  CA        DEX  A:00 X:01 Y:0C P:26 SP:FB
E84D  D0 F8     BNE  A:00 X:00 Y:0C P:26 SP:FB
E84F  88        DEY  A:00 X:00 Y:0C P:26 SP:FB
E850  10 F5     BPL  A:00 X:00 Y:0B P:24 SP:FB
E847  2C 02 20  BIT  A:00 X:00 Y:0B P:24 SP:FB
E84A  30 06     BMI  A:00 X:00 Y:0B P:26 SP:FB
E84C  CA        DEX  A:00 X:00 Y:0B P:26 SP:FB
E84D  D0 F8     BNE  A:00 X:FF Y:0B P:A4 SP:FB
E847  2C 02 20  BIT  A:00 X:FF Y:0B P:A4 SP:FB
E84A  30 06     BMI  A:00 X:FF Y:0B P:26 SP:FB
E84C  CA        DEX  A:00 X:FF Y:0B P:26 SP:FB
E84D  D0 F8     BNE  A:00 X:FE Y:0B P:A4 SP:FB
E847  2C 02 20  BIT  A:00 X:FE Y:0B P:A4 SP:FB
E84A  30 06     BMI  A:00 X:FE Y:0B P:26 SP:FB
E84C  CA        DEX  A:00 X:FE Y:0B P:26 SP:FB
E84D  D0 F8     BNE  A:00 X:FD Y:0B P:A4 SP:FB
E847  2C 02 20  BIT  A:00 X:FD Y:0B P:A4 SP:FB
E84A  30 06     BMI  A:00 X:FD Y:0B P:26 SP:FB
E84C  CA        DEX  A:00 X:FD Y:0B P:26 SP:FB
E84D  D0 F8     BNE  A:00 X:FC Y:0B P:A4 SP:FB
E847  2C 02 20  BIT  A:00 X:FC Y:0B P:A4 SP:FB
E84A  30 06     BMI  A:00 X:FC Y:0B P:26 SP:FB
E84C  CA        DEX  A:00 X:FC Y:0B P:26 SP:FB
E84D  D0 F8     BNE  A:00 X:FB Y:0B P:A4 SP:FB
E847  2C 02 20  BIT  A:00 X:FB Y:0B P:A4 SP:FB
E84A  30 06     BMI  A:00 X:FB Y:0B P:26 SP:FB
E84C  CA        DEX  A:00 X:FB Y:0B P:26 SP:FB
E84D  D0 F8     BNE  A:00 X:FA Y:0B P:A4 SP:FB
E847  2C 02 20  BIT  A:00 X:FA Y:0B P:A4 SP:FB
E84A  30 06     BMI  A:00 X:FA Y:0B P:26 SP:FB
E84C  CA        DEX  A:00 X:FA Y:0B P:26 SP:FB
E84D  D0 F8     BNE  A:00 X:F9 Y:0B P:A4 SP:FB
E847  2C 02 20  BIT  A:00 X:F9 Y:0B P:A4 SP:FB
E84A  30 06     BMI  A:00 X:F9 Y:0B P:26 SP:FB
E84C  CA        DEX  A:00 X:F9 Y:0B P:26 SP:FB
E84D  D0 F8     BNE  A:00 X:F8 Y:0B P:A4 SP:FB
E847  2C 02 20  BIT  A:00 X:F8 Y:0B P:A4 SP:FB
E84A  30 06     BMI  A:00 X:F8 Y:0B P:26 SP:FB
E84C  CA        DEX  A:00 X:F8 Y:0B P:26 SP:FB
E84D  D0 F8     BNE  A:00 X:F7 Y:0B P:A4 SP:FB
E847  2C 02 20  BIT  A:00 X:F7 Y:0B P:A4 SP:FB
E84A  30 06     BMI  A:00 X:F7 Y:0B P:26 SP:FB
E84C  CA        DEX  A:00 X:F7 Y:0B P:26 SP:FB
E84D  D0 F8     BNE  A:00 X:F6 Y:0B P:A4 SP:FB
E847  2C 02 20  BIT  A:00 X:F6 Y:0B P:A4 SP:FB
E84A  30 06     BMI  A:00 X:F6 Y:0B P:26 SP:FB
E84C  CA        DEX  A:00 X:F6 Y:0B P:26 SP:FB
E84D  D0 F8     BNE  A:00 X:F5 Y:0B P:A4 SP:FB
E847  2C 02 20  BIT  A:00 X:F5 Y:0B P:A4 SP:FB
E84A  30 06     BMI  A:00 X:F5 Y:0B P:26 SP:FB
E84C  CA        DEX  A:00 X:F5 Y:0B P:26 SP:FB
E84D  D0 F8     BNE  A:00 X:F4 Y:0B P:A4 SP:FB
E847  2C 02 20  BIT  A:00 X:F4 Y:0B P:A4 SP:FB
E84A  30 06     BMI  A:00 X:F4 Y:0B P:26 SP:FB
E84C  CA        DEX  A:00 X:F4 Y:0B P:26 SP:FB
E84D  D0 F8     BNE  A:00 X:F3 Y:0B P:A4 SP:FB
E847  2C 02 20  BIT  A:00 X:F3 Y:0B P:A4 SP:FB
E84A  30 06     BMI  A:00 X:F3 Y:0B P:26 SP:FB
E84C  CA        DEX  A:00 X:F3 Y:0B P:26 SP:FB
E84D  D0 F8     BNE  A:00 X:F2 Y:0B P:A4 SP:FB
E847  2C 02 20  BIT  A:00 X:F2 Y:0B P:A4 SP:FB
E84A  30 06     BMI  A:00 X:F2 Y:0B P:26 SP:FB
E84C  CA        DEX  A:00 X:F2 Y:0B P:26 SP:FB
E84D  D0 F8     BNE  A:00 X:F1 Y:0B P:A4 SP:FB
E847  2C 02 20  BIT  A:00 X:F1 Y:0B P:A4 SP:FB
E84A  30 06     BMI  A:00 X:F1 Y:0B P:26 SP:FB
E84C  CA        DEX  A:00 X:F1 Y:0B P:26 SP:FB
E84D  D0 F8     BNE  A:00 X:F0 Y:0B P:A4 SP:FB
E847  2C 02 20  BIT  A:00 X:F0 Y:0B P:A4 SP:FB
E84A  30 06     BMI  A:00 X:F0 Y:0B P:26 SP:FB
E84C  CA        DEX  A:00 X:F0 Y:0B P:26 SP:FB
E84D  D0 F8     BNE  A:00 X:EF Y:0B P:A4 SP:FB
E847  2C 02 20  BIT  A:00 X:EF Y:0B P:A4 SP:FB
E84A  30 06     BMI  A:00 X:EF Y:0B P:26 SP:FB
E84C  CA        DEX  A:00 X:EF Y:0B P:26 SP:FB
E84D  D0 F8     BNE  A:00 X:EE Y:0B P:A4 SP:FB
E847  2C 02 20  BIT  A:00 X:EE Y:0B P:A4 SP:FB
E84A  30 06     BMI  A:00 X:EE Y:0B P:26 SP:FB
E84C  CA        DEX  A:00 X:EE Y:0B P:26 SP:FB
E84D  D0 F8     BNE  A:00 X:ED Y:0B P:A4 SP:FB
E847  2C 02 20  BIT  A:00 X:ED Y:0B P:A4 SP:FB
E84A  30 06     BMI  A:00 X:ED Y:0B P:26 SP:FB
E84C  CA        DEX  A:00 X:ED Y:0B P:26 SP:FB
E84D  D0 F8     BNE  A:00 X:EC Y:0B P:A4 SP:FB
E847  2C 02 20  BIT  A:00 X:EC Y:0B P:A4 SP:FB
E84A  30 06     BMI  A:00 X:EC Y:0B P:26 SP:FB
E84C  CA        DEX  A:00 X:EC Y:0B P:26 SP:FB
E84D  D0 F8     BNE  A:00 X:EB Y:0B P:A4 SP:FB
E847  2C 02 20  BIT  A:00 X:EB Y:0B P:A4 SP:FB
E84A  30 06     BMI  A:00 X:EB Y:0B P:26 SP:FB
E84C  CA        DEX  A:00 X:EB Y:0B P:26 SP:FB
E84D  D0 F8     BNE  A:00 X:EA Y:0B P:A4 SP:FB
E847  2C 02 20  BIT  A:00 X:EA Y:0B P:A4 SP:FB
E84A  30 06     BMI  A:00 X:EA Y:0B P:26 SP:FB
E84C  CA        DEX  A:00 X:EA Y:0B P:26 SP:FB
E84D  D0 F8     BNE  A:00 X:E9 Y:0B P:A4 SP:FB
E847  2C 02 20  BIT  A:00 X:E9 Y:0B P:A4 SP:FB
E84A  30 06     BMI  A:00 X:E9 Y:0B P:26 SP:FB
E84C  CA        DEX  A:00 X:E9 Y:0B P:26 SP:FB
E84D  D0 F8     BNE  A:00 X:E8 Y:0B P:A4 SP:FB
E847  2C 02 20  BIT  A:00 X:E8 Y:0B P:A4 SP:FB
E84A  30 06     BMI  A:00 X:E8 Y:0B P:26 SP:FB
E84C  CA        DEX  A:00 X:E8 Y:0B P:26 SP:FB
E84D  D0 F8     BNE  A:00 X:E7 Y:0B P:A4 SP:FB
E847  2C 02 20  BIT  A:00 X:E7 Y:0B P:A4 SP:FB
E84A  30 06     BMI  A:00 X:E7 Y:0B P:26 SP:FB
E84C  CA        DEX  A:00 X:E7 Y:0B P:26 SP:FB
E84D  D0 F8     BNE  A:00 X:E6 Y:0B P:A4 SP:FB
E847  2C 02 20  BIT  A:00 X:E6 Y:0B P:A4 SP:FB
E84A  30 06     BMI  A:00 X:E6 Y:0B P:26 SP:FB
E84C  CA        DEX  A:00 X:E6 Y:0B P:26 SP:FB
E84D  D0 F8     BNE  A:00 X:E5 Y:0B P:A4 SP:FB
E847  2C 02 20  BIT  A:00 X:E5 Y:0B P:A4 SP:FB
E84A  30 06     BMI  A:00 X:E5 Y:0B P:26 SP:FB
E84C  CA        DEX  A:00 X:E5 Y:0B P:26 SP:FB
E84D  D0 F8     BNE  A:00 X:E4 Y:0B P:A4 SP:FB
E847  2C 02 20  BIT  A:00 X:E4 Y:0B P:A4 SP:FB
E84A  30 06     BMI  A:00 X:E4 Y:0B P:26 SP:FB
E84C  CA        DEX  A:00 X:E4 Y:0B P:26 SP:FB
E84D  D0 F8     BNE  A:00 X:E3 Y:0B P:A4 SP:FB
E847  2C 02 20  BIT  A:00 X:E3 Y:0B P:A4 SP:FB
E84A  30 06     BMI  A:00 X:E3 Y:0B P:26 SP:FB
E84C  CA        DEX  A:00 X:E3 Y:0B P:26 SP:FB
E84D  D0 F8     BNE  A:00 X:E2 Y:0B P:A4 SP:FB
E847  2C 02 20  BIT  A:00 X:E2 Y:0B P:A4 SP:FB
E84A  30 06     BMI  A:00 X:E2 Y:0B P:26 SP:FB
E84C  CA        DEX  A:00 X:E2 Y:0B P:26 SP:FB
E84D  D0 F8     BNE  A:00 X:E1 Y:0B P:A4 SP:FB
E847  2C 02 20  BIT  A:00 X:E1 Y:0B P:A4 SP:FB
E84A  30 06     BMI  A:00 X:E1 Y:0B P:26 SP:FB
E84C  CA        DEX  A:00 X:E1 Y:0B P:26 SP:FB
E84D  D0 F8     BNE  A:00 X:E0 Y:0B P:A4 SP:FB
E847  2C 02 20  BIT  A:00 X:E0 Y:0B P:A4 SP:FB
E84A  30 06     BMI  A:00 X:E0 Y:0B P:26 SP:FB
E84C  CA        DEX  A:00 X:E0 Y:0B P:26 SP:FB
E84D  D0 F8     BNE  A:00 X:DF Y:0B P:A4 SP:FB
E847  2C 02 20  BIT  A:00 X:DF Y:0B P:A4 SP:FB
E84A  30 06     BMI  A:00 X:DF Y:0B P:26 SP:FB
E84C  CA        DEX  A:00 X:DF Y:0B P:26 SP:FB
E84D  D0 F8     BNE  A:00 X:DE Y:0B P:A4 SP:FB
E847  2C 02 20  BIT  A:00 X:DE Y:0B P:A4 SP:FB
E84A  30 06     BMI  A:00 X:DE Y:0B P:26 SP:FB
E84C  CA        DEX  A:00 X:DE Y:0B P:26 SP:FB
E84D  D0 F8     BNE  A:00 X:DD Y:0B P:A4 SP:FB
E847  2C 02 20  BIT  A:00 X:DD Y:0B P:A4 SP:FB
E84A  30 06     BMI  A:00 X:DD Y:0B P:26 SP:FB
E84C  CA        DEX  A:00 X:DD Y:0B P:26 SP:FB
E84D  D0 F8     BNE  A:00 X:DC Y:0B P:A4 SP:FB
E847  2C 02 20  BIT  A:00 X:DC Y:0B P:A4 SP:FB
E84A  30 06     BMI  A:00 X:DC Y:0B P:26 SP:FB
E84C  CA        DEX  A:00 X:DC Y:0B P:26 SP:FB
E84D  D0 F8     BNE  A:00 X:DB Y:0B P:A4 SP:FB
E847  2C 02 20  BIT  A:00 X:DB Y:0B P:A4 SP:FB
E84A  30 06     BMI  A:00 X:DB Y:0B P:26 SP:FB
E84C  CA        DEX  A:00 X:DB Y:0B P:26 SP:FB
E84D  D0 F8     BNE  A:00 X:DA Y:0B P:A4 SP:FB
E847  2C 02 20  BIT  A:00 X:DA Y:0B P:A4 SP:FB
E84A  30 06     BMI  A:00 X:DA Y:0B P:26 SP:FB
E84C  CA        DEX  A:00 X:DA Y:0B P:26 SP:FB
E84D  D0 F8     BNE  A:00 X:D9 Y:0B P:A4 SP:FB
E847  2C 02 20  BIT  A:00 X:D9 Y:0B P:A4 SP:FB
E84A  30 06     BMI  A:00 X:D9 Y:0B P:26 SP:FB
E84C  CA        DEX  A:00 X:D9 Y:0B P:26 SP:FB
E84D  D0 F8     BNE  A:00 X:D8 Y:0B P:A4 SP:FB
E847  2C 02 20  BIT  A:00 X:D8 Y:0B P:A4 SP:FB
E84A  30 06     BMI  A:00 X:D8 Y:0B P:26 SP:FB
E84C  CA        DEX  A:00 X:D8 Y:0B P:26 SP:FB
E84D  D0 F8     BNE  A:00 X:D7 Y:0B P:A4 SP:FB
E847  2C 02 20  BIT  A:00 X:D7 Y:0B P:A4 SP:FB
E84A  30 06     BMI  A:00 X:D7 Y:0B P:26 SP:FB
E84C  CA        DEX  A:00 X:D7 Y:0B P:26 SP:FB
E84D  D0 F8     BNE  A:00 X:D6 Y:0B P:A4 SP:FB
E847  2C 02 20  BIT  A:00 X:D6 Y:0B P:A4 SP:FB
E84A  30 06     BMI  A:00 X:D6 Y:0B P:26 SP:FB
E84C  CA        DEX  A:00 X:D6 Y:0B P:26 SP:FB
E84D  D0 F8     BNE  A:00 X:D5 Y:0B P:A4 SP:FB
E847  2C 02 20  BIT  A:00 X:D5 Y:0B P:A4 SP:FB
E84A  30 06     BMI  A:00 X:D5 Y:0B P:26 SP:FB
E84C  CA        DEX  A:00 X:D5 Y:0B P:26 SP:FB
E84D  D0 F8     BNE  A:00 X:D4 Y:0B P:A4 SP:FB
E847  2C 02 20  BIT  A:00 X:D4 Y:0B P:A4 SP:FB
E84A  30 06     BMI  A:00 X:D4 Y:0B P:26 SP:FB
E84C  CA        DEX  A:00 X:D4 Y:0B P:26 SP:FB
E84D  D0 F8     BNE  A:00 X:D3 Y:0B P:A4 SP:FB
E847  2C 02 20  BIT  A:00 X:D3 Y:0B P:A4 SP:FB
E84A  30 06     BMI  A:00 X:D3 Y:0B P:26 SP:FB
E84C  CA        DEX  A:00 X:D3 Y:0B P:26 SP:FB
E84D  D0 F8     BNE  A:00 X:D2 Y:0B P:A4 SP:FB
E847  2C 02 20  BIT  A:00 X:D2 Y:0B P:A4 SP:FB
E84A  30 06     BMI  A:00 X:D2 Y:0B P:26 SP:FB
E84C  CA        DEX  A:00 X:D2 Y:0B P:26 SP:FB
E84D  D0 F8     BNE  A:00 X:D1 Y:0B P:A4 SP:FB
E847  2C 02 20  BIT  A:00 X:D1 Y:0B P:A4 SP:FB
E84A  30 06     BMI  A:00 X:D1 Y:0B P:26 SP:FB
E84C  CA        DEX  A:00 X:D1 Y:0B P:26 SP:FB
E84D  D0 F8     BNE  A:00 X:D0 Y:0B P:A4 SP:FB
E847  2C 02 20  BIT  A:00 X:D0 Y:0B P:A4 SP:FB
E84A  30 06     BMI  A:00 X:D0 Y:0B P:26 SP:FB
E84C  CA        DEX  A:00 X:D0 Y:0B P:26 SP:FB
E84D  D0 F8     BNE  A:00 X:CF Y:0B P:A4 SP:FB
E847  2C 02 20  BIT  A:00 X:CF Y:0B P:A4 SP:FB
E84A  30 06     BMI  A:00 X:CF Y:0B P:26 SP:FB
E84C  CA        DEX  A:00 X:CF Y:0B P:26 SP:FB
E84D  D0 F8     BNE  A:00 X:CE Y:0B P:A4 SP:FB
E847  2C 02 20  BIT  A:00 X:CE Y:0B P:A4 SP:FB
E84A  30 06     BMI  A:00 X:CE Y:0B P:26 SP:FB
E84C  CA        DEX  A:00 X:CE Y:0B P:26 SP:FB
E84D  D0 F8     BNE  A:00 X:CD Y:0B P:A4 SP:FB
E847  2C 02 20  BIT  A:00 X:CD Y:0B P:A4 SP:FB
E84A  30 06     BMI  A:00 X:CD Y:0B P:26 SP:FB
E84C  CA        DEX  A:00 X:CD Y:0B P:26 SP:FB
E84D  D0 F8     BNE  A:00 X:CC Y:0B P:A4 SP:FB
E847  2C 02 20  BIT  A:00 X:CC Y:0B P:A4 SP:FB
E84A  30 06     BMI  A:00 X:CC Y:0B P:26 SP:FB
E84C  CA        DEX  A:00 X:CC Y:0B P:26 SP:FB
E84D  D0 F8     BNE  A:00 X:CB Y:0B P:A4 SP:FB
E847  2C 02 20  BIT  A:00 X:CB Y:0B P:A4 SP:FB
E84A  30 06     BMI  A:00 X:CB Y:0B P:26 SP:FB
E84C  CA        DEX  A:00 X:CB Y:0B P:26 SP:FB
E84D  D0 F8     BNE  A:00 X:CA Y:0B P:A4 SP:FB
E847  2C 02 20  BIT  A:00 X:CA Y:0B P:A4 SP:FB
E84A  30 06     BMI  A:00 X:CA Y:0B P:26 SP:FB
E84C  CA        DEX  A:00 X:CA Y:0B P:26 SP:FB
E84D  D0 F8     BNE  A:00 X:C9 Y:0B P:A4 SP:FB
E847  2C 02 20  BIT  A:00 X:C9 Y:0B P:A4 SP:FB
E84A  30 06     BMI  A:00 X:C9 Y:0B P:26 SP:FB
E84C  CA        DEX  A:00 X:C9 Y:0B P:26 SP:FB
E84D  D0 F8     BNE  A:00 X:C8 Y:0B P:A4 SP:FB
E847  2C 02 20  BIT  A:00 X:C8 Y:0B P:A4 SP:FB
E84A  30 06     BMI  A:00 X:C8 Y:0B P:26 SP:FB
E84C  CA        DEX  A:00 X:C8 Y:0B P:26 SP:FB
E84D  D0 F8     BNE  A:00 X:C7 Y:0B P:A4 SP:FB
E847  2C 02 20  BIT  A:00 X:C7 Y:0B P:A4 SP:FB
E84A  30 06     BMI  A:00 X:C7 Y:0B P:26 SP:FB
E84C  CA        DEX  A:00 X:C7 Y:0B P:26 SP:FB
E84D  D0 F8     BNE  A:00 X:C6 Y:0B P:A4 SP:FB
E847  2C 02 20  BIT  A:00 X:C6 Y:0B P:A4 SP:FB
E84A  30 06     BMI  A:00 X:C6 Y:0B P:26 SP:FB
E84C  CA        DEX  A:00 X:C6 Y:0B P:26 SP:FB
E84D  D0 F8     BNE  A:00 X:C5 Y:0B P:A4 SP:FB
E847  2C 02 20  BIT  A:00 X:C5 Y:0B P:A4 SP:FB
E84A  30 06     BMI  A:00 X:C5 Y:0B P:26 SP:FB
E84C  CA        DEX  A:00 X:C5 Y:0B P:26 SP:FB
E84D  D0 F8     BNE  A:00 X:C4 Y:0B P:A4 SP:FB
E847  2C 02 20  BIT  A:00 X:C4 Y:0B P:A4 SP:FB
E84A  30 06     BMI  A:00 X:C4 Y:0B P:26 SP:FB
E84C  CA        DEX  A:00 X:C4 Y:0B P:26 SP:FB
E84D  D0 F8     BNE  A:00 X:C3 Y:0B P:A4 SP:FB
E847  2C 02 20  BIT  A:00 X:C3 Y:0B P:A4 SP:FB
E84A  30 06     BMI  A:00 X:C3 Y:0B P:26 SP:FB
E84C  CA        DEX  A:00 X:C3 Y:0B P:26 SP:FB
E84D  D0 F8     BNE  A:00 X:C2 Y:0B P:A4 SP:FB
E847  2C 02 20  BIT  A:00 X:C2 Y:0B P:A4 SP:FB
E84A  30 06     BMI  A:00 X:C2 Y:0B P:26 SP:FB
E84C  CA        DEX  A:00 X:C2 Y:0B P:26 SP:FB
E84D  D0 F8     BNE  A:00 X:C1 Y:0B P:A4 SP:FB
E847  2C 02 20  BIT  A:00 X:C1 Y:0B P:A4 SP:FB
E84A  30 06     BMI  A:00 X:C1 Y:0B P:26 SP:FB
E84C  CA        DEX  A:00 X:C1 Y:0B P:26 SP:FB
E84D  D0 F8     BNE  A:00 X:C0 Y:0B P:A4 SP:FB
E847  2C 02 20  BIT  A:00 X:C0 Y:0B P:A4 SP:FB
E84A  30 06     BMI  A:00 X:C0 Y:0B P:26 SP:FB
E84C  CA        DEX  A:00 X:C0 Y:0B P:26 SP:FB
E84D  D0 F8     BNE  A:00 X:BF Y:0B P:A4 SP:FB
E847  2C 02 20  BIT  A:00 X:BF Y:0B P:A4 SP:FB
E84A  30 06     BMI  A:00 X:BF Y:0B P:26 SP:FB
E84C  CA        DEX  A:00 X:BF Y:0B P:26 SP:FB
E84D  D0 F8     BNE  A:00 X:BE Y:0B P:A4 SP:FB
E847  2C 02 20  BIT  A:00 X:BE Y:0B P:A4 SP:FB
E84A  30 06     BMI  A:00 X:BE Y:0B P:26 SP:FB
E84C  CA        DEX  A:00 X:BE Y:0B P:26 SP:FB
E84D  D0 F8     BNE  A:00 X:BD Y:0B P:A4 SP:FB
E847  2C 02 20  BIT  A:00 X:BD Y:0B P:A4 SP:FB
E84A  30 06     BMI  A:00 X:BD Y:0B P:26 SP:FB
E84C  CA        DEX  A:00 X:BD Y:0B P:26 SP:FB
E84D  D0 F8     BNE  A:00 X:BC Y:0B P:A4 SP:FB
E847  2C 02 20  BIT  A:00 X:BC Y:0B P:A4 SP:FB
E84A  30 06     BMI  A:00 X:BC Y:0B P:26 SP:FB
E84C  CA        DEX  A:00 X:BC Y:0B P:26 SP:FB
E84D  D0 F8     BNE  A:00 X:BB Y:0B P:A4 SP:FB
E847  2C 02 20  BIT  A:00 X:BB Y:0B P:A4 SP:FB
E84A  30 06     BMI  A:00 X:BB Y:0B P:26 SP:FB
E84C  CA        DEX  A:00 X:BB Y:0B P:26 SP:FB
E84D  D0 F8     BNE  A:00 X:BA Y:0B P:A4 SP:FB
E847  2C 02 20  BIT  A:00 X:BA Y:0B P:A4 SP:FB
E84A  30 06     BMI  A:00 X:BA Y:0B P:26 SP:FB
E84C  CA        DEX  A:00 X:BA Y:0B P:26 SP:FB
E84D  D0 F8     BNE  A:00 X:B9 Y:0B P:A4 SP:FB
E847  2C 02 20  BIT  A:00 X:B9 Y:0B P:A4 SP:FB
E84A  30 06     BMI  A:00 X:B9 Y:0B P:26 SP:FB
E84C  CA        DEX  A:00 X:B9 Y:0B P:26 SP:FB
E84D  D0 F8     BNE  A:00 X:B8 Y:0B P:A4 SP:FB
E847  2C 02 20  BIT  A:00 X:B8 Y:0B P:A4 SP:FB
E84A  30 06     BMI  A:00 X:B8 Y:0B P:26 SP:FB
E84C  CA        DEX  A:00 X:B8 Y:0B P:26 SP:FB
E84D  D0 F8     BNE  A:00 X:B7 Y:0B P:A4 SP:FB
E847  2C 02 20  BIT  A:00 X:B7 Y:0B P:A4 SP:FB
E84A  30 06     BMI  A:00 X:B7 Y:0B P:26 SP:FB
E84C  CA        DEX  A:00 X:B7 Y:0B P:26 SP:FB
E84D  D0 F8     BNE  A:00 X:B6 Y:0B P:A4 SP:FB
E847  2C 02 20  BIT  A:00 X:B6 Y:0B P:A4 SP:FB
E84A  30 06     BMI  A:00 X:B6 Y:0B P:26 SP:FB
E84C  CA        DEX  A:00 X:B6 Y:0B P:26 SP:FB
E84D  D0 F8     BNE  A:00 X:B5 Y:0B P:A4 SP:FB
E847  2C 02 20  BIT  A:00 X:B5 Y:0B P:A4 SP:FB
E84A  30 06     BMI  A:00 X:B5 Y:0B P:26 SP:FB
E84C  CA        DEX  A:00 X:B5 Y:0B P:26 SP:FB
E84D  D0 F8     BNE  A:00 X:B4 Y:0B P:A4 SP:FB
E847  2C 02 20  BIT  A:00 X:B4 Y:0B P:A4 SP:FB
E84A  30 06     BMI  A:00 X:B4 Y:0B P:26 SP:FB
E84C  CA        DEX  A:00 X:B4 Y:0B P:26 SP:FB
E84D  D0 F8     BNE  A:00 X:B3 Y:0B P:A4 SP:FB
E847  2C 02 20  BIT  A:00 X:B3 Y:0B P:A4 SP:FB
E84A  30 06     BMI  A:00 X:B3 Y:0B P:26 SP:FB
E84C  CA        DEX  A:00 X:B3 Y:0B P:26 SP:FB
E84D  D0 F8     BNE  A:00 X:B2 Y:0B P:A4 SP:FB
E847  2C 02 20  BIT  A:00 X:B2 Y:0B P:A4 SP:FB
E84A  30 06     BMI  A:00 X:B2 Y:0B P:26 SP:FB
E84C  CA        DEX  A:00 X:B2 Y:0B P:26 SP:FB
E84D  D0 F8     BNE  A:00 X:B1 Y:0B P:A4 SP:FB
E847  2C 02 20  BIT  A:00 X:B1 Y:0B P:A4 SP:FB
E84A  30 06     BMI  A:00 X:B1 Y:0B P:26 SP:FB
E84C  CA        DEX  A:00 X:B1 Y:0B P:26 SP:FB
E84D  D0 F8     BNE  A:00 X:B0 Y:0B P:A4 SP:FB
E847  2C 02 20  BIT  A:00 X:B0 Y:0B P:A4 SP:FB
E84A  30 06     BMI  A:00 X:B0 Y:0B P:26 SP:FB
E84C  CA        DEX  A:00 X:B0 Y:0B P:26 SP:FB
E84D  D0 F8     BNE  A:00 X:AF Y:0B P:A4 SP:FB
E847  2C 02 20  BIT  A:00 X:AF Y:0B P:A4 SP:FB
E84A  30 06     BMI  A:00 X:AF Y:0B P:26 SP:FB
E84C  CA        DEX  A:00 X:AF Y:0B P:26 SP:FB
E84D  D0 F8     BNE  A:00 X:AE Y:0B P:A4 SP:FB
E847  2C 02 20  BIT  A:00 X:AE Y:0B P:A4 SP:FB
E84A  30 06     BMI  A:00 X:AE Y:0B P:26 SP:FB
E84C  CA        DEX  A:00 X:AE Y:0B P:26 SP:FB
E84D  D0 F8     BNE  A:00 X:AD Y:0B P:A4 SP:FB
E847  2C 02 20  BIT  A:00 X:AD Y:0B P:A4 SP:FB
E84A  30 06     BMI  A:00 X:AD Y:0B P:26 SP:FB
E84C  CA        DEX  A:00 X:AD Y:0B P:26 SP:FB
E84D  D0 F8     BNE  A:00 X:AC Y:0B P:A4 SP:FB
E847  2C 02 20  BIT  A:00 X:AC Y:0B P:A4 SP:FB
E84A  30 06     BMI  A:00 X:AC Y:0B P:26 SP:FB
E84C  CA        DEX  A:00 X:AC Y:0B P:26 SP:FB
E84D  D0 F8     BNE  A:00 X:AB Y:0B P:A4 SP:FB
E847  2C 02 20  BIT  A:00 X:AB Y:0B P:A4 SP:FB
E84A  30 06     BMI  A:00 X:AB Y:0B P:26 SP:FB
E84C  CA        DEX  A:00 X:AB Y:0B P:26 SP:FB
E84D  D0 F8     BNE  A:00 X:AA Y:0B P:A4 SP:FB
E847  2C 02 20  BIT  A:00 X:AA Y:0B P:A4 SP:FB
E84A  30 06     BMI  A:00 X:AA Y:0B P:26 SP:FB
E84C  CA        DEX  A:00 X:AA Y:0B P:26 SP:FB
E84D  D0 F8     BNE  A:00 X:A9 Y:0B P:A4 SP:FB
E847  2C 02 20  BIT  A:00 X:A9 Y:0B P:A4 SP:FB
E84A  30 06     BMI  A:00 X:A9 Y:0B P:26 SP:FB
E84C  CA        DEX  A:00 X:A9 Y:0B P:26 SP:FB
E84D  D0 F8     BNE  A:00 X:A8 Y:0B P:A4 SP:FB
E847  2C 02 20  BIT  A:00 X:A8 Y:0B P:A4 SP:FB
E84A  30 06     BMI  A:00 X:A8 Y:0B P:26 SP:FB
E84C  CA        DEX  A:00 X:A8 Y:0B P:26 SP:FB
E84D  D0 F8     BNE  A:00 X:A7 Y:0B P:A4 SP:FB
E847  2C 02 20  BIT  A:00 X:A7 Y:0B P:A4 SP:FB
E84A  30 06     BMI  A:00 X:A7 Y:0B P:26 SP:FB
E84C  CA        DEX  A:00 X:A7 Y:0B P:26 SP:FB
E84D  D0 F8     BNE  A:00 X:A6 Y:0B P:A4 SP:FB
E847  2C 02 20  BIT  A:00 X:A6 Y:0B P:A4 SP:FB
E84A  30 06     BMI  A:00 X:A6 Y:0B P:26 SP:FB
E84C  CA        DEX  A:00 X:A6 Y:0B P:26 SP:FB
E84D  D0 F8     BNE  A:00 X:A5 Y:0B P:A4 SP:FB
E847  2C 02 20  BIT  A:00 X:A5 Y:0B P:A4 SP:FB
E84A  30 06     BMI  A:00 X:A5 Y:0B P:26 SP:FB
E84C  CA        DEX  A:00 X:A5 Y:0B P:26 SP:FB
E84D  D0 F8     BNE  A:00 X:A4 Y:0B P:A4 SP:FB
E847  2C 02 20  BIT  A:00 X:A4 Y:0B P:A4 SP:FB
E84A  30 06     BMI  A:00 X:A4 Y:0B P:26 SP:FB
E84C  CA        DEX  A:00 X:A4 Y:0B P:26 SP:FB
E84D  D0 F8     BNE  A:00 X:A3 Y:0B P:A4 SP:FB
E847  2C 02 20  BIT  A:00 X:A3 Y:0B P:A4 SP:FB
E84A  30 06     BMI  A:00 X:A3 Y:0B P:26 SP:FB
E84C  CA        DEX  A:00 X:A3 Y:0B P:26 SP:FB
E84D  D0 F8     BNE  A:00 X:A2 Y:0B P:A4 SP:FB
E847  2C 02 20  BIT  A:00 X:A2 Y:0B P:A4 SP:FB
E84A  30 06     BMI  A:00 X:A2 Y:0B P:26 SP:FB
E84C  CA        DEX  A:00 X:A2 Y:0B P:26 SP:FB
E84D  D0 F8     BNE  A:00 X:A1 Y:0B P:A4 SP:FB
E847  2C 02 20  BIT  A:00 X:A1 Y:0B P:A4 SP:FB
E84A  30 06     BMI  A:00 X:A1 Y:0B P:26 SP:FB
E84C  CA        DEX  A:00 X:A1 Y:0B P:26 SP:FB
E84D  D0 F8     BNE  A:00 X:A0 Y:0B P:A4 SP:FB
E847  2C 02 20  BIT  A:00 X:A0 Y:0B P:A4 SP:FB
E84A  30 06     BMI  A:00 X:A0 Y:0B P:26 SP:FB
E84C  CA        DEX  A:00 X:A0 Y:0B P:26 SP:FB
E84D  D0 F8     BNE  A:00 X:9F Y:0B P:A4 SP:FB
E847  2C 02 20  BIT  A:00 X:9F Y:0B P:A4 SP:FB
E84A  30 06     BMI  A:00 X:9F Y:0B P:26 SP:FB
E84C  CA        DEX  A:00 X:9F Y:0B P:26 SP:FB
E84D  D0 F8     BNE  A:00 X:9E Y:0B P:A4 SP:FB
E847  2C 02 20  BIT  A:00 X:9E Y:0B P:A4 SP:FB
E84A  30 06     BMI  A:00 X:9E Y:0B P:26 SP:FB
E84C  CA        DEX  A:00 X:9E Y:0B P:26 SP:FB
E84D  D0 F8     BNE  A:00 X:9D Y:0B P:A4 SP:FB
E847  2C 02 20  BIT  A:00 X:9D Y:0B P:A4 SP:FB
E84A  30 06     BMI  A:00 X:9D Y:0B P:26 SP:FB
E84C  CA        DEX  A:00 X:9D Y:0B P:26 SP:FB
E84D  D0 F8     BNE  A:00 X:9C Y:0B P:A4 SP:FB
E847  2C 02 20  BIT  A:00 X:9C Y:0B P:A4 SP:FB
E84A  30 06     BMI  A:00 X:9C Y:0B P:26 SP:FB
E84C  CA        DEX  A:00 X:9C Y:0B P:26 SP:FB
E84D  D0 F8     BNE  A:00 X:9B Y:0B P:A4 SP:FB
E847  2C 02 20  BIT  A:00 X:9B Y:0B P:A4 SP:FB
E84A  30 06     BMI  A:00 X:9B Y:0B P:26 SP:FB
E84C  CA        DEX  A:00 X:9B Y:0B P:26 SP:FB
E84D  D0 F8     BNE  A:00 X:9A Y:0B P:A4 SP:FB
E847  2C 02 20  BIT  A:00 X:9A Y:0B P:A4 SP:FB
E84A  30 06     BMI  A:00 X:9A Y:0B P:26 SP:FB
E84C  CA        DEX  A:00 X:9A Y:0B P:26 SP:FB
E84D  D0 F8     BNE  A:00 X:99 Y:0B P:A4 SP:FB
E847  2C 02 20  BIT  A:00 X:99 Y:0B P:A4 SP:FB
E84A  30 06     BMI  A:00 X:99 Y:0B P:26 SP:FB
E84C  CA        DEX  A:00 X:99 Y:0B P:26 SP:FB
E84D  D0 F8     BNE  A:00 X:98 Y:0B P:A4 SP:FB
E847  2C 02 20  BIT  A:00 X:98 Y:0B P:A4 SP:FB
E84A  30 06     BMI  A:00 X:98 Y:0B P:26 SP:FB
E84C  CA        DEX  A:00 X:98 Y:0B P:26 SP:FB
E84D  D0 F8     BNE  A:00 X:97 Y:0B P:A4 SP:FB
E847  2C 02 20  BIT  A:00 X:97 Y:0B P:A4 SP:FB
E84A  30 06     BMI  A:00 X:97 Y:0B P:26 SP:FB
E84C  CA        DEX  A:00 X:97 Y:0B P:26 SP:FB
E84D  D0 F8     BNE  A:00 X:96 Y:0B P:A4 SP:FB
E847  2C 02 20  BIT  A:00 X:96 Y:0B P:A4 SP:FB
E84A  30 06     BMI  A:00 X:96 Y:0B P:26 SP:FB
E84C  CA        DEX  A:00 X:96 Y:0B P:26 SP:FB
E84D  D0 F8     BNE  A:00 X:95 Y:0B P:A4 SP:FB
E847  2C 02 20  BIT  A:00 X:95 Y:0B P:A4 SP:FB
E84A  30 06     BMI  A:00 X:95 Y:0B P:26 SP:FB
E84C  CA        DEX  A:00 X:95 Y:0B P:26 SP:FB
E84D  D0 F8     BNE  A:00 X:94 Y:0B P:A4 SP:FB
E847  2C 02 20  BIT  A:00 X:94 Y:0B P:A4 SP:FB
E84A  30 06     BMI  A:00 X:94 Y:0B P:26 SP:FB
E84C  CA        DEX  A:00 X:94 Y:0B P:26 SP:FB
E84D  D0 F8     BNE  A:00 X:93 Y:0B P:A4 SP:FB
E847  2C 02 20  BIT  A:00 X:93 Y:0B P:A4 SP:FB
E84A  30 06     BMI  A:00 X:93 Y:0B P:26 SP:FB
E84C  CA        DEX  A:00 X:93 Y:0B P:26 SP:FB
E84D  D0 F8     BNE  A:00 X:92 Y:0B P:A4 SP:FB
E847  2C 02 20  BIT  A:00 X:92 Y:0B P:A4 SP:FB
E84A  30 06     BMI  A:00 X:92 Y:0B P:26 SP:FB
E84C  CA        DEX  A:00 X:92 Y:0B P:26 SP:FB
E84D  D0 F8     BNE  A:00 X:91 Y:0B P:A4 SP:FB
E847  2C 02 20  BIT  A:00 X:91 Y:0B P:A4 SP:FB
E84A  30 06     BMI  A:00 X:91 Y:0B P:26 SP:FB
E84C  CA        DEX  A:00 X:91 Y:0B P:26 SP:FB
E84D  D0 F8     BNE  A:00 X:90 Y:0B P:A4 SP:FB
E847  2C 02 20  BIT  A:00 X:90 Y:0B P:A4 SP:FB
E84A  30 06     BMI  A:00 X:90 Y:0B P:26 SP:FB
E84C  CA        DEX  A:00 X:90 Y:0B P:26 SP:FB
E84D  D0 F8     BNE  A:00 X:8F Y:0B P:A4 SP:FB
E847  2C 02 20  BIT  A:00 X:8F Y:0B P:A4 SP:FB
E84A  30 06     BMI  A:00 X:8F Y:0B P:26 SP:FB
E84C  CA        DEX  A:00 X:8F Y:0B P:26 SP:FB
E84D  D0 F8     BNE  A:00 X:8E Y:0B P:A4 SP:FB
E847  2C 02 20  BIT  A:00 X:8E Y:0B P:A4 SP:FB
E84A  30 06     BMI  A:00 X:8E Y:0B P:26 SP:FB
E84C  CA        DEX  A:00 X:8E Y:0B P:26 SP:FB
E84D  D0 F8     BNE  A:00 X:8D Y:0B P:A4 SP:FB
E847  2C 02 20  BIT  A:00 X:8D Y:0B P:A4 SP:FB
E84A  30 06     BMI  A:00 X:8D Y:0B P:26 SP:FB
E84C  CA        DEX  A:00 X:8D Y:0B P:26 SP:FB
E84D  D0 F8     BNE  A:00 X:8C Y:0B P:A4 SP:FB
E847  2C 02 20  BIT  A:00 X:8C Y:0B P:A4 SP:FB
E84A  30 06     BMI  A:00 X:8C Y:0B P:26 SP:FB
E84C  CA        DEX  A:00 X:8C Y:0B P:26 SP:FB
E84D  D0 F8     BNE  A:00 X:8B Y:0B P:A4 SP:FB
E847  2C 02 20  BIT  A:00 X:8B Y:0B P:A4 SP:FB
E84A  30 06     BMI  A:00 X:8B Y:0B P:26 SP:FB
E84C  CA        DEX  A:00 X:8B Y:0B P:26 SP:FB
E84D  D0 F8     BNE  A:00 X:8A Y:0B P:A4 SP:FB
E847  2C 02 20  BIT  A:00 X:8A Y:0B P:A4 SP:FB
E84A  30 06     BMI  A:00 X:8A Y:0B P:26 SP:FB
E84C  CA        DEX  A:00 X:8A Y:0B P:26 SP:FB
E84D  D0 F8     BNE  A:00 X:89 Y:0B P:A4 SP:FB
E847  2C 02 20  BIT  A:00 X:89 Y:0B P:A4 SP:FB
E84A  30 06     BMI  A:00 X:89 Y:0B P:26 SP:FB
E84C  CA        DEX  A:00 X:89 Y:0B P:26 SP:FB
E84D  D0 F8     BNE  A:00 X:88 Y:0B P:A4 SP:FB
E847  2C 02 20  BIT  A:00 X:88 Y:0B P:A4 SP:FB
E84A  30 06     BMI  A:00 X:88 Y:0B P:26 SP:FB
E84C  CA        DEX  A:00 X:88 Y:0B P:26 SP:FB
E84D  D0 F8     BNE  A:00 X:87 Y:0B P:A4 SP:FB
E847  2C 02 20  BIT  A:00 X:87 Y:0B P:A4 SP:FB
E84A  30 06     BMI  A:00 X:87 Y:0B P:26 SP:FB
E84C  CA        DEX  A:00 X:87 Y:0B P:26 SP:FB
E84D  D0 F8     BNE  A:00 X:86 Y:0B P:A4 SP:FB
E847  2C 02 20  BIT  A:00 X:86 Y:0B P:A4 SP:FB
E84A  30 06     BMI  A:00 X:86 Y:0B P:26 SP:FB
E84C  CA        DEX  A:00 X:86 Y:0B P:26 SP:FB
E84D  D0 F8     BNE  A:00 X:85 Y:0B P:A4 SP:FB
E847  2C 02 20  BIT  A:00 X:85 Y:0B P:A4 SP:FB
E84A  30 06     BMI  A:00 X:85 Y:0B P:26 SP:FB
E84C  CA        DEX  A:00 X:85 Y:0B P:26 SP:FB
E84D  D0 F8     BNE  A:00 X:84 Y:0B P:A4 SP:FB
E847  2C 02 20  BIT  A:00 X:84 Y:0B P:A4 SP:FB
E84A  30 06     BMI  A:00 X:84 Y:0B P:26 SP:FB
E84C  CA        DEX  A:00 X:84 Y:0B P:26 SP:FB
E84D  D0 F8     BNE  A:00 X:83 Y:0B P:A4 SP:FB
E847  2C 02 20  BIT  A:00 X:83 Y:0B P:A4 SP:FB
E84A  30 06     BMI  A:00 X:83 Y:0B P:26 SP:FB
E84C  CA        DEX  A:00 X:83 Y:0B P:26 SP:FB
E84D  D0 F8     BNE  A:00 X:82 Y:0B P:A4 SP:FB
E847  2C 02 20  BIT  A:00 X:82 Y:0B P:A4 SP:FB
E84A  30 06     BMI  A:00 X:82 Y:0B P:26 SP:FB
E84C  CA        DEX  A:00 X:82 Y:0B P:26 SP:FB
E84D  D0 F8     BNE  A:00 X:81 Y:0B P:A4 SP:FB
E847  2C 02 20  BIT  A:00 X:81 Y:0B P:A4 SP:FB
E84A  30 06     BMI  A:00 X:81 Y:0B P:26 SP:FB
E84C  CA        DEX  A:00 X:81 Y:0B P:26 SP:FB
E84D  D0 F8     BNE  A:00 X:80 Y:0B P:A4 SP:FB
E847  2C 02 20  BIT  A:00 X:80 Y:0B P:A4 SP:FB
E84A  30 06     BMI  A:00 X:80 Y:0B P:26 SP:FB
E84C  CA        DEX  A:00 X:80 Y:0B P:26 SP:FB
E84D  D0 F8     BNE  A:00 X:7F Y:0B P:24 SP:FB
E847  2C 02 20  BIT  A:00 X:7F Y:0B P:24 SP:FB
E84A  30 06     BMI  A:00 X:7F Y:0B P:26 SP:FB
E84C  CA        DEX  A:00 X:7F Y:0B P:26 SP:FB
E84D  D0 F8     BNE  A:00 X:7E Y:0B P:24 SP:FB
E847  2C 02 20  BIT  A:00 X:7E Y:0B P:24 SP:FB
E84A  30 06     BMI  A:00 X:7E Y:0B P:26 SP:FB
E84C  CA        DEX  A:00 X:7E Y:0B P:26 SP:FB
E84D  D0 F8     BNE  A:00 X:7D Y:0B P:24 SP:FB
E847  2C 02 20  BIT  A:00 X:7D Y:0B P:24 SP:FB
E84A  30 06     BMI  A:00 X:7D Y:0B P:26 SP:FB
E84C  CA        DEX  A:00 X:7D Y:0B P:26 SP:FB
E84D  D0 F8     BNE  A:00 X:7C Y:0B P:24 SP:FB
E847  2C 02 20  BIT  A:00 X:7C Y:0B P:24 SP:FB
E84A  30 06     BMI  A:00 X:7C Y:0B P:26 SP:FB
E84C  CA        DEX  A:00 X:7C Y:0B P:26 SP:FB
E84D  D0 F8     BNE  A:00 X:7B Y:0B P:24 SP:FB
E847  2C 02 20  BIT  A:00 X:7B Y:0B P:24 SP:FB
E84A  30 06     BMI  A:00 X:7B Y:0B P:26 SP:FB
E84C  CA        DEX  A:00 X:7B Y:0B P:26 SP:FB
E84D  D0 F8     BNE  A:00 X:7A Y:0B P:24 SP:FB
E847  2C 02 20  BIT  A:00 X:7A Y:0B P:24 SP:FB
E84A  30 06     BMI  A:00 X:7A Y:0B P:26 SP:FB
E84C  CA        DEX  A:00 X:7A Y:0B P:26 SP:FB
E84D  D0 F8     BNE  A:00 X:79 Y:0B P:24 SP:FB
E847  2C 02 20  BIT  A:00 X:79 Y:0B P:24 SP:FB
E84A  30 06     BMI  A:00 X:79 Y:0B P:26 SP:FB
E84C  CA        DEX  A:00 X:79 Y:0B P:26 SP:FB
E84D  D0 F8     BNE  A:00 X:78 Y:0B P:24 SP:FB
E847  2C 02 20  BIT  A:00 X:78 Y:0B P:24 SP:FB
E84A  30 06     BMI  A:00 X:78 Y:0B P:26 SP:FB
E84C  CA        DEX  A:00 X:78 Y:0B P:26 SP:FB
E84D  D0 F8     BNE  A:00 X:77 Y:0B P:24 SP:FB
E847  2C 02 20  BIT  A:00 X:77 Y:0B P:24 SP:FB
E84A  30 06     BMI  A:00 X:77 Y:0B P:26 SP:FB
E84C  CA        DEX  A:00 X:77 Y:0B P:26 SP:FB
E84D  D0 F8     BNE  A:00 X:76 Y:0B P:24 SP:FB
E847  2C 02 20  BIT  A:00 X:76 Y:0B P:24 SP:FB
E84A  30 06     BMI  A:00 X:76 Y:0B P:26 SP:FB
E84C  CA        DEX  A:00 X:76 Y:0B P:26 SP:FB
E84D  D0 F8     BNE  A:00 X:75 Y:0B P:24 SP:FB
E847  2C 02 20  BIT  A:00 X:75 Y:0B P:24 SP:FB
E84A  30 06     BMI  A:00 X:75 Y:0B P:26 SP:FB
E84C  CA        DEX  A:00 X:75 Y:0B P:26 SP:FB
E84D  D0 F8     BNE  A:00 X:74 Y:0B P:24 SP:FB
E847  2C 02 20  BIT  A:00 X:74 Y:0B P:24 SP:FB
E84A  30 06     BMI  A:00 X:74 Y:0B P:26 SP:FB
E84C  CA        DEX  A:00 X:74 Y:0B P:26 SP:FB
E84D  D0 F8     BNE  A:00 X:73 Y:0B P:24 SP:FB
E847  2C 02 20  BIT  A:00 X:73 Y:0B P:24 SP:FB
E84A  30 06     BMI  A:00 X:73 Y:0B P:26 SP:FB
E84C  CA        DEX  A:00 X:73 Y:0B P:26 SP:FB
E84D  D0 F8     BNE  A:00 X:72 Y:0B P:24 SP:FB
E847  2C 02 20  BIT  A:00 X:72 Y:0B P:24 SP:FB
E84A  30 06     BMI  A:00 X:72 Y:0B P:26 SP:FB
E84C  CA        DEX  A:00 X:72 Y:0B P:26 SP:FB
E84D  D0 F8     BNE  A:00 X:71 Y:0B P:24 SP:FB
E847  2C 02 20  BIT  A:00 X:71 Y:0B P:24 SP:FB
E84A  30 06     BMI  A:00 X:71 Y:0B P:26 SP:FB
E84C  CA        DEX  A:00 X:71 Y:0B P:26 SP:FB
E84D  D0 F8     BNE  A:00 X:70 Y:0B P:24 SP:FB
E847  2C 02 20  BIT  A:00 X:70 Y:0B P:24 SP:FB
E84A  30 06     BMI  A:00 X:70 Y:0B P:26 SP:FB
E84C  CA        DEX  A:00 X:70 Y:0B P:26 SP:FB
E84D  D0 F8     BNE  A:00 X:6F Y:0B P:24 SP:FB
E847  2C 02 20  BIT  A:00 X:6F Y:0B P:24 SP:FB
E84A  30 06     BMI  A:00 X:6F Y:0B P:26 SP:FB
E84C  CA        DEX  A:00 X:6F Y:0B P:26 SP:FB
E84D  D0 F8     BNE  A:00 X:6E Y:0B P:24 SP:FB
E847  2C 02 20  BIT  A:00 X:6E Y:0B P:24 SP:FB
E84A  30 06     BMI  A:00 X:6E Y:0B P:26 SP:FB
E84C  CA        DEX  A:00 X:6E Y:0B P:26 SP:FB
E84D  D0 F8     BNE  A:00 X:6D Y:0B P:24 SP:FB
E847  2C 02 20  BIT  A:00 X:6D Y:0B P:24 SP:FB
E84A  30 06     BMI  A:00 X:6D Y:0B P:26 SP:FB
E84C  CA        DEX  A:00 X:6D Y:0B P:26 SP:FB
E84D  D0 F8     BNE  A:00 X:6C Y:0B P:24 SP:FB
E847  2C 02 20  BIT  A:00 X:6C Y:0B P:24 SP:FB
E84A  30 06     BMI  A:00 X:6C Y:0B P:26 SP:FB
E84C  CA        DEX  A:00 X:6C Y:0B P:26 SP:FB
E84D  D0 F8     BNE  A:00 X:6B Y:0B P:24 SP:FB
E847  2C 02 20  BIT  A:00 X:6B Y:0B P:24 SP:FB
E84A  30 06     BMI  A:00 X:6B Y:0B P:26 SP:FB
E84C  CA        DEX  A:00 X:6B Y:0B P:26 SP:FB
E84D  D0 F8     BNE  A:00 X:6A Y:0B P:24 SP:FB
E847  2C 02 20  BIT  A:00 X:6A Y:0B P:24 SP:FB
E84A  30 06     BMI  A:00 X:6A Y:0B P:26 SP:FB
E84C  CA        DEX  A:00 X:6A Y:0B P:26 SP:FB
E84D  D0 F8     BNE  A:00 X:69 Y:0B P:24 SP:FB
E847  2C 02 20  BIT  A:00 X:69 Y:0B P:24 SP:FB
E84A  30 06     BMI  A:00 X:69 Y:0B P:26 SP:FB
E84C  CA        DEX  A:00 X:69 Y:0B P:26 SP:FB
E84D  D0 F8     BNE  A:00 X:68 Y:0B P:24 SP:FB
E847  2C 02 20  BIT  A:00 X:68 Y:0B P:24 SP:FB
E84A  30 06     BMI  A:00 X:68 Y:0B P:26 SP:FB
E84C  CA        DEX  A:00 X:68 Y:0B P:26 SP:FB
E84D  D0 F8     BNE  A:00 X:67 Y:0B P:24 SP:FB
E847  2C 02 20  BIT  A:00 X:67 Y:0B P:24 SP:FB
E84A  30 06     BMI  A:00 X:67 Y:0B P:26 SP:FB
E84C  CA        DEX  A:00 X:67 Y:0B P:26 SP:FB
E84D  D0 F8     BNE  A:00 X:66 Y:0B P:24 SP:FB
E847  2C 02 20  BIT  A:00 X:66 Y:0B P:24 SP:FB
E84A  30 06     BMI  A:00 X:66 Y:0B P:26 SP:FB
E84C  CA        DEX  A:00 X:66 Y:0B P:26 SP:FB
E84D  D0 F8     BNE  A:00 X:65 Y:0B P:24 SP:FB
E847  2C 02 20  BIT  A:00 X:65 Y:0B P:24 SP:FB
E84A  30 06     BMI  A:00 X:65 Y:0B P:26 SP:FB
E84C  CA        DEX  A:00 X:65 Y:0B P:26 SP:FB
E84D  D0 F8     BNE  A:00 X:64 Y:0B P:24 SP:FB
E847  2C 02 20  BIT  A:00 X:64 Y:0B P:24 SP:FB
E84A  30 06     BMI  A:00 X:64 Y:0B P:26 SP:FB
E84C  CA        DEX  A:00 X:64 Y:0B P:26 SP:FB
E84D  D0 F8     BNE  A:00 X:63 Y:0B P:24 SP:FB
E847  2C 02 20  BIT  A:00 X:63 Y:0B P:24 SP:FB
E84A  30 06     BMI  A:00 X:63 Y:0B P:26 SP:FB
E84C  CA        DEX  A:00 X:63 Y:0B P:26 SP:FB
E84D  D0 F8     BNE  A:00 X:62 Y:0B P:24 SP:FB
E847  2C 02 20  BIT  A:00 X:62 Y:0B P:24 SP:FB
E84A  30 06     BMI  A:00 X:62 Y:0B P:26 SP:FB
E84C  CA        DEX  A:00 X:62 Y:0B P:26 SP:FB
E84D  D0 F8     BNE  A:00 X:61 Y:0B P:24 SP:FB
E847  2C 02 20  BIT  A:00 X:61 Y:0B P:24 SP:FB
E84A  30 06     BMI  A:00 X:61 Y:0B P:26 SP:FB
E84C  CA        DEX  A:00 X:61 Y:0B P:26 SP:FB
E84D  D0 F8     BNE  A:00 X:60 Y:0B P:24 SP:FB
E847  2C 02 20  BIT  A:00 X:60 Y:0B P:24 SP:FB
E84A  30 06     BMI  A:00 X:60 Y:0B P:26 SP:FB
E84C  CA        DEX  A:00 X:60 Y:0B P:26 SP:FB
E84D  D0 F8     BNE  A:00 X:5F Y:0B P:24 SP:FB
E847  2C 02 20  BIT  A:00 X:5F Y:0B P:24 SP:FB
E84A  30 06     BMI  A:00 X:5F Y:0B P:26 SP:FB
E84C  CA        DEX  A:00 X:5F Y:0B P:26 SP:FB
E84D  D0 F8     BNE  A:00 X:5E Y:0B P:24 SP:FB
E847  2C 02 20  BIT  A:00 X:5E Y:0B P:24 SP:FB
E84A  30 06     BMI  A:00 X:5E Y:0B P:26 SP:FB
E84C  CA        DEX  A:00 X:5E Y:0B P:26 SP:FB
E84D  D0 F8     BNE  A:00 X:5D Y:0B P:24 SP:FB
E847  2C 02 20  BIT  A:00 X:5D Y:0B P:24 SP:FB
E84A  30 06     BMI  A:00 X:5D Y:0B P:26 SP:FB
E84C  CA        DEX  A:00 X:5D Y:0B P:26 SP:FB
E84D  D0 F8     BNE  A:00 X:5C Y:0B P:24 SP:FB
E847  2C 02 20  BIT  A:00 X:5C Y:0B P:24 SP:FB
E84A  30 06     BMI  A:00 X:5C Y:0B P:26 SP:FB
E84C  CA        DEX  A:00 X:5C Y:0B P:26 SP:FB
E84D  D0 F8     BNE  A:00 X:5B Y:0B P:24 SP:FB
E847  2C 02 20  BIT  A:00 X:5B Y:0B P:24 SP:FB
E84A  30 06     BMI  A:00 X:5B Y:0B P:26 SP:FB
E84C  CA        DEX  A:00 X:5B Y:0B P:26 SP:FB
E84D  D0 F8     BNE  A:00 X:5A Y:0B P:24 SP:FB
E847  2C 02 20  BIT  A:00 X:5A Y:0B P:24 SP:FB
E84A  30 06     BMI  A:00 X:5A Y:0B P:26 SP:FB
E84C  CA        DEX  A:00 X:5A Y:0B P:26 SP:FB
E84D  D0 F8     BNE  A:00 X:59 Y:0B P:24 SP:FB
E847  2C 02 20  BIT  A:00 X:59 Y:0B P:24 SP:FB
E84A  30 06     BMI  A:00 X:59 Y:0B P:26 SP:FB
E84C  CA        DEX  A:00 X:59 Y:0B P:26 SP:FB
E84D  D0 F8     BNE  A:00 X:58 Y:0B P:24 SP:FB
E847  2C 02 20  BIT  A:00 X:58 Y:0B P:24 SP:FB
E84A  30 06     BMI  A:00 X:58 Y:0B P:26 SP:FB
E84C  CA        DEX  A:00 X:58 Y:0B P:26 SP:FB
E84D  D0 F8     BNE  A:00 X:57 Y:0B P:24 SP:FB
E847  2C 02 20  BIT  A:00 X:57 Y:0B P:24 SP:FB
E84A  30 06     BMI  A:00 X:57 Y:0B P:26 SP:FB
E84C  CA        DEX  A:00 X:57 Y:0B P:26 SP:FB
E84D  D0 F8     BNE  A:00 X:56 Y:0B P:24 SP:FB
E847  2C 02 20  BIT  A:00 X:56 Y:0B P:24 SP:FB
E84A  30 06     BMI  A:00 X:56 Y:0B P:26 SP:FB
E84C  CA        DEX  A:00 X:56 Y:0B P:26 SP:FB
E84D  D0 F8     BNE  A:00 X:55 Y:0B P:24 SP:FB
E847  2C 02 20  BIT  A:00 X:55 Y:0B P:24 SP:FB
E84A  30 06     BMI  A:00 X:55 Y:0B P:26 SP:FB
E84C  CA        DEX  A:00 X:55 Y:0B P:26 SP:FB
E84D  D0 F8     BNE  A:00 X:54 Y:0B P:24 SP:FB
E847  2C 02 20  BIT  A:00 X:54 Y:0B P:24 SP:FB
E84A  30 06     BMI  A:00 X:54 Y:0B P:26 SP:FB
E84C  CA        DEX  A:00 X:54 Y:0B P:26 SP:FB
E84D  D0 F8     BNE  A:00 X:53 Y:0B P:24 SP:FB
E847  2C 02 20  BIT  A:00 X:53 Y:0B P:24 SP:FB
E84A  30 06     BMI  A:00 X:53 Y:0B P:26 SP:FB
E84C  CA        DEX  A:00 X:53 Y:0B P:26 SP:FB
E84D  D0 F8     BNE  A:00 X:52 Y:0B P:24 SP:FB
E847  2C 02 20  BIT  A:00 X:52 Y:0B P:24 SP:FB
E84A  30 06     BMI  A:00 X:52 Y:0B P:26 SP:FB
E84C  CA        DEX  A:00 X:52 Y:0B P:26 SP:FB
E84D  D0 F8     BNE  A:00 X:51 Y:0B P:24 SP:FB
E847  2C 02 20  BIT  A:00 X:51 Y:0B P:24 SP:FB
E84A  30 06     BMI  A:00 X:51 Y:0B P:26 SP:FB
E84C  CA        DEX  A:00 X:51 Y:0B P:26 SP:FB
E84D  D0 F8     BNE  A:00 X:50 Y:0B P:24 SP:FB
E847  2C 02 20  BIT  A:00 X:50 Y:0B P:24 SP:FB
E84A  30 06     BMI  A:00 X:50 Y:0B P:26 SP:FB
E84C  CA        DEX  A:00 X:50 Y:0B P:26 SP:FB
E84D  D0 F8     BNE  A:00 X:4F Y:0B P:24 SP:FB
E847  2C 02 20  BIT  A:00 X:4F Y:0B P:24 SP:FB
E84A  30 06     BMI  A:00 X:4F Y:0B P:26 SP:FB
E84C  CA        DEX  A:00 X:4F Y:0B P:26 SP:FB
E84D  D0 F8     BNE  A:00 X:4E Y:0B P:24 SP:FB
E847  2C 02 20  BIT  A:00 X:4E Y:0B P:24 SP:FB
E84A  30 06     BMI  A:00 X:4E Y:0B P:26 SP:FB
E84C  CA        DEX  A:00 X:4E Y:0B P:26 SP:FB
E84D  D0 F8     BNE  A:00 X:4D Y:0B P:24 SP:FB
E847  2C 02 20  BIT  A:00 X:4D Y:0B P:24 SP:FB
E84A  30 06     BMI  A:00 X:4D Y:0B P:26 SP:FB
E84C  CA        DEX  A:00 X:4D Y:0B P:26 SP:FB
E84D  D0 F8     BNE  A:00 X:4C Y:0B P:24 SP:FB
E847  2C 02 20  BIT  A:00 X:4C Y:0B P:24 SP:FB
E84A  30 06     BMI  A:00 X:4C Y:0B P:26 SP:FB
E84C  CA        DEX  A:00 X:4C Y:0B P:26 SP:FB
E84D  D0 F8     BNE  A:00 X:4B Y:0B P:24 SP:FB
E847  2C 02 20  BIT  A:00 X:4B Y:0B P:24 SP:FB
E84A  30 06     BMI  A:00 X:4B Y:0B P:26 SP:FB
E84C  CA        DEX  A:00 X:4B Y:0B P:26 SP:FB
E84D  D0 F8     BNE  A:00 X:4A Y:0B P:24 SP:FB
E847  2C 02 20  BIT  A:00 X:4A Y:0B P:24 SP:FB
E84A  30 06     BMI  A:00 X:4A Y:0B P:26 SP:FB
E84C  CA        DEX  A:00 X:4A Y:0B P:26 SP:FB
E84D  D0 F8     BNE  A:00 X:49 Y:0B P:24 SP:FB
E847  2C 02 20  BIT  A:00 X:49 Y:0B P:24 SP:FB
E84A  30 06     BMI  A:00 X:49 Y:0B P:26 SP:FB
E84C  CA        DEX  A:00 X:49 Y:0B P:26 SP:FB
E84D  D0 F8     BNE  A:00 X:48 Y:0B P:24 SP:FB
E847  2C 02 20  BIT  A:00 X:48 Y:0B P:24 SP:FB
E84A  30 06     BMI  A:00 X:48 Y:0B P:26 SP:FB
E84C  CA        DEX  A:00 X:48 Y:0B P:26 SP:FB
E84D  D0 F8     BNE  A:00 X:47 Y:0B P:24 SP:FB
E847  2C 02 20  BIT  A:00 X:47 Y:0B P:24 SP:FB
E84A  30 06     BMI  A:00 X:47 Y:0B P:26 SP:FB
E84C  CA        DEX  A:00 X:47 Y:0B P:26 SP:FB
E84D  D0 F8     BNE  A:00 X:46 Y:0B P:24 SP:FB
E847  2C 02 20  BIT  A:00 X:46 Y:0B P:24 SP:FB
E84A  30 06     BMI  A:00 X:46 Y:0B P:26 SP:FB
E84C  CA        DEX  A:00 X:46 Y:0B P:26 SP:FB
E84D  D0 F8     BNE  A:00 X:45 Y:0B P:24 SP:FB
E847  2C 02 20  BIT  A:00 X:45 Y:0B P:24 SP:FB
E84A  30 06     BMI  A:00 X:45 Y:0B P:26 SP:FB
E84C  CA        DEX  A:00 X:45 Y:0B P:26 SP:FB
E84D  D0 F8     BNE  A:00 X:44 Y:0B P:24 SP:FB
E847  2C 02 20  BIT  A:00 X:44 Y:0B P:24 SP:FB
E84A  30 06     BMI  A:00 X:44 Y:0B P:26 SP:FB
E84C  CA        DEX  A:00 X:44 Y:0B P:26 SP:FB
E84D  D0 F8     BNE  A:00 X:43 Y:0B P:24 SP:FB
E847  2C 02 20  BIT  A:00 X:43 Y:0B P:24 SP:FB
E84A  30 06     BMI  A:00 X:43 Y:0B P:26 SP:FB
E84C  CA        DEX  A:00 X:43 Y:0B P:26 SP:FB
E84D  D0 F8     BNE  A:00 X:42 Y:0B P:24 SP:FB
E847  2C 02 20  BIT  A:00 X:42 Y:0B P:24 SP:FB
E84A  30 06     BMI  A:00 X:42 Y:0B P:26 SP:FB
E84C  CA        DEX  A:00 X:42 Y:0B P:26 SP:FB
E84D  D0 F8     BNE  A:00 X:41 Y:0B P:24 SP:FB
E847  2C 02 20  BIT  A:00 X:41 Y:0B P:24 SP:FB
E84A  30 06     BMI  A:00 X:41 Y:0B P:26 SP:FB
E84C  CA        DEX  A:00 X:41 Y:0B P:26 SP:FB
E84D  D0 F8     BNE  A:00 X:40 Y:0B P:24 SP:FB
E847  2C 02 20  BIT  A:00 X:40 Y:0B P:24 SP:FB
E84A  30 06     BMI  A:00 X:40 Y:0B P:26 SP:FB
E84C  CA        DEX  A:00 X:40 Y:0B P:26 SP:FB
E84D  D0 F8     BNE  A:00 X:3F Y:0B P:24 SP:FB
E847  2C 02 20  BIT  A:00 X:3F Y:0B P:24 SP:FB
E84A  30 06     BMI  A:00 X:3F Y:0B P:26 SP:FB
E84C  CA        DEX  A:00 X:3F Y:0B P:26 SP:FB
E84D  D0 F8     BNE  A:00 X:3E Y:0B P:24 SP:FB
E847  2C 02 20  BIT  A:00 X:3E Y:0B P:24 SP:FB
E84A  30 06     BMI  A:00 X:3E Y:0B P:26 SP:FB
E84C  CA        DEX  A:00 X:3E Y:0B P:26 SP:FB
E84D  D0 F8     BNE  A:00 X:3D Y:0B P:24 SP:FB
E847  2C 02 20  BIT  A:00 X:3D Y:0B P:24 SP:FB
E84A  30 06     BMI  A:00 X:3D Y:0B P:26 SP:FB
E84C  CA        DEX  A:00 X:3D Y:0B P:26 SP:FB
E84D  D0 F8     BNE  A:00 X:3C Y:0B P:24 SP:FB
E847  2C 02 20  BIT  A:00 X:3C Y:0B P:24 SP:FB
E84A  30 06     BMI  A:00 X:3C Y:0B P:26 SP:FB
E84C  CA        DEX  A:00 X:3C Y:0B P:26 SP:FB
E84D  D0 F8     BNE  A:00 X:3B Y:0B P:24 SP:FB
E847  2C 02 20  BIT  A:00 X:3B Y:0B P:24 SP:FB
E84A  30 06     BMI  A:00 X:3B Y:0B P:26 SP:FB
E84C  CA        DEX  A:00 X:3B Y:0B P:26 SP:FB
E84D  D0 F8     BNE  A:00 X:3A Y:0B P:24 SP:FB
E847  2C 02 20  BIT  A:00 X:3A Y:0B P:24 SP:FB
E84A  30 06     BMI  A:00 X:3A Y:0B P:26 SP:FB
E84C  CA        DEX  A:00 X:3A Y:0B P:26 SP:FB
E84D  D0 F8     BNE  A:00 X:39 Y:0B P:24 SP:FB
E847  2C 02 20  BIT  A:00 X:39 Y:0B P:24 SP:FB
E84A  30 06     BMI  A:00 X:39 Y:0B P:26 SP:FB
E84C  CA        DEX  A:00 X:39 Y:0B P:26 SP:FB
E84D  D0 F8     BNE  A:00 X:38 Y:0B P:24 SP:FB
E847  2C 02 20  BIT  A:00 X:38 Y:0B P:24 SP:FB
E84A  30 06     BMI  A:00 X:38 Y:0B P:26 SP:FB
E84C  CA        DEX  A:00 X:38 Y:0B P:26 SP:FB
E84D  D0 F8     BNE  A:00 X:37 Y:0B P:24 SP:FB
E847  2C 02 20  BIT  A:00 X:37 Y:0B P:24 SP:FB
E84A  30 06     BMI  A:00 X:37 Y:0B P:26 SP:FB
E84C  CA        DEX  A:00 X:37 Y:0B P:26 SP:FB
E84D  D0 F8     BNE  A:00 X:36 Y:0B P:24 SP:FB
E847  2C 02 20  BIT  A:00 X:36 Y:0B P:24 SP:FB
E84A  30 06     BMI  A:00 X:36 Y:0B P:26 SP:FB
E84C  CA        DEX  A:00 X:36 Y:0B P:26 SP:FB
E84D  D0 F8     BNE  A:00 X:35 Y:0B P:24 SP:FB
E847  2C 02 20  BIT  A:00 X:35 Y:0B P:24 SP:FB
E84A  30 06     BMI  A:00 X:35 Y:0B P:26 SP:FB
E84C  CA        DEX  A:00 X:35 Y:0B P:26 SP:FB
E84D  D0 F8     BNE  A:00 X:34 Y:0B P:24 SP:FB
E847  2C 02 20  BIT  A:00 X:34 Y:0B P:24 SP:FB
E84A  30 06     BMI  A:00 X:34 Y:0B P:26 SP:FB
E84C  CA        DEX  A:00 X:34 Y:0B P:26 SP:FB
E84D  D0 F8     BNE  A:00 X:33 Y:0B P:24 SP:FB
E847  2C 02 20  BIT  A:00 X:33 Y:0B P:24 SP:FB
E84A  30 06     BMI  A:00 X:33 Y:0B P:26 SP:FB
E84C  CA        DEX  A:00 X:33 Y:0B P:26 SP:FB
E84D  D0 F8     BNE  A:00 X:32 Y:0B P:24 SP:FB
E847  2C 02 20  BIT  A:00 X:32 Y:0B P:24 SP:FB
E84A  30 06     BMI  A:00 X:32 Y:0B P:26 SP:FB
E84C  CA        DEX  A:00 X:32 Y:0B P:26 SP:FB
E84D  D0 F8     BNE  A:00 X:31 Y:0B P:24 SP:FB
E847  2C 02 20  BIT  A:00 X:31 Y:0B P:24 SP:FB
E84A  30 06     BMI  A:00 X:31 Y:0B P:26 SP:FB
E84C  CA        DEX  A:00 X:31 Y:0B P:26 SP:FB
E84D  D0 F8     BNE  A:00 X:30 Y:0B P:24 SP:FB
E847  2C 02 20  BIT  A:00 X:30 Y:0B P:24 SP:FB
E84A  30 06     BMI  A:00 X:30 Y:0B P:26 SP:FB
E84C  CA        DEX  A:00 X:30 Y:0B P:26 SP:FB
E84D  D0 F8     BNE  A:00 X:2F Y:0B P:24 SP:FB
E847  2C 02 20  BIT  A:00 X:2F Y:0B P:24 SP:FB
E84A  30 06     BMI  A:00 X:2F Y:0B P:26 SP:FB
E84C  CA        DEX  A:00 X:2F Y:0B P:26 SP:FB
E84D  D0 F8     BNE  A:00 X:2E Y:0B P:24 SP:FB
E847  2C 02 20  BIT  A:00 X:2E Y:0B P:24 SP:FB
E84A  30 06     BMI  A:00 X:2E Y:0B P:26 SP:FB
E84C  CA        DEX  A:00 X:2E Y:0B P:26 SP:FB
E84D  D0 F8     BNE  A:00 X:2D Y:0B P:24 SP:FB
E847  2C 02 20  BIT  A:00 X:2D Y:0B P:24 SP:FB
E84A  30 06     BMI  A:00 X:2D Y:0B P:26 SP:FB
E84C  CA        DEX  A:00 X:2D Y:0B P:26 SP:FB
E84D  D0 F8     BNE  A:00 X:2C Y:0B P:24 SP:FB
E847  2C 02 20  BIT  A:00 X:2C Y:0B P:24 SP:FB
E84A  30 06     BMI  A:00 X:2C Y:0B P:26 SP:FB
E84C  CA        DEX  A:00 X:2C Y:0B P:26 SP:FB
E84D  D0 F8     BNE  A:00 X:2B Y:0B P:24 SP:FB
E847  2C 02 20  BIT  A:00 X:2B Y:0B P:24 SP:FB
E84A  30 06     BMI  A:00 X:2B Y:0B P:26 SP:FB
E84C  CA        DEX  A:00 X:2B Y:0B P:26 SP:FB
E84D  D0 F8     BNE  A:00 X:2A Y:0B P:24 SP:FB
E847  2C 02 20  BIT  A:00 X:2A Y:0B P:24 SP:FB
E84A  30 06     BMI  A:00 X:2A Y:0B P:26 SP:FB
E84C  CA        DEX  A:00 X:2A Y:0B P:26 SP:FB
E84D  D0 F8     BNE  A:00 X:29 Y:0B P:24 SP:FB
E847  2C 02 20  BIT  A:00 X:29 Y:0B P:24 SP:FB
E84A  30 06     BMI  A:00 X:29 Y:0B P:26 SP:FB
E84C  CA        DEX  A:00 X:29 Y:0B P:26 SP:FB
E84D  D0 F8     BNE  A:00 X:28 Y:0B P:24 SP:FB
E847  2C 02 20  BIT  A:00 X:28 Y:0B P:24 SP:FB
E84A  30 06     BMI  A:00 X:28 Y:0B P:26 SP:FB
E84C  CA        DEX  A:00 X:28 Y:0B P:26 SP:FB
E84D  D0 F8     BNE  A:00 X:27 Y:0B P:24 SP:FB
E847  2C 02 20  BIT  A:00 X:27 Y:0B P:24 SP:FB
E84A  30 06     BMI  A:00 X:27 Y:0B P:26 SP:FB
E84C  CA        DEX  A:00 X:27 Y:0B P:26 SP:FB
E84D  D0 F8     BNE  A:00 X:26 Y:0B P:24 SP:FB
E847  2C 02 20  BIT  A:00 X:26 Y:0B P:24 SP:FB
E84A  30 06     BMI  A:00 X:26 Y:0B P:26 SP:FB
E84C  CA        DEX  A:00 X:26 Y:0B P:26 SP:FB
E84D  D0 F8     BNE  A:00 X:25 Y:0B P:24 SP:FB
E847  2C 02 20  BIT  A:00 X:25 Y:0B P:24 SP:FB
E84A  30 06     BMI  A:00 X:25 Y:0B P:26 SP:FB
E84C  CA        DEX  A:00 X:25 Y:0B P:26 SP:FB
E84D  D0 F8     BNE  A:00 X:24 Y:0B P:24 SP:FB
E847  2C 02 20  BIT  A:00 X:24 Y:0B P:24 SP:FB
E84A  30 06     BMI  A:00 X:24 Y:0B P:26 SP:FB
E84C  CA        DEX  A:00 X:24 Y:0B P:26 SP:FB
E84D  D0 F8     BNE  A:00 X:23 Y:0B P:24 SP:FB
E847  2C 02 20  BIT  A:00 X:23 Y:0B P:24 SP:FB
E84A  30 06     BMI  A:00 X:23 Y:0B P:26 SP:FB
E84C  CA        DEX  A:00 X:23 Y:0B P:26 SP:FB
E84D  D0 F8     BNE  A:00 X:22 Y:0B P:24 SP:FB
E847  2C 02 20  BIT  A:00 X:22 Y:0B P:24 SP:FB
E84A  30 06     BMI  A:00 X:22 Y:0B P:26 SP:FB
E84C  CA        DEX  A:00 X:22 Y:0B P:26 SP:FB
E84D  D0 F8     BNE  A:00 X:21 Y:0B P:24 SP:FB
E847  2C 02 20  BIT  A:00 X:21 Y:0B P:24 SP:FB
E84A  30 06     BMI  A:00 X:21 Y:0B P:26 SP:FB
E84C  CA        DEX  A:00 X:21 Y:0B P:26 SP:FB
E84D  D0 F8     BNE  A:00 X:20 Y:0B P:24 SP:FB
E847  2C 02 20  BIT  A:00 X:20 Y:0B P:24 SP:FB
E84A  30 06     BMI  A:00 X:20 Y:0B P:26 SP:FB
E84C  CA        DEX  A:00 X:20 Y:0B P:26 SP:FB
E84D  D0 F8     BNE  A:00 X:1F Y:0B P:24 SP:FB
E847  2C 02 20  BIT  A:00 X:1F Y:0B P:24 SP:FB
E84A  30 06     BMI  A:00 X:1F Y:0B P:26 SP:FB
E84C  CA        DEX  A:00 X:1F Y:0B P:26 SP:FB
E84D  D0 F8     BNE  A:00 X:1E Y:0B P:24 SP:FB
E847  2C 02 20  BIT  A:00 X:1E Y:0B P:24 SP:FB
E84A  30 06     BMI  A:00 X:1E Y:0B P:26 SP:FB
E84C  CA        DEX  A:00 X:1E Y:0B P:26 SP:FB
E84D  D0 F8     BNE  A:00 X:1D Y:0B P:24 SP:FB
E847  2C 02 20  BIT  A:00 X:1D Y:0B P:24 SP:FB
E84A  30 06     BMI  A:00 X:1D Y:0B P:26 SP:FB
E84C  CA        DEX  A:00 X:1D Y:0B P:26 SP:FB
E84D  D0 F8     BNE  A:00 X:1C Y:0B P:24 SP:FB
E847  2C 02 20  BIT  A:00 X:1C Y:0B P:24 SP:FB
E84A  30 06     BMI  A:00 X:1C Y:0B P:26 SP:FB
E84C  CA        DEX  A:00 X:1C Y:0B P:26 SP:FB
E84D  D0 F8     BNE  A:00 X:1B Y:0B P:24 SP:FB
E847  2C 02 20  BIT  A:00 X:1B Y:0B P:24 SP:FB
E84A  30 06     BMI  A:00 X:1B Y:0B P:26 SP:FB
E84C  CA        DEX  A:00 X:1B Y:0B P:26 SP:FB
E84D  D0 F8     BNE  A:00 X:1A Y:0B P:24 SP:FB
E847  2C 02 20  BIT  A:00 X:1A Y:0B P:24 SP:FB
E84A  30 06     BMI  A:00 X:1A Y:0B P:26 SP:FB
E84C  CA        DEX  A:00 X:1A Y:0B P:26 SP:FB
E84D  D0 F8     BNE  A:00 X:19 Y:0B P:24 SP:FB
E847  2C 02 20  BIT  A:00 X:19 Y:0B P:24 SP:FB
E84A  30 06     BMI  A:00 X:19 Y:0B P:26 SP:FB
E84C  CA        DEX  A:00 X:19 Y:0B P:26 SP:FB
E84D  D0 F8     BNE  A:00 X:18 Y:0B P:24 SP:FB
E847  2C 02 20  BIT  A:00 X:18 Y:0B P:24 SP:FB
E84A  30 06     BMI  A:00 X:18 Y:0B P:26 SP:FB
E84C  CA        DEX  A:00 X:18 Y:0B P:26 SP:FB
E84D  D0 F8     BNE  A:00 X:17 Y:0B P:24 SP:FB
E847  2C 02 20  BIT  A:00 X:17 Y:0B P:24 SP:FB
E84A  30 06     BMI  A:00 X:17 Y:0B P:26 SP:FB
E84C  CA        DEX  A:00 X:17 Y:0B P:26 SP:FB
E84D  D0 F8     BNE  A:00 X:16 Y:0B P:24 SP:FB
E847  2C 02 20  BIT  A:00 X:16 Y:0B P:24 SP:FB
E84A  30 06     BMI  A:00 X:16 Y:0B P:26 SP:FB
E84C  CA        DEX  A:00 X:16 Y:0B P:26 SP:FB
E84D  D0 F8     BNE  A:00 X:15 Y:0B P:24 SP:FB
E847  2C 02 20  BIT  A:00 X:15 Y:0B P:24 SP:FB
E84A  30 06     BMI  A:00 X:15 Y:0B P:26 SP:FB
E84C  CA        DEX  A:00 X:15 Y:0B P:26 SP:FB
E84D  D0 F8     BNE  A:00 X:14 Y:0B P:24 SP:FB
E847  2C 02 20  BIT  A:00 X:14 Y:0B P:24 SP:FB
E84A  30 06     BMI  A:00 X:14 Y:0B P:26 SP:FB
E84C  CA        DEX  A:00 X:14 Y:0B P:26 SP:FB
E84D  D0 F8     BNE  A:00 X:13 Y:0B P:24 SP:FB
E847  2C 02 20  BIT  A:00 X:13 Y:0B P:24 SP:FB
E84A  30 06     BMI  A:00 X:13 Y:0B P:26 SP:FB
E84C  CA        DEX  A:00 X:13 Y:0B P:26 SP:FB
E84D  D0 F8     BNE  A:00 X:12 Y:0B P:24 SP:FB
E847  2C 02 20  BIT  A:00 X:12 Y:0B P:24 SP:FB
E84A  30 06     BMI  A:00 X:12 Y:0B P:26 SP:FB
E84C  CA        DEX  A:00 X:12 Y:0B P:26 SP:FB
E84D  D0 F8     BNE  A:00 X:11 Y:0B P:24 SP:FB
E847  2C 02 20  BIT  A:00 X:11 Y:0B P:24 SP:FB
E84A  30 06     BMI  A:00 X:11 Y:0B P:26 SP:FB
E84C  CA        DEX  A:00 X:11 Y:0B P:26 SP:FB
E84D  D0 F8     BNE  A:00 X:10 Y:0B P:24 SP:FB
E847  2C 02 20  BIT  A:00 X:10 Y:0B P:24 SP:FB
E84A  30 06     BMI  A:00 X:10 Y:0B P:26 SP:FB
E84C  CA        DEX  A:00 X:10 Y:0B P:26 SP:FB
E84D  D0 F8     BNE  A:00 X:0F Y:0B P:24 SP:FB
E847  2C 02 20  BIT  A:00 X:0F Y:0B P:24 SP:FB
E84A  30 06     BMI  A:00 X:0F Y:0B P:26 SP:FB
E84C  CA        DEX  A:00 X:0F Y:0B P:26 SP:FB
E84D  D0 F8     BNE  A:00 X:0E Y:0B P:24 SP:FB
E847  2C 02 20  BIT  A:00 X:0E Y:0B P:24 SP:FB
E84A  30 06     BMI  A:00 X:0E Y:0B P:26 SP:FB
E84C  CA        DEX  A:00 X:0E Y:0B P:26 SP:FB
E84D  D0 F8     BNE  A:00 X:0D Y:0B P:24 SP:FB
E847  2C 02 20  BIT  A:00 X:0D Y:0B P:24 SP:FB
E84A  30 06     BMI  A:00 X:0D Y:0B P:26 SP:FB
E84C  CA        DEX  A:00 X:0D Y:0B P:26 SP:FB
E84D  D0 F8     BNE  A:00 X:0C Y:0B P:24 SP:FB
E847  2C 02 20  BIT  A:00 X:0C Y:0B P:24 SP:FB
E84A  30 06     BMI  A:00 X:0C Y:0B P:26 SP:FB
E84C  CA        DEX  A:00 X:0C Y:0B P:26 SP:FB
E84D  D0 F8     BNE  A:00 X:0B Y:0B P:24 SP:FB
E847  2C 02 20  BIT  A:00 X:0B Y:0B P:24 SP:FB
E84A  30 06     BMI  A:00 X:0B Y:0B P:26 SP:FB
E84C  CA        DEX  A:00 X:0B Y:0B P:26 SP:FB
E84D  D0 F8     BNE  A:00 X:0A Y:0B P:24 SP:FB
E847  2C 02 20  BIT  A:00 X:0A Y:0B P:24 SP:FB
E84A  30 06     BMI  A:00 X:0A Y:0B P:26 SP:FB
E84C  CA        DEX  A:00 X:0A Y:0B P:26 SP:FB
E84D  D0 F8     BNE  A:00 X:09 Y:0B P:24 SP:FB
E847  2C 02 20  BIT  A:00 X:09 Y:0B P:24 SP:FB
E84A  30 06     BMI  A:00 X:09 Y:0B P:26 SP:FB
E84C  CA        DEX  A:00 X:09 Y:0B P:26 SP:FB
E84D  D0 F8     BNE  A:00 X:08 Y:0B P:24 SP:FB
E847  2C 02 20  BIT  A:00 X:08 Y:0B P:24 SP:FB
E84A  30 06     BMI  A:00 X:08 Y:0B P:26 SP:FB
E84C  CA        DEX  A:00 X:08 Y:0B P:26 SP:FB
E84D  D0 F8     BNE  A:00 X:07 Y:0B P:24 SP:FB
E847  2C 02 20  BIT  A:00 X:07 Y:0B P:24 SP:FB
E84A  30 06     BMI  A:00 X:07 Y:0B P:26 SP:FB
E84C  CA        DEX  A:00 X:07 Y:0B P:26 SP:FB
E84D  D0 F8     BNE  A:00 X:06 Y:0B P:24 SP:FB
E847  2C 02 20  BIT  A:00 X:06 Y:0B P:24 SP:FB
E84A  30 06     BMI  A:00 X:06 Y:0B P:26 SP:FB
E84C  CA        DEX  A:00 X:06 Y:0B P:26 SP:FB
E84D  D0 F8     BNE  A:00 X:05 Y:0B P:24 SP:FB
E847  2C 02 20  BIT  A:00 X:05 Y:0B P:24 SP:FB
E84A  30 06     BMI  A:00 X:05 Y:0B P:26 SP:FB
E84C  CA        DEX  A:00 X:05 Y:0B P:26 SP:FB
E84D  D0 F8     BNE  A:00 X:04 Y:0B P:24 SP:FB
E847  2C 02 20  BIT  A:00 X:04 Y:0B P:24 SP:FB
E84A  30 06     BMI  A:00 X:04 Y:0B P:26 SP:FB
E84C  CA        DEX  A:00 X:04 Y:0B P:26 SP:FB
E84D  D0 F8     BNE  A:00 X:03 Y:0B P:24 SP:FB
E847  2C 02 20  BIT  A:00 X:03 Y:0B P:24 SP:FB
E84A  30 06     BMI  A:00 X:03 Y:0B P:26 SP:FB
E84C  CA        DEX  A:00 X:03 Y:0B P:26 SP:FB
E84D  D0 F8     BNE  A:00 X:02 Y:0B P:24 SP:FB
E847  2C 02 20  BIT  A:00 X:02 Y:0B P:24 SP:FB
E84A  30 06     BMI  A:00 X:02 Y:0B P:26 SP:FB
E84C  CA        DEX  A:00 X:02 Y:0B P:26 SP:FB
E84D  D0 F8     BNE  A:00 X:01 Y:0B P:24 SP:FB
E847  2C 02 20  BIT  A:00 X:01 Y:0B P:24 SP:FB
E84A  30 06     BMI  A:00 X:01 Y:0B P:26 SP:FB
E84C  CA        DEX  A:00 X:01 Y:0B P:26 SP:FB
E84D  D0 F8     BNE  A:00 X:00 Y:0B P:26 SP:FB
E84F  88        DEY  A:00 X:00 Y:0B P:26 SP:FB
E850  10 F5     BPL  A:00 X:00 Y:0A P:24 SP:FB
E847  2C 02 20  BIT  A:00 X:00 Y:0A P:24 SP:FB
E84A  30 06     BMI  A:00 X:00 Y:0A P:26 SP:FB
E84C  CA        DEX  A:00 X:00 Y:0A P:26 SP:FB
E84D  D0 F8     BNE  A:00 X:FF Y:0A P:A4 SP:FB
E847  2C 02 20  BIT  A:00 X:FF Y:0A P:A4 SP:FB
E84A  30 06     BMI  A:00 X:FF Y:0A P:26 SP:FB
E84C  CA        DEX  A:00 X:FF Y:0A P:26 SP:FB
E84D  D0 F8     BNE  A:00 X:FE Y:0A P:A4 SP:FB
E847  2C 02 20  BIT  A:00 X:FE Y:0A P:A4 SP:FB
E84A  30 06     BMI  A:00 X:FE Y:0A P:26 SP:FB
E84C  CA        DEX  A:00 X:FE Y:0A P:26 SP:FB
E84D  D0 F8     BNE  A:00 X:FD Y:0A P:A4 SP:FB
E847  2C 02 20  BIT  A:00 X:FD Y:0A P:A4 SP:FB
E84A  30 06     BMI  A:00 X:FD Y:0A P:26 SP:FB
E84C  CA        DEX  A:00 X:FD Y:0A P:26 SP:FB
E84D  D0 F8     BNE  A:00 X:FC Y:0A P:A4 SP:FB
E847  2C 02 20  BIT  A:00 X:FC Y:0A P:A4 SP:FB
E84A  30 06     BMI  A:00 X:FC Y:0A P:26 SP:FB
E84C  CA        DEX  A:00 X:FC Y:0A P:26 SP:FB
E84D  D0 F8     BNE  A:00 X:FB Y:0A P:A4 SP:FB
E847  2C 02 20  BIT  A:00 X:FB Y:0A P:A4 SP:FB
E84A  30 06     BMI  A:00 X:FB Y:0A P:26 SP:FB
E84C  CA        DEX  A:00 X:FB Y:0A P:26 SP:FB
E84D  D0 F8     BNE  A:00 X:FA Y:0A P:A4 SP:FB
E847  2C 02 20  BIT  A:00 X:FA Y:0A P:A4 SP:FB
E84A  30 06     BMI  A:00 X:FA Y:0A P:26 SP:FB
E84C  CA        DEX  A:00 X:FA Y:0A P:26 SP:FB
E84D  D0 F8     BNE  A:00 X:F9 Y:0A P:A4 SP:FB
E847  2C 02 20  BIT  A:00 X:F9 Y:0A P:A4 SP:FB
E84A  30 06     BMI  A:00 X:F9 Y:0A P:26 SP:FB
E84C  CA        DEX  A:00 X:F9 Y:0A P:26 SP:FB
E84D  D0 F8     BNE  A:00 X:F8 Y:0A P:A4 SP:FB
E847  2C 02 20  BIT  A:00 X:F8 Y:0A P:A4 SP:FB
E84A  30 06     BMI  A:00 X:F8 Y:0A P:26 SP:FB
E84C  CA        DEX  A:00 X:F8 Y:0A P:26 SP:FB
E84D  D0 F8     BNE  A:00 X:F7 Y:0A P:A4 SP:FB
E847  2C 02 20  BIT  A:00 X:F7 Y:0A P:A4 SP:FB
E84A  30 06     BMI  A:00 X:F7 Y:0A P:26 SP:FB
E84C  CA        DEX  A:00 X:F7 Y:0A P:26 SP:FB
E84D  D0 F8     BNE  A:00 X:F6 Y:0A P:A4 SP:FB
E847  2C 02 20  BIT  A:00 X:F6 Y:0A P:A4 SP:FB
E84A  30 06     BMI  A:00 X:F6 Y:0A P:26 SP:FB
E84C  CA        DEX  A:00 X:F6 Y:0A P:26 SP:FB
E84D  D0 F8     BNE  A:00 X:F5 Y:0A P:A4 SP:FB
E847  2C 02 20  BIT  A:00 X:F5 Y:0A P:A4 SP:FB
E84A  30 06     BMI  A:00 X:F5 Y:0A P:26 SP:FB
E84C  CA        DEX  A:00 X:F5 Y:0A P:26 SP:FB
E84D  D0 F8     BNE  A:00 X:F4 Y:0A P:A4 SP:FB
E847  2C 02 20  BIT  A:00 X:F4 Y:0A P:A4 SP:FB
E84A  30 06     BMI  A:00 X:F4 Y:0A P:26 SP:FB
E84C  CA        DEX  A:00 X:F4 Y:0A P:26 SP:FB
E84D  D0 F8     BNE  A:00 X:F3 Y:0A P:A4 SP:FB
E847  2C 02 20  BIT  A:00 X:F3 Y:0A P:A4 SP:FB
E84A  30 06     BMI  A:00 X:F3 Y:0A P:26 SP:FB
E84C  CA        DEX  A:00 X:F3 Y:0A P:26 SP:FB
E84D  D0 F8     BNE  A:00 X:F2 Y:0A P:A4 SP:FB
E847  2C 02 20  BIT  A:00 X:F2 Y:0A P:A4 SP:FB
E84A  30 06     BMI  A:00 X:F2 Y:0A P:26 SP:FB
E84C  CA        DEX  A:00 X:F2 Y:0A P:26 SP:FB
E84D  D0 F8     BNE  A:00 X:F1 Y:0A P:A4 SP:FB
E847  2C 02 20  BIT  A:00 X:F1 Y:0A P:A4 SP:FB
E84A  30 06     BMI  A:00 X:F1 Y:0A P:26 SP:FB
E84C  CA        DEX  A:00 X:F1 Y:0A P:26 SP:FB
E84D  D0 F8     BNE  A:00 X:F0 Y:0A P:A4 SP:FB
E847  2C 02 20  BIT  A:00 X:F0 Y:0A P:A4 SP:FB
E84A  30 06     BMI  A:00 X:F0 Y:0A P:26 SP:FB
E84C  CA        DEX  A:00 X:F0 Y:0A P:26 SP:FB
E84D  D0 F8     BNE  A:00 X:EF Y:0A P:A4 SP:FB
E847  2C 02 20  BIT  A:00 X:EF Y:0A P:A4 SP:FB
E84A  30 06     BMI  A:00 X:EF Y:0A P:26 SP:FB
E84C  CA        DEX  A:00 X:EF Y:0A P:26 SP:FB
E84D  D0 F8     BNE  A:00 X:EE Y:0A P:A4 SP:FB
E847  2C 02 20  BIT  A:00 X:EE Y:0A P:A4 SP:FB
E84A  30 06     BMI  A:00 X:EE Y:0A P:26 SP:FB
E84C  CA        DEX  A:00 X:EE Y:0A P:26 SP:FB
E84D  D0 F8     BNE  A:00 X:ED Y:0A P:A4 SP:FB
E847  2C 02 20  BIT  A:00 X:ED Y:0A P:A4 SP:FB
E84A  30 06     BMI  A:00 X:ED Y:0A P:26 SP:FB
E84C  CA        DEX  A:00 X:ED Y:0A P:26 SP:FB
E84D  D0 F8     BNE  A:00 X:EC Y:0A P:A4 SP:FB
E847  2C 02 20  BIT  A:00 X:EC Y:0A P:A4 SP:FB
E84A  30 06     BMI  A:00 X:EC Y:0A P:26 SP:FB
E84C  CA        DEX  A:00 X:EC Y:0A P:26 SP:FB
E84D  D0 F8     BNE  A:00 X:EB Y:0A P:A4 SP:FB
E847  2C 02 20  BIT  A:00 X:EB Y:0A P:A4 SP:FB
E84A  30 06     BMI  A:00 X:EB Y:0A P:26 SP:FB
E84C  CA        DEX  A:00 X:EB Y:0A P:26 SP:FB
E84D  D0 F8     BNE  A:00 X:EA Y:0A P:A4 SP:FB
E847  2C 02 20  BIT  A:00 X:EA Y:0A P:A4 SP:FB
E84A  30 06     BMI  A:00 X:EA Y:0A P:26 SP:FB
E84C  CA        DEX  A:00 X:EA Y:0A P:26 SP:FB
E84D  D0 F8     BNE  A:00 X:E9 Y:0A P:A4 SP:FB
E847  2C 02 20  BIT  A:00 X:E9 Y:0A P:A4 SP:FB
E84A  30 06     BMI  A:00 X:E9 Y:0A P:26 SP:FB
E84C  CA        DEX  A:00 X:E9 Y:0A P:26 SP:FB
E84D  D0 F8     BNE  A:00 X:E8 Y:0A P:A4 SP:FB
E847  2C 02 20  BIT  A:00 X:E8 Y:0A P:A4 SP:FB
E84A  30 06     BMI  A:00 X:E8 Y:0A P:26 SP:FB
E84C  CA        DEX  A:00 X:E8 Y:0A P:26 SP:FB
E84D  D0 F8     BNE  A:00 X:E7 Y:0A P:A4 SP:FB
E847  2C 02 20  BIT  A:00 X:E7 Y:0A P:A4 SP:FB
E84A  30 06     BMI  A:00 X:E7 Y:0A P:26 SP:FB
E84C  CA        DEX  A:00 X:E7 Y:0A P:26 SP:FB
E84D  D0 F8     BNE  A:00 X:E6 Y:0A P:A4 SP:FB
E847  2C 02 20  BIT  A:00 X:E6 Y:0A P:A4 SP:FB
E84A  30 06     BMI  A:00 X:E6 Y:0A P:26 SP:FB
E84C  CA        DEX  A:00 X:E6 Y:0A P:26 SP:FB
E84D  D0 F8     BNE  A:00 X:E5 Y:0A P:A4 SP:FB
E847  2C 02 20  BIT  A:00 X:E5 Y:0A P:A4 SP:FB
E84A  30 06     BMI  A:00 X:E5 Y:0A P:26 SP:FB
E84C  CA        DEX  A:00 X:E5 Y:0A P:26 SP:FB
E84D  D0 F8     BNE  A:00 X:E4 Y:0A P:A4 SP:FB
E847  2C 02 20  BIT  A:00 X:E4 Y:0A P:A4 SP:FB
E84A  30 06     BMI  A:00 X:E4 Y:0A P:26 SP:FB
E84C  CA        DEX  A:00 X:E4 Y:0A P:26 SP:FB
E84D  D0 F8     BNE  A:00 X:E3 Y:0A P:A4 SP:FB
E847  2C 02 20  BIT  A:00 X:E3 Y:0A P:A4 SP:FB
E84A  30 06     BMI  A:00 X:E3 Y:0A P:26 SP:FB
E84C  CA        DEX  A:00 X:E3 Y:0A P:26 SP:FB
E84D  D0 F8     BNE  A:00 X:E2 Y:0A P:A4 SP:FB
E847  2C 02 20  BIT  A:00 X:E2 Y:0A P:A4 SP:FB
E84A  30 06     BMI  A:00 X:E2 Y:0A P:26 SP:FB
E84C  CA        DEX  A:00 X:E2 Y:0A P:26 SP:FB
E84D  D0 F8     BNE  A:00 X:E1 Y:0A P:A4 SP:FB
E847  2C 02 20  BIT  A:00 X:E1 Y:0A P:A4 SP:FB
E84A  30 06     BMI  A:00 X:E1 Y:0A P:26 SP:FB
E84C  CA        DEX  A:00 X:E1 Y:0A P:26 SP:FB
E84D  D0 F8     BNE  A:00 X:E0 Y:0A P:A4 SP:FB
E847  2C 02 20  BIT  A:00 X:E0 Y:0A P:A4 SP:FB
E84A  30 06     BMI  A:00 X:E0 Y:0A P:26 SP:FB
E84C  CA        DEX  A:00 X:E0 Y:0A P:26 SP:FB
E84D  D0 F8     BNE  A:00 X:DF Y:0A P:A4 SP:FB
E847  2C 02 20  BIT  A:00 X:DF Y:0A P:A4 SP:FB
E84A  30 06     BMI  A:00 X:DF Y:0A P:26 SP:FB
E84C  CA        DEX  A:00 X:DF Y:0A P:26 SP:FB
E84D  D0 F8     BNE  A:00 X:DE Y:0A P:A4 SP:FB
E847  2C 02 20  BIT  A:00 X:DE Y:0A P:A4 SP:FB
E84A  30 06     BMI  A:00 X:DE Y:0A P:26 SP:FB
E84C  CA        DEX  A:00 X:DE Y:0A P:26 SP:FB
E84D  D0 F8     BNE  A:00 X:DD Y:0A P:A4 SP:FB
E847  2C 02 20  BIT  A:00 X:DD Y:0A P:A4 SP:FB
E84A  30 06     BMI  A:00 X:DD Y:0A P:26 SP:FB
E84C  CA        DEX  A:00 X:DD Y:0A P:26 SP:FB
E84D  D0 F8     BNE  A:00 X:DC Y:0A P:A4 SP:FB
E847  2C 02 20  BIT  A:00 X:DC Y:0A P:A4 SP:FB
E84A  30 06     BMI  A:00 X:DC Y:0A P:26 SP:FB
E84C  CA        DEX  A:00 X:DC Y:0A P:26 SP:FB
E84D  D0 F8     BNE  A:00 X:DB Y:0A P:A4 SP:FB
E847  2C 02 20  BIT  A:00 X:DB Y:0A P:A4 SP:FB
E84A  30 06     BMI  A:00 X:DB Y:0A P:26 SP:FB
E84C  CA        DEX  A:00 X:DB Y:0A P:26 SP:FB
E84D  D0 F8     BNE  A:00 X:DA Y:0A P:A4 SP:FB
E847  2C 02 20  BIT  A:00 X:DA Y:0A P:A4 SP:FB
E84A  30 06     BMI  A:00 X:DA Y:0A P:26 SP:FB
E84C  CA        DEX  A:00 X:DA Y:0A P:26 SP:FB
E84D  D0 F8     BNE  A:00 X:D9 Y:0A P:A4 SP:FB
E847  2C 02 20  BIT  A:00 X:D9 Y:0A P:A4 SP:FB
E84A  30 06     BMI  A:00 X:D9 Y:0A P:26 SP:FB
E84C  CA        DEX  A:00 X:D9 Y:0A P:26 SP:FB
E84D  D0 F8     BNE  A:00 X:D8 Y:0A P:A4 SP:FB
E847  2C 02 20  BIT  A:00 X:D8 Y:0A P:A4 SP:FB
E84A  30 06     BMI  A:00 X:D8 Y:0A P:26 SP:FB
E84C  CA        DEX  A:00 X:D8 Y:0A P:26 SP:FB
E84D  D0 F8     BNE  A:00 X:D7 Y:0A P:A4 SP:FB
E847  2C 02 20  BIT  A:00 X:D7 Y:0A P:A4 SP:FB
E84A  30 06     BMI  A:00 X:D7 Y:0A P:26 SP:FB
E84C  CA        DEX  A:00 X:D7 Y:0A P:26 SP:FB
E84D  D0 F8     BNE  A:00 X:D6 Y:0A P:A4 SP:FB
E847  2C 02 20  BIT  A:00 X:D6 Y:0A P:A4 SP:FB
E84A  30 06     BMI  A:00 X:D6 Y:0A P:26 SP:FB
E84C  CA        DEX  A:00 X:D6 Y:0A P:26 SP:FB
E84D  D0 F8     BNE  A:00 X:D5 Y:0A P:A4 SP:FB
E847  2C 02 20  BIT  A:00 X:D5 Y:0A P:A4 SP:FB
E84A  30 06     BMI  A:00 X:D5 Y:0A P:26 SP:FB
E84C  CA        DEX  A:00 X:D5 Y:0A P:26 SP:FB
E84D  D0 F8     BNE  A:00 X:D4 Y:0A P:A4 SP:FB
E847  2C 02 20  BIT  A:00 X:D4 Y:0A P:A4 SP:FB
E84A  30 06     BMI  A:00 X:D4 Y:0A P:26 SP:FB
E84C  CA        DEX  A:00 X:D4 Y:0A P:26 SP:FB
E84D  D0 F8     BNE  A:00 X:D3 Y:0A P:A4 SP:FB
E847  2C 02 20  BIT  A:00 X:D3 Y:0A P:A4 SP:FB
E84A  30 06     BMI  A:00 X:D3 Y:0A P:26 SP:FB
E84C  CA        DEX  A:00 X:D3 Y:0A P:26 SP:FB
E84D  D0 F8     BNE  A:00 X:D2 Y:0A P:A4 SP:FB
E847  2C 02 20  BIT  A:00 X:D2 Y:0A P:A4 SP:FB
E84A  30 06     BMI  A:00 X:D2 Y:0A P:26 SP:FB
E84C  CA        DEX  A:00 X:D2 Y:0A P:26 SP:FB
E84D  D0 F8     BNE  A:00 X:D1 Y:0A P:A4 SP:FB
E847  2C 02 20  BIT  A:00 X:D1 Y:0A P:A4 SP:FB
E84A  30 06     BMI  A:00 X:D1 Y:0A P:26 SP:FB
E84C  CA        DEX  A:00 X:D1 Y:0A P:26 SP:FB
E84D  D0 F8     BNE  A:00 X:D0 Y:0A P:A4 SP:FB
E847  2C 02 20  BIT  A:00 X:D0 Y:0A P:A4 SP:FB
E84A  30 06     BMI  A:00 X:D0 Y:0A P:26 SP:FB
E84C  CA        DEX  A:00 X:D0 Y:0A P:26 SP:FB
E84D  D0 F8     BNE  A:00 X:CF Y:0A P:A4 SP:FB
E847  2C 02 20  BIT  A:00 X:CF Y:0A P:A4 SP:FB
E84A  30 06     BMI  A:00 X:CF Y:0A P:26 SP:FB
E84C  CA        DEX  A:00 X:CF Y:0A P:26 SP:FB
E84D  D0 F8     BNE  A:00 X:CE Y:0A P:A4 SP:FB
E847  2C 02 20  BIT  A:00 X:CE Y:0A P:A4 SP:FB
E84A  30 06     BMI  A:00 X:CE Y:0A P:26 SP:FB
E84C  CA        DEX  A:00 X:CE Y:0A P:26 SP:FB
E84D  D0 F8     BNE  A:00 X:CD Y:0A P:A4 SP:FB
E847  2C 02 20  BIT  A:00 X:CD Y:0A P:A4 SP:FB
E84A  30 06     BMI  A:00 X:CD Y:0A P:26 SP:FB
E84C  CA        DEX  A:00 X:CD Y:0A P:26 SP:FB
E84D  D0 F8     BNE  A:00 X:CC Y:0A P:A4 SP:FB
E847  2C 02 20  BIT  A:00 X:CC Y:0A P:A4 SP:FB
E84A  30 06     BMI  A:00 X:CC Y:0A P:26 SP:FB
E84C  CA        DEX  A:00 X:CC Y:0A P:26 SP:FB
E84D  D0 F8     BNE  A:00 X:CB Y:0A P:A4 SP:FB
E847  2C 02 20  BIT  A:00 X:CB Y:0A P:A4 SP:FB
E84A  30 06     BMI  A:00 X:CB Y:0A P:26 SP:FB
E84C  CA        DEX  A:00 X:CB Y:0A P:26 SP:FB
E84D  D0 F8     BNE  A:00 X:CA Y:0A P:A4 SP:FB
E847  2C 02 20  BIT  A:00 X:CA Y:0A P:A4 SP:FB
E84A  30 06     BMI  A:00 X:CA Y:0A P:26 SP:FB
E84C  CA        DEX  A:00 X:CA Y:0A P:26 SP:FB
E84D  D0 F8     BNE  A:00 X:C9 Y:0A P:A4 SP:FB
E847  2C 02 20  BIT  A:00 X:C9 Y:0A P:A4 SP:FB
E84A  30 06     BMI  A:00 X:C9 Y:0A P:26 SP:FB
E84C  CA        DEX  A:00 X:C9 Y:0A P:26 SP:FB
E84D  D0 F8     BNE  A:00 X:C8 Y:0A P:A4 SP:FB
E847  2C 02 20  BIT  A:00 X:C8 Y:0A P:A4 SP:FB
E84A  30 06     BMI  A:00 X:C8 Y:0A P:26 SP:FB
E84C  CA        DEX  A:00 X:C8 Y:0A P:26 SP:FB
E84D  D0 F8     BNE  A:00 X:C7 Y:0A P:A4 SP:FB
E847  2C 02 20  BIT  A:00 X:C7 Y:0A P:A4 SP:FB
E84A  30 06     BMI  A:00 X:C7 Y:0A P:26 SP:FB
E84C  CA        DEX  A:00 X:C7 Y:0A P:26 SP:FB
E84D  D0 F8     BNE  A:00 X:C6 Y:0A P:A4 SP:FB
E847  2C 02 20  BIT  A:00 X:C6 Y:0A P:A4 SP:FB
E84A  30 06     BMI  A:00 X:C6 Y:0A P:26 SP:FB
E84C  CA        DEX  A:00 X:C6 Y:0A P:26 SP:FB
E84D  D0 F8     BNE  A:00 X:C5 Y:0A P:A4 SP:FB
E847  2C 02 20  BIT  A:00 X:C5 Y:0A P:A4 SP:FB
E84A  30 06     BMI  A:00 X:C5 Y:0A P:26 SP:FB
E84C  CA        DEX  A:00 X:C5 Y:0A P:26 SP:FB
E84D  D0 F8     BNE  A:00 X:C4 Y:0A P:A4 SP:FB
E847  2C 02 20  BIT  A:00 X:C4 Y:0A P:A4 SP:FB
E84A  30 06     BMI  A:00 X:C4 Y:0A P:26 SP:FB
E84C  CA        DEX  A:00 X:C4 Y:0A P:26 SP:FB
E84D  D0 F8     BNE  A:00 X:C3 Y:0A P:A4 SP:FB
E847  2C 02 20  BIT  A:00 X:C3 Y:0A P:A4 SP:FB
E84A  30 06     BMI  A:00 X:C3 Y:0A P:26 SP:FB
E84C  CA        DEX  A:00 X:C3 Y:0A P:26 SP:FB
E84D  D0 F8     BNE  A:00 X:C2 Y:0A P:A4 SP:FB
E847  2C 02 20  BIT  A:00 X:C2 Y:0A P:A4 SP:FB
E84A  30 06     BMI  A:00 X:C2 Y:0A P:26 SP:FB
E84C  CA        DEX  A:00 X:C2 Y:0A P:26 SP:FB
E84D  D0 F8     BNE  A:00 X:C1 Y:0A P:A4 SP:FB
E847  2C 02 20  BIT  A:00 X:C1 Y:0A P:A4 SP:FB
E84A  30 06     BMI  A:00 X:C1 Y:0A P:26 SP:FB
E84C  CA        DEX  A:00 X:C1 Y:0A P:26 SP:FB
E84D  D0 F8     BNE  A:00 X:C0 Y:0A P:A4 SP:FB
E847  2C 02 20  BIT  A:00 X:C0 Y:0A P:A4 SP:FB
E84A  30 06     BMI  A:00 X:C0 Y:0A P:26 SP:FB
E84C  CA        DEX  A:00 X:C0 Y:0A P:26 SP:FB
E84D  D0 F8     BNE  A:00 X:BF Y:0A P:A4 SP:FB
E847  2C 02 20  BIT  A:00 X:BF Y:0A P:A4 SP:FB
E84A  30 06     BMI  A:00 X:BF Y:0A P:26 SP:FB
E84C  CA        DEX  A:00 X:BF Y:0A P:26 SP:FB
E84D  D0 F8     BNE  A:00 X:BE Y:0A P:A4 SP:FB
E847  2C 02 20  BIT  A:00 X:BE Y:0A P:A4 SP:FB
E84A  30 06     BMI  A:00 X:BE Y:0A P:26 SP:FB
E84C  CA        DEX  A:00 X:BE Y:0A P:26 SP:FB
E84D  D0 F8     BNE  A:00 X:BD Y:0A P:A4 SP:FB
E847  2C 02 20  BIT  A:00 X:BD Y:0A P:A4 SP:FB
E84A  30 06     BMI  A:00 X:BD Y:0A P:26 SP:FB
E84C  CA        DEX  A:00 X:BD Y:0A P:26 SP:FB
E84D  D0 F8     BNE  A:00 X:BC Y:0A P:A4 SP:FB
E847  2C 02 20  BIT  A:00 X:BC Y:0A P:A4 SP:FB
E84A  30 06     BMI  A:00 X:BC Y:0A P:26 SP:FB
E84C  CA        DEX  A:00 X:BC Y:0A P:26 SP:FB
E84D  D0 F8     BNE  A:00 X:BB Y:0A P:A4 SP:FB
E847  2C 02 20  BIT  A:00 X:BB Y:0A P:A4 SP:FB
E84A  30 06     BMI  A:00 X:BB Y:0A P:26 SP:FB
E84C  CA        DEX  A:00 X:BB Y:0A P:26 SP:FB
E84D  D0 F8     BNE  A:00 X:BA Y:0A P:A4 SP:FB
E847  2C 02 20  BIT  A:00 X:BA Y:0A P:A4 SP:FB
E84A  30 06     BMI  A:00 X:BA Y:0A P:26 SP:FB
E84C  CA        DEX  A:00 X:BA Y:0A P:26 SP:FB
E84D  D0 F8     BNE  A:00 X:B9 Y:0A P:A4 SP:FB
E847  2C 02 20  BIT  A:00 X:B9 Y:0A P:A4 SP:FB
E84A  30 06     BMI  A:00 X:B9 Y:0A P:26 SP:FB
E84C  CA        DEX  A:00 X:B9 Y:0A P:26 SP:FB
E84D  D0 F8     BNE  A:00 X:B8 Y:0A P:A4 SP:FB
E847  2C 02 20  BIT  A:00 X:B8 Y:0A P:A4 SP:FB
E84A  30 06     BMI  A:00 X:B8 Y:0A P:26 SP:FB
E84C  CA        DEX  A:00 X:B8 Y:0A P:26 SP:FB
E84D  D0 F8     BNE  A:00 X:B7 Y:0A P:A4 SP:FB
E847  2C 02 20  BIT  A:00 X:B7 Y:0A P:A4 SP:FB
E84A  30 06     BMI  A:00 X:B7 Y:0A P:26 SP:FB
E84C  CA        DEX  A:00 X:B7 Y:0A P:26 SP:FB
E84D  D0 F8     BNE  A:00 X:B6 Y:0A P:A4 SP:FB
E847  2C 02 20  BIT  A:00 X:B6 Y:0A P:A4 SP:FB
E84A  30 06     BMI  A:00 X:B6 Y:0A P:26 SP:FB
E84C  CA        DEX  A:00 X:B6 Y:0A P:26 SP:FB
E84D  D0 F8     BNE  A:00 X:B5 Y:0A P:A4 SP:FB
E847  2C 02 20  BIT  A:00 X:B5 Y:0A P:A4 SP:FB
E84A  30 06     BMI  A:00 X:B5 Y:0A P:26 SP:FB
E84C  CA        DEX  A:00 X:B5 Y:0A P:26 SP:FB
E84D  D0 F8     BNE  A:00 X:B4 Y:0A P:A4 SP:FB
E847  2C 02 20  BIT  A:00 X:B4 Y:0A P:A4 SP:FB
E84A  30 06     BMI  A:00 X:B4 Y:0A P:26 SP:FB
E84C  CA        DEX  A:00 X:B4 Y:0A P:26 SP:FB
E84D  D0 F8     BNE  A:00 X:B3 Y:0A P:A4 SP:FB
E847  2C 02 20  BIT  A:00 X:B3 Y:0A P:A4 SP:FB
E84A  30 06     BMI  A:00 X:B3 Y:0A P:26 SP:FB
E84C  CA        DEX  A:00 X:B3 Y:0A P:26 SP:FB
E84D  D0 F8     BNE  A:00 X:B2 Y:0A P:A4 SP:FB
E847  2C 02 20  BIT  A:00 X:B2 Y:0A P:A4 SP:FB
E84A  30 06     BMI  A:00 X:B2 Y:0A P:26 SP:FB
E84C  CA        DEX  A:00 X:B2 Y:0A P:26 SP:FB
E84D  D0 F8     BNE  A:00 X:B1 Y:0A P:A4 SP:FB
E847  2C 02 20  BIT  A:00 X:B1 Y:0A P:A4 SP:FB
E84A  30 06     BMI  A:00 X:B1 Y:0A P:26 SP:FB
E84C  CA        DEX  A:00 X:B1 Y:0A P:26 SP:FB
E84D  D0 F8     BNE  A:00 X:B0 Y:0A P:A4 SP:FB
E847  2C 02 20  BIT  A:00 X:B0 Y:0A P:A4 SP:FB
E84A  30 06     BMI  A:00 X:B0 Y:0A P:26 SP:FB
E84C  CA        DEX  A:00 X:B0 Y:0A P:26 SP:FB
E84D  D0 F8     BNE  A:00 X:AF Y:0A P:A4 SP:FB
E847  2C 02 20  BIT  A:00 X:AF Y:0A P:A4 SP:FB
E84A  30 06     BMI  A:00 X:AF Y:0A P:26 SP:FB
E84C  CA        DEX  A:00 X:AF Y:0A P:26 SP:FB
E84D  D0 F8     BNE  A:00 X:AE Y:0A P:A4 SP:FB
E847  2C 02 20  BIT  A:00 X:AE Y:0A P:A4 SP:FB
E84A  30 06     BMI  A:00 X:AE Y:0A P:26 SP:FB
E84C  CA        DEX  A:00 X:AE Y:0A P:26 SP:FB
E84D  D0 F8     BNE  A:00 X:AD Y:0A P:A4 SP:FB
E847  2C 02 20  BIT  A:00 X:AD Y:0A P:A4 SP:FB
E84A  30 06     BMI  A:00 X:AD Y:0A P:26 SP:FB
E84C  CA        DEX  A:00 X:AD Y:0A P:26 SP:FB
E84D  D0 F8     BNE  A:00 X:AC Y:0A P:A4 SP:FB
E847  2C 02 20  BIT  A:00 X:AC Y:0A P:A4 SP:FB
E84A  30 06     BMI  A:00 X:AC Y:0A P:26 SP:FB
E84C  CA        DEX  A:00 X:AC Y:0A P:26 SP:FB
E84D  D0 F8     BNE  A:00 X:AB Y:0A P:A4 SP:FB
E847  2C 02 20  BIT  A:00 X:AB Y:0A P:A4 SP:FB
E84A  30 06     BMI  A:00 X:AB Y:0A P:26 SP:FB
E84C  CA        DEX  A:00 X:AB Y:0A P:26 SP:FB
E84D  D0 F8     BNE  A:00 X:AA Y:0A P:A4 SP:FB
E847  2C 02 20  BIT  A:00 X:AA Y:0A P:A4 SP:FB
E84A  30 06     BMI  A:00 X:AA Y:0A P:26 SP:FB
E84C  CA        DEX  A:00 X:AA Y:0A P:26 SP:FB
E84D  D0 F8     BNE  A:00 X:A9 Y:0A P:A4 SP:FB
E847  2C 02 20  BIT  A:00 X:A9 Y:0A P:A4 SP:FB
E84A  30 06     BMI  A:00 X:A9 Y:0A P:26 SP:FB
E84C  CA        DEX  A:00 X:A9 Y:0A P:26 SP:FB
E84D  D0 F8     BNE  A:00 X:A8 Y:0A P:A4 SP:FB
E847  2C 02 20  BIT  A:00 X:A8 Y:0A P:A4 SP:FB
E84A  30 06     BMI  A:00 X:A8 Y:0A P:26 SP:FB
E84C  CA        DEX  A:00 X:A8 Y:0A P:26 SP:FB
E84D  D0 F8     BNE  A:00 X:A7 Y:0A P:A4 SP:FB
E847  2C 02 20  BIT  A:00 X:A7 Y:0A P:A4 SP:FB
E84A  30 06     BMI  A:00 X:A7 Y:0A P:26 SP:FB
E84C  CA        DEX  A:00 X:A7 Y:0A P:26 SP:FB
E84D  D0 F8     BNE  A:00 X:A6 Y:0A P:A4 SP:FB
E847  2C 02 20  BIT  A:00 X:A6 Y:0A P:A4 SP:FB
E84A  30 06     BMI  A:00 X:A6 Y:0A P:26 SP:FB
E84C  CA        DEX  A:00 X:A6 Y:0A P:26 SP:FB
E84D  D0 F8     BNE  A:00 X:A5 Y:0A P:A4 SP:FB
E847  2C 02 20  BIT  A:00 X:A5 Y:0A P:A4 SP:FB
E84A  30 06     BMI  A:00 X:A5 Y:0A P:26 SP:FB
E84C  CA        DEX  A:00 X:A5 Y:0A P:26 SP:FB
E84D  D0 F8     BNE  A:00 X:A4 Y:0A P:A4 SP:FB
E847  2C 02 20  BIT  A:00 X:A4 Y:0A P:A4 SP:FB
E84A  30 06     BMI  A:00 X:A4 Y:0A P:26 SP:FB
E84C  CA        DEX  A:00 X:A4 Y:0A P:26 SP:FB
E84D  D0 F8     BNE  A:00 X:A3 Y:0A P:A4 SP:FB
E847  2C 02 20  BIT  A:00 X:A3 Y:0A P:A4 SP:FB
E84A  30 06     BMI  A:00 X:A3 Y:0A P:26 SP:FB
E84C  CA        DEX  A:00 X:A3 Y:0A P:26 SP:FB
E84D  D0 F8     BNE  A:00 X:A2 Y:0A P:A4 SP:FB
E847  2C 02 20  BIT  A:00 X:A2 Y:0A P:A4 SP:FB
E84A  30 06     BMI  A:00 X:A2 Y:0A P:26 SP:FB
E84C  CA        DEX  A:00 X:A2 Y:0A P:26 SP:FB
E84D  D0 F8     BNE  A:00 X:A1 Y:0A P:A4 SP:FB
E847  2C 02 20  BIT  A:00 X:A1 Y:0A P:A4 SP:FB
E84A  30 06     BMI  A:00 X:A1 Y:0A P:26 SP:FB
E84C  CA        DEX  A:00 X:A1 Y:0A P:26 SP:FB
E84D  D0 F8     BNE  A:00 X:A0 Y:0A P:A4 SP:FB
E847  2C 02 20  BIT  A:00 X:A0 Y:0A P:A4 SP:FB
E84A  30 06     BMI  A:00 X:A0 Y:0A P:26 SP:FB
E84C  CA        DEX  A:00 X:A0 Y:0A P:26 SP:FB
E84D  D0 F8     BNE  A:00 X:9F Y:0A P:A4 SP:FB
E847  2C 02 20  BIT  A:00 X:9F Y:0A P:A4 SP:FB
E84A  30 06     BMI  A:00 X:9F Y:0A P:26 SP:FB
E84C  CA        DEX  A:00 X:9F Y:0A P:26 SP:FB
E84D  D0 F8     BNE  A:00 X:9E Y:0A P:A4 SP:FB
E847  2C 02 20  BIT  A:00 X:9E Y:0A P:A4 SP:FB
E84A  30 06     BMI  A:00 X:9E Y:0A P:26 SP:FB
E84C  CA        DEX  A:00 X:9E Y:0A P:26 SP:FB
E84D  D0 F8     BNE  A:00 X:9D Y:0A P:A4 SP:FB
E847  2C 02 20  BIT  A:00 X:9D Y:0A P:A4 SP:FB
E84A  30 06     BMI  A:00 X:9D Y:0A P:26 SP:FB
E84C  CA        DEX  A:00 X:9D Y:0A P:26 SP:FB
E84D  D0 F8     BNE  A:00 X:9C Y:0A P:A4 SP:FB
E847  2C 02 20  BIT  A:00 X:9C Y:0A P:A4 SP:FB
E84A  30 06     BMI  A:00 X:9C Y:0A P:26 SP:FB
E84C  CA        DEX  A:00 X:9C Y:0A P:26 SP:FB
E84D  D0 F8     BNE  A:00 X:9B Y:0A P:A4 SP:FB
E847  2C 02 20  BIT  A:00 X:9B Y:0A P:A4 SP:FB
E84A  30 06     BMI  A:00 X:9B Y:0A P:26 SP:FB
E84C  CA        DEX  A:00 X:9B Y:0A P:26 SP:FB
E84D  D0 F8     BNE  A:00 X:9A Y:0A P:A4 SP:FB
E847  2C 02 20  BIT  A:00 X:9A Y:0A P:A4 SP:FB
E84A  30 06     BMI  A:00 X:9A Y:0A P:26 SP:FB
E84C  CA        DEX  A:00 X:9A Y:0A P:26 SP:FB
E84D  D0 F8     BNE  A:00 X:99 Y:0A P:A4 SP:FB
E847  2C 02 20  BIT  A:00 X:99 Y:0A P:A4 SP:FB
E84A  30 06     BMI  A:00 X:99 Y:0A P:26 SP:FB
E84C  CA        DEX  A:00 X:99 Y:0A P:26 SP:FB
E84D  D0 F8     BNE  A:00 X:98 Y:0A P:A4 SP:FB
E847  2C 02 20  BIT  A:00 X:98 Y:0A P:A4 SP:FB
E84A  30 06     BMI  A:00 X:98 Y:0A P:26 SP:FB
E84C  CA        DEX  A:00 X:98 Y:0A P:26 SP:FB
E84D  D0 F8     BNE  A:00 X:97 Y:0A P:A4 SP:FB
E847  2C 02 20  BIT  A:00 X:97 Y:0A P:A4 SP:FB
E84A  30 06     BMI  A:00 X:97 Y:0A P:26 SP:FB
E84C  CA        DEX  A:00 X:97 Y:0A P:26 SP:FB
E84D  D0 F8     BNE  A:00 X:96 Y:0A P:A4 SP:FB
E847  2C 02 20  BIT  A:00 X:96 Y:0A P:A4 SP:FB
E84A  30 06     BMI  A:00 X:96 Y:0A P:26 SP:FB
E84C  CA        DEX  A:00 X:96 Y:0A P:26 SP:FB
E84D  D0 F8     BNE  A:00 X:95 Y:0A P:A4 SP:FB
E847  2C 02 20  BIT  A:00 X:95 Y:0A P:A4 SP:FB
E84A  30 06     BMI  A:00 X:95 Y:0A P:A6 SP:FB
E852  98        TYA  A:00 X:95 Y:0A P:A6 SP:FB
E853  0D 02 20  ORA  A:0A X:95 Y:0A P:24 SP:FB
E856  8D 00 02  STA  A:0A X:95 Y:0A P:24 SP:FB
E859  60        RTS  A:0A X:95 Y:0A P:24 SP:FB
E6A8  20 60 E8  JSR  A:0A X:95 Y:0A P:24 SP:FD
E860  2C 00 02  BIT  A:0A X:95 Y:0A P:24 SP:FB
E863  30 08     BMI  A:0A X:95 Y:0A P:24 SP:FB
E865  2C 02 20  BIT  A:0A X:95 Y:0A P:24 SP:FB
E868  2C 02 20  BIT  A:0A X:95 Y:0A P:26 SP:FB
E86B  10 FB     BPL  A:0A X:95 Y:0A P:26 SP:FB
E868  2C 02 20  BIT  A:0A X:95 Y:0A P:26 SP:FB
E86B  10 FB     BPL  A:0A X:95 Y:0A P:26 SP:FB
E868  2C 02 20  BIT  A:0A X:95 Y:0A P:26 SP:FB
E86B  10 FB     BPL  A:0A X:95 Y:0A P:26 SP:FB
E868  2C 02 20  BIT  A:0A X:95 Y:0A P:26 SP:FB
E86B  10 FB     BPL  A:0A X:95 Y:0A P:26 SP:FB
E868  2C 02 20  BIT  A:0A X:95 Y:0A P:26 SP:FB
E86B  10 FB     BPL  A:0A X:95 Y:0A P:26 SP:FB
E868  2C 02 20  BIT  A:0A X:95 Y:0A P:26 SP:FB
E86B  10 FB     BPL  A:0A X:95 Y:0A P:26 SP:FB
E868  2C 02 20  BIT  A:0A X:95 Y:0A P:26 SP:FB
E86B  10 FB     BPL  A:0A X:95 Y:0A P:26 SP:FB
E868  2C 02 20  BIT  A:0A X:95 Y:0A P:26 SP:FB
E86B  10 FB     BPL  A:0A X:95 Y:0A P:26 SP:FB
E868  2C 02 20  BIT  A:0A X:95 Y:0A P:26 SP:FB
E86B  10 FB     BPL  A:0A X:95 Y:0A P:26 SP:FB
E868  2C 02 20  BIT  A:0A X:95 Y:0A P:26 SP:FB
E86B  10 FB     BPL  A:0A X:95 Y:0A P:26 SP:FB
E868  2C 02 20  BIT  A:0A X:95 Y:0A P:26 SP:FB
E86B  10 FB     BPL  A:0A X:95 Y:0A P:26 SP:FB
E868  2C 02 20  BIT  A:0A X:95 Y:0A P:26 SP:FB
E86B  10 FB     BPL  A:0A X:95 Y:0A P:26 SP:FB
E868  2C 02 20  BIT  A:0A X:95 Y:0A P:26 SP:FB
E86B  10 FB     BPL  A:0A X:95 Y:0A P:26 SP:FB
E868  2C 02 20  BIT  A:0A X:95 Y:0A P:26 SP:FB
E86B  10 FB     BPL  A:0A X:95 Y:0A P:26 SP:FB
E868  2C 02 20  BIT  A:0A X:95 Y:0A P:26 SP:FB
E86B  10 FB     BPL  A:0A X:95 Y:0A P:26 SP:FB
E868  2C 02 20  BIT  A:0A X:95 Y:0A P:26 SP:FB
E86B  10 FB     BPL  A:0A X:95 Y:0A P:26 SP:FB
E868  2C 02 20  BIT  A:0A X:95 Y:0A P:26 SP:FB
E86B  10 FB     BPL  A:0A X:95 Y:0A P:26 SP:FB
E868  2C 02 20  BIT  A:0A X:95 Y:0A P:26 SP:FB
E86B  10 FB     BPL  A:0A X:95 Y:0A P:26 SP:FB
E868  2C 02 20  BIT  A:0A X:95 Y:0A P:26 SP:FB
E86B  10 FB     BPL  A:0A X:95 Y:0A P:26 SP:FB
E868  2C 02 20  BIT  A:0A X:95 Y:0A P:26 SP:FB
E86B  10 FB     BPL  A:0A X:95 Y:0A P:26 SP:FB
E868  2C 02 20  BIT  A:0A X:95 Y:0A P:26 SP:FB
E86B  10 FB     BPL  A:0A X:95 Y:0A P:26 SP:FB
E868  2C 02 20  BIT  A:0A X:95 Y:0A P:26 SP:FB
E86B  10 FB     BPL  A:0A X:95 Y:0A P:26 SP:FB
